c[?7l[2J[0mSeaBIOS (version rel-1.16.0-0-gd239552ce722-prebuilt.qemu.org)


iPXE (http://ipxe.org) 00:03.0 CA00 PCI2.10 PnP PMM+7FF91000+7FEF1000 CA00
Press Ctrl-B to configure iPXE (PCI 00:03.0)...                                                                               


Booting from ROM..c[?7l[2J[0m.[    0.000000] Linux version 5.11.0-f40ddce88593 (root@p-rpls01.sh.intel.com) (gcc (GCC) 11.4.1 20231218 (Red Hat 11.4.1-3), GNU ld version 2.35.2-42.el9) #1 SMP Wed Jan 31 18:47:17 CST 2024
[    0.000000] Command line: console=ttyS0 root=/dev/sda earlyprintk=serial net.ifnames=0 plymouth.enable=0
[    0.000000] KERNEL supported cpus:
[    0.000000]   Intel GenuineIntel
[    0.000000]   AMD AuthenticAMD
[    0.000000]   Hygon HygonGenuine
[    0.000000]   Centaur CentaurHauls
[    0.000000]   zhaoxin   Shanghai  
[    0.000000] x86/fpu: Supporting XSAVE feature 0x001: 'x87 floating point registers'
[    0.000000] x86/fpu: Supporting XSAVE feature 0x002: 'SSE registers'
[    0.000000] x86/fpu: Supporting XSAVE feature 0x004: 'AVX registers'
[    0.000000] x86/fpu: Supporting XSAVE feature 0x200: 'Protection Keys User registers'
[    0.000000] x86/fpu: xstate_offset[2]:  576, xstate_sizes[2]:  256
[    0.000000] x86/fpu: xstate_offset[9]:  832, xstate_sizes[9]:    8
[    0.000000] x86/fpu: Enabled xstate features 0x207, context size is 840 bytes, using 'compacted' format.
[    0.000000] BIOS-provided physical RAM map:
[    0.000000] BIOS-e820: [mem 0x0000000000000000-0x000000000009fbff] usable
[    0.000000] BIOS-e820: [mem 0x000000000009fc00-0x000000000009ffff] reserved
[    0.000000] BIOS-e820: [mem 0x00000000000f0000-0x00000000000fffff] reserved
[    0.000000] BIOS-e820: [mem 0x0000000000100000-0x000000007ffdffff] usable
[    0.000000] BIOS-e820: [mem 0x000000007ffe0000-0x000000007fffffff] reserved
[    0.000000] BIOS-e820: [mem 0x00000000feffc000-0x00000000feffffff] reserved
[    0.000000] BIOS-e820: [mem 0x00000000fffc0000-0x00000000ffffffff] reserved
[    0.000000] printk: bootconsole [earlyser0] enabled
[    0.000000] NX (Execute Disable) protection: active
[    0.000000] SMBIOS 2.8 present.
[    0.000000] DMI: QEMU Standard PC (i440FX + PIIX, 1996), BIOS rel-1.16.0-0-gd239552ce722-prebuilt.qemu.org 04/01/2014
[    0.000000] Hypervisor detected: KVM
[    0.000000] kvm-clock: Using msrs 4b564d01 and 4b564d00
[    0.000000] kvm-clock: cpu 0, msr 8c01001, primary cpu clock
[    0.000000] kvm-clock: using sched offset of 662717813 cycles
[    0.000635] clocksource: kvm-clock: mask: 0xffffffffffffffff max_cycles: 0x1cd42e4dffb, max_idle_ns: 881590591483 ns
[    0.002408] tsc: Detected 806.400 MHz processor
[    0.008847] last_pfn = 0x7ffe0 max_arch_pfn = 0x400000000
[    0.009672] x86/PAT: Configuration [0-7]: WB  WC  UC- UC  WB  WP  UC- WT  
[    0.019095] found SMP MP-table at [mem 0x000f5ba0-0x000f5baf]
[    0.020722] check: Scanning 1 areas for low memory corruption
[    0.021425] Using GB pages for direct mapping
[    0.023220] ACPI: Early table checksum verification disabled
[    0.023866] ACPI: RSDP 0x00000000000F59C0 000014 (v00 BOCHS )
[    0.024517] ACPI: RSDT 0x000000007FFE1951 000034 (v01 BOCHS  BXPC     00000001 BXPC 00000001)
[    0.025469] ACPI: FACP 0x000000007FFE17FD 000074 (v01 BOCHS  BXPC     00000001 BXPC 00000001)
[    0.026432] ACPI: DSDT 0x000000007FFE0040 0017BD (v01 BOCHS  BXPC     00000001 BXPC 00000001)
[    0.027378] ACPI: FACS 0x000000007FFE0000 000040
[    0.027903] ACPI: APIC 0x000000007FFE1871 000080 (v01 BOCHS  BXPC     00000001 BXPC 00000001)
[    0.028847] ACPI: HPET 0x000000007FFE18F1 000038 (v01 BOCHS  BXPC     00000001 BXPC 00000001)
[    0.029797] ACPI: WAET 0x000000007FFE1929 000028 (v01 BOCHS  BXPC     00000001 BXPC 00000001)
[    0.031360] No NUMA configuration found
[    0.031787] Faking a node at [mem 0x0000000000000000-0x000000007ffdffff]
[    0.032589] NODE_DATA(0) allocated [mem 0x7ffb5000-0x7ffdffff]
[    0.035924] Zone ranges:
[    0.036217]   DMA      [mem 0x0000000000001000-0x0000000000ffffff]
[    0.036908]   DMA32    [mem 0x0000000001000000-0x000000007ffdffff]
[    0.037587]   Normal   empty
[    0.037912]   Device   empty
[    0.038233] Movable zone start for each node
[    0.038714] Early memory node ranges
[    0.039106]   node   0: [mem 0x0000000000001000-0x000000000009efff]
[    0.039799]   node   0: [mem 0x0000000000100000-0x000000007ffdffff]
[    0.041454] Zeroed struct page in unavailable ranges: 130 pages
[    0.041474] Initmem setup node 0 [mem 0x0000000000001000-0x000000007ffdffff]
[    1.212413] kasan: KernelAddressSanitizer initialized
[    1.213413] ACPI: PM-Timer IO Port: 0x608
[    1.213914] ACPI: LAPIC_NMI (acpi_id[0xff] dfl dfl lint[0x1])
[    1.214666] IOAPIC[0]: apic_id 0, version 17, address 0xfec00000, GSI 0-23
[    1.215466] ACPI: INT_SRC_OVR (bus 0 bus_irq 0 global_irq 2 dfl dfl)
[    1.216182] ACPI: INT_SRC_OVR (bus 0 bus_irq 5 global_irq 5 high level)
[    1.216960] ACPI: INT_SRC_OVR (bus 0 bus_irq 9 global_irq 9 high level)
[    1.217707] ACPI: INT_SRC_OVR (bus 0 bus_irq 10 global_irq 10 high level)
[    1.218479] ACPI: INT_SRC_OVR (bus 0 bus_irq 11 global_irq 11 high level)
[    1.219275] Using ACPI (MADT) for SMP configuration information
[    1.219951] ACPI: HPET id: 0x8086a201 base: 0xfed00000
[    1.220558] TSC deadline timer available
[    1.221009] smpboot: Allowing 2 CPUs, 0 hotplug CPUs
[    1.221616] kvm-guest: KVM setup pv remote TLB flush
[    1.222199] kvm-guest: setup PV sched yield
[    1.222736] PM: hibernation: Registered nosave memory: [mem 0x00000000-0x00000fff]
[    1.223605] PM: hibernation: Registered nosave memory: [mem 0x0009f000-0x0009ffff]
[    1.224586] PM: hibernation: Registered nosave memory: [mem 0x000a0000-0x000effff]
[    1.225784] PM: hibernation: Registered nosave memory: [mem 0x000f0000-0x000fffff]
[    1.226654] [mem 0x80000000-0xfeffbfff] available for PCI devices
[    1.227348] Booting paravirtualized kernel on KVM
[    1.227943] clocksource: refined-jiffies: mask: 0xffffffff max_cycles: 0xffffffff, max_idle_ns: 7645519600211568 ns
[    1.229713] setup_percpu: NR_CPUS:8192 nr_cpumask_bits:2 nr_cpu_ids:2 nr_node_ids:1
[    1.403246] percpu: Embedded 66 pages/cpu s233472 r8192 d28672 u1048576
[    1.404331] kvm-guest: KVM setup async PF for cpu 0
[    1.404883] kvm-guest: stealtime: cpu 0, msr 5e038080
[    1.405459] kvm-guest: PV spinlocks enabled
[    1.405923] PV qspinlock hash table entries: 256 (order: 0, 4096 bytes, linear)
[    1.406805] Built 1 zonelists, mobility grouping on.  Total pages: 515945
[    1.407566] Policy zone: DMA32
[    1.407912] Kernel command line: net.ifnames=0 console=ttyS0 root=/dev/sda earlyprintk=serial net.ifnames=0 plymouth.enable=0
[    1.411472] Dentry cache hash table entries: 262144 (order: 9, 2097152 bytes, linear)
[    1.413698] Inode-cache hash table entries: 131072 (order: 8, 1048576 bytes, linear)
[    1.414724] mem auto-init: stack:off, heap alloc:off, heap free:off
[    1.467249] Memory: 1410636K/2096632K available (63505K kernel code, 13696K rwdata, 13060K rodata, 3696K init, 31548K bss, 685740K reserved, 0K cma-reserved)
[    1.468875] random: get_random_u64 called from __kmem_cache_create+0x2e/0x570 with crng_init=0
[    1.469797] SLUB: HWalign=64, Order=0-3, MinObjects=0, CPUs=2, Nodes=1
[    1.471512] kmemleak: Kernel memory leak detector disabled
[    1.472196] ftrace: allocating 60925 entries in 238 pages
[    1.563227] ftrace: allocated 238 pages with 6 groups
[    1.564815] Running RCU self tests
[    1.565220] rcu: Hierarchical RCU implementation.
[    1.565757] rcu: 	RCU lockdep checking is enabled.
[    1.566297] rcu: 	RCU restricting CPUs from NR_CPUS=8192 to nr_cpu_ids=2.
[    1.567071] 	Trampoline variant of Tasks RCU enabled.
[    1.567649] 	Rude variant of Tasks RCU enabled.
[    1.568155] 	Tracing variant of Tasks RCU enabled.
[    1.568701] rcu: RCU calculated value of scheduler-enlistment delay is 25 jiffies.
[    1.569562] rcu: Adjusting geometry for rcu_fanout_leaf=16, nr_cpu_ids=2
[    1.593583] NR_IRQS: 524544, nr_irqs: 440, preallocated irqs: 16
[    1.604476] Console: colour VGA+ 80x25
[    1.604984] printk: console [ttyS0] enabled
[    1.604984] printk: console [ttyS0] enabled
[    1.605940] printk: bootconsole [earlyser0] disabled
[    1.605940] printk: bootconsole [earlyser0] disabled
[    1.607066] Lock dependency validator: Copyright (c) 2006 Red Hat, Inc., Ingo Molnar
[    1.607953] ... MAX_LOCKDEP_SUBCLASSES:  8
[    1.608432] ... MAX_LOCK_DEPTH:          48
[    1.608919] ... MAX_LOCKDEP_KEYS:        8192
[    1.609433] ... CLASSHASH_SIZE:          4096
[    1.609932] ... MAX_LOCKDEP_ENTRIES:     32768
[    1.610447] ... MAX_LOCKDEP_CHAINS:      65536
[    1.610964] ... CHAINHASH_SIZE:          32768
[    1.611481]  memory used by lock dependency info: 6365 kB
[    1.612102]  memory used for stack traces: 4224 kB
[    1.612654]  per task-struct memory footprint: 1920 bytes
[    1.613360] ACPI: Core revision 20201113
[    1.614278] clocksource: hpet: mask: 0xffffffff max_cycles: 0xffffffff, max_idle_ns: 19112604467 ns
[    1.615539] APIC: Switch to symmetric I/O mode setup
[    1.616355] x2apic enabled
[    1.616935] Switched APIC routing to physical x2apic.
[    1.617530] kvm-guest: setup PV IPIs
[    1.619190] ..TIMER: vector=0x30 apic1=0 pin1=2 apic2=-1 pin2=-1
[    1.620635] clocksource: tsc-early: mask: 0xffffffffffffffff max_cycles: 0xb9fb05486c, max_idle_ns: 440795231721 ns
[    1.623222] Calibrating delay loop (skipped) preset value.. 1612.80 BogoMIPS (lpj=3225600)
[    1.627210] pid_max: default: 32768 minimum: 301
[    1.628867] LSM: Security Framework initializing
[    1.631232] Yama: becoming mindful.
[    1.632687] Mount-cache hash table entries: 4096 (order: 3, 32768 bytes, linear)
[    1.635212] Mountpoint-cache hash table entries: 4096 (order: 3, 32768 bytes, linear)
[    1.640640] x86/cpu: User Mode Instruction Prevention (UMIP) activated
[    1.643698] Last level iTLB entries: 4KB 0, 2MB 0, 4MB 0
[    1.647197] Last level dTLB entries: 4KB 0, 2MB 0, 4MB 0, 1GB 0
[    1.648690] Spectre V1 : Mitigation: usercopy/swapgs barriers and __user pointer sanitization
[    1.650727] Spectre V2 : Mitigation: Enhanced IBRS
[    1.651195] Spectre V2 : Spectre v2 / SpectreRSB mitigation: Filling RSB on context switch
[    1.653233] Spectre V2 : mitigation: Enabling conditional Indirect Branch Prediction Barrier
[    1.655201] Speculative Store Bypass: Mitigation: Speculative Store Bypass disabled via prctl and seccomp
[    1.660712] Freeing SMP alternatives memory: 48K
[    1.665423] smpboot: CPU0: Genuine Intel(R) 0000 (family: 0x6, model: 0xb7, stepping: 0x0)
[    1.667184] Performance Events: generic architected perfmon, full-width counters, Intel PMU driver.
[    1.667208] ... version:                2
[    1.667632] ... bit width:              48
[    1.668075] ... generic registers:      6
[    1.668502] ... value mask:             0000ffffffffffff
[    1.669076] ... max period:             00007fffffffffff
[    1.669639] ... fixed-purpose events:   3
[    1.670079] ... event mask:             000000070000003f
[    1.671212] rcu: Hierarchical SRCU implementation.
[    1.676192] smp: Bringing up secondary CPUs ...
[    1.677621] x86: Booting SMP configuration:
[    1.678123] .... node  #0, CPUs:      #1
[    0.028419] kvm-clock: cpu 1, msr 8c01041, secondary cpu clock
[    1.680070] kvm-guest: KVM setup async PF for cpu 1
[    1.681949] kvm-guest: stealtime: cpu 1, msr 5e138080
[    1.683309] smp: Brought up 1 node, 2 CPUs
[    1.683835] smpboot: Max logical packages: 1
[    1.684325] smpboot: Total of 2 processors activated (3225.60 BogoMIPS)
[    1.688369] devtmpfs: initialized
[    1.688369] x86/mm: Memory block size: 128MB
[    1.700396] clocksource: jiffies: mask: 0xffffffff max_cycles: 0xffffffff, max_idle_ns: 7645041785100000 ns
[    1.703243] futex hash table entries: 512 (order: 4, 65536 bytes, linear)
[    1.705751] pinctrl core: initialized pinctrl subsystem
[    1.709042] 
[    1.709480] *************************************************************
[    1.711081] **     NOTICE NOTICE NOTICE NOTICE NOTICE NOTICE NOTICE    **
[    1.711214] **                                                         **
[    1.712109] **  IOMMU DebugFS SUPPORT HAS BEEN ENABLED IN THIS KERNEL  **
[    1.712896] **                                                         **
[    1.713672] ** This means that this kernel is built to expose internal **
[    1.714444] ** IOMMU data structures, which may compromise security on **
[    1.715184] ** your system.                                            **
[    1.715194] **                                                         **
[    1.715975] ** If you see this message and you are not debugging the   **
[    1.716729] ** kernel, report this immediately to your vendor!         **
[    1.718057] **                                                         **
[    1.719204] **     NOTICE NOTICE NOTICE NOTICE NOTICE NOTICE NOTICE    **
[    1.719961] *************************************************************
[    1.720859] PM: RTC time: 12:08:00, date: 2024-10-15
[    1.723316] NET: Registered protocol family 16
[    1.726490] DMA: preallocated 256 KiB GFP_KERNEL pool for atomic allocations
[    1.727284] DMA: preallocated 256 KiB GFP_KERNEL|GFP_DMA pool for atomic allocations
[    1.729007] DMA: preallocated 256 KiB GFP_KERNEL|GFP_DMA32 pool for atomic allocations
[    1.730055] audit: initializing netlink subsys (disabled)
[    1.731457] audit: type=2000 audit(1728994080.764:1): state=initialized audit_enabled=0 res=1
[    1.752415] thermal_sys: Registered thermal governor 'fair_share'
[    1.752432] thermal_sys: Registered thermal governor 'bang_bang'
[    1.753174] thermal_sys: Registered thermal governor 'step_wise'
[    1.753848] thermal_sys: Registered thermal governor 'user_space'
[    1.754649] cpuidle: using governor ladder
[    1.755657] cpuidle: using governor menu
[    1.756541] ACPI: bus type PCI registered
[    1.757003] acpiphp: ACPI Hot Plug PCI Controller Driver version: 0.5
[    1.758570] PCI: Using configuration type 1 for base access
[    1.795835] HugeTLB registered 1.00 GiB page size, pre-allocated 0 pages
[    1.796885] HugeTLB registered 2.00 MiB page size, pre-allocated 0 pages
[    1.815794] ACPI: Added _OSI(Module Device)
[    1.816866] ACPI: Added _OSI(Processor Device)
[    1.817858] ACPI: Added _OSI(3.0 _SCP Extensions)
[    1.818903] ACPI: Added _OSI(Processor Aggregator Device)
[    1.819234] ACPI: Added _OSI(Linux-Dell-Video)
[    1.820247] ACPI: Added _OSI(Linux-Lenovo-NV-HDMI-Audio)
[    1.821440] ACPI: Added _OSI(Linux-HPI-Hybrid-Graphics)
[    1.844647] ACPI: 1 ACPI AML tables successfully acquired and loaded
[    1.855948] ACPI: Interpreter enabled
[    1.856684] ACPI: (supports S0 S3 S4 S5)
[    1.857134] ACPI: Using IOAPIC for interrupt routing
[    1.857863] PCI: Using host bridge windows from ACPI; if necessary, use "pci=nocrs" and report a bug
[    1.860735] ACPI: Enabled 2 GPEs in block 00 to 0F
[    1.914113] ACPI: PCI Root Bridge [PCI0] (domain 0000 [bus 00-ff])
[    1.914969] acpi PNP0A03:00: _OSC: OS supports [ASPM ClockPM Segments MSI EDR HPX-Type3]
[    1.915506] acpi PNP0A03:00: fail to add MMCONFIG information, can't access extended PCI configuration space under this bridge.
[    1.923590] acpiphp: Slot [3] registered
[    1.924336] acpiphp: Slot [4] registered
[    1.925109] acpiphp: Slot [5] registered
[    1.925833] acpiphp: Slot [6] registered
[    1.926484] acpiphp: Slot [7] registered
[    1.927162] acpiphp: Slot [8] registered
[    1.927414] acpiphp: Slot [9] registered
[    1.928174] acpiphp: Slot [10] registered
[    1.928859] acpiphp: Slot [11] registered
[    1.929558] acpiphp: Slot [12] registered
[    1.930246] acpiphp: Slot [13] registered
[    1.930975] acpiphp: Slot [14] registered
[    1.931452] acpiphp: Slot [15] registered
[    1.932160] acpiphp: Slot [16] registered
[    1.932864] acpiphp: Slot [17] registered
[    1.933672] acpiphp: Slot [18] registered
[    1.934388] acpiphp: Slot [19] registered
[    1.935098] acpiphp: Slot [20] registered
[    1.935416] acpiphp: Slot [21] registered
[    1.936203] acpiphp: Slot [22] registered
[    1.936909] acpiphp: Slot [23] registered
[    1.937620] acpiphp: Slot [24] registered
[    1.938319] acpiphp: Slot [25] registered
[    1.939043] acpiphp: Slot [26] registered
[    1.939441] acpiphp: Slot [27] registered
[    1.940134] acpiphp: Slot [28] registered
[    1.940834] acpiphp: Slot [29] registered
[    1.941543] acpiphp: Slot [30] registered
[    1.942204] acpiphp: Slot [31] registered
[    1.942794] PCI host bridge to bus 0000:00
[    1.943209] pci_bus 0000:00: root bus resource [io  0x0000-0x0cf7 window]
[    1.944017] pci_bus 0000:00: root bus resource [io  0x0d00-0xffff window]
[    1.944823] pci_bus 0000:00: root bus resource [mem 0x000a0000-0x000bffff window]
[    1.945725] pci_bus 0000:00: root bus resource [mem 0x80000000-0xfebfffff window]
[    1.946622] pci_bus 0000:00: root bus resource [mem 0x100000000-0x17fffffff window]
[    1.947214] pci_bus 0000:00: root bus resource [bus 00-ff]
[    1.948124] pci 0000:00:00.0: [8086:1237] type 00 class 0x060000
[    1.954953] pci 0000:00:01.0: [8086:7000] type 00 class 0x060100
[    1.961869] pci 0000:00:01.1: [8086:7010] type 00 class 0x010180
[    1.965454] pci 0000:00:01.1: reg 0x20: [io  0xc040-0xc04f]
[    1.967007] pci 0000:00:01.1: legacy IDE quirk: reg 0x10: [io  0x01f0-0x01f7]
[    1.967209] pci 0000:00:01.1: legacy IDE quirk: reg 0x14: [io  0x03f6]
[    1.967971] pci 0000:00:01.1: legacy IDE quirk: reg 0x18: [io  0x0170-0x0177]
[    1.968818] pci 0000:00:01.1: legacy IDE quirk: reg 0x1c: [io  0x0376]
[    1.971470] pci 0000:00:01.3: [8086:7113] type 00 class 0x068000
[    1.973321] pci 0000:00:01.3: quirk: [io  0x0600-0x063f] claimed by PIIX4 ACPI
[    1.974253] pci 0000:00:01.3: quirk: [io  0x0700-0x070f] claimed by PIIX4 SMB
[    1.977165] pci 0000:00:02.0: [1234:1111] type 00 class 0x030000
[    1.979891] pci 0000:00:02.0: reg 0x10: [mem 0xfd000000-0xfdffffff pref]
[    1.983874] pci 0000:00:02.0: reg 0x18: [mem 0xfebf0000-0xfebf0fff]
[    1.991302] pci 0000:00:02.0: reg 0x30: [mem 0xfebe0000-0xfebeffff pref]
[    2.002532] pci 0000:00:03.0: [8086:100e] type 00 class 0x020000
[    2.004521] pci 0000:00:03.0: reg 0x10: [mem 0xfebc0000-0xfebdffff]
[    2.006925] pci 0000:00:03.0: reg 0x14: [io  0xc000-0xc03f]
[    2.012671] pci 0000:00:03.0: reg 0x30: [mem 0xfeb80000-0xfebbffff pref]
[    2.052240] ACPI: PCI Interrupt Link [LNKA] (IRQs 5 *10 11)
[    2.055651] ACPI: PCI Interrupt Link [LNKB] (IRQs 5 *10 11)
[    2.058963] ACPI: PCI Interrupt Link [LNKC] (IRQs 5 10 *11)
[    2.065232] ACPI: PCI Interrupt Link [LNKD] (IRQs 5 10 *11)
[    2.067413] ACPI: PCI Interrupt Link [LNKS] (IRQs *9)
[    2.073964] iommu: Default domain type: Translated 
[    2.075684] pci 0000:00:02.0: vgaarb: setting as boot VGA device
[    2.076706] pci 0000:00:02.0: vgaarb: VGA device added: decodes=io+mem,owns=io+mem,locks=none
[    2.079210] pci 0000:00:02.0: vgaarb: bridge control possible
[    2.080473] vgaarb: loaded
[    2.086543] SCSI subsystem initialized
[    2.088071] ACPI: bus type USB registered
[    2.089340] usbcore: registered new interface driver usbfs
[    2.089340] usbcore: registered new interface driver hub
[    2.089340] usbcore: registered new device driver usb
[    2.090467] pps_core: LinuxPPS API ver. 1 registered
[    2.095200] pps_core: Software ver. 5.3.6 - Copyright 2005-2007 Rodolfo Giometti <giometti@linux.it>
[    2.097260] PTP clock support registered
[    2.098430] EDAC MC: Ver: 3.0.0
[    2.105868] NetLabel: Initializing
[    2.106717] NetLabel:  domain hash size = 128
[    2.107201] NetLabel:  protocols = UNLABELED CIPSOv4 CALIPSO
[    2.108803] NetLabel:  unlabeled traffic allowed by default
[    2.110386] PCI: Using ACPI for IRQ routing
[    2.111956] hpet0: at MMIO 0xfed00000, IRQs 2, 8, 0
[    2.112004] hpet0: 3 comparators, 64-bit 100.000000 MHz counter
[    2.119203] clocksource: Switched to clocksource kvm-clock
[    2.546228] VFS: Disk quotas dquot_6.6.0
[    2.547497] VFS: Dquot-cache hash table entries: 512 (order 0, 4096 bytes)
[    2.550555] pnp: PnP ACPI init
[    2.560200] pnp: PnP ACPI: found 6 devices
[    2.595276] clocksource: acpi_pm: mask: 0xffffff max_cycles: 0xffffff, max_idle_ns: 2085701024 ns
[    2.598374] NET: Registered protocol family 2
[    4.926303] tcp_listen_portaddr_hash hash table entries: 1024 (order: 4, 81920 bytes, linear)
[    4.927764] TCP established hash table entries: 16384 (order: 5, 131072 bytes, linear)
[    4.928946] TCP bind hash table entries: 16384 (order: 8, 1179648 bytes, linear)
[    4.932259] TCP: Hash tables configured (established 16384 bind 16384)
[    4.933407] UDP hash table entries: 1024 (order: 5, 163840 bytes, linear)
[    5.271857] UDP-Lite hash table entries: 1024 (order: 5, 163840 bytes, linear)
[    5.273357] NET: Registered protocol family 1
[    5.277040] RPC: Registered named UNIX socket transport module.
[    5.278439] RPC: Registered udp transport module.
[    5.279563] RPC: Registered tcp transport module.
[    5.280662] RPC: Registered tcp NFSv4.1 backchannel transport module.
[    5.282204] pci_bus 0000:00: resource 4 [io  0x0000-0x0cf7 window]
[    5.283676] pci_bus 0000:00: resource 5 [io  0x0d00-0xffff window]
[    5.285096] pci_bus 0000:00: resource 6 [mem 0x000a0000-0x000bffff window]
[    5.286661] pci_bus 0000:00: resource 7 [mem 0x80000000-0xfebfffff window]
[    5.288248] pci_bus 0000:00: resource 8 [mem 0x100000000-0x17fffffff window]
[    5.290815] pci 0000:00:01.0: PIIX3: Enabling Passive Release
[    5.292267] pci 0000:00:00.0: Limiting direct PCI/PCI transfers
[    5.293706] pci 0000:00:01.0: Activating ISA DMA hang workarounds
[    5.295364] pci 0000:00:02.0: Video device with shadowed ROM at [mem 0x000c0000-0x000dffff]
[    5.297379] PCI: CLS 0 bytes, default 64
[    5.300542] clocksource: tsc: mask: 0xffffffffffffffff max_cycles: 0xb9fb05486c, max_idle_ns: 440795231721 ns
[    5.307362] check: Scanning for low memory corruption every 60 seconds
[    5.318902] Initialise system trusted keyrings
[    5.320312] Key type blacklist registered
[    5.321845] workingset: timestamp_bits=36 max_order=19 bucket_order=0
[    5.344128] zbud: loaded
[    5.350959] squashfs: version 4.0 (2009/01/31) Phillip Lougher
[    5.359384] NFS: Registering the id_resolver key type
[    5.360705] Key type id_resolver registered
[    5.361656] Key type id_legacy registered
[    5.363029] nfs4filelayout_init: NFSv4 File Layout Driver Registering...
[    5.365392] fuse: init (API version 7.33)
[    5.367744] SGI XFS with ACLs, security attributes, realtime, quota, no debug enabled
[    5.378283] 9p: Installing v9fs 9p2000 file system support
[    5.391463] Key type asymmetric registered
[    5.392537] Asymmetric key parser 'x509' registered
[    5.393827] Block layer SCSI generic (bsg) driver version 0.4 loaded (major 244)
[    5.396115] io scheduler mq-deadline registered
[    5.397258] io scheduler bfq registered
[    5.400002] shpchp: Standard Hot Plug PCI Controller Driver version: 0.4
[    5.401691] IPMI message handler: version 39.2
[    5.402290] ipmi device interface
[    5.405372] input: Power Button as /devices/LNXSYSTM:00/LNXPWRBN:00/input/input0
[    5.406899] ACPI: Power Button [PWRF]
[    5.410045] ERST DBG: ERST support is disabled.
[    5.412156] Serial: 8250/16550 driver, 32 ports, IRQ sharing enabled
[    5.413751] 00:04: ttyS0 at I/O 0x3f8 (irq = 4, base_baud = 115200) is a 16550A
[    5.438689] Linux agpgart interface v0.103
[    5.468580] brd: module loaded
[    5.503106] loop: module loaded
[    5.519539] scsi host0: ata_piix
[    5.521952] scsi host1: ata_piix
[    5.522755] ata1: PATA max MWDMA2 cmd 0x1f0 ctl 0x3f6 bmdma 0xc040 irq 14
[    5.523558] ata2: PATA max MWDMA2 cmd 0x170 ctl 0x376 bmdma 0xc048 irq 15
[    5.526416] libphy: Fixed MDIO Bus: probed
[    5.528178] tun: Universal TUN/TAP device driver, 1.6
[    5.529566] e100: Intel(R) PRO/100 Network Driver
[    5.530094] e100: Copyright(c) 1999-2006 Intel Corporation
[    5.530799] e1000: Intel(R) PRO/1000 Network Driver
[    5.531369] e1000: Copyright (c) 1999-2006 Intel Corporation.
[    5.684910] ata1.00: ATA-7: QEMU HARDDISK, 2.5+, max UDMA/100
[    5.686228] ata1.00: 17196647 sectors, multi 16: LBA48 
[    5.691010] scsi 0:0:0:0: Direct-Access     ATA      QEMU HARDDISK    2.5+ PQ: 0 ANSI: 5
[    5.695454] ata2.00: ATAPI: QEMU DVD-ROM, 2.5+, max UDMA/100
[    5.699761] scsi 0:0:0:0: Attached scsi generic sg0 type 0
[    5.703551] scsi 1:0:0:0: CD-ROM            QEMU     QEMU DVD-ROM     2.5+ PQ: 0 ANSI: 5
[    5.708493] scsi 1:0:0:0: Attached scsi generic sg1 type 5
[    5.712463] sd 0:0:0:0: [sda] 17196647 512-byte logical blocks: (8.80 GB/8.20 GiB)
[    5.714407] sd 0:0:0:0: [sda] Write Protect is off
[    5.715770] sd 0:0:0:0: [sda] Write cache: enabled, read cache: enabled, doesn't support DPO or FUA
[    5.730601] sd 0:0:0:0: [sda] Attached SCSI disk
[    6.428254] PCI Interrupt Link [LNKC] enabled at IRQ 11
[    6.804984] e1000 0000:00:03.0 eth0: (PCI:33MHz:32-bit) 52:54:00:12:34:56
[    6.806589] e1000 0000:00:03.0 eth0: Intel(R) PRO/1000 Network Connection
[    6.808525] e1000e: Intel(R) PRO/1000 Network Driver
[    6.809637] e1000e: Copyright(c) 1999 - 2015 Intel Corporation.
[    6.811223] igb: Intel(R) Gigabit Ethernet Network Driver
[    6.812403] igb: Copyright (c) 2007-2014 Intel Corporation.
[    6.814134] PPP generic driver version 2.4.2
[    6.817005] VFIO - User Level meta-driver version: 0.3
[    6.818482] ehci_hcd: USB 2.0 'Enhanced' Host Controller (EHCI) Driver
[    6.820027] ehci-pci: EHCI PCI platform driver
[    6.821194] ehci-platform: EHCI generic platform driver
[    6.822476] ohci_hcd: USB 1.1 'Open' Host Controller (OHCI) Driver
[    6.823932] ohci-pci: OHCI PCI platform driver
[    6.825028] ohci-platform: OHCI generic platform driver
[    6.826262] uhci_hcd: USB Universal Host Controller Interface driver
[    6.829232] usbcore: registered new interface driver uas
[    6.830614] usbcore: registered new interface driver usb-storage
[    6.832542] i8042: PNP: PS/2 Controller [PNP0303:KBD,PNP0f13:MOU] at 0x60,0x64 irq 1,12
[    6.836247] serio: i8042 KBD port at 0x60,0x64 irq 1
[    6.837437] serio: i8042 AUX port at 0x60,0x64 irq 12
[    6.840796] mousedev: PS/2 mouse device common for all mice
[    6.845205] input: AT Translated Set 2 keyboard as /devices/platform/i8042/serio0/input/input1
[    6.848453] rtc_cmos 00:05: RTC can wake from S4
[    6.850550] input: VirtualPS/2 VMware VMMouse as /devices/platform/i8042/serio1/input/input4
[    6.854537] rtc_cmos 00:05: registered as rtc0
[    6.855570] input: VirtualPS/2 VMware VMMouse as /devices/platform/i8042/serio1/input/input3
[    6.857683] rtc_cmos 00:05: setting system clock to 2024-10-15T12:08:05 UTC (1728994085)
[    6.860049] rtc_cmos 00:05: alarms up to one day, y3k, 242 bytes nvram, hpet irqs
[    6.861821] i2c /dev entries driver
[    6.863353] device-mapper: uevent: version 1.0.3
[    6.865920] device-mapper: ioctl: 4.43.0-ioctl (2020-10-01) initialised: dm-devel@redhat.com
[    6.867890] intel_pstate: CPU model not supported
[    6.869440] sdhci: Secure Digital Host Controller Interface driver
[    6.870814] sdhci: Copyright(c) Pierre Ossman
[    6.872091] sdhci-pltfm: SDHCI platform and OF driver helper
[    6.873539] ledtrig-cpu: registered to indicate activity on CPUs
[    6.875401] drop_monitor: Initializing network drop monitor service
[    6.879749] NET: Registered protocol family 10
[    6.890834] Segment Routing with IPv6
[    6.892053] NET: Registered protocol family 17
[    6.894029] 9pnet: Installing 9P2000 support
[    6.895211] Key type dns_resolver registered
[    6.898568] IPI shorthand broadcast: enabled
[    6.899824] sched_clock: Marking stable (6875127362, 24419545)->(6920317852, -20770945)
[    6.902412] registered taskstats version 1
[    6.903670] Loading compiled-in X.509 certificates
[    6.905814] zswap: loaded using pool lzo/zbud
[    6.911805] Key type ._fscrypt registered
[    6.912754] Key type .fscrypt registered
[    6.913603] Key type fscrypt-provisioning registered
[    6.917244] Key type encrypted registered
[    6.918347] ima: No TPM chip found, activating TPM-bypass!
[    6.919723] ima: Allocated hash algorithm: sha1
[    6.920930] ima: No architecture policies found
[    6.922181] evm: Initialising EVM extended attributes:
[    6.923405] evm: security.selinux
[    6.924190] evm: security.SMACK64
[    6.924978] evm: security.SMACK64EXEC
[    6.925840] evm: security.SMACK64TRANSMUTE
[    6.926791] evm: security.SMACK64MMAP
[    6.927670] evm: security.apparmor
[    6.928465] evm: security.ima
[    6.929172] evm: security.capability
[    6.930016] evm: HMAC attrs: 0x1
[    6.943340] PM:   Magic number: 12:488:127
[    6.944858] acpi device:02: hash matches
[    6.947255] RAS: Correctable Errors collector initialized.
[    6.951131] md: Waiting for all devices to be available before autodetect
[    6.952748] md: If you don't use raid, use raid=noautodetect
[    6.953992] md: Autodetecting RAID arrays.
[    6.954915] md: autorun ...
[    6.955566] md: ... autorun DONE.
[    6.982172] EXT4-fs (sda): mounted filesystem with ordered data mode. Opts: (null). Quota mode: none.
[    6.984516] VFS: Mounted root (ext4 filesystem) readonly on device 8:0.
[    6.990150] devtmpfs: mounted
[    7.010710] Freeing unused decrypted memory: 2036K
[    7.015123] Freeing unused kernel image (initmem) memory: 3696K
[    7.016742] Write protecting the kernel read-only data: 79872k
[    7.023740] Freeing unused kernel image (text/rodata gap) memory: 2028K
[    7.026977] Freeing unused kernel image (rodata/data gap) memory: 1276K
[    7.202264] x86/mm: Checked W+X mappings: passed, no W+X pages found.
[    7.203834] Run /sbin/init as init process
[    7.487887] random: fast init done
[    7.785840] systemd[1]: systemd 252-15.el9 running in system mode (+PAM +AUDIT +SELINUX -APPARMOR +IMA +SMACK +SECCOMP +GCRYPT +GNUTLS +OPENSSL +ACL +BLKID +CURL +ELFUTILS -FIDO2 +IDN2 -IDN -IPTC +KMOD +LIBCRYPTSETUP +LIBFDISK +PCRE2 -PWQUALITY +P11KIT -QRENCODE +TPM2 +BZIP2 +LZ4 +XZ +ZLIB +ZSTD -BPF_FRAMEWORK +XKBCOMMON +UTMP +SYSVINIT default-hierarchy=unified)
[    7.792879] systemd[1]: Detected virtualization kvm.
[    7.794103] systemd[1]: Detected architecture x86-64.

Welcome to [0;31mCentOS Stream 9[0m!

[    7.806971] systemd[1]: Hostname set to <test>.
[    8.211616] systemd-rc-local-generator[154]: /etc/rc.d/rc.local is not marked executable, skipping.
[    9.006293] systemd[1]: Queued start job for default target Multi-User System.
[    9.021583] systemd[1]: Created slice Virtual Machine and Container Slice.
[[0;32m  OK  [0m] Created slice [0;1;39mVirtual Machine and Container Slice[0m.
[    9.037343] systemd[1]: Created slice Slice /system/getty.
[[0;32m  OK  [0m] Created slice [0;1;39mSlice /system/getty[0m.
[    9.049949] systemd[1]: Created slice Slice /system/modprobe.
[[0;32m  OK  [0m] Created slice [0;1;39mSlice /system/modprobe[0m.
[    9.057825] systemd[1]: Created slice Slice /system/serial-getty.
[[0;32m  OK  [0m] Created slice [0;1;39mSlice /system/serial-getty[0m.
[    9.066140] systemd[1]: Created slice Slice /system/sshd-keygen.
[[0;32m  OK  [0m] Created slice [0;1;39mSlice /system/sshd-keygen[0m.
[    9.073986] systemd[1]: Created slice User and Session Slice.
[[0;32m  OK  [0m] Created slice [0;1;39mUser and Session Slice[0m.
[    9.078851] systemd[1]: Started Forward Password Requests to Wall Directory Watch.
[[0;32m  OK  [0m] Started [0;1;39mForward Password R…uests to Wall Directory Watch[0m.
[    9.085725] systemd[1]: Set up automount Arbitrary Executable File Formats File System Automount Point.
[[0;32m  OK  [0m] Set up automount [0;1;39mArbitrary…s File System Automount Point[0m.
[    9.090265] systemd[1]: Reached target Local Integrity Protected Volumes.
[[0;32m  OK  [0m] Reached target [0;1;39mLocal Integrity Protected Volumes[0m.
[    9.093980] systemd[1]: Reached target Slice Units.
[[0;32m  OK  [0m] Reached target [0;1;39mSlice Units[0m.
[    9.096854] systemd[1]: Reached target Swaps.
[[0;32m  OK  [0m] Reached target [0;1;39mSwaps[0m.
[    9.099450] systemd[1]: Reached target Local Verity Protected Volumes.
[[0;32m  OK  [0m] Reached target [0;1;39mLocal Verity Protected Volumes[0m.
[    9.104101] systemd[1]: Listening on Device-mapper event daemon FIFOs.
[[0;32m  OK  [0m] Listening on [0;1;39mDevice-mapper event daemon FIFOs[0m.
[    9.109417] systemd[1]: Listening on LVM2 poll daemon socket.
[[0;32m  OK  [0m] Listening on [0;1;39mLVM2 poll daemon socket[0m.
[    9.113362] systemd[1]: multipathd control socket was skipped because of an unmet condition check (ConditionPathExists=/etc/multipath.conf).
[    9.194864] systemd[1]: Listening on RPCbind Server Activation Socket.
[[0;32m  OK  [0m] Listening on [0;1;39mRPCbind Server Activation Socket[0m.
[    9.198934] systemd[1]: Reached target RPC Port Mapper.
[[0;32m  OK  [0m] Reached target [0;1;39mRPC Port Mapper[0m.
[    9.208350] systemd[1]: Listening on Process Core Dump Socket.
[[0;32m  OK  [0m] Listening on [0;1;39mProcess Core Dump Socket[0m.
[    9.213414] systemd[1]: Listening on initctl Compatibility Named Pipe.
[[0;32m  OK  [0m] Listening on [0;1;39minitctl Compatibility Named Pipe[0m.
[    9.218824] systemd[1]: Listening on Journal Socket (/dev/log).
[[0;32m  OK  [0m] Listening on [0;1;39mJournal Socket (/dev/log)[0m.
[    9.224008] systemd[1]: Listening on Journal Socket.
[[0;32m  OK  [0m] Listening on [0;1;39mJournal Socket[0m.
[    9.229023] systemd[1]: Listening on udev Control Socket.
[[0;32m  OK  [0m] Listening on [0;1;39mudev Control Socket[0m.
[    9.233233] systemd[1]: Listening on udev Kernel Socket.
[[0;32m  OK  [0m] Listening on [0;1;39mudev Kernel Socket[0m.
[    9.250556] systemd[1]: Mounting Huge Pages File System...
         Mounting [0;1;39mHuge Pages File System[0m...
[    9.275555] systemd[1]: Mounting POSIX Message Queue File System...
         Mounting [0;1;39mPOSIX Message Queue File System[0m...
[    9.293131] systemd[1]: Mounting Kernel Debug File System...
         Mounting [0;1;39mKernel Debug File System[0m...
[    9.310361] systemd[1]: Mounting Kernel Trace File System...
         Mounting [0;1;39mKernel Trace File System[0m...
[    9.314569] systemd[1]: Kernel Module supporting RPCSEC_GSS was skipped because of an unmet condition check (ConditionPathExists=/etc/krb5.keytab).
[    9.318370] systemd[1]: Create List of Static Device Nodes was skipped because of an unmet condition check (ConditionFileNotEmpty=/lib/modules/5.11.0-f40ddce88593/modules.devname).
[    9.335405] systemd[1]: Starting Monitoring of LVM2 mirrors, snapshots etc. using dmeventd or progress polling...
         Starting [0;1;39mMonitoring of LVM…meventd or progress polling[0m...
[    9.373451] systemd[1]: Starting Load Kernel Module configfs...
         Starting [0;1;39mLoad Kernel Module configfs[0m...
[    9.390817] systemd[1]: Starting Load Kernel Module drm...
         Starting [0;1;39mLoad Kernel Module drm[0m...
[    9.413512] systemd[1]: Starting Load Kernel Module fuse...
         Starting [0;1;39mLoad Kernel Module fuse[0m...
[    9.449328] systemd[1]: Starting Read and set NIS domainname from /etc/sysconfig/network...
         Starting [0;1;39mRead and set NIS …from /etc/sysconfig/network[0m...
[    9.496750] systemd[1]: Starting Journal Service...
         Starting [0;1;39mJournal Service[0m...
[    9.519666] random: lvm: uninitialized urandom read (4 bytes read)
[    9.540709] systemd[1]: Starting Load Kernel Modules...
         Starting [0;1;39mLoad Kernel Modules[0m...
[    9.567447] systemd[1]: Starting Generate network units from Kernel command line...
         Starting [0;1;39mGenerate network …ts from Kernel command line[0m...
[    9.636541] systemd[1]: Starting Remount Root and Kernel File Systems...
         Starting [0;1;39mRemount Root and Kernel File Systems[0m...
[    9.652926] systemd[1]: Repartition Root Disk was skipped because no trigger condition checks were met.
[    9.732945] systemd[1]: Starting Coldplug All udev Devices...
         Starting [0;1;39mColdplug All udev Devices[0m...
[    9.767504] EXT4-fs (sda): re-mounted. Opts: (null). Quota mode: none.
[    9.793980] systemd[1]: Mounted Huge Pages File System.
[[0;32m  OK  [0m] Mounted [0;1;39mHuge Pages File System[0m.
[    9.798590] systemd[1]: Mounted POSIX Message Queue File System.
[[0;32m  OK  [0m] Mounted [0;1;39mPOSIX Message Queue File System[0m.
[    9.803927] systemd[1]: Mounted Kernel Debug File System.
[[0;32m  OK  [0m] Mounted [0;1;39mKernel Debug File System[0m.
[    9.808394] systemd[1]: Mounted Kernel Trace File System.
[[0;32m  OK  [0m] Mounted [0;1;39mKernel Trace File System[0m.
[    9.816613] systemd[1]: Finished Monitoring of LVM2 mirrors, snapshots etc. using dmeventd or progress polling.
[[0;32m  OK  [0m] Finished [0;1;39mMonitoring of LVM… dmeventd or progress polling[0m.
[    9.828378] systemd[1]: modprobe@configfs.service: Deactivated successfully.
[    9.832702] systemd[1]: Finished Load Kernel Module configfs.
[[0;32m  OK  [0m] Finished [0;1;39mLoad Kernel Module configfs[0m.
[    9.840327] systemd[1]: modprobe@drm.service: Deactivated successfully.
[    9.844695] systemd[1]: Finished Load Kernel Module drm.
[[0;32m  OK  [0m] Finished [0;1;39mLoad Kernel Module drm[0m.
[    9.852568] systemd[1]: modprobe@fuse.service: Deactivated successfully.
[    9.857605] systemd[1]: Finished Load Kernel Module fuse.
[[0;32m  OK  [0m] Finished [0;1;39mLoad Kernel Module fuse[0m.
[    9.865451] systemd[1]: Finished Read and set NIS domainname from /etc/sysconfig/network.
[[0;32m  OK  [0m] Finished [0;1;39mRead and set NIS …e from /etc/sysconfig/network[0m.
[    9.872271] systemd[1]: systemd-modules-load.service: Main process exited, code=exited, status=1/FAILURE
[    9.876865] systemd[1]: systemd-modules-load.service: Failed with result 'exit-code'.
[    9.881462] systemd[1]: Failed to start Load Kernel Modules.
[[0;1;31mFAILED[0m] Failed to start [0;1;39mLoad Kernel Modules[0m.
See 'systemctl status systemd-modules-load.service' for details.
[    9.912089] systemd[1]: Finished Generate network units from Kernel command line.
[[0;32m  OK  [0m] Finished [0;1;39mGenerate network units from Kernel command line[0m.
[    9.929064] systemd[1]: Finished Remount Root and Kernel File Systems.
[[0;32m  OK  [0m] Finished [0;1;39mRemount Root and Kernel File Systems[0m.
[    9.944425] systemd[1]: Reached target Preparation for Network.
[[0;32m  OK  [0m] Reached target [0;1;39mPreparation for Network[0m.
[    9.978847] systemd[1]: Mounting FUSE Control File System...
         Mounting [0;1;39mFUSE Control File System[0m...
[   10.031537] systemd[1]: Mounting Kernel Configuration File System...
         Mounting [0;1;39mKernel Configuration File System[0m...
[   10.039819] systemd[1]: Special handling of early boot iSCSI sessions was skipped because of an unmet condition check (ConditionDirectoryNotEmpty=/sys/class/iscsi_session).
[   10.047846] systemd[1]: First Boot Wizard was skipped because of an unmet condition check (ConditionFirstBoot=yes).
[   10.067625] systemd[1]: Rebuild Hardware Database was skipped because of an unmet condition check (ConditionNeedsUpdate=/etc).
[   10.092920] systemd[1]: Starting Load/Save Random Seed...
         Starting [0;1;39mLoad/Save Random Seed[0m...
[   10.124664] systemd[1]: Starting Apply Kernel Variables...
         Starting [0;1;39mApply Kernel Variables[0m...
[   10.140101] systemd[1]: Create System Users was skipped because no trigger condition checks were met.
[   10.172880] systemd[1]: Starting Create Static Device Nodes in /dev...
         Starting [0;1;39mCreate Static Device Nodes in /dev[0m...
[   10.217762] systemd[1]: Starting Setup Virtual Console...
         Starting [0;1;39mSetup Virtual Console[0m...
[   10.252709] systemd[1]: Started Journal Service.
[[0;32m  OK  [0m] Started [0;1;39mJournal Service[0m.
[[0;32m  OK  [0m] Mounted [0;1;39mFUSE Control File System[0m.
[[0;32m  OK  [0m] Mounted [0;1;39mKernel Configuration File System[0m.
[[0;32m  OK  [0m] Finished [0;1;39mApply Kernel Variables[0m.
         Starting [0;1;39mFlush Journal to Persistent Storage[0m...
[[0;32m  OK  [0m] Finished [0;1;39mCreate Static Device Nodes in /dev[0m.
         Starting [0;1;39mRule-based Manage…for Device Events and Files[0m...
[   10.449931] systemd-journald[180]: Received client request to flush runtime journal.
[[0;32m  OK  [0m] Finished [0;1;39mFlush Journal to Persistent Storage[0m.
[[0;32m  OK  [0m] Started [0;1;39mRule-based Manager for Device Events and Files[0m.
         Starting [0;1;39mAuto-connect to s…E devices found during boot[0m...
[[0;32m  OK  [0m] Finished [0;1;39mAuto-connect to s…VME devices found during boot[0m.
[[0;32m  OK  [0m] Finished [0;1;39mSetup Virtual Console[0m.
[   11.311853] random: crng init done
[[0;32m  OK  [0m] Finished [0;1;39mLoad/Save Random Seed[0m.
[[0;32m  OK  [0m] Finished [0;1;39mColdplug All udev Devices[0m.
[[0;32m  OK  [0m] Started [0;1;39mDispatch Password …ts to Console Directory Watch[0m.
[[0;32m  OK  [0m] Reached target [0;1;39mLocal Encrypted Volumes[0m.
[[0;32m  OK  [0m] Reached target [0;1;39mPath Units[0m.
         Starting [0;1;39mWait for udev To …plete Device Initialization[0m...
[[0;32m  OK  [0m] Found device [0;1;39m/dev/ttyS0[0m.
[[0m[0;31m*     [0m] A start job is running for Wait for…ice Initialization (4s / no limit)
M[K[[0;1;31m*[0m[0;31m*    [0m] A start job is running for Wait for…ice Initialization (5s / no limit)
M[K[[0;31m*[0;1;31m*[0m[0;31m*   [0m] A start job is running for Wait for…ice Initialization (5s / no limit)
M[K[[0;32m  OK  [0m] Listening on [0;1;39mLoad/Save RF …itch Status /dev/rfkill Watch[0m.
[K[[0;32m  OK  [0m] Finished [0;1;39mWait for udev To Complete Device Initialization[0m.
[[0;32m  OK  [0m] Reached target [0;1;39mPreparation for Local File Systems[0m.
[[0;32m  OK  [0m] Reached target [0;1;39mLocal File Systems[0m.
         Starting [0;1;39mTell Plymouth To Write Out Runtime Data[0m...
         Starting [0;1;39mAutomatic Boot Loader Update[0m...
         Starting [0;1;39mCreate Volatile Files and Directories[0m...
[[0;32m  OK  [0m] Finished [0;1;39mTell Plymouth To Write Out Runtime Data[0m.
[[0;32m  OK  [0m] Finished [0;1;39mAutomatic Boot Loader Update[0m.
[[0;32m  OK  [0m] Finished [0;1;39mCreate Volatile Files and Directories[0m.
         Mounting [0;1;39mRPC Pipe File System[0m...
         Starting [0;1;39mSecurity Auditing Service[0m...
         Starting [0;1;39mRPC Bind[0m...
[[0;32m  OK  [0m] Mounted [0;1;39mRPC Pipe File System[0m.
[[0;32m  OK  [0m] Reached target [0;1;39mrpc_pipefs.target[0m.
[[0;32m  OK  [0m] Started [0;1;39mRPC Bind[0m.
[[0;32m  OK  [0m] Started [0;1;39mSecurity Auditing Service[0m.
         Starting [0;1;39mRecord System Boot/Shutdown in UTMP[0m...
[[0;32m  OK  [0m] Finished [0;1;39mRecord System Boot/Shutdown in UTMP[0m.
[[0;32m  OK  [0m] Reached target [0;1;39mSystem Initialization[0m.
[[0;32m  OK  [0m] Started [0;1;39mDaily rotation of log files[0m.
[[0;32m  OK  [0m] Started [0;1;39mUpdates mlocate database every day[0m.
[[0;32m  OK  [0m] Started [0;1;39mDaily Cleanup of Temporary Directories[0m.
[[0;32m  OK  [0m] Started [0;1;39mdaily update of the root trust anchor for DNSSEC[0m.
[[0;32m  OK  [0m] Reached target [0;1;39mTimer Units[0m.
[[0;32m  OK  [0m] Listening on [0;1;39mD-Bus System Message Bus Socket[0m.
[[0;32m  OK  [0m] Listening on [0;1;39mOpen-iSCSI iscsid Socket[0m.
[[0;32m  OK  [0m] Listening on [0;1;39mOpen-iSCSI iscsiuio Socket[0m.
[[0;32m  OK  [0m] Listening on [0;1;39mSSSD Kerberos…ache Manager responder socket[0m.
[[0;32m  OK  [0m] Listening on [0;1;39mLibvirt interface local socket[0m.
[[0;32m  OK  [0m] Listening on [0;1;39mVirtual machine lock manager socket[0m.
[[0;32m  OK  [0m] Listening on [0;1;39mVirtual machine log manager socket[0m.
[[0;32m  OK  [0m] Listening on [0;1;39mLibvirt network local socket[0m.
[[0;32m  OK  [0m] Listening on [0;1;39mLibvirt nodedev local socket[0m.
[[0;32m  OK  [0m] Listening on [0;1;39mLibvirt nwfilter local socket[0m.
[[0;32m  OK  [0m] Listening on [0;1;39mLibvirt proxy local socket[0m.
[[0;32m  OK  [0m] Listening on [0;1;39mLibvirt qemu local socket[0m.
[[0;32m  OK  [0m] Listening on [0;1;39mLibvirt qemu admin socket[0m.
[[0;32m  OK  [0m] Listening on [0;1;39mLibvirt qemu local read-only socket[0m.
[[0;32m  OK  [0m] Listening on [0;1;39mLibvirt secret local socket[0m.
[[0;32m  OK  [0m] Listening on [0;1;39mLibvirt storage local socket[0m.
[[0;32m  OK  [0m] Reached target [0;1;39mSocket Units[0m.
         Starting [0;1;39mD-Bus System Message Bus[0m...
[[0;32m  OK  [0m] Started [0;1;39mD-Bus System Message Bus[0m.
[[0;32m  OK  [0m] Reached target [0;1;39mBasic System[0m.
         Starting [0;1;39mNetwork Manager[0m...
         Starting [0;1;39mNTP client/server[0m...
         Starting [0;1;39mRestore /run/initramfs on shutdown[0m...
[[0;32m  OK  [0m] Started [0;1;39mirqbalance daemon[0m.
[[0;32m  OK  [0m] Started [0;1;39mlibstoragemgmt plug-in server daemon[0m.
[[0;32m  OK  [0m] Started [0;1;39mMachine Check Exception Logging Daemon[0m.
[[0;32m  OK  [0m] Reached target [0;1;39msshd-keygen.target[0m.
[[0;32m  OK  [0m] Reached target [0;1;39mUser and Group Name Lookups[0m.
         Starting [0;1;39mUser Login Management[0m...
         Starting [0;1;39mVirtual Machine a…tainer Registration Service[0m...
         Starting [0;1;39mupdate of the roo…NSSEC validation in unbound[0m...
         Starting [0;1;39mRotate log files[0m...
[[0;32m  OK  [0m] Started [0;1;39mUpdate a database for mlocate[0m.
[[0;32m  OK  [0m] Finished [0;1;39mRestore /run/initramfs on shutdown[0m.
[[0;32m  OK  [0m] Started [0;1;39mVirtual Machine an…ontainer Registration Service[0m.
         Starting [0;1;39mHostname Service[0m...
[[0;32m  OK  [0m] Finished [0;1;39mupdate of the roo… DNSSEC validation in unbound[0m.
[[0;32m  OK  [0m] Started [0;1;39mNTP client/server[0m.
[[0;32m  OK  [0m] Started [0;1;39mUser Login Management[0m.
[[0;32m  OK  [0m] Finished [0;1;39mRotate log files[0m.
[[0;32m  OK  [0m] Started [0;1;39mHostname Service[0m.
         Starting [0;1;39mNetwork Manager Script Dispatcher Service[0m...
[[0;32m  OK  [0m] Started [0;1;39mNetwork Manager Script Dispatcher Service[0m.
[   19.476017] e1000: eth0 NIC Link is Up 1000 Mbps Full Duplex, Flow Control: RX
[   19.479269] IPv6: ADDRCONF(NETDEV_CHANGE): eth0: link becomes ready
[[0;32m  OK  [0m] Started [0;1;39mNetwork Manager[0m.
[[0;32m  OK  [0m] Reached target [0;1;39mNetwork[0m.
[[0;32m  OK  [0m] Reached target [0;1;39mNetwork is Online[0m.
         Starting [0;1;39mGSSAPI Proxy Daemon[0m...
         Starting [0;1;39mNotify NFS peers of a restart[0m...
         Starting [0;1;39mSystem Logging Service[0m...
         Starting [0;1;39mOpenSSH server daemon[0m...
         Starting [0;1;39mDynamic System Tuning Daemon[0m...
[[0;32m  OK  [0m] Started [0;1;39mNotify NFS peers of a restart[0m.
[[0;32m  OK  [0m] Started [0;1;39mGSSAPI Proxy Daemon[0m.
[[0;32m  OK  [0m] Reached target [0;1;39mNFS client services[0m.
[[0;32m  OK  [0m] Reached target [0;1;39mPreparation for Remote File Systems[0m.
[[0;32m  OK  [0m] Reached target [0;1;39mRemote File Systems[0m.
         Starting [0;1;39mPermit User Sessions[0m...
         Starting [0;1;39mVirtualization qemu daemon[0m...
[[0;32m  OK  [0m] Started [0;1;39mOpenSSH server daemon[0m.
[[0;32m  OK  [0m] Finished [0;1;39mPermit User Sessions[0m.
[[0;32m  OK  [0m] Started [0;1;39mDeferred execution scheduler[0m.
[[0;32m  OK  [0m] Started [0;1;39mCommand Scheduler[0m.
         Starting [0;1;39mHold until boot process finishes up[0m...
         Starting [0;1;39mTerminate Plymouth Boot Screen[0m...
[[0;32m  OK  [0m] Finished [0;1;39mHold until boot process finishes up[0m.
[[0;32m  OK  [0m] Finished [0;1;39mTerminate Plymouth Boot Screen[0m.
[[0;32m  OK  [0m] Started [0;1;39mGetty on tty1[0m.
[[0;32m  OK  [0m] Started [0;1;39mSerial Getty on ttyS0[0m.
[[0;32m  OK  [0m] Reached target [0;1;39mLogin Prompts[0m.
[[0;32m  OK  [0m] Started [0;1;39mVirtualization qemu daemon[0m.
[[0;32m  OK  [0m] Started [0;1;39mSystem Logging Service[0m.
         Starting [0;1;39mAuthorization Manager[0m...
[[0;32m  OK  [0m] Started [0;1;39mAuthorization Manager[0m.

CentOS Stream 9
Kernel 5.11.0-f40ddce88593 on an x86_64

Activate the web console with: systemctl enable --now cockpit.socket

test login: 