c[?7l[2J[0mSeaBIOS (version rel-1.16.0-0-gd239552ce722-prebuilt.qemu.org)


iPXE (http://ipxe.org) 00:03.0 CA00 PCI2.10 PnP PMM+7FF91000+7FEF1000 CA00
Press Ctrl-B to configure iPXE (PCI 00:03.0)...                                                                               


Booting from ROM...
c[?7l[2J[    0.000000] Linux version 5.19.0-rc3-00fa15e0d564+ (root@p-mtlp04) (gcc (GCC) 11.5.0 20240719 (Red Hat 11.5.0-2), GNU ld version 2.35.2-54.el9) #1 SMP PREEMPT_DYNAMIC Tue Oct 1 16:55:29 CST 2024
[    0.000000] Command line: console=ttyS0 root=/dev/sda earlyprintk=serial net.ifnames=0 plymouth.enable=0
[    0.000000] KERNEL supported cpus:
[    0.000000]   Intel GenuineIntel
[    0.000000]   AMD AuthenticAMD
[    0.000000]   Hygon HygonGenuine
[    0.000000]   Centaur CentaurHauls
[    0.000000]   zhaoxin   Shanghai  
[    0.000000] x86/split lock detection: #DB: warning on user-space bus_locks
[    0.000000] x86/fpu: Supporting XSAVE feature 0x001: 'x87 floating point registers'
[    0.000000] x86/fpu: Supporting XSAVE feature 0x002: 'SSE registers'
[    0.000000] x86/fpu: Supporting XSAVE feature 0x004: 'AVX registers'
[    0.000000] x86/fpu: Supporting XSAVE feature 0x200: 'Protection Keys User registers'
[    0.000000] x86/fpu: xstate_offset[2]:  576, xstate_sizes[2]:  256
[    0.000000] x86/fpu: xstate_offset[9]:  832, xstate_sizes[9]:    8
[    0.000000] x86/fpu: Enabled xstate features 0x207, context size is 840 bytes, using 'compacted' format.
[    0.000000] signal: max sigframe size: 3632
[    0.000000] BIOS-provided physical RAM map:
[    0.000000] BIOS-e820: [mem 0x0000000000000000-0x000000000009fbff] usable
[    0.000000] BIOS-e820: [mem 0x000000000009fc00-0x000000000009ffff] reserved
[    0.000000] BIOS-e820: [mem 0x00000000000f0000-0x00000000000fffff] reserved
[    0.000000] BIOS-e820: [mem 0x0000000000100000-0x000000007ffdffff] usable
[    0.000000] BIOS-e820: [mem 0x000000007ffe0000-0x000000007fffffff] reserved
[    0.000000] BIOS-e820: [mem 0x00000000feffc000-0x00000000feffffff] reserved
[    0.000000] BIOS-e820: [mem 0x00000000fffc0000-0x00000000ffffffff] reserved
[    0.000000] printk: bootconsole [earlyser0] enabled
[    0.000000] NX (Execute Disable) protection: active
[    0.000000] SMBIOS 2.8 present.
[    0.000000] DMI: QEMU Standard PC (i440FX + PIIX, 1996), BIOS rel-1.16.0-0-gd239552ce722-prebuilt.qemu.org 04/01/2014
[    0.000000] Hypervisor detected: KVM
[    0.000000] kvm-clock: Using msrs 4b564d01 and 4b564d00
[    0.000006] kvm-clock: using sched offset of 917309126 cycles
[    0.000548] clocksource: kvm-clock: mask: 0xffffffffffffffff max_cycles: 0x1cd42e4dffb, max_idle_ns: 881590591483 ns
[    0.002261] tsc: Detected 2995.200 MHz processor
[    0.008403] last_pfn = 0x7ffe0 max_arch_pfn = 0x400000000
[    0.009029] x86/PAT: Configuration [0-7]: WB  WC  UC- UC  WB  WP  UC- WT  
[    0.021560] found SMP MP-table at [mem 0x000f5ba0-0x000f5baf]
[    0.022210] Using GB pages for direct mapping
[    0.023655] ACPI: Early table checksum verification disabled
[    0.024238] ACPI: RSDP 0x00000000000F59C0 000014 (v00 BOCHS )
[    0.024840] ACPI: RSDT 0x000000007FFE1951 000034 (v01 BOCHS  BXPC     00000001 BXPC 00000001)
[    0.025727] ACPI: FACP 0x000000007FFE17FD 000074 (v01 BOCHS  BXPC     00000001 BXPC 00000001)
[    0.026617] ACPI: DSDT 0x000000007FFE0040 0017BD (v01 BOCHS  BXPC     00000001 BXPC 00000001)
[    0.027494] ACPI: FACS 0x000000007FFE0000 000040
[    0.027977] ACPI: APIC 0x000000007FFE1871 000080 (v01 BOCHS  BXPC     00000001 BXPC 00000001)
[    0.028854] ACPI: HPET 0x000000007FFE18F1 000038 (v01 BOCHS  BXPC     00000001 BXPC 00000001)
[    0.029739] ACPI: WAET 0x000000007FFE1929 000028 (v01 BOCHS  BXPC     00000001 BXPC 00000001)
[    0.030643] ACPI: Reserving FACP table memory at [mem 0x7ffe17fd-0x7ffe1870]
[    0.031384] ACPI: Reserving DSDT table memory at [mem 0x7ffe0040-0x7ffe17fc]
[    0.032116] ACPI: Reserving FACS table memory at [mem 0x7ffe0000-0x7ffe003f]
[    0.032851] ACPI: Reserving APIC table memory at [mem 0x7ffe1871-0x7ffe18f0]
[    0.033592] ACPI: Reserving HPET table memory at [mem 0x7ffe18f1-0x7ffe1928]
[    0.034329] ACPI: Reserving WAET table memory at [mem 0x7ffe1929-0x7ffe1950]
[    0.035674] No NUMA configuration found
[    0.036086] Faking a node at [mem 0x0000000000000000-0x000000007ffdffff]
[    0.036835] NODE_DATA(0) allocated [mem 0x7ffb5000-0x7ffdffff]
[    0.039949] Zone ranges:
[    0.040213]   DMA      [mem 0x0000000000001000-0x0000000000ffffff]
[    0.040844]   DMA32    [mem 0x0000000001000000-0x000000007ffdffff]
[    0.041473]   Normal   empty
[    0.041776]   Device   empty
[    0.042077] Movable zone start for each node
[    0.042526] Early memory node ranges
[    0.042902]   node   0: [mem 0x0000000000001000-0x000000000009efff]
[    0.043560]   node   0: [mem 0x0000000000100000-0x000000007ffdffff]
[    0.044217] Initmem setup node 0 [mem 0x0000000000001000-0x000000007ffdffff]
[    0.045953] On node 0, zone DMA: 1 pages in unavailable ranges
[    0.046241] On node 0, zone DMA: 97 pages in unavailable ranges
[    0.099839] On node 0, zone DMA32: 32 pages in unavailable ranges
[    0.791903] kasan: KernelAddressSanitizer initialized
[    0.793255] ACPI: PM-Timer IO Port: 0x608
[    0.793675] ACPI: LAPIC_NMI (acpi_id[0xff] dfl dfl lint[0x1])
[    0.794280] IOAPIC[0]: apic_id 0, version 17, address 0xfec00000, GSI 0-23
[    0.794940] ACPI: INT_SRC_OVR (bus 0 bus_irq 0 global_irq 2 dfl dfl)
[    0.795532] ACPI: INT_SRC_OVR (bus 0 bus_irq 5 global_irq 5 high level)
[    0.796145] ACPI: INT_SRC_OVR (bus 0 bus_irq 9 global_irq 9 high level)
[    0.796758] ACPI: INT_SRC_OVR (bus 0 bus_irq 10 global_irq 10 high level)
[    0.797387] ACPI: INT_SRC_OVR (bus 0 bus_irq 11 global_irq 11 high level)
[    0.798041] ACPI: Using ACPI (MADT) for SMP configuration information
[    0.798639] ACPI: HPET id: 0x8086a201 base: 0xfed00000
[    0.799139] TSC deadline timer available
[    0.799507] smpboot: Allowing 2 CPUs, 0 hotplug CPUs
[    0.800030] kvm-guest: KVM setup pv remote TLB flush
[    0.800494] kvm-guest: setup PV sched yield
[    0.800937] PM: hibernation: Registered nosave memory: [mem 0x00000000-0x00000fff]
[    0.801648] PM: hibernation: Registered nosave memory: [mem 0x0009f000-0x0009ffff]
[    0.802348] PM: hibernation: Registered nosave memory: [mem 0x000a0000-0x000effff]
[    0.803046] PM: hibernation: Registered nosave memory: [mem 0x000f0000-0x000fffff]
[    0.803747] [mem 0x80000000-0xfeffbfff] available for PCI devices
[    0.804308] Booting paravirtualized kernel on KVM
[    0.804751] clocksource: refined-jiffies: mask: 0xffffffff max_cycles: 0xffffffff, max_idle_ns: 7645519600211568 ns
[    0.805738] setup_percpu: NR_CPUS:8192 nr_cpumask_bits:2 nr_cpu_ids:2 nr_node_ids:1
[    0.808584] percpu: Embedded 80 pages/cpu s290816 r8192 d28672 u1048576
[    0.809435] kvm-guest: PV spinlocks enabled
[    0.809847] PV qspinlock hash table entries: 256 (order: 0, 4096 bytes, linear)
[    0.810561] Fallback order for Node 0: 0 
[    0.810960] Built 1 zonelists, mobility grouping on.  Total pages: 515808
[    0.811597] Policy zone: DMA32
[    0.811887] Kernel command line: net.ifnames=0 console=ttyS0 root=/dev/sda earlyprintk=serial net.ifnames=0 plymouth.enable=0
[    0.815008] Dentry cache hash table entries: 262144 (order: 9, 2097152 bytes, linear)
[    0.816909] Inode-cache hash table entries: 131072 (order: 8, 1048576 bytes, linear)
[    0.817795] mem auto-init: stack:off, heap alloc:off, heap free:off
[    0.818361] Stack Depot early init allocating hash table with memblock_alloc, 8388608 bytes
[    0.878053] Memory: 1304240K/2096632K available (67601K kernel code, 13385K rwdata, 13948K rodata, 4044K init, 70400K bss, 792136K reserved, 0K cma-reserved)
[    0.880754] SLUB: HWalign=64, Order=0-3, MinObjects=0, CPUs=2, Nodes=1
[    0.881354] kmemleak: Kernel memory leak detector disabled
[    0.881958] ftrace: allocating 64244 entries in 251 pages
[    0.905996] ftrace: allocated 251 pages with 7 groups
[    0.910738] Dynamic Preempt: voluntary
[    0.911414] Running RCU self tests
[    0.911759] rcu: Preemptible hierarchical RCU implementation.
[    0.912308] rcu: 	RCU lockdep checking is enabled.
[    0.912765] rcu: 	RCU restricting CPUs from NR_CPUS=8192 to nr_cpu_ids=2.
[    0.913413] 	Trampoline variant of Tasks RCU enabled.
[    0.913905] 	Rude variant of Tasks RCU enabled.
[    0.914339] 	Tracing variant of Tasks RCU enabled.
[    0.914798] rcu: RCU calculated value of scheduler-enlistment delay is 25 jiffies.
[    0.915521] rcu: Adjusting geometry for rcu_fanout_leaf=16, nr_cpu_ids=2
[    0.944356] NR_IRQS: 524544, nr_irqs: 440, preallocated irqs: 16
[    0.945442] rcu: srcu_init: Setting srcu_struct sizes based on contention.
[    0.954565] Console: colour VGA+ 80x25
[    0.955033] printk: console [ttyS0] enabled
[    0.955033] printk: console [ttyS0] enabled
[    0.955806] printk: bootconsole [earlyser0] disabled
[    0.955806] printk: bootconsole [earlyser0] disabled
[    0.956773] Lock dependency validator: Copyright (c) 2006 Red Hat, Inc., Ingo Molnar
[    0.957535] ... MAX_LOCKDEP_SUBCLASSES:  8
[    0.957941] ... MAX_LOCK_DEPTH:          48
[    0.958359] ... MAX_LOCKDEP_KEYS:        8192
[    0.958791] ... CLASSHASH_SIZE:          4096
[    0.959223] ... MAX_LOCKDEP_ENTRIES:     524288
[    0.959671] ... MAX_LOCKDEP_CHAINS:      524288
[    0.960120] ... CHAINHASH_SIZE:          262144
[    0.960579]  memory used by lock dependency info: 54081 kB
[    0.961129]  memory used for stack traces: 4224 kB
[    0.961623]  per task-struct memory footprint: 1920 bytes
[    0.962281] ACPI: Core revision 20220331
[    0.963130] clocksource: hpet: mask: 0xffffffff max_cycles: 0xffffffff, max_idle_ns: 19112604467 ns
[    0.964179] APIC: Switch to symmetric I/O mode setup
[    0.965067] x2apic enabled
[    0.965556] Switched APIC routing to physical x2apic.
[    0.966039] kvm-guest: setup PV IPIs
[    0.967488] ..TIMER: vector=0x30 apic1=0 pin1=2 apic2=-1 pin2=-1
[    0.968082] clocksource: tsc-early: mask: 0xffffffffffffffff max_cycles: 0x2b2c8ec87c7, max_idle_ns: 440795278598 ns
[    0.969156] Calibrating delay loop (skipped) preset value.. 5990.40 BogoMIPS (lpj=11980800)
[    0.969941] pid_max: default: 32768 minimum: 301
[    0.970646] LSM: Security Framework initializing
[    0.971087] Yama: becoming mindful.
[    0.971722] Mount-cache hash table entries: 4096 (order: 3, 32768 bytes, linear)
[    0.973145] Mountpoint-cache hash table entries: 4096 (order: 3, 32768 bytes, linear)
[    0.975454] x86/cpu: User Mode Instruction Prevention (UMIP) activated
[    0.976172] Last level iTLB entries: 4KB 0, 2MB 0, 4MB 0
[    0.976668] Last level dTLB entries: 4KB 0, 2MB 0, 4MB 0, 1GB 0
[    0.977160] Spectre V1 : Mitigation: usercopy/swapgs barriers and __user pointer sanitization
[    0.977984] Spectre V2 : WARNING: Unprivileged eBPF is enabled with eIBRS on, data leaks possible via Spectre v2 BHB attacks!
[    0.979082] Spectre V2 : Mitigation: Enhanced IBRS
[    0.979557] Spectre V2 : Spectre v2 / SpectreRSB mitigation: Filling RSB on context switch
[    0.980383] Spectre V2 : mitigation: Enabling conditional Indirect Branch Prediction Barrier
[    0.981141] Speculative Store Bypass: Mitigation: Speculative Store Bypass disabled via prctl
[    1.023447] Freeing SMP alternatives memory: 52K
[    1.024336] smpboot: CPU0: Intel(R) Core(TM) Ultra 7 155H (family: 0x6, model: 0xaa, stepping: 0x4)
[    1.025136] cblist_init_generic: Setting adjustable number of callback queues.
[    1.025136] cblist_init_generic: Setting shift to 1 and lim to 1.
[    1.025136] cblist_init_generic: Setting shift to 1 and lim to 1.
[    1.025136] cblist_init_generic: Setting shift to 1 and lim to 1.
[    1.026105] Running RCU-tasks wait API self tests
[    1.129386] Performance Events: unsupported p6 CPU model 170 no PMU driver, software events only.
[    1.131406] rcu: Hierarchical SRCU implementation.
[    1.131544] printk: console [ttyS0] printing thread started
[    1.137214] Callback from call_rcu_tasks_trace() invoked.
[    1.138081] NMI watchdog: Perf NMI watchdog permanently disabled
[    1.138528] smp: Bringing up secondary CPUs ...
[    1.139853] x86: Booting SMP configuration:
[    1.139859] .... node  #0, CPUs:      #1
[    1.143691] smp: Brought up 1 node, 2 CPUs
[    1.143691] smpboot: Max logical packages: 1
[    1.143691] smpboot: Total of 2 processors activated (11980.80 BogoMIPS)
[    1.149519] devtmpfs: initialized
[    1.150987] x86/mm: Memory block size: 128MB
[    1.157890] clocksource: jiffies: mask: 0xffffffff max_cycles: 0xffffffff, max_idle_ns: 7645041785100000 ns
[    1.157890] futex hash table entries: 512 (order: 4, 65536 bytes, linear)
[    1.158310] pinctrl core: initialized pinctrl subsystem
[    1.159428] 
[    1.159430] *************************************************************
[    1.159433] **     NOTICE NOTICE NOTICE NOTICE NOTICE NOTICE NOTICE    **
[    1.159435] **                                                         **
[    1.159437] **  IOMMU DebugFS SUPPORT HAS BEEN ENABLED IN THIS KERNEL  **
[    1.159439] **                                                         **
[    1.159441] ** This means that this kernel is built to expose internal **
[    1.159443] ** IOMMU data structures, which may compromise security on **
[    1.159445] ** your system.                                            **
[    1.159447] **                                                         **
[    1.159449] ** If you see this message and you are not debugging the   **
[    1.159451] ** kernel, report this immediately to your vendor!         **
[    1.159453] **                                                         **
[    1.159455] **     NOTICE NOTICE NOTICE NOTICE NOTICE NOTICE NOTICE    **
[    1.159457] *************************************************************
[    1.159534] PM: RTC time: 09:27:54, date: 2024-10-01
[    1.164629] NET: Registered PF_NETLINK/PF_ROUTE protocol family
[    1.165627] DMA: preallocated 256 KiB GFP_KERNEL pool for atomic allocations
[    1.165658] DMA: preallocated 256 KiB GFP_KERNEL|GFP_DMA pool for atomic allocations
[    1.165683] DMA: preallocated 256 KiB GFP_KERNEL|GFP_DMA32 pool for atomic allocations
[    1.165770] audit: initializing netlink subsys (disabled)
[    1.167408] thermal_sys: Registered thermal governor 'fair_share'
[    1.167414] thermal_sys: Registered thermal governor 'bang_bang'
[    1.167418] thermal_sys: Registered thermal governor 'step_wise'
[    1.167422] thermal_sys: Registered thermal governor 'user_space'
[    1.167529] audit: type=2000 audit(1727774874.876:1): state=initialized audit_enabled=0 res=1
[    1.167679] cpuidle: using governor ladder
[    1.168318] cpuidle: using governor menu
[    1.169874] HugeTLB: can optimize 4095 vmemmap pages for hugepages-1048576kB
[    1.169897] acpiphp: ACPI Hot Plug PCI Controller Driver version: 0.5
[    1.170707] PCI: Using configuration type 1 for base access
[    1.207165] kprobes: kprobe jump-optimization is enabled. All kprobes are optimized if possible.
[    1.302345] HugeTLB: can optimize 7 vmemmap pages for hugepages-2048kB
[    1.302363] HugeTLB registered 1.00 GiB page size, pre-allocated 0 pages
[    1.302370] HugeTLB registered 2.00 MiB page size, pre-allocated 0 pages
[    1.310123] ACPI: Added _OSI(Module Device)
[    1.310130] ACPI: Added _OSI(Processor Device)
[    1.310134] ACPI: Added _OSI(3.0 _SCP Extensions)
[    1.310138] ACPI: Added _OSI(Processor Aggregator Device)
[    1.310150] ACPI: Added _OSI(Linux-Dell-Video)
[    1.310169] ACPI: Added _OSI(Linux-Lenovo-NV-HDMI-Audio)
[    1.310175] ACPI: Added _OSI(Linux-HPI-Hybrid-Graphics)
[    1.329805] ACPI: 1 ACPI AML tables successfully acquired and loaded
[    1.338246] ACPI: Interpreter enabled
[    1.338417] ACPI: PM: (supports S0 S3 S4 S5)
[    1.338424] ACPI: Using IOAPIC for interrupt routing
[    1.338610] PCI: Using host bridge windows from ACPI; if necessary, use "pci=nocrs" and report a bug
[    1.338615] PCI: Using E820 reservations for host bridge windows
[    1.340061] ACPI: Enabled 2 GPEs in block 00 to 0F
[    1.383269] ACPI: PCI Root Bridge [PCI0] (domain 0000 [bus 00-ff])
[    1.383307] acpi PNP0A03:00: _OSC: OS supports [ASPM ClockPM Segments MSI EDR HPX-Type3]
[    1.383319] acpi PNP0A03:00: _OSC: not requesting OS control; OS requires [ExtendedConfig ASPM ClockPM MSI]
[    1.383508] acpi PNP0A03:00: fail to add MMCONFIG information, can't access extended PCI configuration space under this bridge.
[    1.391763] acpiphp: Slot [3] registered
[    1.391967] acpiphp: Slot [4] registered
[    1.392118] acpiphp: Slot [5] registered
[    1.392282] acpiphp: Slot [6] registered
[    1.392453] acpiphp: Slot [7] registered
[    1.392635] acpiphp: Slot [8] registered
[    1.392784] acpiphp: Slot [9] registered
[    1.392950] acpiphp: Slot [10] registered
[    1.393105] acpiphp: Slot [11] registered
[    1.397187] acpiphp: Slot [12] registered
[    1.397344] acpiphp: Slot [13] registered
[    1.397531] acpiphp: Slot [14] registered
[    1.397681] acpiphp: Slot [15] registered
[    1.398545] acpiphp: Slot [16] registered
[    1.398753] acpiphp: Slot [17] registered
[    1.398921] acpiphp: Slot [18] registered
[    1.399069] acpiphp: Slot [19] registered
[    1.399299] acpiphp: Slot [20] registered
[    1.399449] acpiphp: Slot [21] registered
[    1.399597] acpiphp: Slot [22] registered
[    1.399760] acpiphp: Slot [23] registered
[    1.399953] acpiphp: Slot [24] registered
[    1.400131] acpiphp: Slot [25] registered
[    1.400279] acpiphp: Slot [26] registered
[    1.400442] acpiphp: Slot [27] registered
[    1.400625] acpiphp: Slot [28] registered
[    1.400775] acpiphp: Slot [29] registered
[    1.400922] acpiphp: Slot [30] registered
[    1.401091] acpiphp: Slot [31] registered
[    1.401169] PCI host bridge to bus 0000:00
[    1.409179] pci_bus 0000:00: root bus resource [io  0x0000-0x0cf7 window]
[    1.409194] pci_bus 0000:00: root bus resource [io  0x0d00-0xffff window]
[    1.409205] pci_bus 0000:00: root bus resource [mem 0x000a0000-0x000bffff window]
[    1.409216] pci_bus 0000:00: root bus resource [mem 0x80000000-0xfebfffff window]
[    1.409226] pci_bus 0000:00: root bus resource [mem 0x100000000-0x17fffffff window]
[    1.409239] pci_bus 0000:00: root bus resource [bus 00-ff]
[    1.409479] pci 0000:00:00.0: [8086:1237] type 00 class 0x060000
[    1.425704] pci 0000:00:01.0: [8086:7000] type 00 class 0x060100
[    1.427101] pci 0000:00:01.1: [8086:7010] type 00 class 0x010180
[    1.428881] pci 0000:00:01.1: reg 0x20: [io  0xc040-0xc04f]
[    1.429597] pci 0000:00:01.1: legacy IDE quirk: reg 0x10: [io  0x01f0-0x01f7]
[    1.429608] pci 0000:00:01.1: legacy IDE quirk: reg 0x14: [io  0x03f6]
[    1.429616] pci 0000:00:01.1: legacy IDE quirk: reg 0x18: [io  0x0170-0x0177]
[    1.429623] pci 0000:00:01.1: legacy IDE quirk: reg 0x1c: [io  0x0376]
[    1.434378] pci 0000:00:01.3: [8086:7113] type 00 class 0x068000
[    1.434832] pci 0000:00:01.3: quirk: [io  0x0600-0x063f] claimed by PIIX4 ACPI
[    1.434850] pci 0000:00:01.3: quirk: [io  0x0700-0x070f] claimed by PIIX4 SMB
[    1.435606] pci 0000:00:02.0: [1234:1111] type 00 class 0x030000
[    1.437557] pci 0000:00:02.0: reg 0x10: [mem 0xfd000000-0xfdffffff pref]
[    1.440092] pci 0000:00:02.0: reg 0x18: [mem 0xfebf0000-0xfebf0fff]
[    1.445738] pci 0000:00:02.0: reg 0x30: [mem 0xfebe0000-0xfebeffff pref]
[    1.451692] pci 0000:00:02.0: Video device with shadowed ROM at [mem 0x000c0000-0x000dffff]
[    1.464117] pci 0000:00:03.0: [8086:100e] type 00 class 0x020000
[    1.466702] pci 0000:00:03.0: reg 0x10: [mem 0xfebc0000-0xfebdffff]
[    1.467904] pci 0000:00:03.0: reg 0x14: [io  0xc000-0xc03f]
[    1.470785] pci 0000:00:03.0: reg 0x30: [mem 0xfeb80000-0xfebbffff pref]
[    1.497187] ACPI: PCI: Interrupt link LNKA configured for IRQ 10
[    1.498337] ACPI: PCI: Interrupt link LNKB configured for IRQ 10
[    1.499358] ACPI: PCI: Interrupt link LNKC configured for IRQ 11
[    1.500370] ACPI: PCI: Interrupt link LNKD configured for IRQ 11
[    1.500842] ACPI: PCI: Interrupt link LNKS configured for IRQ 9
[    1.507727] iommu: Default domain type: Translated 
[    1.507737] iommu: DMA domain TLB invalidation policy: lazy mode 
[    1.513132] SCSI subsystem initialized
[    1.514024] ACPI: bus type USB registered
[    1.514250] usbcore: registered new interface driver usbfs
[    1.514433] usbcore: registered new interface driver hub
[    1.514521] usbcore: registered new device driver usb
[    1.514863] pps_core: LinuxPPS API ver. 1 registered
[    1.514868] pps_core: Software ver. 5.3.6 - Copyright 2005-2007 Rodolfo Giometti <giometti@linux.it>
[    1.514950] PTP clock support registered
[    1.515359] EDAC MC: Ver: 3.0.0
[    1.519317] NetLabel: Initializing
[    1.519321] NetLabel:  domain hash size = 128
[    1.519325] NetLabel:  protocols = UNLABELED CIPSOv4 CALIPSO
[    1.519518] NetLabel:  unlabeled traffic allowed by default
[    1.525367] PCI: Using ACPI for IRQ routing
[    1.525861] pci 0000:00:02.0: vgaarb: setting as boot VGA device
[    1.525873] pci 0000:00:02.0: vgaarb: bridge control possible
[    1.525878] pci 0000:00:02.0: vgaarb: VGA device added: decodes=io+mem,owns=io+mem,locks=none
[    1.525889] vgaarb: loaded
[    1.530274] hpet0: at MMIO 0xfed00000, IRQs 2, 8, 0
[    1.530297] hpet0: 3 comparators, 64-bit 100.000000 MHz counter
[    3.686253] clocksource: Switched to clocksource kvm-clock
[    3.732274] Callback from call_rcu_tasks_rude() invoked.
[    3.801627] Callback from call_rcu_tasks() invoked.
[    4.003113] VFS: Disk quotas dquot_6.6.0
[    4.003217] VFS: Dquot-cache hash table entries: 512 (order 0, 4096 bytes)
[    4.004034] pnp: PnP ACPI init
[    4.009533] pnp: PnP ACPI: found 6 devices
[    4.036754] clocksource: acpi_pm: mask: 0xffffff max_cycles: 0xffffff, max_idle_ns: 2085701024 ns
[    4.037567] NET: Registered PF_INET protocol family
[    4.038789] IP idents hash table entries: 32768 (order: 6, 262144 bytes, linear)
[    4.041511] tcp_listen_portaddr_hash hash table entries: 1024 (order: 4, 73728 bytes, linear)
[    4.041658] Table-perturb hash table entries: 65536 (order: 6, 262144 bytes, linear)
[    4.041715] TCP established hash table entries: 16384 (order: 5, 131072 bytes, linear)
[    4.042147] TCP bind hash table entries: 16384 (order: 8, 1179648 bytes, linear)
[    4.043866] TCP: Hash tables configured (established 16384 bind 16384)
[    4.044246] UDP hash table entries: 1024 (order: 5, 163840 bytes, linear)
[    4.044466] UDP-Lite hash table entries: 1024 (order: 5, 163840 bytes, linear)
[    4.045304] NET: Registered PF_UNIX/PF_LOCAL protocol family
[    4.046745] RPC: Registered named UNIX socket transport module.
[    4.046756] RPC: Registered udp transport module.
[    4.046761] RPC: Registered tcp transport module.
[    4.046766] RPC: Registered tcp NFSv4.1 backchannel transport module.
[    4.046828] pci_bus 0000:00: resource 4 [io  0x0000-0x0cf7 window]
[    4.046847] pci_bus 0000:00: resource 5 [io  0x0d00-0xffff window]
[    4.046861] pci_bus 0000:00: resource 6 [mem 0x000a0000-0x000bffff window]
[    4.046875] pci_bus 0000:00: resource 7 [mem 0x80000000-0xfebfffff window]
[    4.046890] pci_bus 0000:00: resource 8 [mem 0x100000000-0x17fffffff window]
[    4.047558] pci 0000:00:01.0: PIIX3: Enabling Passive Release
[    4.047603] pci 0000:00:00.0: Limiting direct PCI/PCI transfers
[    4.047655] pci 0000:00:01.0: Activating ISA DMA hang workarounds
[    4.047805] PCI: CLS 0 bytes, default 64
[    4.047966] ACPI: bus type thunderbolt registered
[    4.048638] clocksource: tsc: mask: 0xffffffffffffffff max_cycles: 0x2b2c8ec87c7, max_idle_ns: 440795278598 ns
[    4.064443] Initialise system trusted keyrings
[    4.064704] Key type blacklist registered
[    4.065241] workingset: timestamp_bits=36 max_order=19 bucket_order=0
[    4.102065] zbud: loaded
[    4.111588] squashfs: version 4.0 (2009/01/31) Phillip Lougher
[    4.117768] NFS: Registering the id_resolver key type
[    4.117849] Key type id_resolver registered
[    4.117859] Key type id_legacy registered
[    4.118243] nfs4filelayout_init: NFSv4 File Layout Driver Registering...
[    4.118316] nfs4flexfilelayout_init: NFSv4 Flexfile Layout Driver Registering...
[    4.118892] fuse: init (API version 7.36)
[    4.120193] SGI XFS with ACLs, security attributes, realtime, quota, no debug enabled
[    4.128329] 9p: Installing v9fs 9p2000 file system support
[    4.137355] Key type asymmetric registered
[    4.137385] Asymmetric key parser 'x509' registered
[    4.142066] alg: self-tests for CTR-KDF (hmac(sha256)) passed
[    4.142282] Block layer SCSI generic (bsg) driver version 0.4 loaded (major 243)
[    4.143166] io scheduler mq-deadline registered
[    4.143589] io scheduler bfq registered
[    4.153797] shpchp: Standard Hot Plug PCI Controller Driver version: 0.4
[    4.154797] IPMI message handler: version 39.2
[    4.154935] ipmi device interface
[    4.157701] input: Power Button as /devices/LNXSYSTM:00/LNXPWRBN:00/input/input0
[    4.158249] ACPI: button: Power Button [PWRF]
[    4.159906] ERST DBG: ERST support is disabled.
[    4.161842] Serial: 8250/16550 driver, 32 ports, IRQ sharing enabled
[    4.162773] 00:04: ttyS0 at I/O 0x3f8 (irq = 4, base_baud = 115200) is a 16550A
[    4.194520] Linux agpgart interface v0.103
[    4.196563] ACPI: bus type drm_connector registered
[    4.238687] brd: module loaded
[    4.254415] loop: module loaded
[    4.266364] scsi host0: ata_piix
[    4.268023] scsi host1: ata_piix
[    4.268472] ata1: PATA max MWDMA2 cmd 0x1f0 ctl 0x3f6 bmdma 0xc040 irq 14
[    4.268483] ata2: PATA max MWDMA2 cmd 0x170 ctl 0x376 bmdma 0xc048 irq 15
[    4.281880] tun: Universal TUN/TAP device driver, 1.6
[    4.282387] e100: Intel(R) PRO/100 Network Driver
[    4.282393] e100: Copyright(c) 1999-2006 Intel Corporation
[    4.282497] e1000: Intel(R) PRO/1000 Network Driver
[    4.282503] e1000: Copyright (c) 1999-2006 Intel Corporation.
[    4.425430] ata1: found unknown device (class 0)
[    4.426419] ata1.00: ATA-7: QEMU HARDDISK, 2.5+, max UDMA/100
[    4.426439] ata1.00: 17196647 sectors, multi 16: LBA48 
[    4.428298] scsi 0:0:0:0: Direct-Access     ATA      QEMU HARDDISK    2.5+ PQ: 0 ANSI: 5
[    4.429409] ata2: found unknown device (class 0)
[    4.430104] ata2.00: ATAPI: QEMU DVD-ROM, 2.5+, max UDMA/100
[    4.432971] scsi 0:0:0:0: Attached scsi generic sg0 type 0
[    4.434162] scsi 1:0:0:0: CD-ROM            QEMU     QEMU DVD-ROM     2.5+ PQ: 0 ANSI: 5
[    4.437044] sd 0:0:0:0: [sda] 17196647 512-byte logical blocks: (8.80 GB/8.20 GiB)
[    4.437115] sd 0:0:0:0: [sda] Write Protect is off
[    4.437288] sd 0:0:0:0: [sda] Write cache: enabled, read cache: enabled, doesn't support DPO or FUA
[    4.437430] sd 0:0:0:0: [sda] Preferred minimum I/O size 512 bytes
[    4.467014] scsi 1:0:0:0: Attached scsi generic sg1 type 5
[    4.472035] sd 0:0:0:0: [sda] Attached SCSI disk
[    5.107917] ACPI: \_SB_.LNKC: Enabled at IRQ 11
[    5.441872] e1000 0000:00:03.0 eth0: (PCI:33MHz:32-bit) 52:54:00:12:34:56
[    5.441940] e1000 0000:00:03.0 eth0: Intel(R) PRO/1000 Network Connection
[    5.442208] e1000e: Intel(R) PRO/1000 Network Driver
[    5.442213] e1000e: Copyright(c) 1999 - 2015 Intel Corporation.
[    5.442334] igb: Intel(R) Gigabit Ethernet Network Driver
[    5.442337] igb: Copyright (c) 2007-2014 Intel Corporation.
[    5.442582] PPP generic driver version 2.4.2
[    5.443662] VFIO - User Level meta-driver version: 0.3
[    5.443768] ehci_hcd: USB 2.0 'Enhanced' Host Controller (EHCI) Driver
[    5.443793] ehci-pci: EHCI PCI platform driver
[    5.443892] ehci-platform: EHCI generic platform driver
[    5.443952] ohci_hcd: USB 1.1 'Open' Host Controller (OHCI) Driver
[    5.443969] ohci-pci: OHCI PCI platform driver
[    5.444027] ohci-platform: OHCI generic platform driver
[    5.444068] uhci_hcd: USB Universal Host Controller Interface driver
[    5.445109] usbcore: registered new interface driver uas
[    5.445357] usbcore: registered new interface driver usb-storage
[    5.445752] i8042: PNP: PS/2 Controller [PNP0303:KBD,PNP0f13:MOU] at 0x60,0x64 irq 1,12
[    5.450099] serio: i8042 KBD port at 0x60,0x64 irq 1
[    5.450218] serio: i8042 AUX port at 0x60,0x64 irq 12
[    5.452055] mousedev: PS/2 mouse device common for all mice
[    5.454338] input: AT Translated Set 2 keyboard as /devices/platform/i8042/serio0/input/input1
[    5.456812] rtc_cmos 00:05: RTC can wake from S4
[    5.459996] input: VirtualPS/2 VMware VMMouse as /devices/platform/i8042/serio1/input/input4
[    5.463235] input: VirtualPS/2 VMware VMMouse as /devices/platform/i8042/serio1/input/input3
[    5.466728] rtc_cmos 00:05: registered as rtc0
[    5.467136] rtc_cmos 00:05: setting system clock to 2024-10-01T09:27:58 UTC (1727774878)
[    5.468046] rtc_cmos 00:05: alarms up to one day, y3k, 242 bytes nvram, hpet irqs
[    5.468433] i2c_dev: i2c /dev entries driver
[    5.468824] device-mapper: core: CONFIG_IMA_DISABLE_HTABLE is disabled. Duplicate IMA measurements will not be recorded in the IMA log.
[    5.470211] device-mapper: uevent: version 1.0.3
[    5.472958] device-mapper: ioctl: 4.46.0-ioctl (2022-02-22) initialised: dm-devel@redhat.com
[    5.473012] intel_pstate: CPU model not supported
[    5.474111] sdhci: Secure Digital Host Controller Interface driver
[    5.474119] sdhci: Copyright(c) Pierre Ossman
[    5.474283] sdhci-pltfm: SDHCI platform and OF driver helper
[    5.474645] ledtrig-cpu: registered to indicate activity on CPUs
[    5.475205] drop_monitor: Initializing network drop monitor service
[    5.476608] NET: Registered PF_INET6 protocol family
[    5.480616] Segment Routing with IPv6
[    5.480666] In-situ OAM (IOAM) with IPv6
[    5.480726] NET: Registered PF_PACKET protocol family
[    5.481247] 9pnet: Installing 9P2000 support
[    5.481370] Key type dns_resolver registered
[    5.484179] IPI shorthand broadcast: enabled
[    5.484362] sched_clock: Marking stable (5468770035, 15009862)->(5519270019, -35490122)
[    5.486287] registered taskstats version 1
[    5.487056] Loading compiled-in X.509 certificates
[    5.487895] zswap: loaded using pool lzo/zbud
[    5.490922] Key type ._fscrypt registered
[    5.490927] Key type .fscrypt registered
[    5.490932] Key type fscrypt-provisioning registered
[    5.493092] Key type encrypted registered
[    5.493191] ima: No TPM chip found, activating TPM-bypass!
[    5.493214] ima: Allocated hash algorithm: sha1
[    5.493298] ima: No architecture policies found
[    5.493472] evm: Initialising EVM extended attributes:
[    5.493475] evm: security.selinux
[    5.493478] evm: security.SMACK64
[    5.493481] evm: security.SMACK64EXEC
[    5.493484] evm: security.SMACK64TRANSMUTE
[    5.493487] evm: security.SMACK64MMAP
[    5.493489] evm: security.apparmor
[    5.493492] evm: security.ima
[    5.493494] evm: security.capability
[    5.493497] evm: HMAC attrs: 0x1
[    5.502769] PM:   Magic number: 12:976:473
[    5.503631] RAS: Correctable Errors collector initialized.
[    5.506382] md: Waiting for all devices to be available before autodetect
[    5.506389] md: If you don't use raid, use raid=noautodetect
[    5.506395] md: Autodetecting RAID arrays.
[    5.506406] md: autorun ...
[    5.506408] md: ... autorun DONE.
[    5.516697] EXT4-fs (sda): mounted filesystem with ordered data mode. Quota mode: none.
[    5.516824] VFS: Mounted root (ext4 filesystem) readonly on device 8:0.
[    5.519226] devtmpfs: mounted
[    5.538773] Freeing unused decrypted memory: 2036K
[    5.541963] Freeing unused kernel image (initmem) memory: 4044K
[    5.542018] Write protecting the kernel read-only data: 83968k
[    5.545552] Freeing unused kernel image (text/rodata gap) memory: 2028K
[    5.547290] Freeing unused kernel image (rodata/data gap) memory: 388K
[    5.625717] x86/mm: Checked W+X mappings: passed, no W+X pages found.
[    5.625757] Run /sbin/init as init process
[    5.821604] systemd[1]: systemd 252-15.el9 running in system mode (+PAM +AUDIT +SELINUX -APPARMOR +IMA +SMACK +SECCOMP +GCRYPT +GNUTLS +OPENSSL +ACL +BLKID +CURL +ELFUTILS -FIDO2 +IDN2 -IDN -IPTC +KMOD +LIBCRYPTSETUP +LIBFDISK +PCRE2 -PWQUALITY +P11KIT -QRENCODE +TPM2 +BZIP2 +LZ4 +XZ +ZLIB +ZSTD -BPF_FRAMEWORK +XKBCOMMON +UTMP +SYSVINIT default-hierarchy=unified)
[    5.821627] systemd[1]: Detected virtualization kvm.

Welcome to [0;31mCentOS Stream 9[0m!
[    5.821647] systemd[1]: Detected architecture x86-64.

[    5.831726] systemd[1]: Hostname set to <test>.
[    6.016056] systemd-rc-local-generator[165]: /etc/rc.d/rc.local is not marked executable, skipping.
[    6.553725] systemd[1]: Queued start job for default target Multi-User System.
[[0;32m  OK  [0m] Created slice [0;1;39mVirtual Machine and Container Slice[0m.
[    6.558990] systemd[1]: Created slice Virtual Machine and Container Slice.
[[0;32m  OK  [0m] Created slice [0;1;39mSlice /system/getty[0m.
[    6.564832] systemd[1]: Created slice Slice /system/getty.
[[0;32m  OK  [0m] Created slice [0;1;39mSlice /system/modprobe[0m.[    6.568689] systemd[1]: Created slice Slice /system/modprobe.

[[0;32m  OK  [0m] Created slice [0;1;39mSlice /system/serial-getty[0m.
[    6.572347] systemd[1]: Created slice Slice /system/serial-getty.
[[0;32m  OK  [0m] Created slice [0;1;39mSlice /system/sshd-keygen[0m.[    6.576578] systemd[1]: Created slice Slice /system/sshd-keygen.

[[0;32m  OK  [0m] Created slice [0;1;39mUser and Session Slice[0m.
[    6.580146] systemd[1]: Created slice User and Session Slice.
[    6.581593] systemd[1]: Started Forward Password Requests to Wall Directory Watch.
[[0;32m  OK  [0m] Started [0;1;39mForward Password R…uests to Wall Directory Watch[0m.
[    6.585070] systemd[1]: Set up automount Arbitrary Executable File Formats File System Automount Point.
[[0;32m  OK  [0m] Set up automount [0;1;39mArbitrary…s File System Automount Point[0m.
[[0;32m  OK  [0m] Reached target [0;1;39mLocal Integrity Protected Volumes[0m.
[[0;32m  OK  [0m] Reached target [0;1;39mSlice Units[0m.
[[0;32m  OK  [0m] Reached target [0;1;39mSwaps[0m.
[    6.587255] systemd[1]: Reached target Local Integrity Protected Volumes.
[    6.588146] systemd[1]: Reached target Slice Units.
[    6.588864] systemd[1]: Reached target Swaps.
[    6.591037] systemd[1]: Reached target Local Verity Protected Volumes.
[[0;32m  OK  [0m] Reached target [0;1;39mLocal Verity Protected Volumes[0m.
[[0;32m  OK  [0m] Listening on [0;1;39mDevice-mapper event daemon FIFOs[0m.
[[0;32m  OK  [0m] Listening on [0;1;39mLVM2 poll daemon socket[0m.
[    6.593541] systemd[1]: Listening on Device-mapper event daemon FIFOs.
[    6.595425] systemd[1]: Listening on LVM2 poll daemon socket.
[    6.596474] systemd[1]: multipathd control socket was skipped because of an unmet condition check (ConditionPathExists=/etc/multipath.conf).
[[0;32m  OK  [0m] Listening on [0;1;39mRPCbind Server Activation Socket[0m.
[[0;32m  OK  [0m] Reached target [0;1;39mRPC Port Mapper[0m.
[    6.635203] systemd[1]: Listening on RPCbind Server Activation Socket.
[    6.636293] systemd[1]: Reached target RPC Port Mapper.
[[0;32m  OK  [0m] Listening on [0;1;39mProcess Core Dump Socket[0m.
[    6.646200] systemd[1]: Listening on Process Core Dump Socket.
[[0;32m  OK  [0m] Listening on [0;1;39minitctl Compatibility Named Pipe[0m.
[    6.650921] systemd[1]: Listening on initctl Compatibility Named Pipe.
[[0;32m  OK  [0m] Listening on [0;1;39mJournal Socket (/dev/log)[0m.
[    6.654953] systemd[1]: Listening on Journal Socket (/dev/log).
[    6.657589] systemd[1]: Listening on Journal Socket.
[[0;32m  OK  [0m] Listening on [0;1;39mJournal Socket[0m.
[[0;32m  OK  [0m] Listening on [0;1;39mudev Control Socket[0m.[    6.660361] systemd[1]: Listening on udev Control Socket.

[[0;32m  OK  [0m] Listening on [0;1;39mudev Kernel Socket[0m.
[    6.662783] systemd[1]: Listening on udev Kernel Socket.
         Mounting [0;1;39mHuge Pages File System[0m...
[    6.671170] systemd[1]: Mounting Huge Pages File System...
         Mounting [0;1;39mPOSIX Message Queue File System[0m...
[    6.678961] systemd[1]: Mounting POSIX Message Queue File System...
         Mounting [0;1;39mKernel Debug File System[0m...
[    6.687246] systemd[1]: Mounting Kernel Debug File System...
         Mounting [0;1;39mKernel Trace File System[0m...
[    6.695460] systemd[1]: Mounting Kernel Trace File System...
[    6.696613] systemd[1]: Kernel Module supporting RPCSEC_GSS was skipped because of an unmet condition check (ConditionPathExists=/etc/krb5.keytab).
[    6.696872] systemd[1]: Create List of Static Device Nodes was skipped because of an unmet condition check (ConditionFileNotEmpty=/lib/modules/5.19.0-rc3-00fa15e0d564+/modules.devname).
[    6.709094] systemd[1]: Starting Monitoring of LVM2 mirrors, snapshots etc. using dmeventd or progress polling...
         Starting [0;1;39mMonitoring of LVM…meventd or progress polling[0m...
         Starting [0;1;39mLoad Kernel Module configfs[0m...
[    6.718219] systemd[1]: Starting Load Kernel Module configfs...
         Starting [0;1;39mLoad Kernel Module drm[0m...
[    6.729567] systemd[1]: Starting Load Kernel Module drm...
         Starting [0;1;39mLoad Kernel Module fuse[0m...
[    6.750374] systemd[1]: Starting Load Kernel Module fuse...
         Starting [0;1;39mRead and set NIS …from /etc/sysconfig/network[0m...[    6.772575] systemd[1]: Starting Read and set NIS domainname from /etc/sysconfig/network...

         Starting [0;1;39mJournal Service[0m...
[    6.786699] systemd[1]: Starting Journal Service...
         Starting [0;1;39mLoad Kernel Modules[0m...
[    6.799870] systemd[1]: Starting Load Kernel Modules...
         Starting [0;1;39mGenerate network …ts from Kernel command line[0m...
[    6.819883] systemd[1]: Starting Generate network units from Kernel command line...
         Starting [0;1;39mRemount Root and Kernel File Systems[0m...
[    6.853811] systemd[1]: Starting Remount Root and Kernel File Systems...
[    6.856515] systemd[1]: Repartition Root Disk was skipped because no trigger condition checks were met.
         Starting [0;1;39mColdplug All udev Devices[0m...
[    6.880065] systemd[1]: Starting Coldplug All udev Devices...
[    6.928179] systemd[1]: Mounted Huge Pages File System.
[[0;32m  OK  [0m] Mounted [0;1;39mHuge Pages File System[0m.
[[0;32m  OK  [0m] Mounted [0;1;39mPOSIX Message Queue File System[0m.
[[0;32m  OK  [0m] Mounted [0;1;39mKernel Debug File System[0[    6.959051] systemd[1]: Mounted POSIX Message Queue File System.
m.
[    6.960559] systemd[1]: Mounted Kernel Debug File System.
[[0;32m  OK  [0m] Mounted [0;1;39mKernel Trace File System[0m.
[    6.963136] systemd[1]: Mounted Kernel Trace File System.
[    6.966607] systemd[1]: modprobe@configfs.service: Deactivated successfully.
[[0;32m  OK  [0m] Finished [0;1;39mLoad Kernel Module configfs[0m.
[    6.975977] systemd[1]: Finished Load Kernel Module configfs.
[    6.980771] systemd[1]: modprobe@drm.service: Deactivated successfully.
[[0;32m  OK  [0m] Finished [0;1;39mLoad Kernel Module drm[0m.
[    6.986166] systemd[1]: Finished Load Kernel Module drm.
[    6.989017] systemd[1]: modprobe@fuse.service: Deactivated successfully.
[[0;32m  OK  [0m] Finished [0;1;39mLoad Kernel Module fuse[0m.
[    6.991320] systemd[1]: Finished Load Kernel Module fuse.
[[0;32m  OK  [0m] Finished [0;1;39mRead and set NIS …e from /etc/sysconfig/network[0m.
[    7.002214] systemd[1]: Finished Read and set NIS domainname from /etc/sysconfig/network.
[    7.003267] EXT4-fs (sda): re-mounted. Quota mode: none.
[    7.012587] systemd[1]: systemd-modules-load.service: Main process exited, code=exited, status=1/FAILURE
[    7.016459] systemd[1]: systemd-modules-load.service: Failed with result 'exit-code'.
[[0;1;31mFAILED[0m] Failed to start [0;1;39mLoad Kernel Modules[0m.
See 'systemctl status systemd-modules-load.service' for details.
[    7.022598] systemd[1]: Failed to start Load Kernel Modules.
[[0;32m  OK  [0m] Finished [0;1;39mGenerate network units from Kernel command line[0m.
[    7.030580] systemd[1]: Finished Generate network units from Kernel command line.
[[0;32m  OK  [0m] Finished [0;1;39mRemount Root and Kernel File Systems[0m.
[[0;32m  OK  [0m] Reached target [0;1;39mPreparation for Network[0m.
[    7.037692] systemd[1]: Finished Remount Root and Kernel File Systems.
[    7.040254] systemd[1]: Reached target Preparation for Network.
         Mounting [0;1;39mFUSE Control File System[0m...
[    7.061657] systemd[1]: Mounting FUSE Control File System...
         Mounting [0;1;39mKernel Configuration File System[0m...
[    7.094014] systemd[1]: Mounting Kernel Configuration File System...
[    7.098080] systemd[1]: Special handling of early boot iSCSI sessions was skipped because of an unmet condition check (ConditionDirectoryNotEmpty=/sys/class/iscsi_session).
[    7.098278] systemd[1]: First Boot Wizard was skipped because of an unmet condition check (ConditionFirstBoot=yes).
[    7.121904] systemd[1]: Rebuild Hardware Database was skipped because of an unmet condition check (ConditionNeedsUpdate=/etc).
         Starting [0;1;39mLoad/Save Random Seed[0m...
[    7.167763] systemd[1]: Starting Load/Save Random Seed...
         Starting [0;1;39mApply Kernel Variables[0m...
[    7.205767] systemd[1]: Starting Apply Kernel Variables...
[    7.207039] systemd[1]: Create System Users was skipped because no trigger condition checks were met.
         Starting [0;1;39mCreate Static Device Nodes in /dev[0m...
[    7.225912] systemd[1]: Starting Create Static Device Nodes in /dev...
         Starting [0;1;39mSetup Virtual Console[0m...
[    7.253899] systemd[1]: Starting Setup Virtual Console...
[[0;32m  OK  [0m] Started [0;1;39mJournal Service[0m.
[    7.282386] systemd[1]: Started Journal Service.
[[0;32m  OK  [0m] Mounted [0;1;39mFUSE Control File System[0m.
[[0;32m  OK  [0m] Mounted [0;1;39mKernel Configuration File System[0m.
         Starting [0;1;39mFlush Journal to Persistent Storage[0m...
[[0;32m  OK  [0m] Finished [0;1;39mApply Kernel Variables[0m.
[    7.432589] systemd-journald[189]: Received client request to flush runtime journal.
[[0;32m  OK  [0m] Finished [0;1;39mFlush Journal to Persistent Storage[0m.
[[0;32m  OK  [0m] Finished [0;1;39mCreate Static Device Nodes in /dev[0m.
         Starting [0;1;39mRule-based Manage…for Device Events and Files[0m...
[    7.768517] random: crng init done
[[0;32m  OK  [0m] Finished [0;1;39mLoad/Save Random Seed[0m.
[[0;32m  OK  [0m] Finished [0;1;39mMonitoring of LVM… dmeventd or progress polling[0m.
[[0;32m  OK  [0m] Started [0;1;39mRule-based Manager for Device Events and Files[0m.
         Starting [0;1;39mAuto-connect to s…E devices found during boot[0m...
[[0;32m  OK  [0m] Finished [0;1;39mAuto-connect to s…VME devices found during boot[0m.
[[0;32m  OK  [0m] Finished [0;1;39mSetup Virtual Console[0m.
[[0;32m  OK  [0m] Finished [0;1;39mColdplug All udev Devices[0m.
[[0;32m  OK  [0m] Started [0;1;39mDispatch Password …ts to Console Directory Watch[0m.
[[0;32m  OK  [0m] Reached target [0;1;39mLocal Encrypted Volumes[0m.
[[0;32m  OK  [0m] Reached target [0;1;39mPath Units[0m.
         Starting [0;1;39mWait for udev To …plete Device Initialization[0m...
[[0;32m  OK  [0m] Found device [0;1;39m/dev/ttyS0[0m.
[[0;32m  OK  [0m] Listening on [0;1;39mLoad/Save RF …itch Status /dev/rfkill Watch[0m.
[[0;32m  OK  [0m] Finished [0;1;39mWait for udev To Complete Device Initialization[0m.
[[0;32m  OK  [0m] Reached target [0;1;39mPreparation for Local File Systems[0m.
[[0;32m  OK  [0m] Reached target [0;1;39mLocal File Systems[0m.
         Starting [0;1;39mTell Plymouth To Write Out Runtime Data[0m...
         Starting [0;1;39mAutomatic Boot Loader Update[0m...
         Starting [0;1;39mCreate Volatile Files and Directories[0m...
[[0;32m  OK  [0m] Finished [0;1;39mTell Plymouth To Write Out Runtime Data[0m.
[[0;32m  OK  [0m] Finished [0;1;39mAutomatic Boot Loader Update[0m.
[[0;32m  OK  [0m] Finished [0;1;39mCreate Volatile Files and Directories[0m.
         Mounting [0;1;39mRPC Pipe File System[0m...
         Starting [0;1;39mSecurity Auditing Service[0m...
         Starting [0;1;39mRPC Bind[0m...
[[0;32m  OK  [0m] Mounted [0;1;39mRPC Pipe File System[0m.
[[0;32m  OK  [0m] Reached target [0;1;39mrpc_pipefs.target[0m.
[[0;32m  OK  [0m] Started [0;1;39mRPC Bind[0m.
[[0;32m  OK  [0m] Started [0;1;39mSecurity Auditing Service[0m.
         Starting [0;1;39mRecord System Boot/Shutdown in UTMP[0m...
[[0;32m  OK  [0m] Finished [0;1;39mRecord System Boot/Shutdown in UTMP[0m.
[[0;32m  OK  [0m] Reached target [0;1;39mSystem Initialization[0m.
[[0;32m  OK  [0m] Started [0;1;39mDaily rotation of log files[0m.
[[0;32m  OK  [0m] Started [0;1;39mUpdates mlocate database every day[0m.
[[0;32m  OK  [0m] Started [0;1;39mDaily Cleanup of Temporary Directories[0m.
[[0;32m  OK  [0m] Started [0;1;39mdaily update of the root trust anchor for DNSSEC[0m.
[[0;32m  OK  [0m] Reached target [0;1;39mTimer Units[0m.
[[0;32m  OK  [0m] Listening on [0;1;39mD-Bus System Message Bus Socket[0m.
[[0;32m  OK  [0m] Listening on [0;1;39mOpen-iSCSI iscsid Socket[0m.
[[0;32m  OK  [0m] Listening on [0;1;39mOpen-iSCSI iscsiuio Socket[0m.
[[0;32m  OK  [0m] Listening on [0;1;39mSSSD Kerberos…ache Manager responder socket[0m.
[[0;32m  OK  [0m] Listening on [0;1;39mLibvirt interface local socket[0m.
[[0;32m  OK  [0m] Listening on [0;1;39mVirtual machine lock manager socket[0m.
[[0;32m  OK  [0m] Listening on [0;1;39mVirtual machine log manager socket[0m.
[[0;32m  OK  [0m] Listening on [0;1;39mLibvirt network local socket[0m.
[[0;32m  OK  [0m] Listening on [0;1;39mLibvirt nodedev local socket[0m.
[[0;32m  OK  [0m] Listening on [0;1;39mLibvirt nwfilter local socket[0m.
[[0;32m  OK  [0m] Listening on [0;1;39mLibvirt proxy local socket[0m.
[[0;32m  OK  [0m] Listening on [0;1;39mLibvirt qemu local socket[0m.
[[0;32m  OK  [0m] Listening on [0;1;39mLibvirt qemu admin socket[0m.
[[0;32m  OK  [0m] Listening on [0;1;39mLibvirt qemu local read-only socket[0m.
[[0;32m  OK  [0m] Listening on [0;1;39mLibvirt secret local socket[0m.
[[0;32m  OK  [0m] Listening on [0;1;39mLibvirt storage local socket[0m.
[[0;32m  OK  [0m] Reached target [0;1;39mSocket Units[0m.
         Starting [0;1;39mD-Bus System Message Bus[0m...
[[0;32m  OK  [0m] Started [0;1;39mD-Bus System Message Bus[0m.
[[0;32m  OK  [0m] Reached target [0;1;39mBasic System[0m.
         Starting [0;1;39mNetwork Manager[0m...
         Starting [0;1;39mNTP client/server[0m...
         Starting [0;1;39mRestore /run/initramfs on shutdown[0m...
[[0;32m  OK  [0m] Started [0;1;39mirqbalance daemon[0m.
[[0;32m  OK  [0m] Started [0;1;39mlibstoragemgmt plug-in server daemon[0m.
[[0;32m  OK  [0m] Started [0;1;39mMachine Check Exception Logging Daemon[0m.
[[0;32m  OK  [0m] Reached target [0;1;39msshd-keygen.target[0m.
[[0;32m  OK  [0m] Reached target [0;1;39mUser and Group Name Lookups[0m.
         Starting [0;1;39mUser Login Management[0m...
         Starting [0;1;39mVirtual Machine a…tainer Registration Service[0m...
         Starting [0;1;39mupdate of the roo…NSSEC validation in unbound[0m...
         Starting [0;1;39mRotate log files[0m...
[[0;32m  OK  [0m] Started [0;1;39mUpdate a database for mlocate[0m.
[[0;32m  OK  [0m] Finished [0;1;39mRestore /run/initramfs on shutdown[0m.
[[0;32m  OK  [0m] Started [0;1;39mVirtual Machine an…ontainer Registration Service[0m.
[[0;32m  OK  [0m] Started [0;1;39mNTP client/server[0m.
[[0;32m  OK  [0m] Finished [0;1;39mupdate of the roo… DNSSEC validation in unbound[0m.
         Starting [0;1;39mHostname Service[0m...
[[0;32m  OK  [0m] Started [0;1;39mUser Login Management[0m.
[[0;32m  OK  [0m] Finished [0;1;39mRotate log files[0m.
[[0;32m  OK  [0m] Started [0;1;39mHostname Service[0m.
         Starting [0;1;39mNetwork Manager Script Dispatcher Service[0m...
[[0;32m  OK  [0m] Started [0;1;39mNetwork Manager Script Dispatcher Service[0m.
[   12.437442] e1000: eth0 NIC Link is Up 1000 Mbps Full Duplex, Flow Control: RX
[   12.437889] IPv6: ADDRCONF(NETDEV_CHANGE): eth0: link becomes ready
[[0;32m  OK  [0m] Started [0;1;39mNetwork Manager[0m.
[[0;32m  OK  [0m] Reached target [0;1;39mNetwork[0m.
[[0;32m  OK  [0m] Reached target [0;1;39mNetwork is Online[0m.
         Starting [0;1;39mGSSAPI Proxy Daemon[0m...
         Starting [0;1;39mNotify NFS peers of a restart[0m...
         Starting [0;1;39mSystem Logging Service[0m...
         Starting [0;1;39mOpenSSH server daemon[0m...
         Starting [0;1;39mDynamic System Tuning Daemon[0m...
[[0;32m  OK  [0m] Started [0;1;39mNotify NFS peers of a restart[0m.
[[0;32m  OK  [0m] Started [0;1;39mGSSAPI Proxy Daemon[0m.
[[0;32m  OK  [0m] Reached target [0;1;39mNFS client services[0m.
[[0;32m  OK  [0m] Reached target [0;1;39mPreparation for Remote File Systems[0m.
[[0;32m  OK  [0m] Reached target [0;1;39mRemote File Systems[0m.
         Starting [0;1;39mPermit User Sessions[0m...
         Starting [0;1;39mVirtualization qemu daemon[0m...
[[0;32m  OK  [0m] Started [0;1;39mOpenSSH server daemon[0m.
[[0;32m  OK  [0m] Started [0;1;39mSystem Logging Service[0m.
[[0;32m  OK  [0m] Finished [0;1;39mPermit User Sessions[0m.
[[0;32m  OK  [0m] Started [0;1;39mDeferred execution scheduler[0m.
[[0;32m  OK  [0m] Started [0;1;39mCommand Scheduler[0m.
         Starting [0;1;39mHold until boot process finishes up[0m...
         Starting [0;1;39mTerminate Plymouth Boot Screen[0m...
[[0;32m  OK  [0m] Finished [0;1;39mHold until boot process finishes up[0m.
[[0;32m  OK  [0m] Started [0;1;39mGetty on tty1[0m.
[[0;32m  OK  [0m] Started [0;1;39mSerial Getty on ttyS0[0m.
[[0;32m  OK  [0m] Reached target [0;1;39mLogin Prompts[0m.
[[0;32m  OK  [0m] Started [0;1;39mVirtualization qemu daemon[0m.
[[0;32m  OK  [0m] Finished [0;1;39mTerminate Plymouth Boot Screen[0m.
         Starting [0;1;39mAuthorization Manager[0m...
[[0;32m  OK  [0m] Started [0;1;39mAuthorization Manager[0m.
[[0;32m  OK  [0m] Started [0;1;39mDynamic System Tuning Daemon[0m.
[[0;32m  OK  [0m] Reached target [0;1;39mMulti-User System[0m.
         Starting [0;1;39mRecord Runlevel Change in UTMP[0m...
[[0;32m  OK  [0m] Finished [0;1;39mRecord Runlevel Change in UTMP[0m.

CentOS Stream 9
Kernel 5.19.0-rc3-00fa15e0d564+ on an x86_64

Activate the web console with: systemctl enable --now cockpit.socket

test login: [   22.479727] 
[   22.479738] ============================================
[   22.479742] WARNING: possible recursive locking detected
[   22.479747] 5.19.0-rc3-00fa15e0d564+ #1 Not tainted
[   22.479753] --------------------------------------------
[   22.479755] sedispatch/278 is trying to acquire lock:
[   22.479762] ffffc900011940d8 (&rb->spinlock){-.-.}-{2:2}, at: __bpf_ringbuf_reserve+0x2ab/0x390
[   22.479809] 
[   22.479809] but task is already holding lock:
[   22.479812] ffffc900011940d8 (&rb->spinlock){-.-.}-{2:2}, at: __bpf_ringbuf_reserve+0x2ab/0x390
[   22.479835] 
[   22.479835] other info that might help us debug this:
[   22.479837]  Possible unsafe locking scenario:
[   22.479837] 
[   22.479839]        CPU0
[   22.479841]        ----
[   22.479842]   lock(&rb->spinlock);
[   22.479848]   lock(&rb->spinlock);
[   22.479852] 
[   22.479852]  *** DEADLOCK ***
[   22.479852] 
[   22.479854]  May be due to missing lock nesting notation
[   22.479854] 
[   22.479856] 4 locks held by sedispatch/278:
[   22.479861]  #0: ffff8880136aa570 (&u->iolock){+.+.}-{3:3}, at: unix_stream_read_generic+0x314/0x23f0
[   22.479896]  #1: ffffffff86450ba0 (rcu_read_lock){....}-{1:2}, at: bpf_trace_run2+0x4/0x350
[   22.479920]  #2: ffffc900011940d8 (&rb->spinlock){-.-.}-{2:2}, at: __bpf_ringbuf_reserve+0x2ab/0x390
[   22.479944]  #3: ffffffff86450ba0 (rcu_read_lock){....}-{1:2}, at: bpf_trace_run2+0x4/0x350
[   22.479964] 
[   22.479964] stack backtrace:
[   22.479971] CPU: 0 PID: 278 Comm: sedispatch Not tainted 5.19.0-rc3-00fa15e0d564+ #1
[   22.479982] Hardware name: QEMU Standard PC (i440FX + PIIX, 1996), BIOS rel-1.16.0-0-gd239552ce722-prebuilt.qemu.org 04/01/2014
[   22.479991] Call Trace:
[   22.479995]  <TASK>
[   22.479999]  dump_stack_lvl+0xa7/0xd7
[   22.480022]  dump_stack+0x19/0x1b
[   22.480032]  __lock_acquire.cold+0x11a/0x3a6
[   22.480058]  ? lockdep_hardirqs_on_prepare+0x410/0x410
[   22.480078]  ? __this_cpu_preempt_check+0x21/0x30
[   22.480109]  ? lock_is_held_type+0xec/0x140
[   22.480122]  lock_acquire+0x1c7/0x570
[   22.480133]  ? __bpf_ringbuf_reserve+0x2ab/0x390
[   22.480148]  ? lock_release+0x860/0x860
[   22.480160]  ? __this_cpu_preempt_check+0x21/0x30
[   22.480172]  ? lock_is_held_type+0xec/0x140
[   22.480186]  ? __this_cpu_preempt_check+0x21/0x30
[   22.480203]  _raw_spin_lock_irqsave+0x52/0x70
[   22.480217]  ? __bpf_ringbuf_reserve+0x2ab/0x390
[   22.480230]  __bpf_ringbuf_reserve+0x2ab/0x390
[   22.480242]  ? __kasan_check_read+0x15/0x20
[   22.480256]  ? mark_lock.part.0+0xf3/0x16c0
[   22.480270]  bpf_ringbuf_reserve+0x63/0x90
[   22.480284]  bpf_prog_9efe54833449f08e+0x2d/0x47
[   22.480296]  bpf_trace_run2+0x123/0x350
[   22.480310]  ? __bpf_trace_bpf_trace_printk+0x30/0x30
[   22.480321]  ? lock_is_held_type+0xec/0x140
[   22.480335]  __bpf_trace_contention_end+0xf/0x20
[   22.480346]  trace_contention_end.constprop.0+0xcc/0x190
[   22.480360]  __pv_queued_spin_lock_slowpath+0x258/0xb80
[   22.480373]  ? __this_cpu_preempt_check+0x21/0x30
[   22.480388]  ? native_queued_spin_lock_slowpath+0x990/0x990
[   22.480402]  ? lock_acquire+0x1d7/0x570
[   22.480417]  do_raw_spin_lock+0x1f9/0x280
[   22.480429]  ? rwlock_bug.part.0+0x90/0x90
[   22.480442]  ? __this_cpu_preempt_check+0x21/0x30
[   22.480454]  ? lockdep_hardirqs_off+0xa1/0xe0
[   22.480470]  _raw_spin_lock_irqsave+0x5a/0x70
[   22.480482]  ? __bpf_ringbuf_reserve+0x2ab/0x390
[   22.480495]  __bpf_ringbuf_reserve+0x2ab/0x390
[   22.480507]  ? __this_cpu_preempt_check+0x21/0x30
[   22.480522]  bpf_ringbuf_reserve+0x63/0x90
[   22.480536]  bpf_prog_9efe54833449f08e+0x2d/0x47
[   22.480545]  bpf_trace_run2+0x123/0x350
[   22.480555]  ? __bpf_trace_bpf_trace_printk+0x30/0x30
[   22.480566]  ? lock_is_held_type+0xec/0x140
[   22.480580]  __bpf_trace_contention_end+0xf/0x20
[   22.480591]  trace_contention_end+0xb5/0x140
[   22.480602]  __mutex_lock+0x24f/0x14a0
[   22.480618]  ? unix_stream_read_generic+0x314/0x23f0
[   22.480634]  ? mutex_lock_io_nested+0x1310/0x1310
[   22.480646]  ? __kasan_check_read+0x15/0x20
[   22.480655]  ? mark_lock.part.0+0xf3/0x16c0
[   22.480667]  ? select_estimate_accuracy+0x330/0x330
[   22.480683]  ? lock_chain_count+0x20/0x20
[   22.480699]  mutex_lock_nested+0x1f/0x30
[   22.480709]  ? mutex_lock_nested+0x1f/0x30
[   22.480719]  unix_stream_read_generic+0x314/0x23f0
[   22.480734]  ? __kasan_check_read+0x15/0x20
[   22.480745]  ? __kasan_check_read+0x15/0x20
[   22.480759]  ? unix_autobind+0x990/0x990
[   22.480773]  ? __kasan_check_read+0x15/0x20
[   22.480783]  ? __lock_acquire+0x16a4/0x53b0
[   22.480796]  ? __kasan_check_read+0x15/0x20
[   22.480805]  ? mark_lock.part.0+0xf3/0x16c0
[   22.480820]  unix_stream_recvmsg+0x1b9/0x1f0
[   22.480833]  ? unix_stream_splice_read+0x210/0x210
[   22.480847]  ? bpf_iter_unix_get_func_proto+0x60/0x60
[   22.480860]  ? lock_is_held_type+0xec/0x140
[   22.480873]  ? security_socket_recvmsg+0xa0/0xd0
[   22.480893]  ? unix_stream_splice_read+0x210/0x210
[   22.480907]  sock_recvmsg+0x151/0x190
[   22.480926]  sock_read_iter+0x2ef/0x410
[   22.480938]  ? sock_recvmsg+0x190/0x190
[   22.480955]  ? __sanitizer_cov_trace_const_cmp4+0x1a/0x20
[   22.480971]  ? iov_iter_init+0x55/0x1d0
[   22.480992]  new_sync_read+0x520/0x630
[   22.481006]  ? __ia32_sys_llseek+0x3c0/0x3c0
[   22.481016]  ? __might_fault+0xea/0x190
[   22.481032]  ? __sanitizer_cov_trace_const_cmp8+0x1c/0x20
[   22.481044]  ? fsnotify_perm.part.0+0x265/0x5f0
[   22.481057]  ? security_file_permission+0xc1/0xf0
[   22.481075]  vfs_read+0x4b6/0x600
[   22.481090]  ksys_read+0x229/0x290
[   22.481101]  ? __ia32_sys_pwrite64+0x250/0x250
[   22.481112]  ? __secure_computing+0x1d5/0x350
[   22.481129]  __x64_sys_read+0x7b/0xb0
[   22.481139]  ? syscall_enter_from_user_mode+0x4f/0x60
[   22.481152]  do_syscall_64+0x3c/0x90
[   22.481161]  entry_SYSCALL_64_after_hwframe+0x46/0xb0
[   22.481175] RIP: 0033:0x7f0887b3eaf2
[   22.481185] Code: c0 e9 b2 fe ff ff 50 48 8d 3d ca 0c 08 00 e8 35 eb 01 00 0f 1f 44 00 00 f3 0f 1e fa 64 8b 04 25 18 00 00 00 85 c0 75 10 0f 05 <48> 3d 00 f0 ff ff 77 56 c3 0f 1f 44 00 00 48 83 ec 28 48 89 54 24
[   22.481195] RSP: 002b:00007ffee4840b08 EFLAGS: 00000246 ORIG_RAX: 0000000000000000
[   22.481211] RAX: ffffffffffffffda RBX: 00007ffee4840b28 RCX: 00007f0887b3eaf2
[   22.481218] RDX: 000000000000230a RSI: 00007ffee4840c40 RDI: 0000000000000000
[   22.481224] RBP: 0000000000000000 R08: 00007ffee4840ab0 R09: 0000000000000000
[   22.481230] R10: 0000000000000000 R11: 0000000000000246 R12: 00007ffee4840b20
[   22.481236] R13: 0000000000000000 R14: 00007ffee4840c40 R15: 00007f0887e6a000
[   22.481253]  </TASK>
[   49.141141] watchdog: BUG: soft lockup - CPU#1 stuck for 26s! [repro:791]
[   49.175884] Modules linked in:
[   49.176086] irq event stamp: 2501
[   49.176287] hardirqs last  enabled at (2501): [<ffffffff810cf7a1>] __text_poke+0x4e1/0x970
[   49.176779] hardirqs last disabled at (2500): [<ffffffff810cf99e>] __text_poke+0x6de/0x970
[   49.177251] softirqs last  enabled at (2476): [<ffffffff816e5a1e>] bpf_link_free+0x7e/0x1d0
[   49.177734] softirqs last disabled at (2474): [<ffffffff816e5a03>] bpf_link_free+0x63/0x1d0
[   49.178220] CPU: 1 PID: 791 Comm: repro Not tainted 5.19.0-rc3-00fa15e0d564+ #1
[   49.178647] Hardware name: QEMU Standard PC (i440FX + PIIX, 1996), BIOS rel-1.16.0-0-gd239552ce722-prebuilt.qemu.org 04/01/2014
[   49.179296] RIP: 0010:smp_call_function_many_cond+0x45a/0xc10
[   49.179641] Code: 52 48 b9 00 00 00 00 00 fc ff df 48 8b 45 c8 49 89 c5 83 e0 07 49 c1 ed 03 49 89 c4 49 01 cd 41 83 c4 03 e8 08 09 0b 00 f3 90 <41> 0f b6 45 00 41 38 c4 7c 08 84 c0 0f 85 20 06 00 00 8b 43 08 31
[   49.180687] RSP: 0018:ffff8880136b78e8 EFLAGS: 00000293
[   49.180995] RAX: 0000000000000000 RBX: ffff88805ac4cbe0 RCX: 0000000000000000
[   49.181405] RDX: ffff888015722480 RSI: ffffffff814aaf98 RDI: ffffffff814aafbe
[   49.181816] RBP: ffff8880136b7980 R08: 0000000000000005 R09: 0000000000000000
[   49.182231] R10: 0000000000000001 R11: 0000000000000001 R12: 0000000000000003
[   49.182647] R13: ffffed100b58997d R14: 0000000000000000 R15: 0000000000000001
[   49.183062] FS:  0000000000000000(0000) GS:ffff88805ad00000(0000) knlGS:0000000000000000
[   49.183531] CS:  0010 DS: 0000 ES: 0000 CR0: 0000000080050033
[   49.183873] CR2: 00007f98aa5fca50 CR3: 0000000006216002 CR4: 0000000000770ee0
[   49.184292] DR0: 0000000000000000 DR1: 0000000000000000 DR2: 0000000000000000
[   49.184708] DR3: 0000000000000000 DR6: 00000000ffff07f0 DR7: 0000000000000400
[   49.185124] PKRU: 55555554
[   49.185290] Call Trace:
[   49.185443]  <TASK>
[   49.185583]  ? text_poke_memset+0x70/0x70
[   49.185829]  ? text_poke_memset+0x70/0x70
[   49.186078]  on_each_cpu_cond_mask+0x4a/0xa0
[   49.186341]  text_poke_bp_batch+0x263/0x7a0
[   49.186595]  ? mutex_lock_io_nested+0x1310/0x1310
[   49.186881]  ? trace_contention_end+0x9/0x140
[   49.187146]  ? bit_wait_timeout+0x97/0x170
[   49.187394]  ? __text_poke+0x970/0x970
[   49.187624]  ? rt_mutex_slowlock.constprop.0+0x248/0x700
[   49.187939]  ? static_key_disable_cpuslocked+0x11b/0x1d0
[   49.188258]  ? debug_lockdep_rcu_enabled+0x1c/0x30
[   49.188547]  ? rt_mutex_slowlock.constprop.0+0x243/0x700
[   49.188867]  text_poke_finish+0x23/0x30
[   49.189101]  arch_jump_label_transform_apply+0x20/0x30
[   49.189408]  __jump_label_update+0x365/0x420
[   49.189672]  jump_label_update+0x346/0x430
[   49.189922]  static_key_disable_cpuslocked+0x169/0x1d0
[   49.190237]  static_key_disable+0x24/0x30
[   49.190489]  tracepoint_probe_unregister+0x63d/0xc40
[   49.190796]  ? __local_bh_enable_ip+0xba/0x140
[   49.191080]  ? __bpf_trace_contention_begin+0x20/0x20
[   49.191393]  bpf_probe_unregister+0x5b/0x80
[   49.191653]  bpf_raw_tp_link_release+0x5f/0xb0
[   49.191931]  bpf_link_free+0xf8/0x1d0
[   49.192164]  bpf_link_put+0x179/0x1d0
[   49.192396]  bpf_link_release+0x40/0x50
[   49.192637]  __fput+0x28a/0x9d0
[   49.192840]  ? bpf_link_put+0x1d0/0x1d0
[   49.193082]  ____fput+0x1f/0x30
[   49.193283]  task_work_run+0xf2/0x1b0
[   49.193520]  do_exit+0xb5d/0x28b0
[   49.193732]  ? trace_hardirqs_on+0x41/0x120
[   49.193996]  ? __sanitizer_cov_trace_cmp4+0x1a/0x20
[   49.194303]  ? mm_update_next_owner+0x7e0/0x7e0
[   49.194589]  ? __audit_syscall_entry+0x39e/0x500
[   49.194878]  do_group_exit+0xe9/0x320
[   49.195111]  __x64_sys_exit_group+0x4d/0x60
[   49.195371]  do_syscall_64+0x3c/0x90
[   49.195598]  entry_SYSCALL_64_after_hwframe+0x46/0xb0
[   49.195909] RIP: 0033:0x7f98aa518a4d
[   49.196136] Code: Unable to access opcode bytes at RIP 0x7f98aa518a23.
[   49.196534] RSP: 002b:00007ffea26b6768 EFLAGS: 00000246 ORIG_RAX: 00000000000000e7
[   49.196982] RAX: ffffffffffffffda RBX: 00007f98aa5f69e0 RCX: 00007f98aa518a4d
[   49.197404] RDX: 00000000000000e7 RSI: ffffffffffffff80 RDI: 0000000000000000
[   49.197829] RBP: 0000000000000000 R08: 0000000000000000 R09: 0000000000000020
[   49.198254] R10: 00007ffea26b6610 R11: 0000000000000246 R12: 00007f98aa5f69e0
[   49.198676] R13: 00007f98aa5fbf00 R14: 0000000000000001 R15: 00007f98aa5fbee8
[   49.199104]  </TASK>
[   49.199252] Kernel panic - not syncing: softlockup: hung tasks
[   49.199598] CPU: 1 PID: 791 Comm: repro Tainted: G             L    5.19.0-rc3-00fa15e0d564+ #1
[   49.200111] Hardware name: QEMU Standard PC (i440FX + PIIX, 1996), BIOS rel-1.16.0-0-gd239552ce722-prebuilt.qemu.org 04/01/2014
[   49.200771] Call Trace:
[   49.200925]  <IRQ>
[   49.201056]  dump_stack_lvl+0xa7/0xd7
[   49.201290]  dump_stack+0x19/0x1b
[   49.201499]  panic+0x2ac/0x646
[   49.201696]  ? panic_print_sys_info.part.0+0x116/0x116
[   49.202012]  ? watchdog_timer_fn.cold+0x5/0x25
[   49.202297]  watchdog_timer_fn.cold+0x16/0x25
[   49.202565]  ? softlockup_fn+0xb0/0xb0
[   49.202799]  __hrtimer_run_queues+0x1ec/0xc90
[   49.203077]  ? enqueue_hrtimer+0x360/0x360
[   49.203334]  hrtimer_interrupt+0x324/0x780
[   49.203592]  __sysvec_apic_timer_interrupt+0x151/0x510
[   49.203908]  sysvec_apic_timer_interrupt+0x9c/0xc0
[   49.204200]  </IRQ>
[   49.204335]  <TASK>
[   49.204470]  asm_sysvec_apic_timer_interrupt+0x24/0x30
[   49.204780] RIP: 0010:smp_call_function_many_cond+0x45a/0xc10
[   49.205126] Code: 52 48 b9 00 00 00 00 00 fc ff df 48 8b 45 c8 49 89 c5 83 e0 07 49 c1 ed 03 49 89 c4 49 01 cd 41 83 c4 03 e8 08 09 0b 00 f3 90 <41> 0f b6 45 00 41 38 c4 7c 08 84 c0 0f 85 20 06 00 00 8b 43 08 31
[   49.206208] RSP: 0018:ffff8880136b78e8 EFLAGS: 00000293
[   49.206523] RAX: 0000000000000000 RBX: ffff88805ac4cbe0 RCX: 0000000000000000
[   49.206946] RDX: ffff888015722480 RSI: ffffffff814aaf98 RDI: ffffffff814aafbe
[   49.207370] RBP: ffff8880136b7980 R08: 0000000000000005 R09: 0000000000000000
[   49.207793] R10: 0000000000000001 R11: 0000000000000001 R12: 0000000000000003
[   49.208214] R13: ffffed100b58997d R14: 0000000000000000 R15: 0000000000000001
[   49.208641]  ? smp_call_function_many_cond+0x458/0xc10
[   49.208954]  ? smp_call_function_many_cond+0x47e/0xc10
[   49.209267]  ? smp_call_function_many_cond+0x458/0xc10
[   49.209580]  ? text_poke_memset+0x70/0x70
[   49.209829]  ? text_poke_memset+0x70/0x70
[   49.210079]  on_each_cpu_cond_mask+0x4a/0xa0
[   49.210346]  text_poke_bp_batch+0x263/0x7a0
[   49.210608]  ? mutex_lock_io_nested+0x1310/0x1310
[   49.210895]  ? trace_contention_end+0x9/0x140
[   49.211163]  ? bit_wait_timeout+0x97/0x170
[   49.211415]  ? __text_poke+0x970/0x970
[   49.211650]  ? rt_mutex_slowlock.constprop.0+0x248/0x700
[   49.211971]  ? static_key_disable_cpuslocked+0x11b/0x1d0
[   49.212293]  ? debug_lockdep_rcu_enabled+0x1c/0x30
[   49.212587]  ? rt_mutex_slowlock.constprop.0+0x243/0x700
[   49.212912]  text_poke_finish+0x23/0x30
[   49.213151]  arch_jump_label_transform_apply+0x20/0x30
[   49.213463]  __jump_label_update+0x365/0x420
[   49.213731]  jump_label_update+0x346/0x430
[   49.213987]  static_key_disable_cpuslocked+0x169/0x1d0
[   49.214303]  static_key_disable+0x24/0x30
[   49.214549]  tracepoint_probe_unregister+0x63d/0xc40
[   49.214853]  ? __local_bh_enable_ip+0xba/0x140
[   49.215128]  ? __bpf_trace_contention_begin+0x20/0x20
[   49.215436]  bpf_probe_unregister+0x5b/0x80
[   49.215694]  bpf_raw_tp_link_release+0x5f/0xb0
[   49.215993]  bpf_link_free+0xf8/0x1d0
[   49.216274]  bpf_link_put+0x179/0x1d0
[   49.216561]  bpf_link_release+0x40/0x50
[   49.216819]  __fput+0x28a/0x9d0
[   49.217032]  ? bpf_link_put+0x1d0/0x1d0
[   49.217289]  ____fput+0x1f/0x30
[   49.217503]  task_work_run+0xf2/0x1b0
[   49.217751]  do_exit+0xb5d/0x28b0
[   49.217973]  ? trace_hardirqs_on+0x41/0x120
[   49.218251]  ? __sanitizer_cov_trace_cmp4+0x1a/0x20
[   49.218566]  ? mm_update_next_owner+0x7e0/0x7e0
[   49.218860]  ? __audit_syscall_entry+0x39e/0x500
[   49.219158]  do_group_exit+0xe9/0x320
[   49.219395]  __x64_sys_exit_group+0x4d/0x60
[   49.219667]  do_syscall_64+0x3c/0x90
[   49.219913]  entry_SYSCALL_64_after_hwframe+0x46/0xb0
[   49.220249] RIP: 0033:0x7f98aa518a4d
[   49.220488] Code: Unable to access opcode bytes at RIP 0x7f98aa518a23.
[   49.220903] RSP: 002b:00007ffea26b6768 EFLAGS: 00000246 ORIG_RAX: 00000000000000e7
[   49.221383] RAX: ffffffffffffffda RBX: 00007f98aa5f69e0 RCX: 00007f98aa518a4d
[   49.221839] RDX: 00000000000000e7 RSI: ffffffffffffff80 RDI: 0000000000000000
[   49.222288] RBP: 0000000000000000 R08: 0000000000000000 R09: 0000000000000020
[   49.222740] R10: 00007ffea26b6610 R11: 0000000000000246 R12: 00007f98aa5f69e0
[   49.223194] R13: 00007f98aa5fbf00 R14: 0000000000000001 R15: 00007f98aa5fbee8
[   49.223645]  </TASK>
[   50.268974] Shutting down cpus with NMI
[   50.269757] Kernel Offset: disabled
[   50.269978] ---[ end Kernel panic - not syncing: softlockup: hung tasks ]---
