c[?7l[2J[0mSeaBIOS (version rel-1.16.0-0-gd239552ce722-prebuilt.qemu.org)


iPXE (http://ipxe.org) 00:03.0 CA00 PCI2.10 PnP PMM+7FF91000+7FEF1000 CA00
Press Ctrl-B to configure iPXE (PCI 00:03.0)...                                                                               


Booting from ROM...
c[?7l[2J[    0.000000] Linux version 6.16.0-rc2-next-20250616-050f8ad7b58d (root@p-arls02) (gcc (GCC) 11.5.0 20240719 (Red Hat 11.5.0-7), GNU ld version 2.35.2-65.el9) #1 SMP PREEMPT_DYNAMIC Mon Jun 16 15:27:22 CST 2025
[    0.000000] Command line: console=ttyS0 root=/dev/sda earlyprintk=serial net.ifnames=0 plymouth.enable=0
[    0.000000] KERNEL supported cpus:
[    0.000000]   Intel GenuineIntel
[    0.000000]   AMD AuthenticAMD
[    0.000000]   Hygon HygonGenuine
[    0.000000]   Centaur CentaurHauls
[    0.000000]   zhaoxin   Shanghai  
[    0.000000] x86/CPU: Model not found in latest microcode list
[    0.000000] x86/split lock detection: #DB: warning on user-space bus_locks
[    0.000000] BIOS-provided physical RAM map:
[    0.000000] BIOS-e820: [mem 0x0000000000000000-0x000000000009fbff] usable
[    0.000000] BIOS-e820: [mem 0x000000000009fc00-0x000000000009ffff] reserved
[    0.000000] BIOS-e820: [mem 0x00000000000f0000-0x00000000000fffff] reserved
[    0.000000] BIOS-e820: [mem 0x0000000000100000-0x000000007ffdffff] usable
[    0.000000] BIOS-e820: [mem 0x000000007ffe0000-0x000000007fffffff] reserved
[    0.000000] BIOS-e820: [mem 0x00000000feffc000-0x00000000feffffff] reserved
[    0.000000] BIOS-e820: [mem 0x00000000fffc0000-0x00000000ffffffff] reserved
[    0.000000] printk: legacy bootconsole [earlyser0] enabled
[    0.000000] NX (Execute Disable) protection: active
[    0.000000] APIC: Static calls initialized
[    0.000000] SMBIOS 2.8 present.
[    0.000000] DMI: QEMU Standard PC (i440FX + PIIX, 1996), BIOS rel-1.16.0-0-gd239552ce722-prebuilt.qemu.org 04/01/2014
[    0.000000] DMI: Memory slots populated: 1/1
[    0.000000] Hypervisor detected: KVM
[    0.000000] kvm-clock: Using msrs 4b564d01 and 4b564d00
[    0.000002] kvm-clock: using sched offset of 1091540153 cycles
[    0.000372] clocksource: kvm-clock: mask: 0xffffffffffffffff max_cycles: 0x1cd42e4dffb, max_idle_ns: 881590591483 ns
[    0.001518] tsc: Detected 1267.200 MHz processor
[    0.007252] last_pfn = 0x7ffe0 max_arch_pfn = 0x400000000
[    0.007661] MTRR map: 4 entries (3 fixed + 1 variable; max 19), built from 8 variable MTRRs
[    0.008246] x86/PAT: Configuration [0-7]: WB  WC  UC- UC  WB  WP  UC- WT  
[    0.017299] found SMP MP-table at [mem 0x000f5ba0-0x000f5baf]
[    0.017727] Using GB pages for direct mapping
[    0.019643] ACPI: Early table checksum verification disabled
[    0.020036] ACPI: RSDP 0x00000000000F59C0 000014 (v00 BOCHS )
[    0.020458] ACPI: RSDT 0x000000007FFE1951 000034 (v01 BOCHS  BXPC     00000001 BXPC 00000001)
[    0.021067] ACPI: FACP 0x000000007FFE17FD 000074 (v01 BOCHS  BXPC     00000001 BXPC 00000001)
[    0.021685] ACPI: DSDT 0x000000007FFE0040 0017BD (v01 BOCHS  BXPC     00000001 BXPC 00000001)
[    0.022292] ACPI: FACS 0x000000007FFE0000 000040
[    0.022627] ACPI: APIC 0x000000007FFE1871 000080 (v01 BOCHS  BXPC     00000001 BXPC 00000001)
[    0.023232] ACPI: HPET 0x000000007FFE18F1 000038 (v01 BOCHS  BXPC     00000001 BXPC 00000001)
[    0.023841] ACPI: WAET 0x000000007FFE1929 000028 (v01 BOCHS  BXPC     00000001 BXPC 00000001)
[    0.024446] ACPI: Reserving FACP table memory at [mem 0x7ffe17fd-0x7ffe1870]
[    0.024938] ACPI: Reserving DSDT table memory at [mem 0x7ffe0040-0x7ffe17fc]
[    0.025431] ACPI: Reserving FACS table memory at [mem 0x7ffe0000-0x7ffe003f]
[    0.025922] ACPI: Reserving APIC table memory at [mem 0x7ffe1871-0x7ffe18f0]
[    0.026416] ACPI: Reserving HPET table memory at [mem 0x7ffe18f1-0x7ffe1928]
[    0.026908] ACPI: Reserving WAET table memory at [mem 0x7ffe1929-0x7ffe1950]
[    0.027859] No NUMA configuration found
[    0.028131] Faking a node at [mem 0x0000000000000000-0x000000007ffdffff]
[    0.028629] NODE_DATA(0) allocated [mem 0x7ffb4e80-0x7ffdfc7f]
[    0.029622] Zone ranges:
[    0.029807]   DMA      [mem 0x0000000000001000-0x0000000000ffffff]
[    0.030241]   DMA32    [mem 0x0000000001000000-0x000000007ffdffff]
[    0.030680]   Normal   empty
[    0.030889]   Device   empty
[    0.031094] Movable zone start for each node
[    0.031402] Early memory node ranges
[    0.031652]   node   0: [mem 0x0000000000001000-0x000000000009efff]
[    0.032089]   node   0: [mem 0x0000000000100000-0x000000007ffdffff]
[    0.032530] Initmem setup node 0 [mem 0x0000000000001000-0x000000007ffdffff]
[    0.033524] On node 0, zone DMA: 1 pages in unavailable ranges
[    0.034203] On node 0, zone DMA: 97 pages in unavailable ranges
[    0.191467] On node 0, zone DMA32: 32 pages in unavailable ranges
[    0.848038] kasan: KernelAddressSanitizer initialized
[    0.848709] ACPI: PM-Timer IO Port: 0x608
[    0.849032] ACPI: LAPIC_NMI (acpi_id[0xff] dfl dfl lint[0x1])
[    0.849523] IOAPIC[0]: apic_id 0, version 17, address 0xfec00000, GSI 0-23
[    0.850014] ACPI: INT_SRC_OVR (bus 0 bus_irq 0 global_irq 2 dfl dfl)
[    0.850452] ACPI: INT_SRC_OVR (bus 0 bus_irq 5 global_irq 5 high level)
[    0.850903] ACPI: INT_SRC_OVR (bus 0 bus_irq 9 global_irq 9 high level)
[    0.851354] ACPI: INT_SRC_OVR (bus 0 bus_irq 10 global_irq 10 high level)
[    0.851817] ACPI: INT_SRC_OVR (bus 0 bus_irq 11 global_irq 11 high level)
[    0.852288] ACPI: Using ACPI (MADT) for SMP configuration information
[    0.852732] ACPI: HPET id: 0x8086a201 base: 0xfed00000
[    0.853107] TSC deadline timer available
[    0.853385] CPU topo: Max. logical packages:   1
[    0.853710] CPU topo: Max. logical dies:       1
[    0.854024] CPU topo: Max. dies per package:   1
[    0.854346] CPU topo: Max. threads per core:   1
[    0.854667] CPU topo: Num. cores per package:     2
[    0.855011] CPU topo: Num. threads per package:   2
[    0.855358] CPU topo: Allowing 2 present CPUs plus 0 hotplug CPUs
[    0.855882] kvm-guest: APIC: eoi() replaced with kvm_guest_apic_eoi_write()
[    0.856430] kvm-guest: KVM setup pv remote TLB flush
[    0.856775] kvm-guest: setup PV sched yield
[    0.857121] PM: hibernation: Registered nosave memory: [mem 0x00000000-0x00000fff]
[    0.857650] PM: hibernation: Registered nosave memory: [mem 0x0009f000-0x000fffff]
[    0.858176] [mem 0x80000000-0xfeffbfff] available for PCI devices
[    0.858600] Booting paravirtualized kernel on KVM
[    0.858949] clocksource: refined-jiffies: mask: 0xffffffff max_cycles: 0xffffffff, max_idle_ns: 7645519600211568 ns
[    0.859698] setup_percpu: NR_CPUS:8192 nr_cpumask_bits:2 nr_cpu_ids:2 nr_node_ids:1
[    0.862497] percpu: Embedded 80 pages/cpu s290816 r8192 d28672 u1048576
[    0.863138] kvm-guest: PV spinlocks enabled
[    0.863449] PV qspinlock hash table entries: 256 (order: 0, 4096 bytes, linear)
[    0.863978] Kernel command line: net.ifnames=0 console=ttyS0 root=/dev/sda earlyprintk=serial net.ifnames=0 plymouth.enable=0
[    0.865216] random: crng init done
[    0.865467] printk: log buffer data + meta data: 262144 + 917504 = 1179648 bytes
[    0.867977] Dentry cache hash table entries: 262144 (order: 9, 2097152 bytes, linear)
[    0.869355] Inode-cache hash table entries: 131072 (order: 8, 1048576 bytes, linear)
[    0.870227] Fallback order for Node 0: 0 
[    0.870237] Built 1 zonelists, mobility grouping on.  Total pages: 524158
[    0.870949] Policy zone: DMA32
[    0.871155] mem auto-init: stack:off, heap alloc:off, heap free:off
[    0.871577] stackdepot: allocating hash table via alloc_large_system_hash
[    0.872032] stackdepot hash table entries: 1048576 (order: 12, 16777216 bytes, linear)
[    1.004382] SLUB: HWalign=64, Order=0-3, MinObjects=0, CPUs=2, Nodes=1
[    1.004864] kmemleak: Kernel memory leak detector disabled
[    1.038368] ftrace: allocating 74016 entries in 292 pages
[    1.038755] ftrace: allocated 292 pages with 3 groups
[    1.043478] Dynamic Preempt: voluntary
[    1.044082] Running RCU self tests
[    1.044304] Running RCU synchronous self tests
[    1.044600] rcu: Preemptible hierarchical RCU implementation.
[    1.044969] rcu: 	RCU lockdep checking is enabled.
[    1.045277] rcu: 	RCU restricting CPUs from NR_CPUS=8192 to nr_cpu_ids=2.
[    1.045723] 	Trampoline variant of Tasks RCU enabled.
[    1.046054] 	Rude variant of Tasks RCU enabled.
[    1.046354] 	Tracing variant of Tasks RCU enabled.
[    1.046670] rcu: RCU calculated value of scheduler-enlistment delay is 25 jiffies.
[    1.047163] rcu: Adjusting geometry for rcu_fanout_leaf=16, nr_cpu_ids=2
[    1.047661] Running RCU synchronous self tests
[    1.047957] RCU Tasks: Setting shift to 1 and lim to 1 rcu_task_cb_adjust=1 rcu_task_cpu_ids=2.
[    1.048533] RCU Tasks Rude: Setting shift to 1 and lim to 1 rcu_task_cb_adjust=1 rcu_task_cpu_ids=2.
[    1.049133] RCU Tasks Trace: Setting shift to 1 and lim to 1 rcu_task_cb_adjust=1 rcu_task_cpu_ids=2.
[    1.101225] NR_IRQS: 524544, nr_irqs: 440, preallocated irqs: 16
[    1.102096] rcu: srcu_init: Setting srcu_struct sizes based on contention.
[    1.108254] Console: colour VGA+ 80x25
[    1.108576] printk: legacy console [ttyS0] enabled
[    1.108576] printk: legacy console [ttyS0] enabled
[    1.109227] printk: legacy bootconsole [earlyser0] disabled
[    1.109227] printk: legacy bootconsole [earlyser0] disabled
[    1.109984] Lock dependency validator: Copyright (c) 2006 Red Hat, Inc., Ingo Molnar
[    1.110507] ... MAX_LOCKDEP_SUBCLASSES:  8
[    1.110790] ... MAX_LOCK_DEPTH:          48
[    1.111077] ... MAX_LOCKDEP_KEYS:        8192
[    1.111377] ... CLASSHASH_SIZE:          4096
[    1.111676] ... MAX_LOCKDEP_ENTRIES:     524288
[    1.111988] ... MAX_LOCKDEP_CHAINS:      524288
[    1.112297] ... CHAINHASH_SIZE:          262144
[    1.112608]  memory used by lock dependency info: 54145 kB
[    1.112984]  memory used for stack traces: 4224 kB
[    1.113310]  per task-struct memory footprint: 1920 bytes
[    1.113755] ACPI: Core revision 20250404
[    1.114345] clocksource: hpet: mask: 0xffffffff max_cycles: 0xffffffff, max_idle_ns: 19112604467 ns
[    1.115114] APIC: Switch to symmetric I/O mode setup
[    1.115601] x2apic enabled
[    1.116111] APIC: Switched APIC routing to: physical x2apic
[    1.116500] kvm-guest: APIC: send_IPI_mask() replaced with kvm_send_ipi_mask()
[    1.117001] kvm-guest: APIC: send_IPI_mask_allbutself() replaced with kvm_send_ipi_mask_allbutself()
[    1.117623] kvm-guest: setup PV IPIs
[    1.118723] ..TIMER: vector=0x30 apic1=0 pin1=2 apic2=-1 pin2=-1
[    1.119157] clocksource: tsc-early: mask: 0xffffffffffffffff max_cycles: 0x12441513526, max_idle_ns: 440795239872 ns
[    1.120027] Calibrating delay loop (skipped) preset value.. 2534.40 BogoMIPS (lpj=5068800)
[    1.120741] CPU0: Thermal monitoring enabled (TM1)
[    1.121093] x86/cpu: User Mode Instruction Prevention (UMIP) activated
[    1.121635] Last level iTLB entries: 4KB 0, 2MB 0, 4MB 0
[    1.121998] Last level dTLB entries: 4KB 0, 2MB 0, 4MB 0, 1GB 0
[    1.122429] Speculative Store Bypass: Mitigation: Speculative Store Bypass disabled via prctl
[    1.123017] Spectre V2 : Mitigation: Enhanced / Automatic IBRS
[    1.124020] ITS: Mitigation: Aligned branch/return thunks
[    1.124383] Spectre V1 : Mitigation: usercopy/swapgs barriers and __user pointer sanitization
[    1.124950] Spectre V2 : WARNING: Unprivileged eBPF is enabled with eIBRS on, data leaks possible via Spectre v2 BHB attacks!
[    1.125695] Spectre V2 : Spectre v2 / PBRSB-eIBRS: Retire a single CALL on VMEXIT
[    1.126182] Spectre V2 : mitigation: Enabling conditional Indirect Branch Prediction Barrier
[    1.126726] Spectre V2 : Spectre BHI mitigation: SW BHB clearing on syscall and VM exit
[    1.127275] x86/fpu: Supporting XSAVE feature 0x001: 'x87 floating point registers'
[    1.128018] x86/fpu: Supporting XSAVE feature 0x002: 'SSE registers'
[    1.128449] x86/fpu: Supporting XSAVE feature 0x004: 'AVX registers'
[    1.128876] x86/fpu: Supporting XSAVE feature 0x200: 'Protection Keys User registers'
[    1.129407] x86/fpu: xstate_offset[2]:  576, xstate_sizes[2]:  256
[    1.129822] x86/fpu: xstate_offset[9]:  832, xstate_sizes[9]:    8
[    1.130240] x86/fpu: Enabled xstate features 0x207, context size is 840 bytes, using 'compacted' format.
[    1.254950] Freeing SMP alternatives memory: 60K
[    1.255330] pid_max: default: 32768 minimum: 301
[    1.255868] LSM: initializing lsm=capability,yama,ima,evm
[    1.256131] Yama: becoming mindful.
[    1.256739] Mount-cache hash table entries: 4096 (order: 3, 32768 bytes, linear)
[    1.257257] Mountpoint-cache hash table entries: 4096 (order: 3, 32768 bytes, linear)
[    1.259215] Running RCU synchronous self tests
[    1.259530] Running RCU synchronous self tests
[    1.260419] smpboot: CPU0: Genuine Intel(R) 0000 @ (family: 0x6, model: 0xc6, stepping: 0x0)
[    1.261909] Performance Events: unsupported CPU family 6 model 198 no PMU driver, software events only.
[    1.262651] signal: max sigframe size: 3632
[    1.263109] rcu: Hierarchical SRCU implementation.
[    1.263445] rcu: 	Max phase no-delay instances is 1000.
[    1.264015] Timer migration: 1 hierarchy levels; 8 children per group; 1 crossnode level
[    1.273367] NMI watchdog: Perf NMI watchdog permanently disabled
[    1.274003] smp: Bringing up secondary CPUs ...
[    1.275023] smpboot: x86: Booting SMP configuration:
[    1.275380] .... node  #0, CPUs:      #1
[    1.276105] smp: Brought up 1 node, 2 CPUs
[    1.276673] smpboot: Total of 2 processors activated (5068.80 BogoMIPS)
[    1.277618] Memory: 1545764K/2096632K available (79149K kernel code, 15334K rwdata, 18352K rodata, 16088K init, 68620K bss, 539468K reserved, 0K cma-reserved)
[    1.280295] devtmpfs: initialized
[    1.280899] x86/mm: Memory block size: 128MB
[    1.290684] Running RCU synchronous self tests
[    1.290684] Running RCU synchronous self tests
[    1.292131] Running RCU Tasks wait API self tests
[    1.292379] Running RCU Tasks Rude wait API self tests
[    1.292382] Running RCU Tasks Trace wait API self tests
[    1.312096] clocksource: jiffies: mask: 0xffffffff max_cycles: 0xffffffff, max_idle_ns: 7645041785100000 ns
[    1.312819] posixtimers hash table entries: 1024 (order: 4, 73728 bytes, linear)
[    1.313431] futex hash table entries: 512 (65536 bytes on 1 NUMA nodes, total 64 KiB, linear).
[    1.314477] pinctrl core: initialized pinctrl subsystem
[    1.316124] 
[    1.316247] *************************************************************
[    1.316709] **     NOTICE NOTICE NOTICE NOTICE NOTICE NOTICE NOTICE    **
[    1.317169] **                                                         **
[    1.317631] **  IOMMU DebugFS SUPPORT HAS BEEN ENABLED IN THIS KERNEL  **
[    1.318097] **                                                         **
[    1.318562] ** This means that this kernel is built to expose internal **
[    1.319022] ** IOMMU data structures, which may compromise security on **
[    1.319486] ** your system.                                            **
[    1.319949] **                                                         **
[    1.320021] ** If you see this message and you are not debugging the   **
[    1.320484] ** kernel, report this immediately to your vendor!         **
[    1.320949] **                                                         **
[    1.321411] **     NOTICE NOTICE NOTICE NOTICE NOTICE NOTICE NOTICE    **
[    1.321875] *************************************************************
[    1.322399] PM: RTC time: 17:58:49, date: 2025-06-16
[    1.326913] NET: Registered PF_NETLINK/PF_ROUTE protocol family
[    1.328545] DMA: preallocated 256 KiB GFP_KERNEL pool for atomic allocations
[    1.329052] DMA: preallocated 256 KiB GFP_KERNEL|GFP_DMA pool for atomic allocations
[    1.329600] DMA: preallocated 256 KiB GFP_KERNEL|GFP_DMA32 pool for atomic allocations
[    1.330233] audit: initializing netlink subsys (disabled)
[    1.330649] audit: type=2000 audit(1750096729.523:1): state=initialized audit_enabled=0 res=1
[    1.330649] thermal_sys: Registered thermal governor 'fair_share'
[    1.330649] thermal_sys: Registered thermal governor 'bang_bang'
[    1.330649] thermal_sys: Registered thermal governor 'step_wise'
[    1.330649] thermal_sys: Registered thermal governor 'user_space'
[    1.332062] cpuidle: using governor ladder
[    1.332842] cpuidle: using governor menu
[    1.332842] acpiphp: ACPI Hot Plug PCI Controller Driver version: 0.5
[    1.333388] PCI: Using configuration type 1 for base access
[    1.336274] kprobes: kprobe jump-optimization is enabled. All kprobes are optimized if possible.
[    1.345328] Callback from call_rcu_tasks_trace() invoked.
[    1.454177] HugeTLB: allocation took 0ms with hugepage_allocation_threads=1
[    1.454726] HugeTLB: registered 1.00 GiB page size, pre-allocated 0 pages
[    1.455205] HugeTLB: 16380 KiB vmemmap can be freed for a 1.00 GiB page
[    1.455672] HugeTLB: registered 2.00 MiB page size, pre-allocated 0 pages
[    1.460022] HugeTLB: 28 KiB vmemmap can be freed for a 2.00 MiB page
[    1.465010] ACPI: Added _OSI(Module Device)
[    1.465344] ACPI: Added _OSI(Processor Device)
[    1.465665] ACPI: Added _OSI(Processor Aggregator Device)
[    1.477622] ACPI: 1 ACPI AML tables successfully acquired and loaded
[    1.489561] ACPI: Interpreter enabled
[    1.489960] ACPI: PM: (supports S0 S3 S4 S5)
[    1.490275] ACPI: Using IOAPIC for interrupt routing
[    1.490722] PCI: Using host bridge windows from ACPI; if necessary, use "pci=nocrs" and report a bug
[    1.491368] PCI: Using E820 reservations for host bridge windows
[    1.492617] ACPI: Enabled 2 GPEs in block 00 to 0F
[    1.598362] ACPI: PCI Root Bridge [PCI0] (domain 0000 [bus 00-ff])
[    1.598856] acpi PNP0A03:00: _OSC: OS supports [ASPM ClockPM Segments MSI EDR HPX-Type3]
[    1.599413] acpi PNP0A03:00: _OSC: not requesting OS control; OS requires [ExtendedConfig ASPM ClockPM MSI]
[    1.600153] acpi PNP0A03:00: fail to add MMCONFIG information, can't access extended configuration space under this bridge
[    1.604533] acpiphp: Slot [3] registered
[    1.604920] acpiphp: Slot [4] registered
[    1.605369] acpiphp: Slot [5] registered
[    1.605748] acpiphp: Slot [6] registered
[    1.606100] acpiphp: Slot [7] registered
[    1.606483] acpiphp: Slot [8] registered
[    1.606875] acpiphp: Slot [9] registered
[    1.607249] acpiphp: Slot [10] registered
[    1.607629] acpiphp: Slot [11] registered
[    1.608006] acpiphp: Slot [12] registered
[    1.608145] acpiphp: Slot [13] registered
[    1.608529] acpiphp: Slot [14] registered
[    1.608909] acpiphp: Slot [15] registered
[    1.609292] acpiphp: Slot [16] registered
[    1.609693] acpiphp: Slot [17] registered
[    1.610072] acpiphp: Slot [18] registered
[    1.610453] acpiphp: Slot [19] registered
[    1.610833] acpiphp: Slot [20] registered
[    1.611243] acpiphp: Slot [21] registered
[    1.611622] acpiphp: Slot [22] registered
[    1.612002] acpiphp: Slot [23] registered
[    1.612114] acpiphp: Slot [24] registered
[    1.612521] acpiphp: Slot [25] registered
[    1.612906] acpiphp: Slot [26] registered
[    1.613283] acpiphp: Slot [27] registered
[    1.613662] acpiphp: Slot [28] registered
[    1.614073] acpiphp: Slot [29] registered
[    1.614455] acpiphp: Slot [30] registered
[    1.614836] acpiphp: Slot [31] registered
[    1.615189] PCI host bridge to bus 0000:00
[    1.615539] pci_bus 0000:00: root bus resource [io  0x0000-0x0cf7 window]
[    1.616024] pci_bus 0000:00: root bus resource [io  0x0d00-0xffff window]
[    1.616511] pci_bus 0000:00: root bus resource [mem 0x000a0000-0x000bffff window]
[    1.617048] pci_bus 0000:00: root bus resource [mem 0x80000000-0xfebfffff window]
[    1.617584] pci_bus 0000:00: root bus resource [mem 0x100000000-0x17fffffff window]
[    1.618133] pci_bus 0000:00: root bus resource [bus 00-ff]
[    1.618636] pci 0000:00:00.0: [8086:1237] type 00 class 0x060000 conventional PCI endpoint
[    1.625661] pci 0000:00:01.0: [8086:7000] type 00 class 0x060100 conventional PCI endpoint
[    1.627283] pci 0000:00:01.1: [8086:7010] type 00 class 0x010180 conventional PCI endpoint
[    1.628380] pci 0000:00:01.1: BAR 4 [io  0xc040-0xc04f]
[    1.628789] pci 0000:00:01.1: BAR 0 [io  0x01f0-0x01f7]: legacy IDE quirk
[    1.629275] pci 0000:00:01.1: BAR 1 [io  0x03f6]: legacy IDE quirk
[    1.629717] pci 0000:00:01.1: BAR 2 [io  0x0170-0x0177]: legacy IDE quirk
[    1.630200] pci 0000:00:01.1: BAR 3 [io  0x0376]: legacy IDE quirk
[    1.631044] pci 0000:00:01.3: [8086:7113] type 00 class 0x068000 conventional PCI endpoint
[    1.631874] pci 0000:00:01.3: quirk: [io  0x0600-0x063f] claimed by PIIX4 ACPI
[    1.632029] pci 0000:00:01.3: quirk: [io  0x0700-0x070f] claimed by PIIX4 SMB
[    1.632977] pci 0000:00:02.0: [1234:1111] type 00 class 0x030000 conventional PCI endpoint
[    1.644902] pci 0000:00:02.0: BAR 0 [mem 0xfd000000-0xfdffffff pref]
[    1.645531] pci 0000:00:02.0: BAR 2 [mem 0xfebf0000-0xfebf0fff]
[    1.645989] pci 0000:00:02.0: ROM [mem 0xfebe0000-0xfebeffff pref]
[    1.646802] pci 0000:00:02.0: Video device with shadowed ROM at [mem 0x000c0000-0x000dffff]
[    1.654747] pci 0000:00:03.0: [8086:100e] type 00 class 0x020000 conventional PCI endpoint
[    1.656029] pci 0000:00:03.0: BAR 0 [mem 0xfebc0000-0xfebdffff]
[    1.656480] pci 0000:00:03.0: BAR 1 [io  0xc000-0xc03f]
[    1.656891] pci 0000:00:03.0: ROM [mem 0xfeb80000-0xfebbffff pref]
[    1.673663] ACPI: PCI: Interrupt link LNKA configured for IRQ 10
[    1.674820] ACPI: PCI: Interrupt link LNKB configured for IRQ 10
[    1.675841] ACPI: PCI: Interrupt link LNKC configured for IRQ 11
[    1.676608] ACPI: PCI: Interrupt link LNKD configured for IRQ 11
[    1.677293] ACPI: PCI: Interrupt link LNKS configured for IRQ 9
[    1.684015] iommu: Default domain type: Translated
[    1.684015] iommu: DMA domain TLB invalidation policy: lazy mode
[    1.686549] SCSI subsystem initialized
[    1.688049] ACPI: bus type USB registered
[    1.688061] usbcore: registered new interface driver usbfs
[    1.688571] usbcore: registered new interface driver hub
[    1.689052] usbcore: registered new device driver usb
[    1.689857] pps_core: LinuxPPS API ver. 1 registered
[    1.690224] pps_core: Software ver. 5.3.6 - Copyright 2005-2007 Rodolfo Giometti <giometti@linux.it>
[    1.690926] PTP clock support registered
[    1.692015] EDAC MC: Ver: 3.0.0
[    1.696015] NetLabel: Initializing
[    1.696015] NetLabel:  domain hash size = 128
[    1.696025] NetLabel:  protocols = UNLABELED CIPSOv4 CALIPSO
[    1.696610] NetLabel:  unlabeled traffic allowed by default
[    1.697837] PCI: Using ACPI for IRQ routing
[    1.698567] pci 0000:00:02.0: vgaarb: setting as boot VGA device
[    1.699024] pci 0000:00:02.0: vgaarb: bridge control possible
[    1.699441] pci 0000:00:02.0: vgaarb: VGA device added: decodes=io+mem,owns=io+mem,locks=none
[    1.700043] vgaarb: loaded
[    1.701182] hpet0: at MMIO 0xfed00000, IRQs 2, 8, 0
[    1.701559] hpet0: 3 comparators, 64-bit 100.000000 MHz counter
[    1.708015] clocksource: Switched to clocksource kvm-clock
[    3.713496] VFS: Disk quotas dquot_6.6.0
[    3.713950] VFS: Dquot-cache hash table entries: 512 (order 0, 4096 bytes)
[    3.715522] pnp: PnP ACPI init
[    3.718692] pnp: PnP ACPI: found 6 devices
[    3.734808] clocksource: acpi_pm: mask: 0xffffff max_cycles: 0xffffff, max_idle_ns: 2085701024 ns
[    3.735821] NET: Registered PF_INET protocol family
[    3.736319] IP idents hash table entries: 32768 (order: 6, 262144 bytes, linear)
[    3.738213] tcp_listen_portaddr_hash hash table entries: 1024 (order: 4, 73728 bytes, linear)
[    3.738857] Table-perturb hash table entries: 65536 (order: 6, 262144 bytes, linear)
[    3.739523] TCP established hash table entries: 16384 (order: 5, 131072 bytes, linear)
[    3.740787] TCP bind hash table entries: 16384 (order: 9, 2359296 bytes, linear)
[    3.742112] TCP: Hash tables configured (established 16384 bind 16384)
[    3.742687] UDP hash table entries: 1024 (order: 6, 262144 bytes, linear)
[    3.743213] UDP-Lite hash table entries: 1024 (order: 6, 262144 bytes, linear)
[    3.744006] NET: Registered PF_UNIX/PF_LOCAL protocol family
[    3.745553] RPC: Registered named UNIX socket transport module.
[    3.745998] RPC: Registered udp transport module.
[    3.746330] RPC: Registered tcp transport module.
[    3.746661] RPC: Registered tcp-with-tls transport module.
[    3.747037] RPC: Registered tcp NFSv4.1 backchannel transport module.
[    3.747524] pci_bus 0000:00: resource 4 [io  0x0000-0x0cf7 window]
[    3.747962] pci_bus 0000:00: resource 5 [io  0x0d00-0xffff window]
[    3.748399] pci_bus 0000:00: resource 6 [mem 0x000a0000-0x000bffff window]
[    3.748876] pci_bus 0000:00: resource 7 [mem 0x80000000-0xfebfffff window]
[    3.749353] pci_bus 0000:00: resource 8 [mem 0x100000000-0x17fffffff window]
[    3.750108] pci 0000:00:01.0: PIIX3: Enabling Passive Release
[    3.750526] pci 0000:00:00.0: Limiting direct PCI/PCI transfers
[    3.751013] PCI: CLS 0 bytes, default 64
[    3.751413] ACPI: bus type thunderbolt registered
[    3.752134] clocksource: tsc: mask: 0xffffffffffffffff max_cycles: 0x12441513526, max_idle_ns: 440795239872 ns
[    3.759333] Initialise system trusted keyrings
[    3.759768] Key type blacklist registered
[    3.760480] workingset: timestamp_bits=36 max_order=19 bucket_order=0
[    3.762965] squashfs: version 4.0 (2009/01/31) Phillip Lougher
[    3.765687] NFS: Registering the id_resolver key type
[    3.766063] Key type id_resolver registered
[    3.766351] Key type id_legacy registered
[    3.766678] nfs4filelayout_init: NFSv4 File Layout Driver Registering...
[    3.767166] nfs4flexfilelayout_init: NFSv4 Flexfile Layout Driver Registering...
[    3.768142] fuse: init (API version 7.44)
[    3.769000] SGI XFS with ACLs, security attributes, realtime, quota, no debug enabled
[    3.771398] 9p: Installing v9fs 9p2000 file system support
[    3.784251] Key type asymmetric registered
[    3.784540] Asymmetric key parser 'x509' registered
[    3.784997] Block layer SCSI generic (bsg) driver version 0.4 loaded (major 241)
[    3.786057] io scheduler mq-deadline registered
[    3.786469] io scheduler bfq registered
[    3.787635] ledtrig-cpu: registered to indicate activity on CPUs
[    3.789374] IPMI message handler: version 39.2
[    3.789772] ipmi device interface
[    3.792109] input: Power Button as /devices/LNXSYSTM:00/LNXPWRBN:00/input/input0
[    3.793062] ACPI: button: Power Button [PWRF]
[    3.795125] ERST DBG: ERST support is disabled.
[    3.796677] Serial: 8250/16550 driver, 32 ports, IRQ sharing enabled
[    3.798133] 00:04: ttyS0 at I/O 0x3f8 (irq = 4, base_baud = 115200) is a 16550A
[    3.802075] Callback from call_rcu_tasks() invoked.
[    3.828344] Linux agpgart interface v0.103
[    3.831368] ACPI: bus type drm_connector registered
[    3.854006] brd: module loaded
[    3.866348] loop: module loaded
[    3.877642] scsi host0: ata_piix
[    3.879745] scsi host1: ata_piix
[    3.880437] ata1: PATA max MWDMA2 cmd 0x1f0 ctl 0x3f6 bmdma 0xc040 irq 14 lpm-pol 0
[    3.880990] ata2: PATA max MWDMA2 cmd 0x170 ctl 0x376 bmdma 0xc048 irq 15 lpm-pol 0
[    3.884157] tun: Universal TUN/TAP device driver, 1.6
[    3.885082] e100: Intel(R) PRO/100 Network Driver
[    3.885439] e100: Copyright(c) 1999-2006 Intel Corporation
[    3.885955] e1000: Intel(R) PRO/1000 Network Driver
[    3.886303] e1000: Copyright (c) 1999-2006 Intel Corporation.
[    4.037850] ata2: found unknown device (class 0)
[    4.039661] ata2.00: ATAPI: QEMU DVD-ROM, 2.5+, max UDMA/100
[    4.041576] ata1: found unknown device (class 0)
[    4.042459] ata1.00: ATA-7: QEMU HARDDISK, 2.5+, max UDMA/100
[    4.042883] ata1.00: 17196647 sectors, multi 16: LBA48 
[    4.044426] scsi 0:0:0:0: Direct-Access     ATA      QEMU HARDDISK    2.5+ PQ: 0 ANSI: 5
[    4.046863] scsi 0:0:0:0: Attached scsi generic sg0 type 0
[    4.048635] sd 0:0:0:0: [sda] 17196647 512-byte logical blocks: (8.80 GB/8.20 GiB)
[    4.049277] scsi 1:0:0:0: CD-ROM            QEMU     QEMU DVD-ROM     2.5+ PQ: 0 ANSI: 5
[    4.050030] sd 0:0:0:0: [sda] Write Protect is off
[    4.050452] sd 0:0:0:0: [sda] Write cache: enabled, read cache: enabled, doesn't support DPO or FUA
[    4.051444] sd 0:0:0:0: [sda] Preferred minimum I/O size 512 bytes
[    4.067324] scsi 1:0:0:0: Attached scsi generic sg1 type 5
[    4.076748] sd 0:0:0:0: [sda] Attached SCSI disk
[    4.348878] ACPI: \_SB_.LNKC: Enabled at IRQ 11
[    4.661416] e1000 0000:00:03.0 eth0: (PCI:33MHz:32-bit) 52:54:00:12:34:56
[    4.662047] e1000 0000:00:03.0 eth0: Intel(R) PRO/1000 Network Connection
[    4.662728] e1000e: Intel(R) PRO/1000 Network Driver
[    4.663115] e1000e: Copyright(c) 1999 - 2015 Intel Corporation.
[    4.663715] igb: Intel(R) Gigabit Ethernet Network Driver
[    4.664116] igb: Copyright (c) 2007-2014 Intel Corporation.
[    4.664870] PPP generic driver version 2.4.2
[    4.666857] VFIO - User Level meta-driver version: 0.3
[    4.668732] usbcore: registered new interface driver uas
[    4.669862] usbcore: registered new interface driver usb-storage
[    4.671340] i8042: PNP: PS/2 Controller [PNP0303:KBD,PNP0f13:MOU] at 0x60,0x64 irq 1,12
[    4.674336] serio: i8042 KBD port at 0x60,0x64 irq 1
[    4.675360] serio: i8042 AUX port at 0x60,0x64 irq 12
[    4.677939] mousedev: PS/2 mouse device common for all mice
[    4.680693] rtc_cmos 00:05: RTC can wake from S4
[    4.683205] input: AT Translated Set 2 keyboard as /devices/platform/i8042/serio0/input/input1
[    4.686835] rtc_cmos 00:05: registered as rtc0
[    4.687384] rtc_cmos 00:05: setting system clock to 2025-06-16T17:58:52 UTC (1750096732)
[    4.687546] input: VirtualPS/2 VMware VMMouse as /devices/platform/i8042/serio1/input/input4
[    4.689854] rtc_cmos 00:05: alarms up to one day, y3k, 242 bytes nvram, hpet irqs
[    4.690490] i2c_dev: i2c /dev entries driver
[    4.691329] input: VirtualPS/2 VMware VMMouse as /devices/platform/i8042/serio1/input/input3
[    4.693614] device-mapper: core: CONFIG_IMA_DISABLE_HTABLE is disabled. Duplicate IMA measurements will not be recorded in the IMA log.
[    4.696019] device-mapper: uevent: version 1.0.3
[    4.697530] device-mapper: ioctl: 4.50.0-ioctl (2025-04-28) initialised: dm-devel@lists.linux.dev
[    4.699351] intel_pstate: CPU model not supported
[    4.700579] sdhci: Secure Digital Host Controller Interface driver
[    4.701716] sdhci: Copyright(c) Pierre Ossman
[    4.702808] sdhci-pltfm: SDHCI platform and OF driver helper
[    4.704768] drop_monitor: Initializing network drop monitor service
[    4.706467] NET: Registered PF_INET6 protocol family
[    4.712563] Segment Routing with IPv6
[    4.712948] In-situ OAM (IOAM) with IPv6
[    4.713331] NET: Registered PF_PACKET protocol family
[    4.714242] 9pnet: Installing 9P2000 support
[    4.715449] Key type dns_resolver registered
[    4.718897] IPI shorthand broadcast: enabled
[    4.783686] sched_clock: Marking stable (4772006220, 9453018)->(4786242833, -4783595)
[    4.785410] registered taskstats version 1
[    4.786693] Loading compiled-in X.509 certificates
[    4.846148] Demotion targets for Node 0: null
[    4.848072] Key type .fscrypt registered
[    4.848397] Key type fscrypt-provisioning registered
[    4.852285] Key type encrypted registered
[    4.852666] ima: No TPM chip found, activating TPM-bypass!
[    4.853112] ima: Allocated hash algorithm: sha1
[    4.853564] ima: No architecture policies found
[    4.854058] evm: Initialising EVM extended attributes:
[    4.854454] evm: security.selinux
[    4.854718] evm: security.SMACK64
[    4.854980] evm: security.SMACK64EXEC
[    4.855267] evm: security.SMACK64TRANSMUTE
[    4.855587] evm: security.SMACK64MMAP
[    4.855876] evm: security.apparmor
[    4.856145] evm: security.ima
[    4.856380] evm: security.capability
[    4.856663] evm: HMAC attrs: 0x1
[    4.859050] PM:   Magic number: 13:448:997
[    4.860652] RAS: Correctable Errors collector initialized.
[    4.861853] clk: Disabling unused clocks
[    4.862188] PM: genpd: Disabling unused power domains
[    4.863679] md: Waiting for all devices to be available before autodetect
[    4.864058] md: If you don't use raid, use raid=noautodetect
[    4.864351] md: Autodetecting RAID arrays.
[    4.864581] md: autorun ...
[    4.864736] md: ... autorun DONE.
[    4.884337] EXT4-fs (sda): mounted filesystem 088740a9-c8b4-422c-999d-a804eb68a4da ro with ordered data mode. Quota mode: none.
[    4.885025] VFS: Mounted root (ext4 filesystem) readonly on device 8:0.
[    4.888838] devtmpfs: mounted
[    4.909978] Freeing unused decrypted memory: 2028K
[    4.923568] Freeing unused kernel image (initmem) memory: 16088K
[    4.924104] Write protecting the kernel read-only data: 98304k
[    4.926766] Freeing unused kernel image (text/rodata gap) memory: 720K
[    4.927421] Freeing unused kernel image (rodata/data gap) memory: 80K
[    4.991151] x86/mm: Checked W+X mappings: passed, no W+X pages found.
[    4.991508] Run /sbin/init as init process
[    5.252745] systemd[1]: systemd 252-15.el9 running in system mode (+PAM +AUDIT +SELINUX -APPARMOR +IMA +SMACK +SECCOMP +GCRYPT +GNUTLS +OPENSSL +ACL +BLKID +CURL +ELFUTILS -FIDO2 +IDN2 -IDN -IPTC +KMOD +LIBCRYPTSETUP +LIBFDISK +PCRE2 -PWQUALITY +P11KIT -QRENCODE +TPM2 +BZIP2 +LZ4 +XZ +ZLIB +ZSTD -BPF_FRAMEWORK +XKBCOMMON +UTMP +SYSVINIT default-hierarchy=unified)
[    5.254323] systemd[1]: Detected virtualization kvm.
[    5.255230] systemd[1]: Detected architecture x86-64.

Welcome to [0;31mCentOS Stream 9[0m!

[    5.262198] systemd[1]: Hostname set to <test>.
[    5.466059] systemd-rc-local-generator[120]: /etc/rc.d/rc.local is not marked executable, skipping.
[    5.803808] systemd[1]: Queued start job for default target Multi-User System.
[    5.852010] systemd[1]: Created slice Virtual Machine and Container Slice.
[[0;32m  OK  [0m] Created slice [0;1;39mVirtual Machine and Container Slice[0m.
[    5.856528] systemd[1]: Created slice Slice /system/getty.
[[0;32m  OK  [0m] Created slice [0;1;39mSlice /system/getty[0m.
[    5.859175] systemd[1]: Created slice Slice /system/modprobe.
[[0;32m  OK  [0m] Created slice [0;1;39mSlice /system/modprobe[0m.
[    5.861838] systemd[1]: Created slice Slice /system/serial-getty.
[[0;32m  OK  [0m] Created slice [0;1;39mSlice /system/serial-getty[0m.
[    5.864916] systemd[1]: Created slice Slice /system/sshd-keygen.
[[0;32m  OK  [0m] Created slice [0;1;39mSlice /system/sshd-keygen[0m.
[    5.867522] systemd[1]: Created slice User and Session Slice.
[[0;32m  OK  [0m] Created slice [0;1;39mUser and Session Slice[0m.
[    5.869004] systemd[1]: Started Forward Password Requests to Wall Directory Watch.
[[0;32m  OK  [0m] Started [0;1;39mForward Password R…uests to Wall Directory Watch[0m.
[    5.871143] systemd[1]: Set up automount Arbitrary Executable File Formats File System Automount Point.
[[0;32m  OK  [0m] Set up automount [0;1;39mArbitrary…s File System Automount Point[0m.
[    5.872428] systemd[1]: Reached target Local Integrity Protected Volumes.
[[0;32m  OK  [0m] Reached target [0;1;39mLocal Integrity Protected Volumes[0m.
[    5.873664] systemd[1]: Reached target Slice Units.
[[0;32m  OK  [0m] Reached target [0;1;39mSlice Units[0m.
[    5.874592] systemd[1]: Reached target Swaps.
[[0;32m  OK  [0m] Reached target [0;1;39mSwaps[0m.
[    5.875492] systemd[1]: Reached target Local Verity Protected Volumes.
[[0;32m  OK  [0m] Reached target [0;1;39mLocal Verity Protected Volumes[0m.
[    5.877033] systemd[1]: Listening on Device-mapper event daemon FIFOs.
[[0;32m  OK  [0m] Listening on [0;1;39mDevice-mapper event daemon FIFOs[0m.
[    5.878803] systemd[1]: Listening on LVM2 poll daemon socket.
[[0;32m  OK  [0m] Listening on [0;1;39mLVM2 poll daemon socket[0m.
[    5.880040] systemd[1]: multipathd control socket was skipped because of an unmet condition check (ConditionPathExists=/etc/multipath.conf).
[    5.926810] systemd[1]: Listening on RPCbind Server Activation Socket.
[[0;32m  OK  [0m] Listening on [0;1;39mRPCbind Server Activation Socket[0m.
[    5.928457] systemd[1]: Reached target RPC Port Mapper.
[[0;32m  OK  [0m] Reached target [0;1;39mRPC Port Mapper[0m.
[    5.931830] systemd[1]: Listening on Process Core Dump Socket.
[[0;32m  OK  [0m] Listening on [0;1;39mProcess Core Dump Socket[0m.
[    5.933193] systemd[1]: Listening on initctl Compatibility Named Pipe.
[[0;32m  OK  [0m] Listening on [0;1;39minitctl Compatibility Named Pipe[0m.
[    5.934815] systemd[1]: Listening on Journal Socket (/dev/log).
[[0;32m  OK  [0m] Listening on [0;1;39mJournal Socket (/dev/log)[0m.
[    5.936373] systemd[1]: Listening on Journal Socket.
[[0;32m  OK  [0m] Listening on [0;1;39mJournal Socket[0m.
[    5.937892] systemd[1]: Listening on udev Control Socket.
[[0;32m  OK  [0m] Listening on [0;1;39mudev Control Socket[0m.
[    5.939500] systemd[1]: Listening on udev Kernel Socket.
[[0;32m  OK  [0m] Listening on [0;1;39mudev Kernel Socket[0m.
[    5.945089] systemd[1]: Mounting Huge Pages File System...
         Mounting [0;1;39mHuge Pages File System[0m...
[    5.951515] systemd[1]: Mounting POSIX Message Queue File System...
         Mounting [0;1;39mPOSIX Message Queue File System[0m...
[    5.958402] systemd[1]: Mounting Kernel Debug File System...
         Mounting [0;1;39mKernel Debug File System[0m...
[    5.966115] systemd[1]: Mounting Kernel Trace File System...
         Mounting [0;1;39mKernel Trace File System[0m...
[    5.967096] systemd[1]: Kernel Module supporting RPCSEC_GSS was skipped because of an unmet condition check (ConditionPathExists=/etc/krb5.keytab).
[    5.967886] systemd[1]: Create List of Static Device Nodes was skipped because of an unmet condition check (ConditionFileNotEmpty=/lib/modules/6.16.0-rc2-next-20250616-050f8ad7b58d/modules.devname).
[    5.974014] systemd[1]: Starting Monitoring of LVM2 mirrors, snapshots etc. using dmeventd or progress polling...
         Starting [0;1;39mMonitoring of LVM…meventd or progress polling[0m...
[    5.980935] systemd[1]: Starting Load Kernel Module configfs...
         Starting [0;1;39mLoad Kernel Module configfs[0m...
[    5.986684] systemd[1]: Starting Load Kernel Module drm...
         Starting [0;1;39mLoad Kernel Module drm[0m...
[    6.018229] systemd[1]: Starting Load Kernel Module fuse...
         Starting [0;1;39mLoad Kernel Module fuse[0m...
[    6.029135] systemd[1]: Starting Read and set NIS domainname from /etc/sysconfig/network...
         Starting [0;1;39mRead and set NIS …from /etc/sysconfig/network[0m...
[    6.062480] systemd[1]: Starting Journal Service...
         Starting [0;1;39mJournal Service[0m...
[    6.075997] systemd[1]: Starting Load Kernel Modules...
         Starting [0;1;39mLoad Kernel Modules[0m...
[    6.102320] systemd[1]: Starting Generate network units from Kernel command line...
         Starting [0;1;39mGenerate network …ts from Kernel command line[0m...
[    6.112312] systemd[1]: Starting Remount Root and Kernel File Systems...
         Starting [0;1;39mRemount Root and Kernel File Systems[0m...
[    6.117557] systemd[1]: Repartition Root Disk was skipped because no trigger condition checks were met.
[    6.149985] systemd[1]: Starting Coldplug All udev Devices...
         Starting [0;1;39mColdplug All udev Devices[0m...
[    6.167395] systemd[1]: Mounted Huge Pages File System.
[[0;32m  OK  [0m] Mounted [0;1;39mHuge Pages File System[0m.
[    6.170268] systemd[1]: Mounted POSIX Message Queue File System.
[[0;32m  OK  [0m] Mounted [0;1;39mPOSIX Message Queue File System[0m.
[    6.174235] systemd[1]: Mounted Kernel Debug File System.
[[0;32m  OK  [0m] Mounted [0;1;39mKernel Debug File System[0m.
[    6.175505] systemd[1]: Mounted Kernel Trace File System.
[[0;32m  OK  [0m] Mounted [0;1;39mKernel Trace File System[0m.
[    6.181826] systemd[1]: Finished Monitoring of LVM2 mirrors, snapshots etc. using dmeventd or progress polling.
[[0;32m  OK  [0m] Finished [0;1;39mMonitoring of LVM… dmeventd or progress polling[0m.
[    6.188335] systemd[1]: modprobe@configfs.service: Deactivated successfully.
[    6.191442] systemd[1]: Finished Load Kernel Module configfs.
[[0;32m  OK  [0m] Finished [0;1;39mLoad Kernel Module configfs[0m.
[    6.196696] systemd[1]: modprobe@drm.service: Deactivated successfully.
[    6.199088] systemd[1]: Finished Load Kernel Module drm.
[[0;32m  OK  [0m] Finished [0;1;39mLoad Kernel Module drm[0m.
[    6.203534] EXT4-fs (sda): re-mounted 088740a9-c8b4-422c-999d-a804eb68a4da r/w.
[    6.205866] systemd[1]: modprobe@fuse.service: Deactivated successfully.
[    6.208170] systemd[1]: Finished Load Kernel Module fuse.
[[0;32m  OK  [0m] Finished [0;1;39mLoad Kernel Module fuse[0m.
[    6.216709] systemd[1]: Finished Read and set NIS domainname from /etc/sysconfig/network.
[[0;32m  OK  [0m] Finished [0;1;39mRead and set NIS …e from /etc/sysconfig/network[0m.
[    6.218767] systemd[1]: systemd-modules-load.service: Main process exited, code=exited, status=1/FAILURE
[    6.219953] systemd[1]: systemd-modules-load.service: Failed with result 'exit-code'.
[    6.221267] systemd[1]: Failed to start Load Kernel Modules.
[[0;1;31mFAILED[0m] Failed to start [0;1;39mLoad Kernel Modules[0m.
See 'systemctl status systemd-modules-load.service' for details.
[    6.224851] systemd[1]: Finished Generate network units from Kernel command line.
[[0;32m  OK  [0m] Finished [0;1;39mGenerate network units from Kernel command line[0m.
[    6.227496] systemd[1]: Finished Remount Root and Kernel File Systems.
[[0;32m  OK  [0m] Finished [0;1;39mRemount Root and Kernel File Systems[0m.
[    6.229527] systemd[1]: Started Journal Service.
[[0;32m  OK  [0m] Started [0;1;39mJournal Service[0m.
[[0;32m  OK  [0m] Reached target [0;1;39mPreparation for Network[0m.
         Mounting [0;1;39mFUSE Control File System[0m...
         Mounting [0;1;39mKernel Configuration File System[0m...
         Starting [0;1;39mFlush Journal to Persistent Storage[0m...
         Starting [0;1;39mLoad/Save Random Seed[0m...
[    6.322756] systemd-journald[146]: Received client request to flush runtime journal.
         Starting [0;1;39mApply Kernel Variables[0m...
         Starting [0;1;39mCreate Static Device Nodes in /dev[0m...
         Starting [0;1;39mSetup Virtual Console[0m...
[[0;32m  OK  [0m] Mounted [0;1;39mFUSE Control File System[0m.
[[0;32m  OK  [0m] Mounted [0;1;39mKernel Configuration File System[0m.
[[0;32m  OK  [0m] Finished [0;1;39mFlush Journal to Persistent Storage[0m.
[[0;32m  OK  [0m] Finished [0;1;39mLoad/Save Random Seed[0m.
[[0;32m  OK  [0m] Finished [0;1;39mApply Kernel Variables[0m.
[[0;32m  OK  [0m] Finished [0;1;39mCreate Static Device Nodes in /dev[0m.
         Starting [0;1;39mRule-based Manage…for Device Events and Files[0m...
[[0;32m  OK  [0m] Started [0;1;39mRule-based Manager for Device Events and Files[0m.
         Starting [0;1;39mAuto-connect to s…E devices found during boot[0m...
[[0;32m  OK  [0m] Finished [0;1;39mAuto-connect to s…VME devices found during boot[0m.
[[0;32m  OK  [0m] Finished [0;1;39mSetup Virtual Console[0m.
[[0;32m  OK  [0m] Finished [0;1;39mColdplug All udev Devices[0m.
[[0;32m  OK  [0m] Started [0;1;39mDispatch Password …ts to Console Directory Watch[0m.
[[0;32m  OK  [0m] Reached target [0;1;39mLocal Encrypted Volumes[0m.
[[0;32m  OK  [0m] Reached target [0;1;39mPath Units[0m.
         Starting [0;1;39mWait for udev To …plete Device Initialization[0m...
[[0;32m  OK  [0m] Found device [0;1;39m/dev/ttyS0[0m.
[[0;32m  OK  [0m] Listening on [0;1;39mLoad/Save RF …itch Status /dev/rfkill Watch[0m.
[[0;32m  OK  [0m] Finished [0;1;39mWait for udev To Complete Device Initialization[0m.
[[0;32m  OK  [0m] Reached target [0;1;39mPreparation for Local File Systems[0m.
[[0;32m  OK  [0m] Reached target [0;1;39mLocal File Systems[0m.
         Starting [0;1;39mTell Plymouth To Write Out Runtime Data[0m...
         Starting [0;1;39mAutomatic Boot Loader Update[0m...
         Starting [0;1;39mCreate Volatile Files and Directories[0m...
[[0;32m  OK  [0m] Finished [0;1;39mTell Plymouth To Write Out Runtime Data[0m.
[[0;32m  OK  [0m] Finished [0;1;39mAutomatic Boot Loader Update[0m.
[[0;32m  OK  [0m] Finished [0;1;39mCreate Volatile Files and Directories[0m.
         Mounting [0;1;39mRPC Pipe File System[0m...
         Starting [0;1;39mSecurity Auditing Service[0m...
         Starting [0;1;39mRPC Bind[0m...
[[0;32m  OK  [0m] Mounted [0;1;39mRPC Pipe File System[0m.
[[0;32m  OK  [0m] Reached target [0;1;39mrpc_pipefs.target[0m.
[[0;32m  OK  [0m] Started [0;1;39mRPC Bind[0m.
[[0;32m  OK  [0m] Started [0;1;39mSecurity Auditing Service[0m.
         Starting [0;1;39mRecord System Boot/Shutdown in UTMP[0m...
[[0;32m  OK  [0m] Finished [0;1;39mRecord System Boot/Shutdown in UTMP[0m.
[[0;32m  OK  [0m] Reached target [0;1;39mSystem Initialization[0m.
[[0;32m  OK  [0m] Started [0;1;39mDaily rotation of log files[0m.
[[0;32m  OK  [0m] Started [0;1;39mUpdates mlocate database every day[0m.
[[0;32m  OK  [0m] Started [0;1;39mDaily Cleanup of Temporary Directories[0m.
[[0;32m  OK  [0m] Started [0;1;39mdaily update of the root trust anchor for DNSSEC[0m.
[[0;32m  OK  [0m] Reached target [0;1;39mTimer Units[0m.
[[0;32m  OK  [0m] Listening on [0;1;39mD-Bus System Message Bus Socket[0m.
[[0;32m  OK  [0m] Listening on [0;1;39mOpen-iSCSI iscsid Socket[0m.
[[0;32m  OK  [0m] Listening on [0;1;39mOpen-iSCSI iscsiuio Socket[0m.
[[0;32m  OK  [0m] Listening on [0;1;39mSSSD Kerberos…ache Manager responder socket[0m.
[[0;32m  OK  [0m] Listening on [0;1;39mLibvirt interface local socket[0m.
[[0;32m  OK  [0m] Listening on [0;1;39mVirtual machine lock manager socket[0m.
[[0;32m  OK  [0m] Listening on [0;1;39mVirtual machine log manager socket[0m.
[[0;32m  OK  [0m] Listening on [0;1;39mLibvirt network local socket[0m.
[[0;32m  OK  [0m] Listening on [0;1;39mLibvirt nodedev local socket[0m.
[[0;32m  OK  [0m] Listening on [0;1;39mLibvirt nwfilter local socket[0m.
[[0;32m  OK  [0m] Listening on [0;1;39mLibvirt proxy local socket[0m.
[[0;32m  OK  [0m] Listening on [0;1;39mLibvirt qemu local socket[0m.
[[0;32m  OK  [0m] Listening on [0;1;39mLibvirt qemu admin socket[0m.
[[0;32m  OK  [0m] Listening on [0;1;39mLibvirt qemu local read-only socket[0m.
[[0;32m  OK  [0m] Listening on [0;1;39mLibvirt secret local socket[0m.
[[0;32m  OK  [0m] Listening on [0;1;39mLibvirt storage local socket[0m.
[[0;32m  OK  [0m] Reached target [0;1;39mSocket Units[0m.
         Starting [0;1;39mD-Bus System Message Bus[0m...
[[0;32m  OK  [0m] Started [0;1;39mD-Bus System Message Bus[0m.
[[0;32m  OK  [0m] Reached target [0;1;39mBasic System[0m.
         Starting [0;1;39mNetwork Manager[0m...
         Starting [0;1;39mNTP client/server[0m...
         Starting [0;1;39mRestore /run/initramfs on shutdown[0m...
[[0;32m  OK  [0m] Started [0;1;39mirqbalance daemon[0m.
[[0;32m  OK  [0m] Started [0;1;39mlibstoragemgmt plug-in server daemon[0m.
[[0;32m  OK  [0m] Started [0;1;39mMachine Check Exception Logging Daemon[0m.
[[0;32m  OK  [0m] Reached target [0;1;39msshd-keygen.target[0m.
[[0;32m  OK  [0m] Reached target [0;1;39mUser and Group Name Lookups[0m.
         Starting [0;1;39mUser Login Management[0m...
         Starting [0;1;39mVirtual Machine a…tainer Registration Service[0m...
         Starting [0;1;39mupdate of the roo…NSSEC validation in unbound[0m...
         Starting [0;1;39mRotate log files[0m...
[[0;32m  OK  [0m] Started [0;1;39mUpdate a database for mlocate[0m.
[[0;32m  OK  [0m] Finished [0;1;39mRestore /run/initramfs on shutdown[0m.
[[0;32m  OK  [0m] Started [0;1;39mVirtual Machine an…ontainer Registration Service[0m.
         Starting [0;1;39mHostname Service[0m...
[[0;32m  OK  [0m] Started [0;1;39mNTP client/server[0m.
[[0;32m  OK  [0m] Finished [0;1;39mupdate of the roo… DNSSEC validation in unbound[0m.
[[0;32m  OK  [0m] Started [0;1;39mUser Login Management[0m.
[[0;32m  OK  [0m] Started [0;1;39mHostname Service[0m.
[[0;32m  OK  [0m] Finished [0;1;39mRotate log files[0m.
         Starting [0;1;39mNetwork Manager Script Dispatcher Service[0m...
[[0;32m  OK  [0m] Started [0;1;39mNetwork Manager Script Dispatcher Service[0m.
[    9.838082] e1000: eth0 NIC Link is Up 1000 Mbps Full Duplex, Flow Control: RX
[[0;32m  OK  [0m] Started [0;1;39mNetwork Manager[0m.
[[0;32m  OK  [0m] Reached target [0;1;39mNetwork[0m.
[[0;32m  OK  [0m] Reached target [0;1;39mNetwork is Online[0m.
         Starting [0;1;39mGSSAPI Proxy Daemon[0m...
         Starting [0;1;39mNotify NFS peers of a restart[0m...
         Starting [0;1;39mSystem Logging Service[0m...
         Starting [0;1;39mOpenSSH server daemon[0m...
         Starting [0;1;39mDynamic System Tuning Daemon[0m...
[[0;32m  OK  [0m] Started [0;1;39mNotify NFS peers of a restart[0m.
[[0;32m  OK  [0m] Started [0;1;39mGSSAPI Proxy Daemon[0m.
[[0;32m  OK  [0m] Started [0;1;39mOpenSSH server daemon[0m.
[[0;32m  OK  [0m] Reached target [0;1;39mNFS client services[0m.
[[0;32m  OK  [0m] Reached target [0;1;39mPreparation for Remote File Systems[0m.
[[0;32m  OK  [0m] Reached target [0;1;39mRemote File Systems[0m.
         Starting [0;1;39mPermit User Sessions[0m...
         Starting [0;1;39mVirtualization qemu daemon[0m...
[[0;32m  OK  [0m] Finished [0;1;39mPermit User Sessions[0m.
[[0;32m  OK  [0m] Started [0;1;39mDeferred execution scheduler[0m.
[[0;32m  OK  [0m] Started [0;1;39mCommand Scheduler[0m.
         Starting [0;1;39mHold until boot process finishes up[0m...
         Starting [0;1;39mTerminate Plymouth Boot Screen[0m...
[[0;32m  OK  [0m] Finished [0;1;39mHold until boot process finishes up[0m.
[[0;32m  OK  [0m] Started [0;1;39mGetty on tty1[0m.
[[0;32m  OK  [0m] Started [0;1;39mSerial Getty on ttyS0[0m.
[[0;32m  OK  [0m] Reached target [0;1;39mLogin Prompts[0m.
[[0;32m  OK  [0m] Started [0;1;39mSystem Logging Service[0m.
[[0;32m  OK  [0m] Finished [0;1;39mTerminate Plymouth Boot Screen[0m.
[[0;32m  OK  [0m] Started [0;1;39mVirtualization qemu daemon[0m.
         Starting [0;1;39mAuthorization Manager[0m...
[[0;32m  OK  [0m] Started [0;1;39mAuthorization Manager[0m.
[[0;32m  OK  [0m] Started [0;1;39mDynamic System Tuning Daemon[0m.
[[0;32m  OK  [0m] Reached target [0;1;39mMulti-User System[0m.
         Starting [0;1;39mRecord Runlevel Change in UTMP[0m...
[[0;32m  OK  [0m] Finished [0;1;39mRecord Runlevel Change in UTMP[0m.

CentOS Stream 9
Kernel 6.16.0-rc2-next-20250616-050f8ad7b58d on an x86_64

Activate the web console with: systemctl enable --now cockpit.socket

test login: [   19.687113] BUG: sleeping function called from invalid context at ./include/linux/pagemap.h:1112
[   19.687639] in_atomic(): 1, irqs_disabled(): 0, non_block: 0, pid: 729, name: repro
[   19.688028] preempt_count: 1, expected: 0
[   19.688239] RCU nest depth: 1, expected: 0
[   19.688454] 4 locks held by repro/729:
[   19.688658]  #0: ffff888021b340e0 (&mm->mmap_lock){++++}-{4:4}, at: __do_sys_mremap+0x42e/0x1620
[   19.689136]  #1: ffff888014b8d6d8 (&anon_vma->rwsem/1){+.+.}-{4:4}, at: copy_vma_and_data+0x541/0x1790
[   19.689641]  #2: ffffffff8725c7c0 (rcu_read_lock){....}-{1:3}, at: ___pte_offset_map+0x3f/0x6c0
[   19.690082]  #3: ffff888023d45af8 (ptlock_ptr(ptdesc)#2){+.+.}-{3:3}, at: __pte_offset_map_lock+0x1a2/0x3c0
[   19.690586] Preemption disabled at:
[   19.690589] [<ffffffff81e14222>] __pte_offset_map_lock+0x1a2/0x3c0
[   19.691103] CPU: 1 UID: 0 PID: 729 Comm: repro Not tainted 6.16.0-rc2-next-20250616-050f8ad7b58d #1 PREEMPT(voluntary) 
[   19.691113] Hardware name: QEMU Standard PC (i440FX + PIIX, 1996), BIOS rel-1.16.0-0-gd239552ce722-prebuilt.qemu.org 04/01/2014
[   19.691122] Call Trace:
[   19.691127]  <TASK>
[   19.691130]  dump_stack_lvl+0x121/0x150
[   19.691158]  dump_stack+0x19/0x20
[   19.691166]  __might_resched+0x37b/0x5a0
[   19.691183]  ? __sanitizer_cov_trace_const_cmp8+0x1c/0x30
[   19.691202]  __might_sleep+0xa3/0x170
[   19.691212]  ? vm_normal_folio+0x8c/0x170
[   19.691226]  __relocate_anon_folios+0xf97/0x2960
[   19.691243]  ? reacquire_held_locks+0xdd/0x1f0
[   19.691262]  ? __pfx___relocate_anon_folios+0x10/0x10
[   19.691275]  ? lock_set_class+0x17a/0x260
[   19.691289]  copy_vma_and_data+0x606/0x1790
[   19.691302]  ? percpu_counter_add_batch+0xd9/0x210
[   19.691326]  ? __pfx_copy_vma_and_data+0x10/0x10
[   19.691334]  ? vms_complete_munmap_vmas+0x525/0x810
[   19.691352]  ? __pfx_do_vmi_align_munmap+0x10/0x10
[   19.691366]  ? __sanitizer_cov_trace_const_cmp4+0x1a/0x20
[   19.691377]  ? mtree_range_walk+0x728/0xb70
[   19.691391]  ? __lock_acquire+0x412/0x22a0
[   19.691402]  ? __sanitizer_cov_trace_const_cmp1+0x1e/0x30
[   19.691414]  ? percpu_counter_add_batch+0xd9/0x210
[   19.691422]  ? debug_smp_processor_id+0x20/0x30
[   19.691441]  ? __this_cpu_preempt_check+0x21/0x30
[   19.691451]  ? lock_is_held_type+0xef/0x150
[   19.691462]  move_vma+0x689/0x1a60
[   19.691475]  ? __pfx_move_vma+0x10/0x10
[   19.691485]  ? cap_mmap_addr+0x58/0x140
[   19.691498]  ? __sanitizer_cov_trace_const_cmp4+0x1a/0x20
[   19.691508]  ? security_mmap_addr+0x63/0x1b0
[   19.691522]  ? __sanitizer_cov_trace_const_cmp8+0x1c/0x30
[   19.691533]  ? __get_unmapped_area+0x1a4/0x440
[   19.691548]  ? __sanitizer_cov_trace_const_cmp8+0x1c/0x30
[   19.691558]  ? vrm_set_new_addr+0x21d/0x2b0
[   19.691569]  __do_sys_mremap+0xeb4/0x1620
[   19.691580]  ? __pfx___do_sys_mremap+0x10/0x10
[   19.691591]  ? __this_cpu_preempt_check+0x21/0x30
[   19.691608]  ? __this_cpu_preempt_check+0x21/0x30
[   19.691630]  __x64_sys_mremap+0xc7/0x150
[   19.691638]  ? syscall_trace_enter+0x14d/0x280
[   19.691654]  x64_sys_call+0x1933/0x2150
[   19.691669]  do_syscall_64+0x6d/0x2e0
[   19.691681]  entry_SYSCALL_64_after_hwframe+0x76/0x7e
[   19.691688] RIP: 0033:0x7fbf69a3ee5d
[   19.691700] Code: ff c3 66 2e 0f 1f 84 00 00 00 00 00 90 f3 0f 1e fa 48 89 f8 48 89 f7 48 89 d6 48 89 ca 4d 89 c2 4d 89 c8 4c 8b 4c 24 08 0f 05 <48> 3d 01 f0 ff ff 73 01 c3 48 8b 0d 93 af 1b 00 f7 d8 64 89 01 48
[   19.691706] RSP: 002b:00007ffe346c9a88 EFLAGS: 00000217 ORIG_RAX: 0000000000000019
[   19.691718] RAX: ffffffffffffffda RBX: 0000000000000000 RCX: 00007fbf69a3ee5d
[   19.691722] RDX: 0000000000002000 RSI: 0000000000002000 RDI: 000000002022e000
[   19.691726] RBP: 00007ffe346c9a90 R08: 000000002038d000 R09: 0000000000000001
[   19.691730] R10: 000000000000000f R11: 0000000000000217 R12: 00007ffe346c9ba8
[   19.691734] R13: 0000000000401126 R14: 0000000000403e08 R15: 00007fbf69cc1000
[   19.691748]  </TASK>
[   20.693171] BUG: sleeping function called from invalid context at ./include/linux/pagemap.h:1112
[   20.693675] in_atomic(): 1, irqs_disabled(): 0, non_block: 0, pid: 760, name: repro
[   20.694056] preempt_count: 1, expected: 0
[   20.694264] RCU nest depth: 1, expected: 0
[   20.694476] 4 locks held by repro/760:
[   20.694674]  #0: ffff888013eb16e0 (&mm->mmap_lock){++++}-{4:4}, at: __do_sys_mremap+0x42e/0x1620
[   20.695130]  #1: ffff8880122f3a08 (&anon_vma->rwsem/1){+.+.}-{4:4}, at: copy_vma_and_data+0x541/0x1790
[   20.695606]  #2: ffffffff8725c7c0 (rcu_read_lock){....}-{1:3}, at: ___pte_offset_map+0x3f/0x6c0
[   20.696050]  #3: ffff888028928138 (ptlock_ptr(ptdesc)#2){+.+.}-{3:3}, at: __pte_offset_map_lock+0x1a2/0x3c0
[   20.696549] Preemption disabled at:
[   20.696552] [<ffffffff81e14222>] __pte_offset_map_lock+0x1a2/0x3c0
[   20.697049] CPU: 1 UID: 0 PID: 760 Comm: repro Tainted: G        W           6.16.0-rc2-next-20250616-050f8ad7b58d #1 PREEMPT(voluntary) 
[   20.697060] Tainted: [W]=WARN
[   20.697063] Hardware name: QEMU Standard PC (i440FX + PIIX, 1996), BIOS rel-1.16.0-0-gd239552ce722-prebuilt.qemu.org 04/01/2014
[   20.697068] Call Trace:
[   20.697071]  <TASK>
[   20.697081]  dump_stack_lvl+0x121/0x150
[   20.697094]  dump_stack+0x19/0x20
[   20.697101]  __might_resched+0x37b/0x5a0
[   20.697113]  ? __sanitizer_cov_trace_const_cmp8+0x1c/0x30
[   20.697128]  __might_sleep+0xa3/0x170
[   20.697138]  ? vm_normal_folio+0x8c/0x170
[   20.697150]  __relocate_anon_folios+0xf97/0x2960
[   20.697166]  ? reacquire_held_locks+0xdd/0x1f0
[   20.697180]  ? __pfx___relocate_anon_folios+0x10/0x10
[   20.697192]  ? lock_set_class+0x17a/0x260
[   20.697207]  copy_vma_and_data+0x606/0x1790
[   20.697219]  ? percpu_counter_add_batch+0xd9/0x210
[   20.697233]  ? __pfx_copy_vma_and_data+0x10/0x10
[   20.697241]  ? vms_complete_munmap_vmas+0x525/0x810
[   20.697257]  ? __pfx_do_vmi_align_munmap+0x10/0x10
[   20.697271]  ? __sanitizer_cov_trace_const_cmp4+0x1a/0x20
[   20.697281]  ? mtree_range_walk+0x728/0xb70
[   20.697292]  ? __lock_acquire+0x412/0x22a0
[   20.697302]  ? __sanitizer_cov_trace_const_cmp1+0x1e/0x30
[   20.697312]  ? percpu_counter_add_batch+0xd9/0x210
[   20.697320]  ? debug_smp_processor_id+0x20/0x30
[   20.697335]  ? __this_cpu_preempt_check+0x21/0x30
[   20.697344]  ? lock_is_held_type+0xef/0x150
[   20.697355]  move_vma+0x689/0x1a60
[   20.697368]  ? __pfx_move_vma+0x10/0x10
[   20.697377]  ? cap_mmap_addr+0x58/0x140
[   20.697387]  ? __sanitizer_cov_trace_const_cmp4+0x1a/0x20
[   20.697397]  ? security_mmap_addr+0x63/0x1b0
[   20.697407]  ? __sanitizer_cov_trace_const_cmp8+0x1c/0x30
[   20.697417]  ? __get_unmapped_area+0x1a4/0x440
[   20.697429]  ? __sanitizer_cov_trace_const_cmp8+0x1c/0x30
[   20.697439]  ? vrm_set_new_addr+0x21d/0x2b0
[   20.697449]  __do_sys_mremap+0xeb4/0x1620
[   20.697465]  ? __pfx___do_sys_mremap+0x10/0x10
[   20.697490]  ? __this_cpu_preempt_check+0x21/0x30
[   20.697517]  __x64_sys_mremap+0xc7/0x150
[   20.697527]  ? syscall_trace_enter+0x14d/0x280
[   20.697539]  x64_sys_call+0x1933/0x2150
[   20.697551]  do_syscall_64+0x6d/0x2e0
[   20.697562]  entry_SYSCALL_64_after_hwframe+0x76/0x7e
[   20.697570] RIP: 0033:0x7f3280e3ee5d
[   20.697578] Code: ff c3 66 2e 0f 1f 84 00 00 00 00 00 90 f3 0f 1e fa 48 89 f8 48 89 f7 48 89 d6 48 89 ca 4d 89 c2 4d 89 c8 4c 8b 4c 24 08 0f 05 <48> 3d 01 f0 ff ff 73 01 c3 48 8b 0d 93 af 1b 00 f7 d8 64 89 01 48
[   20.697588] RSP: 002b:00007ffd85038b28 EFLAGS: 00000217 ORIG_RAX: 0000000000000019
[   20.697595] RAX: ffffffffffffffda RBX: 0000000000000000 RCX: 00007f3280e3ee5d
[   20.697600] RDX: 0000000000002000 RSI: 0000000000002000 RDI: 000000002022e000
[   20.697605] RBP: 00007ffd85038b30 R08: 000000002038d000 R09: 0000000000000001
[   20.697611] R10: 000000000000000f R11: 0000000000000217 R12: 00007ffd85038c48
[   20.697615] R13: 0000000000401126 R14: 0000000000403e08 R15: 00007f32810f3000
[   20.697633]  </TASK>
[   21.729416] BUG: sleeping function called from invalid context at ./include/linux/pagemap.h:1112
[   21.730311] in_atomic(): 1, irqs_disabled(): 0, non_block: 0, pid: 792, name: repro
[   21.730701] preempt_count: 1, expected: 0
[   21.730906] RCU nest depth: 1, expected: 0
[   21.731117] 4 locks held by repro/792:
[   21.731313]  #0: ffff88801bab2160 (&mm->mmap_lock){++++}-{4:4}, at: __do_sys_mremap+0x42e/0x1620
[   21.731773]  #1: ffff888028b085c8 (&anon_vma->rwsem/1){+.+.}-{4:4}, at: copy_vma_and_data+0x541/0x1790
[   21.732251]  #2: ffffffff8725c7c0 (rcu_read_lock){....}-{1:3}, at: ___pte_offset_map+0x3f/0x6c0
[   21.732701]  #3: ffff888028b0cc18 (ptlock_ptr(ptdesc)#2){+.+.}-{3:3}, at: __pte_offset_map_lock+0x1a2/0x3c0
[   21.733199] Preemption disabled at:
[   21.733201] [<ffffffff81e14222>] __pte_offset_map_lock+0x1a2/0x3c0
[   21.733726] CPU: 1 UID: 0 PID: 792 Comm: repro Tainted: G        W           6.16.0-rc2-next-20250616-050f8ad7b58d #1 PREEMPT(voluntary) 
[   21.733737] Tainted: [W]=WARN
[   21.733740] Hardware name: QEMU Standard PC (i440FX + PIIX, 1996), BIOS rel-1.16.0-0-gd239552ce722-prebuilt.qemu.org 04/01/2014
[   21.733745] Call Trace:
[   21.733748]  <TASK>
[   21.733753]  dump_stack_lvl+0x121/0x150
[   21.733766]  dump_stack+0x19/0x20
[   21.733773]  __might_resched+0x37b/0x5a0
[   21.733784]  ? __sanitizer_cov_trace_const_cmp8+0x1c/0x30
[   21.733799]  __might_sleep+0xa3/0x170
[   21.733809]  ? vm_normal_folio+0x8c/0x170
[   21.733821]  __relocate_anon_folios+0xf97/0x2960
[   21.733837]  ? reacquire_held_locks+0xdd/0x1f0
[   21.733851]  ? __pfx___relocate_anon_folios+0x10/0x10
[   21.733864]  ? lock_set_class+0x17a/0x260
[   21.733878]  copy_vma_and_data+0x606/0x1790
[   21.733897]  ? percpu_counter_add_batch+0xd9/0x210
[   21.733911]  ? __pfx_copy_vma_and_data+0x10/0x10
[   21.733919]  ? vms_complete_munmap_vmas+0x525/0x810
[   21.733935]  ? __pfx_do_vmi_align_munmap+0x10/0x10
[   21.733948]  ? __sanitizer_cov_trace_const_cmp4+0x1a/0x20
[   21.733958]  ? mtree_range_walk+0x728/0xb70
[   21.733969]  ? __lock_acquire+0x412/0x22a0
[   21.733980]  ? __sanitizer_cov_trace_const_cmp1+0x1e/0x30
[   21.733990]  ? percpu_counter_add_batch+0xd9/0x210
[   21.733998]  ? debug_smp_processor_id+0x20/0x30
[   21.734012]  ? __this_cpu_preempt_check+0x21/0x30
[   21.734022]  ? lock_is_held_type+0xef/0x150
[   21.734033]  move_vma+0x689/0x1a60
[   21.734046]  ? __pfx_move_vma+0x10/0x10
[   21.734055]  ? cap_mmap_addr+0x58/0x140
[   21.734065]  ? __sanitizer_cov_trace_const_cmp4+0x1a/0x20
[   21.734075]  ? security_mmap_addr+0x63/0x1b0
[   21.734088]  ? __sanitizer_cov_trace_const_cmp8+0x1c/0x30
[   21.734098]  ? __get_unmapped_area+0x1a4/0x440
[   21.734111]  ? __sanitizer_cov_trace_const_cmp8+0x1c/0x30
[   21.734121]  ? vrm_set_new_addr+0x21d/0x2b0
[   21.734131]  __do_sys_mremap+0xeb4/0x1620
[   21.734141]  ? __pfx___do_sys_mremap+0x10/0x10
[   21.734160]  ? __this_cpu_preempt_check+0x21/0x30
[   21.734182]  __x64_sys_mremap+0xc7/0x150
[   21.734190]  ? syscall_trace_enter+0x14d/0x280
[   21.734200]  x64_sys_call+0x1933/0x2150
[   21.734208]  do_syscall_64+0x6d/0x2e0
[   21.734218]  entry_SYSCALL_64_after_hwframe+0x76/0x7e
[   21.734225] RIP: 0033:0x7fb09ba3ee5d
[   21.734233] Code: ff c3 66 2e 0f 1f 84 00 00 00 00 00 90 f3 0f 1e fa 48 89 f8 48 89 f7 48 89 d6 48 89 ca 4d 89 c2 4d 89 c8 4c 8b 4c 24 08 0f 05 <48> 3d 01 f0 ff ff 73 01 c3 48 8b 0d 93 af 1b 00 f7 d8 64 89 01 48
[   21.734239] RSP: 002b:00007ffd74df3bf8 EFLAGS: 00000217 ORIG_RAX: 0000000000000019
[   21.734247] RAX: ffffffffffffffda RBX: 0000000000000000 RCX: 00007fb09ba3ee5d
[   21.734253] RDX: 0000000000002000 RSI: 0000000000002000 RDI: 000000002022e000
[   21.734258] RBP: 00007ffd74df3c00 R08: 000000002038d000 R09: 0000000000000001
[   21.734261] R10: 000000000000000f R11: 0000000000000217 R12: 00007ffd74df3d18
[   21.734265] R13: 0000000000401126 R14: 0000000000403e08 R15: 00007fb09bd82000
[   21.734279]  </TASK>
[   22.747401] BUG: sleeping function called from invalid context at ./include/linux/pagemap.h:1112
[   22.747852] in_atomic(): 1, irqs_disabled(): 0, non_block: 0, pid: 825, name: repro
[   22.748220] preempt_count: 1, expected: 0
[   22.748415] RCU nest depth: 1, expected: 0
[   22.748616] 4 locks held by repro/825:
[   22.748803]  #0: ffff888015f316e0 (&mm->mmap_lock){++++}-{4:4}, at: __do_sys_mremap+0x42e/0x1620
[   22.749245]  #1: ffff888023d2a078 (&anon_vma->rwsem/1){+.+.}-{4:4}, at: copy_vma_and_data+0x541/0x1790
[   22.749735]  #2: ffffffff8725c7c0 (rcu_read_lock){....}-{1:3}, at: ___pte_offset_map+0x3f/0x6c0
[   22.750164]  #3: ffff888012576eb8 (ptlock_ptr(ptdesc)#2){+.+.}-{3:3}, at: __pte_offset_map_lock+0x1a2/0x3c0
[   22.750636] Preemption disabled at:
[   22.750639] [<ffffffff81e14222>] __pte_offset_map_lock+0x1a2/0x3c0
[   22.751115] CPU: 1 UID: 0 PID: 825 Comm: repro Tainted: G        W           6.16.0-rc2-next-20250616-050f8ad7b58d #1 PREEMPT(voluntary) 
[   22.751126] Tainted: [W]=WARN
[   22.751128] Hardware name: QEMU Standard PC (i440FX + PIIX, 1996), BIOS rel-1.16.0-0-gd239552ce722-prebuilt.qemu.org 04/01/2014
[   22.751133] Call Trace:
[   22.751135]  <TASK>
[   22.751138]  dump_stack_lvl+0x121/0x150
[   22.751150]  dump_stack+0x19/0x20
[   22.751157]  __might_resched+0x37b/0x5a0
[   22.751168]  ? __sanitizer_cov_trace_const_cmp8+0x1c/0x30
[   22.751182]  __might_sleep+0xa3/0x170
[   22.751191]  ? vm_normal_folio+0x8c/0x170
[   22.751202]  __relocate_anon_folios+0xf97/0x2960
[   22.751218]  ? reacquire_held_locks+0xdd/0x1f0
[   22.751231]  ? __pfx___relocate_anon_folios+0x10/0x10
[   22.751249]  ? lock_set_class+0x17a/0x260
[   22.751263]  copy_vma_and_data+0x606/0x1790
[   22.751275]  ? percpu_counter_add_batch+0xd9/0x210
[   22.751289]  ? __pfx_copy_vma_and_data+0x10/0x10
[   22.751296]  ? vms_complete_munmap_vmas+0x525/0x810
[   22.751311]  ? __pfx_do_vmi_align_munmap+0x10/0x10
[   22.751325]  ? __sanitizer_cov_trace_const_cmp4+0x1a/0x20
[   22.751334]  ? mtree_range_walk+0x728/0xb70
[   22.751345]  ? __lock_acquire+0x412/0x22a0
[   22.751355]  ? __sanitizer_cov_trace_const_cmp1+0x1e/0x30
[   22.751364]  ? percpu_counter_add_batch+0xd9/0x210
[   22.751372]  ? debug_smp_processor_id+0x20/0x30
[   22.751386]  ? __this_cpu_preempt_check+0x21/0x30
[   22.751395]  ? lock_is_held_type+0xef/0x150
[   22.751406]  move_vma+0x689/0x1a60
[   22.751417]  ? __pfx_move_vma+0x10/0x10
[   22.751426]  ? cap_mmap_addr+0x58/0x140
[   22.751436]  ? __sanitizer_cov_trace_const_cmp4+0x1a/0x20
[   22.751445]  ? security_mmap_addr+0x63/0x1b0
[   22.751455]  ? __sanitizer_cov_trace_const_cmp8+0x1c/0x30
[   22.751465]  ? __get_unmapped_area+0x1a4/0x440
[   22.751476]  ? __sanitizer_cov_trace_const_cmp8+0x1c/0x30
[   22.751485]  ? vrm_set_new_addr+0x21d/0x2b0
[   22.751495]  __do_sys_mremap+0xeb4/0x1620
[   22.751506]  ? __pfx___do_sys_mremap+0x10/0x10
[   22.751516]  ? __this_cpu_preempt_check+0x21/0x30
[   22.751532]  ? __this_cpu_preempt_check+0x21/0x30
[   22.751555]  __x64_sys_mremap+0xc7/0x150
[   22.751563]  ? syscall_trace_enter+0x14d/0x280
[   22.751572]  x64_sys_call+0x1933/0x2150
[   22.751580]  do_syscall_64+0x6d/0x2e0
[   22.751589]  entry_SYSCALL_64_after_hwframe+0x76/0x7e
[   22.751596] RIP: 0033:0x7f88c1e3ee5d
[   22.751603] Code: ff c3 66 2e 0f 1f 84 00 00 00 00 00 90 f3 0f 1e fa 48 89 f8 48 89 f7 48 89 d6 48 89 ca 4d 89 c2 4d 89 c8 4c 8b 4c 24 08 0f 05 <48> 3d 01 f0 ff ff 73 01 c3 48 8b 0d 93 af 1b 00 f7 d8 64 89 01 48
[   22.751609] RSP: 002b:00007ffd9c18a9e8 EFLAGS: 00000217 ORIG_RAX: 0000000000000019
[   22.751615] RAX: ffffffffffffffda RBX: 0000000000000000 RCX: 00007f88c1e3ee5d
[   22.751619] RDX: 0000000000002000 RSI: 0000000000002000 RDI: 000000002022e000
[   22.751623] RBP: 00007ffd9c18a9f0 R08: 000000002038d000 R09: 0000000000000001
[   22.751627] R10: 000000000000000f R11: 0000000000000217 R12: 00007ffd9c18ab08
[   22.751633] R13: 0000000000401126 R14: 0000000000403e08 R15: 00007f88c216f000
[   22.751646]  </TASK>
[   23.752749] BUG: sleeping function called from invalid context at ./include/linux/pagemap.h:1112
[   23.753189] in_atomic(): 1, irqs_disabled(): 0, non_block: 0, pid: 860, name: repro
[   23.753570] preempt_count: 1, expected: 0
[   23.753763] RCU nest depth: 1, expected: 0
[   23.753962] 4 locks held by repro/860:
[   23.754148]  #0: ffff888015bf01e0 (&mm->mmap_lock){++++}-{4:4}, at: __do_sys_mremap+0x42e/0x1620
[   23.754585]  #1: ffff888028b975c8 (&anon_vma->rwsem/1){+.+.}-{4:4}, at: copy_vma_and_data+0x541/0x1790
[   23.755025]  #2: ffffffff8725c7c0 (rcu_read_lock){....}-{1:3}, at: ___pte_offset_map+0x3f/0x6c0
[   23.755438]  #3: ffff888028b48b58 (ptlock_ptr(ptdesc)#2){+.+.}-{3:3}, at: __pte_offset_map_lock+0x1a2/0x3c0
[   23.755899] Preemption disabled at:
[   23.755902] [<ffffffff81e14222>] __pte_offset_map_lock+0x1a2/0x3c0
[   23.756367] CPU: 1 UID: 0 PID: 860 Comm: repro Tainted: G        W           6.16.0-rc2-next-20250616-050f8ad7b58d #1 PREEMPT(voluntary) 
[   23.756378] Tainted: [W]=WARN
[   23.756380] Hardware name: QEMU Standard PC (i440FX + PIIX, 1996), BIOS rel-1.16.0-0-gd239552ce722-prebuilt.qemu.org 04/01/2014
[   23.756385] Call Trace:
[   23.756387]  <TASK>
[   23.756390]  dump_stack_lvl+0x121/0x150
[   23.756402]  dump_stack+0x19/0x20
[   23.756408]  __might_resched+0x37b/0x5a0
[   23.756419]  ? __sanitizer_cov_trace_const_cmp8+0x1c/0x30
[   23.756433]  __might_sleep+0xa3/0x170
[   23.756442]  ? vm_normal_folio+0x8c/0x170
[   23.756453]  __relocate_anon_folios+0xf97/0x2960
[   23.756468]  ? reacquire_held_locks+0xdd/0x1f0
[   23.756481]  ? __pfx___relocate_anon_folios+0x10/0x10
[   23.756493]  ? lock_set_class+0x17a/0x260
[   23.756506]  copy_vma_and_data+0x606/0x1790
[   23.756518]  ? percpu_counter_add_batch+0xd9/0x210
[   23.756531]  ? __pfx_copy_vma_and_data+0x10/0x10
[   23.756538]  ? vms_complete_munmap_vmas+0x525/0x810
[   23.756556]  ? __pfx_do_vmi_align_munmap+0x10/0x10
[   23.756569]  ? __sanitizer_cov_trace_const_cmp4+0x1a/0x20
[   23.756579]  ? mtree_range_walk+0x728/0xb70
[   23.756589]  ? __lock_acquire+0x412/0x22a0
[   23.756599]  ? __sanitizer_cov_trace_const_cmp1+0x1e/0x30
[   23.756609]  ? percpu_counter_add_batch+0xd9/0x210
[   23.756616]  ? debug_smp_processor_id+0x20/0x30
[   23.756630]  ? __this_cpu_preempt_check+0x21/0x30
[   23.756639]  ? lock_is_held_type+0xef/0x150
[   23.756650]  move_vma+0x689/0x1a60
[   23.756661]  ? __pfx_move_vma+0x10/0x10
[   23.756670]  ? cap_mmap_addr+0x58/0x140
[   23.756679]  ? __sanitizer_cov_trace_const_cmp4+0x1a/0x20
[   23.756688]  ? security_mmap_addr+0x63/0x1b0
[   23.756698]  ? __sanitizer_cov_trace_const_cmp8+0x1c/0x30
[   23.756707]  ? __get_unmapped_area+0x1a4/0x440
[   23.756718]  ? __sanitizer_cov_trace_const_cmp8+0x1c/0x30
[   23.756728]  ? vrm_set_new_addr+0x21d/0x2b0
[   23.756737]  __do_sys_mremap+0xeb4/0x1620
[   23.756747]  ? __pfx___do_sys_mremap+0x10/0x10
[   23.756757]  ? __this_cpu_preempt_check+0x21/0x30
[   23.756773]  ? __this_cpu_preempt_check+0x21/0x30
[   23.756794]  __x64_sys_mremap+0xc7/0x150
[   23.756802]  ? syscall_trace_enter+0x14d/0x280
[   23.756811]  x64_sys_call+0x1933/0x2150
[   23.756818]  do_syscall_64+0x6d/0x2e0
[   23.756828]  entry_SYSCALL_64_after_hwframe+0x76/0x7e
[   23.756834] RIP: 0033:0x7fc8a343ee5d
[   23.756841] Code: ff c3 66 2e 0f 1f 84 00 00 00 00 00 90 f3 0f 1e fa 48 89 f8 48 89 f7 48 89 d6 48 89 ca 4d 89 c2 4d 89 c8 4c 8b 4c 24 08 0f 05 <48> 3d 01 f0 ff ff 73 01 c3 48 8b 0d 93 af 1b 00 f7 d8 64 89 01 48
[   23.756847] RSP: 002b:00007ffde4263cf8 EFLAGS: 00000217 ORIG_RAX: 0000000000000019
[   23.756854] RAX: ffffffffffffffda RBX: 0000000000000000 RCX: 00007fc8a343ee5d
[   23.756857] RDX: 0000000000002000 RSI: 0000000000002000 RDI: 000000002022e000
[   23.756861] RBP: 00007ffde4263d00 R08: 000000002038d000 R09: 0000000000000001
[   23.756865] R10: 000000000000000f R11: 0000000000000217 R12: 00007ffde4263e18
[   23.756869] R13: 0000000000401126 R14: 0000000000403e08 R15: 00007fc8a36a6000
[   23.756882]  </TASK>
[   24.771472] BUG: sleeping function called from invalid context at ./include/linux/pagemap.h:1112
[   24.771938] in_atomic(): 1, irqs_disabled(): 0, non_block: 0, pid: 895, name: repro
[   24.772311] preempt_count: 1, expected: 0
[   24.772513] RCU nest depth: 1, expected: 0
[   24.772722] 4 locks held by repro/895:
[   24.772914]  #0: ffff88801a997560 (&mm->mmap_lock){++++}-{4:4}, at: __do_sys_mremap+0x42e/0x1620
[   24.773369]  #1: ffff88802847f078 (&anon_vma->rwsem/1){+.+.}-{4:4}, at: copy_vma_and_data+0x541/0x1790
[   24.773866]  #2: ffffffff8725c7c0 (rcu_read_lock){....}-{1:3}, at: ___pte_offset_map+0x3f/0x6c0
[   24.774305]  #3: ffff8880284cddf8 (ptlock_ptr(ptdesc)#2){+.+.}-{3:3}, at: __pte_offset_map_lock+0x1a2/0x3c0
[   24.774811] Preemption disabled at:
[   24.774814] [<ffffffff81e14222>] __pte_offset_map_lock+0x1a2/0x3c0
[   24.775301] CPU: 1 UID: 0 PID: 895 Comm: repro Tainted: G        W           6.16.0-rc2-next-20250616-050f8ad7b58d #1 PREEMPT(voluntary) 
[   24.775312] Tainted: [W]=WARN
[   24.775314] Hardware name: QEMU Standard PC (i440FX + PIIX, 1996), BIOS rel-1.16.0-0-gd239552ce722-prebuilt.qemu.org 04/01/2014
[   24.775319] Call Trace:
[   24.775321]  <TASK>
[   24.775325]  dump_stack_lvl+0x121/0x150
[   24.775336]  dump_stack+0x19/0x20
[   24.775344]  __might_resched+0x37b/0x5a0
[   24.775355]  ? __sanitizer_cov_trace_const_cmp8+0x1c/0x30
[   24.775369]  __might_sleep+0xa3/0x170
[   24.775378]  ? vm_normal_folio+0x8c/0x170
[   24.775389]  __relocate_anon_folios+0xf97/0x2960
[   24.775406]  ? reacquire_held_locks+0xdd/0x1f0
[   24.775418]  ? __pfx___relocate_anon_folios+0x10/0x10
[   24.775431]  ? lock_set_class+0x17a/0x260
[   24.775444]  copy_vma_and_data+0x606/0x1790
[   24.775457]  ? percpu_counter_add_batch+0xd9/0x210
[   24.775470]  ? __pfx_copy_vma_and_data+0x10/0x10
[   24.775478]  ? vms_complete_munmap_vmas+0x525/0x810
[   24.775493]  ? __pfx_do_vmi_align_munmap+0x10/0x10
[   24.775506]  ? __sanitizer_cov_trace_const_cmp4+0x1a/0x20
[   24.775516]  ? mtree_range_walk+0x728/0xb70
[   24.775530]  ? __lock_acquire+0x412/0x22a0
[   24.775540]  ? __sanitizer_cov_trace_const_cmp1+0x1e/0x30
[   24.775553]  ? percpu_counter_add_batch+0xd9/0x210
[   24.775560]  ? debug_smp_processor_id+0x20/0x30
[   24.775575]  ? __this_cpu_preempt_check+0x21/0x30
[   24.775584]  ? lock_is_held_type+0xef/0x150
[   24.775595]  move_vma+0x689/0x1a60
[   24.775607]  ? __pfx_move_vma+0x10/0x10
[   24.775616]  ? cap_mmap_addr+0x58/0x140
[   24.775626]  ? __sanitizer_cov_trace_const_cmp4+0x1a/0x20
[   24.775636]  ? security_mmap_addr+0x63/0x1b0
[   24.775646]  ? __sanitizer_cov_trace_const_cmp8+0x1c/0x30
[   24.775656]  ? __get_unmapped_area+0x1a4/0x440
[   24.775668]  ? __sanitizer_cov_trace_const_cmp8+0x1c/0x30
[   24.775677]  ? vrm_set_new_addr+0x21d/0x2b0
[   24.775687]  __do_sys_mremap+0xeb4/0x1620
[   24.775698]  ? __pfx___do_sys_mremap+0x10/0x10
[   24.775708]  ? __this_cpu_preempt_check+0x21/0x30
[   24.775725]  ? __this_cpu_preempt_check+0x21/0x30
[   24.775745]  __x64_sys_mremap+0xc7/0x150
[   24.775754]  ? syscall_trace_enter+0x14d/0x280
[   24.775764]  x64_sys_call+0x1933/0x2150
[   24.775771]  do_syscall_64+0x6d/0x2e0
[   24.775781]  entry_SYSCALL_64_after_hwframe+0x76/0x7e
[   24.775788] RIP: 0033:0x7f480743ee5d
[   24.775795] Code: ff c3 66 2e 0f 1f 84 00 00 00 00 00 90 f3 0f 1e fa 48 89 f8 48 89 f7 48 89 d6 48 89 ca 4d 89 c2 4d 89 c8 4c 8b 4c 24 08 0f 05 <48> 3d 01 f0 ff ff 73 01 c3 48 8b 0d 93 af 1b 00 f7 d8 64 89 01 48
[   24.775801] RSP: 002b:00007fffa6583728 EFLAGS: 00000217 ORIG_RAX: 0000000000000019
[   24.775808] RAX: ffffffffffffffda RBX: 0000000000000000 RCX: 00007f480743ee5d
[   24.775812] RDX: 0000000000002000 RSI: 0000000000002000 RDI: 000000002022e000
[   24.775816] RBP: 00007fffa6583730 R08: 000000002038d000 R09: 0000000000000001
[   24.775820] R10: 000000000000000f R11: 0000000000000217 R12: 00007fffa6583848
[   24.775824] R13: 0000000000401126 R14: 0000000000403e08 R15: 00007f480775d000
[   24.775838]  </TASK>
[   25.775333] BUG: sleeping function called from invalid context at ./include/linux/pagemap.h:1112
[   25.775791] in_atomic(): 1, irqs_disabled(): 0, non_block: 0, pid: 928, name: repro
[   25.776158] preempt_count: 1, expected: 0
[   25.776355] RCU nest depth: 1, expected: 0
[   25.776558] 4 locks held by repro/928:
[   25.776747]  #0: ffff8880103f7560 (&mm->mmap_lock){++++}-{4:4}, at: __do_sys_mremap+0x42e/0x1620
[   25.777194]  #1: ffff8880285ba8f8 (&anon_vma->rwsem/1){+.+.}-{4:4}, at: copy_vma_and_data+0x541/0x1790
[   25.777678]  #2: ffffffff8725c7c0 (rcu_read_lock){....}-{1:3}, at: ___pte_offset_map+0x3f/0x6c0
[   25.778111]  #3: ffff888011e34258 (ptlock_ptr(ptdesc)#2){+.+.}-{3:3}, at: __pte_offset_map_lock+0x1a2/0x3c0
[   25.778597] Preemption disabled at:
[   25.778600] [<ffffffff81e14222>] __pte_offset_map_lock+0x1a2/0x3c0
[   25.779081] CPU: 1 UID: 0 PID: 928 Comm: repro Tainted: G        W           6.16.0-rc2-next-20250616-050f8ad7b58d #1 PREEMPT(voluntary) 
[   25.779091] Tainted: [W]=WARN
[   25.779096] Hardware name: QEMU Standard PC (i440FX + PIIX, 1996), BIOS rel-1.16.0-0-gd239552ce722-prebuilt.qemu.org 04/01/2014
[   25.779101] Call Trace:
[   25.779103]  <TASK>
[   25.779107]  dump_stack_lvl+0x121/0x150
[   25.779119]  dump_stack+0x19/0x20
[   25.779126]  __might_resched+0x37b/0x5a0
[   25.779137]  ? __sanitizer_cov_trace_const_cmp8+0x1c/0x30
[   25.779151]  __might_sleep+0xa3/0x170
[   25.779160]  ? vm_normal_folio+0x8c/0x170
[   25.779172]  __relocate_anon_folios+0xf97/0x2960
[   25.779187]  ? reacquire_held_locks+0xdd/0x1f0
[   25.779200]  ? __pfx___relocate_anon_folios+0x10/0x10
[   25.779212]  ? lock_set_class+0x17a/0x260
[   25.779226]  copy_vma_and_data+0x606/0x1790
[   25.779238]  ? percpu_counter_add_batch+0xd9/0x210
[   25.779252]  ? __pfx_copy_vma_and_data+0x10/0x10
[   25.779259]  ? vms_complete_munmap_vmas+0x525/0x810
[   25.779274]  ? __pfx_do_vmi_align_munmap+0x10/0x10
[   25.779288]  ? __sanitizer_cov_trace_const_cmp4+0x1a/0x20
[   25.779297]  ? mtree_range_walk+0x728/0xb70
[   25.779308]  ? __lock_acquire+0x412/0x22a0
[   25.779318]  ? __sanitizer_cov_trace_const_cmp1+0x1e/0x30
[   25.779327]  ? percpu_counter_add_batch+0xd9/0x210
[   25.779335]  ? debug_smp_processor_id+0x20/0x30
[   25.779349]  ? __this_cpu_preempt_check+0x21/0x30
[   25.779358]  ? lock_is_held_type+0xef/0x150
[   25.779368]  move_vma+0x689/0x1a60
[   25.779380]  ? __pfx_move_vma+0x10/0x10
[   25.779389]  ? cap_mmap_addr+0x58/0x140
[   25.779398]  ? __sanitizer_cov_trace_const_cmp4+0x1a/0x20
[   25.779408]  ? security_mmap_addr+0x63/0x1b0
[   25.779418]  ? __sanitizer_cov_trace_const_cmp8+0x1c/0x30
[   25.779427]  ? __get_unmapped_area+0x1a4/0x440
[   25.779439]  ? __sanitizer_cov_trace_const_cmp8+0x1c/0x30
[   25.779448]  ? vrm_set_new_addr+0x21d/0x2b0
[   25.779458]  __do_sys_mremap+0xeb4/0x1620
[   25.779468]  ? __pfx___do_sys_mremap+0x10/0x10
[   25.779478]  ? __this_cpu_preempt_check+0x21/0x30
[   25.779494]  ? __this_cpu_preempt_check+0x21/0x30
[   25.779514]  __x64_sys_mremap+0xc7/0x150
[   25.779521]  ? syscall_trace_enter+0x14d/0x280
[   25.779531]  x64_sys_call+0x1933/0x2150
[   25.779539]  do_syscall_64+0x6d/0x2e0
[   25.779551]  entry_SYSCALL_64_after_hwframe+0x76/0x7e
[   25.779558] RIP: 0033:0x7fa9e5e3ee5d
[   25.779565] Code: ff c3 66 2e 0f 1f 84 00 00 00 00 00 90 f3 0f 1e fa 48 89 f8 48 89 f7 48 89 d6 48 89 ca 4d 89 c2 4d 89 c8 4c 8b 4c 24 08 0f 05 <48> 3d 01 f0 ff ff 73 01 c3 48 8b 0d 93 af 1b 00 f7 d8 64 89 01 48
[   25.779571] RSP: 002b:00007ffe62978128 EFLAGS: 00000217 ORIG_RAX: 0000000000000019
[   25.779579] RAX: ffffffffffffffda RBX: 0000000000000000 RCX: 00007fa9e5e3ee5d
[   25.779583] RDX: 0000000000002000 RSI: 0000000000002000 RDI: 000000002022e000
[   25.779587] RBP: 00007ffe62978130 R08: 000000002038d000 R09: 0000000000000001
[   25.779591] R10: 000000000000000f R11: 0000000000000217 R12: 00007ffe62978248
[   25.779595] R13: 0000000000401126 R14: 0000000000403e08 R15: 00007fa9e610e000
[   25.779607]  </TASK>
[   26.776152] BUG: sleeping function called from invalid context at ./include/linux/pagemap.h:1112
[   26.776589] in_atomic(): 1, irqs_disabled(): 0, non_block: 0, pid: 962, name: repro
[   26.776945] preempt_count: 1, expected: 0
[   26.777139] RCU nest depth: 1, expected: 0
[   26.777336] 4 locks held by repro/962:
[   26.777548]  #0: ffff8880191f3660 (&mm->mmap_lock){++++}-{4:4}, at: __do_sys_mremap+0x42e/0x1620
[   26.777963]  #1: ffff888028965a08 (&anon_vma->rwsem/1){+.+.}-{4:4}, at: copy_vma_and_data+0x541/0x1790
[   26.778417]  #2: ffffffff8725c7c0 (rcu_read_lock){....}-{1:3}, at: ___pte_offset_map+0x3f/0x6c0
[   26.778852]  #3: ffff88802b509198 (ptlock_ptr(ptdesc)#2){+.+.}-{3:3}, at: __pte_offset_map_lock+0x1a2/0x3c0
[   26.779322] Preemption disabled at:
[   26.779325] [<ffffffff81e14222>] __pte_offset_map_lock+0x1a2/0x3c0
[   26.779798] CPU: 0 UID: 0 PID: 962 Comm: repro Tainted: G        W           6.16.0-rc2-next-20250616-050f8ad7b58d #1 PREEMPT(voluntary) 
[   26.779809] Tainted: [W]=WARN
[   26.779811] Hardware name: QEMU Standard PC (i440FX + PIIX, 1996), BIOS rel-1.16.0-0-gd239552ce722-prebuilt.qemu.org 04/01/2014
[   26.779816] Call Trace:
[   26.779818]  <TASK>
[   26.779821]  dump_stack_lvl+0x121/0x150
[   26.779833]  dump_stack+0x19/0x20
[   26.779840]  __might_resched+0x37b/0x5a0
[   26.779851]  ? __sanitizer_cov_trace_const_cmp8+0x1c/0x30
[   26.779865]  __might_sleep+0xa3/0x170
[   26.779874]  ? vm_normal_folio+0x8c/0x170
[   26.779884]  __relocate_anon_folios+0xf97/0x2960
[   26.779900]  ? reacquire_held_locks+0xdd/0x1f0
[   26.779913]  ? __pfx___relocate_anon_folios+0x10/0x10
[   26.779925]  ? lock_set_class+0x17a/0x260
[   26.779938]  copy_vma_and_data+0x606/0x1790
[   26.779950]  ? percpu_counter_add_batch+0xd9/0x210
[   26.779964]  ? __pfx_copy_vma_and_data+0x10/0x10
[   26.779971]  ? vms_complete_munmap_vmas+0x525/0x810
[   26.779985]  ? __pfx_do_vmi_align_munmap+0x10/0x10
[   26.779998]  ? __sanitizer_cov_trace_const_cmp4+0x1a/0x20
[   26.780008]  ? mtree_range_walk+0x728/0xb70
[   26.780018]  ? __lock_acquire+0x412/0x22a0
[   26.780027]  ? __sanitizer_cov_trace_const_cmp1+0x1e/0x30
[   26.780037]  ? percpu_counter_add_batch+0xd9/0x210
[   26.780044]  ? debug_smp_processor_id+0x20/0x30
[   26.780058]  ? __this_cpu_preempt_check+0x21/0x30
[   26.780066]  ? lock_is_held_type+0xef/0x150
[   26.780080]  move_vma+0x689/0x1a60
[   26.780091]  ? __pfx_move_vma+0x10/0x10
[   26.780102]  ? cap_mmap_addr+0x58/0x140
[   26.780112]  ? __sanitizer_cov_trace_const_cmp4+0x1a/0x20
[   26.780121]  ? security_mmap_addr+0x63/0x1b0
[   26.780131]  ? __sanitizer_cov_trace_const_cmp8+0x1c/0x30
[   26.780140]  ? __get_unmapped_area+0x1a4/0x440
[   26.780152]  ? __sanitizer_cov_trace_const_cmp8+0x1c/0x30
[   26.780161]  ? vrm_set_new_addr+0x21d/0x2b0
[   26.780171]  __do_sys_mremap+0xeb4/0x1620
[   26.780180]  ? __pfx___do_sys_mremap+0x10/0x10
[   26.780191]  ? __this_cpu_preempt_check+0x21/0x30
[   26.780206]  ? __this_cpu_preempt_check+0x21/0x30
[   26.780225]  __x64_sys_mremap+0xc7/0x150
[   26.780233]  ? syscall_trace_enter+0x14d/0x280
[   26.780242]  x64_sys_call+0x1933/0x2150
[   26.780250]  do_syscall_64+0x6d/0x2e0
[   26.780259]  entry_SYSCALL_64_after_hwframe+0x76/0x7e
[   26.780265] RIP: 0033:0x7fb71ce3ee5d
[   26.780273] Code: ff c3 66 2e 0f 1f 84 00 00 00 00 00 90 f3 0f 1e fa 48 89 f8 48 89 f7 48 89 d6 48 89 ca 4d 89 c2 4d 89 c8 4c 8b 4c 24 08 0f 05 <48> 3d 01 f0 ff ff 73 01 c3 48 8b 0d 93 af 1b 00 f7 d8 64 89 01 48
[   26.780279] RSP: 002b:00007fffff1043e8 EFLAGS: 00000217 ORIG_RAX: 0000000000000019
[   26.780285] RAX: ffffffffffffffda RBX: 0000000000000000 RCX: 00007fb71ce3ee5d
[   26.780289] RDX: 0000000000002000 RSI: 0000000000002000 RDI: 000000002022e000
[   26.780293] RBP: 00007fffff1043f0 R08: 000000002038d000 R09: 0000000000000001
[   26.780296] R10: 000000000000000f R11: 0000000000000217 R12: 00007fffff104508
[   26.780300] R13: 0000000000401126 R14: 0000000000403e08 R15: 00007fb71d062000
[   26.780313]  </TASK>
[   27.796764] BUG: sleeping function called from invalid context at ./include/linux/pagemap.h:1112
[   27.797240] in_atomic(): 1, irqs_disabled(): 0, non_block: 0, pid: 998, name: repro
[   27.797621] preempt_count: 1, expected: 0
[   27.797817] RCU nest depth: 1, expected: 0
[   27.798014] 4 locks held by repro/998:
[   27.798198]  #0: ffff88800f03abe0 (&mm->mmap_lock){++++}-{4:4}, at: __do_sys_mremap+0x42e/0x1620
[   27.798635]  #1: ffff888018f1b6d8 (&anon_vma->rwsem/1){+.+.}-{4:4}, at: copy_vma_and_data+0x541/0x1790
[   27.799081]  #2: ffffffff8725c7c0 (rcu_read_lock){....}-{1:3}, at: ___pte_offset_map+0x3f/0x6c0
[   27.799500]  #3: ffff8880202ea798 (ptlock_ptr(ptdesc)#2){+.+.}-{3:3}, at: __pte_offset_map_lock+0x1a2/0x3c0
[   27.799965] Preemption disabled at:
[   27.799968] [<ffffffff81e14222>] __pte_offset_map_lock+0x1a2/0x3c0
[   27.800450] CPU: 1 UID: 0 PID: 998 Comm: repro Tainted: G        W           6.16.0-rc2-next-20250616-050f8ad7b58d #1 PREEMPT(voluntary) 
[   27.800461] Tainted: [W]=WARN
[   27.800463] Hardware name: QEMU Standard PC (i440FX + PIIX, 1996), BIOS rel-1.16.0-0-gd239552ce722-prebuilt.qemu.org 04/01/2014
[   27.800468] Call Trace:
[   27.800470]  <TASK>
[   27.800473]  dump_stack_lvl+0x121/0x150
[   27.800485]  dump_stack+0x19/0x20
[   27.800491]  __might_resched+0x37b/0x5a0
[   27.800502]  ? __sanitizer_cov_trace_const_cmp8+0x1c/0x30
[   27.800516]  __might_sleep+0xa3/0x170
[   27.800528]  ? vm_normal_folio+0x8c/0x170
[   27.800544]  __relocate_anon_folios+0xf97/0x2960
[   27.800560]  ? reacquire_held_locks+0xdd/0x1f0
[   27.800573]  ? __pfx___relocate_anon_folios+0x10/0x10
[   27.800585]  ? lock_set_class+0x17a/0x260
[   27.800598]  copy_vma_and_data+0x606/0x1790
[   27.800610]  ? percpu_counter_add_batch+0xd9/0x210
[   27.800624]  ? __pfx_copy_vma_and_data+0x10/0x10
[   27.800631]  ? vms_complete_munmap_vmas+0x525/0x810
[   27.800647]  ? __pfx_do_vmi_align_munmap+0x10/0x10
[   27.800660]  ? __sanitizer_cov_trace_const_cmp4+0x1a/0x20
[   27.800670]  ? mtree_range_walk+0x728/0xb70
[   27.800681]  ? __lock_acquire+0x412/0x22a0
[   27.800691]  ? __sanitizer_cov_trace_const_cmp1+0x1e/0x30
[   27.800700]  ? percpu_counter_add_batch+0xd9/0x210
[   27.800708]  ? debug_smp_processor_id+0x20/0x30
[   27.800722]  ? __this_cpu_preempt_check+0x21/0x30
[   27.800731]  ? lock_is_held_type+0xef/0x150
[   27.800741]  move_vma+0x689/0x1a60
[   27.800753]  ? __pfx_move_vma+0x10/0x10
[   27.800762]  ? cap_mmap_addr+0x58/0x140
[   27.800772]  ? __sanitizer_cov_trace_const_cmp4+0x1a/0x20
[   27.800781]  ? security_mmap_addr+0x63/0x1b0
[   27.800791]  ? __sanitizer_cov_trace_const_cmp8+0x1c/0x30
[   27.800801]  ? __get_unmapped_area+0x1a4/0x440
[   27.800812]  ? __sanitizer_cov_trace_const_cmp8+0x1c/0x30
[   27.800822]  ? vrm_set_new_addr+0x21d/0x2b0
[   27.800832]  __do_sys_mremap+0xeb4/0x1620
[   27.800842]  ? __pfx___do_sys_mremap+0x10/0x10
[   27.800852]  ? __this_cpu_preempt_check+0x21/0x30
[   27.800868]  ? __this_cpu_preempt_check+0x21/0x30
[   27.800888]  __x64_sys_mremap+0xc7/0x150
[   27.800896]  ? syscall_trace_enter+0x14d/0x280
[   27.800905]  x64_sys_call+0x1933/0x2150
[   27.800913]  do_syscall_64+0x6d/0x2e0
[   27.800922]  entry_SYSCALL_64_after_hwframe+0x76/0x7e
[   27.800928] RIP: 0033:0x7f078143ee5d
[   27.800935] Code: ff c3 66 2e 0f 1f 84 00 00 00 00 00 90 f3 0f 1e fa 48 89 f8 48 89 f7 48 89 d6 48 89 ca 4d 89 c2 4d 89 c8 4c 8b 4c 24 08 0f 05 <48> 3d 01 f0 ff ff 73 01 c3 48 8b 0d 93 af 1b 00 f7 d8 64 89 01 48
[   27.800942] RSP: 002b:00007ffcb6a02d48 EFLAGS: 00000217 ORIG_RAX: 0000000000000019
[   27.800948] RAX: ffffffffffffffda RBX: 0000000000000000 RCX: 00007f078143ee5d
[   27.800952] RDX: 0000000000002000 RSI: 0000000000002000 RDI: 000000002022e000
[   27.800956] RBP: 00007ffcb6a02d50 R08: 000000002038d000 R09: 0000000000000001
[   27.800959] R10: 000000000000000f R11: 0000000000000217 R12: 00007ffcb6a02e68
[   27.800963] R13: 0000000000401126 R14: 0000000000403e08 R15: 00007f078177e000
[   27.800976]  </TASK>
[   28.801369] BUG: sleeping function called from invalid context at ./include/linux/pagemap.h:1112
[   28.801844] in_atomic(): 1, irqs_disabled(): 0, non_block: 0, pid: 1031, name: repro
[   28.802223] preempt_count: 1, expected: 0
[   28.802424] RCU nest depth: 1, expected: 0
[   28.802633] 4 locks held by repro/1031:
[   28.802828]  #0: ffff88801b9b3660 (&mm->mmap_lock){++++}-{4:4}, at: __do_sys_mremap+0x42e/0x1620
[   28.803274]  #1: ffff88802b4415c8 (&anon_vma->rwsem/1){+.+.}-{4:4}, at: copy_vma_and_data+0x541/0x1790
[   28.803735]  #2: ffffffff8725c7c0 (rcu_read_lock){....}-{1:3}, at: ___pte_offset_map+0x3f/0x6c0
[   28.804167]  #3: ffff888028850f78 (ptlock_ptr(ptdesc)#2){+.+.}-{3:3}, at: __pte_offset_map_lock+0x1a2/0x3c0
[   28.804648] Preemption disabled at:
[   28.804650] [<ffffffff81e14222>] __pte_offset_map_lock+0x1a2/0x3c0
[   28.805135] CPU: 0 UID: 0 PID: 1031 Comm: repro Tainted: G        W           6.16.0-rc2-next-20250616-050f8ad7b58d #1 PREEMPT(voluntary) 
[   28.805147] Tainted: [W]=WARN
[   28.805149] Hardware name: QEMU Standard PC (i440FX + PIIX, 1996), BIOS rel-1.16.0-0-gd239552ce722-prebuilt.qemu.org 04/01/2014
[   28.805157] Call Trace:
[   28.805160]  <TASK>
[   28.805164]  dump_stack_lvl+0x121/0x150
[   28.805176]  dump_stack+0x19/0x20
[   28.805183]  __might_resched+0x37b/0x5a0
[   28.805195]  ? __sanitizer_cov_trace_const_cmp8+0x1c/0x30
[   28.805209]  __might_sleep+0xa3/0x170
[   28.805219]  ? vm_normal_folio+0x8c/0x170
[   28.805230]  __relocate_anon_folios+0xf97/0x2960
[   28.805247]  ? reacquire_held_locks+0xdd/0x1f0
[   28.805260]  ? __pfx___relocate_anon_folios+0x10/0x10
[   28.805272]  ? lock_set_class+0x17a/0x260
[   28.805285]  copy_vma_and_data+0x606/0x1790
[   28.805298]  ? percpu_counter_add_batch+0xd9/0x210
[   28.805312]  ? __pfx_copy_vma_and_data+0x10/0x10
[   28.805320]  ? vms_complete_munmap_vmas+0x525/0x810
[   28.805335]  ? __pfx_do_vmi_align_munmap+0x10/0x10
[   28.805349]  ? __sanitizer_cov_trace_const_cmp4+0x1a/0x20
[   28.805359]  ? mtree_range_walk+0x728/0xb70
[   28.805369]  ? __lock_acquire+0x412/0x22a0
[   28.805380]  ? __sanitizer_cov_trace_const_cmp1+0x1e/0x30
[   28.805389]  ? percpu_counter_add_batch+0xd9/0x210
[   28.805397]  ? debug_smp_processor_id+0x20/0x30
[   28.805411]  ? __this_cpu_preempt_check+0x21/0x30
[   28.805420]  ? lock_is_held_type+0xef/0x150
[   28.805431]  move_vma+0x689/0x1a60
[   28.805443]  ? __pfx_move_vma+0x10/0x10
[   28.805456]  ? cap_mmap_addr+0x58/0x140
[   28.805467]  ? __sanitizer_cov_trace_const_cmp4+0x1a/0x20
[   28.805479]  ? security_mmap_addr+0x63/0x1b0
[   28.805491]  ? __sanitizer_cov_trace_const_cmp8+0x1c/0x30
[   28.805502]  ? __get_unmapped_area+0x1a4/0x440
[   28.805517]  ? __sanitizer_cov_trace_const_cmp8+0x1c/0x30
[   28.805529]  ? vrm_set_new_addr+0x21d/0x2b0
[   28.805547]  __do_sys_mremap+0xeb4/0x1620
[   28.805562]  ? __pfx___do_sys_mremap+0x10/0x10
[   28.805575]  ? __this_cpu_preempt_check+0x21/0x30
[   28.805596]  ? __this_cpu_preempt_check+0x21/0x30
[   28.805623]  __x64_sys_mremap+0xc7/0x150
[   28.805633]  ? syscall_trace_enter+0x14d/0x280
[   28.805644]  x64_sys_call+0x1933/0x2150
[   28.805652]  do_syscall_64+0x6d/0x2e0
[   28.805663]  entry_SYSCALL_64_after_hwframe+0x76/0x7e
[   28.805670] RIP: 0033:0x7f4b8c43ee5d
[   28.805678] Code: ff c3 66 2e 0f 1f 84 00 00 00 00 00 90 f3 0f 1e fa 48 89 f8 48 89 f7 48 89 d6 48 89 ca 4d 89 c2 4d 89 c8 4c 8b 4c 24 08 0f 05 <48> 3d 01 f0 ff ff 73 01 c3 48 8b 0d 93 af 1b 00 f7 d8 64 89 01 48
[   28.805685] RSP: 002b:00007ffd4cdcd628 EFLAGS: 00000217 ORIG_RAX: 0000000000000019
[   28.805692] RAX: ffffffffffffffda RBX: 0000000000000000 RCX: 00007f4b8c43ee5d
[   28.805697] RDX: 0000000000002000 RSI: 0000000000002000 RDI: 000000002022e000
[   28.805701] RBP: 00007ffd4cdcd630 R08: 000000002038d000 R09: 0000000000000001
[   28.805705] R10: 000000000000000f R11: 0000000000000217 R12: 00007ffd4cdcd748
[   28.805710] R13: 0000000000401126 R14: 0000000000403e08 R15: 00007f4b8c7a5000
[   28.805727]  </TASK>
