c[?7l[2J[0mSeaBIOS (version rel-1.16.3-0-ga6ed6b701f0a-prebuilt.qemu.org)


iPXE (http://ipxe.org) 00:03.0 CA00 PCI2.10 PnP PMM+7EFD0C90+7EF30C90 CA00
Press Ctrl-B to configure iPXE (PCI 00:03.0)...                                                                               


Booting from ROM...
c[?7l[2J[    0.000000] Linux version 6.16.0-rc5-5799c0ed0aff+ (root@localhost.localdomain) (gcc (GCC) 11.5.0 20240719 (Red Hat 11.5.0-2), GNU ld version 2.35.2-54.el9) #1 SMP PREEMPT_DYNAMIC Sun Aug  3 23:50:53 CST 2025
[    0.000000] Command line: console=ttyS0 root=/dev/sda earlyprintk=serial net.ifnames=0 thunderbolt.dyndbg
[    0.000000] KERNEL supported cpus:
[    0.000000]   Intel GenuineIntel
[    0.000000]   AMD AuthenticAMD
[    0.000000]   Hygon HygonGenuine
[    0.000000]   Centaur CentaurHauls
[    0.000000]   zhaoxin   Shanghai  
[    0.000000] BIOS-provided physical RAM map:
[    0.000000] BIOS-e820: [mem 0x0000000000000000-0x000000000009fbff] usable
[    0.000000] BIOS-e820: [mem 0x000000000009fc00-0x000000000009ffff] reserved
[    0.000000] BIOS-e820: [mem 0x00000000000f0000-0x00000000000fffff] reserved
[    0.000000] BIOS-e820: [mem 0x0000000000100000-0x000000007ffdffff] usable
[    0.000000] BIOS-e820: [mem 0x000000007ffe0000-0x000000007fffffff] reserved
[    0.000000] BIOS-e820: [mem 0x00000000feffc000-0x00000000feffffff] reserved
[    0.000000] BIOS-e820: [mem 0x00000000fffc0000-0x00000000ffffffff] reserved
[    0.000000] printk: legacy bootconsole [earlyser0] enabled
[    0.000000] NX (Execute Disable) protection: active
[    0.000000] APIC: Static calls initialized
[    0.000000] SMBIOS 2.8 present.
[    0.000000] DMI: QEMU Standard PC (i440FX + PIIX, 1996), BIOS rel-1.16.3-0-ga6ed6b701f0a-prebuilt.qemu.org 04/01/2014
[    0.000000] DMI: Memory slots populated: 1/1
[    0.000000] Hypervisor detected: KVM
[    0.000000] kvm-clock: Using msrs 4b564d01 and 4b564d00
[    0.000004] kvm-clock: using sched offset of 726093497 cycles
[    0.000897] clocksource: kvm-clock: mask: 0xffffffffffffffff max_cycles: 0x1cd42e4dffb, max_idle_ns: 881590591483 ns
[    0.003668] tsc: Detected 2095.076 MHz processor
[    0.014182] last_pfn = 0x7ffe0 max_arch_pfn = 0x400000000
[    0.015146] MTRR map: 4 entries (3 fixed + 1 variable; max 19), built from 8 variable MTRRs
[    0.016581] x86/PAT: Configuration [0-7]: WB  WC  UC- UC  WB  WP  UC- WT  
[    0.029813] found SMP MP-table at [mem 0x000f5480-0x000f548f]
[    0.030834] Using GB pages for direct mapping
[    0.034572] ACPI: Early table checksum verification disabled
[    0.035561] ACPI: RSDP 0x00000000000F52A0 000014 (v00 BOCHS )
[    0.036567] ACPI: RSDT 0x000000007FFE2390 000034 (v01 BOCHS  BXPC     00000001 BXPC 00000001)
[    0.038034] ACPI: FACP 0x000000007FFE223C 000074 (v01 BOCHS  BXPC     00000001 BXPC 00000001)
[    0.039521] ACPI: DSDT 0x000000007FFE0040 0021FC (v01 BOCHS  BXPC     00000001 BXPC 00000001)
[    0.040998] ACPI: FACS 0x000000007FFE0000 000040
[    0.041805] ACPI: APIC 0x000000007FFE22B0 000080 (v03 BOCHS  BXPC     00000001 BXPC 00000001)
[    0.043282] ACPI: HPET 0x000000007FFE2330 000038 (v01 BOCHS  BXPC     00000001 BXPC 00000001)
[    0.044749] ACPI: WAET 0x000000007FFE2368 000028 (v01 BOCHS  BXPC     00000001 BXPC 00000001)
[    0.046219] ACPI: Reserving FACP table memory at [mem 0x7ffe223c-0x7ffe22af]
[    0.047414] ACPI: Reserving DSDT table memory at [mem 0x7ffe0040-0x7ffe223b]
[    0.048616] ACPI: Reserving FACS table memory at [mem 0x7ffe0000-0x7ffe003f]
[    0.049828] ACPI: Reserving APIC table memory at [mem 0x7ffe22b0-0x7ffe232f]
[    0.051040] ACPI: Reserving HPET table memory at [mem 0x7ffe2330-0x7ffe2367]
[    0.052247] ACPI: Reserving WAET table memory at [mem 0x7ffe2368-0x7ffe238f]
[    0.054987] No NUMA configuration found
[    0.055647] Faking a node at [mem 0x0000000000000000-0x000000007ffdffff]
[    0.056865] NODE_DATA(0) allocated [mem 0x7ffb4e80-0x7ffdfc7f]
[    0.058667] Zone ranges:
[    0.059105]   DMA      [mem 0x0000000000001000-0x0000000000ffffff]
[    0.060169]   DMA32    [mem 0x0000000001000000-0x000000007ffdffff]
[    0.061226]   Normal   empty
[    0.061722]   Device   empty
[    0.062222] Movable zone start for each node
[    0.062961] Early memory node ranges
[    0.063575]   node   0: [mem 0x0000000000001000-0x000000000009efff]
[    0.064643]   node   0: [mem 0x0000000000100000-0x000000007ffdffff]
[    0.065711] Initmem setup node 0 [mem 0x0000000000001000-0x000000007ffdffff]
[    0.067304] On node 0, zone DMA: 1 pages in unavailable ranges
[    0.068565] On node 0, zone DMA: 97 pages in unavailable ranges
[    0.108443] On node 0, zone DMA32: 32 pages in unavailable ranges
[    0.179066] kasan: KernelAddressSanitizer initialized
[    0.180416] ACPI: PM-Timer IO Port: 0x608
[    0.181141] ACPI: LAPIC_NMI (acpi_id[0xff] dfl dfl lint[0x1])
[    0.182186] IOAPIC[0]: apic_id 0, version 17, address 0xfec00000, GSI 0-23
[    0.183377] ACPI: INT_SRC_OVR (bus 0 bus_irq 0 global_irq 2 dfl dfl)
[    0.184466] ACPI: INT_SRC_OVR (bus 0 bus_irq 5 global_irq 5 high level)
[    0.185599] ACPI: INT_SRC_OVR (bus 0 bus_irq 9 global_irq 9 high level)
[    0.186735] ACPI: INT_SRC_OVR (bus 0 bus_irq 10 global_irq 10 high level)
[    0.187900] ACPI: INT_SRC_OVR (bus 0 bus_irq 11 global_irq 11 high level)
[    0.189083] ACPI: Using ACPI (MADT) for SMP configuration information
[    0.190196] ACPI: HPET id: 0x8086a201 base: 0xfed00000
[    0.191087] TSC deadline timer available
[    0.191794] CPU topo: Max. logical packages:   1
[    0.192611] CPU topo: Max. logical dies:       1
[    0.193418] CPU topo: Max. dies per package:   1
[    0.194298] CPU topo: Max. threads per core:   1
[    0.195160] CPU topo: Num. cores per package:     2
[    0.196001] CPU topo: Num. threads per package:   2
[    0.196838] CPU topo: Allowing 2 present CPUs plus 0 hotplug CPUs
[    0.197958] kvm-guest: APIC: eoi() replaced with kvm_guest_apic_eoi_write()
[    0.199219] kvm-guest: KVM setup pv remote TLB flush
[    0.200085] kvm-guest: setup PV sched yield
[    0.200952] PM: hibernation: Registered nosave memory: [mem 0x00000000-0x00000fff]
[    0.202283] PM: hibernation: Registered nosave memory: [mem 0x0009f000-0x000fffff]
[    0.203583] [mem 0x80000000-0xfeffbfff] available for PCI devices
[    0.204616] Booting paravirtualized kernel on KVM
[    0.205424] clocksource: refined-jiffies: mask: 0xffffffff max_cycles: 0xffffffff, max_idle_ns: 7645519600211568 ns
[    0.207226] setup_percpu: NR_CPUS:8192 nr_cpumask_bits:2 nr_cpu_ids:2 nr_node_ids:1
[    0.209135] percpu: Embedded 80 pages/cpu s290816 r8192 d28672 u1048576
[    0.210501] kvm-guest: PV spinlocks enabled
[    0.211261] PV qspinlock hash table entries: 256 (order: 0, 4096 bytes, linear)
[    0.212646] Kernel command line: net.ifnames=0 console=ttyS0 root=/dev/sda earlyprintk=serial net.ifnames=0 thunderbolt.dyndbg
[    0.215019] random: crng init done
[    0.215604] printk: log buffer data + meta data: 262144 + 917504 = 1179648 bytes
[    0.217372] Dentry cache hash table entries: 262144 (order: 9, 2097152 bytes, linear)
[    0.218866] Inode-cache hash table entries: 131072 (order: 8, 1048576 bytes, linear)
[    0.220560] Fallback order for Node 0: 0 
[    0.220584] Built 1 zonelists, mobility grouping on.  Total pages: 524158
[    0.222377] Policy zone: DMA32
[    0.222889] mem auto-init: stack:off, heap alloc:off, heap free:off
[    0.223928] stackdepot: allocating hash table via alloc_large_system_hash
[    0.225146] stackdepot hash table entries: 1048576 (order: 12, 16777216 bytes, linear)
[    0.262308] SLUB: HWalign=64, Order=0-3, MinObjects=0, CPUs=2, Nodes=1
[    0.263445] kmemleak: Kernel memory leak detector disabled
[    0.264472] Kernel/User page tables isolation: enabled
[    0.311396] ftrace: allocating 73920 entries in 292 pages
[    0.312565] ftrace: allocated 292 pages with 3 groups
[    0.321127] Dynamic Preempt: voluntary
[    0.322408] Running RCU self tests
[    0.322995] Running RCU synchronous self tests
[    0.323735] rcu: Preemptible hierarchical RCU implementation.
[    0.324696] rcu: 	RCU lockdep checking is enabled.
[    0.325500] rcu: 	RCU restricting CPUs from NR_CPUS=8192 to nr_cpu_ids=2.
[    0.326632] 	Trampoline variant of Tasks RCU enabled.
[    0.327470] 	Rude variant of Tasks RCU enabled.
[    0.328219] 	Tracing variant of Tasks RCU enabled.
[    0.329019] rcu: RCU calculated value of scheduler-enlistment delay is 25 jiffies.
[    0.330285] rcu: Adjusting geometry for rcu_fanout_leaf=16, nr_cpu_ids=2
[    0.331479] Running RCU synchronous self tests
[    0.332224] RCU Tasks: Setting shift to 1 and lim to 1 rcu_task_cb_adjust=1 rcu_task_cpu_ids=2.
[    0.333666] RCU Tasks Rude: Setting shift to 1 and lim to 1 rcu_task_cb_adjust=1 rcu_task_cpu_ids=2.
[    0.335190] RCU Tasks Trace: Setting shift to 1 and lim to 1 rcu_task_cb_adjust=1 rcu_task_cpu_ids=2.
[    0.419217] NR_IRQS: 524544, nr_irqs: 440, preallocated irqs: 16
[    0.421018] rcu: srcu_init: Setting srcu_struct sizes based on contention.
[    0.435802] Console: colour VGA+ 80x25
[    0.436591] printk: legacy console [ttyS0] enabled
[    0.436591] printk: legacy console [ttyS0] enabled
[    0.438235] printk: legacy bootconsole [earlyser0] disabled
[    0.438235] printk: legacy bootconsole [earlyser0] disabled
[    0.440129] Lock dependency validator: Copyright (c) 2006 Red Hat, Inc., Ingo Molnar
[    0.441443] ... MAX_LOCKDEP_SUBCLASSES:  8
[    0.442154] ... MAX_LOCK_DEPTH:          48
[    0.442881] ... MAX_LOCKDEP_KEYS:        8192
[    0.443702] ... CLASSHASH_SIZE:          4096
[    0.444515] ... MAX_LOCKDEP_ENTRIES:     32768
[    0.445277] ... MAX_LOCKDEP_CHAINS:      65536
[    0.446042] ... CHAINHASH_SIZE:          32768
[    0.446810]  memory used by lock dependency info: 6429 kB
[    0.447740]  memory used for stack traces: 4224 kB
[    0.448568]  per task-struct memory footprint: 1920 bytes
[    0.449626] ACPI: Core revision 20250404
[    0.451053] clocksource: hpet: mask: 0xffffffff max_cycles: 0xffffffff, max_idle_ns: 19112604467 ns
[    0.453130] APIC: Switch to symmetric I/O mode setup
[    0.454292] x2apic enabled
[    0.455434] APIC: Switched APIC routing to: physical x2apic
[    0.456526] kvm-guest: APIC: send_IPI_mask() replaced with kvm_send_ipi_mask()
[    0.457988] kvm-guest: APIC: send_IPI_mask_allbutself() replaced with kvm_send_ipi_mask_allbutself()
[    0.459585] kvm-guest: setup PV IPIs
[    0.461916] ..TIMER: vector=0x30 apic1=0 pin1=2 apic2=-1 pin2=-1
[    0.463004] clocksource: tsc-early: mask: 0xffffffffffffffff max_cycles: 0x1e33052aadd, max_idle_ns: 440795310221 ns
[    0.464968] Calibrating delay loop (skipped) preset value.. 4190.15 BogoMIPS (lpj=8380304)
[    0.469161] x86/cpu: User Mode Instruction Prevention (UMIP) activated
[    0.470446] Last level iTLB entries: 4KB 0, 2MB 0, 4MB 0
[    0.471379] Last level dTLB entries: 4KB 0, 2MB 0, 4MB 0, 1GB 0
[    0.473004] Speculative Store Bypass: Mitigation: Speculative Store Bypass disabled via prctl
[    0.474500] Spectre V2 : Mitigation: IBRS
[    0.475210] RETBleed: Mitigation: IBRS
[    0.475857] ITS: Mitigation: Aligned branch/return thunks
[    0.476958] MDS: Mitigation: Clear CPU buffers
[    0.477734] TAA: Mitigation: Clear CPU buffers
[    0.478508] MMIO Stale Data: Mitigation: Clear CPU buffers
[    0.479456] Spectre V1 : Mitigation: usercopy/swapgs barriers and __user pointer sanitization
[    0.480960] Spectre V2 : Spectre v2 / SpectreRSB: Filling RSB on context switch and VMEXIT
[    0.482403] Spectre V2 : mitigation: Enabling conditional Indirect Branch Prediction Barrier
[    0.483924] Spectre V2 : Spectre BHI mitigation: SW BHB clearing on syscall and VM exit
[    0.485024] x86/fpu: Supporting XSAVE feature 0x001: 'x87 floating point registers'
[    0.486346] x86/fpu: Supporting XSAVE feature 0x002: 'SSE registers'
[    0.487447] x86/fpu: Supporting XSAVE feature 0x004: 'AVX registers'
[    0.488960] x86/fpu: Supporting XSAVE feature 0x008: 'MPX bounds registers'
[    0.490170] x86/fpu: Supporting XSAVE feature 0x010: 'MPX CSR'
[    0.491184] x86/fpu: Supporting XSAVE feature 0x020: 'AVX-512 opmask'
[    0.492960] x86/fpu: Supporting XSAVE feature 0x040: 'AVX-512 Hi256'
[    0.494064] x86/fpu: Supporting XSAVE feature 0x080: 'AVX-512 ZMM_Hi256'
[    0.495224] x86/fpu: Supporting XSAVE feature 0x200: 'Protection Keys User registers'
[    0.496961] x86/fpu: xstate_offset[2]:  576, xstate_sizes[2]:  256
[    0.498049] x86/fpu: xstate_offset[3]:  832, xstate_sizes[3]:   64
[    0.499126] x86/fpu: xstate_offset[4]:  896, xstate_sizes[4]:   64
[    0.500205] x86/fpu: xstate_offset[5]:  960, xstate_sizes[5]:   64
[    0.500960] x86/fpu: xstate_offset[6]: 1024, xstate_sizes[6]:  512
[    0.502030] x86/fpu: xstate_offset[7]: 1536, xstate_sizes[7]: 1024
[    0.503103] x86/fpu: xstate_offset[9]: 2560, xstate_sizes[9]:    8
[    0.504228] x86/fpu: Enabled xstate features 0x2ff, context size is 2568 bytes, using 'compacted' format.
[    0.888864] Freeing SMP alternatives memory: 60K
[    0.888966] pid_max: default: 32768 minimum: 301
[    0.890251] LSM: initializing lsm=capability,yama,ima,evm
[    0.891448] Yama: becoming mindful.
[    0.893854] Mount-cache hash table entries: 4096 (order: 3, 32768 bytes, linear)
[    0.895179] Mountpoint-cache hash table entries: 4096 (order: 3, 32768 bytes, linear)
[    0.899681] Running RCU synchronous self tests
[    0.900473] Running RCU synchronous self tests
[    0.901474] smpboot: CPU0: Genuine Intel(R) CPU 0000%@ (family: 0x6, model: 0x55, stepping: 0x4)
[    0.904617] Performance Events: Skylake events, 32-deep LBR, full-width counters, Intel PMU driver.
[    0.904978] ... version:                2
[    0.905689] ... bit width:              48
[    0.906417] ... generic registers:      4
[    0.907195] ... value mask:             0000ffffffffffff
[    0.908116] ... max period:             00007fffffffffff
[    0.908963] ... fixed-purpose events:   3
[    0.909665] ... event mask:             000000070000000f
[    0.911534] signal: max sigframe size: 3632
[    0.912543] rcu: Hierarchical SRCU implementation.
[    0.912966] rcu: 	Max phase no-delay instances is 1000.
[    0.914295] Timer migration: 1 hierarchy levels; 8 children per group; 1 crossnode level
[    0.952109] smp: Bringing up secondary CPUs ...
[    0.954477] smpboot: x86: Booting SMP configuration:
[    0.955374] .... node  #0, CPUs:      #1
[    0.957064] smp: Brought up 1 node, 2 CPUs
[    0.958541] smpboot: Total of 2 processors activated (8380.30 BogoMIPS)
[    0.961945] Memory: 1598504K/2096632K available (78985K kernel code, 15323K rwdata, 18332K rodata, 16064K init, 21552K bss, 486480K reserved, 0K cma-reserved)
[    0.966102] devtmpfs: initialized
[    0.969373] x86/mm: Memory block size: 128MB
[    0.994807] Running RCU synchronous self tests
[    0.997026] Running RCU synchronous self tests
[    0.999323] Running RCU Tasks wait API self tests
[    1.001127] Running RCU Tasks Rude wait API self tests
[    1.002195] Running RCU Tasks Trace wait API self tests
[    1.025016] clocksource: jiffies: mask: 0xffffffff max_cycles: 0xffffffff, max_idle_ns: 7645041785100000 ns
[    1.029173] posixtimers hash table entries: 1024 (order: 4, 73728 bytes, linear)
[    1.033264] futex hash table entries: 512 (65536 bytes on 1 NUMA nodes, total 64 KiB, linear).
[    1.038320] pinctrl core: initialized pinctrl subsystem
[    1.044591] 
[    1.044967] *************************************************************
[    1.046508] **     NOTICE NOTICE NOTICE NOTICE NOTICE NOTICE NOTICE    **
[    1.048117] **                                                         **
[    1.048965] **  IOMMU DebugFS SUPPORT HAS BEEN ENABLED IN THIS KERNEL  **
[    1.050517] **                                                         **
[    1.052126] ** This means that this kernel is built to expose internal **
[    1.052964] ** IOMMU data structures, which may compromise security on **
[    1.054333] ** your system.                                            **
[    1.053092] Callback from call_rcu_tasks_trace() invoked.
[    1.055529] **                                                         **
[    1.055540] ** If you see this message and you are not debugging the   **
[    1.055548] ** kernel, report this immediately to your vendor!         **
[    1.060536] **                                                         **
[    1.060962] **     NOTICE NOTICE NOTICE NOTICE NOTICE NOTICE NOTICE    **
[    1.062155] *************************************************************
[    1.063465] PM: RTC time: 15:53:34, date: 2025-08-03
[    1.070023] NET: Registered PF_NETLINK/PF_ROUTE protocol family
[    1.074498] DMA: preallocated 256 KiB GFP_KERNEL pool for atomic allocations
[    1.075852] DMA: preallocated 256 KiB GFP_KERNEL|GFP_DMA pool for atomic allocations
[    1.076993] DMA: preallocated 256 KiB GFP_KERNEL|GFP_DMA32 pool for atomic allocations
[    1.078608] audit: initializing netlink subsys (disabled)
[    1.079691] audit: type=2000 audit(1754236415.623:1): state=initialized audit_enabled=0 res=1
[    1.083444] thermal_sys: Registered thermal governor 'fair_share'
[    1.084707] thermal_sys: Registered thermal governor 'bang_bang'
[    1.084966] thermal_sys: Registered thermal governor 'step_wise'
[    1.086020] thermal_sys: Registered thermal governor 'user_space'
[    1.087262] cpuidle: using governor ladder
[    1.089030] cpuidle: using governor menu
[    1.090320] acpiphp: ACPI Hot Plug PCI Controller Driver version: 0.5
[    1.093329] PCI: Using configuration type 1 for base access
[    1.095120] kprobes: kprobe jump-optimization is enabled. All kprobes are optimized if possible.
[    1.375801] HugeTLB: allocation took 0ms with hugepage_allocation_threads=1
[    1.376982] HugeTLB: registered 1.00 GiB page size, pre-allocated 0 pages
[    1.378158] HugeTLB: 16380 KiB vmemmap can be freed for a 1.00 GiB page
[    1.379306] HugeTLB: registered 2.00 MiB page size, pre-allocated 0 pages
[    1.380492] HugeTLB: 28 KiB vmemmap can be freed for a 2.00 MiB page
[    1.599737] ACPI: Added _OSI(Module Device)
[    1.600516] ACPI: Added _OSI(Processor Device)
[    1.600977] ACPI: Added _OSI(Processor Aggregator Device)
[    1.645614] ACPI: 1 ACPI AML tables successfully acquired and loaded
[    1.681047] ACPI: Interpreter enabled
[    1.682411] ACPI: PM: (supports S0 S3 S4 S5)
[    1.683470] ACPI: Using IOAPIC for interrupt routing
[    1.684981] PCI: Using host bridge windows from ACPI; if necessary, use "pci=nocrs" and report a bug
[    1.687243] PCI: Using E820 reservations for host bridge windows
[    1.692096] ACPI: Enabled 2 GPEs in block 00 to 0F
[    1.783921] ACPI: PCI Root Bridge [PCI0] (domain 0000 [bus 00-ff])
[    1.785028] acpi PNP0A03:00: _OSC: OS supports [ASPM ClockPM Segments MSI EDR HPX-Type3]
[    1.786478] acpi PNP0A03:00: _OSC: not requesting OS control; OS requires [ExtendedConfig ASPM ClockPM MSI]
[    1.788468] acpi PNP0A03:00: fail to add MMCONFIG information, can't access extended configuration space under this bridge
[    1.800664] acpiphp: Slot [3] registered
[    1.801308] acpiphp: Slot [4] registered
[    1.802326] acpiphp: Slot [5] registered
[    1.803353] acpiphp: Slot [6] registered
[    1.804381] acpiphp: Slot [7] registered
[    1.805292] acpiphp: Slot [8] registered
[    1.806306] acpiphp: Slot [9] registered
[    1.807367] acpiphp: Slot [10] registered
[    1.808404] acpiphp: Slot [11] registered
[    1.813282] acpiphp: Slot [12] registered
[    1.814309] acpiphp: Slot [13] registered
[    1.815401] acpiphp: Slot [14] registered
[    1.816420] acpiphp: Slot [15] registered
[    1.817288] acpiphp: Slot [16] registered
[    1.818301] acpiphp: Slot [17] registered
[    1.819385] acpiphp: Slot [18] registered
[    1.820416] acpiphp: Slot [19] registered
[    1.821281] acpiphp: Slot [20] registered
[    1.822315] acpiphp: Slot [21] registered
[    1.823421] acpiphp: Slot [22] registered
[    1.824457] acpiphp: Slot [23] registered
[    1.825286] acpiphp: Slot [24] registered
[    1.826312] acpiphp: Slot [25] registered
[    1.827344] acpiphp: Slot [26] registered
[    1.828379] acpiphp: Slot [27] registered
[    1.829293] acpiphp: Slot [28] registered
[    1.830309] acpiphp: Slot [29] registered
[    1.831330] acpiphp: Slot [30] registered
[    1.832360] acpiphp: Slot [31] registered
[    1.833090] PCI host bridge to bus 0000:00
[    1.833924] pci_bus 0000:00: root bus resource [io  0x0000-0x0cf7 window]
[    1.835180] pci_bus 0000:00: root bus resource [io  0x0d00-0xffff window]
[    1.836356] pci_bus 0000:00: root bus resource [mem 0x000a0000-0x000bffff window]
[    1.836969] pci_bus 0000:00: root bus resource [mem 0x80000000-0xfebfffff window]
[    1.838334] pci_bus 0000:00: root bus resource [mem 0x100000000-0x17fffffff window]
[    1.839678] pci_bus 0000:00: root bus resource [bus 00-ff]
[    1.840850] pci 0000:00:00.0: [8086:1237] type 00 class 0x060000 conventional PCI endpoint
[    1.844255] pci 0000:00:01.0: [8086:7000] type 00 class 0x060100 conventional PCI endpoint
[    1.847989] pci 0000:00:01.1: [8086:7010] type 00 class 0x010180 conventional PCI endpoint
[    1.853900] pci 0000:00:01.1: BAR 4 [io  0xc040-0xc04f]
[    1.854941] pci 0000:00:01.1: BAR 0 [io  0x01f0-0x01f7]: legacy IDE quirk
[    1.856109] pci 0000:00:01.1: BAR 1 [io  0x03f6]: legacy IDE quirk
[    1.856966] pci 0000:00:01.1: BAR 2 [io  0x0170-0x0177]: legacy IDE quirk
[    1.858146] pci 0000:00:01.1: BAR 3 [io  0x0376]: legacy IDE quirk
[    1.861785] pci 0000:00:01.3: [8086:7113] type 00 class 0x068000 conventional PCI endpoint
[    1.863791] pci 0000:00:01.3: quirk: [io  0x0600-0x063f] claimed by PIIX4 ACPI
[    1.864978] pci 0000:00:01.3: quirk: [io  0x0700-0x070f] claimed by PIIX4 SMB
[    1.868787] pci 0000:00:02.0: [1234:1111] type 00 class 0x030000 conventional PCI endpoint
[    1.871815] pci 0000:00:02.0: BAR 0 [mem 0xfd000000-0xfdffffff pref]
[    1.872989] pci 0000:00:02.0: BAR 2 [mem 0xfebf0000-0xfebf0fff]
[    1.874057] pci 0000:00:02.0: ROM [mem 0xfebe0000-0xfebeffff pref]
[    1.875421] pci 0000:00:02.0: Video device with shadowed ROM at [mem 0x000c0000-0x000dffff]
[    1.879804] pci 0000:00:03.0: [8086:100e] type 00 class 0x020000 conventional PCI endpoint
[    1.882546] pci 0000:00:03.0: BAR 0 [mem 0xfebc0000-0xfebdffff]
[    1.883589] pci 0000:00:03.0: BAR 1 [io  0xc000-0xc03f]
[    1.884615] pci 0000:00:03.0: ROM [mem 0xfeb80000-0xfebbffff pref]
[    1.931578] ACPI: PCI: Interrupt link LNKA configured for IRQ 10
[    1.934918] ACPI: PCI: Interrupt link LNKB configured for IRQ 10
[    1.938113] ACPI: PCI: Interrupt link LNKC configured for IRQ 11
[    1.941242] ACPI: PCI: Interrupt link LNKD configured for IRQ 11
[    1.943157] ACPI: PCI: Interrupt link LNKS configured for IRQ 9
[    1.952951] iommu: Default domain type: Translated
[    1.952966] iommu: DMA domain TLB invalidation policy: lazy mode
[    1.959489] SCSI subsystem initialized
[    1.961707] ACPI: bus type USB registered
[    1.962303] usbcore: registered new interface driver usbfs
[    1.963478] usbcore: registered new interface driver hub
[    1.964549] usbcore: registered new device driver usb
[    1.965665] pps_core: LinuxPPS API ver. 1 registered
[    1.966538] pps_core: Software ver. 5.3.6 - Copyright 2005-2007 Rodolfo Giometti <giometti@linux.it>
[    1.968211] PTP clock support registered
[    1.969568] EDAC MC: Ver: 3.0.0
[    1.976961] NetLabel: Initializing
[    1.976964] NetLabel:  domain hash size = 128
[    1.977736] NetLabel:  protocols = UNLABELED CIPSOv4 CALIPSO
[    1.979074] NetLabel:  unlabeled traffic allowed by default
[    1.981083] PCI: Using ACPI for IRQ routing
[    1.982860] pci 0000:00:02.0: vgaarb: setting as boot VGA device
[    1.983931] pci 0000:00:02.0: vgaarb: bridge control possible
[    1.984930] pci 0000:00:02.0: vgaarb: VGA device added: decodes=io+mem,owns=io+mem,locks=none
[    1.988965] vgaarb: loaded
[    1.990409] hpet0: at MMIO 0xfed00000, IRQs 2, 8, 0
[    1.991303] hpet0: 3 comparators, 64-bit 100.000000 MHz counter
[    1.997699] clocksource: Switched to clocksource kvm-clock
[    2.003055] VFS: Disk quotas dquot_6.6.0
[    2.003912] VFS: Dquot-cache hash table entries: 512 (order 0, 4096 bytes)
[    2.007154] pnp: PnP ACPI init
[    2.016472] pnp: PnP ACPI: found 6 devices
[    2.054882] clocksource: acpi_pm: mask: 0xffffff max_cycles: 0xffffff, max_idle_ns: 2085701024 ns
[    2.057391] NET: Registered PF_INET protocol family
[    2.058460] IP idents hash table entries: 32768 (order: 6, 262144 bytes, linear)
[    2.063000] tcp_listen_portaddr_hash hash table entries: 1024 (order: 4, 73728 bytes, linear)
[    2.064615] Table-perturb hash table entries: 65536 (order: 6, 262144 bytes, linear)
[    2.066162] TCP established hash table entries: 16384 (order: 5, 131072 bytes, linear)
[    2.068361] TCP bind hash table entries: 16384 (order: 9, 2359296 bytes, linear)
[    2.071682] TCP: Hash tables configured (established 16384 bind 16384)
[    2.072980] UDP hash table entries: 1024 (order: 6, 262144 bytes, linear)
[    2.074330] UDP-Lite hash table entries: 1024 (order: 6, 262144 bytes, linear)
[    2.076283] NET: Registered PF_UNIX/PF_LOCAL protocol family
[    2.078625] RPC: Registered named UNIX socket transport module.
[    2.079756] RPC: Registered udp transport module.
[    2.080582] RPC: Registered tcp transport module.
[    2.081404] RPC: Registered tcp-with-tls transport module.
[    2.082357] RPC: Registered tcp NFSv4.1 backchannel transport module.
[    2.083559] pci_bus 0000:00: resource 4 [io  0x0000-0x0cf7 window]
[    2.084651] pci_bus 0000:00: resource 5 [io  0x0d00-0xffff window]
[    2.085743] pci_bus 0000:00: resource 6 [mem 0x000a0000-0x000bffff window]
[    2.086962] pci_bus 0000:00: resource 7 [mem 0x80000000-0xfebfffff window]
[    2.088253] pci_bus 0000:00: resource 8 [mem 0x100000000-0x17fffffff window]
[    2.090272] pci 0000:00:01.0: PIIX3: Enabling Passive Release
[    2.091324] pci 0000:00:00.0: Limiting direct PCI/PCI transfers
[    2.092659] PCI: CLS 0 bytes, default 64
[    2.093531] ACPI: bus type thunderbolt registered
[    2.095247] clocksource: tsc: mask: 0xffffffffffffffff max_cycles: 0x1e33052aadd, max_idle_ns: 440795310221 ns
[    8.631851] Initialise system trusted keyrings
[    8.632873] Key type blacklist registered
[    8.634400] workingset: timestamp_bits=36 max_order=19 bucket_order=0
[    8.639976] squashfs: version 4.0 (2009/01/31) Phillip Lougher
[    8.643602] NFS: Registering the id_resolver key type
[    8.644454] Key type id_resolver registered
[    8.645118] Key type id_legacy registered
[    8.645849] nfs4filelayout_init: NFSv4 File Layout Driver Registering...
[    8.646989] nfs4flexfilelayout_init: NFSv4 Flexfile Layout Driver Registering...
[    8.648784] fuse: init (API version 7.44)
[    8.650820] SGI XFS with ACLs, security attributes, realtime, quota, no debug enabled
[    8.654796] 9p: Installing v9fs 9p2000 file system support
[    8.689955] Key type asymmetric registered
[    8.690640] Asymmetric key parser 'x509' registered
[    8.691739] Block layer SCSI generic (bsg) driver version 0.4 loaded (major 242)
[    8.693425] io scheduler mq-deadline registered
[    8.694340] io scheduler bfq registered
[    8.695932] ledtrig-cpu: registered to indicate activity on CPUs
[    8.699681] IPMI message handler: version 39.2
[    8.700528] ipmi device interface
[    8.705581] input: Power Button as /devices/LNXSYSTM:00/LNXPWRBN:00/input/input0
[    8.707983] ACPI: button: Power Button [PWRF]
[    8.714651] ERST DBG: ERST support is disabled.
[    8.725066] Serial: 8250/16550 driver, 32 ports, IRQ sharing enabled
[    8.732337] 00:04: ttyS0 at I/O 0x3f8 (irq = 4, base_baud = 115200) is a 16550A
[    8.807466] Linux agpgart interface v0.103
[    8.811033] Callback from call_rcu_tasks() invoked.
[    8.817676] ACPI: bus type drm_connector registered
[    8.886119] brd: module loaded
[    8.916703] loop: module loaded
[    8.952308] scsi host0: ata_piix
[    8.956554] scsi host1: ata_piix
[    8.958763] ata1: PATA max MWDMA2 cmd 0x1f0 ctl 0x3f6 bmdma 0xc040 irq 14 lpm-pol 0
[    8.960215] ata2: PATA max MWDMA2 cmd 0x170 ctl 0x376 bmdma 0xc048 irq 15 lpm-pol 0
[    8.968365] tun: Universal TUN/TAP device driver, 1.6
[    8.970359] e100: Intel(R) PRO/100 Network Driver
[    8.971223] e100: Copyright(c) 1999-2006 Intel Corporation
[    8.972442] e1000: Intel(R) PRO/1000 Network Driver
[    8.973210] e1000: Copyright (c) 1999-2006 Intel Corporation.
[    9.010582] ACPI: \_SB_.LNKC: Enabled at IRQ 11
[    9.119469] ata2: found unknown device (class 0)
[    9.124247] ata2.00: ATAPI: QEMU DVD-ROM, 2.5+, max UDMA/100
[    9.130646] ata1: found unknown device (class 0)
[    9.135177] ata1.00: ATA-7: QEMU HARDDISK, 2.5+, max UDMA/100
[    9.137629] ata1.00: 17196647 sectors, multi 16: LBA48 
[    9.142991] scsi 0:0:0:0: Direct-Access     ATA      QEMU HARDDISK    2.5+ PQ: 0 ANSI: 5
[    9.151195] sd 0:0:0:0: [sda] 17196647 512-byte logical blocks: (8.80 GB/8.20 GiB)
[    9.154278] sd 0:0:0:0: [sda] Write Protect is off
[    9.155785] sd 0:0:0:0: Attached scsi generic sg0 type 0
[    9.157444] sd 0:0:0:0: [sda] Write cache: enabled, read cache: enabled, doesn't support DPO or FUA
[    9.159266] sd 0:0:0:0: [sda] Preferred minimum I/O size 512 bytes
[    9.163717] scsi 1:0:0:0: CD-ROM            QEMU     QEMU DVD-ROM     2.5+ PQ: 0 ANSI: 5
[    9.197276] scsi 1:0:0:0: Attached scsi generic sg1 type 5
[    9.209767] sd 0:0:0:0: [sda] Attached SCSI disk
[    9.363742] e1000 0000:00:03.0 eth0: (PCI:33MHz:32-bit) 52:54:00:12:34:56
[    9.365868] e1000 0000:00:03.0 eth0: Intel(R) PRO/1000 Network Connection
[    9.368427] e1000e: Intel(R) PRO/1000 Network Driver
[    9.369416] e1000e: Copyright(c) 1999 - 2015 Intel Corporation.
[    9.370994] igb: Intel(R) Gigabit Ethernet Network Driver
[    9.372127] igb: Copyright (c) 2007-2014 Intel Corporation.
[    9.374159] PPP generic driver version 2.4.2
[    9.377387] VFIO - User Level meta-driver version: 0.3
[    9.385965] usbcore: registered new interface driver uas
[    9.387091] usbcore: registered new interface driver usb-storage
[    9.388835] i8042: PNP: PS/2 Controller [PNP0303:KBD,PNP0f13:MOU] at 0x60,0x64 irq 1,12
[    9.392653] serio: i8042 KBD port at 0x60,0x64 irq 1
[    9.393876] serio: i8042 AUX port at 0x60,0x64 irq 12
[    9.399341] mousedev: PS/2 mouse device common for all mice
[    9.403485] rtc_cmos 00:05: RTC can wake from S4
[    9.403975] input: AT Translated Set 2 keyboard as /devices/platform/i8042/serio0/input/input1
[    9.411969] input: VirtualPS/2 VMware VMMouse as /devices/platform/i8042/serio1/input/input4
[    9.416266] input: VirtualPS/2 VMware VMMouse as /devices/platform/i8042/serio1/input/input3
[    9.417120] rtc_cmos 00:05: registered as rtc0
[    9.419509] rtc_cmos 00:05: setting system clock to 2025-08-03T15:53:43 UTC (1754236423)
[    9.423383] rtc_cmos 00:05: alarms up to one day, y3k, 242 bytes nvram, hpet irqs
[    9.426076] i2c_dev: i2c /dev entries driver
[    9.427919] device-mapper: core: CONFIG_IMA_DISABLE_HTABLE is disabled. Duplicate IMA measurements will not be recorded in the IMA log.
[    9.430621] device-mapper: uevent: version 1.0.3
[    9.432744] device-mapper: ioctl: 4.50.0-ioctl (2025-04-28) initialised: dm-devel@lists.linux.dev
[    9.434613] intel_pstate: CPU model not supported
[    9.436302] sdhci: Secure Digital Host Controller Interface driver
[    9.437578] sdhci: Copyright(c) Pierre Ossman
[    9.438840] sdhci-pltfm: SDHCI platform and OF driver helper
[    9.441042] drop_monitor: Initializing network drop monitor service
[    9.442750] NET: Registered PF_INET6 protocol family
[    9.450543] Segment Routing with IPv6
[    9.451276] In-situ OAM (IOAM) with IPv6
[    9.452117] NET: Registered PF_PACKET protocol family
[    9.453686] 9pnet: Installing 9P2000 support
[    9.456032] Key type dns_resolver registered
[    9.463843] resctrl: No MBM correction factor available
[    9.465988] IPI shorthand broadcast: enabled
[    9.592257] sched_clock: Marking stable (9556008048, 34686275)->(9604116096, -13421773)
[    9.595620] registered taskstats version 1
[    9.597150] Loading compiled-in X.509 certificates
[    9.762117] Demotion targets for Node 0: null
[    9.767076] Key type .fscrypt registered
[    9.769323] Key type fscrypt-provisioning registered
[    9.779972] Key type encrypted registered
[    9.780951] ima: No TPM chip found, activating TPM-bypass!
[    9.782478] ima: Allocated hash algorithm: sha1
[    9.784148] ima: No architecture policies found
[    9.785998] evm: Initialising EVM extended attributes:
[    9.787681] evm: security.selinux
[    9.788700] evm: security.SMACK64
[    9.789706] evm: security.SMACK64EXEC
[    9.790838] evm: security.SMACK64TRANSMUTE
[    9.791904] evm: security.SMACK64MMAP
[    9.792625] evm: security.apparmor
[    9.793304] evm: security.ima
[    9.793891] evm: security.capability
[    9.794607] evm: HMAC attrs: 0x1
[    9.800151] PM:   Magic number: 5:168:891
[    9.801057] event_source msr: hash matches
[    9.803632] RAS: Correctable Errors collector initialized.
[    9.804920] clk: Disabling unused clocks
[    9.806038] PM: genpd: Disabling unused power domains
[    9.808576] md: Waiting for all devices to be available before autodetect
[    9.809346] md: If you don't use raid, use raid=noautodetect
[    9.809996] md: Autodetecting RAID arrays.
[    9.810487] md: autorun ...
[    9.810851] md: ... autorun DONE.
[    9.824906] EXT4-fs (sda): INFO: recovery required on readonly filesystem
[    9.825711] EXT4-fs (sda): write access will be enabled during recovery
[    9.886867] EXT4-fs (sda): recovery complete
[    9.890515] EXT4-fs (sda): mounted filesystem 088740a9-c8b4-422c-999d-a804eb68a4da ro with ordered data mode. Quota mode: none.
[    9.892164] VFS: Mounted root (ext4 filesystem) readonly on device 8:0.
[    9.896768] devtmpfs: mounted
[    9.922630] Freeing unused decrypted memory: 2028K
[    9.932665] Freeing unused kernel image (initmem) memory: 16064K
[    9.934343] Write protecting the kernel read-only data: 98304k
[    9.939791] Freeing unused kernel image (text/rodata gap) memory: 884K
[    9.941216] Freeing unused kernel image (rodata/data gap) memory: 100K
[   10.172530] x86/mm: Checked W+X mappings: passed, no W+X pages found.
[   10.173288] x86/mm: Checking user space page tables
[   10.390938] x86/mm: Checked W+X mappings: passed, no W+X pages found.
[   10.391993] Run /sbin/init as init process
[   10.676622] systemd[1]: systemd 252-15.el9 running in system mode (+PAM +AUDIT +SELINUX -APPARMOR +IMA +SMACK +SECCOMP +GCRYPT +GNUTLS +OPENSSL +ACL +BLKID +CURL +ELFUTILS -FIDO2 +IDN2 -IDN -IPTC +KMOD +LIBCRYPTSETUP +LIBFDISK +PCRE2 -PWQUALITY +P11KIT -QRENCODE +TPM2 +BZIP2 +LZ4 +XZ +ZLIB +ZSTD -BPF_FRAMEWORK +XKBCOMMON +UTMP +SYSVINIT default-hierarchy=unified)
[   10.680621] systemd[1]: Detected virtualization kvm.
[   10.682023] systemd[1]: Detected architecture x86-64.

Welcome to [0;31mCentOS Stream 9[0m!

[   10.693679] systemd[1]: Hostname set to <test>.
[   11.261899] systemd-rc-local-generator[124]: /etc/rc.d/rc.local is not marked executable, skipping.
[   11.724173] systemd[1]: Queued start job for default target Multi-User System.
[   11.750848] systemd[1]: Created slice Virtual Machine and Container Slice.
[[0;32m  OK  [0m] Created slice [0;1;39mVirtual Machine and Container Slice[0m.
[   11.765424] systemd[1]: Created slice Slice /system/getty.
[[0;32m  OK  [0m] Created slice [0;1;39mSlice /system/getty[0m.
[   11.771912] systemd[1]: Created slice Slice /system/modprobe.
[[0;32m  OK  [0m] Created slice [0;1;39mSlice /system/modprobe[0m.
[   11.777983] systemd[1]: Created slice Slice /system/serial-getty.
[[0;32m  OK  [0m] Created slice [0;1;39mSlice /system/serial-getty[0m.
[   11.784212] systemd[1]: Created slice Slice /system/sshd-keygen.
[[0;32m  OK  [0m] Created slice [0;1;39mSlice /system/sshd-keygen[0m.
[   11.789762] systemd[1]: Created slice User and Session Slice.
[[0;32m  OK  [0m] Created slice [0;1;39mUser and Session Slice[0m.
[   11.792320] systemd[1]: Started Forward Password Requests to Wall Directory Watch.
[[0;32m  OK  [0m] Started [0;1;39mForward Password R…uests to Wall Directory Watch[0m.
[   11.796907] systemd[1]: Set up automount Arbitrary Executable File Formats File System Automount Point.
[[0;32m  OK  [0m] Set up automount [0;1;39mArbitrary…s File System Automount Point[0m.
[   11.799593] systemd[1]: Reached target Local Integrity Protected Volumes.
[[0;32m  OK  [0m] Reached target [0;1;39mLocal Integrity Protected Volumes[0m.
[   11.801705] systemd[1]: Reached target Slice Units.
[[0;32m  OK  [0m] Reached target [0;1;39mSlice Units[0m.
[   11.803398] systemd[1]: Reached target Swaps.
[[0;32m  OK  [0m] Reached target [0;1;39mSwaps[0m.
[   11.804909] systemd[1]: Reached target Local Verity Protected Volumes.
[[0;32m  OK  [0m] Reached target [0;1;39mLocal Verity Protected Volumes[0m.
[   11.807532] systemd[1]: Listening on Device-mapper event daemon FIFOs.
[[0;32m  OK  [0m] Listening on [0;1;39mDevice-mapper event daemon FIFOs[0m.
[   11.811118] systemd[1]: Listening on LVM2 poll daemon socket.
[[0;32m  OK  [0m] Listening on [0;1;39mLVM2 poll daemon socket[0m.
[   11.813258] systemd[1]: multipathd control socket was skipped because of an unmet condition check (ConditionPathExists=/etc/multipath.conf).
[   12.067756] systemd[1]: Listening on RPCbind Server Activation Socket.
[[0;32m  OK  [0m] Listening on [0;1;39mRPCbind Server Activation Socket[0m.
[   12.075127] systemd[1]: Reached target RPC Port Mapper.
[[0;32m  OK  [0m] Reached target [0;1;39mRPC Port Mapper[0m.
[   12.089525] systemd[1]: Listening on Process Core Dump Socket.
[[0;32m  OK  [0m] Listening on [0;1;39mProcess Core Dump Socket[0m.
[   12.093779] systemd[1]: Listening on initctl Compatibility Named Pipe.
[[0;32m  OK  [0m] Listening on [0;1;39minitctl Compatibility Named Pipe[0m.
[   12.098289] systemd[1]: Listening on Journal Socket (/dev/log).
[[0;32m  OK  [0m] Listening on [0;1;39mJournal Socket (/dev/log)[0m.
[   12.102542] systemd[1]: Listening on Journal Socket.
[[0;32m  OK  [0m] Listening on [0;1;39mJournal Socket[0m.
[   12.105635] systemd[1]: Listening on udev Control Socket.
[[0;32m  OK  [0m] Listening on [0;1;39mudev Control Socket[0m.
[   12.108523] systemd[1]: Listening on udev Kernel Socket.
[[0;32m  OK  [0m] Listening on [0;1;39mudev Kernel Socket[0m.
[   12.135610] systemd[1]: Mounting Huge Pages File System...
         Mounting [0;1;39mHuge Pages File System[0m...
[   12.154328] systemd[1]: Mounting POSIX Message Queue File System...
         Mounting [0;1;39mPOSIX Message Queue File System[0m...
[   12.171416] systemd[1]: Mounting Kernel Debug File System...
         Mounting [0;1;39mKernel Debug File System[0m...
[   12.204032] systemd[1]: Mounting Kernel Trace File System...
         Mounting [0;1;39mKernel Trace File System[0m...
[   12.207211] systemd[1]: Kernel Module supporting RPCSEC_GSS was skipped because of an unmet condition check (ConditionPathExists=/etc/krb5.keytab).
[   12.209099] systemd[1]: Create List of Static Device Nodes was skipped because of an unmet condition check (ConditionFileNotEmpty=/lib/modules/6.16.0-rc5-5799c0ed0aff+/modules.devname).
[   12.224249] systemd[1]: Starting Monitoring of LVM2 mirrors, snapshots etc. using dmeventd or progress polling...
         Starting [0;1;39mMonitoring of LVM…meventd or progress polling[0m...
[   12.239262] systemd[1]: Starting Load Kernel Module configfs...
         Starting [0;1;39mLoad Kernel Module configfs[0m...
[   12.264905] systemd[1]: Starting Load Kernel Module drm...
         Starting [0;1;39mLoad Kernel Module drm[0m...
[   12.303774] systemd[1]: Starting Load Kernel Module fuse...
         Starting [0;1;39mLoad Kernel Module fuse[0m...
[   12.328042] systemd[1]: Starting Read and set NIS domainname from /etc/sysconfig/network...
         Starting [0;1;39mRead and set NIS …from /etc/sysconfig/network[0m...
[   12.372152] systemd[1]: Starting Journal Service...
         Starting [0;1;39mJournal Service[0m...
[   12.398515] systemd[1]: Starting Load Kernel Modules...
         Starting [0;1;39mLoad Kernel Modules[0m...
[   12.428973] systemd[1]: Starting Generate network units from Kernel command line...
         Starting [0;1;39mGenerate network …ts from Kernel command line[0m...
[   12.476959] systemd[1]: Starting Remount Root and Kernel File Systems...
         Starting [0;1;39mRemount Root and Kernel File Systems[0m...
[   12.479841] systemd[1]: Repartition Root Disk was skipped because no trigger condition checks were met.
[   12.531390] systemd[1]: Starting Coldplug All udev Devices...
         Starting [0;1;39mColdplug All udev Devices[0m...
[   12.576837] systemd[1]: Mounted Huge Pages File System.
[[0;32m  OK  [0m] Mounted [0;1;39mHuge Pages File System[0m.
[   12.583767] systemd[1]: Mounted POSIX Message Queue File System.
[[0;32m  OK  [0m] Mounted [0;1;39mPOSIX Message Queue File System[0m.
[   12.587729] systemd[1]: Mounted Kernel Debug File System.
[[0;32m  OK  [0m] Mounted [0;1;39mKernel Debug File System[0m.
[   12.591683] systemd[1]: Mounted Kernel Trace File System.
[[0;32m  OK  [0m] Mounted [0;1;39mKernel Trace File System[0m.
[   12.603847] systemd[1]: Finished Monitoring of LVM2 mirrors, snapshots etc. using dmeventd or progress polling.
[[0;32m  OK  [0m] Finished [0;1;39mMonitoring of LVM… dmeventd or progress polling[0m.
[   12.616338] systemd[1]: modprobe@configfs.service: Deactivated successfully.
[   12.623541] systemd[1]: Finished Load Kernel Module configfs.
[[0;32m  OK  [0m] Finished [0;1;39mLoad Kernel Module configfs[0m.
[   12.629761] systemd[1]: modprobe@drm.service: Deactivated successfully.
[   12.634329] systemd[1]: Finished Load Kernel Module drm.
[[0;32m  OK  [0m] Finished [0;1;39mLoad Kernel Module drm[0m.
[   12.645342] systemd[1]: modprobe@fuse.service: Deactivated successfully.
[   12.649401] EXT4-fs (sda): re-mounted 088740a9-c8b4-422c-999d-a804eb68a4da r/w.
[   12.653417] systemd[1]: Finished Load Kernel Module fuse.
[[0;32m  OK  [0m] Finished [0;1;39mLoad Kernel Module fuse[0m.
[   12.671715] systemd[1]: Finished Read and set NIS domainname from /etc/sysconfig/network.
[[0;32m  OK  [0m] Finished [0;1;39mRead and set NIS …e from /etc/sysconfig/network[0m.
[   12.675599] systemd[1]: systemd-modules-load.service: Main process exited, code=exited, status=1/FAILURE
[   12.678428] systemd[1]: systemd-modules-load.service: Failed with result 'exit-code'.
[   12.681754] systemd[1]: Failed to start Load Kernel Modules.
[[0;1;31mFAILED[0m] Failed to start [0;1;39mLoad Kernel Modules[0m.
See 'systemctl status systemd-modules-load.service' for details.
[   12.692300] systemd[1]: Finished Generate network units from Kernel command line.
[[0;32m  OK  [0m] Finished [0;1;39mGenerate network units from Kernel command line[0m.
[   12.702918] systemd[1]: Finished Remount Root and Kernel File Systems.
[[0;32m  OK  [0m] Finished [0;1;39mRemount Root and Kernel File Systems[0m.
[   12.709217] systemd[1]: Reached target Preparation for Network.
[[0;32m  OK  [0m] Reached target [0;1;39mPreparation for Network[0m.
[   12.747228] systemd[1]: Mounting FUSE Control File System...
         Mounting [0;1;39mFUSE Control File System[0m...
[   12.795295] systemd[1]: Mounting Kernel Configuration File System...
         Mounting [0;1;39mKernel Configuration File System[0m...
[   12.799130] systemd[1]: Special handling of early boot iSCSI sessions was skipped because of an unmet condition check (ConditionDirectoryNotEmpty=/sys/class/iscsi_session).
[   12.801088] systemd[1]: First Boot Wizard was skipped because of an unmet condition check (ConditionFirstBoot=yes).
[   12.832742] systemd[1]: Rebuild Hardware Database was skipped because of an unmet condition check (ConditionNeedsUpdate=/etc).
[   12.876440] systemd[1]: Starting Load/Save Random Seed...
         Starting [0;1;39mLoad/Save Random Seed[0m...
[   12.916281] systemd[1]: Starting Apply Kernel Variables...
         Starting [0;1;39mApply Kernel Variables[0m...
[   12.923348] systemd[1]: Create System Users was skipped because no trigger condition checks were met.
[   12.968538] systemd[1]: Starting Create Static Device Nodes in /dev...
         Starting [0;1;39mCreate Static Device Nodes in /dev[0m...
[   13.018856] systemd[1]: Starting Setup Virtual Console...
         Starting [0;1;39mSetup Virtual Console[0m...
[   13.054899] systemd[1]: Started Journal Service.
[[0;32m  OK  [0m] Started [0;1;39mJournal Service[0m.
[[0;32m  OK  [0m] Mounted [0;1;39mFUSE Control File System[0m.
[[0;32m  OK  [0m] Mounted [0;1;39mKernel Configuration File System[0m.
[[0;32m  OK  [0m] Finished [0;1;39mLoad/Save Random Seed[0m.
         Starting [0;1;39mFlush Journal to Persistent Storage[0m...
[[0;32m  OK  [0m] Finished [0;1;39mApply Kernel Variables[0m.
[[0;32m  OK  [0m] Finished [0;1;39mCreate Static Device Nodes in /dev[0m.
[   13.239181] systemd-journald[146]: Received client request to flush runtime journal.
         Starting [0;1;39mRule-based Manage…for Device Events and Files[0m...
[[0;32m  OK  [0m] Finished [0;1;39mFlush Journal to Persistent Storage[0m.
[[0;32m  OK  [0m] Started [0;1;39mRule-based Manager for Device Events and Files[0m.
         Starting [0;1;39mAuto-connect to s…E devices found during boot[0m...
[[0;32m  OK  [0m] Finished [0;1;39mAuto-connect to s…VME devices found during boot[0m.
[[0;32m  OK  [0m] Finished [0;1;39mSetup Virtual Console[0m.
[[0;32m  OK  [0m] Finished [0;1;39mColdplug All udev Devices[0m.
         Starting [0;1;39mShow Plymouth Boot Screen[0m...
         Starting [0;1;39mWait for udev To …plete Device Initialization[0m...
[2J[3J[-1;-1f[[0;32m  OK  [0m] Started [0;1;39mShow Plymouth Boot Screen[0m.
[[0;32m  OK  [0m] Started [0;1;39mForward Password R…s to Plymouth Directory Watch[0m.
[[0;32m  OK  [0m] Reached target [0;1;39mLocal Encrypted Volumes[0m.
[[0;32m  OK  [0m] Reached target [0;1;39mPath Units[0m.
[[0;32m  OK  [0m] Found device [0;1;39m/dev/ttyS0[0m.
[[0m[0;31m*     [0m] A start job is running for Wait for…ice Initialization (5s / no limit)
M[K[[0;32m  OK  [0m] Listening on [0;1;39mLoad/Save RF …itch Status /dev/rfkill Watch[0m.
[K[[0;32m  OK  [0m] Finished [0;1;39mWait for udev To Complete Device Initialization[0m.
[[0;32m  OK  [0m] Reached target [0;1;39mPreparation for Local File Systems[0m.
[[0;32m  OK  [0m] Reached target [0;1;39mLocal File Systems[0m.
         Starting [0;1;39mTell Plymouth To Write Out Runtime Data[0m...
         Starting [0;1;39mAutomatic Boot Loader Update[0m...
         Starting [0;1;39mCreate Volatile Files and Directories[0m...
[[0;32m  OK  [0m] Finished [0;1;39mTell Plymouth To Write Out Runtime Data[0m.
[[0;32m  OK  [0m] Finished [0;1;39mAutomatic Boot Loader Update[0m.
[[0;32m  OK  [0m] Finished [0;1;39mCreate Volatile Files and Directories[0m.
         Mounting [0;1;39mRPC Pipe File System[0m...
         Starting [0;1;39mSecurity Auditing Service[0m...
         Starting [0;1;39mRPC Bind[0m...
[[0;32m  OK  [0m] Mounted [0;1;39mRPC Pipe File System[0m.
[[0;32m  OK  [0m] Reached target [0;1;39mrpc_pipefs.target[0m.
[[0;32m  OK  [0m] Started [0;1;39mRPC Bind[0m.
[[0;32m  OK  [0m] Started [0;1;39mSecurity Auditing Service[0m.
         Starting [0;1;39mRecord System Boot/Shutdown in UTMP[0m...
[[0;32m  OK  [0m] Finished [0;1;39mRecord System Boot/Shutdown in UTMP[0m.
[[0;32m  OK  [0m] Reached target [0;1;39mSystem Initialization[0m.
[[0;32m  OK  [0m] Started [0;1;39mDaily rotation of log files[0m.
[[0;32m  OK  [0m] Started [0;1;39mUpdates mlocate database every day[0m.
[[0;32m  OK  [0m] Started [0;1;39mDaily Cleanup of Temporary Directories[0m.
[[0;32m  OK  [0m] Started [0;1;39mdaily update of the root trust anchor for DNSSEC[0m.
[[0;32m  OK  [0m] Reached target [0;1;39mTimer Units[0m.
[[0;32m  OK  [0m] Listening on [0;1;39mD-Bus System Message Bus Socket[0m.
[[0;32m  OK  [0m] Listening on [0;1;39mOpen-iSCSI iscsid Socket[0m.
[[0;32m  OK  [0m] Listening on [0;1;39mOpen-iSCSI iscsiuio Socket[0m.
[[0;32m  OK  [0m] Listening on [0;1;39mSSSD Kerberos…ache Manager responder socket[0m.
[[0;32m  OK  [0m] Listening on [0;1;39mLibvirt interface local socket[0m.
[[0;32m  OK  [0m] Listening on [0;1;39mVirtual machine lock manager socket[0m.
[[0;32m  OK  [0m] Listening on [0;1;39mVirtual machine log manager socket[0m.
[[0;32m  OK  [0m] Listening on [0;1;39mLibvirt network local socket[0m.
[[0;32m  OK  [0m] Listening on [0;1;39mLibvirt nodedev local socket[0m.
[[0;32m  OK  [0m] Listening on [0;1;39mLibvirt nwfilter local socket[0m.
[[0;32m  OK  [0m] Listening on [0;1;39mLibvirt proxy local socket[0m.
[[0;32m  OK  [0m] Listening on [0;1;39mLibvirt qemu local socket[0m.
[[0;32m  OK  [0m] Listening on [0;1;39mLibvirt qemu admin socket[0m.
[[0;32m  OK  [0m] Listening on [0;1;39mLibvirt qemu local read-only socket[0m.
[[0;32m  OK  [0m] Listening on [0;1;39mLibvirt secret local socket[0m.
[[0;32m  OK  [0m] Listening on [0;1;39mLibvirt storage local socket[0m.
[[0;32m  OK  [0m] Reached target [0;1;39mSocket Units[0m.
         Starting [0;1;39mD-Bus System Message Bus[0m...
[[0;32m  OK  [0m] Started [0;1;39mD-Bus System Message Bus[0m.
[[0;32m  OK  [0m] Reached target [0;1;39mBasic System[0m.
         Starting [0;1;39mNetwork Manager[0m...
         Starting [0;1;39mNTP client/server[0m...
         Starting [0;1;39mRestore /run/initramfs on shutdown[0m...
[[0;32m  OK  [0m] Started [0;1;39mirqbalance daemon[0m.
[[0;32m  OK  [0m] Started [0;1;39mlibstoragemgmt plug-in server daemon[0m.
[[0;32m  OK  [0m] Started [0;1;39mMachine Check Exception Logging Daemon[0m.
[[0;32m  OK  [0m] Reached target [0;1;39msshd-keygen.target[0m.
[[0;32m  OK  [0m] Reached target [0;1;39mUser and Group Name Lookups[0m.
         Starting [0;1;39mUser Login Management[0m...
         Starting [0;1;39mVirtual Machine a…tainer Registration Service[0m...
[[0;32m  OK  [0m] Finished [0;1;39mRestore /run/initramfs on shutdown[0m.
[[0;32m  OK  [0m] Started [0;1;39mVirtual Machine an…ontainer Registration Service[0m.
         Starting [0;1;39mHostname Service[0m...
[[0;32m  OK  [0m] Started [0;1;39mNTP client/server[0m.
[[0;32m  OK  [0m] Started [0;1;39mUser Login Management[0m.
[[0;32m  OK  [0m] Started [0;1;39mHostname Service[0m.
         Starting [0;1;39mNetwork Manager Script Dispatcher Service[0m...
[[0;32m  OK  [0m] Started [0;1;39mNetwork Manager Script Dispatcher Service[0m.
[   20.350980] e1000: eth0 NIC Link is Up 1000 Mbps Full Duplex, Flow Control: RX
[[0;32m  OK  [0m] Started [0;1;39mNetwork Manager[0m.
[[0;32m  OK  [0m] Reached target [0;1;39mNetwork[0m.
[[0;32m  OK  [0m] Reached target [0;1;39mNetwork is Online[0m.
         Starting [0;1;39mGSSAPI Proxy Daemon[0m...
         Starting [0;1;39mNotify NFS peers of a restart[0m...
         Starting [0;1;39mSystem Logging Service[0m...
         Starting [0;1;39mOpenSSH server daemon[0m...
         Starting [0;1;39mDynamic System Tuning Daemon[0m...
[[0;32m  OK  [0m] Started [0;1;39mNotify NFS peers of a restart[0m.
[[0;32m  OK  [0m] Started [0;1;39mGSSAPI Proxy Daemon[0m.
[[0;32m  OK  [0m] Reached target [0;1;39mNFS client services[0m.
[[0;32m  OK  [0m] Reached target [0;1;39mPreparation for Remote File Systems[0m.
[[0;32m  OK  [0m] Reached target [0;1;39mRemote File Systems[0m.
         Starting [0;1;39mPermit User Sessions[0m...
         Starting [0;1;39mVirtualization qemu daemon[0m...
[[0;32m  OK  [0m] Started [0;1;39mOpenSSH server daemon[0m.
[[0;32m  OK  [0m] Finished [0;1;39mPermit User Sessions[0m.
[[0;32m  OK  [0m] Started [0;1;39mDeferred execution scheduler[0m.
[[0;32m  OK  [0m] Started [0;1;39mCommand Scheduler[0m.
         Starting [0;1;39mHold until boot process finishes up[0m...
         Starting [0;1;39mTerminate Plymouth Boot Screen[0m...
[[0;32m  OK  [0m] Started [0;1;39mSystem Logging Service[0m.
[[0;32m  OK  [0m] Started [0;1;39mVirtualization qemu daemon[0m.

CentOS Stream 9
Kernel 6.16.0-rc5-5799c0ed0aff+ on an x86_64

Activate the web console with: systemctl enable --now cockpit.socket

test login: [   35.028973] loop0: detected capacity change from 0 to 65536
[   35.363206] loop0: detected capacity change from 0 to 65536
[   35.694990] loop0: detected capacity change from 0 to 65536
[   36.032209] loop0: detected capacity change from 0 to 65536
[   36.347688] loop0: detected capacity change from 0 to 65536
[   36.694639] loop0: detected capacity change from 0 to 65536
[   36.998666] loop0: detected capacity change from 0 to 65536
[   37.360243] loop0: detected capacity change from 0 to 65536
[   37.727109] loop0: detected capacity change from 0 to 65536
[   38.070304] loop0: detected capacity change from 0 to 65536
[   38.408701] loop0: detected capacity change from 0 to 65536
[   38.750639] loop0: detected capacity change from 0 to 65536
[   39.092370] loop0: detected capacity change from 0 to 65536
[   39.408833] loop0: detected capacity change from 0 to 65536
[   39.781018] loop0: detected capacity change from 0 to 65536
[   40.124861] loop0: detected capacity change from 0 to 65536
[   40.440756] loop0: detected capacity change from 0 to 65536
[   40.795749] loop0: detected capacity change from 0 to 65536
[   41.130781] loop0: detected capacity change from 0 to 65536
[   41.471927] loop0: detected capacity change from 0 to 65536
[   41.777088] loop0: detected capacity change from 0 to 65536
[   42.131757] loop0: detected capacity change from 0 to 65536
[   42.475420] loop0: detected capacity change from 0 to 65536
[   42.815428] loop0: detected capacity change from 0 to 65536
[   43.177348] loop0: detected capacity change from 0 to 65536
[   43.241165] Oops: general protection fault, probably for non-canonical address 0xdffffc0000000003: 0000 [#1] SMP KASAN PTI
[   43.242625] KASAN: null-ptr-deref in range [0x0000000000000018-0x000000000000001f]
[   43.243581] CPU: 0 UID: 0 PID: 789 Comm: repro Not tainted 6.16.0-rc5-5799c0ed0aff+ #1 PREEMPT(voluntary) 
[   43.244776] Hardware name: QEMU Standard PC (i440FX + PIIX, 1996), BIOS rel-1.16.3-0-ga6ed6b701f0a-prebuilt.qemu.org 04/01/2014
[   43.246247] RIP: 0010:kasan_byte_accessible+0x15/0x30
[   43.246923] Code: cc 0f 1f 40 00 90 90 90 90 90 90 90 90 90 90 90 90 90 90 90 90 66 0f 1f 00 48 b8 00 00 00 00 00 fc ff df 48 c1 ef 03 48 01 c7 <0f> b6 07 3c 07 0f 96 c0 c3 cc cc cc cc 66 66 2e 0f 1f 84 00 00 00
[   43.249195] RSP: 0018:ffff88801ef4f458 EFLAGS: 00010286
[   43.249925] RAX: dffffc0000000000 RBX: 0000000000000001 RCX: 1ffffffff0ddb9fc
[   43.250805] RDX: 0000000000000000 RSI: ffffffff85d13618 RDI: dffffc0000000003
[   43.251691] RBP: ffff88801ef4f478 R08: 0000000000000001 R09: 0000000000000000
[   43.252577] R10: 0000000000000000 R11: ffff8880104c0e58 R12: 0000000000000018
[   43.253464] R13: 0000000000000018 R14: ffffffff85d13618 R15: 0000000000000000
[   43.254404] FS:  0000000000000000(0000) GS:ffff8880e3b64000(0000) knlGS:0000000000000000
[   43.255406] CS:  0010 DS: 0000 ES: 0000 CR0: 0000000080050033
[   43.256132] CR2: 00007fda43e50504 CR3: 0000000007086002 CR4: 0000000000770ef0
[   43.257025] PKRU: 55555554
[   43.257383] Call Trace:
[   43.257710]  <TASK>
[   43.258075]  ? __kasan_check_byte+0x19/0x50
[   43.258632]  lock_acquire+0xea/0x310
[   43.259132]  ? rcu_is_watching+0x19/0xc0
[   43.259658]  ? __sanitizer_cov_trace_const_cmp4+0x1a/0x20
[   43.260374]  ? __sanitizer_cov_trace_const_cmp8+0x1c/0x30
[   43.261103]  _raw_spin_lock+0x38/0x50
[   43.261609]  ? __pte_offset_map_lock+0x1a2/0x3c0
[   43.262303]  __pte_offset_map_lock+0x1a2/0x3c0
[   43.262916]  ? __pfx___pte_offset_map_lock+0x10/0x10
[   43.263575]  ? __pfx_pud_val+0x10/0x10
[   43.264089]  ? __sanitizer_cov_trace_const_cmp1+0x1e/0x30
[   43.264809]  unmap_page_range+0xb60/0x43e0
[   43.265400]  ? __pfx_unmap_page_range+0x10/0x10
[   43.266092]  ? mas_next_slot+0x133a/0x1a50
[   43.266659]  unmap_single_vma.constprop.0+0x15b/0x250
[   43.267336]  unmap_vmas+0x1fa/0x460
[   43.267820]  ? __pfx_unmap_vmas+0x10/0x10
[   43.268357]  ? __sanitizer_cov_trace_const_cmp4+0x1a/0x20
[   43.269110]  exit_mmap+0x1a2/0xb40
[   43.269592]  ? lock_release+0x14f/0x2c0
[   43.270194]  ? __pfx_exit_mmap+0x10/0x10
[   43.270747]  ? __pfx___mutex_unlock_slowpath+0x10/0x10
[   43.271440]  ? mutex_unlock+0x16/0x20
[   43.271944]  mmput+0x132/0x370
[   43.272374]  do_exit+0x7e7/0x28a0
[   43.272854]  ? __pfx_do_exit+0x10/0x10
[   43.273391]  do_group_exit+0xe4/0x2c0
[   43.273999]  get_signal+0x2179/0x2430
[   43.274508]  ? __lock_acquire+0x412/0x22a0
[   43.275085]  ? do_futex+0x14a/0x3a0
[   43.275573]  ? __pfx_get_signal+0x10/0x10
[   43.276123]  ? __pfx_do_futex+0x10/0x10
[   43.276659]  arch_do_signal_or_restart+0x8d/0x7d0
[   43.277304]  ? __pfx_arch_do_signal_or_restart+0x10/0x10
[   43.278095]  ? trace_hardirqs_on+0x51/0x60
[   43.278664]  ? __this_cpu_preempt_check+0x21/0x30
[   43.279318]  ? exit_to_user_mode_loop+0x69/0x110
[   43.279951]  exit_to_user_mode_loop+0xad/0x110
[   43.280562]  do_syscall_64+0x284/0x2e0
[   43.281089]  entry_SYSCALL_64_after_hwframe+0x76/0x7e
[   43.281762] RIP: 0033:0x7fda43c3ee5d
[   43.282314] Code: Unable to access opcode bytes at 0x7fda43c3ee33.
[   43.283111] RSP: 002b:00007fda43e41e08 EFLAGS: 00000246 ORIG_RAX: 00000000000000ca
[   43.284098] RAX: fffffffffffffe00 RBX: 00007fda43e42640 RCX: 00007fda43c3ee5d
[   43.285019] RDX: 0000000000000000 RSI: 0000000000000080 RDI: 00000000004121a8
[   43.285994] RBP: 00007fda43e41e20 R08: 0000000000000000 R09: 0000000000000000
[   43.286915] R10: 0000000000000000 R11: 0000000000000246 R12: 00007fda43e42640
[   43.287831] R13: 0000000000000006 R14: 00007fda43c9f560 R15: 0000000000000000
[   43.288774]  </TASK>
[   43.289086] Modules linked in:
[   43.289548] ---[ end trace 0000000000000000 ]---
[   43.290231] RIP: 0010:kasan_byte_accessible+0x15/0x30
[   43.291051] Code: cc 0f 1f 40 00 90 90 90 90 90 90 90 90 90 90 90 90 90 90 90 90 66 0f 1f 00 48 b8 00 00 00 00 00 fc ff df 48 c1 ef 03 48 01 c7 <0f> b6 07 3c 07 0f 96 c0 c3 cc cc cc cc 66 66 2e 0f 1f 84 00 00 00
[   43.293371] RSP: 0018:ffff88801ef4f458 EFLAGS: 00010286
[   43.294112] RAX: dffffc0000000000 RBX: 0000000000000001 RCX: 1ffffffff0ddb9fc
[   43.295129] RDX: 0000000000000000 RSI: ffffffff85d13618 RDI: dffffc0000000003
[   43.296048] RBP: ffff88801ef4f478 R08: 0000000000000001 R09: 0000000000000000
[   43.296961] R10: 0000000000000000 R11: ffff8880104c0e58 R12: 0000000000000018
[   43.297942] R13: 0000000000000018 R14: ffffffff85d13618 R15: 0000000000000000
[   43.298949] FS:  0000000000000000(0000) GS:ffff8880e3b64000(0000) knlGS:0000000000000000
[   43.299980] CS:  0010 DS: 0000 ES: 0000 CR0: 0000000080050033
[   43.300724] CR2: 00007fda43e50504 CR3: 0000000007086002 CR4: 0000000000770ef0
[   43.301640] PKRU: 55555554
[   43.302086] note: repro[789] exited with preempt_count 1
[   43.302867] Fixing recursive fault but reboot is needed!
[   43.303553] BUG: using smp_processor_id() in preemptible [00000000] code: repro/789
[   43.304530] caller is debug_smp_processor_id+0x20/0x30
[   43.305230] CPU: 0 UID: 0 PID: 789 Comm: repro Tainted: G      D             6.16.0-rc5-5799c0ed0aff+ #1 PREEMPT(voluntary) 
[   43.305261] Tainted: [D]=DIE
[   43.305268] Hardware name: QEMU Standard PC (i440FX + PIIX, 1996), BIOS rel-1.16.3-0-ga6ed6b701f0a-prebuilt.qemu.org 04/01/2014
[   43.305282] Call Trace:
[   43.305288]  <TASK>
[   43.305295]  dump_stack_lvl+0x121/0x150
[   43.305330]  dump_stack+0x19/0x20
[   43.305359]  check_preemption_disabled+0x168/0x180
[   43.305397]  ? do_task_dead+0xe6/0x120
[   43.305423]  ? do_task_dead+0x48/0x120
[   43.305451]  debug_smp_processor_id+0x20/0x30
[   43.305488]  __schedule+0xd4/0x3840
[   43.305529]  ? __pfx___schedule+0x10/0x10
[   43.305564]  ? do_task_dead+0xae/0x120
[   43.305591]  ? do_task_dead+0x48/0x120
[   43.305618]  ? debug_smp_processor_id+0x20/0x30
[   43.305655]  ? rcu_is_watching+0x19/0xc0
[   43.305679]  ? trace_irq_enable+0xd1/0x110
[   43.305713]  ? do_task_dead+0x48/0x120
[   43.305740]  do_task_dead+0xe6/0x120
[   43.305769]  make_task_dead+0x384/0x3c0
[   43.305805]  rewind_stack_and_make_dead+0x16/0x20
[   43.305827] RIP: 0033:0x7fda43c3ee5d
[   43.305842] Code: Unable to access opcode bytes at 0x7fda43c3ee33.
[   43.305852] RSP: 002b:00007fda43e41e08 EFLAGS: 00000246 ORIG_RAX: 00000000000000ca
[   43.305877] RAX: fffffffffffffe00 RBX: 00007fda43e42640 RCX: 00007fda43c3ee5d
[   43.305891] RDX: 0000000000000000 RSI: 0000000000000080 RDI: 00000000004121a8
[   43.305905] RBP: 00007fda43e41e20 R08: 0000000000000000 R09: 0000000000000000
[   43.305918] R10: 0000000000000000 R11: 0000000000000246 R12: 00007fda43e42640
[   43.305932] R13: 0000000000000006 R14: 00007fda43c9f560 R15: 0000000000000000
[   43.305962]  </TASK>
[   43.305969] BUG: scheduling while atomic: repro/789/0x00000000
[   43.326631] INFO: lockdep is turned off.
[   43.327174] Modules linked in:
[   43.327594] Preemption disabled at:
[   43.327602] [<ffffffff81551d46>] do_task_dead+0x26/0x120
[   43.328776] CPU: 0 UID: 0 PID: 789 Comm: repro Tainted: G      D             6.16.0-rc5-5799c0ed0aff+ #1 PREEMPT(voluntary) 
[   43.328808] Tainted: [D]=DIE
[   43.328815] Hardware name: QEMU Standard PC (i440FX + PIIX, 1996), BIOS rel-1.16.3-0-ga6ed6b701f0a-prebuilt.qemu.org 04/01/2014
[   43.328830] Call Trace:
[   43.328835]  <TASK>
[   43.328843]  dump_stack_lvl+0x121/0x150
[   43.328881]  ? do_task_dead+0x26/0x120
[   43.328908]  dump_stack+0x19/0x20
[   43.328938]  __schedule_bug+0x12d/0x180
[   43.328977]  __schedule+0x2628/0x3840
[   43.329019]  ? __pfx___schedule+0x10/0x10
[   43.329054]  ? do_task_dead+0xae/0x120
[   43.329081]  ? do_task_dead+0x48/0x120
[   43.329109]  ? debug_smp_processor_id+0x20/0x30
[   43.329146]  ? rcu_is_watching+0x19/0xc0
[   43.329169]  ? trace_irq_enable+0xd1/0x110
[   43.329202]  ? do_task_dead+0x48/0x120
[   43.329230]  do_task_dead+0xe6/0x120
[   43.329259]  make_task_dead+0x384/0x3c0
[   43.329294]  rewind_stack_and_make_dead+0x16/0x20
[   43.329316] RIP: 0033:0x7fda43c3ee5d
[   43.329331] Code: Unable to access opcode bytes at 0x7fda43c3ee33.
[   43.329341] RSP: 002b:00007fda43e41e08 EFLAGS: 00000246 ORIG_RAX: 00000000000000ca
[   43.329360] RAX: fffffffffffffe00 RBX: 00007fda43e42640 RCX: 00007fda43c3ee5d
[   43.329375] RDX: 0000000000000000 RSI: 0000000000000080 RDI: 00000000004121a8
[   43.329389] RBP: 00007fda43e41e20 R08: 0000000000000000 R09: 0000000000000000
[   43.329402] R10: 0000000000000000 R11: 0000000000000246 R12: 00007fda43e42640
[   43.329416] R13: 0000000000000006 R14: 00007fda43c9f560 R15: 0000000000000000
[   43.329445]  </TASK>
[   43.329459] ------------[ cut here ]------------
[   43.349002] Voluntary context switch within RCU read-side critical section!
[   43.349118] WARNING: CPU: 0 PID: 789 at kernel/rcu/tree_plugin.h:332 rcu_note_context_switch+0xc6f/0x1900
[   43.351295] Modules linked in:
[   43.351720] CPU: 0 UID: 0 PID: 789 Comm: repro Tainted: G      D W           6.16.0-rc5-5799c0ed0aff+ #1 PREEMPT(voluntary) 
[   43.353148] Tainted: [D]=DIE, [W]=WARN
[   43.353645] Hardware name: QEMU Standard PC (i440FX + PIIX, 1996), BIOS rel-1.16.3-0-ga6ed6b701f0a-prebuilt.qemu.org 04/01/2014
[   43.355141] RIP: 0010:rcu_note_context_switch+0xc6f/0x1900
[   43.355874] Code: 8b 45 a0 4c 8b 55 a8 48 c7 c2 64 03 ef 87 44 8b 4d b0 e9 0f 03 00 00 48 c7 c7 00 4b ed 85 c6 05 30 10 79 06 01 e8 71 aa d8 ff <0f> 0b e9 96 f4 ff ff 65 48 8b 3d 8a f8 7e 07 e8 cd 6e fd ff e9 00
[   43.358282] RSP: 0018:ffff88801ef4fd28 EFLAGS: 00010096
[   43.358975] RAX: 0000000000000000 RBX: ffff88806ca45040 RCX: ffffffff8145f362
[   43.359898] RDX: ffff8880104c0000 RSI: ffffffff8145f36f RDI: 0000000000000001
[   43.360816] RBP: ffff88801ef4fd98 R08: 0000000000000001 R09: ffffed100d9459b9
[   43.361736] R10: 0000000000000000 R11: 216e6f6974636573 R12: ffff8880104c0000
[   43.362709] R13: 0000000000000000 R14: ffff8880104c0000 R15: ffff88801ef48000
[   43.363629] FS:  0000000000000000(0000) GS:ffff8880e3b64000(0000) knlGS:0000000000000000
[   43.364662] CS:  0010 DS: 0000 ES: 0000 CR0: 0000000080050033
[   43.365414] CR2: 00007fda43e50504 CR3: 0000000007086002 CR4: 0000000000770ef0
[   43.366415] PKRU: 55555554
[   43.366786] Call Trace:
[   43.367127]  <TASK>
[   43.367427]  ? debug_smp_processor_id+0x20/0x30
[   43.368056]  ? rcu_is_watching+0x19/0xc0
[   43.368591]  ? trace_irq_disable+0xd1/0x110
[   43.369171]  __schedule+0x257/0x3840
[   43.369683]  ? __pfx___schedule+0x10/0x10
[   43.370317]  ? do_task_dead+0xae/0x120
[   43.370835]  ? do_task_dead+0x48/0x120
[   43.371361]  ? debug_smp_processor_id+0x20/0x30
[   43.371990]  ? rcu_is_watching+0x19/0xc0
[   43.372524]  ? trace_irq_enable+0xd1/0x110
[   43.373094]  ? do_task_dead+0x48/0x120
[   43.373612]  do_task_dead+0xe6/0x120
[   43.374166]  make_task_dead+0x384/0x3c0
[   43.374703]  rewind_stack_and_make_dead+0x16/0x20
[   43.375337] RIP: 0033:0x7fda43c3ee5d
[   43.375822] Code: Unable to access opcode bytes at 0x7fda43c3ee33.
[   43.376622] RSP: 002b:00007fda43e41e08 EFLAGS: 00000246 ORIG_RAX: 00000000000000ca
[   43.377602] RAX: fffffffffffffe00 RBX: 00007fda43e42640 RCX: 00007fda43c3ee5d
[   43.378580] RDX: 0000000000000000 RSI: 0000000000000080 RDI: 00000000004121a8
[   43.379500] RBP: 00007fda43e41e20 R08: 0000000000000000 R09: 0000000000000000
[   43.380420] R10: 0000000000000000 R11: 0000000000000246 R12: 00007fda43e42640
[   43.381339] R13: 0000000000000006 R14: 00007fda43c9f560 R15: 0000000000000000
[   43.382327]  </TASK>
[   43.382634] irq event stamp: 68879
[   43.383093] hardirqs last  enabled at (68879): [<ffffffff812f016b>] cond_local_irq_enable.isra.0+0x3b/0x50
[   43.384333] hardirqs last disabled at (68878): [<ffffffff85ce13a6>] exc_general_protection+0x36/0x340
[   43.385517] softirqs last  enabled at (68476): [<ffffffff8147e92e>] __irq_exit_rcu+0x10e/0x170
[   43.386685] softirqs last disabled at (68363): [<ffffffff8147e92e>] __irq_exit_rcu+0x10e/0x170
[   43.387794] ---[ end trace 0000000000000000 ]---
[  148.294861] rcu: INFO: rcu_preempt detected stalls on CPUs/tasks:
[  148.297493] rcu: 	Tasks blocked on level-0 rcu_node (CPUs 0-1): P789/1:b..l
[  148.300229] rcu: 	(detected by 1, t=26253 jiffies, g=12077, q=2400 ncpus=2)
[  185.770898] rcu: INFO: rcu_preempt detected expedited stalls on CPUs/tasks: { P789 } 33891 jiffies s: 317 root: 0x0/T
[  185.775570] rcu: blocking rcu_node structures (internal RCU debug):
