c[?7l[2J[0mSeaBIOS (version rel-1.16.3-0-ga6ed6b701f0a-prebuilt.qemu.org)


iPXE (http://ipxe.org) 00:03.0 CA00 PCI2.10 PnP PMM+7EFD0C90+7EF30C90 CA00
Press Ctrl-B to configure iPXE (PCI 00:03.0)...                                                                               


Booting from ROM...
c[?7l[2J[    0.000000] Linux version 6.16.0-63eb28bb1402+ (root@localhost.localdomain) (gcc (GCC) 11.5.0 20240719 (Red Hat 11.5.0-2), GNU ld version 2.35.2-54.el9) #1 SMP PREEMPT_DYNAMIC Sun Aug  3 22:09:13 CST 2025
[    0.000000] Command line: console=ttyS0 root=/dev/sda earlyprintk=serial net.ifnames=0 thunderbolt.dyndbg
[    0.000000] KERNEL supported cpus:
[    0.000000]   Intel GenuineIntel
[    0.000000]   AMD AuthenticAMD
[    0.000000]   Hygon HygonGenuine
[    0.000000]   Centaur CentaurHauls
[    0.000000]   zhaoxin   Shanghai  
[    0.000000] BIOS-provided physical RAM map:
[    0.000000] BIOS-e820: [mem 0x0000000000000000-0x000000000009fbff] usable
[    0.000000] BIOS-e820: [mem 0x000000000009fc00-0x000000000009ffff] reserved
[    0.000000] BIOS-e820: [mem 0x00000000000f0000-0x00000000000fffff] reserved
[    0.000000] BIOS-e820: [mem 0x0000000000100000-0x000000007ffdffff] usable
[    0.000000] BIOS-e820: [mem 0x000000007ffe0000-0x000000007fffffff] reserved
[    0.000000] BIOS-e820: [mem 0x00000000feffc000-0x00000000feffffff] reserved
[    0.000000] BIOS-e820: [mem 0x00000000fffc0000-0x00000000ffffffff] reserved
[    0.000000] printk: legacy bootconsole [earlyser0] enabled
[    0.000000] NX (Execute Disable) protection: active
[    0.000000] APIC: Static calls initialized
[    0.000000] SMBIOS 2.8 present.
[    0.000000] DMI: QEMU Standard PC (i440FX + PIIX, 1996), BIOS rel-1.16.3-0-ga6ed6b701f0a-prebuilt.qemu.org 04/01/2014
[    0.000000] DMI: Memory slots populated: 1/1
[    0.000000] Hypervisor detected: KVM
[    0.000000] kvm-clock: Using msrs 4b564d01 and 4b564d00
[    0.000005] kvm-clock: using sched offset of 789323205 cycles
[    0.000831] clocksource: kvm-clock: mask: 0xffffffffffffffff max_cycles: 0x1cd42e4dffb, max_idle_ns: 881590591483 ns
[    0.003394] tsc: Detected 2095.076 MHz processor
[    0.013526] last_pfn = 0x7ffe0 max_arch_pfn = 0x400000000
[    0.014424] MTRR map: 4 entries (3 fixed + 1 variable; max 19), built from 8 variable MTRRs
[    0.015718] x86/PAT: Configuration [0-7]: WB  WC  UC- UC  WB  WP  UC- WT  
[    0.029717] found SMP MP-table at [mem 0x000f5480-0x000f548f]
[    0.030660] Using GB pages for direct mapping
[    0.034217] ACPI: Early table checksum verification disabled
[    0.035119] ACPI: RSDP 0x00000000000F52A0 000014 (v00 BOCHS )
[    0.036022] ACPI: RSDT 0x000000007FFE2390 000034 (v01 BOCHS  BXPC     00000001 BXPC 00000001)
[    0.037341] ACPI: FACP 0x000000007FFE223C 000074 (v01 BOCHS  BXPC     00000001 BXPC 00000001)
[    0.038661] ACPI: DSDT 0x000000007FFE0040 0021FC (v01 BOCHS  BXPC     00000001 BXPC 00000001)
[    0.039959] ACPI: FACS 0x000000007FFE0000 000040
[    0.040680] ACPI: APIC 0x000000007FFE22B0 000080 (v03 BOCHS  BXPC     00000001 BXPC 00000001)
[    0.041983] ACPI: HPET 0x000000007FFE2330 000038 (v01 BOCHS  BXPC     00000001 BXPC 00000001)
[    0.043282] ACPI: WAET 0x000000007FFE2368 000028 (v01 BOCHS  BXPC     00000001 BXPC 00000001)
[    0.044584] ACPI: Reserving FACP table memory at [mem 0x7ffe223c-0x7ffe22af]
[    0.045644] ACPI: Reserving DSDT table memory at [mem 0x7ffe0040-0x7ffe223b]
[    0.046724] ACPI: Reserving FACS table memory at [mem 0x7ffe0000-0x7ffe003f]
[    0.047826] ACPI: Reserving APIC table memory at [mem 0x7ffe22b0-0x7ffe232f]
[    0.048925] ACPI: Reserving HPET table memory at [mem 0x7ffe2330-0x7ffe2367]
[    0.050028] ACPI: Reserving WAET table memory at [mem 0x7ffe2368-0x7ffe238f]
[    0.052371] No NUMA configuration found
[    0.052965] Faking a node at [mem 0x0000000000000000-0x000000007ffdffff]
[    0.054078] NODE_DATA(0) allocated [mem 0x7ffb4e80-0x7ffdfc7f]
[    0.055775] Zone ranges:
[    0.056179]   DMA      [mem 0x0000000000001000-0x0000000000ffffff]
[    0.057147]   DMA32    [mem 0x0000000001000000-0x000000007ffdffff]
[    0.058102]   Normal   empty
[    0.058561]   Device   empty
[    0.059015] Movable zone start for each node
[    0.059696] Early memory node ranges
[    0.060252]   node   0: [mem 0x0000000000001000-0x000000000009efff]
[    0.061228]   node   0: [mem 0x0000000000100000-0x000000007ffdffff]
[    0.062207] Initmem setup node 0 [mem 0x0000000000001000-0x000000007ffdffff]
[    0.063697] On node 0, zone DMA: 1 pages in unavailable ranges
[    0.064930] On node 0, zone DMA: 97 pages in unavailable ranges
[    0.102801] On node 0, zone DMA32: 32 pages in unavailable ranges
[    0.173957] kasan: KernelAddressSanitizer initialized
[    0.175202] ACPI: PM-Timer IO Port: 0x608
[    0.175869] ACPI: LAPIC_NMI (acpi_id[0xff] dfl dfl lint[0x1])
[    0.176842] IOAPIC[0]: apic_id 0, version 17, address 0xfec00000, GSI 0-23
[    0.177927] ACPI: INT_SRC_OVR (bus 0 bus_irq 0 global_irq 2 dfl dfl)
[    0.178908] ACPI: INT_SRC_OVR (bus 0 bus_irq 5 global_irq 5 high level)
[    0.179927] ACPI: INT_SRC_OVR (bus 0 bus_irq 9 global_irq 9 high level)
[    0.180948] ACPI: INT_SRC_OVR (bus 0 bus_irq 10 global_irq 10 high level)
[    0.181993] ACPI: INT_SRC_OVR (bus 0 bus_irq 11 global_irq 11 high level)
[    0.183055] ACPI: Using ACPI (MADT) for SMP configuration information
[    0.184045] ACPI: HPET id: 0x8086a201 base: 0xfed00000
[    0.184845] TSC deadline timer available
[    0.185460] CPU topo: Max. logical packages:   1
[    0.186166] CPU topo: Max. logical dies:       1
[    0.186883] CPU topo: Max. dies per package:   1
[    0.187613] CPU topo: Max. threads per core:   1
[    0.188331] CPU topo: Num. cores per package:     2
[    0.189095] CPU topo: Num. threads per package:   2
[    0.189856] CPU topo: Allowing 2 present CPUs plus 0 hotplug CPUs
[    0.190872] kvm-guest: APIC: eoi() replaced with kvm_guest_apic_eoi_write()
[    0.191989] kvm-guest: KVM setup pv remote TLB flush
[    0.192771] kvm-guest: setup PV sched yield
[    0.193493] PM: hibernation: Registered nosave memory: [mem 0x00000000-0x00000fff]
[    0.194683] PM: hibernation: Registered nosave memory: [mem 0x0009f000-0x000fffff]
[    0.195870] [mem 0x80000000-0xfeffbfff] available for PCI devices
[    0.196826] Booting paravirtualized kernel on KVM
[    0.197564] clocksource: refined-jiffies: mask: 0xffffffff max_cycles: 0xffffffff, max_idle_ns: 7645519600211568 ns
[    0.199192] setup_percpu: NR_CPUS:8192 nr_cpumask_bits:2 nr_cpu_ids:2 nr_node_ids:1
[    0.200964] percpu: Embedded 80 pages/cpu s290816 r8192 d28672 u1048576
[    0.202211] kvm-guest: PV spinlocks enabled
[    0.202878] PV qspinlock hash table entries: 256 (order: 0, 4096 bytes, linear)
[    0.204026] Kernel command line: net.ifnames=0 console=ttyS0 root=/dev/sda earlyprintk=serial net.ifnames=0 thunderbolt.dyndbg
[    0.206148] random: crng init done
[    0.206683] printk: log buffer data + meta data: 262144 + 917504 = 1179648 bytes
[    0.208323] Dentry cache hash table entries: 262144 (order: 9, 2097152 bytes, linear)
[    0.209671] Inode-cache hash table entries: 131072 (order: 8, 1048576 bytes, linear)
[    0.211249] Fallback order for Node 0: 0 
[    0.211273] Built 1 zonelists, mobility grouping on.  Total pages: 524158
[    0.212904] Policy zone: DMA32
[    0.213374] mem auto-init: stack:off, heap alloc:off, heap free:off
[    0.214323] stackdepot: allocating hash table via alloc_large_system_hash
[    0.215419] stackdepot hash table entries: 1048576 (order: 12, 16777216 bytes, linear)
[    0.261356] SLUB: HWalign=64, Order=0-3, MinObjects=0, CPUs=2, Nodes=1
[    0.262647] kmemleak: Kernel memory leak detector disabled
[    0.263611] Kernel/User page tables isolation: enabled
[    0.323424] ftrace: allocating 74186 entries in 292 pages
[    0.324288] ftrace: allocated 292 pages with 3 groups
[    0.330209] Dynamic Preempt: voluntary
[    0.331296] Running RCU self tests
[    0.331819] Running RCU synchronous self tests
[    0.332494] rcu: Preemptible hierarchical RCU implementation.
[    0.333358] rcu: 	RCU lockdep checking is enabled.
[    0.334073] rcu: 	RCU restricting CPUs from NR_CPUS=8192 to nr_cpu_ids=2.
[    0.335103] 	Trampoline variant of Tasks RCU enabled.
[    0.335869] 	Rude variant of Tasks RCU enabled.
[    0.336557] 	Tracing variant of Tasks RCU enabled.
[    0.337280] rcu: RCU calculated value of scheduler-enlistment delay is 25 jiffies.
[    0.338424] rcu: Adjusting geometry for rcu_fanout_leaf=16, nr_cpu_ids=2
[    0.339492] Running RCU synchronous self tests
[    0.340167] RCU Tasks: Setting shift to 1 and lim to 1 rcu_task_cb_adjust=1 rcu_task_cpu_ids=2.
[    0.341492] RCU Tasks Rude: Setting shift to 1 and lim to 1 rcu_task_cb_adjust=1 rcu_task_cpu_ids=2.
[    0.342878] RCU Tasks Trace: Setting shift to 1 and lim to 1 rcu_task_cb_adjust=1 rcu_task_cpu_ids=2.
[    0.428286] NR_IRQS: 524544, nr_irqs: 440, preallocated irqs: 16
[    0.429862] rcu: srcu_init: Setting srcu_struct sizes based on contention.
[    0.443127] Console: colour VGA+ 80x25
[    0.443815] printk: legacy console [ttyS0] enabled
[    0.443815] printk: legacy console [ttyS0] enabled
[    0.445263] printk: legacy bootconsole [earlyser0] disabled
[    0.445263] printk: legacy bootconsole [earlyser0] disabled
[    0.446950] Lock dependency validator: Copyright (c) 2006 Red Hat, Inc., Ingo Molnar
[    0.448117] ... MAX_LOCKDEP_SUBCLASSES:  8
[    0.448749] ... MAX_LOCK_DEPTH:          48
[    0.449393] ... MAX_LOCKDEP_KEYS:        8192
[    0.450059] ... CLASSHASH_SIZE:          4096
[    0.450729] ... MAX_LOCKDEP_ENTRIES:     32768
[    0.451411] ... MAX_LOCKDEP_CHAINS:      65536
[    0.452089] ... CHAINHASH_SIZE:          32768
[    0.452773]  memory used by lock dependency info: 6429 kB
[    0.453595]  memory used for stack traces: 4224 kB
[    0.454323]  per task-struct memory footprint: 1920 bytes
[    0.455265] ACPI: Core revision 20250404
[    0.456467] clocksource: hpet: mask: 0xffffffff max_cycles: 0xffffffff, max_idle_ns: 19112604467 ns
[    0.458244] APIC: Switch to symmetric I/O mode setup
[    0.459285] x2apic enabled
[    0.460276] APIC: Switched APIC routing to: physical x2apic
[    0.461162] kvm-guest: APIC: send_IPI_mask() replaced with kvm_send_ipi_mask()
[    0.462415] kvm-guest: APIC: send_IPI_mask_allbutself() replaced with kvm_send_ipi_mask_allbutself()
[    0.463847] kvm-guest: setup PV IPIs
[    0.465984] ..TIMER: vector=0x30 apic1=0 pin1=2 apic2=-1 pin2=-1
[    0.467037] clocksource: tsc-early: mask: 0xffffffffffffffff max_cycles: 0x1e33052aadd, max_idle_ns: 440795310221 ns
[    0.468694] Calibrating delay loop (skipped) preset value.. 4190.15 BogoMIPS (lpj=8380304)
[    0.470150] x86/cpu: User Mode Instruction Prevention (UMIP) activated
[    0.472831] Last level iTLB entries: 4KB 0, 2MB 0, 4MB 0
[    0.473671] Last level dTLB entries: 4KB 0, 2MB 0, 4MB 0, 1GB 0
[    0.474629] mitigations: Enabled attack vectors: user_kernel, user_user, guest_host, guest_guest, SMT mitigations: auto
[    0.476708] Speculative Store Bypass: Mitigation: Speculative Store Bypass disabled via prctl
[    0.478075] Spectre V2 : Mitigation: IBRS
[    0.478721] RETBleed: Mitigation: IBRS
[    0.479320] ITS: Mitigation: Aligned branch/return thunks
[    0.480685] MDS: Mitigation: Clear CPU buffers
[    0.481391] TAA: Mitigation: Clear CPU buffers
[    0.482104] MMIO Stale Data: Mitigation: Clear CPU buffers
[    0.482972] Spectre V1 : Mitigation: usercopy/swapgs barriers and __user pointer sanitization
[    0.484309] Spectre V2 : Spectre v2 / SpectreRSB: Filling RSB on context switch and VMEXIT
[    0.484697] Spectre V2 : mitigation: Enabling conditional Indirect Branch Prediction Barrier
[    0.486084] active return thunk: its_return_thunk
[    0.486860] Spectre V2 : Spectre BHI mitigation: SW BHB clearing on syscall and VM exit
[    0.488742] x86/fpu: Supporting XSAVE feature 0x001: 'x87 floating point registers'
[    0.489972] x86/fpu: Supporting XSAVE feature 0x002: 'SSE registers'
[    0.490990] x86/fpu: Supporting XSAVE feature 0x004: 'AVX registers'
[    0.492688] x86/fpu: Supporting XSAVE feature 0x008: 'MPX bounds registers'
[    0.493800] x86/fpu: Supporting XSAVE feature 0x010: 'MPX CSR'
[    0.494736] x86/fpu: Supporting XSAVE feature 0x020: 'AVX-512 opmask'
[    0.495765] x86/fpu: Supporting XSAVE feature 0x040: 'AVX-512 Hi256'
[    0.496688] x86/fpu: Supporting XSAVE feature 0x080: 'AVX-512 ZMM_Hi256'
[    0.497755] x86/fpu: Supporting XSAVE feature 0x200: 'Protection Keys User registers'
[    0.498990] x86/fpu: xstate_offset[2]:  576, xstate_sizes[2]:  256
[    0.499976] x86/fpu: xstate_offset[3]:  832, xstate_sizes[3]:   64
[    0.500688] x86/fpu: xstate_offset[4]:  896, xstate_sizes[4]:   64
[    0.501681] x86/fpu: xstate_offset[5]:  960, xstate_sizes[5]:   64
[    0.502671] x86/fpu: xstate_offset[6]: 1024, xstate_sizes[6]:  512
[    0.503657] x86/fpu: xstate_offset[7]: 1536, xstate_sizes[7]: 1024
[    0.504688] x86/fpu: xstate_offset[9]: 2560, xstate_sizes[9]:    8
[    0.505679] x86/fpu: Enabled xstate features 0x2ff, context size is 2568 bytes, using 'compacted' format.
[    0.873778] Freeing SMP alternatives memory: 60K
[    0.874587] pid_max: default: 32768 minimum: 301
[    0.875747] LSM: initializing lsm=capability,yama,ima,evm
[    0.876828] Yama: becoming mindful.
[    0.878219] Mount-cache hash table entries: 4096 (order: 3, 32768 bytes, linear)
[    0.879382] Mountpoint-cache hash table entries: 4096 (order: 3, 32768 bytes, linear)
[    0.883627] Running RCU synchronous self tests
[    0.884345] Running RCU synchronous self tests
[    0.885177] smpboot: CPU0: Genuine Intel(R) CPU 0000%@ (family: 0x6, model: 0x55, stepping: 0x4)
[    0.888058] Performance Events: Skylake events, 32-deep LBR, full-width counters, Intel PMU driver.
[    0.888707] ... version:                2
[    0.889343] ... bit width:              48
[    0.889986] ... generic registers:      4
[    0.890621] ... value mask:             0000ffffffffffff
[    0.891509] ... max period:             00007fffffffffff
[    0.892345] ... fixed-purpose events:   3
[    0.892691] ... event mask:             000000070000000f
[    0.894992] signal: max sigframe size: 3632
[    0.895955] rcu: Hierarchical SRCU implementation.
[    0.896695] rcu: 	Max phase no-delay instances is 1000.
[    0.897920] Timer migration: 1 hierarchy levels; 8 children per group; 1 crossnode level
[    0.934872] smp: Bringing up secondary CPUs ...
[    0.937107] smpboot: x86: Booting SMP configuration:
[    0.937920] .... node  #0, CPUs:      #1
[    0.940821] smp: Brought up 1 node, 2 CPUs
[    0.942095] smpboot: Total of 2 processors activated (8380.30 BogoMIPS)
[    0.943503] Memory: 1598512K/2096632K available (79276K kernel code, 15343K rwdata, 18384K rodata, 16116K init, 21476K bss, 486476K reserved, 0K cma-reserved)
[    0.945804] devtmpfs: initialized
[    0.952975] x86/mm: Memory block size: 128MB
[    0.989217] Running RCU synchronous self tests
[    0.991456] Running RCU synchronous self tests
[    0.992881] Running RCU Tasks wait API self tests
[    0.993746] Running RCU Tasks Rude wait API self tests
[    0.993807] Running RCU Tasks Trace wait API self tests
[    1.016818] clocksource: jiffies: mask: 0xffffffff max_cycles: 0xffffffff, max_idle_ns: 7645041785100000 ns
[    1.020923] posixtimers hash table entries: 1024 (order: 4, 73728 bytes, linear)
[    1.025013] futex hash table entries: 512 (65536 bytes on 1 NUMA nodes, total 64 KiB, linear).
[    1.030226] pinctrl core: initialized pinctrl subsystem
[    1.037070] 
[    1.037540] *************************************************************
[    1.039437] **     NOTICE NOTICE NOTICE NOTICE NOTICE NOTICE NOTICE    **
[    1.040696] **                                                         **
[    1.042605] **  IOMMU DebugFS SUPPORT HAS BEEN ENABLED IN THIS KERNEL  **
[    1.044797] Callback from call_rcu_tasks_trace() invoked.
[    1.044416] **                                                         **
[    1.044428] ** This means that this kernel is built to expose internal **
[    1.044437] ** IOMMU data structures, which may compromise security on **
[    1.052692] ** your system.                                            **
[    1.054128] **                                                         **
[    1.055584] ** If you see this message and you are not debugging the   **
[    1.056691] ** kernel, report this immediately to your vendor!         **
[    1.058144] **                                                         **
[    1.059598] **     NOTICE NOTICE NOTICE NOTICE NOTICE NOTICE NOTICE    **
[    1.060691] *************************************************************
[    1.062270] PM: RTC time: 14:11:53, date: 2025-08-03
[    1.069049] NET: Registered PF_NETLINK/PF_ROUTE protocol family
[    1.073866] DMA: preallocated 256 KiB GFP_KERNEL pool for atomic allocations
[    1.075407] DMA: preallocated 256 KiB GFP_KERNEL|GFP_DMA pool for atomic allocations
[    1.076724] DMA: preallocated 256 KiB GFP_KERNEL|GFP_DMA32 pool for atomic allocations
[    1.078619] audit: initializing netlink subsys (disabled)
[    1.081045] audit: type=2000 audit(1754230314.715:1): state=initialized audit_enabled=0 res=1
[    1.091147] thermal_sys: Registered thermal governor 'fair_share'
[    1.091200] thermal_sys: Registered thermal governor 'bang_bang'
[    1.092725] thermal_sys: Registered thermal governor 'step_wise'
[    1.095969] thermal_sys: Registered thermal governor 'user_space'
[    1.097024] cpuidle: using governor ladder
[    1.100709] cpuidle: using governor menu
[    1.103348] acpiphp: ACPI Hot Plug PCI Controller Driver version: 0.5
[    1.106889] PCI: Using configuration type 1 for base access
[    1.109359] kprobes: kprobe jump-optimization is enabled. All kprobes are optimized if possible.
[    1.265680] Callback from call_rcu_tasks() invoked.
[    1.595951] HugeTLB: allocation took 0ms with hugepage_allocation_threads=1
[    1.596712] HugeTLB: registered 1.00 GiB page size, pre-allocated 0 pages
[    1.597803] HugeTLB: 16380 KiB vmemmap can be freed for a 1.00 GiB page
[    1.598878] HugeTLB: registered 2.00 MiB page size, pre-allocated 0 pages
[    1.599939] HugeTLB: 28 KiB vmemmap can be freed for a 2.00 MiB page
[    1.613300] ACPI: Added _OSI(Module Device)
[    1.614049] ACPI: Added _OSI(Processor Device)
[    1.614755] ACPI: Added _OSI(Processor Aggregator Device)
[    1.655959] ACPI: 1 ACPI AML tables successfully acquired and loaded
[    1.669856] ACPI: Interpreter enabled
[    1.670712] ACPI: PM: (supports S0 S3 S4 S5)
[    1.671396] ACPI: Using IOAPIC for interrupt routing
[    1.672379] PCI: Using host bridge windows from ACPI; if necessary, use "pci=nocrs" and report a bug
[    1.672696] PCI: Using E820 reservations for host bridge windows
[    1.676263] ACPI: Enabled 2 GPEs in block 00 to 0F
[    1.761089] ACPI: PCI Root Bridge [PCI0] (domain 0000 [bus 00-ff])
[    1.762267] acpi PNP0A03:00: _OSC: OS supports [ASPM ClockPM Segments MSI EDR HPX-Type3]
[    1.763615] acpi PNP0A03:00: _OSC: not requesting OS control; OS requires [ExtendedConfig ASPM ClockPM MSI]
[    1.764996] acpi PNP0A03:00: fail to add MMCONFIG information, can't access extended configuration space under this bridge
[    1.777745] acpiphp: Slot [3] registered
[    1.778779] acpiphp: Slot [4] registered
[    1.779710] acpiphp: Slot [5] registered
[    1.780637] acpiphp: Slot [6] registered
[    1.781004] acpiphp: Slot [7] registered
[    1.781931] acpiphp: Slot [8] registered
[    1.782853] acpiphp: Slot [9] registered
[    1.783772] acpiphp: Slot [10] registered
[    1.784707] acpiphp: Slot [11] registered
[    1.785641] acpiphp: Slot [12] registered
[    1.786655] acpiphp: Slot [13] registered
[    1.787592] acpiphp: Slot [14] registered
[    1.788533] acpiphp: Slot [15] registered
[    1.788990] acpiphp: Slot [16] registered
[    1.789986] acpiphp: Slot [17] registered
[    1.790923] acpiphp: Slot [18] registered
[    1.791853] acpiphp: Slot [19] registered
[    1.792829] acpiphp: Slot [20] registered
[    1.793839] acpiphp: Slot [21] registered
[    1.794775] acpiphp: Slot [22] registered
[    1.795707] acpiphp: Slot [23] registered
[    1.796639] acpiphp: Slot [24] registered
[    1.796991] acpiphp: Slot [25] registered
[    1.797942] acpiphp: Slot [26] registered
[    1.798877] acpiphp: Slot [27] registered
[    1.799841] acpiphp: Slot [28] registered
[    1.800917] acpiphp: Slot [29] registered
[    1.801857] acpiphp: Slot [30] registered
[    1.802795] acpiphp: Slot [31] registered
[    1.803546] PCI host bridge to bus 0000:00
[    1.804303] pci_bus 0000:00: root bus resource [io  0x0000-0x0cf7 window]
[    1.804698] pci_bus 0000:00: root bus resource [io  0x0d00-0xffff window]
[    1.805828] pci_bus 0000:00: root bus resource [mem 0x000a0000-0x000bffff window]
[    1.807132] pci_bus 0000:00: root bus resource [mem 0x80000000-0xfebfffff window]
[    1.808369] pci_bus 0000:00: root bus resource [mem 0x100000000-0x17fffffff window]
[    1.808699] pci_bus 0000:00: root bus resource [bus 00-ff]
[    1.809779] pci 0000:00:00.0: [8086:1237] type 00 class 0x060000 conventional PCI endpoint
[    1.814239] pci 0000:00:01.0: [8086:7000] type 00 class 0x060100 conventional PCI endpoint
[    1.818444] pci 0000:00:01.1: [8086:7010] type 00 class 0x010180 conventional PCI endpoint
[    1.820605] pci 0000:00:01.1: BAR 4 [io  0xc040-0xc04f]
[    1.820741] pci 0000:00:01.1: BAR 0 [io  0x01f0-0x01f7]: legacy IDE quirk
[    1.821815] pci 0000:00:01.1: BAR 1 [io  0x03f6]: legacy IDE quirk
[    1.822850] pci 0000:00:01.1: BAR 2 [io  0x0170-0x0177]: legacy IDE quirk
[    1.823913] pci 0000:00:01.1: BAR 3 [io  0x0376]: legacy IDE quirk
[    1.827023] pci 0000:00:01.3: [8086:7113] type 00 class 0x068000 conventional PCI endpoint
[    1.828803] pci 0000:00:01.3: quirk: [io  0x0600-0x063f] claimed by PIIX4 ACPI
[    1.829994] pci 0000:00:01.3: quirk: [io  0x0700-0x070f] claimed by PIIX4 SMB
[    1.833434] pci 0000:00:02.0: [1234:1111] type 00 class 0x030000 conventional PCI endpoint
[    1.837540] pci 0000:00:02.0: BAR 0 [mem 0xfd000000-0xfdffffff pref]
[    1.838715] pci 0000:00:02.0: BAR 2 [mem 0xfebf0000-0xfebf0fff]
[    1.839707] pci 0000:00:02.0: ROM [mem 0xfebe0000-0xfebeffff pref]
[    1.841007] pci 0000:00:02.0: Video device with shadowed ROM at [mem 0x000c0000-0x000dffff]
[    1.845094] pci 0000:00:03.0: [8086:100e] type 00 class 0x020000 conventional PCI endpoint
[    1.847989] pci 0000:00:03.0: BAR 0 [mem 0xfebc0000-0xfebdffff]
[    1.848707] pci 0000:00:03.0: BAR 1 [io  0xc000-0xc03f]
[    1.850078] pci 0000:00:03.0: ROM [mem 0xfeb80000-0xfebbffff pref]
[    1.894222] ACPI: PCI: Interrupt link LNKA configured for IRQ 10
[    1.897216] ACPI: PCI: Interrupt link LNKB configured for IRQ 10
[    1.900136] ACPI: PCI: Interrupt link LNKC configured for IRQ 11
[    1.902626] ACPI: PCI: Interrupt link LNKD configured for IRQ 11
[    1.904589] ACPI: PCI: Interrupt link LNKS configured for IRQ 9
[    1.912543] iommu: Default domain type: Translated
[    1.912695] iommu: DMA domain TLB invalidation policy: lazy mode
[    1.920648] SCSI subsystem initialized
[    1.921606] ACPI: bus type USB registered
[    1.922688] usbcore: registered new interface driver usbfs
[    1.923757] usbcore: registered new interface driver hub
[    1.924759] usbcore: registered new device driver usb
[    1.926264] pps_core: LinuxPPS API ver. 1 registered
[    1.927189] pps_core: Software ver. 5.3.6 - Copyright 2005-2007 Rodolfo Giometti <giometti@linux.it>
[    1.928758] PTP clock support registered
[    1.929994] EDAC MC: Ver: 3.0.0
[    1.937012] NetLabel: Initializing
[    1.937575] NetLabel:  domain hash size = 128
[    1.938262] NetLabel:  protocols = UNLABELED CIPSOv4 CALIPSO
[    1.939446] NetLabel:  unlabeled traffic allowed by default
[    1.941313] PCI: Using ACPI for IRQ routing
[    1.942730] pci 0000:00:02.0: vgaarb: setting as boot VGA device
[    1.943698] pci 0000:00:02.0: vgaarb: bridge control possible
[    1.944605] pci 0000:00:02.0: vgaarb: VGA device added: decodes=io+mem,owns=io+mem,locks=none
[    1.944692] vgaarb: loaded
[    1.946095] hpet0: at MMIO 0xfed00000, IRQs 2, 8, 0
[    1.946913] hpet0: 3 comparators, 64-bit 100.000000 MHz counter
[    1.954424] clocksource: Switched to clocksource kvm-clock
[    1.955753] VFS: Disk quotas dquot_6.6.0
[    1.956470] VFS: Dquot-cache hash table entries: 512 (order 0, 4096 bytes)
[    1.964090] pnp: PnP ACPI init
[    1.973705] pnp: PnP ACPI: found 6 devices
[    2.013352] clocksource: acpi_pm: mask: 0xffffff max_cycles: 0xffffff, max_idle_ns: 2085701024 ns
[    2.016214] NET: Registered PF_INET protocol family
[    2.017535] IP idents hash table entries: 32768 (order: 6, 262144 bytes, linear)
[    2.022580] tcp_listen_portaddr_hash hash table entries: 1024 (order: 4, 73728 bytes, linear)
[    2.024410] Table-perturb hash table entries: 65536 (order: 6, 262144 bytes, linear)
[    2.026067] TCP established hash table entries: 16384 (order: 5, 131072 bytes, linear)
[    2.028613] TCP bind hash table entries: 16384 (order: 9, 2359296 bytes, linear)
[    2.032297] TCP: Hash tables configured (established 16384 bind 16384)
[    2.033578] UDP hash table entries: 1024 (order: 6, 262144 bytes, linear)
[    2.034975] UDP-Lite hash table entries: 1024 (order: 6, 262144 bytes, linear)
[    2.037127] NET: Registered PF_UNIX/PF_LOCAL protocol family
[    2.040021] RPC: Registered named UNIX socket transport module.
[    2.041079] RPC: Registered udp transport module.
[    2.041946] RPC: Registered tcp transport module.
[    2.042764] RPC: Registered tcp-with-tls transport module.
[    2.043774] RPC: Registered tcp NFSv4.1 backchannel transport module.
[    2.045021] pci_bus 0000:00: resource 4 [io  0x0000-0x0cf7 window]
[    2.046299] pci_bus 0000:00: resource 5 [io  0x0d00-0xffff window]
[    2.047660] pci_bus 0000:00: resource 6 [mem 0x000a0000-0x000bffff window]
[    2.049202] pci_bus 0000:00: resource 7 [mem 0x80000000-0xfebfffff window]
[    2.050503] pci_bus 0000:00: resource 8 [mem 0x100000000-0x17fffffff window]
[    2.052772] pci 0000:00:01.0: PIIX3: Enabling Passive Release
[    2.054028] pci 0000:00:00.0: Limiting direct PCI/PCI transfers
[    2.055447] PCI: CLS 0 bytes, default 64
[    2.057470] ACPI: bus type thunderbolt registered
[    2.059456] clocksource: tsc: mask: 0xffffffffffffffff max_cycles: 0x1e33052aadd, max_idle_ns: 440795310221 ns
[    8.707095] Initialise system trusted keyrings
[    8.709136] Key type blacklist registered
[    8.711383] workingset: timestamp_bits=36 max_order=19 bucket_order=0
[    8.719182] squashfs: version 4.0 (2009/01/31) Phillip Lougher
[    8.724259] NFS: Registering the id_resolver key type
[    8.725352] Key type id_resolver registered
[    8.726306] Key type id_legacy registered
[    8.727315] nfs4filelayout_init: NFSv4 File Layout Driver Registering...
[    8.728794] nfs4flexfilelayout_init: NFSv4 Flexfile Layout Driver Registering...
[    8.731053] fuse: init (API version 7.44)
[    8.733434] SGI XFS with ACLs, security attributes, realtime, quota, no debug enabled
[    8.738363] 9p: Installing v9fs 9p2000 file system support
[    8.775168] Key type asymmetric registered
[    8.776043] Asymmetric key parser 'x509' registered
[    8.777349] Block layer SCSI generic (bsg) driver version 0.4 loaded (major 241)
[    8.779371] io scheduler mq-deadline registered
[    8.780564] io scheduler bfq registered
[    8.782484] ledtrig-cpu: registered to indicate activity on CPUs
[    8.786961] IPMI message handler: version 39.2
[    8.788042] ipmi device interface
[    8.803032] input: Power Button as /devices/LNXSYSTM:00/LNXPWRBN:00/input/input0
[    8.807759] ACPI: button: Power Button [PWRF]
[    8.815045] ERST DBG: ERST support is disabled.
[    8.822542] Serial: 8250/16550 driver, 32 ports, IRQ sharing enabled
[    8.827792] 00:04: ttyS0 at I/O 0x3f8 (irq = 4, base_baud = 115200) is a 16550A
[    8.904013] Linux agpgart interface v0.103
[    8.915112] ACPI: bus type drm_connector registered
[    8.991769] brd: module loaded
[    9.023157] loop: module loaded
[    9.059418] scsi host0: ata_piix
[    9.063427] scsi host1: ata_piix
[    9.065436] ata1: PATA max MWDMA2 cmd 0x1f0 ctl 0x3f6 bmdma 0xc040 irq 14 lpm-pol 0
[    9.067136] ata2: PATA max MWDMA2 cmd 0x170 ctl 0x376 bmdma 0xc048 irq 15 lpm-pol 0
[    9.076303] tun: Universal TUN/TAP device driver, 1.6
[    9.078647] e100: Intel(R) PRO/100 Network Driver
[    9.079689] e100: Copyright(c) 1999-2006 Intel Corporation
[    9.081151] e1000: Intel(R) PRO/1000 Network Driver
[    9.082231] e1000: Copyright (c) 1999-2006 Intel Corporation.
[    9.120474] ACPI: \_SB_.LNKC: Enabled at IRQ 11
[    9.226489] ata1: found unknown device (class 0)
[    9.231013] ata2: found unknown device (class 0)
[    9.235484] ata2.00: ATAPI: QEMU DVD-ROM, 2.5+, max UDMA/100
[    9.239442] ata1.00: ATA-7: QEMU HARDDISK, 2.5+, max UDMA/100
[    9.241939] ata1.00: 17196647 sectors, multi 16: LBA48 
[    9.248581] scsi 0:0:0:0: Direct-Access     ATA      QEMU HARDDISK    2.5+ PQ: 0 ANSI: 5
[    9.256913] sd 0:0:0:0: [sda] 17196647 512-byte logical blocks: (8.80 GB/8.20 GiB)
[    9.259528] sd 0:0:0:0: [sda] Write Protect is off
[    9.260763] sd 0:0:0:0: Attached scsi generic sg0 type 0
[    9.262421] sd 0:0:0:0: [sda] Write cache: enabled, read cache: enabled, doesn't support DPO or FUA
[    9.264704] sd 0:0:0:0: [sda] Preferred minimum I/O size 512 bytes
[    9.266872] scsi 1:0:0:0: CD-ROM            QEMU     QEMU DVD-ROM     2.5+ PQ: 0 ANSI: 5
[    9.291090] scsi 1:0:0:0: Attached scsi generic sg1 type 5
[    9.299580] sd 0:0:0:0: [sda] Attached SCSI disk
[    9.475793] e1000 0000:00:03.0 eth0: (PCI:33MHz:32-bit) 52:54:00:12:34:56
[    9.477560] e1000 0000:00:03.0 eth0: Intel(R) PRO/1000 Network Connection
[    9.479246] e1000e: Intel(R) PRO/1000 Network Driver
[    9.480146] e1000e: Copyright(c) 1999 - 2015 Intel Corporation.
[    9.481542] igb: Intel(R) Gigabit Ethernet Network Driver
[    9.482544] igb: Copyright (c) 2007-2014 Intel Corporation.
[    9.484469] PPP generic driver version 2.4.2
[    9.487520] VFIO - User Level meta-driver version: 0.3
[    9.496704] usbcore: registered new interface driver uas
[    9.497977] usbcore: registered new interface driver usb-storage
[    9.499979] i8042: PNP: PS/2 Controller [PNP0303:KBD,PNP0f13:MOU] at 0x60,0x64 irq 1,12
[    9.503743] serio: i8042 KBD port at 0x60,0x64 irq 1
[    9.504963] serio: i8042 AUX port at 0x60,0x64 irq 12
[    9.509608] mousedev: PS/2 mouse device common for all mice
[    9.514437] input: AT Translated Set 2 keyboard as /devices/platform/i8042/serio0/input/input1
[    9.517126] rtc_cmos 00:05: RTC can wake from S4
[    9.522307] input: VirtualPS/2 VMware VMMouse as /devices/platform/i8042/serio1/input/input4
[    9.525463] rtc_cmos 00:05: registered as rtc0
[    9.527066] input: VirtualPS/2 VMware VMMouse as /devices/platform/i8042/serio1/input/input3
[    9.528691] rtc_cmos 00:05: setting system clock to 2025-08-03T14:12:02 UTC (1754230322)
[    9.534738] rtc_cmos 00:05: alarms up to one day, y3k, 242 bytes nvram, hpet irqs
[    9.538192] i2c_dev: i2c /dev entries driver
[    9.539914] device-mapper: core: CONFIG_IMA_DISABLE_HTABLE is disabled. Duplicate IMA measurements will not be recorded in the IMA log.
[    9.543290] device-mapper: uevent: version 1.0.3
[    9.545906] device-mapper: ioctl: 4.50.0-ioctl (2025-04-28) initialised: dm-devel@lists.linux.dev
[    9.548323] intel_pstate: CPU model not supported
[    9.550004] sdhci: Secure Digital Host Controller Interface driver
[    9.551192] sdhci: Copyright(c) Pierre Ossman
[    9.552461] sdhci-pltfm: SDHCI platform and OF driver helper
[    9.554810] drop_monitor: Initializing network drop monitor service
[    9.556746] NET: Registered PF_INET6 protocol family
[    9.562196] Segment Routing with IPv6
[    9.563046] In-situ OAM (IOAM) with IPv6
[    9.563867] NET: Registered PF_PACKET protocol family
[    9.565547] 9pnet: Installing 9P2000 support
[    9.568027] Key type dns_resolver registered
[    9.576895] resctrl: No MBM correction factor available
[    9.579513] IPI shorthand broadcast: enabled
[    9.709292] sched_clock: Marking stable (9676008132, 29792042)->(9732965087, -27164913)
[    9.712812] registered taskstats version 1
[    9.714887] Loading compiled-in X.509 certificates
[    9.882066] Demotion targets for Node 0: null
[    9.887192] Key type .fscrypt registered
[    9.889301] Key type fscrypt-provisioning registered
[    9.901704] Key type encrypted registered
[    9.903615] ima: No TPM chip found, activating TPM-bypass!
[    9.905491] ima: Allocated hash algorithm: sha1
[    9.907404] ima: No architecture policies found
[    9.909430] evm: Initialising EVM extended attributes:
[    9.911212] evm: security.selinux
[    9.912241] evm: security.SMACK64
[    9.912997] evm: security.SMACK64EXEC
[    9.913856] evm: security.SMACK64TRANSMUTE
[    9.914847] evm: security.SMACK64MMAP
[    9.915680] evm: security.apparmor
[    9.916461] evm: security.ima
[    9.917142] evm: security.capability
[    9.917986] evm: HMAC attrs: 0x1
[    9.924497] PM:   Magic number: 5:338:181
[    9.929608] RAS: Correctable Errors collector initialized.
[    9.934104] clk: Disabling unused clocks
[    9.939797] md: Waiting for all devices to be available before autodetect
[    9.942241] md: If you don't use raid, use raid=noautodetect
[    9.943711] md: Autodetecting RAID arrays.
[    9.944791] md: autorun ...
[    9.945520] md: ... autorun DONE.
[    9.961483] EXT4-fs (sda): INFO: recovery required on readonly filesystem
[    9.962462] EXT4-fs (sda): write access will be enabled during recovery
[   10.067802] EXT4-fs (sda): recovery complete
[   10.071509] EXT4-fs (sda): mounted filesystem 088740a9-c8b4-422c-999d-a804eb68a4da ro with ordered data mode. Quota mode: none.
[   10.073048] VFS: Mounted root (ext4 filesystem) readonly on device 8:0.
[   10.078064] devtmpfs: mounted
[   10.104378] Freeing unused decrypted memory: 2028K
[   10.114973] Freeing unused kernel image (initmem) memory: 16116K
[   10.116853] Write protecting the kernel read-only data: 98304k
[   10.122496] Freeing unused kernel image (text/rodata gap) memory: 592K
[   10.124434] Freeing unused kernel image (rodata/data gap) memory: 48K
[   10.363834] x86/mm: Checked W+X mappings: passed, no W+X pages found.
[   10.364636] x86/mm: Checking user space page tables
[   10.604006] x86/mm: Checked W+X mappings: passed, no W+X pages found.
[   10.605077] Run /sbin/init as init process
[   10.939844] systemd[1]: systemd 252-15.el9 running in system mode (+PAM +AUDIT +SELINUX -APPARMOR +IMA +SMACK +SECCOMP +GCRYPT +GNUTLS +OPENSSL +ACL +BLKID +CURL +ELFUTILS -FIDO2 +IDN2 -IDN -IPTC +KMOD +LIBCRYPTSETUP +LIBFDISK +PCRE2 -PWQUALITY +P11KIT -QRENCODE +TPM2 +BZIP2 +LZ4 +XZ +ZLIB +ZSTD -BPF_FRAMEWORK +XKBCOMMON +UTMP +SYSVINIT default-hierarchy=unified)
[   10.943752] systemd[1]: Detected virtualization kvm.
[   10.944388] systemd[1]: Detected architecture x86-64.

Welcome to [0;31mCentOS Stream 9[0m!

[   10.956858] systemd[1]: Hostname set to <test>.
[   11.504986] systemd-rc-local-generator[120]: /etc/rc.d/rc.local is not marked executable, skipping.
[   12.031144] systemd[1]: Queued start job for default target Multi-User System.
[   12.078601] systemd[1]: Created slice Virtual Machine and Container Slice.
[[0;32m  OK  [0m] Created slice [0;1;39mVirtual Machine and Container Slice[0m.
[   12.094316] systemd[1]: Created slice Slice /system/getty.
[[0;32m  OK  [0m] Created slice [0;1;39mSlice /system/getty[0m.
[   12.102149] systemd[1]: Created slice Slice /system/modprobe.
[[0;32m  OK  [0m] Created slice [0;1;39mSlice /system/modprobe[0m.
[   12.110417] systemd[1]: Created slice Slice /system/serial-getty.
[[0;32m  OK  [0m] Created slice [0;1;39mSlice /system/serial-getty[0m.
[   12.118409] systemd[1]: Created slice Slice /system/sshd-keygen.
[[0;32m  OK  [0m] Created slice [0;1;39mSlice /system/sshd-keygen[0m.
[   12.125771] systemd[1]: Created slice User and Session Slice.
[[0;32m  OK  [0m] Created slice [0;1;39mUser and Session Slice[0m.
[   12.130086] systemd[1]: Started Forward Password Requests to Wall Directory Watch.
[[0;32m  OK  [0m] Started [0;1;39mForward Password R…uests to Wall Directory Watch[0m.
[   12.136469] systemd[1]: Set up automount Arbitrary Executable File Formats File System Automount Point.
[[0;32m  OK  [0m] Set up automount [0;1;39mArbitrary…s File System Automount Point[0m.
[   12.141154] systemd[1]: Reached target Local Integrity Protected Volumes.
[[0;32m  OK  [0m] Reached target [0;1;39mLocal Integrity Protected Volumes[0m.
[   12.145338] systemd[1]: Reached target Slice Units.
[[0;32m  OK  [0m] Reached target [0;1;39mSlice Units[0m.
[   12.148315] systemd[1]: Reached target Swaps.
[[0;32m  OK  [0m] Reached target [0;1;39mSwaps[0m.
[   12.150886] systemd[1]: Reached target Local Verity Protected Volumes.
[[0;32m  OK  [0m] Reached target [0;1;39mLocal Verity Protected Volumes[0m.
[   12.155163] systemd[1]: Listening on Device-mapper event daemon FIFOs.
[[0;32m  OK  [0m] Listening on [0;1;39mDevice-mapper event daemon FIFOs[0m.
[   12.160178] systemd[1]: Listening on LVM2 poll daemon socket.
[[0;32m  OK  [0m] Listening on [0;1;39mLVM2 poll daemon socket[0m.
[   12.163604] systemd[1]: multipathd control socket was skipped because of an unmet condition check (ConditionPathExists=/etc/multipath.conf).
[   12.370281] systemd[1]: Listening on RPCbind Server Activation Socket.
[[0;32m  OK  [0m] Listening on [0;1;39mRPCbind Server Activation Socket[0m.
[   12.378044] systemd[1]: Reached target RPC Port Mapper.
[[0;32m  OK  [0m] Reached target [0;1;39mRPC Port Mapper[0m.
[   12.392535] systemd[1]: Listening on Process Core Dump Socket.
[[0;32m  OK  [0m] Listening on [0;1;39mProcess Core Dump Socket[0m.
[   12.396749] systemd[1]: Listening on initctl Compatibility Named Pipe.
[[0;32m  OK  [0m] Listening on [0;1;39minitctl Compatibility Named Pipe[0m.
[   12.401754] systemd[1]: Listening on Journal Socket (/dev/log).
[[0;32m  OK  [0m] Listening on [0;1;39mJournal Socket (/dev/log)[0m.
[   12.405083] systemd[1]: Listening on Journal Socket.
[[0;32m  OK  [0m] Listening on [0;1;39mJournal Socket[0m.
[   12.408409] systemd[1]: Listening on udev Control Socket.
[[0;32m  OK  [0m] Listening on [0;1;39mudev Control Socket[0m.
[   12.411367] systemd[1]: Listening on udev Kernel Socket.
[[0;32m  OK  [0m] Listening on [0;1;39mudev Kernel Socket[0m.
[   12.435673] systemd[1]: Mounting Huge Pages File System...
         Mounting [0;1;39mHuge Pages File System[0m...
[   12.464920] systemd[1]: Mounting POSIX Message Queue File System...
         Mounting [0;1;39mPOSIX Message Queue File System[0m...
[   12.481274] systemd[1]: Mounting Kernel Debug File System...
         Mounting [0;1;39mKernel Debug File System[0m...
[   12.501589] systemd[1]: Mounting Kernel Trace File System...
         Mounting [0;1;39mKernel Trace File System[0m...
[   12.506320] systemd[1]: Kernel Module supporting RPCSEC_GSS was skipped because of an unmet condition check (ConditionPathExists=/etc/krb5.keytab).
[   12.508275] systemd[1]: Create List of Static Device Nodes was skipped because of an unmet condition check (ConditionFileNotEmpty=/lib/modules/6.16.0-63eb28bb1402+/modules.devname).
[   12.525771] systemd[1]: Starting Monitoring of LVM2 mirrors, snapshots etc. using dmeventd or progress polling...
         Starting [0;1;39mMonitoring of LVM…meventd or progress polling[0m...
[   12.562767] systemd[1]: Starting Load Kernel Module configfs...
         Starting [0;1;39mLoad Kernel Module configfs[0m...
[   12.594697] systemd[1]: Starting Load Kernel Module drm...
         Starting [0;1;39mLoad Kernel Module drm[0m...
[   12.634605] systemd[1]: Starting Load Kernel Module fuse...
         Starting [0;1;39mLoad Kernel Module fuse[0m...
[   12.661451] systemd[1]: Starting Read and set NIS domainname from /etc/sysconfig/network...
         Starting [0;1;39mRead and set NIS …from /etc/sysconfig/network[0m...
[   12.719286] systemd[1]: Starting Journal Service...
         Starting [0;1;39mJournal Service[0m...
[   12.738042] systemd[1]: Starting Load Kernel Modules...
         Starting [0;1;39mLoad Kernel Modules[0m...
[   12.768439] systemd[1]: Starting Generate network units from Kernel command line...
         Starting [0;1;39mGenerate network …ts from Kernel command line[0m...
[   12.818604] systemd[1]: Starting Remount Root and Kernel File Systems...
         Starting [0;1;39mRemount Root and Kernel File Systems[0m...
[   12.821491] systemd[1]: Repartition Root Disk was skipped because no trigger condition checks were met.
[   12.874695] systemd[1]: Starting Coldplug All udev Devices...
         Starting [0;1;39mColdplug All udev Devices[0m...
[   12.920046] systemd[1]: Mounted Huge Pages File System.
[[0;32m  OK  [0m] Mounted [0;1;39mHuge Pages File System[0m.
[   12.926957] systemd[1]: Mounted POSIX Message Queue File System.
[[0;32m  OK  [0m] Mounted [0;1;39mPOSIX Message Queue File System[0m.
[   12.934904] systemd[1]: Mounted Kernel Debug File System.
[[0;32m  OK  [0m] Mounted [0;1;39mKernel Debug File System[0m.
[   12.937645] systemd[1]: Mounted Kernel Trace File System.
[[0;32m  OK  [0m] Mounted [0;1;39mKernel Trace File System[0m.
[   12.952333] systemd[1]: Finished Monitoring of LVM2 mirrors, snapshots etc. using dmeventd or progress polling.
[   12.954975] EXT4-fs (sda): re-mounted 088740a9-c8b4-422c-999d-a804eb68a4da r/w.
[[0;32m  OK  [0m] Finished [0;1;39mMonitoring of LVM… dmeventd or progress polling[0m.
[   12.969605] systemd[1]: modprobe@configfs.service: Deactivated successfully.
[   12.973072] systemd[1]: Finished Load Kernel Module configfs.
[[0;32m  OK  [0m] Finished [0;1;39mLoad Kernel Module configfs[0m.
[   12.978766] systemd[1]: modprobe@drm.service: Deactivated successfully.
[   12.983356] systemd[1]: Finished Load Kernel Module drm.
[[0;32m  OK  [0m] Finished [0;1;39mLoad Kernel Module drm[0m.
[   12.991027] systemd[1]: modprobe@fuse.service: Deactivated successfully.
[   12.994136] systemd[1]: Finished Load Kernel Module fuse.
[[0;32m  OK  [0m] Finished [0;1;39mLoad Kernel Module fuse[0m.
[   12.999822] systemd[1]: Finished Read and set NIS domainname from /etc/sysconfig/network.
[[0;32m  OK  [0m] Finished [0;1;39mRead and set NIS …e from /etc/sysconfig/network[0m.
[   13.003421] systemd[1]: systemd-modules-load.service: Main process exited, code=exited, status=1/FAILURE
[   13.007094] systemd[1]: systemd-modules-load.service: Failed with result 'exit-code'.
[   13.010530] systemd[1]: Failed to start Load Kernel Modules.
[[0;1;31mFAILED[0m] Failed to start [0;1;39mLoad Kernel Modules[0m.
See 'systemctl status systemd-modules-load.service' for details.
[   13.018537] systemd[1]: Finished Generate network units from Kernel command line.
[[0;32m  OK  [0m] Finished [0;1;39mGenerate network units from Kernel command line[0m.
[   13.024836] systemd[1]: Finished Remount Root and Kernel File Systems.
[[0;32m  OK  [0m] Finished [0;1;39mRemount Root and Kernel File Systems[0m.
[   13.029412] systemd[1]: Reached target Preparation for Network.
[[0;32m  OK  [0m] Reached target [0;1;39mPreparation for Network[0m.
[   13.058146] systemd[1]: Mounting FUSE Control File System...
         Mounting [0;1;39mFUSE Control File System[0m...
[   13.110165] systemd[1]: Mounting Kernel Configuration File System...
         Mounting [0;1;39mKernel Configuration File System[0m...
[   13.112588] systemd[1]: Special handling of early boot iSCSI sessions was skipped because of an unmet condition check (ConditionDirectoryNotEmpty=/sys/class/iscsi_session).
[   13.126026] systemd[1]: First Boot Wizard was skipped because of an unmet condition check (ConditionFirstBoot=yes).
[   13.139364] systemd[1]: Rebuild Hardware Database was skipped because of an unmet condition check (ConditionNeedsUpdate=/etc).
[   13.194574] systemd[1]: Starting Load/Save Random Seed...
         Starting [0;1;39mLoad/Save Random Seed[0m...
[   13.223396] systemd[1]: Starting Apply Kernel Variables...
         Starting [0;1;39mApply Kernel Variables[0m...
[   13.225575] systemd[1]: Create System Users was skipped because no trigger condition checks were met.
[   13.266652] systemd[1]: Starting Create Static Device Nodes in /dev...
         Starting [0;1;39mCreate Static Device Nodes in /dev[0m...
[   13.314494] systemd[1]: Starting Setup Virtual Console...
         Starting [0;1;39mSetup Virtual Console[0m...
[   13.362429] systemd[1]: Started Journal Service.
[[0;32m  OK  [0m] Started [0;1;39mJournal Service[0m.
[[0;32m  OK  [0m] Mounted [0;1;39mFUSE Control File System[0m.
[[0;32m  OK  [0m] Mounted [0;1;39mKernel Configuration File System[0m.
[[0;32m  OK  [0m] Finished [0;1;39mLoad/Save Random Seed[0m.
[[0;32m  OK  [0m] Finished [0;1;39mApply Kernel Variables[0m.
         Starting [0;1;39mFlush Journal to Persistent Storage[0m...
[[0;32m  OK  [0m] Finished [0;1;39mCreate Static Device Nodes in /dev[0m.
[   13.598253] systemd-journald[141]: Received client request to flush runtime journal.
         Starting [0;1;39mRule-based Manage…for Device Events and Files[0m...
[[0;32m  OK  [0m] Finished [0;1;39mFlush Journal to Persistent Storage[0m.
[[0;32m  OK  [0m] Started [0;1;39mRule-based Manager for Device Events and Files[0m.
         Starting [0;1;39mAuto-connect to s…E devices found during boot[0m...
[[0;32m  OK  [0m] Finished [0;1;39mAuto-connect to s…VME devices found during boot[0m.
[[0;32m  OK  [0m] Finished [0;1;39mSetup Virtual Console[0m.
[[0;32m  OK  [0m] Finished [0;1;39mColdplug All udev Devices[0m.
         Starting [0;1;39mShow Plymouth Boot Screen[0m...
         Starting [0;1;39mWait for udev To …plete Device Initialization[0m...
[2J[3J[-1;-1f[[0;32m  OK  [0m] Started [0;1;39mShow Plymouth Boot Screen[0m.
[[0;32m  OK  [0m] Started [0;1;39mForward Password R…s to Plymouth Directory Watch[0m.
[[0;32m  OK  [0m] Reached target [0;1;39mLocal Encrypted Volumes[0m.
[[0;32m  OK  [0m] Reached target [0;1;39mPath Units[0m.
[[0;32m  OK  [0m] Found device [0;1;39m/dev/ttyS0[0m.
[[0m[0;31m*     [0m] A start job is running for Wait for…ice Initialization (5s / no limit)
M[K[[0;1;31m*[0m[0;31m*    [0m] A start job is running for Wait for…ice Initialization (5s / no limit)
M[K[[0;32m  OK  [0m] Listening on [0;1;39mLoad/Save RF …itch Status /dev/rfkill Watch[0m.
[K[[0;32m  OK  [0m] Finished [0;1;39mWait for udev To Complete Device Initialization[0m.
[[0;32m  OK  [0m] Reached target [0;1;39mPreparation for Local File Systems[0m.
[[0;32m  OK  [0m] Reached target [0;1;39mLocal File Systems[0m.
         Starting [0;1;39mTell Plymouth To Write Out Runtime Data[0m...
         Starting [0;1;39mAutomatic Boot Loader Update[0m...
         Starting [0;1;39mCreate Volatile Files and Directories[0m...
[[0;32m  OK  [0m] Finished [0;1;39mTell Plymouth To Write Out Runtime Data[0m.
[[0;32m  OK  [0m] Finished [0;1;39mAutomatic Boot Loader Update[0m.
[[0;32m  OK  [0m] Finished [0;1;39mCreate Volatile Files and Directories[0m.
         Mounting [0;1;39mRPC Pipe File System[0m...
         Starting [0;1;39mSecurity Auditing Service[0m...
         Starting [0;1;39mRPC Bind[0m...
[[0;32m  OK  [0m] Mounted [0;1;39mRPC Pipe File System[0m.
[[0;32m  OK  [0m] Reached target [0;1;39mrpc_pipefs.target[0m.
[[0;32m  OK  [0m] Started [0;1;39mRPC Bind[0m.
[[0;32m  OK  [0m] Started [0;1;39mSecurity Auditing Service[0m.
         Starting [0;1;39mRecord System Boot/Shutdown in UTMP[0m...
[[0;32m  OK  [0m] Finished [0;1;39mRecord System Boot/Shutdown in UTMP[0m.
[[0;32m  OK  [0m] Reached target [0;1;39mSystem Initialization[0m.
[[0;32m  OK  [0m] Started [0;1;39mDaily rotation of log files[0m.
[[0;32m  OK  [0m] Started [0;1;39mUpdates mlocate database every day[0m.
[[0;32m  OK  [0m] Started [0;1;39mDaily Cleanup of Temporary Directories[0m.
[[0;32m  OK  [0m] Started [0;1;39mdaily update of the root trust anchor for DNSSEC[0m.
[[0;32m  OK  [0m] Reached target [0;1;39mTimer Units[0m.
[[0;32m  OK  [0m] Listening on [0;1;39mD-Bus System Message Bus Socket[0m.
[[0;32m  OK  [0m] Listening on [0;1;39mOpen-iSCSI iscsid Socket[0m.
[[0;32m  OK  [0m] Listening on [0;1;39mOpen-iSCSI iscsiuio Socket[0m.
[[0;32m  OK  [0m] Listening on [0;1;39mSSSD Kerberos…ache Manager responder socket[0m.
[[0;32m  OK  [0m] Listening on [0;1;39mLibvirt interface local socket[0m.
[[0;32m  OK  [0m] Listening on [0;1;39mVirtual machine lock manager socket[0m.
[[0;32m  OK  [0m] Listening on [0;1;39mVirtual machine log manager socket[0m.
[[0;32m  OK  [0m] Listening on [0;1;39mLibvirt network local socket[0m.
[[0;32m  OK  [0m] Listening on [0;1;39mLibvirt nodedev local socket[0m.
[[0;32m  OK  [0m] Listening on [0;1;39mLibvirt nwfilter local socket[0m.
[[0;32m  OK  [0m] Listening on [0;1;39mLibvirt proxy local socket[0m.
[[0;32m  OK  [0m] Listening on [0;1;39mLibvirt qemu local socket[0m.
[[0;32m  OK  [0m] Listening on [0;1;39mLibvirt qemu admin socket[0m.
[[0;32m  OK  [0m] Listening on [0;1;39mLibvirt qemu local read-only socket[0m.
[[0;32m  OK  [0m] Listening on [0;1;39mLibvirt secret local socket[0m.
[[0;32m  OK  [0m] Listening on [0;1;39mLibvirt storage local socket[0m.
[[0;32m  OK  [0m] Reached target [0;1;39mSocket Units[0m.
         Starting [0;1;39mD-Bus System Message Bus[0m...
[[0;32m  OK  [0m] Started [0;1;39mD-Bus System Message Bus[0m.
[[0;32m  OK  [0m] Reached target [0;1;39mBasic System[0m.
         Starting [0;1;39mNetwork Manager[0m...
         Starting [0;1;39mNTP client/server[0m...
         Starting [0;1;39mRestore /run/initramfs on shutdown[0m...
[[0;32m  OK  [0m] Started [0;1;39mirqbalance daemon[0m.
[[0;32m  OK  [0m] Started [0;1;39mlibstoragemgmt plug-in server daemon[0m.
[[0;32m  OK  [0m] Started [0;1;39mMachine Check Exception Logging Daemon[0m.
[[0;32m  OK  [0m] Reached target [0;1;39msshd-keygen.target[0m.
[[0;32m  OK  [0m] Reached target [0;1;39mUser and Group Name Lookups[0m.
         Starting [0;1;39mUser Login Management[0m...
         Starting [0;1;39mVirtual Machine a…tainer Registration Service[0m...
[[0;32m  OK  [0m] Finished [0;1;39mRestore /run/initramfs on shutdown[0m.
         Starting [0;1;39mHostname Service[0m...
[[0;32m  OK  [0m] Started [0;1;39mVirtual Machine an…ontainer Registration Service[0m.
[[0;32m  OK  [0m] Started [0;1;39mUser Login Management[0m.
[[0;32m  OK  [0m] Started [0;1;39mNTP client/server[0m.
[[0;32m  OK  [0m] Started [0;1;39mHostname Service[0m.
         Starting [0;1;39mNetwork Manager Script Dispatcher Service[0m...
[[0;32m  OK  [0m] Started [0;1;39mNetwork Manager Script Dispatcher Service[0m.
[   20.818098] e1000: eth0 NIC Link is Up 1000 Mbps Full Duplex, Flow Control: RX
[[0;32m  OK  [0m] Started [0;1;39mNetwork Manager[0m.
[[0;32m  OK  [0m] Reached target [0;1;39mNetwork[0m.
[[0;32m  OK  [0m] Reached target [0;1;39mNetwork is Online[0m.
         Starting [0;1;39mGSSAPI Proxy Daemon[0m...
         Starting [0;1;39mNotify NFS peers of a restart[0m...
         Starting [0;1;39mSystem Logging Service[0m...
         Starting [0;1;39mOpenSSH server daemon[0m...
         Starting [0;1;39mDynamic System Tuning Daemon[0m...
[[0;32m  OK  [0m] Started [0;1;39mNotify NFS peers of a restart[0m.
[[0;32m  OK  [0m] Started [0;1;39mGSSAPI Proxy Daemon[0m.
[[0;32m  OK  [0m] Reached target [0;1;39mNFS client services[0m.
[[0;32m  OK  [0m] Reached target [0;1;39mPreparation for Remote File Systems[0m.
[[0;32m  OK  [0m] Reached target [0;1;39mRemote File Systems[0m.
         Starting [0;1;39mPermit User Sessions[0m...
         Starting [0;1;39mVirtualization qemu daemon[0m...
[[0;32m  OK  [0m] Started [0;1;39mOpenSSH server daemon[0m.
[[0;32m  OK  [0m] Finished [0;1;39mPermit User Sessions[0m.
[[0;32m  OK  [0m] Started [0;1;39mDeferred execution scheduler[0m.
[[0;32m  OK  [0m] Started [0;1;39mCommand Scheduler[0m.
         Starting [0;1;39mHold until boot process finishes up[0m...
         Starting [0;1;39mTerminate Plymouth Boot Screen[0m...
[[0;32m  OK  [0m] Started [0;1;39mVirtualization qemu daemon[0m.
[[0;32m  OK  [0m] Started [0;1;39mSystem Logging Service[0m.

CentOS Stream 9
Kernel 6.16.0-63eb28bb1402+ on an x86_64

Activate the web console with: systemctl enable --now cockpit.socket

test login: [   35.690799] loop0: detected capacity change from 0 to 65536
[   36.024653] loop0: detected capacity change from 0 to 65536
[   36.357705] loop0: detected capacity change from 0 to 65536
[   36.645207] loop0: detected capacity change from 0 to 65536
[   36.987837] loop0: detected capacity change from 0 to 65536
[   37.337244] loop0: detected capacity change from 0 to 65536
[   37.682608] loop0: detected capacity change from 0 to 65536
[   38.018609] loop0: detected capacity change from 0 to 65536
[   38.329651] loop0: detected capacity change from 0 to 65536
[   38.673972] loop0: detected capacity change from 0 to 65536
[   39.023061] loop0: detected capacity change from 0 to 65536
[   39.375630] loop0: detected capacity change from 0 to 65536
[   39.722110] loop0: detected capacity change from 0 to 65536
[   40.027391] loop0: detected capacity change from 0 to 65536
[   40.339114] loop0: detected capacity change from 0 to 65536
[   40.637921] loop0: detected capacity change from 0 to 65536
[   40.939478] loop0: detected capacity change from 0 to 65536
[   41.249195] loop0: detected capacity change from 0 to 65536
[   41.546920] loop0: detected capacity change from 0 to 65536
[   41.845739] loop0: detected capacity change from 0 to 65536
[   42.180840] loop0: detected capacity change from 0 to 65536
[   42.461859] loop0: detected capacity change from 0 to 65536
[   42.741944] loop0: detected capacity change from 0 to 65536
[   43.063273] loop0: detected capacity change from 0 to 65536
[   43.386228] loop0: detected capacity change from 0 to 65536
[   43.712567] loop0: detected capacity change from 0 to 65536
[   44.042418] loop0: detected capacity change from 0 to 65536
[   44.372641] loop0: detected capacity change from 0 to 65536
[   44.668880] loop0: detected capacity change from 0 to 65536
[   44.977634] loop0: detected capacity change from 0 to 65536
[   45.345707] loop0: detected capacity change from 0 to 65536
[   45.680130] loop0: detected capacity change from 0 to 65536
[   46.053864] loop0: detected capacity change from 0 to 65536
[   46.407447] loop0: detected capacity change from 0 to 65536
[   46.749428] loop0: detected capacity change from 0 to 65536
[   47.087629] loop0: detected capacity change from 0 to 65536
[   47.423747] loop0: detected capacity change from 0 to 65536
[   47.764394] loop0: detected capacity change from 0 to 65536
[   48.112166] loop0: detected capacity change from 0 to 65536
[   48.452242] loop0: detected capacity change from 0 to 65536
[   48.782202] loop0: detected capacity change from 0 to 65536
[   49.114608] loop0: detected capacity change from 0 to 65536
[   49.455864] loop0: detected capacity change from 0 to 65536
[   49.796378] loop0: detected capacity change from 0 to 65536
[   50.139185] loop0: detected capacity change from 0 to 65536
[   50.480280] loop0: detected capacity change from 0 to 65536
[   50.797303] loop0: detected capacity change from 0 to 65536
[   51.140654] loop0: detected capacity change from 0 to 65536
[   51.474229] loop0: detected capacity change from 0 to 65536
[   51.810875] loop0: detected capacity change from 0 to 65536
[   52.122661] loop0: detected capacity change from 0 to 65536
[   52.455378] loop0: detected capacity change from 0 to 65536
[   52.786101] loop0: detected capacity change from 0 to 65536
[   53.122891] loop0: detected capacity change from 0 to 65536
[   53.484512] loop0: detected capacity change from 0 to 65536
[   53.839206] loop0: detected capacity change from 0 to 65536
[   54.181371] loop0: detected capacity change from 0 to 65536
[   54.515493] loop0: detected capacity change from 0 to 65536
[   54.822479] loop0: detected capacity change from 0 to 65536
[   55.116753] loop0: detected capacity change from 0 to 65536
[   55.434257] loop0: detected capacity change from 0 to 65536
[   55.780443] loop0: detected capacity change from 0 to 65536
[   56.121041] loop0: detected capacity change from 0 to 65536
[   56.459302] loop0: detected capacity change from 0 to 65536
[   56.796515] loop0: detected capacity change from 0 to 65536
[   57.133183] loop0: detected capacity change from 0 to 65536
[   57.466802] loop0: detected capacity change from 0 to 65536
[   57.799925] loop0: detected capacity change from 0 to 65536
[   58.138172] loop0: detected capacity change from 0 to 65536
[   58.480580] loop0: detected capacity change from 0 to 65536
[   58.814626] loop0: detected capacity change from 0 to 65536
[   59.150474] loop0: detected capacity change from 0 to 65536
[   59.484013] loop0: detected capacity change from 0 to 65536
[   59.819754] loop0: detected capacity change from 0 to 65536
[   60.155302] loop0: detected capacity change from 0 to 65536
[   60.491763] loop0: detected capacity change from 0 to 65536
[   60.800892] loop0: detected capacity change from 0 to 65536
[   61.139815] loop0: detected capacity change from 0 to 65536
[   61.476621] loop0: detected capacity change from 0 to 65536
[   61.815087] loop0: detected capacity change from 0 to 65536
[   62.157885] loop0: detected capacity change from 0 to 65536
[   62.523336] loop0: detected capacity change from 0 to 65536
[   62.865082] loop0: detected capacity change from 0 to 65536
[   63.199423] loop0: detected capacity change from 0 to 65536
[   63.541265] loop0: detected capacity change from 0 to 65536
[   63.887398] loop0: detected capacity change from 0 to 65536
[   64.229267] loop0: detected capacity change from 0 to 65536
[   64.570758] loop0: detected capacity change from 0 to 65536
[   64.913864] loop0: detected capacity change from 0 to 65536
[   65.262538] loop0: detected capacity change from 0 to 65536
[   65.599378] loop0: detected capacity change from 0 to 65536
[   65.934513] loop0: detected capacity change from 0 to 65536
[   66.278834] loop0: detected capacity change from 0 to 65536
[   66.622100] loop0: detected capacity change from 0 to 65536
[   66.958850] loop0: detected capacity change from 0 to 65536
[   67.300257] loop0: detected capacity change from 0 to 65536
[   67.639674] loop0: detected capacity change from 0 to 65536
[   67.977206] loop0: detected capacity change from 0 to 65536
[   68.311588] loop0: detected capacity change from 0 to 65536
[   68.652369] loop0: detected capacity change from 0 to 65536
[   68.984083] loop0: detected capacity change from 0 to 65536
[   69.320672] loop0: detected capacity change from 0 to 65536
[   69.657458] loop0: detected capacity change from 0 to 65536
[   70.018423] loop0: detected capacity change from 0 to 65536
[   70.380082] loop0: detected capacity change from 0 to 65536
[   70.724719] loop0: detected capacity change from 0 to 65536
[   71.066763] loop0: detected capacity change from 0 to 65536
[   71.406858] loop0: detected capacity change from 0 to 65536
[   71.752289] loop0: detected capacity change from 0 to 65536
[   72.094124] loop0: detected capacity change from 0 to 65536
[   72.437868] loop0: detected capacity change from 0 to 65536
[   72.777247] loop0: detected capacity change from 0 to 65536
[   73.114419] loop0: detected capacity change from 0 to 65536
[   73.446799] loop0: detected capacity change from 0 to 65536
[   73.778355] loop0: detected capacity change from 0 to 65536
[   74.114211] loop0: detected capacity change from 0 to 65536
[   74.455218] loop0: detected capacity change from 0 to 65536
[   74.791250] loop0: detected capacity change from 0 to 65536
[   75.121033] loop0: detected capacity change from 0 to 65536
[   75.457790] loop0: detected capacity change from 0 to 65536
[   75.790424] loop0: detected capacity change from 0 to 65536
[   76.120980] loop0: detected capacity change from 0 to 65536
[   76.454491] loop0: detected capacity change from 0 to 65536
[   76.788722] loop0: detected capacity change from 0 to 65536
[   77.126259] loop0: detected capacity change from 0 to 65536
[   77.464313] loop0: detected capacity change from 0 to 65536
[   77.801207] loop0: detected capacity change from 0 to 65536
[   78.162642] loop0: detected capacity change from 0 to 65536
[   78.533305] loop0: detected capacity change from 0 to 65536
[   78.893788] loop0: detected capacity change from 0 to 65536
[   79.246132] loop0: detected capacity change from 0 to 65536
[   79.605618] loop0: detected capacity change from 0 to 65536
[   79.935839] loop0: detected capacity change from 0 to 65536
[   80.295957] loop0: detected capacity change from 0 to 65536
[   80.656833] loop0: detected capacity change from 0 to 65536
[   81.017042] loop0: detected capacity change from 0 to 65536
[   81.368031] loop0: detected capacity change from 0 to 65536
[   81.706924] loop0: detected capacity change from 0 to 65536
[   82.061251] loop0: detected capacity change from 0 to 65536
[   82.424281] loop0: detected capacity change from 0 to 65536
[   82.781542] loop0: detected capacity change from 0 to 65536
[   83.142924] loop0: detected capacity change from 0 to 65536
[   83.527427] loop0: detected capacity change from 0 to 65536
[   83.915089] loop0: detected capacity change from 0 to 65536
[   84.255335] loop0: detected capacity change from 0 to 65536
[   84.625122] loop0: detected capacity change from 0 to 65536
[   84.984835] loop0: detected capacity change from 0 to 65536
[   85.347858] loop0: detected capacity change from 0 to 65536
[   85.696871] loop0: detected capacity change from 0 to 65536
[   86.048633] loop0: detected capacity change from 0 to 65536
[   86.399031] loop0: detected capacity change from 0 to 65536
[   86.760082] loop0: detected capacity change from 0 to 65536
[   87.117441] loop0: detected capacity change from 0 to 65536
[   87.473893] loop0: detected capacity change from 0 to 65536
[   87.822631] loop0: detected capacity change from 0 to 65536
[   88.161666] loop0: detected capacity change from 0 to 65536
[   88.500849] loop0: detected capacity change from 0 to 65536
[   88.843472] loop0: detected capacity change from 0 to 65536
[   89.191999] loop0: detected capacity change from 0 to 65536
[   89.508194] loop0: detected capacity change from 0 to 65536
[   89.888697] loop0: detected capacity change from 0 to 65536
[   90.229323] loop0: detected capacity change from 0 to 65536
[   90.567848] loop0: detected capacity change from 0 to 65536
[   90.903786] loop0: detected capacity change from 0 to 65536
[   91.242652] loop0: detected capacity change from 0 to 65536
[   91.581098] loop0: detected capacity change from 0 to 65536
[   91.933640] loop0: detected capacity change from 0 to 65536
[   92.284272] loop0: detected capacity change from 0 to 65536
[   92.628379] loop0: detected capacity change from 0 to 65536
[   92.970117] loop0: detected capacity change from 0 to 65536
[   93.308466] loop0: detected capacity change from 0 to 65536
[   93.640789] loop0: detected capacity change from 0 to 65536
[   93.981119] loop0: detected capacity change from 0 to 65536
[   94.328481] loop0: detected capacity change from 0 to 65536
[   94.678797] loop0: detected capacity change from 0 to 65536
[   95.028637] loop0: detected capacity change from 0 to 65536
[   95.389069] loop0: detected capacity change from 0 to 65536
[   95.743248] loop0: detected capacity change from 0 to 65536
[   96.090402] loop0: detected capacity change from 0 to 65536
[   96.449938] loop0: detected capacity change from 0 to 65536
[   96.747969] loop0: detected capacity change from 0 to 65536
[   97.107053] loop0: detected capacity change from 0 to 65536
[   97.485283] loop0: detected capacity change from 0 to 65536
[   97.825226] loop0: detected capacity change from 0 to 65536
[   98.214546] loop0: detected capacity change from 0 to 65536
[   98.584997] loop0: detected capacity change from 0 to 65536
[   98.954252] loop0: detected capacity change from 0 to 65536
[   99.312533] loop0: detected capacity change from 0 to 65536
[   99.678476] loop0: detected capacity change from 0 to 65536
[  100.040189] loop0: detected capacity change from 0 to 65536
[  100.402102] loop0: detected capacity change from 0 to 65536
[  100.766144] loop0: detected capacity change from 0 to 65536
[  101.128965] loop0: detected capacity change from 0 to 65536
[  101.490934] loop0: detected capacity change from 0 to 65536
[  101.852238] loop0: detected capacity change from 0 to 65536
[  102.217331] loop0: detected capacity change from 0 to 65536
[  102.587361] loop0: detected capacity change from 0 to 65536
[  102.955424] loop0: detected capacity change from 0 to 65536
[  103.320146] loop0: detected capacity change from 0 to 65536
[  103.681371] loop0: detected capacity change from 0 to 65536
[  104.040028] loop0: detected capacity change from 0 to 65536
[  104.383912] loop0: detected capacity change from 0 to 65536
[  104.718577] loop0: detected capacity change from 0 to 65536
[  105.077241] loop0: detected capacity change from 0 to 65536
[  105.424046] loop0: detected capacity change from 0 to 65536
[  105.759206] loop0: detected capacity change from 0 to 65536
[  106.094979] loop0: detected capacity change from 0 to 65536
[  106.433417] loop0: detected capacity change from 0 to 65536
[  106.734487] loop0: detected capacity change from 0 to 65536
[  107.038503] loop0: detected capacity change from 0 to 65536
[  107.365915] loop0: detected capacity change from 0 to 65536
[  107.683719] loop0: detected capacity change from 0 to 65536
[  108.027750] loop0: detected capacity change from 0 to 65536
[  108.365905] loop0: detected capacity change from 0 to 65536
[  108.704461] loop0: detected capacity change from 0 to 65536
[  109.041345] loop0: detected capacity change from 0 to 65536
[  109.382214] loop0: detected capacity change from 0 to 65536
[  109.754329] loop0: detected capacity change from 0 to 65536
[  110.089172] loop0: detected capacity change from 0 to 65536
[  110.463371] loop0: detected capacity change from 0 to 65536
[  110.807099] loop0: detected capacity change from 0 to 65536
[  111.149987] loop0: detected capacity change from 0 to 65536
[  111.495262] loop0: detected capacity change from 0 to 65536
[  111.835710] loop0: detected capacity change from 0 to 65536
[  112.170936] loop0: detected capacity change from 0 to 65536
[  112.506156] loop0: detected capacity change from 0 to 65536
[  112.837546] loop0: detected capacity change from 0 to 65536
[  113.181623] loop0: detected capacity change from 0 to 65536
[  113.525559] loop0: detected capacity change from 0 to 65536
[  113.875224] loop0: detected capacity change from 0 to 65536
[  114.193785] loop0: detected capacity change from 0 to 65536
[  114.547503] loop0: detected capacity change from 0 to 65536
[  114.886042] loop0: detected capacity change from 0 to 65536
[  115.218298] loop0: detected capacity change from 0 to 65536
[  115.550307] loop0: detected capacity change from 0 to 65536
[  115.883690] loop0: detected capacity change from 0 to 65536
[  116.214206] loop0: detected capacity change from 0 to 65536
[  116.545734] loop0: detected capacity change from 0 to 65536
[  116.877532] loop0: detected capacity change from 0 to 65536
[  117.210678] loop0: detected capacity change from 0 to 65536
[  117.556493] loop0: detected capacity change from 0 to 65536
[  117.912330] loop0: detected capacity change from 0 to 65536
[  118.222443] loop0: detected capacity change from 0 to 65536
[  118.572746] loop0: detected capacity change from 0 to 65536
[  118.881436] loop0: detected capacity change from 0 to 65536
[  119.230094] loop0: detected capacity change from 0 to 65536
[  119.600019] loop0: detected capacity change from 0 to 65536
[  119.950407] loop0: detected capacity change from 0 to 65536
[  120.306923] loop0: detected capacity change from 0 to 65536
[  120.639646] loop0: detected capacity change from 0 to 65536
[  120.973676] loop0: detected capacity change from 0 to 65536
[  121.310053] loop0: detected capacity change from 0 to 65536
[  121.617951] loop0: detected capacity change from 0 to 65536
[  121.960585] loop0: detected capacity change from 0 to 65536
[  122.307289] loop0: detected capacity change from 0 to 65536
[  122.649961] loop0: detected capacity change from 0 to 65536
[  123.005989] loop0: detected capacity change from 0 to 65536
[  123.397663] loop0: detected capacity change from 0 to 65536
[  123.781642] loop0: detected capacity change from 0 to 65536
[  124.145161] loop0: detected capacity change from 0 to 65536
[  124.507003] loop0: detected capacity change from 0 to 65536
[  124.868013] loop0: detected capacity change from 0 to 65536
[  125.226620] loop0: detected capacity change from 0 to 65536
[  125.584560] loop0: detected capacity change from 0 to 65536
[  125.978007] loop0: detected capacity change from 0 to 65536
[  126.321944] loop0: detected capacity change from 0 to 65536
[  126.692849] loop0: detected capacity change from 0 to 65536
[  127.039386] loop0: detected capacity change from 0 to 65536
[  127.382588] loop0: detected capacity change from 0 to 65536
[  127.722373] loop0: detected capacity change from 0 to 65536
[  128.058651] loop0: detected capacity change from 0 to 65536
[  128.400582] loop0: detected capacity change from 0 to 65536
[  128.773701] loop0: detected capacity change from 0 to 65536
[  129.115901] loop0: detected capacity change from 0 to 65536
[  129.461294] loop0: detected capacity change from 0 to 65536
[  129.801655] loop0: detected capacity change from 0 to 65536
[  130.149206] loop0: detected capacity change from 0 to 65536
[  130.498500] loop0: detected capacity change from 0 to 65536
[  130.832875] loop0: detected capacity change from 0 to 65536
[  131.169765] loop0: detected capacity change from 0 to 65536
[  131.504582] loop0: detected capacity change from 0 to 65536
[  131.841479] loop0: detected capacity change from 0 to 65536
[  132.173884] loop0: detected capacity change from 0 to 65536
[  132.533880] loop0: detected capacity change from 0 to 65536
[  132.894128] loop0: detected capacity change from 0 to 65536
[  133.243109] loop0: detected capacity change from 0 to 65536
[  133.590740] loop0: detected capacity change from 0 to 65536
[  133.927517] loop0: detected capacity change from 0 to 65536
[  134.304671] loop0: detected capacity change from 0 to 65536
[  134.649035] loop0: detected capacity change from 0 to 65536
[  134.996566] loop0: detected capacity change from 0 to 65536
[  135.345647] loop0: detected capacity change from 0 to 65536
[  135.689568] loop0: detected capacity change from 0 to 65536
[  136.042304] loop0: detected capacity change from 0 to 65536
[  136.380563] loop0: detected capacity change from 0 to 65536
[  136.733780] loop0: detected capacity change from 0 to 65536
[  137.077188] loop0: detected capacity change from 0 to 65536
[  137.378343] loop0: detected capacity change from 0 to 65536
[  137.721037] loop0: detected capacity change from 0 to 65536
[  138.065879] loop0: detected capacity change from 0 to 65536
[  138.400880] loop0: detected capacity change from 0 to 65536
[  138.737272] loop0: detected capacity change from 0 to 65536
[  139.097558] loop0: detected capacity change from 0 to 65536
[  139.446237] loop0: detected capacity change from 0 to 65536
[  139.848665] loop0: detected capacity change from 0 to 65536
[  140.153022] loop0: detected capacity change from 0 to 65536
[  140.494911] loop0: detected capacity change from 0 to 65536
[  140.864596] loop0: detected capacity change from 0 to 65536
[  141.248281] loop0: detected capacity change from 0 to 65536
[  141.656898] loop0: detected capacity change from 0 to 65536
[  142.030549] loop0: detected capacity change from 0 to 65536
[  142.393986] loop0: detected capacity change from 0 to 65536
[  142.760031] loop0: detected capacity change from 0 to 65536
[  143.116862] loop0: detected capacity change from 0 to 65536
[  143.454653] loop0: detected capacity change from 0 to 65536
[  143.791282] loop0: detected capacity change from 0 to 65536
[  144.132519] loop0: detected capacity change from 0 to 65536
[  144.471363] loop0: detected capacity change from 0 to 65536
[  144.810023] loop0: detected capacity change from 0 to 65536
[  145.148497] loop0: detected capacity change from 0 to 65536
[  145.491191] loop0: detected capacity change from 0 to 65536
[  145.825239] loop0: detected capacity change from 0 to 65536
[  146.174781] loop0: detected capacity change from 0 to 65536
[  146.516631] loop0: detected capacity change from 0 to 65536
[  146.849042] loop0: detected capacity change from 0 to 65536
[  147.186997] loop0: detected capacity change from 0 to 65536
[  147.545181] loop0: detected capacity change from 0 to 65536
[  147.903409] loop0: detected capacity change from 0 to 65536
[  148.257596] loop0: detected capacity change from 0 to 65536
[  148.593421] loop0: detected capacity change from 0 to 65536
[  148.923422] loop0: detected capacity change from 0 to 65536
[  149.270577] loop0: detected capacity change from 0 to 65536
[  149.603773] loop0: detected capacity change from 0 to 65536
[  149.937600] loop0: detected capacity change from 0 to 65536
[  150.271450] loop0: detected capacity change from 0 to 65536
[  150.608362] loop0: detected capacity change from 0 to 65536
[  150.949429] loop0: detected capacity change from 0 to 65536
[  151.293064] loop0: detected capacity change from 0 to 65536
[  151.638460] loop0: detected capacity change from 0 to 65536
[  151.975521] loop0: detected capacity change from 0 to 65536
[  152.319686] loop0: detected capacity change from 0 to 65536
[  152.666403] loop0: detected capacity change from 0 to 65536
[  153.009067] loop0: detected capacity change from 0 to 65536
[  153.320713] loop0: detected capacity change from 0 to 65536
[  153.669265] loop0: detected capacity change from 0 to 65536
[  154.009119] loop0: detected capacity change from 0 to 65536
[  154.351203] loop0: detected capacity change from 0 to 65536
[  154.690517] loop0: detected capacity change from 0 to 65536
[  155.025549] loop0: detected capacity change from 0 to 65536
[  155.361312] loop0: detected capacity change from 0 to 65536
[  155.707914] loop0: detected capacity change from 0 to 65536
[  156.056428] loop0: detected capacity change from 0 to 65536
[  156.382891] loop0: detected capacity change from 0 to 65536
[  156.714075] loop0: detected capacity change from 0 to 65536
[  157.050978] loop0: detected capacity change from 0 to 65536
[  157.389127] loop0: detected capacity change from 0 to 65536
[  157.728970] loop0: detected capacity change from 0 to 65536
[  158.066464] loop0: detected capacity change from 0 to 65536
[  158.401754] loop0: detected capacity change from 0 to 65536
[  158.733175] loop0: detected capacity change from 0 to 65536
[  159.065004] loop0: detected capacity change from 0 to 65536
[  159.401077] loop0: detected capacity change from 0 to 65536
[  159.738011] loop0: detected capacity change from 0 to 65536
[  160.079800] loop0: detected capacity change from 0 to 65536
[  160.419128] loop0: detected capacity change from 0 to 65536
[  160.756390] loop0: detected capacity change from 0 to 65536
[  161.093513] loop0: detected capacity change from 0 to 65536
[  161.433575] loop0: detected capacity change from 0 to 65536
[  161.765399] loop0: detected capacity change from 0 to 65536
[  162.101543] loop0: detected capacity change from 0 to 65536
[  162.435393] loop0: detected capacity change from 0 to 65536
[  162.769578] loop0: detected capacity change from 0 to 65536
[  163.110962] loop0: detected capacity change from 0 to 65536
[  163.452113] loop0: detected capacity change from 0 to 65536
[  163.786109] loop0: detected capacity change from 0 to 65536
[  164.119580] loop0: detected capacity change from 0 to 65536
[  164.459447] loop0: detected capacity change from 0 to 65536
[  164.797387] loop0: detected capacity change from 0 to 65536
[  165.135685] loop0: detected capacity change from 0 to 65536
[  165.481216] loop0: detected capacity change from 0 to 65536
[  165.824630] loop0: detected capacity change from 0 to 65536
[  166.164360] loop0: detected capacity change from 0 to 65536
[  166.500164] loop0: detected capacity change from 0 to 65536
[  166.838322] loop0: detected capacity change from 0 to 65536
[  167.176422] loop0: detected capacity change from 0 to 65536
[  167.512888] loop0: detected capacity change from 0 to 65536
[  167.846857] loop0: detected capacity change from 0 to 65536
[  168.184943] loop0: detected capacity change from 0 to 65536
[  168.519713] loop0: detected capacity change from 0 to 65536
[  168.855373] loop0: detected capacity change from 0 to 65536
[  169.203262] loop0: detected capacity change from 0 to 65536
[  169.535587] loop0: detected capacity change from 0 to 65536
[  169.870361] loop0: detected capacity change from 0 to 65536
[  170.188712] loop0: detected capacity change from 0 to 65536
[  170.539057] loop0: detected capacity change from 0 to 65536
[  170.881152] loop0: detected capacity change from 0 to 65536
[  171.214551] loop0: detected capacity change from 0 to 65536
[  171.546842] loop0: detected capacity change from 0 to 65536
[  171.880555] loop0: detected capacity change from 0 to 65536
[  172.221276] loop0: detected capacity change from 0 to 65536
[  172.569936] loop0: detected capacity change from 0 to 65536
[  172.907987] loop0: detected capacity change from 0 to 65536
[  173.246114] loop0: detected capacity change from 0 to 65536
[  173.582488] loop0: detected capacity change from 0 to 65536
[  173.920512] loop0: detected capacity change from 0 to 65536
[  174.264897] loop0: detected capacity change from 0 to 65536
[  174.613179] loop0: detected capacity change from 0 to 65536
[  174.950179] loop0: detected capacity change from 0 to 65536
[  175.294641] loop0: detected capacity change from 0 to 65536
[  175.639799] loop0: detected capacity change from 0 to 65536
[  175.981018] loop0: detected capacity change from 0 to 65536
[  176.324977] loop0: detected capacity change from 0 to 65536
[  176.634720] loop0: detected capacity change from 0 to 65536
[  176.974415] loop0: detected capacity change from 0 to 65536
[  177.309629] loop0: detected capacity change from 0 to 65536
[  177.657063] loop0: detected capacity change from 0 to 65536
[  177.995869] loop0: detected capacity change from 0 to 65536
[  178.375707] loop0: detected capacity change from 0 to 65536
[  178.724520] loop0: detected capacity change from 0 to 65536
[  179.066781] loop0: detected capacity change from 0 to 65536
[  179.404050] loop0: detected capacity change from 0 to 65536
[  179.742839] loop0: detected capacity change from 0 to 65536
[  180.077714] loop0: detected capacity change from 0 to 65536
[  180.418941] loop0: detected capacity change from 0 to 65536
[  180.765557] loop0: detected capacity change from 0 to 65536
[  181.107364] loop0: detected capacity change from 0 to 65536
[  181.457448] loop0: detected capacity change from 0 to 65536
[  181.824862] loop0: detected capacity change from 0 to 65536
[  182.160757] loop0: detected capacity change from 0 to 65536
[  182.499519] loop0: detected capacity change from 0 to 65536
[  182.836183] loop0: detected capacity change from 0 to 65536
[  183.189624] loop0: detected capacity change from 0 to 65536
[  183.532215] loop0: detected capacity change from 0 to 65536
[  183.879407] loop0: detected capacity change from 0 to 65536
[  184.232010] loop0: detected capacity change from 0 to 65536
[  184.609224] loop0: detected capacity change from 0 to 65536
[  184.978095] loop0: detected capacity change from 0 to 65536
[  185.310736] loop0: detected capacity change from 0 to 65536
[  185.650838] loop0: detected capacity change from 0 to 65536
[  185.996837] loop0: detected capacity change from 0 to 65536
[  186.345631] loop0: detected capacity change from 0 to 65536
[  186.681348] loop0: detected capacity change from 0 to 65536
[  187.016394] loop0: detected capacity change from 0 to 65536
[  187.352578] loop0: detected capacity change from 0 to 65536
[  187.701852] loop0: detected capacity change from 0 to 65536
[  188.043141] loop0: detected capacity change from 0 to 65536
[  188.355582] loop0: detected capacity change from 0 to 65536
[  188.707607] loop0: detected capacity change from 0 to 65536
[  189.062981] loop0: detected capacity change from 0 to 65536
[  189.420047] loop0: detected capacity change from 0 to 65536
[  189.757889] loop0: detected capacity change from 0 to 65536
[  190.125505] loop0: detected capacity change from 0 to 65536
[  190.467985] loop0: detected capacity change from 0 to 65536
[  190.810779] loop0: detected capacity change from 0 to 65536
[  191.148161] loop0: detected capacity change from 0 to 65536
[  191.482252] loop0: detected capacity change from 0 to 65536
[  191.822501] loop0: detected capacity change from 0 to 65536
[  192.161197] loop0: detected capacity change from 0 to 65536
[  192.501344] loop0: detected capacity change from 0 to 65536
[  192.836715] loop0: detected capacity change from 0 to 65536
[  193.175663] loop0: detected capacity change from 0 to 65536
[  193.518446] loop0: detected capacity change from 0 to 65536
[  193.855401] loop0: detected capacity change from 0 to 65536
[  194.187926] loop0: detected capacity change from 0 to 65536
[  194.524331] loop0: detected capacity change from 0 to 65536
[  194.860945] loop0: detected capacity change from 0 to 65536
[  195.196970] loop0: detected capacity change from 0 to 65536
[  195.527946] loop0: detected capacity change from 0 to 65536
[  195.859332] loop0: detected capacity change from 0 to 65536
[  196.194218] loop0: detected capacity change from 0 to 65536
[  196.531375] loop0: detected capacity change from 0 to 65536
[  196.870026] loop0: detected capacity change from 0 to 65536
[  197.207602] loop0: detected capacity change from 0 to 65536
[  197.565319] loop0: detected capacity change from 0 to 65536
[  197.912772] loop0: detected capacity change from 0 to 65536
[  198.254616] loop0: detected capacity change from 0 to 65536
[  198.613025] loop0: detected capacity change from 0 to 65536
[  198.959080] loop0: detected capacity change from 0 to 65536
[  199.304836] loop0: detected capacity change from 0 to 65536
[  199.680971] loop0: detected capacity change from 0 to 65536
[  200.023698] loop0: detected capacity change from 0 to 65536
[  200.356357] loop0: detected capacity change from 0 to 65536
[  200.697779] loop0: detected capacity change from 0 to 65536
[  201.034985] loop0: detected capacity change from 0 to 65536
[  201.377483] loop0: detected capacity change from 0 to 65536
[  201.713754] loop0: detected capacity change from 0 to 65536
[  202.053032] loop0: detected capacity change from 0 to 65536
[  202.401701] loop0: detected capacity change from 0 to 65536
[  202.758369] loop0: detected capacity change from 0 to 65536
[  203.109625] loop0: detected capacity change from 0 to 65536
[  203.457249] loop0: detected capacity change from 0 to 65536
[  203.810682] loop0: detected capacity change from 0 to 65536
[  204.164364] loop0: detected capacity change from 0 to 65536
[  204.497230] loop0: detected capacity change from 0 to 65536
[  204.833873] loop0: detected capacity change from 0 to 65536
[  205.167857] loop0: detected capacity change from 0 to 65536
[  205.513212] loop0: detected capacity change from 0 to 65536
[  205.858205] loop0: detected capacity change from 0 to 65536
[  206.205990] loop0: detected capacity change from 0 to 65536
[  206.545875] loop0: detected capacity change from 0 to 65536
[  206.882820] loop0: detected capacity change from 0 to 65536
[  207.221931] loop0: detected capacity change from 0 to 65536
[  207.565601] loop0: detected capacity change from 0 to 65536
[  207.906335] loop0: detected capacity change from 0 to 65536
[  208.250604] loop0: detected capacity change from 0 to 65536
[  208.601852] loop0: detected capacity change from 0 to 65536
[  208.947776] loop0: detected capacity change from 0 to 65536
[  209.286888] loop0: detected capacity change from 0 to 65536
[  209.629399] loop0: detected capacity change from 0 to 65536
[  209.959729] loop0: detected capacity change from 0 to 65536
[  210.297981] loop0: detected capacity change from 0 to 65536
[  210.652609] loop0: detected capacity change from 0 to 65536
[  210.996546] loop0: detected capacity change from 0 to 65536
[  211.338274] loop0: detected capacity change from 0 to 65536
[  211.678996] loop0: detected capacity change from 0 to 65536
[  212.016123] loop0: detected capacity change from 0 to 65536
[  212.349505] loop0: detected capacity change from 0 to 65536
[  212.687738] loop0: detected capacity change from 0 to 65536
[  213.027207] loop0: detected capacity change from 0 to 65536
[  213.367922] loop0: detected capacity change from 0 to 65536
[  213.740467] loop0: detected capacity change from 0 to 65536
[  214.084155] loop0: detected capacity change from 0 to 65536
[  214.423298] loop0: detected capacity change from 0 to 65536
[  214.773135] loop0: detected capacity change from 0 to 65536
[  215.116816] loop0: detected capacity change from 0 to 65536
[  215.460772] loop0: detected capacity change from 0 to 65536
[  215.817162] loop0: detected capacity change from 0 to 65536
[  216.161580] loop0: detected capacity change from 0 to 65536
[  216.498948] loop0: detected capacity change from 0 to 65536
[  216.837906] loop0: detected capacity change from 0 to 65536
[  217.178577] loop0: detected capacity change from 0 to 65536
[  217.516437] loop0: detected capacity change from 0 to 65536
[  217.867226] loop0: detected capacity change from 0 to 65536
[  218.217443] loop0: detected capacity change from 0 to 65536
[  218.560409] loop0: detected capacity change from 0 to 65536
[  218.899676] loop0: detected capacity change from 0 to 65536
[  219.239567] loop0: detected capacity change from 0 to 65536
[  219.578515] loop0: detected capacity change from 0 to 65536
[  219.913048] loop0: detected capacity change from 0 to 65536
[  220.251978] loop0: detected capacity change from 0 to 65536
[  220.586047] loop0: detected capacity change from 0 to 65536
[  220.919026] loop0: detected capacity change from 0 to 65536
[  221.268830] loop0: detected capacity change from 0 to 65536
[  221.620582] loop0: detected capacity change from 0 to 65536
[  221.961919] loop0: detected capacity change from 0 to 65536
[  222.302491] loop0: detected capacity change from 0 to 65536
[  222.642517] loop0: detected capacity change from 0 to 65536
[  222.973987] loop0: detected capacity change from 0 to 65536
[  223.317114] loop0: detected capacity change from 0 to 65536
[  223.657724] loop0: detected capacity change from 0 to 65536
[  223.992113] loop0: detected capacity change from 0 to 65536
[  224.327080] loop0: detected capacity change from 0 to 65536
[  224.665188] loop0: detected capacity change from 0 to 65536
[  225.005942] loop0: detected capacity change from 0 to 65536
[  225.343024] loop0: detected capacity change from 0 to 65536
[  225.785733] loop0: detected capacity change from 0 to 65536
[  226.151973] loop0: detected capacity change from 0 to 65536
[  226.534853] loop0: detected capacity change from 0 to 65536
[  226.907457] loop0: detected capacity change from 0 to 65536
[  227.266913] loop0: detected capacity change from 0 to 65536
[  227.638311] loop0: detected capacity change from 0 to 65536
[  228.008085] loop0: detected capacity change from 0 to 65536
[  228.372470] loop0: detected capacity change from 0 to 65536
[  228.740801] loop0: detected capacity change from 0 to 65536
[  229.107046] loop0: detected capacity change from 0 to 65536
[  229.461205] loop0: detected capacity change from 0 to 65536
[  229.830811] loop0: detected capacity change from 0 to 65536
[  230.182331] loop0: detected capacity change from 0 to 65536
[  230.544956] loop0: detected capacity change from 0 to 65536
[  230.897620] loop0: detected capacity change from 0 to 65536
[  231.251368] loop0: detected capacity change from 0 to 65536
[  231.607262] loop0: detected capacity change from 0 to 65536
[  231.960021] loop0: detected capacity change from 0 to 65536
[  232.316020] loop0: detected capacity change from 0 to 65536
[  232.671309] loop0: detected capacity change from 0 to 65536
[  233.015478] loop0: detected capacity change from 0 to 65536
[  233.358532] loop0: detected capacity change from 0 to 65536
[  233.712773] loop0: detected capacity change from 0 to 65536
[  234.067626] loop0: detected capacity change from 0 to 65536
[  234.411061] loop0: detected capacity change from 0 to 65536
[  234.780366] loop0: detected capacity change from 0 to 65536
[  235.151164] loop0: detected capacity change from 0 to 65536
[  235.498619] loop0: detected capacity change from 0 to 65536
[  235.852208] loop0: detected capacity change from 0 to 65536
[  236.226428] loop0: detected capacity change from 0 to 65536
[  236.603311] loop0: detected capacity change from 0 to 65536
[  236.973584] loop0: detected capacity change from 0 to 65536
[  237.337532] loop0: detected capacity change from 0 to 65536
[  237.694675] loop0: detected capacity change from 0 to 65536
[  238.050332] loop0: detected capacity change from 0 to 65536
[  238.388888] loop0: detected capacity change from 0 to 65536
[  238.726998] loop0: detected capacity change from 0 to 65536
[  239.072849] loop0: detected capacity change from 0 to 65536
[  239.418686] loop0: detected capacity change from 0 to 65536
[  239.774921] loop0: detected capacity change from 0 to 65536
[  240.119952] loop0: detected capacity change from 0 to 65536
[  240.470569] loop0: detected capacity change from 0 to 65536
[  240.813475] loop0: detected capacity change from 0 to 65536
[  241.164814] loop0: detected capacity change from 0 to 65536
[  241.528121] loop0: detected capacity change from 0 to 65536
[  241.888535] loop0: detected capacity change from 0 to 65536
[  242.228496] loop0: detected capacity change from 0 to 65536
[  242.570206] loop0: detected capacity change from 0 to 65536
[  242.914268] loop0: detected capacity change from 0 to 65536
[  243.250971] loop0: detected capacity change from 0 to 65536
[  243.585037] loop0: detected capacity change from 0 to 65536
[  243.931983] loop0: detected capacity change from 0 to 65536
[  244.290067] loop0: detected capacity change from 0 to 65536
[  244.642907] loop0: detected capacity change from 0 to 65536
[  244.997068] loop0: detected capacity change from 0 to 65536
[  245.358886] loop0: detected capacity change from 0 to 65536
[  245.725522] loop0: detected capacity change from 0 to 65536
[  246.093986] loop0: detected capacity change from 0 to 65536
[  246.465890] loop0: detected capacity change from 0 to 65536
[  246.817704] loop0: detected capacity change from 0 to 65536
[  247.186513] loop0: detected capacity change from 0 to 65536
[  247.558107] loop0: detected capacity change from 0 to 65536
[  247.943558] loop0: detected capacity change from 0 to 65536
[  248.320816] loop0: detected capacity change from 0 to 65536
[  248.660714] loop0: detected capacity change from 0 to 65536
[  249.007274] loop0: detected capacity change from 0 to 65536
[  249.352343] loop0: detected capacity change from 0 to 65536
[  249.693941] loop0: detected capacity change from 0 to 65536
[  250.031275] loop0: detected capacity change from 0 to 65536
[  250.374855] loop0: detected capacity change from 0 to 65536
[  250.719949] loop0: detected capacity change from 0 to 65536
[  251.065280] loop0: detected capacity change from 0 to 65536
[  251.399984] loop0: detected capacity change from 0 to 65536
[  251.737723] loop0: detected capacity change from 0 to 65536
[  252.080056] loop0: detected capacity change from 0 to 65536
