c[?7l[2J[0mSeaBIOS (version rel-1.16.3-0-ga6ed6b701f0a-prebuilt.qemu.org)


iPXE (http://ipxe.org) 00:03.0 CA00 PCI2.10 PnP PMM+7EFD0C90+7EF30C90 CA00
Press Ctrl-B to configure iPXE (PCI 00:03.0)...                                                                               


Booting from ROM...
c[?7l[2J[    0.000000] Linux version 6.16.0-rc5-bdb86f6b8763+ (root@localhost.localdomain) (gcc (GCC) 11.5.0 20240719 (Red Hat 11.5.0-2), GNU ld version 2.35.2-54.el9) #1 SMP PREEMPT_DYNAMIC Mon Aug  4 02:18:28 CST 2025
[    0.000000] Command line: console=ttyS0 root=/dev/sda earlyprintk=serial net.ifnames=0 thunderbolt.dyndbg
[    0.000000] KERNEL supported cpus:
[    0.000000]   Intel GenuineIntel
[    0.000000]   AMD AuthenticAMD
[    0.000000]   Hygon HygonGenuine
[    0.000000]   Centaur CentaurHauls
[    0.000000]   zhaoxin   Shanghai  
[    0.000000] BIOS-provided physical RAM map:
[    0.000000] BIOS-e820: [mem 0x0000000000000000-0x000000000009fbff] usable
[    0.000000] BIOS-e820: [mem 0x000000000009fc00-0x000000000009ffff] reserved
[    0.000000] BIOS-e820: [mem 0x00000000000f0000-0x00000000000fffff] reserved
[    0.000000] BIOS-e820: [mem 0x0000000000100000-0x000000007ffdffff] usable
[    0.000000] BIOS-e820: [mem 0x000000007ffe0000-0x000000007fffffff] reserved
[    0.000000] BIOS-e820: [mem 0x00000000feffc000-0x00000000feffffff] reserved
[    0.000000] BIOS-e820: [mem 0x00000000fffc0000-0x00000000ffffffff] reserved
[    0.000000] printk: legacy bootconsole [earlyser0] enabled
[    0.000000] NX (Execute Disable) protection: active
[    0.000000] APIC: Static calls initialized
[    0.000000] SMBIOS 2.8 present.
[    0.000000] DMI: QEMU Standard PC (i440FX + PIIX, 1996), BIOS rel-1.16.3-0-ga6ed6b701f0a-prebuilt.qemu.org 04/01/2014
[    0.000000] DMI: Memory slots populated: 1/1
[    0.000000] Hypervisor detected: KVM
[    0.000000] kvm-clock: Using msrs 4b564d01 and 4b564d00
[    0.000004] kvm-clock: using sched offset of 759303370 cycles
[    0.000895] clocksource: kvm-clock: mask: 0xffffffffffffffff max_cycles: 0x1cd42e4dffb, max_idle_ns: 881590591483 ns
[    0.003649] tsc: Detected 2095.076 MHz processor
[    0.014750] last_pfn = 0x7ffe0 max_arch_pfn = 0x400000000
[    0.015713] MTRR map: 4 entries (3 fixed + 1 variable; max 19), built from 8 variable MTRRs
[    0.017166] x86/PAT: Configuration [0-7]: WB  WC  UC- UC  WB  WP  UC- WT  
[    0.029736] found SMP MP-table at [mem 0x000f5480-0x000f548f]
[    0.030748] Using GB pages for direct mapping
[    0.034696] ACPI: Early table checksum verification disabled
[    0.035664] ACPI: RSDP 0x00000000000F52A0 000014 (v00 BOCHS )
[    0.036650] ACPI: RSDT 0x000000007FFE2390 000034 (v01 BOCHS  BXPC     00000001 BXPC 00000001)
[    0.038105] ACPI: FACP 0x000000007FFE223C 000074 (v01 BOCHS  BXPC     00000001 BXPC 00000001)
[    0.039566] ACPI: DSDT 0x000000007FFE0040 0021FC (v01 BOCHS  BXPC     00000001 BXPC 00000001)
[    0.041018] ACPI: FACS 0x000000007FFE0000 000040
[    0.041821] ACPI: APIC 0x000000007FFE22B0 000080 (v03 BOCHS  BXPC     00000001 BXPC 00000001)
[    0.043273] ACPI: HPET 0x000000007FFE2330 000038 (v01 BOCHS  BXPC     00000001 BXPC 00000001)
[    0.044728] ACPI: WAET 0x000000007FFE2368 000028 (v01 BOCHS  BXPC     00000001 BXPC 00000001)
[    0.046176] ACPI: Reserving FACP table memory at [mem 0x7ffe223c-0x7ffe22af]
[    0.047358] ACPI: Reserving DSDT table memory at [mem 0x7ffe0040-0x7ffe223b]
[    0.048547] ACPI: Reserving FACS table memory at [mem 0x7ffe0000-0x7ffe003f]
[    0.049736] ACPI: Reserving APIC table memory at [mem 0x7ffe22b0-0x7ffe232f]
[    0.050931] ACPI: Reserving HPET table memory at [mem 0x7ffe2330-0x7ffe2367]
[    0.052125] ACPI: Reserving WAET table memory at [mem 0x7ffe2368-0x7ffe238f]
[    0.054960] No NUMA configuration found
[    0.055622] Faking a node at [mem 0x0000000000000000-0x000000007ffdffff]
[    0.056834] NODE_DATA(0) allocated [mem 0x7ffb4e80-0x7ffdfc7f]
[    0.058674] Zone ranges:
[    0.059112]   DMA      [mem 0x0000000000001000-0x0000000000ffffff]
[    0.060182]   DMA32    [mem 0x0000000001000000-0x000000007ffdffff]
[    0.061241]   Normal   empty
[    0.061738]   Device   empty
[    0.062239] Movable zone start for each node
[    0.062979] Early memory node ranges
[    0.063589]   node   0: [mem 0x0000000000001000-0x000000000009efff]
[    0.064654]   node   0: [mem 0x0000000000100000-0x000000007ffdffff]
[    0.065721] Initmem setup node 0 [mem 0x0000000000001000-0x000000007ffdffff]
[    0.067302] On node 0, zone DMA: 1 pages in unavailable ranges
[    0.068554] On node 0, zone DMA: 97 pages in unavailable ranges
[    0.108499] On node 0, zone DMA32: 32 pages in unavailable ranges
[    0.177825] kasan: KernelAddressSanitizer initialized
[    0.179131] ACPI: PM-Timer IO Port: 0x608
[    0.179856] ACPI: LAPIC_NMI (acpi_id[0xff] dfl dfl lint[0x1])
[    0.180891] IOAPIC[0]: apic_id 0, version 17, address 0xfec00000, GSI 0-23
[    0.182054] ACPI: INT_SRC_OVR (bus 0 bus_irq 0 global_irq 2 dfl dfl)
[    0.183153] ACPI: INT_SRC_OVR (bus 0 bus_irq 5 global_irq 5 high level)
[    0.184274] ACPI: INT_SRC_OVR (bus 0 bus_irq 9 global_irq 9 high level)
[    0.185394] ACPI: INT_SRC_OVR (bus 0 bus_irq 10 global_irq 10 high level)
[    0.186542] ACPI: INT_SRC_OVR (bus 0 bus_irq 11 global_irq 11 high level)
[    0.187708] ACPI: Using ACPI (MADT) for SMP configuration information
[    0.188799] ACPI: HPET id: 0x8086a201 base: 0xfed00000
[    0.189677] TSC deadline timer available
[    0.190346] CPU topo: Max. logical packages:   1
[    0.191122] CPU topo: Max. logical dies:       1
[    0.191902] CPU topo: Max. dies per package:   1
[    0.192692] CPU topo: Max. threads per core:   1
[    0.193474] CPU topo: Num. cores per package:     2
[    0.194308] CPU topo: Num. threads per package:   2
[    0.195138] CPU topo: Allowing 2 present CPUs plus 0 hotplug CPUs
[    0.196246] kvm-guest: APIC: eoi() replaced with kvm_guest_apic_eoi_write()
[    0.197460] kvm-guest: KVM setup pv remote TLB flush
[    0.198313] kvm-guest: setup PV sched yield
[    0.199090] PM: hibernation: Registered nosave memory: [mem 0x00000000-0x00000fff]
[    0.200397] PM: hibernation: Registered nosave memory: [mem 0x0009f000-0x000fffff]
[    0.201693] [mem 0x80000000-0xfeffbfff] available for PCI devices
[    0.202735] Booting paravirtualized kernel on KVM
[    0.203544] clocksource: refined-jiffies: mask: 0xffffffff max_cycles: 0xffffffff, max_idle_ns: 7645519600211568 ns
[    0.205320] setup_percpu: NR_CPUS:8192 nr_cpumask_bits:2 nr_cpu_ids:2 nr_node_ids:1
[    0.207204] percpu: Embedded 80 pages/cpu s290816 r8192 d28672 u1048576
[    0.208551] kvm-guest: PV spinlocks enabled
[    0.209280] PV qspinlock hash table entries: 256 (order: 0, 4096 bytes, linear)
[    0.210535] Kernel command line: net.ifnames=0 console=ttyS0 root=/dev/sda earlyprintk=serial net.ifnames=0 thunderbolt.dyndbg
[    0.212844] random: crng init done
[    0.213430] printk: log buffer data + meta data: 262144 + 917504 = 1179648 bytes
[    0.215180] Dentry cache hash table entries: 262144 (order: 9, 2097152 bytes, linear)
[    0.216623] Inode-cache hash table entries: 131072 (order: 8, 1048576 bytes, linear)
[    0.218326] Fallback order for Node 0: 0 
[    0.218350] Built 1 zonelists, mobility grouping on.  Total pages: 524158
[    0.220122] Policy zone: DMA32
[    0.220633] mem auto-init: stack:off, heap alloc:off, heap free:off
[    0.221663] stackdepot: allocating hash table via alloc_large_system_hash
[    0.222789] stackdepot hash table entries: 1048576 (order: 12, 16777216 bytes, linear)
[    0.258527] SLUB: HWalign=64, Order=0-3, MinObjects=0, CPUs=2, Nodes=1
[    0.259619] kmemleak: Kernel memory leak detector disabled
[    0.260637] Kernel/User page tables isolation: enabled
[    0.317248] ftrace: allocating 73913 entries in 292 pages
[    0.318168] ftrace: allocated 292 pages with 3 groups
[    0.324172] Dynamic Preempt: voluntary
[    0.325323] Running RCU self tests
[    0.325883] Running RCU synchronous self tests
[    0.326621] rcu: Preemptible hierarchical RCU implementation.
[    0.327561] rcu: 	RCU lockdep checking is enabled.
[    0.328351] rcu: 	RCU restricting CPUs from NR_CPUS=8192 to nr_cpu_ids=2.
[    0.329466] 	Trampoline variant of Tasks RCU enabled.
[    0.330298] 	Rude variant of Tasks RCU enabled.
[    0.331040] 	Tracing variant of Tasks RCU enabled.
[    0.331828] rcu: RCU calculated value of scheduler-enlistment delay is 25 jiffies.
[    0.333069] rcu: Adjusting geometry for rcu_fanout_leaf=16, nr_cpu_ids=2
[    0.334229] Running RCU synchronous self tests
[    0.334959] RCU Tasks: Setting shift to 1 and lim to 1 rcu_task_cb_adjust=1 rcu_task_cpu_ids=2.
[    0.336389] RCU Tasks Rude: Setting shift to 1 and lim to 1 rcu_task_cb_adjust=1 rcu_task_cpu_ids=2.
[    0.337886] RCU Tasks Trace: Setting shift to 1 and lim to 1 rcu_task_cb_adjust=1 rcu_task_cpu_ids=2.
[    0.425275] NR_IRQS: 524544, nr_irqs: 440, preallocated irqs: 16
[    0.426963] rcu: srcu_init: Setting srcu_struct sizes based on contention.
[    0.440324] Console: colour VGA+ 80x25
[    0.441059] printk: legacy console [ttyS0] enabled
[    0.441059] printk: legacy console [ttyS0] enabled
[    0.442681] printk: legacy bootconsole [earlyser0] disabled
[    0.442681] printk: legacy bootconsole [earlyser0] disabled
[    0.444554] Lock dependency validator: Copyright (c) 2006 Red Hat, Inc., Ingo Molnar
[    0.445878] ... MAX_LOCKDEP_SUBCLASSES:  8
[    0.446583] ... MAX_LOCK_DEPTH:          48
[    0.447311] ... MAX_LOCKDEP_KEYS:        8192
[    0.448058] ... CLASSHASH_SIZE:          4096
[    0.448811] ... MAX_LOCKDEP_ENTRIES:     32768
[    0.449579] ... MAX_LOCKDEP_CHAINS:      65536
[    0.450343] ... CHAINHASH_SIZE:          32768
[    0.451104]  memory used by lock dependency info: 6429 kB
[    0.452038]  memory used for stack traces: 4224 kB
[    0.452867]  per task-struct memory footprint: 1920 bytes
[    0.453901] ACPI: Core revision 20250404
[    0.455144] clocksource: hpet: mask: 0xffffffff max_cycles: 0xffffffff, max_idle_ns: 19112604467 ns
[    0.457064] APIC: Switch to symmetric I/O mode setup
[    0.458228] x2apic enabled
[    0.459314] APIC: Switched APIC routing to: physical x2apic
[    0.460285] kvm-guest: APIC: send_IPI_mask() replaced with kvm_send_ipi_mask()
[    0.461627] kvm-guest: APIC: send_IPI_mask_allbutself() replaced with kvm_send_ipi_mask_allbutself()
[    0.463204] kvm-guest: setup PV IPIs
[    0.465504] ..TIMER: vector=0x30 apic1=0 pin1=2 apic2=-1 pin2=-1
[    0.466573] clocksource: tsc-early: mask: 0xffffffffffffffff max_cycles: 0x1e33052aadd, max_idle_ns: 440795310221 ns
[    0.468378] Calibrating delay loop (skipped) preset value.. 4190.15 BogoMIPS (lpj=8380304)
[    0.472545] x86/cpu: User Mode Instruction Prevention (UMIP) activated
[    0.473788] Last level iTLB entries: 4KB 0, 2MB 0, 4MB 0
[    0.474701] Last level dTLB entries: 4KB 0, 2MB 0, 4MB 0, 1GB 0
[    0.476414] Speculative Store Bypass: Mitigation: Speculative Store Bypass disabled via prctl
[    0.477857] Spectre V2 : Mitigation: IBRS
[    0.478560] RETBleed: Mitigation: IBRS
[    0.479202] ITS: Mitigation: Aligned branch/return thunks
[    0.480370] MDS: Mitigation: Clear CPU buffers
[    0.481140] TAA: Mitigation: Clear CPU buffers
[    0.481908] MMIO Stale Data: Mitigation: Clear CPU buffers
[    0.482845] Spectre V1 : Mitigation: usercopy/swapgs barriers and __user pointer sanitization
[    0.484289] Spectre V2 : Spectre v2 / SpectreRSB: Filling RSB on context switch and VMEXIT
[    0.484382] Spectre V2 : mitigation: Enabling conditional Indirect Branch Prediction Barrier
[    0.485883] Spectre V2 : Spectre BHI mitigation: SW BHB clearing on syscall and VM exit
[    0.488428] x86/fpu: Supporting XSAVE feature 0x001: 'x87 floating point registers'
[    0.489738] x86/fpu: Supporting XSAVE feature 0x002: 'SSE registers'
[    0.490833] x86/fpu: Supporting XSAVE feature 0x004: 'AVX registers'
[    0.491927] x86/fpu: Supporting XSAVE feature 0x008: 'MPX bounds registers'
[    0.492373] x86/fpu: Supporting XSAVE feature 0x010: 'MPX CSR'
[    0.493385] x86/fpu: Supporting XSAVE feature 0x020: 'AVX-512 opmask'
[    0.494493] x86/fpu: Supporting XSAVE feature 0x040: 'AVX-512 Hi256'
[    0.496373] x86/fpu: Supporting XSAVE feature 0x080: 'AVX-512 ZMM_Hi256'
[    0.497528] x86/fpu: Supporting XSAVE feature 0x200: 'Protection Keys User registers'
[    0.498873] x86/fpu: xstate_offset[2]:  576, xstate_sizes[2]:  256
[    0.500373] x86/fpu: xstate_offset[3]:  832, xstate_sizes[3]:   64
[    0.501445] x86/fpu: xstate_offset[4]:  896, xstate_sizes[4]:   64
[    0.502514] x86/fpu: xstate_offset[5]:  960, xstate_sizes[5]:   64
[    0.503582] x86/fpu: xstate_offset[6]: 1024, xstate_sizes[6]:  512
[    0.504373] x86/fpu: xstate_offset[7]: 1536, xstate_sizes[7]: 1024
[    0.505444] x86/fpu: xstate_offset[9]: 2560, xstate_sizes[9]:    8
[    0.506515] x86/fpu: Enabled xstate features 0x2ff, context size is 2568 bytes, using 'compacted' format.
[    0.891446] Freeing SMP alternatives memory: 60K
[    0.892287] pid_max: default: 32768 minimum: 301
[    0.892818] LSM: initializing lsm=capability,yama,ima,evm
[    0.893988] Yama: becoming mindful.
[    0.895499] Mount-cache hash table entries: 4096 (order: 3, 32768 bytes, linear)
[    0.896382] Mountpoint-cache hash table entries: 4096 (order: 3, 32768 bytes, linear)
[    0.902032] Running RCU synchronous self tests
[    0.902826] Running RCU synchronous self tests
[    0.904092] smpboot: CPU0: Genuine Intel(R) CPU 0000%@ (family: 0x6, model: 0x55, stepping: 0x4)
[    0.904364] Performance Events: Skylake events, 32-deep LBR, full-width counters, Intel PMU driver.
[    0.904393] ... version:                2
[    0.905094] ... bit width:              48
[    0.905809] ... generic registers:      4
[    0.906537] ... value mask:             0000ffffffffffff
[    0.907465] ... max period:             00007fffffffffff
[    0.908378] ... fixed-purpose events:   3
[    0.909105] ... event mask:             000000070000000f
[    0.910980] signal: max sigframe size: 3632
[    0.912041] rcu: Hierarchical SRCU implementation.
[    0.912380] rcu: 	Max phase no-delay instances is 1000.
[    0.913721] Timer migration: 1 hierarchy levels; 8 children per group; 1 crossnode level
[    0.952364] smp: Bringing up secondary CPUs ...
[    0.954732] smpboot: x86: Booting SMP configuration:
[    0.955636] .... node  #0, CPUs:      #1
[    0.957645] smp: Brought up 1 node, 2 CPUs
[    0.957936] smpboot: Total of 2 processors activated (8380.30 BogoMIPS)
[    0.961335] Memory: 1598508K/2096632K available (78981K kernel code, 15324K rwdata, 18332K rodata, 16064K init, 21552K bss, 486476K reserved, 0K cma-reserved)
[    0.965533] devtmpfs: initialized
[    0.968746] x86/mm: Memory block size: 128MB
[    0.994403] Running RCU synchronous self tests
[    0.996439] Running RCU synchronous self tests
[    0.998652] Running RCU Tasks wait API self tests
[    1.000537] Running RCU Tasks Rude wait API self tests
[    1.001585] Running RCU Tasks Trace wait API self tests
[    1.024438] clocksource: jiffies: mask: 0xffffffff max_cycles: 0xffffffff, max_idle_ns: 7645041785100000 ns
[    1.028616] posixtimers hash table entries: 1024 (order: 4, 73728 bytes, linear)
[    1.032664] futex hash table entries: 512 (65536 bytes on 1 NUMA nodes, total 64 KiB, linear).
[    1.037876] pinctrl core: initialized pinctrl subsystem
[    1.044166] 
[    1.044387] *************************************************************
[    1.046123] **     NOTICE NOTICE NOTICE NOTICE NOTICE NOTICE NOTICE    **
[    1.047678] **                                                         **
[    1.048378] **  IOMMU DebugFS SUPPORT HAS BEEN ENABLED IN THIS KERNEL  **
[    1.049915] **                                                         **
[    1.051485] ** This means that this kernel is built to expose internal **
[    1.052377] ** IOMMU data structures, which may compromise security on **
[    1.053856] ** your system.                                            **
[    1.055032] **                                                         **
[    1.056208] ** If you see this message and you are not debugging the   **
[    1.056374] ** kernel, report this immediately to your vendor!         **
[    1.056488] Callback from call_rcu_tasks_trace() invoked.
[    1.057556] **                                                         **
[    1.057566] **     NOTICE NOTICE NOTICE NOTICE NOTICE NOTICE NOTICE    **
[    1.057575] *************************************************************
[    1.062827] PM: RTC time: 18:21:05, date: 2025-08-03
[    1.069453] NET: Registered PF_NETLINK/PF_ROUTE protocol family
[    1.074003] DMA: preallocated 256 KiB GFP_KERNEL pool for atomic allocations
[    1.075316] DMA: preallocated 256 KiB GFP_KERNEL|GFP_DMA pool for atomic allocations
[    1.076405] DMA: preallocated 256 KiB GFP_KERNEL|GFP_DMA32 pool for atomic allocations
[    1.077981] audit: initializing netlink subsys (disabled)
[    1.079030] audit: type=2000 audit(1754245266.463:1): state=initialized audit_enabled=0 res=1
[    1.083163] thermal_sys: Registered thermal governor 'fair_share'
[    1.083874] thermal_sys: Registered thermal governor 'bang_bang'
[    1.084385] thermal_sys: Registered thermal governor 'step_wise'
[    1.085630] thermal_sys: Registered thermal governor 'user_space'
[    1.086918] cpuidle: using governor ladder
[    1.088443] cpuidle: using governor menu
[    1.089951] acpiphp: ACPI Hot Plug PCI Controller Driver version: 0.5
[    1.092931] PCI: Using configuration type 1 for base access
[    1.094655] kprobes: kprobe jump-optimization is enabled. All kprobes are optimized if possible.
[    1.387914] HugeTLB: allocation took 0ms with hugepage_allocation_threads=1
[    1.388398] HugeTLB: registered 1.00 GiB page size, pre-allocated 0 pages
[    1.389567] HugeTLB: 16380 KiB vmemmap can be freed for a 1.00 GiB page
[    1.390728] HugeTLB: registered 2.00 MiB page size, pre-allocated 0 pages
[    1.391971] HugeTLB: 28 KiB vmemmap can be freed for a 2.00 MiB page
[    1.630839] ACPI: Added _OSI(Module Device)
[    1.631592] ACPI: Added _OSI(Processor Device)
[    1.632360] ACPI: Added _OSI(Processor Aggregator Device)
[    1.682060] ACPI: 1 ACPI AML tables successfully acquired and loaded
[    1.723228] ACPI: Interpreter enabled
[    1.724474] ACPI: PM: (supports S0 S3 S4 S5)
[    1.725528] ACPI: Using IOAPIC for interrupt routing
[    1.726978] PCI: Using host bridge windows from ACPI; if necessary, use "pci=nocrs" and report a bug
[    1.728380] PCI: Using E820 reservations for host bridge windows
[    1.732763] ACPI: Enabled 2 GPEs in block 00 to 0F
[    1.826890] ACPI: PCI Root Bridge [PCI0] (domain 0000 [bus 00-ff])
[    1.828050] acpi PNP0A03:00: _OSC: OS supports [ASPM ClockPM Segments MSI EDR HPX-Type3]
[    1.828385] acpi PNP0A03:00: _OSC: not requesting OS control; OS requires [ExtendedConfig ASPM ClockPM MSI]
[    1.830384] acpi PNP0A03:00: fail to add MMCONFIG information, can't access extended configuration space under this bridge
[    1.844301] acpiphp: Slot [3] registered
[    1.844713] acpiphp: Slot [4] registered
[    1.845752] acpiphp: Slot [5] registered
[    1.846813] acpiphp: Slot [6] registered
[    1.847837] acpiphp: Slot [7] registered
[    1.848699] acpiphp: Slot [8] registered
[    1.849714] acpiphp: Slot [9] registered
[    1.850765] acpiphp: Slot [10] registered
[    1.851808] acpiphp: Slot [11] registered
[    1.852699] acpiphp: Slot [12] registered
[    1.853729] acpiphp: Slot [13] registered
[    1.854806] acpiphp: Slot [14] registered
[    1.855834] acpiphp: Slot [15] registered
[    1.856709] acpiphp: Slot [16] registered
[    1.857748] acpiphp: Slot [17] registered
[    1.858827] acpiphp: Slot [18] registered
[    1.859851] acpiphp: Slot [19] registered
[    1.860708] acpiphp: Slot [20] registered
[    1.861732] acpiphp: Slot [21] registered
[    1.862770] acpiphp: Slot [22] registered
[    1.863799] acpiphp: Slot [23] registered
[    1.864742] acpiphp: Slot [24] registered
[    1.865783] acpiphp: Slot [25] registered
[    1.866827] acpiphp: Slot [26] registered
[    1.867866] acpiphp: Slot [27] registered
[    1.868710] acpiphp: Slot [28] registered
[    1.869783] acpiphp: Slot [29] registered
[    1.870828] acpiphp: Slot [30] registered
[    1.871857] acpiphp: Slot [31] registered
[    1.872511] PCI host bridge to bus 0000:00
[    1.873383] pci_bus 0000:00: root bus resource [io  0x0000-0x0cf7 window]
[    1.874574] pci_bus 0000:00: root bus resource [io  0x0d00-0xffff window]
[    1.875776] pci_bus 0000:00: root bus resource [mem 0x000a0000-0x000bffff window]
[    1.876383] pci_bus 0000:00: root bus resource [mem 0x80000000-0xfebfffff window]
[    1.877695] pci_bus 0000:00: root bus resource [mem 0x100000000-0x17fffffff window]
[    1.879019] pci_bus 0000:00: root bus resource [bus 00-ff]
[    1.880191] pci 0000:00:00.0: [8086:1237] type 00 class 0x060000 conventional PCI endpoint
[    1.883693] pci 0000:00:01.0: [8086:7000] type 00 class 0x060100 conventional PCI endpoint
[    1.887392] pci 0000:00:01.1: [8086:7010] type 00 class 0x010180 conventional PCI endpoint
[    1.889254] pci 0000:00:01.1: BAR 4 [io  0xc040-0xc04f]
[    1.890270] pci 0000:00:01.1: BAR 0 [io  0x01f0-0x01f7]: legacy IDE quirk
[    1.891464] pci 0000:00:01.1: BAR 1 [io  0x03f6]: legacy IDE quirk
[    1.892379] pci 0000:00:01.1: BAR 2 [io  0x0170-0x0177]: legacy IDE quirk
[    1.893597] pci 0000:00:01.1: BAR 3 [io  0x0376]: legacy IDE quirk
[    1.897229] pci 0000:00:01.3: [8086:7113] type 00 class 0x068000 conventional PCI endpoint
[    1.899225] pci 0000:00:01.3: quirk: [io  0x0600-0x063f] claimed by PIIX4 ACPI
[    1.900404] pci 0000:00:01.3: quirk: [io  0x0700-0x070f] claimed by PIIX4 SMB
[    1.904258] pci 0000:00:02.0: [1234:1111] type 00 class 0x030000 conventional PCI endpoint
[    1.907206] pci 0000:00:02.0: BAR 0 [mem 0xfd000000-0xfdffffff pref]
[    1.908460] pci 0000:00:02.0: BAR 2 [mem 0xfebf0000-0xfebf0fff]
[    1.909546] pci 0000:00:02.0: ROM [mem 0xfebe0000-0xfebeffff pref]
[    1.911072] pci 0000:00:02.0: Video device with shadowed ROM at [mem 0x000c0000-0x000dffff]
[    1.915235] pci 0000:00:03.0: [8086:100e] type 00 class 0x020000 conventional PCI endpoint
[    1.917754] pci 0000:00:03.0: BAR 0 [mem 0xfebc0000-0xfebdffff]
[    1.918837] pci 0000:00:03.0: BAR 1 [io  0xc000-0xc03f]
[    1.919837] pci 0000:00:03.0: ROM [mem 0xfeb80000-0xfebbffff pref]
[    1.971636] ACPI: PCI: Interrupt link LNKA configured for IRQ 10
[    1.974578] ACPI: PCI: Interrupt link LNKB configured for IRQ 10
[    1.977750] ACPI: PCI: Interrupt link LNKC configured for IRQ 11
[    1.980952] ACPI: PCI: Interrupt link LNKD configured for IRQ 11
[    1.982903] ACPI: PCI: Interrupt link LNKS configured for IRQ 9
[    1.992363] iommu: Default domain type: Translated
[    1.993211] iommu: DMA domain TLB invalidation policy: lazy mode
[    2.002138] SCSI subsystem initialized
[    2.004247] ACPI: bus type USB registered
[    2.004989] usbcore: registered new interface driver usbfs
[    2.006505] usbcore: registered new interface driver hub
[    2.007835] usbcore: registered new device driver usb
[    2.009304] pps_core: LinuxPPS API ver. 1 registered
[    2.010390] pps_core: Software ver. 5.3.6 - Copyright 2005-2007 Rodolfo Giometti <giometti@linux.it>
[    2.012455] PTP clock support registered
[    2.014200] EDAC MC: Ver: 3.0.0
[    2.023913] NetLabel: Initializing
[    2.024380] NetLabel:  domain hash size = 128
[    2.025353] NetLabel:  protocols = UNLABELED CIPSOv4 CALIPSO
[    2.026931] NetLabel:  unlabeled traffic allowed by default
[    2.030001] PCI: Using ACPI for IRQ routing
[    2.031920] pci 0000:00:02.0: vgaarb: setting as boot VGA device
[    2.032364] pci 0000:00:02.0: vgaarb: bridge control possible
[    2.032364] pci 0000:00:02.0: vgaarb: VGA device added: decodes=io+mem,owns=io+mem,locks=none
[    2.032384] vgaarb: loaded
[    2.034209] hpet0: at MMIO 0xfed00000, IRQs 2, 8, 0
[    2.035347] hpet0: 3 comparators, 64-bit 100.000000 MHz counter
[    2.041806] clocksource: Switched to clocksource kvm-clock
[    2.044697] VFS: Disk quotas dquot_6.6.0
[    2.045667] VFS: Dquot-cache hash table entries: 512 (order 0, 4096 bytes)
[    2.049899] pnp: PnP ACPI init
[    2.062146] pnp: PnP ACPI: found 6 devices
[    2.118115] clocksource: acpi_pm: mask: 0xffffff max_cycles: 0xffffff, max_idle_ns: 2085701024 ns
[    2.122875] NET: Registered PF_INET protocol family
[    2.124999] IP idents hash table entries: 32768 (order: 6, 262144 bytes, linear)
[    2.131211] tcp_listen_portaddr_hash hash table entries: 1024 (order: 4, 73728 bytes, linear)
[    2.133274] Table-perturb hash table entries: 65536 (order: 6, 262144 bytes, linear)
[    2.135352] TCP established hash table entries: 16384 (order: 5, 131072 bytes, linear)
[    2.137744] TCP bind hash table entries: 16384 (order: 9, 2359296 bytes, linear)
[    2.141199] TCP: Hash tables configured (established 16384 bind 16384)
[    2.142537] UDP hash table entries: 1024 (order: 6, 262144 bytes, linear)
[    2.143894] UDP-Lite hash table entries: 1024 (order: 6, 262144 bytes, linear)
[    2.145811] NET: Registered PF_UNIX/PF_LOCAL protocol family
[    2.148324] RPC: Registered named UNIX socket transport module.
[    2.149381] RPC: Registered udp transport module.
[    2.150210] RPC: Registered tcp transport module.
[    2.151060] RPC: Registered tcp-with-tls transport module.
[    2.152004] RPC: Registered tcp NFSv4.1 backchannel transport module.
[    2.153196] pci_bus 0000:00: resource 4 [io  0x0000-0x0cf7 window]
[    2.154282] pci_bus 0000:00: resource 5 [io  0x0d00-0xffff window]
[    2.155421] pci_bus 0000:00: resource 6 [mem 0x000a0000-0x000bffff window]
[    2.156721] pci_bus 0000:00: resource 7 [mem 0x80000000-0xfebfffff window]
[    2.158050] pci_bus 0000:00: resource 8 [mem 0x100000000-0x17fffffff window]
[    2.160134] pci 0000:00:01.0: PIIX3: Enabling Passive Release
[    2.161180] pci 0000:00:00.0: Limiting direct PCI/PCI transfers
[    2.162450] PCI: CLS 0 bytes, default 64
[    2.164118] ACPI: bus type thunderbolt registered
[    2.165844] clocksource: tsc: mask: 0xffffffffffffffff max_cycles: 0x1e33052aadd, max_idle_ns: 440795310221 ns
[    8.608808] Initialise system trusted keyrings
[    8.609896] Key type blacklist registered
[    8.611354] workingset: timestamp_bits=36 max_order=19 bucket_order=0
[    8.617259] squashfs: version 4.0 (2009/01/31) Phillip Lougher
[    8.621224] NFS: Registering the id_resolver key type
[    8.622185] Key type id_resolver registered
[    8.622929] Key type id_legacy registered
[    8.623725] nfs4filelayout_init: NFSv4 File Layout Driver Registering...
[    8.625024] nfs4flexfilelayout_init: NFSv4 Flexfile Layout Driver Registering...
[    8.626979] fuse: init (API version 7.44)
[    8.629227] SGI XFS with ACLs, security attributes, realtime, quota, no debug enabled
[    8.633467] 9p: Installing v9fs 9p2000 file system support
[    8.670711] Key type asymmetric registered
[    8.671474] Asymmetric key parser 'x509' registered
[    8.672611] Block layer SCSI generic (bsg) driver version 0.4 loaded (major 242)
[    8.674347] io scheduler mq-deadline registered
[    8.675371] io scheduler bfq registered
[    8.676975] ledtrig-cpu: registered to indicate activity on CPUs
[    8.681166] IPMI message handler: version 39.2
[    8.682108] ipmi device interface
[    8.687635] input: Power Button as /devices/LNXSYSTM:00/LNXPWRBN:00/input/input0
[    8.690084] ACPI: button: Power Button [PWRF]
[    8.694308] ERST DBG: ERST support is disabled.
[    8.698545] Serial: 8250/16550 driver, 32 ports, IRQ sharing enabled
[    8.702023] 00:04: ttyS0 at I/O 0x3f8 (irq = 4, base_baud = 115200) is a 16550A
[    8.767279] Linux agpgart interface v0.103
[    8.773064] ACPI: bus type drm_connector registered
[    8.812582] Callback from call_rcu_tasks() invoked.
[    8.827937] brd: module loaded
[    8.857106] loop: module loaded
[    8.876800] scsi host0: ata_piix
[    8.879938] scsi host1: ata_piix
[    8.881714] ata1: PATA max MWDMA2 cmd 0x1f0 ctl 0x3f6 bmdma 0xc040 irq 14 lpm-pol 0
[    8.883082] ata2: PATA max MWDMA2 cmd 0x170 ctl 0x376 bmdma 0xc048 irq 15 lpm-pol 0
[    8.892130] tun: Universal TUN/TAP device driver, 1.6
[    8.893873] e100: Intel(R) PRO/100 Network Driver
[    8.894750] e100: Copyright(c) 1999-2006 Intel Corporation
[    8.895980] e1000: Intel(R) PRO/1000 Network Driver
[    8.896880] e1000: Copyright (c) 1999-2006 Intel Corporation.
[    8.935775] ACPI: \_SB_.LNKC: Enabled at IRQ 11
[    9.040538] ata1: found unknown device (class 0)
[    9.042782] ata1.00: ATA-7: QEMU HARDDISK, 2.5+, max UDMA/100
[    9.044225] ata1.00: 17196647 sectors, multi 16: LBA48 
[    9.046894] ata2: found unknown device (class 0)
[    9.048735] scsi 0:0:0:0: Direct-Access     ATA      QEMU HARDDISK    2.5+ PQ: 0 ANSI: 5
[    9.049306] ata2.00: ATAPI: QEMU DVD-ROM, 2.5+, max UDMA/100
[    9.059154] sd 0:0:0:0: [sda] 17196647 512-byte logical blocks: (8.80 GB/8.20 GiB)
[    9.061317] sd 0:0:0:0: Attached scsi generic sg0 type 0
[    9.063563] sd 0:0:0:0: [sda] Write Protect is off
[    9.065904] sd 0:0:0:0: [sda] Write cache: enabled, read cache: enabled, doesn't support DPO or FUA
[    9.068566] sd 0:0:0:0: [sda] Preferred minimum I/O size 512 bytes
[    9.072733] scsi 1:0:0:0: CD-ROM            QEMU     QEMU DVD-ROM     2.5+ PQ: 0 ANSI: 5
[    9.102042] sd 0:0:0:0: [sda] Attached SCSI disk
[    9.107161] scsi 1:0:0:0: Attached scsi generic sg1 type 5
[    9.297559] e1000 0000:00:03.0 eth0: (PCI:33MHz:32-bit) 52:54:00:12:34:56
[    9.298854] e1000 0000:00:03.0 eth0: Intel(R) PRO/1000 Network Connection
[    9.300534] e1000e: Intel(R) PRO/1000 Network Driver
[    9.301411] e1000e: Copyright(c) 1999 - 2015 Intel Corporation.
[    9.302796] igb: Intel(R) Gigabit Ethernet Network Driver
[    9.303741] igb: Copyright (c) 2007-2014 Intel Corporation.
[    9.305555] PPP generic driver version 2.4.2
[    9.307884] VFIO - User Level meta-driver version: 0.3
[    9.311223] usbcore: registered new interface driver uas
[    9.312482] usbcore: registered new interface driver usb-storage
[    9.314077] i8042: PNP: PS/2 Controller [PNP0303:KBD,PNP0f13:MOU] at 0x60,0x64 irq 1,12
[    9.317187] serio: i8042 KBD port at 0x60,0x64 irq 1
[    9.318203] serio: i8042 AUX port at 0x60,0x64 irq 12
[    9.321523] mousedev: PS/2 mouse device common for all mice
[    9.326069] input: AT Translated Set 2 keyboard as /devices/platform/i8042/serio0/input/input1
[    9.328480] rtc_cmos 00:05: RTC can wake from S4
[    9.333528] rtc_cmos 00:05: registered as rtc0
[    9.334472] rtc_cmos 00:05: setting system clock to 2025-08-03T18:21:14 UTC (1754245274)
[    9.338501] input: VirtualPS/2 VMware VMMouse as /devices/platform/i8042/serio1/input/input4
[    9.340961] rtc_cmos 00:05: alarms up to one day, y3k, 242 bytes nvram, hpet irqs
[    9.343065] i2c_dev: i2c /dev entries driver
[    9.344489] input: VirtualPS/2 VMware VMMouse as /devices/platform/i8042/serio1/input/input3
[    9.344533] device-mapper: core: CONFIG_IMA_DISABLE_HTABLE is disabled. Duplicate IMA measurements will not be recorded in the IMA log.
[    9.349486] device-mapper: uevent: version 1.0.3
[    9.351284] device-mapper: ioctl: 4.50.0-ioctl (2025-04-28) initialised: dm-devel@lists.linux.dev
[    9.352941] intel_pstate: CPU model not supported
[    9.354325] sdhci: Secure Digital Host Controller Interface driver
[    9.355397] sdhci: Copyright(c) Pierre Ossman
[    9.356700] sdhci-pltfm: SDHCI platform and OF driver helper
[    9.358829] drop_monitor: Initializing network drop monitor service
[    9.360765] NET: Registered PF_INET6 protocol family
[    9.368256] Segment Routing with IPv6
[    9.369200] In-situ OAM (IOAM) with IPv6
[    9.370026] NET: Registered PF_PACKET protocol family
[    9.371435] 9pnet: Installing 9P2000 support
[    9.372483] Key type dns_resolver registered
[    9.376374] resctrl: No MBM correction factor available
[    9.377469] IPI shorthand broadcast: enabled
[    9.502059] sched_clock: Marking stable (9468008657, 32262419)->(9534863808, -34592732)
[    9.505245] registered taskstats version 1
[    9.506713] Loading compiled-in X.509 certificates
[    9.673301] Demotion targets for Node 0: null
[    9.676606] Key type .fscrypt registered
[    9.677324] Key type fscrypt-provisioning registered
[    9.682700] Key type encrypted registered
[    9.683577] ima: No TPM chip found, activating TPM-bypass!
[    9.684662] ima: Allocated hash algorithm: sha1
[    9.685586] ima: No architecture policies found
[    9.686696] evm: Initialising EVM extended attributes:
[    9.687587] evm: security.selinux
[    9.688177] evm: security.SMACK64
[    9.688899] evm: security.SMACK64EXEC
[    9.689550] evm: security.SMACK64TRANSMUTE
[    9.690306] evm: security.SMACK64MMAP
[    9.690953] evm: security.apparmor
[    9.691554] evm: security.ima
[    9.692080] evm: security.capability
[    9.692774] evm: HMAC attrs: 0x1
[    9.697854] PM:   Magic number: 5:968:391
[    9.700232] RAS: Correctable Errors collector initialized.
[    9.702154] clk: Disabling unused clocks
[    9.702978] PM: genpd: Disabling unused power domains
[    9.705234] md: Waiting for all devices to be available before autodetect
[    9.706140] md: If you don't use raid, use raid=noautodetect
[    9.706858] md: Autodetecting RAID arrays.
[    9.707394] md: autorun ...
[    9.707762] md: ... autorun DONE.
[    9.718612] EXT4-fs (sda): INFO: recovery required on readonly filesystem
[    9.719500] EXT4-fs (sda): write access will be enabled during recovery
[    9.814623] EXT4-fs (sda): recovery complete
[    9.818362] EXT4-fs (sda): mounted filesystem 088740a9-c8b4-422c-999d-a804eb68a4da ro with ordered data mode. Quota mode: none.
[    9.819855] VFS: Mounted root (ext4 filesystem) readonly on device 8:0.
[    9.823616] devtmpfs: mounted
[    9.851103] Freeing unused decrypted memory: 2028K
[    9.861233] Freeing unused kernel image (initmem) memory: 16064K
[    9.862960] Write protecting the kernel read-only data: 98304k
[    9.868503] Freeing unused kernel image (text/rodata gap) memory: 888K
[    9.869850] Freeing unused kernel image (rodata/data gap) memory: 100K
[   10.107167] x86/mm: Checked W+X mappings: passed, no W+X pages found.
[   10.107974] x86/mm: Checking user space page tables
[   10.332522] x86/mm: Checked W+X mappings: passed, no W+X pages found.
[   10.333351] Run /sbin/init as init process
[   10.584173] systemd[1]: systemd 252-15.el9 running in system mode (+PAM +AUDIT +SELINUX -APPARMOR +IMA +SMACK +SECCOMP +GCRYPT +GNUTLS +OPENSSL +ACL +BLKID +CURL +ELFUTILS -FIDO2 +IDN2 -IDN -IPTC +KMOD +LIBCRYPTSETUP +LIBFDISK +PCRE2 -PWQUALITY +P11KIT -QRENCODE +TPM2 +BZIP2 +LZ4 +XZ +ZLIB +ZSTD -BPF_FRAMEWORK +XKBCOMMON +UTMP +SYSVINIT default-hierarchy=unified)
[   10.588145] systemd[1]: Detected virtualization kvm.
[   10.589566] systemd[1]: Detected architecture x86-64.

Welcome to [0;31mCentOS Stream 9[0m!

[   10.599572] systemd[1]: Hostname set to <test>.
[   10.956615] systemd-rc-local-generator[123]: /etc/rc.d/rc.local is not marked executable, skipping.
[   11.678829] systemd[1]: Queued start job for default target Multi-User System.
[   11.705711] systemd[1]: Created slice Virtual Machine and Container Slice.
[[0;32m  OK  [0m] Created slice [0;1;39mVirtual Machine and Container Slice[0m.
[   11.721364] systemd[1]: Created slice Slice /system/getty.
[[0;32m  OK  [0m] Created slice [0;1;39mSlice /system/getty[0m.
[   11.727989] systemd[1]: Created slice Slice /system/modprobe.
[[0;32m  OK  [0m] Created slice [0;1;39mSlice /system/modprobe[0m.
[   11.734588] systemd[1]: Created slice Slice /system/serial-getty.
[[0;32m  OK  [0m] Created slice [0;1;39mSlice /system/serial-getty[0m.
[   11.741151] systemd[1]: Created slice Slice /system/sshd-keygen.
[[0;32m  OK  [0m] Created slice [0;1;39mSlice /system/sshd-keygen[0m.
[   11.747307] systemd[1]: Created slice User and Session Slice.
[[0;32m  OK  [0m] Created slice [0;1;39mUser and Session Slice[0m.
[   11.750087] systemd[1]: Started Forward Password Requests to Wall Directory Watch.
[[0;32m  OK  [0m] Started [0;1;39mForward Password R…uests to Wall Directory Watch[0m.
[   11.754458] systemd[1]: Set up automount Arbitrary Executable File Formats File System Automount Point.
[[0;32m  OK  [0m] Set up automount [0;1;39mArbitrary…s File System Automount Point[0m.
[   11.757610] systemd[1]: Reached target Local Integrity Protected Volumes.
[[0;32m  OK  [0m] Reached target [0;1;39mLocal Integrity Protected Volumes[0m.
[   11.759961] systemd[1]: Reached target Slice Units.
[[0;32m  OK  [0m] Reached target [0;1;39mSlice Units[0m.
[   11.761746] systemd[1]: Reached target Swaps.
[[0;32m  OK  [0m] Reached target [0;1;39mSwaps[0m.
[   11.763421] systemd[1]: Reached target Local Verity Protected Volumes.
[[0;32m  OK  [0m] Reached target [0;1;39mLocal Verity Protected Volumes[0m.
[   11.766426] systemd[1]: Listening on Device-mapper event daemon FIFOs.
[[0;32m  OK  [0m] Listening on [0;1;39mDevice-mapper event daemon FIFOs[0m.
[   11.769906] systemd[1]: Listening on LVM2 poll daemon socket.
[[0;32m  OK  [0m] Listening on [0;1;39mLVM2 poll daemon socket[0m.
[   11.772214] systemd[1]: multipathd control socket was skipped because of an unmet condition check (ConditionPathExists=/etc/multipath.conf).
[   12.024090] systemd[1]: Listening on RPCbind Server Activation Socket.
[[0;32m  OK  [0m] Listening on [0;1;39mRPCbind Server Activation Socket[0m.
[   12.031588] systemd[1]: Reached target RPC Port Mapper.
[[0;32m  OK  [0m] Reached target [0;1;39mRPC Port Mapper[0m.
[   12.046230] systemd[1]: Listening on Process Core Dump Socket.
[[0;32m  OK  [0m] Listening on [0;1;39mProcess Core Dump Socket[0m.
[   12.050472] systemd[1]: Listening on initctl Compatibility Named Pipe.
[[0;32m  OK  [0m] Listening on [0;1;39minitctl Compatibility Named Pipe[0m.
[   12.055360] systemd[1]: Listening on Journal Socket (/dev/log).
[[0;32m  OK  [0m] Listening on [0;1;39mJournal Socket (/dev/log)[0m.
[   12.058925] systemd[1]: Listening on Journal Socket.
[[0;32m  OK  [0m] Listening on [0;1;39mJournal Socket[0m.
[   12.062393] systemd[1]: Listening on udev Control Socket.
[[0;32m  OK  [0m] Listening on [0;1;39mudev Control Socket[0m.
[   12.065333] systemd[1]: Listening on udev Kernel Socket.
[[0;32m  OK  [0m] Listening on [0;1;39mudev Kernel Socket[0m.
[   12.093243] systemd[1]: Mounting Huge Pages File System...
         Mounting [0;1;39mHuge Pages File System[0m...
[   12.112246] systemd[1]: Mounting POSIX Message Queue File System...
         Mounting [0;1;39mPOSIX Message Queue File System[0m...
[   12.128971] systemd[1]: Mounting Kernel Debug File System...
         Mounting [0;1;39mKernel Debug File System[0m...
[   12.164629] systemd[1]: Mounting Kernel Trace File System...
         Mounting [0;1;39mKernel Trace File System[0m...
[   12.167165] systemd[1]: Kernel Module supporting RPCSEC_GSS was skipped because of an unmet condition check (ConditionPathExists=/etc/krb5.keytab).
[   12.170040] systemd[1]: Create List of Static Device Nodes was skipped because of an unmet condition check (ConditionFileNotEmpty=/lib/modules/6.16.0-rc5-bdb86f6b8763+/modules.devname).
[   12.183693] systemd[1]: Starting Monitoring of LVM2 mirrors, snapshots etc. using dmeventd or progress polling...
         Starting [0;1;39mMonitoring of LVM…meventd or progress polling[0m...
[   12.204949] systemd[1]: Starting Load Kernel Module configfs...
         Starting [0;1;39mLoad Kernel Module configfs[0m...
[   12.241465] systemd[1]: Starting Load Kernel Module drm...
         Starting [0;1;39mLoad Kernel Module drm[0m...
[   12.269848] systemd[1]: Starting Load Kernel Module fuse...
         Starting [0;1;39mLoad Kernel Module fuse[0m...
[   12.321770] systemd[1]: Starting Read and set NIS domainname from /etc/sysconfig/network...
         Starting [0;1;39mRead and set NIS …from /etc/sysconfig/network[0m...
[   12.364182] systemd[1]: Starting Journal Service...
         Starting [0;1;39mJournal Service[0m...
[   12.382154] systemd[1]: Starting Load Kernel Modules...
         Starting [0;1;39mLoad Kernel Modules[0m...
[   12.408540] systemd[1]: Starting Generate network units from Kernel command line...
         Starting [0;1;39mGenerate network …ts from Kernel command line[0m...
[   12.456952] systemd[1]: Starting Remount Root and Kernel File Systems...
         Starting [0;1;39mRemount Root and Kernel File Systems[0m...
[   12.459810] systemd[1]: Repartition Root Disk was skipped because no trigger condition checks were met.
[   12.525127] systemd[1]: Starting Coldplug All udev Devices...
         Starting [0;1;39mColdplug All udev Devices[0m...
[   12.570818] systemd[1]: Mounted Huge Pages File System.
[[0;32m  OK  [0m] Mounted [0;1;39mHuge Pages File System[0m.
[   12.578324] systemd[1]: Mounted POSIX Message Queue File System.
[[0;32m  OK  [0m] Mounted [0;1;39mPOSIX Message Queue File System[0m.
[   12.589987] systemd[1]: Mounted Kernel Debug File System.
[[0;32m  OK  [0m] Mounted [0;1;39mKernel Debug File System[0m.
[   12.602123] systemd[1]: Mounted Kernel Trace File System.
[[0;32m  OK  [0m] Mounted [0;1;39mKernel Trace File System[0m.
[   12.617336] systemd[1]: Finished Monitoring of LVM2 mirrors, snapshots etc. using dmeventd or progress polling.
[[0;32m  OK  [0m] Finished [0;1;39mMonitoring of LVM… dmeventd or progress polling[0m.
[   12.627456] systemd[1]: modprobe@configfs.service: Deactivated successfully.
[   12.630914] systemd[1]: Finished Load Kernel Module configfs.
[[0;32m  OK  [0m] Finished [0;1;39mLoad Kernel Module configfs[0m.
[   12.636089] systemd[1]: modprobe@drm.service: Deactivated successfully.
[   12.641614] systemd[1]: Finished Load Kernel Module drm.
[[0;32m  OK  [0m] Finished [0;1;39mLoad Kernel Module drm[0m.
[   12.644732] EXT4-fs (sda): re-mounted 088740a9-c8b4-422c-999d-a804eb68a4da r/w.
[   12.647291] systemd[1]: modprobe@fuse.service: Deactivated successfully.
[   12.650737] systemd[1]: Finished Load Kernel Module fuse.
[[0;32m  OK  [0m] Finished [0;1;39mLoad Kernel Module fuse[0m.
[   12.660810] systemd[1]: Finished Read and set NIS domainname from /etc/sysconfig/network.
[[0;32m  OK  [0m] Finished [0;1;39mRead and set NIS …e from /etc/sysconfig/network[0m.
[   12.665564] systemd[1]: systemd-modules-load.service: Main process exited, code=exited, status=1/FAILURE
[   12.669855] systemd[1]: systemd-modules-load.service: Failed with result 'exit-code'.
[   12.676451] systemd[1]: Failed to start Load Kernel Modules.
[[0;1;31mFAILED[0m] Failed to start [0;1;39mLoad Kernel Modules[0m.
See 'systemctl status systemd-modules-load.service' for details.
[   12.687805] systemd[1]: Finished Generate network units from Kernel command line.
[[0;32m  OK  [0m] Finished [0;1;39mGenerate network units from Kernel command line[0m.
[   12.704435] systemd[1]: Finished Remount Root and Kernel File Systems.
[[0;32m  OK  [0m] Finished [0;1;39mRemount Root and Kernel File Systems[0m.
[   12.713256] systemd[1]: Reached target Preparation for Network.
[[0;32m  OK  [0m] Reached target [0;1;39mPreparation for Network[0m.
[   12.757401] systemd[1]: Mounting FUSE Control File System...
         Mounting [0;1;39mFUSE Control File System[0m...
[   12.789277] systemd[1]: Mounting Kernel Configuration File System...
         Mounting [0;1;39mKernel Configuration File System[0m...
[   12.791682] systemd[1]: Special handling of early boot iSCSI sessions was skipped because of an unmet condition check (ConditionDirectoryNotEmpty=/sys/class/iscsi_session).
[   12.796691] systemd[1]: First Boot Wizard was skipped because of an unmet condition check (ConditionFirstBoot=yes).
[   12.807179] systemd[1]: Rebuild Hardware Database was skipped because of an unmet condition check (ConditionNeedsUpdate=/etc).
[   12.842047] systemd[1]: Starting Load/Save Random Seed...
         Starting [0;1;39mLoad/Save Random Seed[0m...
[   12.859278] systemd[1]: Starting Apply Kernel Variables...
         Starting [0;1;39mApply Kernel Variables[0m...
[   12.866476] systemd[1]: Create System Users was skipped because no trigger condition checks were met.
[   12.883151] systemd[1]: Starting Create Static Device Nodes in /dev...
         Starting [0;1;39mCreate Static Device Nodes in /dev[0m...
[   12.922926] systemd[1]: Starting Setup Virtual Console...
         Starting [0;1;39mSetup Virtual Console[0m...
[   12.969182] systemd[1]: Started Journal Service.
[[0;32m  OK  [0m] Started [0;1;39mJournal Service[0m.
[[0;32m  OK  [0m] Mounted [0;1;39mFUSE Control File System[0m.
[[0;32m  OK  [0m] Mounted [0;1;39mKernel Configuration File System[0m.
[[0;32m  OK  [0m] Finished [0;1;39mLoad/Save Random Seed[0m.
         Starting [0;1;39mFlush Journal to Persistent Storage[0m...
[[0;32m  OK  [0m] Finished [0;1;39mApply Kernel Variables[0m.
[[0;32m  OK  [0m] Finished [0;1;39mCreate Static Device Nodes in /dev[0m.
[   13.233762] systemd-journald[145]: Received client request to flush runtime journal.
         Starting [0;1;39mRule-based Manage…for Device Events and Files[0m...
[[0;32m  OK  [0m] Finished [0;1;39mFlush Journal to Persistent Storage[0m.
[[0;32m  OK  [0m] Started [0;1;39mRule-based Manager for Device Events and Files[0m.
         Starting [0;1;39mAuto-connect to s…E devices found during boot[0m...
[[0;32m  OK  [0m] Finished [0;1;39mAuto-connect to s…VME devices found during boot[0m.
[[0;32m  OK  [0m] Finished [0;1;39mSetup Virtual Console[0m.
[[0;32m  OK  [0m] Finished [0;1;39mColdplug All udev Devices[0m.
         Starting [0;1;39mShow Plymouth Boot Screen[0m...
         Starting [0;1;39mWait for udev To …plete Device Initialization[0m...
[2J[3J[-1;-1f[[0;32m  OK  [0m] Started [0;1;39mShow Plymouth Boot Screen[0m.
[[0;32m  OK  [0m] Started [0;1;39mForward Password R…s to Plymouth Directory Watch[0m.
[[0;32m  OK  [0m] Reached target [0;1;39mLocal Encrypted Volumes[0m.
[[0;32m  OK  [0m] Reached target [0;1;39mPath Units[0m.
[[0;32m  OK  [0m] Found device [0;1;39m/dev/ttyS0[0m.
[[0m[0;31m*     [0m] A start job is running for Wait for…ice Initialization (5s / no limit)
M[K[[0;1;31m*[0m[0;31m*    [0m] A start job is running for Wait for…ice Initialization (5s / no limit)
M[K[[0;32m  OK  [0m] Listening on [0;1;39mLoad/Save RF …itch Status /dev/rfkill Watch[0m.
[K[[0;32m  OK  [0m] Finished [0;1;39mWait for udev To Complete Device Initialization[0m.
[[0;32m  OK  [0m] Reached target [0;1;39mPreparation for Local File Systems[0m.
[[0;32m  OK  [0m] Reached target [0;1;39mLocal File Systems[0m.
         Starting [0;1;39mTell Plymouth To Write Out Runtime Data[0m...
         Starting [0;1;39mAutomatic Boot Loader Update[0m...
         Starting [0;1;39mCreate Volatile Files and Directories[0m...
[[0;32m  OK  [0m] Finished [0;1;39mTell Plymouth To Write Out Runtime Data[0m.
[[0;32m  OK  [0m] Finished [0;1;39mAutomatic Boot Loader Update[0m.
[[0;32m  OK  [0m] Finished [0;1;39mCreate Volatile Files and Directories[0m.
         Mounting [0;1;39mRPC Pipe File System[0m...
         Starting [0;1;39mSecurity Auditing Service[0m...
         Starting [0;1;39mRPC Bind[0m...
[[0;32m  OK  [0m] Mounted [0;1;39mRPC Pipe File System[0m.
[[0;32m  OK  [0m] Reached target [0;1;39mrpc_pipefs.target[0m.
[[0;32m  OK  [0m] Started [0;1;39mRPC Bind[0m.
[[0;32m  OK  [0m] Started [0;1;39mSecurity Auditing Service[0m.
         Starting [0;1;39mRecord System Boot/Shutdown in UTMP[0m...
[[0;32m  OK  [0m] Finished [0;1;39mRecord System Boot/Shutdown in UTMP[0m.
[[0;32m  OK  [0m] Reached target [0;1;39mSystem Initialization[0m.
[[0;32m  OK  [0m] Started [0;1;39mDaily rotation of log files[0m.
[[0;32m  OK  [0m] Started [0;1;39mUpdates mlocate database every day[0m.
[[0;32m  OK  [0m] Started [0;1;39mDaily Cleanup of Temporary Directories[0m.
[[0;32m  OK  [0m] Started [0;1;39mdaily update of the root trust anchor for DNSSEC[0m.
[[0;32m  OK  [0m] Reached target [0;1;39mTimer Units[0m.
[[0;32m  OK  [0m] Listening on [0;1;39mD-Bus System Message Bus Socket[0m.
[[0;32m  OK  [0m] Listening on [0;1;39mOpen-iSCSI iscsid Socket[0m.
[[0;32m  OK  [0m] Listening on [0;1;39mOpen-iSCSI iscsiuio Socket[0m.
[[0;32m  OK  [0m] Listening on [0;1;39mSSSD Kerberos…ache Manager responder socket[0m.
[[0;32m  OK  [0m] Listening on [0;1;39mLibvirt interface local socket[0m.
[[0;32m  OK  [0m] Listening on [0;1;39mVirtual machine lock manager socket[0m.
[[0;32m  OK  [0m] Listening on [0;1;39mVirtual machine log manager socket[0m.
[[0;32m  OK  [0m] Listening on [0;1;39mLibvirt network local socket[0m.
[[0;32m  OK  [0m] Listening on [0;1;39mLibvirt nodedev local socket[0m.
[[0;32m  OK  [0m] Listening on [0;1;39mLibvirt nwfilter local socket[0m.
[[0;32m  OK  [0m] Listening on [0;1;39mLibvirt proxy local socket[0m.
[[0;32m  OK  [0m] Listening on [0;1;39mLibvirt qemu local socket[0m.
[[0;32m  OK  [0m] Listening on [0;1;39mLibvirt qemu admin socket[0m.
[[0;32m  OK  [0m] Listening on [0;1;39mLibvirt qemu local read-only socket[0m.
[[0;32m  OK  [0m] Listening on [0;1;39mLibvirt secret local socket[0m.
[[0;32m  OK  [0m] Listening on [0;1;39mLibvirt storage local socket[0m.
[[0;32m  OK  [0m] Reached target [0;1;39mSocket Units[0m.
         Starting [0;1;39mD-Bus System Message Bus[0m...
[[0;32m  OK  [0m] Started [0;1;39mD-Bus System Message Bus[0m.
[[0;32m  OK  [0m] Reached target [0;1;39mBasic System[0m.
         Starting [0;1;39mNetwork Manager[0m...
         Starting [0;1;39mNTP client/server[0m...
         Starting [0;1;39mRestore /run/initramfs on shutdown[0m...
[[0;32m  OK  [0m] Started [0;1;39mirqbalance daemon[0m.
[[0;32m  OK  [0m] Started [0;1;39mlibstoragemgmt plug-in server daemon[0m.
[[0;32m  OK  [0m] Started [0;1;39mMachine Check Exception Logging Daemon[0m.
[[0;32m  OK  [0m] Reached target [0;1;39msshd-keygen.target[0m.
[[0;32m  OK  [0m] Reached target [0;1;39mUser and Group Name Lookups[0m.
         Starting [0;1;39mUser Login Management[0m...
         Starting [0;1;39mVirtual Machine a…tainer Registration Service[0m...
[[0;32m  OK  [0m] Finished [0;1;39mRestore /run/initramfs on shutdown[0m.
         Starting [0;1;39mHostname Service[0m...
[[0;32m  OK  [0m] Started [0;1;39mVirtual Machine an…ontainer Registration Service[0m.
[[0;32m  OK  [0m] Started [0;1;39mNTP client/server[0m.
[[0;32m  OK  [0m] Started [0;1;39mUser Login Management[0m.
[[0;32m  OK  [0m] Started [0;1;39mHostname Service[0m.
         Starting [0;1;39mNetwork Manager Script Dispatcher Service[0m...
[[0;32m  OK  [0m] Started [0;1;39mNetwork Manager Script Dispatcher Service[0m.
[   20.676524] e1000: eth0 NIC Link is Up 1000 Mbps Full Duplex, Flow Control: RX
[[0;32m  OK  [0m] Started [0;1;39mNetwork Manager[0m.
[[0;32m  OK  [0m] Reached target [0;1;39mNetwork[0m.
[[0;32m  OK  [0m] Reached target [0;1;39mNetwork is Online[0m.
         Starting [0;1;39mGSSAPI Proxy Daemon[0m...
         Starting [0;1;39mNotify NFS peers of a restart[0m...
         Starting [0;1;39mSystem Logging Service[0m...
         Starting [0;1;39mOpenSSH server daemon[0m...
         Starting [0;1;39mDynamic System Tuning Daemon[0m...
[[0;32m  OK  [0m] Started [0;1;39mGSSAPI Proxy Daemon[0m.
[[0;32m  OK  [0m] Started [0;1;39mNotify NFS peers of a restart[0m.
[[0;32m  OK  [0m] Reached target [0;1;39mNFS client services[0m.
[[0;32m  OK  [0m] Reached target [0;1;39mPreparation for Remote File Systems[0m.
[[0;32m  OK  [0m] Reached target [0;1;39mRemote File Systems[0m.
         Starting [0;1;39mPermit User Sessions[0m...
         Starting [0;1;39mVirtualization qemu daemon[0m...
[[0;32m  OK  [0m] Started [0;1;39mOpenSSH server daemon[0m.
[[0;32m  OK  [0m] Finished [0;1;39mPermit User Sessions[0m.
[[0;32m  OK  [0m] Started [0;1;39mDeferred execution scheduler[0m.
[[0;32m  OK  [0m] Started [0;1;39mCommand Scheduler[0m.
         Starting [0;1;39mHold until boot process finishes up[0m...
         Starting [0;1;39mTerminate Plymouth Boot Screen[0m...
[[0;32m  OK  [0m] Started [0;1;39mSystem Logging Service[0m.
[[0;32m  OK  [0m] Started [0;1;39mVirtualization qemu daemon[0m.

CentOS Stream 9
Kernel 6.16.0-rc5-bdb86f6b8763+ on an x86_64

Activate the web console with: systemctl enable --now cockpit.socket

test login: [   36.037314] loop0: detected capacity change from 0 to 65536
[   36.329499] loop0: detected capacity change from 0 to 65536
[   36.620167] loop0: detected capacity change from 0 to 65536
[   36.954151] loop0: detected capacity change from 0 to 65536
[   37.284905] loop0: detected capacity change from 0 to 65536
[   37.577357] loop0: detected capacity change from 0 to 65536
[   37.923352] loop0: detected capacity change from 0 to 65536
[   38.260393] loop0: detected capacity change from 0 to 65536
[   38.620439] loop0: detected capacity change from 0 to 65536
[   38.954441] loop0: detected capacity change from 0 to 65536
[   39.300935] loop0: detected capacity change from 0 to 65536
[   39.640678] loop0: detected capacity change from 0 to 65536
[   39.993300] loop0: detected capacity change from 0 to 65536
[   40.354946] loop0: detected capacity change from 0 to 65536
[   40.707376] loop0: detected capacity change from 0 to 65536
[   41.062682] loop0: detected capacity change from 0 to 65536
[   41.396502] loop0: detected capacity change from 0 to 65536
[   41.734186] loop0: detected capacity change from 0 to 65536
[   42.070530] loop0: detected capacity change from 0 to 65536
[   42.411141] loop0: detected capacity change from 0 to 65536
[   42.776787] loop0: detected capacity change from 0 to 65536
[   43.112528] loop0: detected capacity change from 0 to 65536
[   43.444985] loop0: detected capacity change from 0 to 65536
[   43.779083] loop0: detected capacity change from 0 to 65536
[   44.120939] loop0: detected capacity change from 0 to 65536
[   44.469056] loop0: detected capacity change from 0 to 65536
[   44.814002] loop0: detected capacity change from 0 to 65536
[   45.110768] loop0: detected capacity change from 0 to 65536
[   45.463340] loop0: detected capacity change from 0 to 65536
[   45.797704] loop0: detected capacity change from 0 to 65536
[   46.133346] loop0: detected capacity change from 0 to 65536
[   46.477345] loop0: detected capacity change from 0 to 65536
[   46.820941] loop0: detected capacity change from 0 to 65536
[   47.162030] loop0: detected capacity change from 0 to 65536
[   47.500125] loop0: detected capacity change from 0 to 65536
[   47.834893] loop0: detected capacity change from 0 to 65536
[   48.171186] loop0: detected capacity change from 0 to 65536
[   48.518983] loop0: detected capacity change from 0 to 65536
[   48.869669] loop0: detected capacity change from 0 to 65536
[   48.933378] Oops: general protection fault, probably for non-canonical address 0xdffffc0000000003: 0000 [#1] SMP KASAN PTI
[   48.935082] KASAN: null-ptr-deref in range [0x0000000000000018-0x000000000000001f]
[   48.936244] CPU: 0 UID: 0 PID: 830 Comm: repro Not tainted 6.16.0-rc5-bdb86f6b8763+ #1 PREEMPT(voluntary) 
[   48.937774] Hardware name: QEMU Standard PC (i440FX + PIIX, 1996), BIOS rel-1.16.3-0-ga6ed6b701f0a-prebuilt.qemu.org 04/01/2014
[   48.939493] RIP: 0010:kasan_byte_accessible+0x15/0x30
[   48.940330] Code: 03 0f 1f 40 00 90 90 90 90 90 90 90 90 90 90 90 90 90 90 90 90 66 0f 1f 00 48 b8 00 00 00 00 00 fc ff df 48 c1 ef 03 48 01 c7 <0f> b6 07 3c 07 0f 96 c0 e9 8e 11 de 03 66 66 2e 0f 1f 84 00 00 00
[   48.943053] RSP: 0018:ffff88800ea57460 EFLAGS: 00010286
[   48.943718] RAX: dffffc0000000000 RBX: 0000000000000001 RCX: 1ffffffff0ddb9fc
[   48.944674] RDX: 0000000000000000 RSI: ffffffff85d12658 RDI: dffffc0000000003
[   48.945563] RBP: ffff88800ea57480 R08: 0000000000000001 R09: 0000000000000000
[   48.946444] R10: 0000000000000000 R11: ffff888010543a58 R12: 0000000000000018
[   48.947332] R13: 0000000000000018 R14: ffffffff85d12658 R15: 0000000000000000
[   48.948221] FS:  0000000000000000(0000) GS:ffff8880e3b64000(0000) knlGS:0000000000000000
[   48.949284] CS:  0010 DS: 0000 ES: 0000 CR0: 0000000080050033
[   48.950009] CR2: 00007f4adf823504 CR3: 0000000007086004 CR4: 0000000000770ef0
[   48.950898] PKRU: 55555554
[   48.951256] Call Trace:
[   48.951587]  <TASK>
[   48.951874]  ? __kasan_check_byte+0x19/0x50
[   48.952458]  lock_acquire+0xea/0x310
[   48.952962]  ? rcu_is_watching+0x19/0xc0
[   48.953488]  ? __sanitizer_cov_trace_const_cmp4+0x1a/0x20
[   48.954206]  ? __sanitizer_cov_trace_const_cmp8+0x1c/0x30
[   48.954928]  _raw_spin_lock+0x38/0x50
[   48.955432]  ? __pte_offset_map_lock+0x1a2/0x3c0
[   48.956055]  __pte_offset_map_lock+0x1a2/0x3c0
[   48.956717]  ? __pfx___pte_offset_map_lock+0x10/0x10
[   48.957379]  ? __pfx_pmd_val+0x10/0x10
[   48.957893]  ? __sanitizer_cov_trace_const_cmp1+0x1e/0x30
[   48.958616]  unmap_page_range+0xd19/0x4680
[   48.959196]  ? lock_is_held_type+0xef/0x150
[   48.959770]  ? __pfx_unmap_page_range+0x10/0x10
[   48.960382]  ? mas_next_slot+0x133a/0x1a50
[   48.960992]  unmap_single_vma.constprop.0+0x15b/0x250
[   48.961679]  unmap_vmas+0x1fa/0x460
[   48.962172]  ? __pfx_unmap_vmas+0x10/0x10
[   48.962723]  ? __sanitizer_cov_trace_const_cmp4+0x1a/0x20
[   48.963447]  ? mas_next_slot+0x133a/0x1a50
[   48.964032]  exit_mmap+0x1a2/0xb40
[   48.964587]  ? lock_release+0x14f/0x2c0
[   48.965119]  ? __pfx_exit_mmap+0x10/0x10
[   48.965678]  ? __pfx___mutex_unlock_slowpath+0x10/0x10
[   48.966391]  ? mutex_unlock+0x16/0x20
[   48.966915]  mmput+0x132/0x370
[   48.967350]  do_exit+0x7e7/0x28a0
[   48.967831]  ? __pfx_do_exit+0x10/0x10
[   48.968362]  do_group_exit+0xe4/0x2c0
[   48.968932]  get_signal+0x2179/0x2430
[   48.969441]  ? __lock_acquire+0x412/0x22a0
[   48.970014]  ? do_futex+0x14a/0x3a0
[   48.970506]  ? __pfx_get_signal+0x10/0x10
[   48.971061]  ? __pfx_do_futex+0x10/0x10
[   48.971606]  arch_do_signal_or_restart+0x8d/0x7d0
[   48.972254]  ? __pfx_arch_do_signal_or_restart+0x10/0x10
[   48.973037]  ? trace_hardirqs_on+0x51/0x60
[   48.973612]  ? __this_cpu_preempt_check+0x21/0x30
[   48.974253]  ? exit_to_user_mode_loop+0x69/0x110
[   48.974885]  exit_to_user_mode_loop+0xad/0x110
[   48.975491]  do_syscall_64+0x284/0x2e0
[   48.976018]  entry_SYSCALL_64_after_hwframe+0x76/0x7e
[   48.976759] RIP: 0033:0x7f4adf63ee5d
[   48.977242] Code: Unable to access opcode bytes at 0x7f4adf63ee33.
[   48.978035] RSP: 002b:00007f4adf5dde08 EFLAGS: 00000246 ORIG_RAX: 00000000000000ca
[   48.979012] RAX: fffffffffffffe00 RBX: 00007f4adf5de640 RCX: 00007f4adf63ee5d
[   48.979929] RDX: 0000000000000000 RSI: 0000000000000080 RDI: 00000000004121b8
[   48.980895] RBP: 00007f4adf5dde20 R08: 0000000000000000 R09: 0000000000000000
[   48.981811] R10: 0000000000000000 R11: 0000000000000246 R12: 00007f4adf5de640
[   48.982727] R13: 0000000000000006 R14: 00007f4adf69f560 R15: 0000000000000000
[   48.983656]  </TASK>
[   48.983961] Modules linked in:
[   48.984443] ---[ end trace 0000000000000000 ]---
[   48.985054] RIP: 0010:kasan_byte_accessible+0x15/0x30
[   48.985735] Code: 03 0f 1f 40 00 90 90 90 90 90 90 90 90 90 90 90 90 90 90 90 90 66 0f 1f 00 48 b8 00 00 00 00 00 fc ff df 48 c1 ef 03 48 01 c7 <0f> b6 07 3c 07 0f 96 c0 e9 8e 11 de 03 66 66 2e 0f 1f 84 00 00 00
[   48.988064] RSP: 0018:ffff88800ea57460 EFLAGS: 00010286
[   48.988914] RAX: dffffc0000000000 RBX: 0000000000000001 RCX: 1ffffffff0ddb9fc
[   48.989827] RDX: 0000000000000000 RSI: ffffffff85d12658 RDI: dffffc0000000003
[   48.990737] RBP: ffff88800ea57480 R08: 0000000000000001 R09: 0000000000000000
[   48.991645] R10: 0000000000000000 R11: ffff888010543a58 R12: 0000000000000018
[   48.992734] R13: 0000000000000018 R14: ffffffff85d12658 R15: 0000000000000000
[   48.993655] FS:  0000000000000000(0000) GS:ffff8880e3b64000(0000) knlGS:0000000000000000
[   48.994684] CS:  0010 DS: 0000 ES: 0000 CR0: 0000000080050033
[   48.995427] CR2: 00007f4adf823504 CR3: 0000000007086004 CR4: 0000000000770ef0
[   48.996460] PKRU: 55555554
[   48.996833] note: repro[830] exited with preempt_count 1
[   48.997523] Fixing recursive fault but reboot is needed!
[   48.998206] BUG: using smp_processor_id() in preemptible [00000000] code: repro/830
[   48.999182] caller is debug_smp_processor_id+0x20/0x30
[   48.999883] CPU: 0 UID: 0 PID: 830 Comm: repro Tainted: G      D             6.16.0-rc5-bdb86f6b8763+ #1 PREEMPT(voluntary) 
[   48.999916] Tainted: [D]=DIE
[   48.999923] Hardware name: QEMU Standard PC (i440FX + PIIX, 1996), BIOS rel-1.16.3-0-ga6ed6b701f0a-prebuilt.qemu.org 04/01/2014
[   48.999938] Call Trace:
[   48.999943]  <TASK>
[   48.999951]  dump_stack_lvl+0x121/0x150
[   48.999985]  dump_stack+0x19/0x20
[   49.000014]  check_preemption_disabled+0x168/0x180
[   49.000052]  ? do_task_dead+0xe6/0x120
[   49.000079]  ? do_task_dead+0x48/0x120
[   49.000108]  debug_smp_processor_id+0x20/0x30
[   49.000144]  __schedule+0xd4/0x3840
[   49.000186]  ? __pfx___schedule+0x10/0x10
[   49.000220]  ? do_task_dead+0xae/0x120
[   49.000247]  ? do_task_dead+0x48/0x120
[   49.000280]  ? debug_smp_processor_id+0x20/0x30
[   49.000317]  ? rcu_is_watching+0x19/0xc0
[   49.000341]  ? trace_irq_enable+0xd1/0x110
[   49.000375]  ? do_task_dead+0x48/0x120
[   49.000403]  do_task_dead+0xe6/0x120
[   49.000432]  make_task_dead+0x384/0x3c0
[   49.000469]  rewind_stack_and_make_dead+0x16/0x20
[   49.000492] RIP: 0033:0x7f4adf63ee5d
[   49.000507] Code: Unable to access opcode bytes at 0x7f4adf63ee33.
[   49.000522] RSP: 002b:00007f4adf5dde08 EFLAGS: 00000246 ORIG_RAX: 00000000000000ca
[   49.000541] RAX: fffffffffffffe00 RBX: 00007f4adf5de640 RCX: 00007f4adf63ee5d
[   49.000556] RDX: 0000000000000000 RSI: 0000000000000080 RDI: 00000000004121b8
[   49.000570] RBP: 00007f4adf5dde20 R08: 0000000000000000 R09: 0000000000000000
[   49.000584] R10: 0000000000000000 R11: 0000000000000246 R12: 00007f4adf5de640
[   49.000598] R13: 0000000000000006 R14: 00007f4adf69f560 R15: 0000000000000000
[   49.000628]  </TASK>
[   49.020408] BUG: scheduling while atomic: repro/830/0x00000000
[   49.021191] INFO: lockdep is turned off.
[   49.021708] Modules linked in:
[   49.022126] Preemption disabled at:
[   49.022134] [<ffffffff81551d46>] do_task_dead+0x26/0x120
[   49.023302] CPU: 0 UID: 0 PID: 830 Comm: repro Tainted: G      D             6.16.0-rc5-bdb86f6b8763+ #1 PREEMPT(voluntary) 
[   49.023335] Tainted: [D]=DIE
[   49.023342] Hardware name: QEMU Standard PC (i440FX + PIIX, 1996), BIOS rel-1.16.3-0-ga6ed6b701f0a-prebuilt.qemu.org 04/01/2014
[   49.023357] Call Trace:
[   49.023362]  <TASK>
[   49.023370]  dump_stack_lvl+0x121/0x150
[   49.023402]  ? do_task_dead+0x26/0x120
[   49.023429]  dump_stack+0x19/0x20
[   49.023459]  __schedule_bug+0x12d/0x180
[   49.023499]  __schedule+0x2628/0x3840
[   49.023547]  ? __pfx___schedule+0x10/0x10
[   49.023581]  ? do_task_dead+0xae/0x120
[   49.023609]  ? do_task_dead+0x48/0x120
[   49.023637]  ? debug_smp_processor_id+0x20/0x30
[   49.023674]  ? rcu_is_watching+0x19/0xc0
[   49.023698]  ? trace_irq_enable+0xd1/0x110
[   49.023732]  ? do_task_dead+0x48/0x120
[   49.023760]  do_task_dead+0xe6/0x120
[   49.023789]  make_task_dead+0x384/0x3c0
[   49.023825]  rewind_stack_and_make_dead+0x16/0x20
[   49.023847] RIP: 0033:0x7f4adf63ee5d
[   49.023867] Code: Unable to access opcode bytes at 0x7f4adf63ee33.
[   49.023877] RSP: 002b:00007f4adf5dde08 EFLAGS: 00000246 ORIG_RAX: 00000000000000ca
[   49.023896] RAX: fffffffffffffe00 RBX: 00007f4adf5de640 RCX: 00007f4adf63ee5d
[   49.023911] RDX: 0000000000000000 RSI: 0000000000000080 RDI: 00000000004121b8
[   49.023925] RBP: 00007f4adf5dde20 R08: 0000000000000000 R09: 0000000000000000
[   49.023939] R10: 0000000000000000 R11: 0000000000000246 R12: 00007f4adf5de640
[   49.023953] R13: 0000000000000006 R14: 00007f4adf69f560 R15: 0000000000000000
[   49.023983]  </TASK>
[   49.023993] ------------[ cut here ]------------
[   49.043173] Voluntary context switch within RCU read-side critical section!
[   49.043285] WARNING: CPU: 0 PID: 830 at kernel/rcu/tree_plugin.h:332 rcu_note_context_switch+0xc6f/0x1900
[   49.045444] Modules linked in:
[   49.045869] CPU: 0 UID: 0 PID: 830 Comm: repro Tainted: G      D W           6.16.0-rc5-bdb86f6b8763+ #1 PREEMPT(voluntary) 
[   49.047300] Tainted: [D]=DIE, [W]=WARN
[   49.047799] Hardware name: QEMU Standard PC (i440FX + PIIX, 1996), BIOS rel-1.16.3-0-ga6ed6b701f0a-prebuilt.qemu.org 04/01/2014
[   49.049304] RIP: 0010:rcu_note_context_switch+0xc6f/0x1900
[   49.050036] Code: 8b 45 a0 4c 8b 55 a8 48 c7 c2 64 05 ef 87 44 8b 4d b0 e9 0f 03 00 00 48 c7 c7 c0 4b ed 85 c6 05 01 0d 79 06 01 e8 c1 a5 d8 ff <0f> 0b e9 96 f4 ff ff 65 48 8b 3d da f3 7e 07 e8 cd 6e fd ff e9 00
[   49.052347] RSP: 0018:ffff88800ea57d28 EFLAGS: 00010096
[   49.053104] RAX: 0000000000000000 RBX: ffff88806ca45040 RCX: ffffffff8145f362
[   49.054021] RDX: ffff888010542c00 RSI: ffffffff8145f36f RDI: 0000000000000001
[   49.054934] RBP: ffff88800ea57d98 R08: 0000000000000001 R09: ffffed100d9459b9
[   49.055849] R10: 0000000000000000 R11: 6e69687469772068 R12: ffff888010542c00
[   49.056836] R13: 0000000000000000 R14: ffff888010542c00 R15: ffff88800ea50000
[   49.057752] FS:  0000000000000000(0000) GS:ffff8880e3b64000(0000) knlGS:0000000000000000
[   49.058783] CS:  0010 DS: 0000 ES: 0000 CR0: 0000000080050033
[   49.059531] CR2: 00007f4adf823504 CR3: 0000000007086004 CR4: 0000000000770ef0
[   49.060507] PKRU: 55555554
[   49.060880] Call Trace:
[   49.061214]  <TASK>
[   49.061516]  ? debug_smp_processor_id+0x20/0x30
[   49.062136]  ? rcu_is_watching+0x19/0xc0
[   49.062671]  ? trace_irq_disable+0xd1/0x110
[   49.063245]  __schedule+0x257/0x3840
[   49.063757]  ? __pfx___schedule+0x10/0x10
[   49.064308]  ? do_task_dead+0xae/0x120
[   49.064892]  ? do_task_dead+0x48/0x120
[   49.065408]  ? debug_smp_processor_id+0x20/0x30
[   49.066032]  ? rcu_is_watching+0x19/0xc0
[   49.066568]  ? trace_irq_enable+0xd1/0x110
[   49.067131]  ? do_task_dead+0x48/0x120
[   49.067649]  do_task_dead+0xe6/0x120
[   49.068146]  make_task_dead+0x384/0x3c0
[   49.068755]  rewind_stack_and_make_dead+0x16/0x20
[   49.069381] RIP: 0033:0x7f4adf63ee5d
[   49.069867] Code: Unable to access opcode bytes at 0x7f4adf63ee33.
[   49.070662] RSP: 002b:00007f4adf5dde08 EFLAGS: 00000246 ORIG_RAX: 00000000000000ca
[   49.071637] RAX: fffffffffffffe00 RBX: 00007f4adf5de640 RCX: 00007f4adf63ee5d
[   49.072603] RDX: 0000000000000000 RSI: 0000000000000080 RDI: 00000000004121b8
[   49.073517] RBP: 00007f4adf5dde20 R08: 0000000000000000 R09: 0000000000000000
[   49.074429] R10: 0000000000000000 R11: 0000000000000246 R12: 00007f4adf5de640
[   49.075344] R13: 0000000000000006 R14: 00007f4adf69f560 R15: 0000000000000000
[   49.076272]  </TASK>
[   49.076635] irq event stamp: 335
[   49.077066] hardirqs last  enabled at (335): [<ffffffff812f016b>] cond_local_irq_enable.isra.0+0x3b/0x50
[   49.078275] hardirqs last disabled at (334): [<ffffffff85ce03e6>] exc_general_protection+0x36/0x340
[   49.079428] softirqs last  enabled at (272): [<ffffffff8147e92e>] __irq_exit_rcu+0x10e/0x170
[   49.080573] softirqs last disabled at (45): [<ffffffff8147e92e>] __irq_exit_rcu+0x10e/0x170
[   49.081644] ---[ end trace 0000000000000000 ]---
[  153.996431] rcu: INFO: rcu_preempt detected stalls on CPUs/tasks:
[  153.998879] rcu: 	Tasks blocked on level-0 rcu_node (CPUs 0-1): P830/1:b..l
[  154.001687] rcu: 	(detected by 0, t=26253 jiffies, g=12793, q=2655 ncpus=2)
[  185.772474] rcu: INFO: rcu_preempt detected expedited stalls on CPUs/tasks: { P830 } 33805 jiffies s: 317 root: 0x0/T
[  185.777401] rcu: blocking rcu_node structures (internal RCU debug):
