c[?7l[2J[0mSeaBIOS (version rel-1.16.3-0-ga6ed6b701f0a-prebuilt.qemu.org)


iPXE (http://ipxe.org) 00:03.0 CA00 PCI2.10 PnP PMM+7EFD0D60+7EF30D60 CA00
Press Ctrl-B to configure iPXE (PCI 00:03.0)...                                                                               


Booting from ROM..c[?7l[2J[    0.000000] Linux version 6.11.0-98f7e32f20d2-b37c907073e8-r-dirty (root@gnr-800442) (gcc (GCC) 11.5.0 20240719 (Red Hat 11.5.0-2), GNU ld version 2.35.2-54.el9) #1 SMP PREEMPT_DYNAMIC Mon Sep 23 06:53:09 CST 2024
[    0.000000] Command line: console=ttyS0 root=/dev/sda earlyprintk=serial net.ifnames=0 plymouth.enable=0
[    0.000000] KERNEL supported cpus:
[    0.000000]   Intel GenuineIntel
[    0.000000]   AMD AuthenticAMD
[    0.000000]   Hygon HygonGenuine
[    0.000000]   Centaur CentaurHauls
[    0.000000]   zhaoxin   Shanghai  
[    0.000000] x86/split lock detection: #DB: warning on user-space bus_locks
[    0.000000] BIOS-provided physical RAM map:
[    0.000000] BIOS-e820: [mem 0x0000000000000000-0x000000000009fbff] usable
[    0.000000] BIOS-e820: [mem 0x000000000009fc00-0x000000000009ffff] reserved
[    0.000000] BIOS-e820: [mem 0x00000000000f0000-0x00000000000fffff] reserved
[    0.000000] BIOS-e820: [mem 0x0000000000100000-0x000000007ffdffff] usable
[    0.000000] BIOS-e820: [mem 0x000000007ffe0000-0x000000007fffffff] reserved
[    0.000000] BIOS-e820: [mem 0x00000000feffc000-0x00000000feffffff] reserved
[    0.000000] BIOS-e820: [mem 0x00000000fffc0000-0x00000000ffffffff] reserved
[    0.000000] printk: legacy bootconsole [earlyser0] enabled
[    0.000000] NX (Execute Disable) protection: active
[    0.000000] APIC: Static calls initialized
[    0.000000] SMBIOS 3.0.0 present.
[    0.000000] DMI: QEMU Standard PC (i440FX + PIIX, 1996), BIOS rel-1.16.3-0-ga6ed6b701f0a-prebuilt.qemu.org 04/01/2014
[    0.000000] DMI: Memory slots populated: 1/1
[    0.000000] Hypervisor detected: KVM
[    0.000000] kvm-clock: Using msrs 4b564d01 and 4b564d00
[    0.000003] kvm-clock: using sched offset of 685109860 cycles
[    0.000483] clocksource: kvm-clock: mask: 0xffffffffffffffff max_cycles: 0x1cd42e4dffb, max_idle_ns: 881590591483 ns
[    0.001945] tsc: Detected 2500.000 MHz processor
[    0.010374] last_pfn = 0x7ffe0 max_arch_pfn = 0x10000000000
[    0.010881] MTRR map: 4 entries (3 fixed + 1 variable; max 19), built from 8 variable MTRRs
[    0.011678] x86/PAT: Configuration [0-7]: WB  WC  UC- UC  WB  WP  UC- WT  
[    0.017227] found SMP MP-table at [mem 0x000f5480-0x000f548f]
[    0.017767] Using GB pages for direct mapping
[    0.021011] ACPI: Early table checksum verification disabled
[    0.021558] ACPI: RSDP 0x00000000000F52A0 000014 (v00 BOCHS )
[    0.022111] ACPI: RSDT 0x000000007FFE1C9B 000034 (v01 BOCHS  BXPC     00000001 BXPC 00000001)
[    0.022926] ACPI: FACP 0x000000007FFE1B47 000074 (v01 BOCHS  BXPC     00000001 BXPC 00000001)
[    0.023758] ACPI: DSDT 0x000000007FFE0040 001B07 (v01 BOCHS  BXPC     00000001 BXPC 00000001)
[    0.024578] ACPI: FACS 0x000000007FFE0000 000040
[    0.025016] ACPI: APIC 0x000000007FFE1BBB 000080 (v03 BOCHS  BXPC     00000001 BXPC 00000001)
[    0.025822] ACPI: HPET 0x000000007FFE1C3B 000038 (v01 BOCHS  BXPC     00000001 BXPC 00000001)
[    0.026628] ACPI: WAET 0x000000007FFE1C73 000028 (v01 BOCHS  BXPC     00000001 BXPC 00000001)
[    0.027432] ACPI: Reserving FACP table memory at [mem 0x7ffe1b47-0x7ffe1bba]
[    0.028080] ACPI: Reserving DSDT table memory at [mem 0x7ffe0040-0x7ffe1b46]
[    0.028737] ACPI: Reserving FACS table memory at [mem 0x7ffe0000-0x7ffe003f]
[    0.029406] ACPI: Reserving APIC table memory at [mem 0x7ffe1bbb-0x7ffe1c3a]
[    0.030058] ACPI: Reserving HPET table memory at [mem 0x7ffe1c3b-0x7ffe1c72]
[    0.030724] ACPI: Reserving WAET table memory at [mem 0x7ffe1c73-0x7ffe1c9a]
[    0.031958] No NUMA configuration found
[    0.032334] Faking a node at [mem 0x0000000000000000-0x000000007ffdffff]
[    0.032984] NODE_DATA(0) allocated [mem 0x7ffb4e00-0x7ffdfdff]
[    0.035969] Zone ranges:
[    0.036237]   DMA      [mem 0x0000000000001000-0x0000000000ffffff]
[    0.036797]   DMA32    [mem 0x0000000001000000-0x000000007ffdffff]
[    0.037391]   Normal   empty
[    0.037660]   Device   empty
[    0.037931] Movable zone start for each node
[    0.038352] Early memory node ranges
[    0.038685]   node   0: [mem 0x0000000000001000-0x000000000009efff]
[    0.039279]   node   0: [mem 0x0000000000100000-0x000000007ffdffff]
[    0.039868] Initmem setup node 0 [mem 0x0000000000001000-0x000000007ffdffff]
[    0.040960] On node 0, zone DMA: 1 pages in unavailable ranges
[    0.041740] On node 0, zone DMA: 97 pages in unavailable ranges
[    0.075521] On node 0, zone DMA32: 32 pages in unavailable ranges
[    0.159383] kasan: KernelAddressSanitizer initialized
[    0.160162] ACPI: PM-Timer IO Port: 0x608
[    0.160567] ACPI: LAPIC_NMI (acpi_id[0xff] dfl dfl lint[0x1])
[    0.161199] IOAPIC[0]: apic_id 0, version 17, address 0xfec00000, GSI 0-23
[    0.161869] ACPI: INT_SRC_OVR (bus 0 bus_irq 0 global_irq 2 dfl dfl)
[    0.162465] ACPI: INT_SRC_OVR (bus 0 bus_irq 5 global_irq 5 high level)
[    0.163082] ACPI: INT_SRC_OVR (bus 0 bus_irq 9 global_irq 9 high level)
[    0.163703] ACPI: INT_SRC_OVR (bus 0 bus_irq 10 global_irq 10 high level)
[    0.164337] ACPI: INT_SRC_OVR (bus 0 bus_irq 11 global_irq 11 high level)
[    0.164983] ACPI: Using ACPI (MADT) for SMP configuration information
[    0.165598] ACPI: HPET id: 0x8086a201 base: 0xfed00000
[    0.166092] TSC deadline timer available
[    0.166482] CPU topo: Max. logical packages:   1
[    0.166910] CPU topo: Max. logical dies:       1
[    0.167357] CPU topo: Max. dies per package:   1
[    0.167788] CPU topo: Max. threads per core:   1
[    0.168232] CPU topo: Num. cores per package:     2
[    0.168679] CPU topo: Num. threads per package:   2
[    0.169131] CPU topo: Allowing 2 present CPUs plus 0 hotplug CPUs
[    0.169747] kvm-guest: APIC: eoi() replaced with kvm_guest_apic_eoi_write()
[    0.170437] kvm-guest: KVM setup pv remote TLB flush
[    0.170906] kvm-guest: setup PV sched yield
[    0.171354] PM: hibernation: Registered nosave memory: [mem 0x00000000-0x00000fff]
[    0.172056] PM: hibernation: Registered nosave memory: [mem 0x0009f000-0x0009ffff]
[    0.172788] PM: hibernation: Registered nosave memory: [mem 0x000a0000-0x000effff]
[    0.173498] PM: hibernation: Registered nosave memory: [mem 0x000f0000-0x000fffff]
[    0.174216] [mem 0x80000000-0xfeffbfff] available for PCI devices
[    0.174780] Booting paravirtualized kernel on KVM
[    0.175237] clocksource: refined-jiffies: mask: 0xffffffff max_cycles: 0xffffffff, max_idle_ns: 7645519600211568 ns
[    0.176216] setup_percpu: NR_CPUS:8192 nr_cpumask_bits:2 nr_cpu_ids:2 nr_node_ids:1
[    0.177670] percpu: Embedded 85 pages/cpu s311296 r8192 d28672 u1048576
[    0.178542] kvm-guest: PV spinlocks enabled
[    0.178950] PV qspinlock hash table entries: 256 (order: 0, 4096 bytes, linear)
[    0.179656] Kernel command line: net.ifnames=0 console=ttyS0 root=/dev/sda earlyprintk=serial net.ifnames=0 plymouth.enable=0
[    0.181046] random: crng init done
[    0.181980] Dentry cache hash table entries: 262144 (order: 9, 2097152 bytes, linear)
[    0.183305] Inode-cache hash table entries: 131072 (order: 8, 1048576 bytes, linear)
[    0.184320] Fallback order for Node 0: 0 
[    0.184336] Built 1 zonelists, mobility grouping on.  Total pages: 524158
[    0.185334] Policy zone: DMA32
[    0.185622] mem auto-init: stack:off, heap alloc:off, heap free:off
[    0.186210] stackdepot: allocating hash table via alloc_large_system_hash
[    0.186834] stackdepot hash table entries: 1048576 (order: 12, 16777216 bytes, linear)
[    0.267806] SLUB: HWalign=64, Order=0-3, MinObjects=0, CPUs=2, Nodes=1
[    0.268431] kmemleak: Kernel memory leak detector disabled
[    0.269135] ftrace: allocating 72138 entries in 282 pages
[    0.302929] ftrace: allocated 282 pages with 4 groups
[    0.307622] Dynamic Preempt: voluntary
[    0.308732] Running RCU self tests
[    0.309018] Running RCU synchronous self tests
[    0.309404] rcu: Preemptible hierarchical RCU implementation.
[    0.309878] rcu: 	RCU lockdep checking is enabled.
[    0.310287] rcu: 	RCU restricting CPUs from NR_CPUS=8192 to nr_cpu_ids=2.
[    0.310841] 	Trampoline variant of Tasks RCU enabled.
[    0.311264] 	Rude variant of Tasks RCU enabled.
[    0.311640] 	Tracing variant of Tasks RCU enabled.
[    0.312036] rcu: RCU calculated value of scheduler-enlistment delay is 25 jiffies.
[    0.312666] rcu: Adjusting geometry for rcu_fanout_leaf=16, nr_cpu_ids=2
[    0.313300] Running RCU synchronous self tests
[    0.313669] RCU Tasks: Setting shift to 1 and lim to 1 rcu_task_cb_adjust=1.
[    0.314281] RCU Tasks Rude: Setting shift to 1 and lim to 1 rcu_task_cb_adjust=1.
[    0.314900] RCU Tasks Trace: Setting shift to 1 and lim to 1 rcu_task_cb_adjust=1.
[    0.366568] NR_IRQS: 524544, nr_irqs: 440, preallocated irqs: 16
[    0.367960] rcu: srcu_init: Setting srcu_struct sizes based on contention.
[    0.376558] Console: colour VGA+ 80x25
[    0.376982] printk: legacy console [ttyS0] enabled
[    0.376982] printk: legacy console [ttyS0] enabled
[    0.377846] printk: legacy bootconsole [earlyser0] disabled
[    0.377846] printk: legacy bootconsole [earlyser0] disabled
[    0.378934] Lock dependency validator: Copyright (c) 2006 Red Hat, Inc., Ingo Molnar
[    0.379671] ... MAX_LOCKDEP_SUBCLASSES:  8
[    0.380057] ... MAX_LOCK_DEPTH:          48
[    0.380458] ... MAX_LOCKDEP_KEYS:        8192
[    0.380871] ... CLASSHASH_SIZE:          4096
[    0.381294] ... MAX_LOCKDEP_ENTRIES:     524288
[    0.381722] ... MAX_LOCKDEP_CHAINS:      524288
[    0.382167] ... CHAINHASH_SIZE:          262144
[    0.382590]  memory used by lock dependency info: 54145 kB
[    0.383096]  memory used for stack traces: 4224 kB
[    0.383554]  per task-struct memory footprint: 1920 bytes
[    0.384204] ACPI: Core revision 20240322
[    0.385274] clocksource: hpet: mask: 0xffffffff max_cycles: 0xffffffff, max_idle_ns: 19112604467 ns
[    0.386436] APIC: Switch to symmetric I/O mode setup
[    0.387098] x2apic enabled
[    0.387827] APIC: Switched APIC routing to: physical x2apic
[    0.388372] kvm-guest: APIC: send_IPI_mask() replaced with kvm_send_ipi_mask()
[    0.389078] kvm-guest: APIC: send_IPI_mask_allbutself() replaced with kvm_send_ipi_mask_allbutself()
[    0.389947] kvm-guest: setup PV IPIs
[    0.391649] ..TIMER: vector=0x30 apic1=0 pin1=2 apic2=-1 pin2=-1
[    0.392247] clocksource: tsc-early: mask: 0xffffffffffffffff max_cycles: 0x240939f1bb2, max_idle_ns: 440795263295 ns
[    0.393257] Calibrating delay loop (skipped) preset value.. 5000.00 BogoMIPS (lpj=10000000)
[    0.394191] x86/cpu: User Mode Instruction Prevention (UMIP) activated
[    0.397450] Last level iTLB entries: 4KB 0, 2MB 0, 4MB 0
[    0.397963] Last level dTLB entries: 4KB 0, 2MB 0, 4MB 0, 1GB 0
[    0.398567] Spectre V1 : Mitigation: usercopy/swapgs barriers and __user pointer sanitization
[    0.399392] Spectre V2 : WARNING: Unprivileged eBPF is enabled with eIBRS on, data leaks possible via Spectre v2 BHB attacks!
[    0.400448] Spectre V2 : Spectre BHI mitigation: SW BHB clearing on syscall and VM exit
[    0.401248] Spectre V2 : Mitigation: Enhanced / Automatic IBRS
[    0.401797] Spectre V2 : Spectre v2 / SpectreRSB mitigation: Filling RSB on context switch
[    0.402540] Spectre V2 : Spectre v2 / PBRSB-eIBRS: Retire a single CALL on VMEXIT
[    0.403225] Spectre V2 : mitigation: Enabling conditional Indirect Branch Prediction Barrier
[    0.404006] Speculative Store Bypass: Mitigation: Speculative Store Bypass disabled via prctl
[    0.405252] MMIO Stale Data: Unknown: No mitigations
[    0.405851] x86/fpu: Supporting XSAVE feature 0x001: 'x87 floating point registers'
[    0.406580] x86/fpu: Supporting XSAVE feature 0x002: 'SSE registers'
[    0.407152] x86/fpu: Supporting XSAVE feature 0x004: 'AVX registers'
[    0.407732] x86/fpu: Supporting XSAVE feature 0x020: 'AVX-512 opmask'
[    0.408321] x86/fpu: Supporting XSAVE feature 0x040: 'AVX-512 Hi256'
[    0.409248] x86/fpu: Supporting XSAVE feature 0x080: 'AVX-512 ZMM_Hi256'
[    0.409895] x86/fpu: Supporting XSAVE feature 0x200: 'Protection Keys User registers'
[    0.410607] x86/fpu: Supporting XSAVE feature 0x20000: 'AMX Tile config'
[    0.411245] x86/fpu: Supporting XSAVE feature 0x40000: 'AMX Tile data'
[    0.411848] x86/fpu: xstate_offset[2]:  576, xstate_sizes[2]:  256
[    0.412405] x86/fpu: xstate_offset[5]:  832, xstate_sizes[5]:   64
[    0.413248] x86/fpu: xstate_offset[6]:  896, xstate_sizes[6]:  512
[    0.413836] x86/fpu: xstate_offset[7]: 1408, xstate_sizes[7]: 1024
[    0.414388] x86/fpu: xstate_offset[9]: 2432, xstate_sizes[9]:    8
[    0.414963] x86/fpu: xstate_offset[17]: 2496, xstate_sizes[17]:   64
[    0.415544] x86/fpu: xstate_offset[18]: 2560, xstate_sizes[18]: 8192
[    0.416129] x86/fpu: Enabled xstate features 0x602e7, context size is 10752 bytes, using 'compacted' format.
[    0.583712] Freeing SMP alternatives memory: 56K
[    0.584156] pid_max: default: 32768 minimum: 301
[    0.584896] LSM: initializing lsm=capability,yama,ima,evm
[    0.585297] Yama: becoming mindful.
[    0.586112] Mount-cache hash table entries: 4096 (order: 3, 32768 bytes, linear)
[    0.586806] Mountpoint-cache hash table entries: 4096 (order: 3, 32768 bytes, linear)
[    0.590812] Running RCU synchronous self tests
[    0.591243] Running RCU synchronous self tests
[    0.592154] smpboot: CPU0: Intel GENUINE INTEL(R) XEON(R) (family: 0x6, model: 0xad, stepping: 0x0)
[    0.593238] Running RCU Tasks wait API self tests
[    0.693357] Running RCU Tasks Rude wait API self tests
[    0.694000] Running RCU Tasks Trace wait API self tests
[    0.694544] Performance Events: PEBS fmt0-, Granite Rapids events, full-width counters, Intel PMU driver.
[    0.695525] ... version:                2
[    0.695900] ... bit width:              48
[    0.696266] ... generic registers:      8
[    0.696630] ... value mask:             0000ffffffffffff
[    0.697114] ... max period:             00007fffffffffff
[    0.697247] ... fixed-purpose events:   3
[    0.697625] ... event mask:             00000007000000ff
[    0.698555] signal: max sigframe size: 11952
[    0.699180] rcu: Hierarchical SRCU implementation.
[    0.699625] rcu: 	Max phase no-delay instances is 1000.
[    0.700406] Timer migration: 1 hierarchy levels; 8 children per group; 1 crossnode level
[    0.701393] Callback from call_rcu_tasks_trace() invoked.
[    0.706381] smp: Bringing up secondary CPUs ...
[    0.707723] smpboot: x86: Booting SMP configuration:
[    0.708218] .... node  #0, CPUs:      #1
[    0.710106] smp: Brought up 1 node, 2 CPUs
[    0.710499] smpboot: Total of 2 processors activated (10000.00 BogoMIPS)
[    0.713464] Memory: 1554616K/2096632K available (75776K kernel code, 14453K rwdata, 17188K rodata, 15332K init, 68228K bss, 534636K reserved, 0K cma-reserved)
[    0.715777] devtmpfs: initialized
[    0.717888] x86/mm: Memory block size: 128MB
[    0.730639] Running RCU synchronous self tests
[    0.730639] Running RCU synchronous self tests
[    0.733304] clocksource: jiffies: mask: 0xffffffff max_cycles: 0xffffffff, max_idle_ns: 7645041785100000 ns
[    0.734247] futex hash table entries: 512 (order: 4, 65536 bytes, linear)
[    0.735666] pinctrl core: initialized pinctrl subsystem
[    0.737259] 
[    0.737315] *************************************************************
[    0.737315] **     NOTICE NOTICE NOTICE NOTICE NOTICE NOTICE NOTICE    **
[    0.737315] **                                                         **
[    0.737315] **  IOMMU DebugFS SUPPORT HAS BEEN ENABLED IN THIS KERNEL  **
[    0.737315] **                                                         **
[    0.737315] ** This means that this kernel is built to expose internal **
[    0.737864] ** IOMMU data structures, which may compromise security on **
[    0.738470] ** your system.                                            **
[    0.739070] **                                                         **
[    0.739664] ** If you see this message and you are not debugging the   **
[    0.740277] ** kernel, report this immediately to your vendor!         **
[    0.740894] **                                                         **
[    0.741243] **     NOTICE NOTICE NOTICE NOTICE NOTICE NOTICE NOTICE    **
[    0.741853] *************************************************************
[    0.742532] PM: RTC time: 22:54:41, date: 2024-09-22
[    0.747082] NET: Registered PF_NETLINK/PF_ROUTE protocol family
[    0.749406] DMA: preallocated 256 KiB GFP_KERNEL pool for atomic allocations
[    0.750094] DMA: preallocated 256 KiB GFP_KERNEL|GFP_DMA pool for atomic allocations
[    0.750831] DMA: preallocated 256 KiB GFP_KERNEL|GFP_DMA32 pool for atomic allocations
[    0.751697] audit: initializing netlink subsys (disabled)
[    0.753354] audit: type=2000 audit(1727045682.366:1): state=initialized audit_enabled=0 res=1
[    0.759362] thermal_sys: Registered thermal governor 'fair_share'
[    0.759377] thermal_sys: Registered thermal governor 'bang_bang'
[    0.759988] thermal_sys: Registered thermal governor 'step_wise'
[    0.760531] thermal_sys: Registered thermal governor 'user_space'
[    0.761292] cpuidle: using governor ladder
[    0.762280] cpuidle: using governor menu
[    0.762364] acpiphp: ACPI Hot Plug PCI Controller Driver version: 0.5
[    0.765675] PCI: Using configuration type 1 for base access
[    0.766564] kprobes: kprobe jump-optimization is enabled. All kprobes are optimized if possible.
[    0.883976] Callback from call_rcu_tasks_rude() invoked.
[    0.884512] HugeTLB: registered 1.00 GiB page size, pre-allocated 0 pages
[    0.885134] HugeTLB: 16380 KiB vmemmap can be freed for a 1.00 GiB page
[    0.885248] HugeTLB: registered 2.00 MiB page size, pre-allocated 0 pages
[    0.885859] HugeTLB: 28 KiB vmemmap can be freed for a 2.00 MiB page
[    0.893605] ACPI: Added _OSI(Module Device)
[    0.894019] ACPI: Added _OSI(Processor Device)
[    0.894434] ACPI: Added _OSI(3.0 _SCP Extensions)
[    0.894861] ACPI: Added _OSI(Processor Aggregator Device)
[    0.931679] ACPI: 1 ACPI AML tables successfully acquired and loaded
[    0.941723] ACPI: Interpreter enabled
[    0.942287] ACPI: PM: (supports S0 S3 S4 S5)
[    0.942693] ACPI: Using IOAPIC for interrupt routing
[    0.943312] PCI: Using host bridge windows from ACPI; if necessary, use "pci=nocrs" and report a bug
[    0.944157] PCI: Using E820 reservations for host bridge windows
[    0.947022] ACPI: Enabled 2 GPEs in block 00 to 0F
[    1.020559] ACPI: PCI Root Bridge [PCI0] (domain 0000 [bus 00-ff])
[    1.021179] acpi PNP0A03:00: _OSC: OS supports [ASPM ClockPM Segments MSI EDR HPX-Type3]
[    1.021258] acpi PNP0A03:00: _OSC: not requesting OS control; OS requires [ExtendedConfig ASPM ClockPM MSI]
[    1.022462] acpi PNP0A03:00: fail to add MMCONFIG information, can't access extended configuration space under this bridge
[    1.032658] acpiphp: Slot [3] registered
[    1.033248] acpiphp: Slot [4] registered
[    1.033826] acpiphp: Slot [5] registered
[    1.034437] acpiphp: Slot [6] registered
[    1.035075] acpiphp: Slot [7] registered
[    1.035695] acpiphp: Slot [8] registered
[    1.036324] acpiphp: Slot [9] registered
[    1.036931] acpiphp: Slot [10] registered
[    1.037513] acpiphp: Slot [11] registered
[    1.038134] acpiphp: Slot [12] registered
[    1.038762] acpiphp: Slot [13] registered
[    1.039398] acpiphp: Slot [14] registered
[    1.040019] acpiphp: Slot [15] registered
[    1.040647] acpiphp: Slot [16] registered
[    1.041276] acpiphp: Slot [17] registered
[    1.041897] acpiphp: Slot [18] registered
[    1.042521] acpiphp: Slot [19] registered
[    1.043126] acpiphp: Slot [20] registered
[    1.043745] acpiphp: Slot [21] registered
[    1.044370] acpiphp: Slot [22] registered
[    1.045001] acpiphp: Slot [23] registered
[    1.045499] acpiphp: Slot [24] registered
[    1.046123] acpiphp: Slot [25] registered
[    1.046750] acpiphp: Slot [26] registered
[    1.047361] acpiphp: Slot [27] registered
[    1.047976] acpiphp: Slot [28] registered
[    1.048583] acpiphp: Slot [29] registered
[    1.049201] acpiphp: Slot [30] registered
[    1.049499] acpiphp: Slot [31] registered
[    1.050002] PCI host bridge to bus 0000:00
[    1.050483] pci_bus 0000:00: root bus resource [io  0x0000-0x0cf7 window]
[    1.051094] pci_bus 0000:00: root bus resource [io  0x0d00-0xffff window]
[    1.051702] pci_bus 0000:00: root bus resource [mem 0x000a0000-0x000bffff window]
[    1.052373] pci_bus 0000:00: root bus resource [mem 0x80000000-0xfebfffff window]
[    1.053042] pci_bus 0000:00: root bus resource [mem 0x100000000-0x17fffffff window]
[    1.053254] pci_bus 0000:00: root bus resource [bus 00-ff]
[    1.053886] pci 0000:00:00.0: [8086:1237] type 00 class 0x060000 conventional PCI endpoint
[    1.057066] pci 0000:00:01.0: [8086:7000] type 00 class 0x060100 conventional PCI endpoint
[    1.059393] pci 0000:00:01.1: [8086:7010] type 00 class 0x010180 conventional PCI endpoint
[    1.061536] pci 0000:00:01.1: BAR 4 [io  0xc040-0xc04f]
[    1.062619] pci 0000:00:01.1: BAR 0 [io  0x01f0-0x01f7]: legacy IDE quirk
[    1.063211] pci 0000:00:01.1: BAR 1 [io  0x03f6]: legacy IDE quirk
[    1.063736] pci 0000:00:01.1: BAR 2 [io  0x0170-0x0177]: legacy IDE quirk
[    1.064306] pci 0000:00:01.1: BAR 3 [io  0x0376]: legacy IDE quirk
[    1.066789] pci 0000:00:01.3: [8086:7113] type 00 class 0x068000 conventional PCI endpoint
[    1.067837] pci 0000:00:01.3: quirk: [io  0x0600-0x063f] claimed by PIIX4 ACPI
[    1.068454] pci 0000:00:01.3: quirk: [io  0x0700-0x070f] claimed by PIIX4 SMB
[    1.070887] pci 0000:00:02.0: [1234:1111] type 00 class 0x030000 conventional PCI endpoint
[    1.072396] pci 0000:00:02.0: BAR 0 [mem 0xfd000000-0xfdffffff pref]
[    1.074081] pci 0000:00:02.0: BAR 2 [mem 0xfebf0000-0xfebf0fff]
[    1.077600] pci 0000:00:02.0: ROM [mem 0xfebe0000-0xfebeffff pref]
[    1.078262] pci 0000:00:02.0: Video device with shadowed ROM at [mem 0x000c0000-0x000dffff]
[    1.081264] pci 0000:00:03.0: [8086:100e] type 00 class 0x020000 conventional PCI endpoint
[    1.082578] pci 0000:00:03.0: BAR 0 [mem 0xfebc0000-0xfebdffff]
[    1.083575] pci 0000:00:03.0: BAR 1 [io  0xc000-0xc03f]
[    1.086283] pci 0000:00:03.0: ROM [mem 0xfeb80000-0xfebbffff pref]
[    1.130658] ACPI: PCI: Interrupt link LNKA configured for IRQ 10
[    1.133218] ACPI: PCI: Interrupt link LNKB configured for IRQ 10
[    1.135226] ACPI: PCI: Interrupt link LNKC configured for IRQ 11
[    1.137840] ACPI: PCI: Interrupt link LNKD configured for IRQ 11
[    1.139251] ACPI: PCI: Interrupt link LNKS configured for IRQ 9
[    1.146302] iommu: Default domain type: Translated
[    1.146772] iommu: DMA domain TLB invalidation policy: lazy mode
[    1.150462] SCSI subsystem initialized
[    1.151743] ACPI: bus type USB registered
[    1.152335] usbcore: registered new interface driver usbfs
[    1.152942] usbcore: registered new interface driver hub
[    1.153339] usbcore: registered new device driver usb
[    1.154144] pps_core: LinuxPPS API ver. 1 registered
[    1.154615] pps_core: Software ver. 5.3.6 - Copyright 2005-2007 Rodolfo Giometti <giometti@linux.it>
[    1.155489] PTP clock support registered
[    1.156270] EDAC MC: Ver: 3.0.0
[    1.160499] NetLabel: Initializing
[    1.160840] NetLabel:  domain hash size = 128
[    1.161249] NetLabel:  protocols = UNLABELED CIPSOv4 CALIPSO
[    1.161981] NetLabel:  unlabeled traffic allowed by default
[    1.163201] PCI: Using ACPI for IRQ routing
[    1.164016] pci 0000:00:02.0: vgaarb: setting as boot VGA device
[    1.164586] pci 0000:00:02.0: vgaarb: bridge control possible
[    1.165107] pci 0000:00:02.0: vgaarb: VGA device added: decodes=io+mem,owns=io+mem,locks=none
[    1.165248] vgaarb: loaded
[    1.165990] hpet0: at MMIO 0xfed00000, IRQs 2, 8, 0
[    1.166461] hpet0: 3 comparators, 64-bit 100.000000 MHz counter
[    1.169621] clocksource: Switched to clocksource kvm-clock
[    1.172103] VFS: Disk quotas dquot_6.6.0
[    1.172516] VFS: Dquot-cache hash table entries: 512 (order 0, 4096 bytes)
[    1.178510] pnp: PnP ACPI init
[    1.185771] pnp: PnP ACPI: found 6 devices
[    1.210580] clocksource: acpi_pm: mask: 0xffffff max_cycles: 0xffffff, max_idle_ns: 2085701024 ns
[    1.211934] NET: Registered PF_INET protocol family
[    1.212510] IP idents hash table entries: 32768 (order: 6, 262144 bytes, linear)
[    1.214824] tcp_listen_portaddr_hash hash table entries: 1024 (order: 4, 73728 bytes, linear)
[    1.215580] Table-perturb hash table entries: 65536 (order: 6, 262144 bytes, linear)
[    1.216309] TCP established hash table entries: 16384 (order: 5, 131072 bytes, linear)
[    1.217305] TCP bind hash table entries: 16384 (order: 9, 2359296 bytes, linear)
[    1.219173] TCP: Hash tables configured (established 16384 bind 16384)
[    1.219884] UDP hash table entries: 1024 (order: 5, 163840 bytes, linear)
[    1.220527] UDP-Lite hash table entries: 1024 (order: 5, 163840 bytes, linear)
[    1.221575] NET: Registered PF_UNIX/PF_LOCAL protocol family
[    1.223313] RPC: Registered named UNIX socket transport module.
[    1.223852] RPC: Registered udp transport module.
[    1.224253] RPC: Registered tcp transport module.
[    1.224684] RPC: Registered tcp-with-tls transport module.
[    1.225139] RPC: Registered tcp NFSv4.1 backchannel transport module.
[    1.225733] pci_bus 0000:00: resource 4 [io  0x0000-0x0cf7 window]
[    1.226263] pci_bus 0000:00: resource 5 [io  0x0d00-0xffff window]
[    1.226792] pci_bus 0000:00: resource 6 [mem 0x000a0000-0x000bffff window]
[    1.227362] pci_bus 0000:00: resource 7 [mem 0x80000000-0xfebfffff window]
[    1.227944] pci_bus 0000:00: resource 8 [mem 0x100000000-0x17fffffff window]
[    1.229100] pci 0000:00:01.0: PIIX3: Enabling Passive Release
[    1.229596] pci 0000:00:00.0: Limiting direct PCI/PCI transfers
[    1.230167] PCI: CLS 0 bytes, default 64
[    1.231256] ACPI: bus type thunderbolt registered
[    1.231993] clocksource: tsc: mask: 0xffffffffffffffff max_cycles: 0x240939f1bb2, max_idle_ns: 440795263295 ns
[    3.319339] Initialise system trusted keyrings
[    3.319956] Key type blacklist registered
[    3.320808] workingset: timestamp_bits=36 max_order=19 bucket_order=0
[    3.321506] zbud: loaded
[    3.324923] squashfs: version 4.0 (2009/01/31) Phillip Lougher
[    3.328815] NFS: Registering the id_resolver key type
[    3.329372] Key type id_resolver registered
[    3.329762] Key type id_legacy registered
[    3.330203] nfs4filelayout_init: NFSv4 File Layout Driver Registering...
[    3.330889] nfs4flexfilelayout_init: NFSv4 Flexfile Layout Driver Registering...
[    3.332270] fuse: init (API version 7.40)
[    3.333929] SGI XFS with ACLs, security attributes, realtime, quota, no debug enabled
[    3.336865] 9p: Installing v9fs 9p2000 file system support
[    3.340985] Callback from call_rcu_tasks() invoked.
[    3.350697] Key type asymmetric registered
[    3.351055] Asymmetric key parser 'x509' registered
[    3.351637] Block layer SCSI generic (bsg) driver version 0.4 loaded (major 243)
[    3.352939] io scheduler mq-deadline registered
[    3.353578] io scheduler bfq registered
[    3.355549] shpchp: Standard Hot Plug PCI Controller Driver version: 0.4
[    3.357296] IPMI message handler: version 39.2
[    3.357822] ipmi device interface
[    3.361118] input: Power Button as /devices/LNXSYSTM:00/LNXPWRBN:00/input/input0
[    3.362587] ACPI: button: Power Button [PWRF]
[    3.366462] ERST DBG: ERST support is disabled.
[    3.368689] Serial: 8250/16550 driver, 32 ports, IRQ sharing enabled
[    3.371248] 00:04: ttyS0 at I/O 0x3f8 (irq = 4, base_baud = 115200) is a 16550A
[    3.428202] Linux agpgart interface v0.103
[    3.433466] ACPI: bus type drm_connector registered
[    3.471175] brd: module loaded
[    3.494577] loop: module loaded
[    3.512584] scsi host0: ata_piix
[    3.515699] scsi host1: ata_piix
[    3.516808] ata1: PATA max MWDMA2 cmd 0x1f0 ctl 0x3f6 bmdma 0xc040 irq 14 lpm-pol 0
[    3.517454] ata2: PATA max MWDMA2 cmd 0x170 ctl 0x376 bmdma 0xc048 irq 15 lpm-pol 0
[    3.521684] tun: Universal TUN/TAP device driver, 1.6
[    3.523019] e100: Intel(R) PRO/100 Network Driver
[    3.523532] e100: Copyright(c) 1999-2006 Intel Corporation
[    3.524153] e1000: Intel(R) PRO/1000 Network Driver
[    3.524619] e1000: Copyright (c) 1999-2006 Intel Corporation.
[    3.676960] ata1: found unknown device (class 0)
[    3.677843] ata2: found unknown device (class 0)
[    3.678710] ata2.00: ATAPI: QEMU DVD-ROM, 2.5+, max UDMA/100
[    3.679642] ata1.00: ATA-7: QEMU HARDDISK, 2.5+, max UDMA/100
[    3.680156] ata1.00: 17196647 sectors, multi 16: LBA48 
[    3.683166] scsi 0:0:0:0: Direct-Access     ATA      QEMU HARDDISK    2.5+ PQ: 0 ANSI: 5
[    3.686253] scsi 0:0:0:0: Attached scsi generic sg0 type 0
[    3.688507] scsi 1:0:0:0: CD-ROM            QEMU     QEMU DVD-ROM     2.5+ PQ: 0 ANSI: 5
[    3.689624] sd 0:0:0:0: [sda] 17196647 512-byte logical blocks: (8.80 GB/8.20 GiB)
[    3.690422] sd 0:0:0:0: [sda] Write Protect is off
[    3.691109] sd 0:0:0:0: [sda] Write cache: enabled, read cache: enabled, doesn't support DPO or FUA
[    3.692135] sd 0:0:0:0: [sda] Preferred minimum I/O size 512 bytes
[    3.719023] sd 0:0:0:0: [sda] Attached SCSI disk
[    3.722848] scsi 1:0:0:0: Attached scsi generic sg1 type 5
[    5.547073] ACPI: \_SB_.LNKC: Enabled at IRQ 11
[    5.873840] e1000 0000:00:03.0 eth0: (PCI:33MHz:32-bit) 52:54:00:12:34:56
[    5.874510] e1000 0000:00:03.0 eth0: Intel(R) PRO/1000 Network Connection
[    5.875266] e1000e: Intel(R) PRO/1000 Network Driver
[    5.875728] e1000e: Copyright(c) 1999 - 2015 Intel Corporation.
[    5.876391] igb: Intel(R) Gigabit Ethernet Network Driver
[    5.876912] igb: Copyright (c) 2007-2014 Intel Corporation.
[    5.877675] PPP generic driver version 2.4.2
[    5.880069] VFIO - User Level meta-driver version: 0.3
[    5.882243] usbcore: registered new interface driver uas
[    5.882893] usbcore: registered new interface driver usb-storage
[    5.883833] i8042: PNP: PS/2 Controller [PNP0303:KBD,PNP0f13:MOU] at 0x60,0x64 irq 1,12
[    5.886224] serio: i8042 KBD port at 0x60,0x64 irq 1
[    5.886821] serio: i8042 AUX port at 0x60,0x64 irq 12
[    5.889903] mousedev: PS/2 mouse device common for all mice
[    5.892829] input: AT Translated Set 2 keyboard as /devices/platform/i8042/serio0/input/input1
[    5.893560] rtc_cmos 00:05: RTC can wake from S4
[    5.896809] input: VirtualPS/2 VMware VMMouse as /devices/platform/i8042/serio1/input/input4
[    5.897448] rtc_cmos 00:05: registered as rtc0
[    5.898245] rtc_cmos 00:05: setting system clock to 2024-09-22T22:54:46 UTC (1727045686)
[    5.899555] rtc_cmos 00:05: alarms up to one day, y3k, 242 bytes nvram, hpet irqs
[    5.899847] input: VirtualPS/2 VMware VMMouse as /devices/platform/i8042/serio1/input/input3
[    5.900336] i2c_dev: i2c /dev entries driver
[    5.901608] device-mapper: core: CONFIG_IMA_DISABLE_HTABLE is disabled. Duplicate IMA measurements will not be recorded in the IMA log.
[    5.902824] device-mapper: uevent: version 1.0.3
[    5.904202] device-mapper: ioctl: 4.48.0-ioctl (2023-03-01) initialised: dm-devel@lists.linux.dev
[    5.905162] intel_pstate: CPU model not supported
[    5.905933] sdhci: Secure Digital Host Controller Interface driver
[    5.906521] sdhci: Copyright(c) Pierre Ossman
[    5.907095] sdhci-pltfm: SDHCI platform and OF driver helper
[    5.908071] ledtrig-cpu: registered to indicate activity on CPUs
[    5.909539] drop_monitor: Initializing network drop monitor service
[    5.910609] NET: Registered PF_INET6 protocol family
[    5.920991] Segment Routing with IPv6
[    5.921491] In-situ OAM (IOAM) with IPv6
[    5.921911] NET: Registered PF_PACKET protocol family
[    5.923156] 9pnet: Installing 9P2000 support
[    5.923802] Key type dns_resolver registered
[    5.927099] IPI shorthand broadcast: enabled
[    5.989760] sched_clock: Marking stable (5968004721, 20622776)->(6000283648, -11656151)
[    5.992068] registered taskstats version 1
[    5.994682] Loading compiled-in X.509 certificates
[    6.061905] Demotion targets for Node 0: null
[    6.064744] Key type .fscrypt registered
[    6.065162] Key type fscrypt-provisioning registered
[    6.079589] Key type encrypted registered
[    6.080082] ima: No TPM chip found, activating TPM-bypass!
[    6.080614] ima: Allocated hash algorithm: sha1
[    6.081235] ima: No architecture policies found
[    6.081897] evm: Initialising EVM extended attributes:
[    6.082385] evm: security.selinux
[    6.082690] evm: security.SMACK64
[    6.082995] evm: security.SMACK64EXEC
[    6.083348] evm: security.SMACK64TRANSMUTE
[    6.083724] evm: security.SMACK64MMAP
[    6.084061] evm: security.apparmor
[    6.084381] evm: security.ima
[    6.084692] evm: security.capability
[    6.085028] evm: HMAC attrs: 0x1
[    6.090061] PM:   Magic number: 8:897:957
[    6.092183] RAS: Correctable Errors collector initialized.
[    6.093200] clk: Disabling unused clocks
[    6.094660] PM: genpd: Disabling unused power domains
[    6.097479] md: Waiting for all devices to be available before autodetect
[    6.097954] md: If you don't use raid, use raid=noautodetect
[    6.098319] md: Autodetecting RAID arrays.
[    6.098600] md: autorun ...
[    6.098783] md: ... autorun DONE.
[    6.121127] EXT4-fs (sda): mounted filesystem 088740a9-c8b4-422c-999d-a804eb68a4da ro with ordered data mode. Quota mode: none.
[    6.121989] VFS: Mounted root (ext4 filesystem) readonly on device 8:0.
[    6.126364] devtmpfs: mounted
[    6.151622] Freeing unused decrypted memory: 2028K
[    6.158725] Freeing unused kernel image (initmem) memory: 15332K
[    6.159185] Write protecting the kernel read-only data: 94208k
[    6.162290] Freeing unused kernel image (rodata/data gap) memory: 1244K
[    7.280131] x86/mm: Checked W+X mappings: passed, no W+X pages found.
[    7.280695] Run /sbin/init as init process
[    7.602147] systemd[1]: systemd 252-15.el9 running in system mode (+PAM +AUDIT +SELINUX -APPARMOR +IMA +SMACK +SECCOMP +GCRYPT +GNUTLS +OPENSSL +ACL +BLKID +CURL +ELFUTILS -FIDO2 +IDN2 -IDN -IPTC +KMOD +LIBCRYPTSETUP +LIBFDISK +PCRE2 -PWQUALITY +P11KIT -QRENCODE +TPM2 +BZIP2 +LZ4 +XZ +ZLIB +ZSTD -BPF_FRAMEWORK +XKBCOMMON +UTMP +SYSVINIT default-hierarchy=unified)
[    7.604069] systemd[1]: Detected virtualization kvm.
[    7.604404] systemd[1]: Detected architecture x86-64.

Welcome to [0;31mCentOS Stream 9[0m!

[    7.615159] systemd[1]: Hostname set to <test>.
[    7.858308] systemd-rc-local-generator[125]: /etc/rc.d/rc.local is not marked executable, skipping.
[    8.587123] systemd[1]: Queued start job for default target Multi-User System.
[    8.628603] systemd[1]: Created slice Virtual Machine and Container Slice.
[[0;32m  OK  [0m] Created slice [0;1;39mVirtual Machine and Container Slice[0m.
[    8.635098] systemd[1]: Created slice Slice /system/getty.
[[0;32m  OK  [0m] Created slice [0;1;39mSlice /system/getty[0m.
[    8.638617] systemd[1]: Created slice Slice /system/modprobe.
[[0;32m  OK  [0m] Created slice [0;1;39mSlice /system/modprobe[0m.
[    8.642322] systemd[1]: Created slice Slice /system/serial-getty.
[[0;32m  OK  [0m] Created slice [0;1;39mSlice /system/serial-getty[0m.
[    8.645921] systemd[1]: Created slice Slice /system/sshd-keygen.
[[0;32m  OK  [0m] Created slice [0;1;39mSlice /system/sshd-keygen[0m.
[    8.649676] systemd[1]: Created slice User and Session Slice.
[[0;32m  OK  [0m] Created slice [0;1;39mUser and Session Slice[0m.
[    8.651340] systemd[1]: Started Forward Password Requests to Wall Directory Watch.
[[0;32m  OK  [0m] Started [0;1;39mForward Password R…uests to Wall Directory Watch[0m.
[    8.654109] systemd[1]: Set up automount Arbitrary Executable File Formats File System Automount Point.
[[0;32m  OK  [0m] Set up automount [0;1;39mArbitrary…s File System Automount Point[0m.
[    8.655680] systemd[1]: Reached target Local Integrity Protected Volumes.
[[0;32m  OK  [0m] Reached target [0;1;39mLocal Integrity Protected Volumes[0m.
[    8.656949] systemd[1]: Reached target Slice Units.
[[0;32m  OK  [0m] Reached target [0;1;39mSlice Units[0m.
[    8.657848] systemd[1]: Reached target Swaps.
[[0;32m  OK  [0m] Reached target [0;1;39mSwaps[0m.
[    8.658691] systemd[1]: Reached target Local Verity Protected Volumes.
[[0;32m  OK  [0m] Reached target [0;1;39mLocal Verity Protected Volumes[0m.
[    8.660330] systemd[1]: Listening on Device-mapper event daemon FIFOs.
[[0;32m  OK  [0m] Listening on [0;1;39mDevice-mapper event daemon FIFOs[0m.
[    8.662471] systemd[1]: Listening on LVM2 poll daemon socket.
[[0;32m  OK  [0m] Listening on [0;1;39mLVM2 poll daemon socket[0m.
[    8.663798] systemd[1]: multipathd control socket was skipped because of an unmet condition check (ConditionPathExists=/etc/multipath.conf).
[    8.731455] systemd[1]: Listening on RPCbind Server Activation Socket.
[[0;32m  OK  [0m] Listening on [0;1;39mRPCbind Server Activation Socket[0m.
[    8.732884] systemd[1]: Reached target RPC Port Mapper.
[[0;32m  OK  [0m] Reached target [0;1;39mRPC Port Mapper[0m.
[    8.737228] systemd[1]: Listening on Process Core Dump Socket.
[[0;32m  OK  [0m] Listening on [0;1;39mProcess Core Dump Socket[0m.
[    8.739253] systemd[1]: Listening on initctl Compatibility Named Pipe.
[[0;32m  OK  [0m] Listening on [0;1;39minitctl Compatibility Named Pipe[0m.
[    8.741307] systemd[1]: Listening on Journal Socket (/dev/log).
[[0;32m  OK  [0m] Listening on [0;1;39mJournal Socket (/dev/log)[0m.
[    8.743114] systemd[1]: Listening on Journal Socket.
[[0;32m  OK  [0m] Listening on [0;1;39mJournal Socket[0m.
[    8.745222] systemd[1]: Listening on udev Control Socket.
[[0;32m  OK  [0m] Listening on [0;1;39mudev Control Socket[0m.
[    8.746754] systemd[1]: Listening on udev Kernel Socket.
[[0;32m  OK  [0m] Listening on [0;1;39mudev Kernel Socket[0m.
[    8.769331] systemd[1]: Mounting Huge Pages File System...
         Mounting [0;1;39mHuge Pages File System[0m...
[    8.779644] systemd[1]: Mounting POSIX Message Queue File System...
         Mounting [0;1;39mPOSIX Message Queue File System[0m...
[    8.793571] systemd[1]: Mounting Kernel Debug File System...
         Mounting [0;1;39mKernel Debug File System[0m...
[    8.804463] systemd[1]: Mounting Kernel Trace File System...
         Mounting [0;1;39mKernel Trace File System[0m...
[    8.808546] systemd[1]: Kernel Module supporting RPCSEC_GSS was skipped because of an unmet condition check (ConditionPathExists=/etc/krb5.keytab).
[    8.809549] systemd[1]: Create List of Static Device Nodes was skipped because of an unmet condition check (ConditionFileNotEmpty=/lib/modules/6.11.0-98f7e32f20d2-b37c907073e8-r-dirty/modules.devname).
[    8.819523] systemd[1]: Starting Monitoring of LVM2 mirrors, snapshots etc. using dmeventd or progress polling...
         Starting [0;1;39mMonitoring of LVM…meventd or progress polling[0m...
[    8.831757] systemd[1]: Starting Load Kernel Module configfs...
         Starting [0;1;39mLoad Kernel Module configfs[0m...
[    8.841941] systemd[1]: Starting Load Kernel Module drm...
         Starting [0;1;39mLoad Kernel Module drm[0m...
[    8.861131] systemd[1]: Starting Load Kernel Module fuse...
         Starting [0;1;39mLoad Kernel Module fuse[0m...
[    8.876444] systemd[1]: Starting Read and set NIS domainname from /etc/sysconfig/network...
         Starting [0;1;39mRead and set NIS …from /etc/sysconfig/network[0m...
[    8.921442] systemd[1]: Starting Journal Service...
         Starting [0;1;39mJournal Service[0m...
[    8.941452] systemd[1]: Starting Load Kernel Modules...
         Starting [0;1;39mLoad Kernel Modules[0m...
[    8.961701] systemd[1]: Starting Generate network units from Kernel command line...
         Starting [0;1;39mGenerate network …ts from Kernel command line[0m...
[    8.993210] systemd[1]: Starting Remount Root and Kernel File Systems...
         Starting [0;1;39mRemount Root and Kernel File Systems[0m...
[    8.997614] systemd[1]: Repartition Root Disk was skipped because no trigger condition checks were met.
[    9.046272] systemd[1]: Starting Coldplug All udev Devices...
         Starting [0;1;39mColdplug All udev Devices[0m...
[    9.078571] systemd[1]: Mounted Huge Pages File System.
[[0;32m  OK  [0m] Mounted [0;1;39mHuge Pages File System[0m.
[    9.089914] systemd[1]: Mounted POSIX Message Queue File System.
[[0;32m  OK  [0m] Mounted [0;1;39mPOSIX Message Queue File System[0m.
[    9.091746] systemd[1]: Mounted Kernel Debug File System.
[[0;32m  OK  [0m] Mounted [0;1;39mKernel Debug File System[0m.
[    9.094979] systemd[1]: Mounted Kernel Trace File System.
[[0;32m  OK  [0m] Mounted [0;1;39mKernel Trace File System[0m.
[    9.101890] systemd[1]: Finished Monitoring of LVM2 mirrors, snapshots etc. using dmeventd or progress polling.
[[0;32m  OK  [0m] Finished [0;1;39mMonitoring of LVM… dmeventd or progress polling[0m.
[    9.111349] systemd[1]: modprobe@configfs.service: Deactivated successfully.
[    9.117144] systemd[1]: Finished Load Kernel Module configfs.
[[0;32m  OK  [0m] Finished [0;1;39mLoad Kernel Module configfs[0m.
[    9.118940] systemd[1]: Started Journal Service.
[[0;32m  OK  [0m] Started [0;1;39mJournal Service[0m.
[[0;32m  OK  [0m] Finished [0;1;39mLoad Kernel Module drm[0m.
[    9.130669] EXT4-fs (sda): re-mounted 088740a9-c8b4-422c-999d-a804eb68a4da r/w. Quota mode: none.
[[0;32m  OK  [0m] Finished [0;1;39mLoad Kernel Module fuse[0m.
[[0;32m  OK  [0m] Finished [0;1;39mRead and set NIS …e from /etc/sysconfig/network[0m.
[[0;1;31mFAILED[0m] Failed to start [0;1;39mLoad Kernel Modules[0m.
See 'systemctl status systemd-modules-load.service' for details.
[[0;32m  OK  [0m] Finished [0;1;39mGenerate network units from Kernel command line[0m.
[[0;32m  OK  [0m] Finished [0;1;39mRemount Root and Kernel File Systems[0m.
[[0;32m  OK  [0m] Reached target [0;1;39mPreparation for Network[0m.
         Mounting [0;1;39mFUSE Control File System[0m...
         Mounting [0;1;39mKernel Configuration File System[0m...
         Starting [0;1;39mFlush Journal to Persistent Storage[0m...
         Starting [0;1;39mLoad/Save Random Seed[0m...
         Starting [0;1;39mApply Kernel Variables[0m...
         Starting [0;1;39mCreate Static Device Nodes in /dev[0m...
         Starting [0;1;39mSetup Virtual Console[0m...
[    9.317864] systemd-journald[147]: Received client request to flush runtime journal.
[[0;32m  OK  [0m] Mounted [0;1;39mFUSE Control File System[0m.
[[0;32m  OK  [0m] Mounted [0;1;39mKernel Configuration File System[0m.
[[0;32m  OK  [0m] Finished [0;1;39mFlush Journal to Persistent Storage[0m.
[[0;32m  OK  [0m] Finished [0;1;39mLoad/Save Random Seed[0m.
[[0;32m  OK  [0m] Finished [0;1;39mApply Kernel Variables[0m.
[[0;32m  OK  [0m] Finished [0;1;39mCreate Static Device Nodes in /dev[0m.
         Starting [0;1;39mRule-based Manage…for Device Events and Files[0m...
[[0;32m  OK  [0m] Started [0;1;39mRule-based Manager for Device Events and Files[0m.
         Starting [0;1;39mAuto-connect to s…E devices found during boot[0m...
[[0;32m  OK  [0m] Finished [0;1;39mAuto-connect to s…VME devices found during boot[0m.
[[0;32m  OK  [0m] Finished [0;1;39mSetup Virtual Console[0m.
[[0;32m  OK  [0m] Finished [0;1;39mColdplug All udev Devices[0m.
[[0;32m  OK  [0m] Started [0;1;39mDispatch Password …ts to Console Directory Watch[0m.
[[0;32m  OK  [0m] Reached target [0;1;39mLocal Encrypted Volumes[0m.
[[0;32m  OK  [0m] Reached target [0;1;39mPath Units[0m.
         Starting [0;1;39mWait for udev To …plete Device Initialization[0m...
[[0;32m  OK  [0m] Found device [0;1;39m/dev/ttyS0[0m.
[[0;32m  OK  [0m] Listening on [0;1;39mLoad/Save RF …itch Status /dev/rfkill Watch[0m.
[[0;32m  OK  [0m] Finished [0;1;39mWait for udev To Complete Device Initialization[0m.
[[0;32m  OK  [0m] Reached target [0;1;39mPreparation for Local File Systems[0m.
[[0;32m  OK  [0m] Reached target [0;1;39mLocal File Systems[0m.
         Starting [0;1;39mTell Plymouth To Write Out Runtime Data[0m...
         Starting [0;1;39mAutomatic Boot Loader Update[0m...
         Starting [0;1;39mCreate Volatile Files and Directories[0m...
[[0;32m  OK  [0m] Finished [0;1;39mTell Plymouth To Write Out Runtime Data[0m.
[[0;32m  OK  [0m] Finished [0;1;39mAutomatic Boot Loader Update[0m.
[[0;32m  OK  [0m] Finished [0;1;39mCreate Volatile Files and Directories[0m.
         Mounting [0;1;39mRPC Pipe File System[0m...
         Starting [0;1;39mSecurity Auditing Service[0m...
         Starting [0;1;39mRPC Bind[0m...
[[0;32m  OK  [0m] Mounted [0;1;39mRPC Pipe File System[0m.
[[0;32m  OK  [0m] Reached target [0;1;39mrpc_pipefs.target[0m.
[[0;32m  OK  [0m] Started [0;1;39mRPC Bind[0m.
[[0;32m  OK  [0m] Started [0;1;39mSecurity Auditing Service[0m.
         Starting [0;1;39mRecord System Boot/Shutdown in UTMP[0m...
[[0;32m  OK  [0m] Finished [0;1;39mRecord System Boot/Shutdown in UTMP[0m.
[[0;32m  OK  [0m] Reached target [0;1;39mSystem Initialization[0m.
[[0;32m  OK  [0m] Started [0;1;39mDaily rotation of log files[0m.
[[0;32m  OK  [0m] Started [0;1;39mUpdates mlocate database every day[0m.
[[0;32m  OK  [0m] Started [0;1;39mDaily Cleanup of Temporary Directories[0m.
[[0;32m  OK  [0m] Started [0;1;39mdaily update of the root trust anchor for DNSSEC[0m.
[[0;32m  OK  [0m] Reached target [0;1;39mTimer Units[0m.
[[0;32m  OK  [0m] Listening on [0;1;39mD-Bus System Message Bus Socket[0m.
[[0;32m  OK  [0m] Listening on [0;1;39mOpen-iSCSI iscsid Socket[0m.
[[0;32m  OK  [0m] Listening on [0;1;39mOpen-iSCSI iscsiuio Socket[0m.
[[0;32m  OK  [0m] Listening on [0;1;39mSSSD Kerberos…ache Manager responder socket[0m.
[[0;32m  OK  [0m] Listening on [0;1;39mLibvirt interface local socket[0m.
[[0;32m  OK  [0m] Listening on [0;1;39mVirtual machine lock manager socket[0m.
[[0;32m  OK  [0m] Listening on [0;1;39mVirtual machine log manager socket[0m.
[[0;32m  OK  [0m] Listening on [0;1;39mLibvirt network local socket[0m.
[[0;32m  OK  [0m] Listening on [0;1;39mLibvirt nodedev local socket[0m.
[[0;32m  OK  [0m] Listening on [0;1;39mLibvirt nwfilter local socket[0m.
[[0;32m  OK  [0m] Listening on [0;1;39mLibvirt proxy local socket[0m.
[[0;32m  OK  [0m] Listening on [0;1;39mLibvirt qemu local socket[0m.
[[0;32m  OK  [0m] Listening on [0;1;39mLibvirt qemu admin socket[0m.
[[0;32m  OK  [0m] Listening on [0;1;39mLibvirt qemu local read-only socket[0m.
[[0;32m  OK  [0m] Listening on [0;1;39mLibvirt secret local socket[0m.
[[0;32m  OK  [0m] Listening on [0;1;39mLibvirt storage local socket[0m.
[[0;32m  OK  [0m] Reached target [0;1;39mSocket Units[0m.
         Starting [0;1;39mD-Bus System Message Bus[0m...
[[0;32m  OK  [0m] Started [0;1;39mD-Bus System Message Bus[0m.
[[0;32m  OK  [0m] Reached target [0;1;39mBasic System[0m.
         Starting [0;1;39mNetwork Manager[0m...
         Starting [0;1;39mNTP client/server[0m...
         Starting [0;1;39mRestore /run/initramfs on shutdown[0m...
[[0;32m  OK  [0m] Started [0;1;39mirqbalance daemon[0m.
[[0;32m  OK  [0m] Started [0;1;39mlibstoragemgmt plug-in server daemon[0m.
[[0;32m  OK  [0m] Started [0;1;39mMachine Check Exception Logging Daemon[0m.
[[0;32m  OK  [0m] Reached target [0;1;39msshd-keygen.target[0m.
[[0;32m  OK  [0m] Reached target [0;1;39mUser and Group Name Lookups[0m.
         Starting [0;1;39mUser Login Management[0m...
         Starting [0;1;39mVirtual Machine a…tainer Registration Service[0m...
         Starting [0;1;39mupdate of the roo…NSSEC validation in unbound[0m...
         Starting [0;1;39mRotate log files[0m...
[[0;32m  OK  [0m] Started [0;1;39mUpdate a database for mlocate[0m.
[[0;32m  OK  [0m] Started [0;1;39mNTP client/server[0m.
[[0;32m  OK  [0m] Finished [0;1;39mRestore /run/initramfs on shutdown[0m.
[[0;32m  OK  [0m] Started [0;1;39mVirtual Machine an…ontainer Registration Service[0m.
         Starting [0;1;39mHostname Service[0m...
[[0;32m  OK  [0m] Started [0;1;39mUser Login Management[0m.
[[0;32m  OK  [0m] Finished [0;1;39mupdate of the roo… DNSSEC validation in unbound[0m.
[[0;32m  OK  [0m] Started [0;1;39mHostname Service[0m.
[[0;32m  OK  [0m] Finished [0;1;39mRotate log files[0m.
         Starting [0;1;39mNetwork Manager Script Dispatcher Service[0m...
[[0;32m  OK  [0m] Started [0;1;39mNetwork Manager Script Dispatcher Service[0m.
[   13.813029] e1000: eth0 NIC Link is Up 1000 Mbps Full Duplex, Flow Control: RX
[[0;32m  OK  [0m] Started [0;1;39mNetwork Manager[0m.
[[0;32m  OK  [0m] Reached target [0;1;39mNetwork[0m.
[[0;32m  OK  [0m] Reached target [0;1;39mNetwork is Online[0m.
         Starting [0;1;39mGSSAPI Proxy Daemon[0m...
         Starting [0;1;39mNotify NFS peers of a restart[0m...
         Starting [0;1;39mSystem Logging Service[0m...
         Starting [0;1;39mOpenSSH server daemon[0m...
         Starting [0;1;39mDynamic System Tuning Daemon[0m...
[[0;32m  OK  [0m] Started [0;1;39mNotify NFS peers of a restart[0m.
[[0;32m  OK  [0m] Started [0;1;39mOpenSSH server daemon[0m.
[[0;32m  OK  [0m] Started [0;1;39mGSSAPI Proxy Daemon[0m.
[[0;32m  OK  [0m] Reached target [0;1;39mNFS client services[0m.
[[0;32m  OK  [0m] Reached target [0;1;39mPreparation for Remote File Systems[0m.
[[0;32m  OK  [0m] Reached target [0;1;39mRemote File Systems[0m.
         Starting [0;1;39mPermit User Sessions[0m...
         Starting [0;1;39mVirtualization qemu daemon[0m...
[[0;32m  OK  [0m] Started [0;1;39mSystem Logging Service[0m.
[[0;32m  OK  [0m] Finished [0;1;39mPermit User Sessions[0m.
[[0;32m  OK  [0m] Started [0;1;39mDeferred execution scheduler[0m.
[[0;32m  OK  [0m] Started [0;1;39mCommand Scheduler[0m.
         Starting [0;1;39mHold until boot process finishes up[0m...
         Starting [0;1;39mTerminate Plymouth Boot Screen[0m...
[[0;32m  OK  [0m] Finished [0;1;39mHold until boot process finishes up[0m.
[[0;32m  OK  [0m] Started [0;1;39mGetty on tty1[0m.
[[0;32m  OK  [0m] Started [0;1;39mSerial Getty on ttyS0[0m.
[[0;32m  OK  [0m] Reached target [0;1;39mLogin Prompts[0m.
[[0;32m  OK  [0m] Finished [0;1;39mTerminate Plymouth Boot Screen[0m.
[[0;32m  OK  [0m] Started [0;1;39mVirtualization qemu daemon[0m.
         Starting [0;1;39mAuthorization Manager[0m...
[[0;32m  OK  [0m] Started [0;1;39mAuthorization Manager[0m.
[[0;32m  OK  [0m] Started [0;1;39mDynamic System Tuning Daemon[0m.
[[0;32m  OK  [0m] Reached target [0;1;39mMulti-User System[0m.
         Starting [0;1;39mRecord Runlevel Change in UTMP[0m...
[[0;32m  OK  [0m] Finished [0;1;39mRecord Runlevel Change in UTMP[0m.

CentOS Stream 9
Kernel 6.11.0-98f7e32f20d2-b37c907073e8-r-dirty on an x86_64

Activate the web console with: systemctl enable --now cockpit.socket

test login: [   25.159409] EXT4-fs (sda): Inode 151597 (000000001e55be2e): i_reserved_data_blocks (1) not cleared!
[   25.174901] EXT4-fs (sda): Inode 151595 (00000000dbcb7d19): i_reserved_data_blocks (1) not cleared!
[   25.176334] EXT4-fs (sda): Inode 151592 (00000000a911c139): i_reserved_data_blocks (1) not cleared!
[   25.176886] EXT4-fs (sda): Inode 151598 (000000001ce2892e): i_reserved_data_blocks (1) not cleared!
[   25.181781] EXT4-fs (sda): Inode 151593 (00000000a5a4c011): i_reserved_data_blocks (1) not cleared!
[   25.189449] EXT4-fs (sda): Inode 151594 (00000000c8181af0): i_reserved_data_blocks (1) not cleared!
[   25.270268] EXT4-fs (sda): Inode 151591 (000000005fe575ac): i_reserved_data_blocks (1) not cleared!
[   25.280782] EXT4-fs (sda): Inode 151595 (000000003b82c01e): i_reserved_data_blocks (1) not cleared!
[   25.283366] EXT4-fs (sda): Inode 151593 (00000000e8021c7a): i_reserved_data_blocks (1) not cleared!
[   25.541640] EXT4-fs (sda): Inode 151539 (00000000f7a25758): i_reserved_data_blocks (1) not cleared!
[   30.172882] EXT4-fs: 13 callbacks suppressed
[   30.172901] EXT4-fs (sda): Inode 151597 (00000000449ea3b2): i_reserved_data_blocks (1) not cleared!
[   30.200398] EXT4-fs (sda): Inode 151589 (000000006c77fe7d): i_reserved_data_blocks (1) not cleared!
[   31.124372] EXT4-fs (sda): Inode 151597 (00000000e32d1c36): i_reserved_data_blocks (1) not cleared!
[   31.362214] EXT4-fs (sda): Inode 151589 (00000000db3a5800): i_reserved_data_blocks (1) not cleared!
[   31.495975] EXT4-fs (sda): Inode 151589 (000000003a5ebee8): i_reserved_data_blocks (1) not cleared!
[   31.689808] EXT4-fs (sda): Inode 151595 (00000000dbcb7d19): i_reserved_data_blocks (1) not cleared!
[   31.696255] EXT4-fs (sda): Inode 151582 (00000000cc7af179): i_reserved_data_blocks (1) not cleared!
[   31.991146] EXT4-fs (sda): Inode 151597 (00000000c06633df): i_reserved_data_blocks (1) not cleared!
[   32.245289] EXT4-fs (sda): Inode 151595 (000000006c543331): i_reserved_data_blocks (1) not cleared!
[   32.547525] EXT4-fs (sda): Inode 151582 (000000005c81832c): i_reserved_data_blocks (1) not cleared!
[   36.131895] EXT4-fs: 12 callbacks suppressed
[   36.131914] EXT4-fs (sda): Inode 151590 (00000000c7ce5c50): i_reserved_data_blocks (1) not cleared!
[   36.253506] EXT4-fs (sda): Inode 151590 (000000005e0416c3): i_reserved_data_blocks (1) not cleared!
[   37.195811] EXT4-fs (sda): Inode 151592 (000000003c08269a): i_reserved_data_blocks (1) not cleared!
[   38.102007] EXT4-fs (sda): Inode 151592 (00000000fb677787): i_reserved_data_blocks (1) not cleared!
[   38.498985] EXT4-fs (sda): Inode 151590 (000000002b00ace8): i_reserved_data_blocks (1) not cleared!
[   38.505312] EXT4-fs (sda): Inode 151587 (00000000e8e55325): i_reserved_data_blocks (1) not cleared!
[   38.741685] EXT4-fs (sda): Inode 151598 (000000004d446a32): i_reserved_data_blocks (1) not cleared!
[   38.985015] EXT4-fs (sda): Inode 151590 (000000005815179f): i_reserved_data_blocks (1) not cleared!
[   39.923327] EXT4-fs (sda): Inode 151596 (00000000e381619e): i_reserved_data_blocks (1) not cleared!
[   40.385875] EXT4-fs (sda): Inode 151593 (00000000fc816893): i_reserved_data_blocks (1) not cleared!
[   41.374410] EXT4-fs: 2 callbacks suppressed
[   41.374424] EXT4-fs (sda): Inode 151579 (000000004e2395c8): i_reserved_data_blocks (1) not cleared!
[   41.378110] EXT4-fs (sda): Inode 151586 (00000000e898a384): i_reserved_data_blocks (1) not cleared!
[   41.495458] EXT4-fs (sda): Inode 151579 (00000000b22a30b1): i_reserved_data_blocks (1) not cleared!
[   43.259117] EXT4-fs (sda): Inode 151588 (0000000049b47d0f): i_reserved_data_blocks (1) not cleared!
[   43.262742] EXT4-fs (sda): Inode 151598 (000000001533a1ad): i_reserved_data_blocks (1) not cleared!
[   43.300530] EXT4-fs (sda): Inode 151594 (000000002bb58b0e): i_reserved_data_blocks (1) not cleared!
[   43.320349] EXT4-fs (sda): Inode 151597 (000000003604a55d): i_reserved_data_blocks (1) not cleared!
[   46.399433] EXT4-fs (sda): Inode 151579 (0000000001dc0f3c): i_reserved_data_blocks (1) not cleared!
[   46.400539] EXT4-fs (sda): Inode 151593 (00000000602ad058): i_reserved_data_blocks (1) not cleared!
[   47.058114] EXT4-fs (sda): Inode 151593 (000000004a463604): i_reserved_data_blocks (1) not cleared!
[   47.354219] EXT4-fs (sda): Inode 151592 (000000008c8e9dd1): i_reserved_data_blocks (1) not cleared!
[   47.992894] EXT4-fs (sda): Inode 151586 (00000000cc756205): i_reserved_data_blocks (1) not cleared!
[   48.730191] EXT4-fs (sda): Inode 151593 (00000000185695a0): i_reserved_data_blocks (1) not cleared!
[   49.090156] EXT4-fs (sda): Inode 151591 (000000003d23faa8): i_reserved_data_blocks (1) not cleared!
[   49.581072] EXT4-fs (sda): Inode 151591 (00000000af927c0e): i_reserved_data_blocks (1) not cleared!
[   49.589551] EXT4-fs (sda): Inode 151587 (00000000044ad772): i_reserved_data_blocks (1) not cleared!
[   49.695635] EXT4-fs (sda): Inode 151586 (00000000f2d39540): i_reserved_data_blocks (1) not cleared!
[   51.410281] EXT4-fs: 7 callbacks suppressed
[   51.410296] EXT4-fs (sda): Inode 151593 (000000004d446a32): i_reserved_data_blocks (1) not cleared!
[   51.687135] EXT4-fs (sda): Inode 151591 (00000000fb677787): i_reserved_data_blocks (1) not cleared!
[   51.787547] EXT4-fs (sda): Inode 151591 (00000000d21b6dff): i_reserved_data_blocks (1) not cleared!
[   52.258389] EXT4-fs (sda): Inode 151584 (000000002e3ff2fd): i_reserved_data_blocks (1) not cleared!
[   53.161478] EXT4-fs (sda): Inode 151587 (00000000b3266614): i_reserved_data_blocks (1) not cleared!
[   54.079353] EXT4-fs (sda): Inode 151587 (00000000b08c4779): i_reserved_data_blocks (1) not cleared!
[   55.344734] EXT4-fs (sda): Inode 151593 (0000000002b2a32a): i_reserved_data_blocks (1) not cleared!
[   55.700125] EXT4-fs (sda): Inode 151591 (00000000d2f81bcb): i_reserved_data_blocks (1) not cleared!
[   56.000130] EXT4-fs (sda): Inode 151590 (00000000449ea3b2): i_reserved_data_blocks (1) not cleared!
[   56.880034] EXT4-fs (sda): Inode 151582 (00000000b08c4779): i_reserved_data_blocks (1) not cleared!
[   56.906980] EXT4-fs (sda): Inode 151593 (000000006c543331): i_reserved_data_blocks (1) not cleared!
[   57.802644] EXT4-fs (sda): Inode 151588 (0000000052894985): i_reserved_data_blocks (1) not cleared!
[   59.387810] EXT4-fs (sda): Inode 151580 (0000000083824fa9): i_reserved_data_blocks (1) not cleared!
[   59.952652] EXT4-fs (sda): Inode 151593 (000000000ab91526): i_reserved_data_blocks (1) not cleared!
[   60.264045] EXT4-fs (sda): Inode 151546 (000000006548b925): i_reserved_data_blocks (1) not cleared!
[   60.404425] EXT4-fs (sda): Inode 151593 (000000008c692504): i_reserved_data_blocks (1) not cleared!
[   61.423011] EXT4-fs (sda): Inode 151588 (0000000076863f52): i_reserved_data_blocks (1) not cleared!
[   61.828504] EXT4-fs (sda): Inode 151591 (00000000d9c20434): i_reserved_data_blocks (1) not cleared!
[   63.041451] EXT4-fs (sda): Inode 151588 (000000008b376832): i_reserved_data_blocks (1) not cleared!
[   63.639124] EXT4-fs (sda): Inode 151585 (00000000dad9f7da): i_reserved_data_blocks (1) not cleared!
[   63.925705] EXT4-fs (sda): Inode 151591 (000000003a5ebee8): i_reserved_data_blocks (1) not cleared!
[   64.037412] EXT4-fs (sda): Inode 151590 (000000006c543331): i_reserved_data_blocks (1) not cleared!
[   64.039797] EXT4-fs (sda): Inode 151591 (00000000168c1a39): i_reserved_data_blocks (1) not cleared!
[   65.248027] EXT4-fs (sda): Inode 151579 (000000001533a1ad): i_reserved_data_blocks (1) not cleared!
[   65.520761] EXT4-fs (sda): Inode 151594 (0000000036f3d1e8): i_reserved_data_blocks (1) not cleared!
[   66.446353] EXT4-fs (sda): Inode 151591 (0000000075b21287): i_reserved_data_blocks (1) not cleared!
[   66.566603] EXT4-fs (sda): Inode 151591 (000000002c87243c): i_reserved_data_blocks (1) not cleared!
[   66.788192] EXT4-fs (sda): Inode 151585 (00000000d54c61c1): i_reserved_data_blocks (1) not cleared!
[   69.723892] EXT4-fs: 2 callbacks suppressed
[   69.723908] EXT4-fs (sda): Inode 151584 (000000008d325fb4): i_reserved_data_blocks (1) not cleared!
[   69.843255] EXT4-fs (sda): Inode 151562 (00000000e381619e): i_reserved_data_blocks (1) not cleared!
[   69.845373] EXT4-fs (sda): Inode 151593 (000000002fa7f4cf): i_reserved_data_blocks (1) not cleared!
[   69.845496] EXT4-fs (sda): Inode 151584 (00000000fc4779bb): i_reserved_data_blocks (1) not cleared!
[   69.855561] EXT4-fs (sda): Inode 151585 (00000000af94c251): i_reserved_data_blocks (1) not cleared!
[   70.481990] EXT4-fs (sda): Inode 151592 (00000000a1c30fb8): i_reserved_data_blocks (1) not cleared!
[   71.053969] EXT4-fs (sda): Inode 151585 (000000002cebab14): i_reserved_data_blocks (1) not cleared!
[   71.077646] EXT4-fs (sda): Inode 151589 (00000000573db2bf): i_reserved_data_blocks (1) not cleared!
[   71.079682] EXT4-fs (sda): Inode 151592 (00000000de4025a1): i_reserved_data_blocks (1) not cleared!
[   71.812810] EXT4-fs (sda): Inode 151586 (000000007f925e04): i_reserved_data_blocks (1) not cleared!
