c[?7l[2J[0mSeaBIOS (version rel-1.16.3-0-ga6ed6b701f0a-prebuilt.qemu.org)


iPXE (http://ipxe.org) 00:03.0 CA00 PCI2.10 PnP PMM+7EFD0D60+7EF30D60 CA00
Press Ctrl-B to configure iPXE (PCI 00:03.0)...                                                                               


Booting from ROM..c[?7l[2J[    0.000000] Linux version 6.10.0-acc5965b9ff8+ (root@gnr-800442) (gcc (GCC) 11.5.0 20240719 (Red Hat 11.5.0-2), GNU ld version 2.35.2-54.el9) #1 SMP PREEMPT_DYNAMIC Mon Sep 23 05:14:49 CST 2024
[    0.000000] Command line: console=ttyS0 root=/dev/sda earlyprintk=serial net.ifnames=0 plymouth.enable=0
[    0.000000] KERNEL supported cpus:
[    0.000000]   Intel GenuineIntel
[    0.000000]   AMD AuthenticAMD
[    0.000000]   Hygon HygonGenuine
[    0.000000]   Centaur CentaurHauls
[    0.000000]   zhaoxin   Shanghai  
[    0.000000] x86/split lock detection: #DB: warning on user-space bus_locks
[    0.000000] BIOS-provided physical RAM map:
[    0.000000] BIOS-e820: [mem 0x0000000000000000-0x000000000009fbff] usable
[    0.000000] BIOS-e820: [mem 0x000000000009fc00-0x000000000009ffff] reserved
[    0.000000] BIOS-e820: [mem 0x00000000000f0000-0x00000000000fffff] reserved
[    0.000000] BIOS-e820: [mem 0x0000000000100000-0x000000007ffdffff] usable
[    0.000000] BIOS-e820: [mem 0x000000007ffe0000-0x000000007fffffff] reserved
[    0.000000] BIOS-e820: [mem 0x00000000feffc000-0x00000000feffffff] reserved
[    0.000000] BIOS-e820: [mem 0x00000000fffc0000-0x00000000ffffffff] reserved
[    0.000000] printk: legacy bootconsole [earlyser0] enabled
[    0.000000] NX (Execute Disable) protection: active
[    0.000000] APIC: Static calls initialized
[    0.000000] SMBIOS 3.0.0 present.
[    0.000000] DMI: QEMU Standard PC (i440FX + PIIX, 1996), BIOS rel-1.16.3-0-ga6ed6b701f0a-prebuilt.qemu.org 04/01/2014
[    0.000000] DMI: Memory slots populated: 1/1
[    0.000000] Hypervisor detected: KVM
[    0.000000] kvm-clock: Using msrs 4b564d01 and 4b564d00
[    0.000003] kvm-clock: using sched offset of 694043205 cycles
[    0.000489] clocksource: kvm-clock: mask: 0xffffffffffffffff max_cycles: 0x1cd42e4dffb, max_idle_ns: 881590591483 ns
[    0.002023] tsc: Detected 2500.000 MHz processor
[    0.010937] last_pfn = 0x7ffe0 max_arch_pfn = 0x10000000000
[    0.011480] MTRR map: 4 entries (3 fixed + 1 variable; max 19), built from 8 variable MTRRs
[    0.012265] x86/PAT: Configuration [0-7]: WB  WC  UC- UC  WB  WP  UC- WT  
[    0.018263] found SMP MP-table at [mem 0x000f5480-0x000f548f]
[    0.018857] Using GB pages for direct mapping
[    0.022258] ACPI: Early table checksum verification disabled
[    0.022793] ACPI: RSDP 0x00000000000F52A0 000014 (v00 BOCHS )
[    0.023353] ACPI: RSDT 0x000000007FFE1C9B 000034 (v01 BOCHS  BXPC     00000001 BXPC 00000001)
[    0.024168] ACPI: FACP 0x000000007FFE1B47 000074 (v01 BOCHS  BXPC     00000001 BXPC 00000001)
[    0.024995] ACPI: DSDT 0x000000007FFE0040 001B07 (v01 BOCHS  BXPC     00000001 BXPC 00000001)
[    0.025814] ACPI: FACS 0x000000007FFE0000 000040
[    0.026256] ACPI: APIC 0x000000007FFE1BBB 000080 (v03 BOCHS  BXPC     00000001 BXPC 00000001)
[    0.027080] ACPI: HPET 0x000000007FFE1C3B 000038 (v01 BOCHS  BXPC     00000001 BXPC 00000001)
[    0.027898] ACPI: WAET 0x000000007FFE1C73 000028 (v01 BOCHS  BXPC     00000001 BXPC 00000001)
[    0.028707] ACPI: Reserving FACP table memory at [mem 0x7ffe1b47-0x7ffe1bba]
[    0.029366] ACPI: Reserving DSDT table memory at [mem 0x7ffe0040-0x7ffe1b46]
[    0.030024] ACPI: Reserving FACS table memory at [mem 0x7ffe0000-0x7ffe003f]
[    0.030681] ACPI: Reserving APIC table memory at [mem 0x7ffe1bbb-0x7ffe1c3a]
[    0.031343] ACPI: Reserving HPET table memory at [mem 0x7ffe1c3b-0x7ffe1c72]
[    0.032000] ACPI: Reserving WAET table memory at [mem 0x7ffe1c73-0x7ffe1c9a]
[    0.033237] No NUMA configuration found
[    0.033606] Faking a node at [mem 0x0000000000000000-0x000000007ffdffff]
[    0.034279] NODE_DATA(0) allocated [mem 0x7ffb4e00-0x7ffdfdff]
[    0.037011] Zone ranges:
[    0.037276]   DMA      [mem 0x0000000000001000-0x0000000000ffffff]
[    0.037876]   DMA32    [mem 0x0000000001000000-0x000000007ffdffff]
[    0.038451]   Normal   empty
[    0.038734]   Device   empty
[    0.039010] Movable zone start for each node
[    0.039417] Early memory node ranges
[    0.039756]   node   0: [mem 0x0000000000001000-0x000000000009efff]
[    0.040342]   node   0: [mem 0x0000000000100000-0x000000007ffdffff]
[    0.040931] Initmem setup node 0 [mem 0x0000000000001000-0x000000007ffdffff]
[    0.041883] On node 0, zone DMA: 1 pages in unavailable ranges
[    0.042665] On node 0, zone DMA: 97 pages in unavailable ranges
[    0.074510] On node 0, zone DMA32: 32 pages in unavailable ranges
[    0.131922] kasan: KernelAddressSanitizer initialized
[    0.132700] ACPI: PM-Timer IO Port: 0x608
[    0.133111] ACPI: LAPIC_NMI (acpi_id[0xff] dfl dfl lint[0x1])
[    0.133729] IOAPIC[0]: apic_id 0, version 17, address 0xfec00000, GSI 0-23
[    0.134425] ACPI: INT_SRC_OVR (bus 0 bus_irq 0 global_irq 2 dfl dfl)
[    0.135034] ACPI: INT_SRC_OVR (bus 0 bus_irq 5 global_irq 5 high level)
[    0.135664] ACPI: INT_SRC_OVR (bus 0 bus_irq 9 global_irq 9 high level)
[    0.136288] ACPI: INT_SRC_OVR (bus 0 bus_irq 10 global_irq 10 high level)
[    0.136937] ACPI: INT_SRC_OVR (bus 0 bus_irq 11 global_irq 11 high level)
[    0.137576] ACPI: Using ACPI (MADT) for SMP configuration information
[    0.138187] ACPI: HPET id: 0x8086a201 base: 0xfed00000
[    0.138683] TSC deadline timer available
[    0.139052] CPU topo: Max. logical packages:   1
[    0.139485] CPU topo: Max. logical dies:       1
[    0.139933] CPU topo: Max. dies per package:   1
[    0.140381] CPU topo: Max. threads per core:   1
[    0.140820] CPU topo: Num. cores per package:     2
[    0.141277] CPU topo: Num. threads per package:   2
[    0.141743] CPU topo: Allowing 2 present CPUs plus 0 hotplug CPUs
[    0.142363] kvm-guest: APIC: eoi() replaced with kvm_guest_apic_eoi_write()
[    0.143043] kvm-guest: KVM setup pv remote TLB flush
[    0.143504] kvm-guest: setup PV sched yield
[    0.143943] PM: hibernation: Registered nosave memory: [mem 0x00000000-0x00000fff]
[    0.144654] PM: hibernation: Registered nosave memory: [mem 0x0009f000-0x0009ffff]
[    0.145352] PM: hibernation: Registered nosave memory: [mem 0x000a0000-0x000effff]
[    0.146073] PM: hibernation: Registered nosave memory: [mem 0x000f0000-0x000fffff]
[    0.146779] [mem 0x80000000-0xfeffbfff] available for PCI devices
[    0.147351] Booting paravirtualized kernel on KVM
[    0.147802] clocksource: refined-jiffies: mask: 0xffffffff max_cycles: 0xffffffff, max_idle_ns: 7645519600211568 ns
[    0.148788] setup_percpu: NR_CPUS:8192 nr_cpumask_bits:2 nr_cpu_ids:2 nr_node_ids:1
[    0.150018] percpu: Embedded 84 pages/cpu s307200 r8192 d28672 u1048576
[    0.150838] kvm-guest: PV spinlocks enabled
[    0.151239] PV qspinlock hash table entries: 256 (order: 0, 4096 bytes, linear)
[    0.151941] Kernel command line: net.ifnames=0 console=ttyS0 root=/dev/sda earlyprintk=serial net.ifnames=0 plymouth.enable=0
[    0.153286] random: crng init done
[    0.154006] Dentry cache hash table entries: 262144 (order: 9, 2097152 bytes, linear)
[    0.155135] Inode-cache hash table entries: 131072 (order: 8, 1048576 bytes, linear)
[    0.156121] Fallback order for Node 0: 0 
[    0.156133] Built 1 zonelists, mobility grouping on.  Total pages: 524158
[    0.157125] Policy zone: DMA32
[    0.157412] mem auto-init: stack:off, heap alloc:off, heap free:off
[    0.158006] stackdepot: allocating hash table via alloc_large_system_hash
[    0.158641] stackdepot hash table entries: 1048576 (order: 12, 16777216 bytes, linear)
[    0.228724] Memory: 1561748K/2096632K available (75776K kernel code, 14477K rwdata, 17192K rodata, 15336K init, 68200K bss, 534684K reserved, 0K cma-reserved)
[    0.231862] SLUB: HWalign=64, Order=0-3, MinObjects=0, CPUs=2, Nodes=1
[    0.232460] kmemleak: Kernel memory leak detector disabled
[    0.233159] ftrace: allocating 72025 entries in 282 pages
[    0.264205] ftrace: allocated 282 pages with 4 groups
[    0.268912] Dynamic Preempt: voluntary
[    0.269982] Running RCU self tests
[    0.270300] Running RCU synchronous self tests
[    0.270726] rcu: Preemptible hierarchical RCU implementation.
[    0.271236] rcu: 	RCU lockdep checking is enabled.
[    0.271676] rcu: 	RCU restricting CPUs from NR_CPUS=8192 to nr_cpu_ids=2.
[    0.272288] 	Trampoline variant of Tasks RCU enabled.
[    0.272747] 	Rude variant of Tasks RCU enabled.
[    0.273155] 	Tracing variant of Tasks RCU enabled.
[    0.273585] rcu: RCU calculated value of scheduler-enlistment delay is 25 jiffies.
[    0.274259] rcu: Adjusting geometry for rcu_fanout_leaf=16, nr_cpu_ids=2
[    0.274969] Running RCU synchronous self tests
[    0.275373] RCU Tasks: Setting shift to 1 and lim to 1 rcu_task_cb_adjust=1.
[    0.276022] RCU Tasks Rude: Setting shift to 1 and lim to 1 rcu_task_cb_adjust=1.
[    0.276704] RCU Tasks Trace: Setting shift to 1 and lim to 1 rcu_task_cb_adjust=1.
[    0.329988] NR_IRQS: 524544, nr_irqs: 440, preallocated irqs: 16
[    0.331311] rcu: srcu_init: Setting srcu_struct sizes based on contention.
[    0.340891] Console: colour VGA+ 80x25
[    0.341368] printk: legacy console [ttyS0] enabled
[    0.341368] printk: legacy console [ttyS0] enabled
[    0.342273] printk: legacy bootconsole [earlyser0] disabled
[    0.342273] printk: legacy bootconsole [earlyser0] disabled
[    0.343240] Lock dependency validator: Copyright (c) 2006 Red Hat, Inc., Ingo Molnar
[    0.343949] ... MAX_LOCKDEP_SUBCLASSES:  8
[    0.344339] ... MAX_LOCK_DEPTH:          48
[    0.344741] ... MAX_LOCKDEP_KEYS:        8192
[    0.345150] ... CLASSHASH_SIZE:          4096
[    0.345564] ... MAX_LOCKDEP_ENTRIES:     524288
[    0.345997] ... MAX_LOCKDEP_CHAINS:      524288
[    0.346421] ... CHAINHASH_SIZE:          262144
[    0.346860]  memory used by lock dependency info: 54145 kB
[    0.347367]  memory used for stack traces: 4224 kB
[    0.347833]  per task-struct memory footprint: 1920 bytes
[    0.348468] ACPI: Core revision 20240322
[    0.349523] clocksource: hpet: mask: 0xffffffff max_cycles: 0xffffffff, max_idle_ns: 19112604467 ns
[    0.350667] APIC: Switch to symmetric I/O mode setup
[    0.351325] x2apic enabled
[    0.352047] APIC: Switched APIC routing to: physical x2apic
[    0.352574] kvm-guest: APIC: send_IPI_mask() replaced with kvm_send_ipi_mask()
[    0.353271] kvm-guest: APIC: send_IPI_mask_allbutself() replaced with kvm_send_ipi_mask_allbutself()
[    0.354127] kvm-guest: setup PV IPIs
[    0.355890] ..TIMER: vector=0x30 apic1=0 pin1=2 apic2=-1 pin2=-1
[    0.356484] clocksource: tsc-early: mask: 0xffffffffffffffff max_cycles: 0x240939f1bb2, max_idle_ns: 440795263295 ns
[    0.357476] Calibrating delay loop (skipped) preset value.. 5000.00 BogoMIPS (lpj=10000000)
[    0.358402] x86/cpu: User Mode Instruction Prevention (UMIP) activated
[    0.361626] Last level iTLB entries: 4KB 0, 2MB 0, 4MB 0
[    0.362138] Last level dTLB entries: 4KB 0, 2MB 0, 4MB 0, 1GB 0
[    0.362706] Spectre V1 : Mitigation: usercopy/swapgs barriers and __user pointer sanitization
[    0.363514] Spectre V2 : WARNING: Unprivileged eBPF is enabled with eIBRS on, data leaks possible via Spectre v2 BHB attacks!
[    0.364550] Spectre V2 : Spectre BHI mitigation: SW BHB clearing on syscall and VM exit
[    0.365465] Spectre V2 : Mitigation: Enhanced / Automatic IBRS
[    0.366011] Spectre V2 : Spectre v2 / SpectreRSB mitigation: Filling RSB on context switch
[    0.366756] Spectre V2 : Spectre v2 / PBRSB-eIBRS: Retire a single CALL on VMEXIT
[    0.367431] Spectre V2 : mitigation: Enabling conditional Indirect Branch Prediction Barrier
[    0.368189] Speculative Store Bypass: Mitigation: Speculative Store Bypass disabled via prctl
[    0.368946] MMIO Stale Data: Unknown: No mitigations
[    0.369531] x86/fpu: Supporting XSAVE feature 0x001: 'x87 floating point registers'
[    0.370257] x86/fpu: Supporting XSAVE feature 0x002: 'SSE registers'
[    0.370848] x86/fpu: Supporting XSAVE feature 0x004: 'AVX registers'
[    0.371441] x86/fpu: Supporting XSAVE feature 0x020: 'AVX-512 opmask'
[    0.372029] x86/fpu: Supporting XSAVE feature 0x040: 'AVX-512 Hi256'
[    0.372617] x86/fpu: Supporting XSAVE feature 0x080: 'AVX-512 ZMM_Hi256'
[    0.373468] x86/fpu: Supporting XSAVE feature 0x200: 'Protection Keys User registers'
[    0.374207] x86/fpu: Supporting XSAVE feature 0x20000: 'AMX Tile config'
[    0.374817] x86/fpu: Supporting XSAVE feature 0x40000: 'AMX Tile data'
[    0.375416] x86/fpu: xstate_offset[2]:  576, xstate_sizes[2]:  256
[    0.375977] x86/fpu: xstate_offset[5]:  832, xstate_sizes[5]:   64
[    0.376550] x86/fpu: xstate_offset[6]:  896, xstate_sizes[6]:  512
[    0.377119] x86/fpu: xstate_offset[7]: 1408, xstate_sizes[7]: 1024
[    0.377463] x86/fpu: xstate_offset[9]: 2432, xstate_sizes[9]:    8
[    0.378042] x86/fpu: xstate_offset[17]: 2496, xstate_sizes[17]:   64
[    0.378617] x86/fpu: xstate_offset[18]: 2560, xstate_sizes[18]: 8192
[    0.379204] x86/fpu: Enabled xstate features 0x602e7, context size is 10752 bytes, using 'compacted' format.
[    0.540070] Freeing SMP alternatives memory: 56K
[    0.540508] pid_max: default: 32768 minimum: 301
[    0.541257] LSM: initializing lsm=capability,yama,ima,evm
[    0.541506] Yama: becoming mindful.
[    0.542307] Mount-cache hash table entries: 4096 (order: 3, 32768 bytes, linear)
[    0.542998] Mountpoint-cache hash table entries: 4096 (order: 3, 32768 bytes, linear)
[    0.546485] Running RCU synchronous self tests
[    0.546899] Running RCU synchronous self tests
[    0.548017] smpboot: CPU0: Intel GENUINE INTEL(R) XEON(R) (family: 0x6, model: 0xad, stepping: 0x0)
[    0.549458] Running RCU Tasks wait API self tests
[    0.649554] Running RCU Tasks Rude wait API self tests
[    0.650238] Running RCU Tasks Trace wait API self tests
[    0.650780] Performance Events: PEBS fmt0-, Granite Rapids events, full-width counters, Intel PMU driver.
[    0.651756] ... version:                2
[    0.652138] ... bit width:              48
[    0.652510] ... generic registers:      8
[    0.652879] ... value mask:             0000ffffffffffff
[    0.653357] ... max period:             00007fffffffffff
[    0.653465] ... fixed-purpose events:   3
[    0.653829] ... event mask:             00000007000000ff
[    0.654750] signal: max sigframe size: 11952
[    0.655343] rcu: Hierarchical SRCU implementation.
[    0.655803] rcu: 	Max phase no-delay instances is 1000.
[    0.657592] Callback from call_rcu_tasks_trace() invoked.
[    0.661818] smp: Bringing up secondary CPUs ...
[    0.663127] smpboot: x86: Booting SMP configuration:
[    0.663628] .... node  #0, CPUs:      #1
[    0.665575] smp: Brought up 1 node, 2 CPUs
[    0.666372] smpboot: Total of 2 processors activated (10000.00 BogoMIPS)
[    0.669998] devtmpfs: initialized
[    0.670427] x86/mm: Memory block size: 128MB
[    0.682489] Running RCU synchronous self tests
[    0.682820] Running RCU synchronous self tests
[    0.682820] clocksource: jiffies: mask: 0xffffffff max_cycles: 0xffffffff, max_idle_ns: 7645041785100000 ns
[    0.682820] futex hash table entries: 512 (order: 4, 65536 bytes, linear)
[    0.683834] pinctrl core: initialized pinctrl subsystem
[    0.686068] 
[    0.686227] *************************************************************
[    0.686858] **     NOTICE NOTICE NOTICE NOTICE NOTICE NOTICE NOTICE    **
[    0.687505] **                                                         **
[    0.688131] **  IOMMU DebugFS SUPPORT HAS BEEN ENABLED IN THIS KERNEL  **
[    0.688764] **                                                         **
[    0.689401] ** This means that this kernel is built to expose internal **
[    0.689465] ** IOMMU data structures, which may compromise security on **
[    0.690091] ** your system.                                            **
[    0.690732] **                                                         **
[    0.691360] ** If you see this message and you are not debugging the   **
[    0.691993] ** kernel, report this immediately to your vendor!         **
[    0.692577] **                                                         **
[    0.693154] **     NOTICE NOTICE NOTICE NOTICE NOTICE NOTICE NOTICE    **
[    0.693463] *************************************************************
[    0.694167] PM: RTC time: 21:16:25, date: 2024-09-22
[    0.697902] NET: Registered PF_NETLINK/PF_ROUTE protocol family
[    0.700222] DMA: preallocated 256 KiB GFP_KERNEL pool for atomic allocations
[    0.700854] DMA: preallocated 256 KiB GFP_KERNEL|GFP_DMA pool for atomic allocations
[    0.701490] DMA: preallocated 256 KiB GFP_KERNEL|GFP_DMA32 pool for atomic allocations
[    0.702375] audit: initializing netlink subsys (disabled)
[    0.705550] audit: type=2000 audit(1727039785.760:1): state=initialized audit_enabled=0 res=1
[    0.709578] thermal_sys: Registered thermal governor 'fair_share'
[    0.709588] thermal_sys: Registered thermal governor 'bang_bang'
[    0.710176] thermal_sys: Registered thermal governor 'step_wise'
[    0.710734] thermal_sys: Registered thermal governor 'user_space'
[    0.711403] cpuidle: using governor ladder
[    0.711403] cpuidle: using governor menu
[    0.714256] acpiphp: ACPI Hot Plug PCI Controller Driver version: 0.5
[    0.715935] PCI: Using configuration type 1 for base access
[    0.716788] kprobes: kprobe jump-optimization is enabled. All kprobes are optimized if possible.
[    0.802236] Callback from call_rcu_tasks() invoked.
[    0.838437] HugeTLB: registered 1.00 GiB page size, pre-allocated 0 pages
[    0.838437] HugeTLB: 16380 KiB vmemmap can be freed for a 1.00 GiB page
[    0.838747] HugeTLB: registered 2.00 MiB page size, pre-allocated 0 pages
[    0.839361] HugeTLB: 28 KiB vmemmap can be freed for a 2.00 MiB page
[    0.840389] Callback from call_rcu_tasks_rude() invoked.
[    0.842292] Demotion targets for Node 0: null
[    0.848473] ACPI: Added _OSI(Module Device)
[    0.848894] ACPI: Added _OSI(Processor Device)
[    0.849320] ACPI: Added _OSI(3.0 _SCP Extensions)
[    0.849478] ACPI: Added _OSI(Processor Aggregator Device)
[    0.884731] ACPI: 1 ACPI AML tables successfully acquired and loaded
[    0.895025] ACPI: Interpreter enabled
[    0.895576] ACPI: PM: (supports S0 S3 S4 S5)
[    0.895974] ACPI: Using IOAPIC for interrupt routing
[    0.896554] PCI: Using host bridge windows from ACPI; if necessary, use "pci=nocrs" and report a bug
[    0.897379] PCI: Using E820 reservations for host bridge windows
[    0.899743] ACPI: Enabled 2 GPEs in block 00 to 0F
[    0.975867] ACPI: PCI Root Bridge [PCI0] (domain 0000 [bus 00-ff])
[    0.976506] acpi PNP0A03:00: _OSC: OS supports [ASPM ClockPM Segments MSI EDR HPX-Type3]
[    0.977244] acpi PNP0A03:00: _OSC: not requesting OS control; OS requires [ExtendedConfig ASPM ClockPM MSI]
[    0.977800] acpi PNP0A03:00: fail to add MMCONFIG information, can't access extended configuration space under this bridge
[    0.988442] acpiphp: Slot [3] registered
[    0.989080] acpiphp: Slot [4] registered
[    0.989720] acpiphp: Slot [5] registered
[    0.990357] acpiphp: Slot [6] registered
[    0.991014] acpiphp: Slot [7] registered
[    0.991650] acpiphp: Slot [8] registered
[    0.992293] acpiphp: Slot [9] registered
[    0.992930] acpiphp: Slot [10] registered
[    0.993580] acpiphp: Slot [11] registered
[    0.994226] acpiphp: Slot [12] registered
[    0.994863] acpiphp: Slot [13] registered
[    0.995511] acpiphp: Slot [14] registered
[    0.996160] acpiphp: Slot [15] registered
[    0.996811] acpiphp: Slot [16] registered
[    0.997465] acpiphp: Slot [17] registered
[    0.998121] acpiphp: Slot [18] registered
[    0.998766] acpiphp: Slot [19] registered
[    0.999413] acpiphp: Slot [20] registered
[    1.000051] acpiphp: Slot [21] registered
[    1.000696] acpiphp: Slot [22] registered
[    1.001335] acpiphp: Slot [23] registered
[    1.001736] acpiphp: Slot [24] registered
[    1.002376] acpiphp: Slot [25] registered
[    1.003022] acpiphp: Slot [26] registered
[    1.003665] acpiphp: Slot [27] registered
[    1.004315] acpiphp: Slot [28] registered
[    1.004953] acpiphp: Slot [29] registered
[    1.005601] acpiphp: Slot [30] registered
[    1.006249] acpiphp: Slot [31] registered
[    1.006762] PCI host bridge to bus 0000:00
[    1.007151] pci_bus 0000:00: root bus resource [io  0x0000-0x0cf7 window]
[    1.007786] pci_bus 0000:00: root bus resource [io  0x0d00-0xffff window]
[    1.008418] pci_bus 0000:00: root bus resource [mem 0x000a0000-0x000bffff window]
[    1.009111] pci_bus 0000:00: root bus resource [mem 0x80000000-0xfebfffff window]
[    1.009470] pci_bus 0000:00: root bus resource [mem 0x100000000-0x17fffffff window]
[    1.010187] pci_bus 0000:00: root bus resource [bus 00-ff]
[    1.010962] pci 0000:00:00.0: [8086:1237] type 00 class 0x060000 conventional PCI endpoint
[    1.014320] pci 0000:00:01.0: [8086:7000] type 00 class 0x060100 conventional PCI endpoint
[    1.017345] pci 0000:00:01.1: [8086:7010] type 00 class 0x010180 conventional PCI endpoint
[    1.019053] pci 0000:00:01.1: BAR 4 [io  0xc040-0xc04f]
[    1.020203] pci 0000:00:01.1: BAR 0 [io  0x01f0-0x01f7]: legacy IDE quirk
[    1.020836] pci 0000:00:01.1: BAR 1 [io  0x03f6]: legacy IDE quirk
[    1.021406] pci 0000:00:01.1: BAR 2 [io  0x0170-0x0177]: legacy IDE quirk
[    1.021467] pci 0000:00:01.1: BAR 3 [io  0x0376]: legacy IDE quirk
[    1.024094] pci 0000:00:01.3: [8086:7113] type 00 class 0x068000 conventional PCI endpoint
[    1.025255] pci 0000:00:01.3: quirk: [io  0x0600-0x063f] claimed by PIIX4 ACPI
[    1.025472] pci 0000:00:01.3: quirk: [io  0x0700-0x070f] claimed by PIIX4 SMB
[    1.028008] pci 0000:00:02.0: [1234:1111] type 00 class 0x030000 conventional PCI endpoint
[    1.029474] pci 0000:00:02.0: BAR 0 [mem 0xfd000000-0xfdffffff pref]
[    1.031337] pci 0000:00:02.0: BAR 2 [mem 0xfebf0000-0xfebf0fff]
[    1.034618] pci 0000:00:02.0: ROM [mem 0xfebe0000-0xfebeffff pref]
[    1.035348] pci 0000:00:02.0: Video device with shadowed ROM at [mem 0x000c0000-0x000dffff]
[    1.038068] pci 0000:00:03.0: [8086:100e] type 00 class 0x020000 conventional PCI endpoint
[    1.039389] pci 0000:00:03.0: BAR 0 [mem 0xfebc0000-0xfebdffff]
[    1.040453] pci 0000:00:03.0: BAR 1 [io  0xc000-0xc03f]
[    1.043222] pci 0000:00:03.0: ROM [mem 0xfeb80000-0xfebbffff pref]
[    1.090076] ACPI: PCI: Interrupt link LNKA configured for IRQ 10
[    1.092810] ACPI: PCI: Interrupt link LNKB configured for IRQ 10
[    1.095463] ACPI: PCI: Interrupt link LNKC configured for IRQ 11
[    1.098128] ACPI: PCI: Interrupt link LNKD configured for IRQ 11
[    1.099523] ACPI: PCI: Interrupt link LNKS configured for IRQ 9
[    1.106378] iommu: Default domain type: Translated
[    1.106841] iommu: DMA domain TLB invalidation policy: lazy mode
[    1.110441] SCSI subsystem initialized
[    1.111684] ACPI: bus type USB registered
[    1.112287] usbcore: registered new interface driver usbfs
[    1.112893] usbcore: registered new interface driver hub
[    1.113498] usbcore: registered new device driver usb
[    1.114282] pps_core: LinuxPPS API ver. 1 registered
[    1.114751] pps_core: Software ver. 5.3.6 - Copyright 2005-2007 Rodolfo Giometti <giometti@linux.it>
[    1.115612] PTP clock support registered
[    1.116408] EDAC MC: Ver: 3.0.0
[    1.120580] NetLabel: Initializing
[    1.120923] NetLabel:  domain hash size = 128
[    1.121353] NetLabel:  protocols = UNLABELED CIPSOv4 CALIPSO
[    1.121678] NetLabel:  unlabeled traffic allowed by default
[    1.122919] PCI: Using ACPI for IRQ routing
[    1.123732] pci 0000:00:02.0: vgaarb: setting as boot VGA device
[    1.124320] pci 0000:00:02.0: vgaarb: bridge control possible
[    1.124868] pci 0000:00:02.0: vgaarb: VGA device added: decodes=io+mem,owns=io+mem,locks=none
[    1.125468] vgaarb: loaded
[    1.126225] hpet0: at MMIO 0xfed00000, IRQs 2, 8, 0
[    1.126697] hpet0: 3 comparators, 64-bit 100.000000 MHz counter
[    1.130204] clocksource: Switched to clocksource kvm-clock
[    1.132653] VFS: Disk quotas dquot_6.6.0
[    1.133079] VFS: Dquot-cache hash table entries: 512 (order 0, 4096 bytes)
[    1.139384] pnp: PnP ACPI init
[    1.146751] pnp: PnP ACPI: found 6 devices
[    1.171149] clocksource: acpi_pm: mask: 0xffffff max_cycles: 0xffffff, max_idle_ns: 2085701024 ns
[    1.172588] NET: Registered PF_INET protocol family
[    1.173219] IP idents hash table entries: 32768 (order: 6, 262144 bytes, linear)
[    1.175646] tcp_listen_portaddr_hash hash table entries: 1024 (order: 4, 73728 bytes, linear)
[    1.176471] Table-perturb hash table entries: 65536 (order: 6, 262144 bytes, linear)
[    1.177282] TCP established hash table entries: 16384 (order: 5, 131072 bytes, linear)
[    1.178443] TCP bind hash table entries: 16384 (order: 9, 2359296 bytes, linear)
[    1.180291] TCP: Hash tables configured (established 16384 bind 16384)
[    1.181048] UDP hash table entries: 1024 (order: 5, 163840 bytes, linear)
[    1.181757] UDP-Lite hash table entries: 1024 (order: 5, 163840 bytes, linear)
[    1.182836] NET: Registered PF_UNIX/PF_LOCAL protocol family
[    1.184449] RPC: Registered named UNIX socket transport module.
[    1.185030] RPC: Registered udp transport module.
[    1.185474] RPC: Registered tcp transport module.
[    1.185926] RPC: Registered tcp-with-tls transport module.
[    1.186430] RPC: Registered tcp NFSv4.1 backchannel transport module.
[    1.187039] pci_bus 0000:00: resource 4 [io  0x0000-0x0cf7 window]
[    1.187613] pci_bus 0000:00: resource 5 [io  0x0d00-0xffff window]
[    1.188191] pci_bus 0000:00: resource 6 [mem 0x000a0000-0x000bffff window]
[    1.188812] pci_bus 0000:00: resource 7 [mem 0x80000000-0xfebfffff window]
[    1.189436] pci_bus 0000:00: resource 8 [mem 0x100000000-0x17fffffff window]
[    1.190777] pci 0000:00:01.0: PIIX3: Enabling Passive Release
[    1.191319] pci 0000:00:00.0: Limiting direct PCI/PCI transfers
[    1.191948] PCI: CLS 0 bytes, default 64
[    1.192434] ACPI: bus type thunderbolt registered
[    1.193210] clocksource: tsc: mask: 0xffffffffffffffff max_cycles: 0x240939f1bb2, max_idle_ns: 440795263295 ns
[    3.313695] Initialise system trusted keyrings
[    3.314278] Key type blacklist registered
[    3.315305] workingset: timestamp_bits=36 max_order=19 bucket_order=0
[    3.316017] zbud: loaded
[    3.319183] squashfs: version 4.0 (2009/01/31) Phillip Lougher
[    3.322203] NFS: Registering the id_resolver key type
[    3.322715] Key type id_resolver registered
[    3.323113] Key type id_legacy registered
[    3.323540] nfs4filelayout_init: NFSv4 File Layout Driver Registering...
[    3.324201] nfs4flexfilelayout_init: NFSv4 Flexfile Layout Driver Registering...
[    3.325206] fuse: init (API version 7.40)
[    3.326276] SGI XFS with ACLs, security attributes, realtime, quota, no debug enabled
[    3.329177] 9p: Installing v9fs 9p2000 file system support
[    3.344066] Key type asymmetric registered
[    3.344430] Asymmetric key parser 'x509' registered
[    3.345070] Block layer SCSI generic (bsg) driver version 0.4 loaded (major 243)
[    3.346254] io scheduler mq-deadline registered
[    3.346844] io scheduler bfq registered
[    3.349056] shpchp: Standard Hot Plug PCI Controller Driver version: 0.4
[    3.350762] IPMI message handler: version 39.2
[    3.351256] ipmi device interface
[    3.354693] input: Power Button as /devices/LNXSYSTM:00/LNXPWRBN:00/input/input0
[    3.356456] ACPI: button: Power Button [PWRF]
[    3.359870] ERST DBG: ERST support is disabled.
[    3.361820] Serial: 8250/16550 driver, 32 ports, IRQ sharing enabled
[    3.364254] 00:04: ttyS0 at I/O 0x3f8 (irq = 4, base_baud = 115200) is a 16550A
[    3.410254] Linux agpgart interface v0.103
[    3.414449] ACPI: bus type drm_connector registered
[    3.450857] brd: module loaded
[    3.474072] loop: module loaded
[    3.490512] scsi host0: ata_piix
[    3.493351] scsi host1: ata_piix
[    3.494489] ata1: PATA max MWDMA2 cmd 0x1f0 ctl 0x3f6 bmdma 0xc040 irq 14 lpm-pol 0
[    3.495214] ata2: PATA max MWDMA2 cmd 0x170 ctl 0x376 bmdma 0xc048 irq 15 lpm-pol 0
[    3.499670] tun: Universal TUN/TAP device driver, 1.6
[    3.500949] e100: Intel(R) PRO/100 Network Driver
[    3.501416] e100: Copyright(c) 1999-2006 Intel Corporation
[    3.502071] e1000: Intel(R) PRO/1000 Network Driver
[    3.502527] e1000: Copyright (c) 1999-2006 Intel Corporation.
[    3.653756] ata1: found unknown device (class 0)
[    3.654607] ata2: found unknown device (class 0)
[    3.655694] ata2.00: ATAPI: QEMU DVD-ROM, 2.5+, max UDMA/100
[    3.656413] ata1.00: ATA-7: QEMU HARDDISK, 2.5+, max UDMA/100
[    3.656944] ata1.00: 17196647 sectors, multi 16: LBA48 
[    3.659271] scsi 0:0:0:0: Direct-Access     ATA      QEMU HARDDISK    2.5+ PQ: 0 ANSI: 5
[    3.662324] scsi 0:0:0:0: Attached scsi generic sg0 type 0
[    3.665053] scsi 1:0:0:0: CD-ROM            QEMU     QEMU DVD-ROM     2.5+ PQ: 0 ANSI: 5
[    3.666145] sd 0:0:0:0: [sda] 17196647 512-byte logical blocks: (8.80 GB/8.20 GiB)
[    3.667529] sd 0:0:0:0: [sda] Write Protect is off
[    3.668281] sd 0:0:0:0: [sda] Write cache: enabled, read cache: enabled, doesn't support DPO or FUA
[    3.669347] sd 0:0:0:0: [sda] Preferred minimum I/O size 512 bytes
[    3.687354] scsi 1:0:0:0: Attached scsi generic sg1 type 5
[    3.698501] sd 0:0:0:0: [sda] Attached SCSI disk
[    5.627062] ACPI: \_SB_.LNKC: Enabled at IRQ 11
[    5.958267] e1000 0000:00:03.0 eth0: (PCI:33MHz:32-bit) 52:54:00:12:34:56
[    5.958946] e1000 0000:00:03.0 eth0: Intel(R) PRO/1000 Network Connection
[    5.959758] e1000e: Intel(R) PRO/1000 Network Driver
[    5.960224] e1000e: Copyright(c) 1999 - 2015 Intel Corporation.
[    5.960877] igb: Intel(R) Gigabit Ethernet Network Driver
[    5.961335] igb: Copyright (c) 2007-2014 Intel Corporation.
[    5.964473] PPP generic driver version 2.4.2
[    5.967841] VFIO - User Level meta-driver version: 0.3
[    5.969966] usbcore: registered new interface driver uas
[    5.970541] usbcore: registered new interface driver usb-storage
[    5.971449] i8042: PNP: PS/2 Controller [PNP0303:KBD,PNP0f13:MOU] at 0x60,0x64 irq 1,12
[    5.973872] serio: i8042 KBD port at 0x60,0x64 irq 1
[    5.974414] serio: i8042 AUX port at 0x60,0x64 irq 12
[    5.975891] mousedev: PS/2 mouse device common for all mice
[    5.978920] input: AT Translated Set 2 keyboard as /devices/platform/i8042/serio0/input/input1
[    5.980548] rtc_cmos 00:05: RTC can wake from S4
[    5.982472] input: VirtualPS/2 VMware VMMouse as /devices/platform/i8042/serio1/input/input4
[    5.984392] rtc_cmos 00:05: registered as rtc0
[    5.985075] rtc_cmos 00:05: setting system clock to 2024-09-22T21:16:30 UTC (1727039790)
[    5.985127] input: VirtualPS/2 VMware VMMouse as /devices/platform/i8042/serio1/input/input3
[    5.987071] rtc_cmos 00:05: alarms up to one day, y3k, 242 bytes nvram, hpet irqs
[    5.987876] i2c_dev: i2c /dev entries driver
[    5.988413] device-mapper: core: CONFIG_IMA_DISABLE_HTABLE is disabled. Duplicate IMA measurements will not be recorded in the IMA log.
[    5.989572] device-mapper: uevent: version 1.0.3
[    5.990744] device-mapper: ioctl: 4.48.0-ioctl (2023-03-01) initialised: dm-devel@lists.linux.dev
[    5.991568] intel_pstate: CPU model not supported
[    5.992294] sdhci: Secure Digital Host Controller Interface driver
[    5.992855] sdhci: Copyright(c) Pierre Ossman
[    5.993399] sdhci-pltfm: SDHCI platform and OF driver helper
[    5.994166] ledtrig-cpu: registered to indicate activity on CPUs
[    5.995377] drop_monitor: Initializing network drop monitor service
[    5.997549] NET: Registered PF_INET6 protocol family
[    6.006381] Segment Routing with IPv6
[    6.006865] In-situ OAM (IOAM) with IPv6
[    6.007344] NET: Registered PF_PACKET protocol family
[    6.008513] 9pnet: Installing 9P2000 support
[    6.009066] Key type dns_resolver registered
[    6.012178] IPI shorthand broadcast: enabled
[    6.076743] sched_clock: Marking stable (6052004460, 21492579)->(6086071820, -12574781)
[    6.080704] Timer migration: 1 hierarchy levels; 8 children per group; 1 crossnode level
[    6.082062] registered taskstats version 1
[    6.083818] Loading compiled-in X.509 certificates
[    6.154085] Demotion targets for Node 0: null
[    6.156833] Key type .fscrypt registered
[    6.157199] Key type fscrypt-provisioning registered
[    6.169433] Key type encrypted registered
[    6.169931] ima: No TPM chip found, activating TPM-bypass!
[    6.170465] ima: Allocated hash algorithm: sha1
[    6.170985] ima: No architecture policies found
[    6.171654] evm: Initialising EVM extended attributes:
[    6.172126] evm: security.selinux
[    6.172432] evm: security.SMACK64
[    6.172745] evm: security.SMACK64EXEC
[    6.173091] evm: security.SMACK64TRANSMUTE
[    6.173456] evm: security.SMACK64MMAP
[    6.173847] evm: security.apparmor
[    6.174156] evm: security.ima
[    6.174431] evm: security.capability
[    6.174752] evm: HMAC attrs: 0x1
[    6.180109] PM:   Magic number: 8:620:298
[    6.182294] RAS: Correctable Errors collector initialized.
[    6.183092] clk: Disabling unused clocks
[    6.184134] PM: genpd: Disabling unused power domains
[    6.185739] md: Waiting for all devices to be available before autodetect
[    6.186212] md: If you don't use raid, use raid=noautodetect
[    6.186548] md: Autodetecting RAID arrays.
[    6.186807] md: autorun ...
[    6.186985] md: ... autorun DONE.
[    6.204966] EXT4-fs (sda): mounted filesystem 088740a9-c8b4-422c-999d-a804eb68a4da ro with ordered data mode. Quota mode: none.
[    6.205814] VFS: Mounted root (ext4 filesystem) readonly on device 8:0.
[    6.209941] devtmpfs: mounted
[    6.236753] Freeing unused decrypted memory: 2028K
[    6.242538] Freeing unused kernel image (initmem) memory: 15336K
[    6.243031] Write protecting the kernel read-only data: 94208k
[    6.246072] Freeing unused kernel image (rodata/data gap) memory: 1240K
[    7.424472] x86/mm: Checked W+X mappings: passed, no W+X pages found.
[    7.425095] Run /sbin/init as init process
[    7.720330] systemd[1]: systemd 252-15.el9 running in system mode (+PAM +AUDIT +SELINUX -APPARMOR +IMA +SMACK +SECCOMP +GCRYPT +GNUTLS +OPENSSL +ACL +BLKID +CURL +ELFUTILS -FIDO2 +IDN2 -IDN -IPTC +KMOD +LIBCRYPTSETUP +LIBFDISK +PCRE2 -PWQUALITY +P11KIT -QRENCODE +TPM2 +BZIP2 +LZ4 +XZ +ZLIB +ZSTD -BPF_FRAMEWORK +XKBCOMMON +UTMP +SYSVINIT default-hierarchy=unified)
[    7.722333] systemd[1]: Detected virtualization kvm.
[    7.722663] systemd[1]: Detected architecture x86-64.

Welcome to [0;31mCentOS Stream 9[0m!

[    7.732064] systemd[1]: Hostname set to <test>.
[    8.074254] systemd-rc-local-generator[125]: /etc/rc.d/rc.local is not marked executable, skipping.
[    8.596975] systemd[1]: Queued start job for default target Multi-User System.
[    8.641464] systemd[1]: Created slice Virtual Machine and Container Slice.
[[0;32m  OK  [0m] Created slice [0;1;39mVirtual Machine and Container Slice[0m.
[    8.647929] systemd[1]: Created slice Slice /system/getty.
[[0;32m  OK  [0m] Created slice [0;1;39mSlice /system/getty[0m.
[    8.651519] systemd[1]: Created slice Slice /system/modprobe.
[[0;32m  OK  [0m] Created slice [0;1;39mSlice /system/modprobe[0m.
[    8.655708] systemd[1]: Created slice Slice /system/serial-getty.
[[0;32m  OK  [0m] Created slice [0;1;39mSlice /system/serial-getty[0m.
[    8.659550] systemd[1]: Created slice Slice /system/sshd-keygen.
[[0;32m  OK  [0m] Created slice [0;1;39mSlice /system/sshd-keygen[0m.
[    8.663045] systemd[1]: Created slice User and Session Slice.
[[0;32m  OK  [0m] Created slice [0;1;39mUser and Session Slice[0m.
[    8.664615] systemd[1]: Started Forward Password Requests to Wall Directory Watch.
[[0;32m  OK  [0m] Started [0;1;39mForward Password R…uests to Wall Directory Watch[0m.
[    8.667381] systemd[1]: Set up automount Arbitrary Executable File Formats File System Automount Point.
[[0;32m  OK  [0m] Set up automount [0;1;39mArbitrary…s File System Automount Point[0m.
[    8.668924] systemd[1]: Reached target Local Integrity Protected Volumes.
[[0;32m  OK  [0m] Reached target [0;1;39mLocal Integrity Protected Volumes[0m.
[    8.670224] systemd[1]: Reached target Slice Units.
[[0;32m  OK  [0m] Reached target [0;1;39mSlice Units[0m.
[    8.671154] systemd[1]: Reached target Swaps.
[[0;32m  OK  [0m] Reached target [0;1;39mSwaps[0m.
[    8.672019] systemd[1]: Reached target Local Verity Protected Volumes.
[[0;32m  OK  [0m] Reached target [0;1;39mLocal Verity Protected Volumes[0m.
[    8.673660] systemd[1]: Listening on Device-mapper event daemon FIFOs.
[[0;32m  OK  [0m] Listening on [0;1;39mDevice-mapper event daemon FIFOs[0m.
[    8.675706] systemd[1]: Listening on LVM2 poll daemon socket.
[[0;32m  OK  [0m] Listening on [0;1;39mLVM2 poll daemon socket[0m.
[    8.676912] systemd[1]: multipathd control socket was skipped because of an unmet condition check (ConditionPathExists=/etc/multipath.conf).
[    8.745062] systemd[1]: Listening on RPCbind Server Activation Socket.
[[0;32m  OK  [0m] Listening on [0;1;39mRPCbind Server Activation Socket[0m.
[    8.746608] systemd[1]: Reached target RPC Port Mapper.
[[0;32m  OK  [0m] Reached target [0;1;39mRPC Port Mapper[0m.
[    8.750805] systemd[1]: Listening on Process Core Dump Socket.
[[0;32m  OK  [0m] Listening on [0;1;39mProcess Core Dump Socket[0m.
[    8.752507] systemd[1]: Listening on initctl Compatibility Named Pipe.
[[0;32m  OK  [0m] Listening on [0;1;39minitctl Compatibility Named Pipe[0m.
[    8.754555] systemd[1]: Listening on Journal Socket (/dev/log).
[[0;32m  OK  [0m] Listening on [0;1;39mJournal Socket (/dev/log)[0m.
[    8.756343] systemd[1]: Listening on Journal Socket.
[[0;32m  OK  [0m] Listening on [0;1;39mJournal Socket[0m.
[    8.758330] systemd[1]: Listening on udev Control Socket.
[[0;32m  OK  [0m] Listening on [0;1;39mudev Control Socket[0m.
[    8.759829] systemd[1]: Listening on udev Kernel Socket.
[[0;32m  OK  [0m] Listening on [0;1;39mudev Kernel Socket[0m.
[    8.782120] systemd[1]: Mounting Huge Pages File System...
         Mounting [0;1;39mHuge Pages File System[0m...
[    8.792736] systemd[1]: Mounting POSIX Message Queue File System...
         Mounting [0;1;39mPOSIX Message Queue File System[0m...
[    8.806540] systemd[1]: Mounting Kernel Debug File System...
         Mounting [0;1;39mKernel Debug File System[0m...
[    8.817428] systemd[1]: Mounting Kernel Trace File System...
         Mounting [0;1;39mKernel Trace File System[0m...
[    8.821935] systemd[1]: Kernel Module supporting RPCSEC_GSS was skipped because of an unmet condition check (ConditionPathExists=/etc/krb5.keytab).
[    8.822883] systemd[1]: Create List of Static Device Nodes was skipped because of an unmet condition check (ConditionFileNotEmpty=/lib/modules/6.10.0-acc5965b9ff8+/modules.devname).
[    8.832842] systemd[1]: Starting Monitoring of LVM2 mirrors, snapshots etc. using dmeventd or progress polling...
         Starting [0;1;39mMonitoring of LVM…meventd or progress polling[0m...
[    8.842584] systemd[1]: Starting Load Kernel Module configfs...
         Starting [0;1;39mLoad Kernel Module configfs[0m...
[    8.857653] systemd[1]: Starting Load Kernel Module drm...
         Starting [0;1;39mLoad Kernel Module drm[0m...
[    8.872350] systemd[1]: Starting Load Kernel Module fuse...
         Starting [0;1;39mLoad Kernel Module fuse[0m...
[    8.888910] systemd[1]: Starting Read and set NIS domainname from /etc/sysconfig/network...
         Starting [0;1;39mRead and set NIS …from /etc/sysconfig/network[0m...
[    8.922351] systemd[1]: Starting Journal Service...
         Starting [0;1;39mJournal Service[0m...
[    8.946232] systemd[1]: Starting Load Kernel Modules...
         Starting [0;1;39mLoad Kernel Modules[0m...
[    8.986242] systemd[1]: Starting Generate network units from Kernel command line...
         Starting [0;1;39mGenerate network …ts from Kernel command line[0m...
[    9.003987] systemd[1]: Starting Remount Root and Kernel File Systems...
         Starting [0;1;39mRemount Root and Kernel File Systems[0m...
[    9.007035] systemd[1]: Repartition Root Disk was skipped because no trigger condition checks were met.
[    9.050800] systemd[1]: Starting Coldplug All udev Devices...
         Starting [0;1;39mColdplug All udev Devices[0m...
[    9.071561] systemd[1]: Mounted Huge Pages File System.
[[0;32m  OK  [0m] Mounted [0;1;39mHuge Pages File System[0m.
[    9.077952] systemd[1]: Mounted POSIX Message Queue File System.
[[0;32m  OK  [0m] Mounted [0;1;39mPOSIX Message Queue File System[0m.
[    9.079766] systemd[1]: Mounted Kernel Debug File System.
[[0;32m  OK  [0m] Mounted [0;1;39mKernel Debug File System[0m.
[    9.086850] systemd[1]: Mounted Kernel Trace File System.
[[0;32m  OK  [0m] Mounted [0;1;39mKernel Trace File System[0m.
[    9.094870] systemd[1]: Finished Monitoring of LVM2 mirrors, snapshots etc. using dmeventd or progress polling.
[[0;32m  OK  [0m] Finished [0;1;39mMonitoring of LVM… dmeventd or progress polling[0m.
[    9.100086] systemd[1]: modprobe@configfs.service: Deactivated successfully.
[    9.106001] systemd[1]: Finished Load Kernel Module configfs.
[[0;32m  OK  [0m] Finished [0;1;39mLoad Kernel Module configfs[0m.
[    9.110840] systemd[1]: modprobe@drm.service: Deactivated successfully.
[    9.112447] systemd[1]: Finished Load Kernel Module drm.
[[0;32m  OK  [0m] Finished [0;1;39mLoad Kernel Module drm[0m.
[    9.118116] systemd[1]: modprobe@fuse.service: Deactivated successfully.
[    9.119840] systemd[1]: Finished Load Kernel Module fuse.
[[0;32m  OK  [0m] Finished [0;1;39mLoad Kernel Module fuse[0m.
[    9.129569] EXT4-fs (sda): re-mounted 088740a9-c8b4-422c-999d-a804eb68a4da r/w. Quota mode: none.
[    9.131370] systemd[1]: Finished Read and set NIS domainname from /etc/sysconfig/network.
[[0;32m  OK  [0m] Finished [0;1;39mRead and set NIS …e from /etc/sysconfig/network[0m.
[    9.140010] systemd[1]: Started Journal Service.
[[0;32m  OK  [0m] Started [0;1;39mJournal Service[0m.
[[0;1;31mFAILED[0m] Failed to start [0;1;39mLoad Kernel Modules[0m.
See 'systemctl status systemd-modules-load.service' for details.
[[0;32m  OK  [0m] Finished [0;1;39mGenerate network units from Kernel command line[0m.
[[0;32m  OK  [0m] Finished [0;1;39mRemount Root and Kernel File Systems[0m.
[[0;32m  OK  [0m] Reached target [0;1;39mPreparation for Network[0m.
         Mounting [0;1;39mFUSE Control File System[0m...
         Mounting [0;1;39mKernel Configuration File System[0m...
         Starting [0;1;39mFlush Journal to Persistent Storage[0m...
         Starting [0;1;39mLoad/Save Random Seed[0m...
         Starting [0;1;39mApply Kernel Variables[0m...
[    9.322593] systemd-journald[147]: Received client request to flush runtime journal.
         Starting [0;1;39mCreate Static Device Nodes in /dev[0m...
         Starting [0;1;39mSetup Virtual Console[0m...
[[0;32m  OK  [0m] Mounted [0;1;39mFUSE Control File System[0m.
[[0;32m  OK  [0m] Mounted [0;1;39mKernel Configuration File System[0m.
[[0;32m  OK  [0m] Finished [0;1;39mFlush Journal to Persistent Storage[0m.
[[0;32m  OK  [0m] Finished [0;1;39mLoad/Save Random Seed[0m.
[[0;32m  OK  [0m] Finished [0;1;39mApply Kernel Variables[0m.
[[0;32m  OK  [0m] Finished [0;1;39mCreate Static Device Nodes in /dev[0m.
         Starting [0;1;39mRule-based Manage…for Device Events and Files[0m...
[[0;32m  OK  [0m] Started [0;1;39mRule-based Manager for Device Events and Files[0m.
         Starting [0;1;39mAuto-connect to s…E devices found during boot[0m...
[[0;32m  OK  [0m] Finished [0;1;39mAuto-connect to s…VME devices found during boot[0m.
[[0;32m  OK  [0m] Finished [0;1;39mColdplug All udev Devices[0m.
         Starting [0;1;39mWait for udev To …plete Device Initialization[0m...
[[0;32m  OK  [0m] Finished [0;1;39mSetup Virtual Console[0m.
[[0;32m  OK  [0m] Started [0;1;39mDispatch Password …ts to Console Directory Watch[0m.
[[0;32m  OK  [0m] Reached target [0;1;39mLocal Encrypted Volumes[0m.
[[0;32m  OK  [0m] Reached target [0;1;39mPath Units[0m.
[[0;32m  OK  [0m] Found device [0;1;39m/dev/ttyS0[0m.
[[0;32m  OK  [0m] Listening on [0;1;39mLoad/Save RF …itch Status /dev/rfkill Watch[0m.
[[0;32m  OK  [0m] Finished [0;1;39mWait for udev To Complete Device Initialization[0m.
[[0;32m  OK  [0m] Reached target [0;1;39mPreparation for Local File Systems[0m.
[[0;32m  OK  [0m] Reached target [0;1;39mLocal File Systems[0m.
         Starting [0;1;39mTell Plymouth To Write Out Runtime Data[0m...
         Starting [0;1;39mAutomatic Boot Loader Update[0m...
         Starting [0;1;39mCreate Volatile Files and Directories[0m...
[[0;32m  OK  [0m] Finished [0;1;39mTell Plymouth To Write Out Runtime Data[0m.
[[0;32m  OK  [0m] Finished [0;1;39mAutomatic Boot Loader Update[0m.
[[0;32m  OK  [0m] Finished [0;1;39mCreate Volatile Files and Directories[0m.
         Mounting [0;1;39mRPC Pipe File System[0m...
         Starting [0;1;39mSecurity Auditing Service[0m...
         Starting [0;1;39mRPC Bind[0m...
[[0;32m  OK  [0m] Mounted [0;1;39mRPC Pipe File System[0m.
[[0;32m  OK  [0m] Reached target [0;1;39mrpc_pipefs.target[0m.
[[0;32m  OK  [0m] Started [0;1;39mRPC Bind[0m.
[[0;32m  OK  [0m] Started [0;1;39mSecurity Auditing Service[0m.
         Starting [0;1;39mRecord System Boot/Shutdown in UTMP[0m...
[[0;32m  OK  [0m] Finished [0;1;39mRecord System Boot/Shutdown in UTMP[0m.
[[0;32m  OK  [0m] Reached target [0;1;39mSystem Initialization[0m.
[[0;32m  OK  [0m] Started [0;1;39mDaily rotation of log files[0m.
[[0;32m  OK  [0m] Started [0;1;39mUpdates mlocate database every day[0m.
[[0;32m  OK  [0m] Started [0;1;39mDaily Cleanup of Temporary Directories[0m.
[[0;32m  OK  [0m] Started [0;1;39mdaily update of the root trust anchor for DNSSEC[0m.
[[0;32m  OK  [0m] Reached target [0;1;39mTimer Units[0m.
[[0;32m  OK  [0m] Listening on [0;1;39mD-Bus System Message Bus Socket[0m.
[[0;32m  OK  [0m] Listening on [0;1;39mOpen-iSCSI iscsid Socket[0m.
[[0;32m  OK  [0m] Listening on [0;1;39mOpen-iSCSI iscsiuio Socket[0m.
[[0;32m  OK  [0m] Listening on [0;1;39mSSSD Kerberos…ache Manager responder socket[0m.
[[0;32m  OK  [0m] Listening on [0;1;39mLibvirt interface local socket[0m.
[[0;32m  OK  [0m] Listening on [0;1;39mVirtual machine lock manager socket[0m.
[[0;32m  OK  [0m] Listening on [0;1;39mVirtual machine log manager socket[0m.
[[0;32m  OK  [0m] Listening on [0;1;39mLibvirt network local socket[0m.
[[0;32m  OK  [0m] Listening on [0;1;39mLibvirt nodedev local socket[0m.
[[0;32m  OK  [0m] Listening on [0;1;39mLibvirt nwfilter local socket[0m.
[[0;32m  OK  [0m] Listening on [0;1;39mLibvirt proxy local socket[0m.
[[0;32m  OK  [0m] Listening on [0;1;39mLibvirt qemu local socket[0m.
[[0;32m  OK  [0m] Listening on [0;1;39mLibvirt qemu admin socket[0m.
[[0;32m  OK  [0m] Listening on [0;1;39mLibvirt qemu local read-only socket[0m.
[[0;32m  OK  [0m] Listening on [0;1;39mLibvirt secret local socket[0m.
[[0;32m  OK  [0m] Listening on [0;1;39mLibvirt storage local socket[0m.
[[0;32m  OK  [0m] Reached target [0;1;39mSocket Units[0m.
         Starting [0;1;39mD-Bus System Message Bus[0m...
[[0;32m  OK  [0m] Started [0;1;39mD-Bus System Message Bus[0m.
[[0;32m  OK  [0m] Reached target [0;1;39mBasic System[0m.
         Starting [0;1;39mNetwork Manager[0m...
         Starting [0;1;39mNTP client/server[0m...
         Starting [0;1;39mRestore /run/initramfs on shutdown[0m...
[[0;32m  OK  [0m] Started [0;1;39mirqbalance daemon[0m.
[[0;32m  OK  [0m] Started [0;1;39mlibstoragemgmt plug-in server daemon[0m.
[[0;32m  OK  [0m] Started [0;1;39mMachine Check Exception Logging Daemon[0m.
[[0;32m  OK  [0m] Reached target [0;1;39msshd-keygen.target[0m.
[[0;32m  OK  [0m] Reached target [0;1;39mUser and Group Name Lookups[0m.
         Starting [0;1;39mUser Login Management[0m...
         Starting [0;1;39mVirtual Machine a…tainer Registration Service[0m...
         Starting [0;1;39mupdate of the roo…NSSEC validation in unbound[0m...
         Starting [0;1;39mRotate log files[0m...
[[0;32m  OK  [0m] Started [0;1;39mUpdate a database for mlocate[0m.
[[0;32m  OK  [0m] Started [0;1;39mNTP client/server[0m.
[[0;32m  OK  [0m] Finished [0;1;39mRestore /run/initramfs on shutdown[0m.
[[0;32m  OK  [0m] Started [0;1;39mVirtual Machine an…ontainer Registration Service[0m.
         Starting [0;1;39mHostname Service[0m...
[[0;32m  OK  [0m] Started [0;1;39mUser Login Management[0m.
[[0;32m  OK  [0m] Finished [0;1;39mupdate of the roo… DNSSEC validation in unbound[0m.
[[0;32m  OK  [0m] Started [0;1;39mHostname Service[0m.
[[0;32m  OK  [0m] Finished [0;1;39mRotate log files[0m.
         Starting [0;1;39mNetwork Manager Script Dispatcher Service[0m...
[[0;32m  OK  [0m] Started [0;1;39mNetwork Manager Script Dispatcher Service[0m.
[   13.818313] e1000: eth0 NIC Link is Up 1000 Mbps Full Duplex, Flow Control: RX
[[0;32m  OK  [0m] Started [0;1;39mNetwork Manager[0m.
[[0;32m  OK  [0m] Reached target [0;1;39mNetwork[0m.
[[0;32m  OK  [0m] Reached target [0;1;39mNetwork is Online[0m.
         Starting [0;1;39mGSSAPI Proxy Daemon[0m...
         Starting [0;1;39mNotify NFS peers of a restart[0m...
         Starting [0;1;39mSystem Logging Service[0m...
         Starting [0;1;39mOpenSSH server daemon[0m...
         Starting [0;1;39mDynamic System Tuning Daemon[0m...
[[0;32m  OK  [0m] Started [0;1;39mNotify NFS peers of a restart[0m.
[[0;32m  OK  [0m] Started [0;1;39mGSSAPI Proxy Daemon[0m.
[[0;32m  OK  [0m] Reached target [0;1;39mNFS client services[0m.
[[0;32m  OK  [0m] Reached target [0;1;39mPreparation for Remote File Systems[0m.
[[0;32m  OK  [0m] Reached target [0;1;39mRemote File Systems[0m.
         Starting [0;1;39mPermit User Sessions[0m...
         Starting [0;1;39mVirtualization qemu daemon[0m...
[[0;32m  OK  [0m] Started [0;1;39mOpenSSH server daemon[0m.
[[0;32m  OK  [0m] Started [0;1;39mSystem Logging Service[0m.
[[0;32m  OK  [0m] Finished [0;1;39mPermit User Sessions[0m.
[[0;32m  OK  [0m] Started [0;1;39mDeferred execution scheduler[0m.
[[0;32m  OK  [0m] Started [0;1;39mCommand Scheduler[0m.
         Starting [0;1;39mHold until boot process finishes up[0m...
         Starting [0;1;39mTerminate Plymouth Boot Screen[0m...
[[0;32m  OK  [0m] Finished [0;1;39mHold until boot process finishes up[0m.
[[0;32m  OK  [0m] Started [0;1;39mGetty on tty1[0m.
[[0;32m  OK  [0m] Started [0;1;39mSerial Getty on ttyS0[0m.
[[0;32m  OK  [0m] Reached target [0;1;39mLogin Prompts[0m.
[[0;32m  OK  [0m] Finished [0;1;39mTerminate Plymouth Boot Screen[0m.
[[0;32m  OK  [0m] Started [0;1;39mVirtualization qemu daemon[0m.
         Starting [0;1;39mAuthorization Manager[0m...
[[0;32m  OK  [0m] Started [0;1;39mAuthorization Manager[0m.
[[0;32m  OK  [0m] Started [0;1;39mDynamic System Tuning Daemon[0m.
[[0;32m  OK  [0m] Reached target [0;1;39mMulti-User System[0m.
         Starting [0;1;39mRecord Runlevel Change in UTMP[0m...
[[0;32m  OK  [0m] Finished [0;1;39mRecord Runlevel Change in UTMP[0m.

CentOS Stream 9
Kernel 6.10.0-acc5965b9ff8+ on an x86_64

Activate the web console with: systemctl enable --now cockpit.socket

test login: [   24.996555] ------------[ cut here ]------------
[   24.996936] WARNING: CPU: 0 PID: 739 at fs/ext4/super.c:1464 ext4_destroy_inode+0x1de/0x280
[   24.997541] Modules linked in:
[   24.997737] CPU: 0 PID: 739 Comm: repro Not tainted 6.10.0-acc5965b9ff8+ #1
[   24.998145] Hardware name: QEMU Standard PC (i440FX + PIIX, 1996), BIOS rel-1.16.3-0-ga6ed6b701f0a-prebuilt.qemu.org 04/01/2014
[   24.998846] RIP: 0010:ext4_destroy_inode+0x1de/0x280
[   24.999169] Code: 31 ff 44 89 e6 e8 82 37 46 ff 45 85 e4 75 16 e8 38 3c 46 ff 48 8d 65 e0 5b 41 5c 41 5d 41 5e 5d c3 cc cc cc cc e8 22 3c 46 ff <0f> 0b 48 8d 7b 40 4c 8d 83 50 fd ff ff 48 b8 00 00 00 00 00 fc ff
[   25.000330] RSP: 0018:ff11000023757cb8 EFLAGS: 00010293
[   25.000664] RAX: 0000000000000000 RBX: ff11000023bcbe20 RCX: ffffffff821f2e3e
[   25.001108] RDX: ff110000236eab80 RSI: ffffffff821f2e5e RDI: 0000000000000005
[   25.001660] RBP: ff11000023757ce0 R08: 0000000000000001 R09: ffe21c000244d8eb
[   25.002105] R10: 0000000000000001 R11: 0000000000000001 R12: 0000000000000001
[   25.002564] R13: ff1100001226c000 R14: ff11000023bcbea0 R15: 0000000000000000
[   25.003007] FS:  00007fbb78e3d800(0000) GS:ff1100006c400000(0000) knlGS:0000000000000000
[   25.003518] CS:  0010 DS: 0000 ES: 0000 CR0: 0000000080050033
[   25.003882] CR2: 0000000020a7f000 CR3: 0000000014c5a005 CR4: 0000000000771ef0
[   25.004452] DR0: 0000000000000000 DR1: 0000000000000000 DR2: 0000000000000000
[   25.004902] DR3: 0000000000000000 DR6: 00000000fffe07f0 DR7: 0000000000000400
[   25.005353] PKRU: 55555554
[   25.005543] Call Trace:
[   25.005703]  <TASK>
[   25.005852]  ? show_regs+0xa8/0xc0
[   25.006082]  ? __warn+0xee/0x380
[   25.006312]  ? report_bug+0x25e/0x4b0
[   25.006553]  ? ext4_destroy_inode+0x1de/0x280
[   25.006846]  ? report_bug+0x2cb/0x4b0
[   25.007096]  ? ext4_destroy_inode+0x1de/0x280
[   25.007402]  ? handle_bug+0xa2/0x130
[   25.007650]  ? exc_invalid_op+0x3c/0x80
[   25.007905]  ? asm_exc_invalid_op+0x1f/0x30
[   25.008188]  ? ext4_destroy_inode+0x1be/0x280
[   25.008484]  ? ext4_destroy_inode+0x1de/0x280
[   25.008763]  ? ext4_destroy_inode+0x1de/0x280
[   25.009054]  ? ext4_destroy_inode+0x1de/0x280
[   25.009340]  ? __pfx_ext4_destroy_inode+0x10/0x10
[   25.009657]  destroy_inode+0xd6/0x1d0
[   25.009906]  evict+0x496/0x660
[   25.010115]  ? do_raw_spin_unlock+0x15c/0x210
[   25.010417]  iput.part.0+0x543/0x740
[   25.010657]  ? __pfx_ext4_drop_inode+0x10/0x10
[   25.010952]  iput+0x68/0x90
[   25.011144]  do_unlinkat+0x5dc/0x730
[   25.011398]  ? __pfx_do_unlinkat+0x10/0x10
[   25.011665]  ? __sanitizer_cov_trace_const_cmp8+0x1c/0x30
[   25.012006]  ? strncpy_from_user+0x1ef/0x2e0
[   25.012301]  ? __sanitizer_cov_trace_const_cmp4+0x1a/0x20
[   25.012644]  ? getname_flags.part.0+0x1d5/0x570
[   25.012939]  __x64_sys_unlink+0xd1/0x120
[   25.013200]  x64_sys_call+0x2014/0x20d0
[   25.013455]  do_syscall_64+0x6d/0x140
[   25.013720]  entry_SYSCALL_64_after_hwframe+0x76/0x7e
[   25.014044] RIP: 0033:0x7fbb78c3eb7b
[   25.014284] Code: f0 ff ff 73 01 c3 48 8b 0d a2 b2 1b 00 f7 d8 64 89 01 48 83 c8 ff c3 0f 1f 84 00 00 00 00 00 f3 0f 1e fa b8 57 00 00 00 0f 05 <48> 3d 01 f0 ff ff 73 01 c3 48 8b 0d 75 b2 1b 00 f7 d8 64 89 01 48
[   25.015411] RSP: 002b:00007ffc6cff9a78 EFLAGS: 00000206 ORIG_RAX: 0000000000000057
[   25.015888] RAX: ffffffffffffffda RBX: 0000000000000000 RCX: 00007fbb78c3eb7b
[   25.016339] RDX: 00007ffc6cff9a90 RSI: 00007ffc6cff9b20 RDI: 00007ffc6cff9b20
[   25.016786] RBP: 00007ffc6cffab60 R08: 0000000000000000 R09: 00007ffc6cff9910
[   25.017240] R10: 00007fbb78c0b208 R11: 0000000000000206 R12: 00007ffc6cffacd8
[   25.017702] R13: 0000000000402e4b R14: 0000000000404e08 R15: 00007fbb78e88000
[   25.018163]  </TASK>
[   25.018323] irq event stamp: 6363
[   25.018541] hardirqs last  enabled at (6371): [<ffffffff81451a94>] console_unlock+0x224/0x240
[   25.019085] hardirqs last disabled at (6378): [<ffffffff81451a79>] console_unlock+0x209/0x240
[   25.019631] softirqs last  enabled at (5994): [<ffffffff81282809>] __irq_exit_rcu+0xa9/0x120
[   25.020177] softirqs last disabled at (5919): [<ffffffff81282809>] __irq_exit_rcu+0xa9/0x120
[   25.020725] ---[ end trace 0000000000000000 ]---
[   25.021017] EXT4-fs (sda): Inode 151598 (00000000de9d579f): i_reserved_data_blocks (1) not cleared!
[   25.047025] EXT4-fs (sda): Inode 151593 (000000008dba476e): i_reserved_data_blocks (1) not cleared!
[   25.051845] EXT4-fs (sda): Inode 151590 (00000000809cd158): i_reserved_data_blocks (1) not cleared!
[   25.058130] EXT4-fs (sda): Inode 151596 (000000006b433cbd): i_reserved_data_blocks (1) not cleared!
[   25.062890] EXT4-fs (sda): Inode 151578 (0000000044fc79a0): i_reserved_data_blocks (1) not cleared!
[   25.069468] EXT4-fs (sda): Inode 151595 (00000000c298b193): i_reserved_data_blocks (1) not cleared!
[   25.152854] EXT4-fs (sda): Inode 151590 (00000000b796d239): i_reserved_data_blocks (1) not cleared!
[   25.174298] EXT4-fs (sda): Inode 151595 (000000001007b19b): i_reserved_data_blocks (1) not cleared!
[   25.176763] EXT4-fs (sda): Inode 151596 (0000000015816a15): i_reserved_data_blocks (1) not cleared!
[   25.259797] EXT4-fs (sda): Inode 151590 (00000000dd317ce2): i_reserved_data_blocks (1) not cleared!
[   30.113383] EXT4-fs: 35 callbacks suppressed
[   30.113394] EXT4-fs (sda): Inode 151597 (00000000f9fd9c0d): i_reserved_data_blocks (1) not cleared!
[   30.192883] EXT4-fs (sda): Inode 151594 (00000000f37d6c78): i_reserved_data_blocks (1) not cleared!
[   30.304810] EXT4-fs (sda): Inode 151594 (00000000d5c1ae91): i_reserved_data_blocks (1) not cleared!
[   30.312185] EXT4-fs (sda): Inode 151595 (00000000ee88bead): i_reserved_data_blocks (1) not cleared!
[   30.795088] EXT4-fs (sda): Inode 151595 (000000007a38c525): i_reserved_data_blocks (1) not cleared!
[   30.803822] EXT4-fs (sda): Inode 151590 (000000002ff4254e): i_reserved_data_blocks (1) not cleared!
[   31.024400] EXT4-fs (sda): Inode 151593 (0000000031bd4187): i_reserved_data_blocks (1) not cleared!
[   31.024662] EXT4-fs (sda): Inode 151592 (000000004b782de4): i_reserved_data_blocks (1) not cleared!
[   31.125744] EXT4-fs (sda): Inode 151593 (00000000a3142b85): i_reserved_data_blocks (1) not cleared!
[   31.882772] EXT4-fs (sda): Inode 151594 (00000000bc9b548a): i_reserved_data_blocks (1) not cleared!
[   35.114542] EXT4-fs: 19 callbacks suppressed
[   35.114553] EXT4-fs (sda): Inode 151587 (000000002cdce1f3): i_reserved_data_blocks (1) not cleared!
[   35.582765] EXT4-fs (sda): Inode 151578 (00000000f99b3daf): i_reserved_data_blocks (1) not cleared!
[   35.589239] EXT4-fs (sda): Inode 151587 (00000000f4834f2b): i_reserved_data_blocks (1) not cleared!
[   35.626972] EXT4-fs (sda): Inode 151596 (0000000064328f6f): i_reserved_data_blocks (1) not cleared!
[   35.694754] EXT4-fs (sda): Inode 151587 (00000000f6dd9263): i_reserved_data_blocks (1) not cleared!
[   35.843229] EXT4-fs (sda): Inode 151592 (000000006b433cbd): i_reserved_data_blocks (1) not cleared!
[   36.377219] EXT4-fs (sda): Inode 151590 (00000000ad884ba1): i_reserved_data_blocks (1) not cleared!
[   36.387657] EXT4-fs (sda): Inode 151578 (000000000a6459df): i_reserved_data_blocks (1) not cleared!
[   37.764798] EXT4-fs (sda): Inode 151593 (0000000009638df8): i_reserved_data_blocks (1) not cleared!
[   37.814823] EXT4-fs (sda): Inode 151595 (00000000ff6c5208): i_reserved_data_blocks (1) not cleared!
[   40.205681] EXT4-fs: 8 callbacks suppressed
[   40.205691] EXT4-fs (sda): Inode 151587 (00000000f7fbb3fe): i_reserved_data_blocks (1) not cleared!
[   40.210416] EXT4-fs (sda): Inode 151591 (00000000d21f65b6): i_reserved_data_blocks (1) not cleared!
[   40.742152] EXT4-fs (sda): Inode 151595 (00000000dedb4b4a): i_reserved_data_blocks (1) not cleared!
[   40.843071] EXT4-fs (sda): Inode 151595 (0000000034290d1c): i_reserved_data_blocks (1) not cleared!
[   40.957292] EXT4-fs (sda): Inode 151597 (00000000aa537867): i_reserved_data_blocks (1) not cleared!
[   40.970931] EXT4-fs (sda): Inode 151589 (000000005a93f8de): i_reserved_data_blocks (1) not cleared!
[   40.975344] EXT4-fs (sda): Inode 151595 (0000000053827026): i_reserved_data_blocks (1) not cleared!
[   41.435711] EXT4-fs (sda): Inode 151587 (00000000c67037fb): i_reserved_data_blocks (1) not cleared!
[   41.630604] EXT4-fs (sda): Inode 151594 (00000000f171aa1d): i_reserved_data_blocks (1) not cleared!
[   41.944730] EXT4-fs (sda): Inode 151590 (00000000de9d579f): i_reserved_data_blocks (1) not cleared!
[   45.395247] EXT4-fs: 14 callbacks suppressed
[   45.395260] EXT4-fs (sda): Inode 151592 (00000000f99b3daf): i_reserved_data_blocks (1) not cleared!
[   45.395806] EXT4-fs (sda): Inode 151578 (00000000ba0b2c9c): i_reserved_data_blocks (1) not cleared!
[   45.397941] EXT4-fs (sda): Inode 151584 (000000006c09b12e): i_reserved_data_blocks (1) not cleared!
[   45.841230] EXT4-fs (sda): Inode 151588 (000000006ed6940d): i_reserved_data_blocks (1) not cleared!
[   45.844792] EXT4-fs (sda): Inode 151587 (00000000241f07a6): i_reserved_data_blocks (1) not cleared!
[   45.970221] EXT4-fs (sda): Inode 151594 (0000000074093ce5): i_reserved_data_blocks (1) not cleared!
[   45.970904] EXT4-fs (sda): Inode 151581 (00000000a3142b85): i_reserved_data_blocks (1) not cleared!
[   46.169998] EXT4-fs (sda): Inode 151589 (00000000359d458b): i_reserved_data_blocks (1) not cleared!
[   46.544465] EXT4-fs (sda): Inode 151592 (00000000e3a00697): i_reserved_data_blocks (1) not cleared!
[   46.663901] EXT4-fs (sda): Inode 151589 (000000001b0dca0c): i_reserved_data_blocks (1) not cleared!
[   50.533975] EXT4-fs: 14 callbacks suppressed
[   50.533989] EXT4-fs (sda): Inode 151588 (00000000ef947857): i_reserved_data_blocks (1) not cleared!
[   50.577759] EXT4-fs (sda): Inode 151593 (0000000051c422f1): i_reserved_data_blocks (1) not cleared!
[   50.660258] EXT4-fs (sda): Inode 151585 (00000000f37d6c78): i_reserved_data_blocks (1) not cleared!
[   50.690403] EXT4-fs (sda): Inode 151593 (000000001b0dca0c): i_reserved_data_blocks (1) not cleared!
[   50.779597] EXT4-fs (sda): Inode 151590 (000000009dbe657b): i_reserved_data_blocks (1) not cleared!
[   51.305297] EXT4-fs (sda): Inode 151544 (00000000dd317ce2): i_reserved_data_blocks (1) not cleared!
[   51.640954] EXT4-fs (sda): Inode 151579 (00000000fa79e061): i_reserved_data_blocks (1) not cleared!
[   51.767318] EXT4-fs (sda): Inode 151592 (000000000a6ffcfe): i_reserved_data_blocks (1) not cleared!
[   51.883499] EXT4-fs (sda): Inode 151593 (000000002ff4254e): i_reserved_data_blocks (1) not cleared!
[   51.886474] EXT4-fs (sda): Inode 151591 (000000004300b906): i_reserved_data_blocks (1) not cleared!
[   55.618778] EXT4-fs: 19 callbacks suppressed
[   55.618792] EXT4-fs (sda): Inode 151592 (0000000038f061d0): i_reserved_data_blocks (1) not cleared!
[   55.791895] EXT4-fs (sda): Inode 151593 (000000003c22802e): i_reserved_data_blocks (1) not cleared!
[   56.031235] EXT4-fs (sda): Inode 151589 (0000000047f5671a): i_reserved_data_blocks (1) not cleared!
[   56.123393] EXT4-fs (sda): Inode 151579 (000000005f4cfae4): i_reserved_data_blocks (1) not cleared!
[   56.200872] EXT4-fs (sda): Inode 151579 (0000000028ad542a): i_reserved_data_blocks (1) not cleared!
[   56.510872] EXT4-fs (sda): Inode 151584 (0000000028dd63f1): i_reserved_data_blocks (1) not cleared!
[   56.940684] EXT4-fs (sda): Inode 151584 (000000009dbe657b): i_reserved_data_blocks (1) not cleared!
[   57.339544] EXT4-fs (sda): Inode 151592 (0000000009461026): i_reserved_data_blocks (1) not cleared!
[   57.653960] EXT4-fs (sda): Inode 151591 (000000008e215133): i_reserved_data_blocks (1) not cleared!
[   57.664498] EXT4-fs (sda): Inode 151588 (000000004d0b1a4a): i_reserved_data_blocks (1) not cleared!
[   60.829537] EXT4-fs: 13 callbacks suppressed
[   60.829551] EXT4-fs (sda): Inode 151584 (000000009b9522fb): i_reserved_data_blocks (1) not cleared!
[   60.932395] EXT4-fs (sda): Inode 151584 (000000008e215133): i_reserved_data_blocks (1) not cleared!
[   61.243914] EXT4-fs (sda): Inode 151573 (0000000055d5775d): i_reserved_data_blocks (1) not cleared!
[   61.252794] EXT4-fs (sda): Inode 151578 (00000000495e0d79): i_reserved_data_blocks (1) not cleared!
[   61.449341] EXT4-fs (sda): Inode 151593 (0000000064328f6f): i_reserved_data_blocks (1) not cleared!
[   61.746448] EXT4-fs (sda): Inode 151587 (00000000c86b54e4): i_reserved_data_blocks (1) not cleared!
[   61.762095] EXT4-fs (sda): Inode 151592 (00000000e130e25c): i_reserved_data_blocks (1) not cleared!
[   61.780049] EXT4-fs (sda): Inode 151578 (000000005a5a7719): i_reserved_data_blocks (1) not cleared!
[   61.884591] EXT4-fs (sda): Inode 151592 (0000000008e4cc97): i_reserved_data_blocks (1) not cleared!
[   61.995422] EXT4-fs (sda): Inode 151593 (00000000f37d6c78): i_reserved_data_blocks (1) not cleared!
[   65.910875] EXT4-fs: 22 callbacks suppressed
[   65.910888] EXT4-fs (sda): Inode 151594 (00000000020cdb72): i_reserved_data_blocks (1) not cleared!
[   66.387647] EXT4-fs (sda): Inode 151579 (00000000069a680b): i_reserved_data_blocks (1) not cleared!
[   66.395318] EXT4-fs (sda): Inode 151578 (000000005acb0ed1): i_reserved_data_blocks (1) not cleared!
[   66.508465] EXT4-fs (sda): Inode 151579 (00000000ad884ba1): i_reserved_data_blocks (1) not cleared!
[   66.527501] EXT4-fs (sda): Inode 151593 (00000000bf89d0bc): i_reserved_data_blocks (1) not cleared!
[   66.528895] EXT4-fs (sda): Inode 151578 (000000007656b21b): i_reserved_data_blocks (1) not cleared!
[   66.991446] EXT4-fs (sda): Inode 151591 (0000000080255af8): i_reserved_data_blocks (1) not cleared!
[   66.996687] EXT4-fs (sda): Inode 151579 (00000000205c0ff3): i_reserved_data_blocks (1) not cleared!
[   67.100177] EXT4-fs (sda): Inode 151579 (000000008b6766e1): i_reserved_data_blocks (1) not cleared!
[   67.249869] EXT4-fs (sda): Inode 151544 (000000002b7f1efb): i_reserved_data_blocks (1) not cleared!
[   71.260288] EXT4-fs: 23 callbacks suppressed
[   71.260302] EXT4-fs (sda): Inode 151591 (000000006ed6940d): i_reserved_data_blocks (1) not cleared!
[   71.262146] EXT4-fs (sda): Inode 151546 (000000005a0b89f8): i_reserved_data_blocks (1) not cleared!
[   71.398055] EXT4-fs (sda): Inode 151578 (00000000a3142b85): i_reserved_data_blocks (1) not cleared!
[   71.528327] EXT4-fs (sda): Inode 151594 (00000000d75255a3): i_reserved_data_blocks (1) not cleared!
[   71.643568] EXT4-fs (sda): Inode 151594 (00000000ef947857): i_reserved_data_blocks (1) not cleared!
[   71.927239] EXT4-fs (sda): Inode 151593 (000000001007b19b): i_reserved_data_blocks (1) not cleared!
[   72.429411] EXT4-fs (sda): Inode 151591 (00000000241f07a6): i_reserved_data_blocks (1) not cleared!
[   72.831720] EXT4-fs (sda): Inode 151581 (00000000496b2a58): i_reserved_data_blocks (1) not cleared!
[   73.184041] EXT4-fs (sda): Inode 151594 (00000000c8deb1a6): i_reserved_data_blocks (1) not cleared!
[   73.669601] EXT4-fs (sda): Inode 151579 (00000000790456e3): i_reserved_data_blocks (1) not cleared!
