c[?7l[2J[0mSeaBIOS (version rel-1.16.0-0-gd239552ce722-prebuilt.qemu.org)


iPXE (http://ipxe.org) 00:03.0 CA00 PCI2.10 PnP PMM+7FF91000+7FEF1000 CA00
Press Ctrl-B to configure iPXE (PCI 00:03.0)...                                                                               


Booting from ROM...
c[?7l[2J[    0.000000] Linux version 6.14.0-rc6-7518015ee220+ (root@p-mtlp04) (gcc (GCC) 11.5.0 20240719 (Red Hat 11.5.0-5), GNU ld version 2.35.2-60.el9) #1 SMP PREEMPT_DYNAMIC Thu Mar 13 03:51:28 CST 2025
[    0.000000] Command line: console=ttyS0 root=/dev/sda earlyprintk=serial net.ifnames=0 plymouth.enable=0
[    0.000000] KERNEL supported cpus:
[    0.000000]   Intel GenuineIntel
[    0.000000]   AMD AuthenticAMD
[    0.000000]   Hygon HygonGenuine
[    0.000000]   Centaur CentaurHauls
[    0.000000]   zhaoxin   Shanghai  
[    0.000000] x86/split lock detection: #DB: warning on user-space bus_locks
[    0.000000] BIOS-provided physical RAM map:
[    0.000000] BIOS-e820: [mem 0x0000000000000000-0x000000000009fbff] usable
[    0.000000] BIOS-e820: [mem 0x000000000009fc00-0x000000000009ffff] reserved
[    0.000000] BIOS-e820: [mem 0x00000000000f0000-0x00000000000fffff] reserved
[    0.000000] BIOS-e820: [mem 0x0000000000100000-0x000000007ffdffff] usable
[    0.000000] BIOS-e820: [mem 0x000000007ffe0000-0x000000007fffffff] reserved
[    0.000000] BIOS-e820: [mem 0x00000000feffc000-0x00000000feffffff] reserved
[    0.000000] BIOS-e820: [mem 0x00000000fffc0000-0x00000000ffffffff] reserved
[    0.000000] printk: legacy bootconsole [earlyser0] enabled
[    0.000000] NX (Execute Disable) protection: active
[    0.000000] APIC: Static calls initialized
[    0.000000] SMBIOS 2.8 present.
[    0.000000] DMI: QEMU Standard PC (i440FX + PIIX, 1996), BIOS rel-1.16.0-0-gd239552ce722-prebuilt.qemu.org 04/01/2014
[    0.000000] DMI: Memory slots populated: 1/1
[    0.000000] Hypervisor detected: KVM
[    0.000000] kvm-clock: Using msrs 4b564d01 and 4b564d00
[    0.000004] kvm-clock: using sched offset of 1223945439 cycles
[    0.000602] clocksource: kvm-clock: mask: 0xffffffffffffffff max_cycles: 0x1cd42e4dffb, max_idle_ns: 881590591483 ns
[    0.002400] tsc: Detected 2995.200 MHz processor
[    0.012993] last_pfn = 0x7ffe0 max_arch_pfn = 0x400000000
[    0.013633] MTRR map: 4 entries (3 fixed + 1 variable; max 19), built from 8 variable MTRRs
[    0.014554] x86/PAT: Configuration [0-7]: WB  WC  UC- UC  WB  WP  UC- WT  
[    0.029083] found SMP MP-table at [mem 0x000f5ba0-0x000f5baf]
[    0.029764] Using GB pages for direct mapping
[    0.033838] ACPI: Early table checksum verification disabled
[    0.034508] ACPI: RSDP 0x00000000000F59C0 000014 (v00 BOCHS )
[    0.035209] ACPI: RSDT 0x000000007FFE1951 000034 (v01 BOCHS  BXPC     00000001 BXPC 00000001)
[    0.036217] ACPI: FACP 0x000000007FFE17FD 000074 (v01 BOCHS  BXPC     00000001 BXPC 00000001)
[    0.037246] ACPI: DSDT 0x000000007FFE0040 0017BD (v01 BOCHS  BXPC     00000001 BXPC 00000001)
[    0.038175] ACPI: FACS 0x000000007FFE0000 000040
[    0.038689] ACPI: APIC 0x000000007FFE1871 000080 (v01 BOCHS  BXPC     00000001 BXPC 00000001)
[    0.039619] ACPI: HPET 0x000000007FFE18F1 000038 (v01 BOCHS  BXPC     00000001 BXPC 00000001)
[    0.040553] ACPI: WAET 0x000000007FFE1929 000028 (v01 BOCHS  BXPC     00000001 BXPC 00000001)
[    0.041478] ACPI: Reserving FACP table memory at [mem 0x7ffe17fd-0x7ffe1870]
[    0.042233] ACPI: Reserving DSDT table memory at [mem 0x7ffe0040-0x7ffe17fc]
[    0.042982] ACPI: Reserving FACS table memory at [mem 0x7ffe0000-0x7ffe003f]
[    0.043733] ACPI: Reserving APIC table memory at [mem 0x7ffe1871-0x7ffe18f0]
[    0.044488] ACPI: Reserving HPET table memory at [mem 0x7ffe18f1-0x7ffe1928]
[    0.045237] ACPI: Reserving WAET table memory at [mem 0x7ffe1929-0x7ffe1950]
[    0.046719] No NUMA configuration found
[    0.047137] Faking a node at [mem 0x0000000000000000-0x000000007ffdffff]
[    0.047883] NODE_DATA(0) allocated [mem 0x7ffb5000-0x7ffdfc7f]
[    0.049359] Zone ranges:
[    0.049652]   DMA      [mem 0x0000000000001000-0x0000000000ffffff]
[    0.050336]   DMA32    [mem 0x0000000001000000-0x000000007ffdffff]
[    0.051003]   Normal   empty
[    0.051321]   Device   empty
[    0.051638] Movable zone start for each node
[    0.052107] Early memory node ranges
[    0.052501]   node   0: [mem 0x0000000000001000-0x000000000009efff]
[    0.053196]   node   0: [mem 0x0000000000100000-0x000000007ffdffff]
[    0.053878] Initmem setup node 0 [mem 0x0000000000001000-0x000000007ffdffff]
[    0.055293] On node 0, zone DMA: 1 pages in unavailable ranges
[    0.056374] On node 0, zone DMA: 97 pages in unavailable ranges
[    0.135631] On node 0, zone DMA32: 32 pages in unavailable ranges
[    0.501326] kasan: KernelAddressSanitizer initialized
[    0.502261] ACPI: PM-Timer IO Port: 0x608
[    0.502756] ACPI: LAPIC_NMI (acpi_id[0xff] dfl dfl lint[0x1])
[    0.503489] IOAPIC[0]: apic_id 0, version 17, address 0xfec00000, GSI 0-23
[    0.504298] ACPI: INT_SRC_OVR (bus 0 bus_irq 0 global_irq 2 dfl dfl)
[    0.505001] ACPI: INT_SRC_OVR (bus 0 bus_irq 5 global_irq 5 high level)
[    0.505743] ACPI: INT_SRC_OVR (bus 0 bus_irq 9 global_irq 9 high level)
[    0.506502] ACPI: INT_SRC_OVR (bus 0 bus_irq 10 global_irq 10 high level)
[    0.507251] ACPI: INT_SRC_OVR (bus 0 bus_irq 11 global_irq 11 high level)
[    0.508015] ACPI: Using ACPI (MADT) for SMP configuration information
[    0.508751] ACPI: HPET id: 0x8086a201 base: 0xfed00000
[    0.509364] TSC deadline timer available
[    0.509814] CPU topo: Max. logical packages:   1
[    0.510330] CPU topo: Max. logical dies:       1
[    0.510861] CPU topo: Max. dies per package:   1
[    0.511405] CPU topo: Max. threads per core:   1
[    0.511940] CPU topo: Num. cores per package:     2
[    0.512483] CPU topo: Num. threads per package:   2
[    0.513020] CPU topo: Allowing 2 present CPUs plus 0 hotplug CPUs
[    0.513757] kvm-guest: APIC: eoi() replaced with kvm_guest_apic_eoi_write()
[    0.514530] kvm-guest: KVM setup pv remote TLB flush
[    0.515063] kvm-guest: setup PV sched yield
[    0.515570] PM: hibernation: Registered nosave memory: [mem 0x00000000-0x00000fff]
[    0.516386] PM: hibernation: Registered nosave memory: [mem 0x0009f000-0x0009ffff]
[    0.517192] PM: hibernation: Registered nosave memory: [mem 0x000a0000-0x000effff]
[    0.518019] PM: hibernation: Registered nosave memory: [mem 0x000f0000-0x000fffff]
[    0.518832] [mem 0x80000000-0xfeffbfff] available for PCI devices
[    0.519503] Booting paravirtualized kernel on KVM
[    0.520027] clocksource: refined-jiffies: mask: 0xffffffff max_cycles: 0xffffffff, max_idle_ns: 7645519600211568 ns
[    0.521205] setup_percpu: NR_CPUS:8192 nr_cpumask_bits:2 nr_cpu_ids:2 nr_node_ids:1
[    0.563582] percpu: Embedded 85 pages/cpu s311296 r8192 d28672 u1048576
[    0.564640] kvm-guest: PV spinlocks enabled
[    0.565137] PV qspinlock hash table entries: 256 (order: 0, 4096 bytes, linear)
[    0.565986] Kernel command line: net.ifnames=0 console=ttyS0 root=/dev/sda earlyprintk=serial net.ifnames=0 plymouth.enable=0
[    0.567685] random: crng init done
[    0.568090] printk: log buffer data + meta data: 262144 + 917504 = 1179648 bytes
[    0.571025] Dentry cache hash table entries: 262144 (order: 9, 2097152 bytes, linear)
[    0.572685] Inode-cache hash table entries: 131072 (order: 8, 1048576 bytes, linear)
[    0.574025] Fallback order for Node 0: 0 
[    0.574042] Built 1 zonelists, mobility grouping on.  Total pages: 524158
[    0.575254] Policy zone: DMA32
[    0.575603] mem auto-init: stack:off, heap alloc:off, heap free:off
[    0.576273] stackdepot: allocating hash table via alloc_large_system_hash
[    0.576959] stackdepot hash table entries: 1048576 (order: 12, 16777216 bytes, linear)
[    0.692417] SLUB: HWalign=64, Order=0-3, MinObjects=0, CPUs=2, Nodes=1
[    0.693183] kmemleak: Kernel memory leak detector disabled
[    0.693963] ftrace: allocating 73609 entries in 288 pages
[    0.874023] ftrace: allocated 288 pages with 2 groups
[    0.879489] Dynamic Preempt: voluntary
[    0.880520] Running RCU self tests
[    0.880913] Running RCU synchronous self tests
[    0.881406] rcu: Preemptible hierarchical RCU implementation.
[    0.882047] rcu: 	RCU lockdep checking is enabled.
[    0.882583] rcu: 	RCU restricting CPUs from NR_CPUS=8192 to nr_cpu_ids=2.
[    0.883342] 	Trampoline variant of Tasks RCU enabled.
[    0.883907] 	Rude variant of Tasks RCU enabled.
[    0.884419] 	Tracing variant of Tasks RCU enabled.
[    0.884958] rcu: RCU calculated value of scheduler-enlistment delay is 25 jiffies.
[    0.885774] rcu: Adjusting geometry for rcu_fanout_leaf=16, nr_cpu_ids=2
[    0.886563] Running RCU synchronous self tests
[    0.887049] RCU Tasks: Setting shift to 1 and lim to 1 rcu_task_cb_adjust=1 rcu_task_cpu_ids=2.
[    0.887982] RCU Tasks Rude: Setting shift to 1 and lim to 1 rcu_task_cb_adjust=1 rcu_task_cpu_ids=2.
[    0.889019] RCU Tasks Trace: Setting shift to 1 and lim to 1 rcu_task_cb_adjust=1 rcu_task_cpu_ids=2.
[    0.975656] NR_IRQS: 524544, nr_irqs: 440, preallocated irqs: 16
[    0.976979] rcu: srcu_init: Setting srcu_struct sizes based on contention.
[    0.987311] Console: colour VGA+ 80x25
[    0.987824] printk: legacy console [ttyS0] enabled
[    0.987824] printk: legacy console [ttyS0] enabled
[    0.988910] printk: legacy bootconsole [earlyser0] disabled
[    0.988910] printk: legacy bootconsole [earlyser0] disabled
[    0.990164] Lock dependency validator: Copyright (c) 2006 Red Hat, Inc., Ingo Molnar
[    0.991012] ... MAX_LOCKDEP_SUBCLASSES:  8
[    0.991472] ... MAX_LOCK_DEPTH:          48
[    0.991940] ... MAX_LOCKDEP_KEYS:        8192
[    0.992431] ... CLASSHASH_SIZE:          4096
[    0.992916] ... MAX_LOCKDEP_ENTRIES:     524288
[    0.993420] ... MAX_LOCKDEP_CHAINS:      524288
[    0.993926] ... CHAINHASH_SIZE:          262144
[    0.994434]  memory used by lock dependency info: 54145 kB
[    0.995040]  memory used for stack traces: 4224 kB
[    0.995576]  per task-struct memory footprint: 1920 bytes
[    0.996293] ACPI: Core revision 20240827
[    0.997252] clocksource: hpet: mask: 0xffffffff max_cycles: 0xffffffff, max_idle_ns: 19112604467 ns
[    0.998478] APIC: Switch to symmetric I/O mode setup
[    0.999263] x2apic enabled
[    1.000055] APIC: Switched APIC routing to: physical x2apic
[    1.000693] kvm-guest: APIC: send_IPI_mask() replaced with kvm_send_ipi_mask()
[    1.001510] kvm-guest: APIC: send_IPI_mask_allbutself() replaced with kvm_send_ipi_mask_allbutself()
[    1.002645] kvm-guest: setup PV IPIs
[    1.004413] ..TIMER: vector=0x30 apic1=0 pin1=2 apic2=-1 pin2=-1
[    1.005123] clocksource: tsc-early: mask: 0xffffffffffffffff max_cycles: 0x2b2c8ec87c7, max_idle_ns: 440795278598 ns
[    1.006311] Calibrating delay loop (skipped) preset value.. 5990.40 BogoMIPS (lpj=11980800)
[    1.010453] x86/cpu: User Mode Instruction Prevention (UMIP) activated
[    1.011301] Last level iTLB entries: 4KB 0, 2MB 0, 4MB 0
[    1.011932] Last level dTLB entries: 4KB 0, 2MB 0, 4MB 0, 1GB 0
[    1.012669] Spectre V1 : Mitigation: usercopy/swapgs barriers and __user pointer sanitization
[    1.014308] Spectre V2 : WARNING: Unprivileged eBPF is enabled with eIBRS on, data leaks possible via Spectre v2 BHB attacks!
[    1.015541] Spectre V2 : Spectre BHI mitigation: SW BHB clearing on syscall and VM exit
[    1.016433] Spectre V2 : Mitigation: Enhanced / Automatic IBRS
[    1.017079] Spectre V2 : Spectre v2 / SpectreRSB mitigation: Filling RSB on context switch
[    1.017983] Spectre V2 : Spectre v2 / PBRSB-eIBRS: Retire a single CALL on VMEXIT
[    1.018309] Spectre V2 : mitigation: Enabling conditional Indirect Branch Prediction Barrier
[    1.019244] Speculative Store Bypass: Mitigation: Speculative Store Bypass disabled via prctl
[    1.020191] MMIO Stale Data: Unknown: No mitigations
[    1.020784] x86/fpu: Supporting XSAVE feature 0x001: 'x87 floating point registers'
[    1.022299] x86/fpu: Supporting XSAVE feature 0x002: 'SSE registers'
[    1.023027] x86/fpu: Supporting XSAVE feature 0x004: 'AVX registers'
[    1.023745] x86/fpu: Supporting XSAVE feature 0x200: 'Protection Keys User registers'
[    1.024641] x86/fpu: xstate_offset[2]:  576, xstate_sizes[2]:  256
[    1.025346] x86/fpu: xstate_offset[9]:  832, xstate_sizes[9]:    8
[    1.026048] x86/fpu: Enabled xstate features 0x207, context size is 840 bytes, using 'compacted' format.
[    1.216336] Freeing SMP alternatives memory: 60K
[    1.216935] pid_max: default: 32768 minimum: 301
[    1.217753] LSM: initializing lsm=capability,yama,ima,evm
[    1.218450] Yama: becoming mindful.
[    1.219417] Mount-cache hash table entries: 4096 (order: 3, 32768 bytes, linear)
[    1.220295] Mountpoint-cache hash table entries: 4096 (order: 3, 32768 bytes, linear)
[    1.224170] Running RCU synchronous self tests
[    1.224715] Running RCU synchronous self tests
[    1.225730] smpboot: CPU0: Intel(R) Core(TM) Ultra 7 155H (family: 0x6, model: 0xaa, stepping: 0x4)
[    1.226292] Running RCU Tasks wait API self tests
[    1.327177] Running RCU Tasks Rude wait API self tests
[    1.329654] Running RCU Tasks Trace wait API self tests
[    1.330510] Performance Events: unsupported p6 CPU model 170 no PMU driver, software events only.
[    1.334318] signal: max sigframe size: 3632
[    1.336326] rcu: Hierarchical SRCU implementation.
[    1.337011] rcu: 	Max phase no-delay instances is 1000.
[    1.338380] Callback from call_rcu_tasks_trace() invoked.
[    1.339352] Timer migration: 1 hierarchy levels; 8 children per group; 1 crossnode level
[    1.343162] NMI watchdog: Perf NMI watchdog permanently disabled
[    1.344189] smp: Bringing up secondary CPUs ...
[    1.346871] smpboot: x86: Booting SMP configuration:
[    1.347431] .... node  #0, CPUs:      #1
[    1.347654] smp: Brought up 1 node, 2 CPUs
[    1.347654] smpboot: Total of 2 processors activated (11980.80 BogoMIPS)
[    1.351144] Memory: 1552408K/2096632K available (77697K kernel code, 15188K rwdata, 18100K rodata, 15828K init, 69036K bss, 537208K reserved, 0K cma-reserved)
[    1.354743] devtmpfs: initialized
[    1.356394] x86/mm: Memory block size: 128MB
[    1.371398] Running RCU synchronous self tests
[    1.371979] Running RCU synchronous self tests
[    1.372549] clocksource: jiffies: mask: 0xffffffff max_cycles: 0xffffffff, max_idle_ns: 7645041785100000 ns
[    1.374316] futex hash table entries: 512 (order: 4, 65536 bytes, linear)
[    1.375820] pinctrl core: initialized pinctrl subsystem
[    1.377350] 
[    1.377556] *************************************************************
[    1.378303] **     NOTICE NOTICE NOTICE NOTICE NOTICE NOTICE NOTICE    **
[    1.379095] **                                                         **
[    1.379893] **  IOMMU DebugFS SUPPORT HAS BEEN ENABLED IN THIS KERNEL  **
[    1.380685] **                                                         **
[    1.381489] ** This means that this kernel is built to expose internal **
[    1.382299] ** IOMMU data structures, which may compromise security on **
[    1.383099] ** your system.                                            **
[    1.383894] **                                                         **
[    1.384689] ** If you see this message and you are not debugging the   **
[    1.385484] ** kernel, report this immediately to your vendor!         **
[    1.386279] **                                                         **
[    1.386300] **     NOTICE NOTICE NOTICE NOTICE NOTICE NOTICE NOTICE    **
[    1.387107] *************************************************************
[    1.387991] PM: RTC time: 19:56:47, date: 2025-03-12
[    1.394100] NET: Registered PF_NETLINK/PF_ROUTE protocol family
[    1.395795] DMA: preallocated 256 KiB GFP_KERNEL pool for atomic allocations
[    1.396674] DMA: preallocated 256 KiB GFP_KERNEL|GFP_DMA pool for atomic allocations
[    1.397609] DMA: preallocated 256 KiB GFP_KERNEL|GFP_DMA32 pool for atomic allocations
[    1.398490] audit: initializing netlink subsys (disabled)
[    1.402338] audit: type=2000 audit(1741809408.092:1): state=initialized audit_enabled=0 res=1
[    1.405599] thermal_sys: Registered thermal governor 'fair_share'
[    1.405610] thermal_sys: Registered thermal governor 'bang_bang'
[    1.406306] thermal_sys: Registered thermal governor 'step_wise'
[    1.407008] thermal_sys: Registered thermal governor 'user_space'
[    1.407819] cpuidle: using governor ladder
[    1.407819] cpuidle: using governor menu
[    1.407819] acpiphp: ACPI Hot Plug PCI Controller Driver version: 0.5
[    1.411355] PCI: Using configuration type 1 for base access
[    1.412447] kprobes: kprobe jump-optimization is enabled. All kprobes are optimized if possible.
[    1.571203] HugeTLB: allocation took 0ms with hugepage_allocation_threads=1
[    1.572067] HugeTLB: registered 1.00 GiB page size, pre-allocated 0 pages
[    1.572859] HugeTLB: 16380 KiB vmemmap can be freed for a 1.00 GiB page
[    1.573627] HugeTLB: registered 2.00 MiB page size, pre-allocated 0 pages
[    1.574314] HugeTLB: 28 KiB vmemmap can be freed for a 2.00 MiB page
[    1.585416] ACPI: Added _OSI(Module Device)
[    1.585947] ACPI: Added _OSI(Processor Device)
[    1.586339] ACPI: Added _OSI(3.0 _SCP Extensions)
[    1.586894] ACPI: Added _OSI(Processor Aggregator Device)
[    1.604416] ACPI: 1 ACPI AML tables successfully acquired and loaded
[    1.612771] ACPI: Interpreter enabled
[    1.613406] ACPI: PM: (supports S0 S3 S4 S5)
[    1.613916] ACPI: Using IOAPIC for interrupt routing
[    1.614444] PCI: Using host bridge windows from ACPI; if necessary, use "pci=nocrs" and report a bug
[    1.615501] PCI: Using E820 reservations for host bridge windows
[    1.617613] ACPI: Enabled 2 GPEs in block 00 to 0F
[    1.664116] ACPI: PCI Root Bridge [PCI0] (domain 0000 [bus 00-ff])
[    1.664913] acpi PNP0A03:00: _OSC: OS supports [ASPM ClockPM Segments MSI EDR HPX-Type3]
[    1.665863] acpi PNP0A03:00: _OSC: not requesting OS control; OS requires [ExtendedConfig ASPM ClockPM MSI]
[    1.666497] acpi PNP0A03:00: fail to add MMCONFIG information, can't access extended configuration space under this bridge
[    1.673443] acpiphp: Slot [3] registered
[    1.674093] acpiphp: Slot [4] registered
[    1.674466] acpiphp: Slot [5] registered
[    1.675126] acpiphp: Slot [6] registered
[    1.675745] acpiphp: Slot [7] registered
[    1.676373] acpiphp: Slot [8] registered
[    1.677018] acpiphp: Slot [9] registered
[    1.677670] acpiphp: Slot [10] registered
[    1.678304] acpiphp: Slot [11] registered
[    1.678945] acpiphp: Slot [12] registered
[    1.679574] acpiphp: Slot [13] registered
[    1.680247] acpiphp: Slot [14] registered
[    1.680894] acpiphp: Slot [15] registered
[    1.681536] acpiphp: Slot [16] registered
[    1.682166] acpiphp: Slot [17] registered
[    1.682496] acpiphp: Slot [18] registered
[    1.683133] acpiphp: Slot [19] registered
[    1.683821] acpiphp: Slot [20] registered
[    1.684486] acpiphp: Slot [21] registered
[    1.685150] acpiphp: Slot [22] registered
[    1.685782] acpiphp: Slot [23] registered
[    1.686415] acpiphp: Slot [24] registered
[    1.687068] acpiphp: Slot [25] registered
[    1.687748] acpiphp: Slot [26] registered
[    1.688389] acpiphp: Slot [27] registered
[    1.689020] acpiphp: Slot [28] registered
[    1.689664] acpiphp: Slot [29] registered
[    1.690351] acpiphp: Slot [30] registered
[    1.690992] acpiphp: Slot [31] registered
[    1.691574] PCI host bridge to bus 0000:00
[    1.692132] pci_bus 0000:00: root bus resource [io  0x0000-0x0cf7 window]
[    1.692939] pci_bus 0000:00: root bus resource [io  0x0d00-0xffff window]
[    1.693737] pci_bus 0000:00: root bus resource [mem 0x000a0000-0x000bffff window]
[    1.694310] pci_bus 0000:00: root bus resource [mem 0x80000000-0xfebfffff window]
[    1.695190] pci_bus 0000:00: root bus resource [mem 0x100000000-0x17fffffff window]
[    1.696101] pci_bus 0000:00: root bus resource [bus 00-ff]
[    1.696916] pci 0000:00:00.0: [8086:1237] type 00 class 0x060000 conventional PCI endpoint
[    1.709064] pci 0000:00:01.0: [8086:7000] type 00 class 0x060100 conventional PCI endpoint
[    1.711642] pci 0000:00:01.1: [8086:7010] type 00 class 0x010180 conventional PCI endpoint
[    1.713278] pci 0000:00:01.1: BAR 4 [io  0xc040-0xc04f]
[    1.714008] pci 0000:00:01.1: BAR 0 [io  0x01f0-0x01f7]: legacy IDE quirk
[    1.714306] pci 0000:00:01.1: BAR 1 [io  0x03f6]: legacy IDE quirk
[    1.715021] pci 0000:00:01.1: BAR 2 [io  0x0170-0x0177]: legacy IDE quirk
[    1.715826] pci 0000:00:01.1: BAR 3 [io  0x0376]: legacy IDE quirk
[    1.717126] pci 0000:00:01.3: [8086:7113] type 00 class 0x068000 conventional PCI endpoint
[    1.718483] pci 0000:00:01.3: quirk: [io  0x0600-0x063f] claimed by PIIX4 ACPI
[    1.719343] pci 0000:00:01.3: quirk: [io  0x0700-0x070f] claimed by PIIX4 SMB
[    1.720784] pci 0000:00:02.0: [1234:1111] type 00 class 0x030000 conventional PCI endpoint
[    1.723087] pci 0000:00:02.0: BAR 0 [mem 0xfd000000-0xfdffffff pref]
[    1.723978] pci 0000:00:02.0: BAR 2 [mem 0xfebf0000-0xfebf0fff]
[    1.724701] pci 0000:00:02.0: ROM [mem 0xfebe0000-0xfebeffff pref]
[    1.725905] pci 0000:00:02.0: Video device with shadowed ROM at [mem 0x000c0000-0x000dffff]
[    1.738508] pci 0000:00:03.0: [8086:100e] type 00 class 0x020000 conventional PCI endpoint
[    1.740585] pci 0000:00:03.0: BAR 0 [mem 0xfebc0000-0xfebdffff]
[    1.741431] pci 0000:00:03.0: BAR 1 [io  0xc000-0xc03f]
[    1.742088] pci 0000:00:03.0: ROM [mem 0xfeb80000-0xfebbffff pref]
[    1.768473] ACPI: PCI: Interrupt link LNKA configured for IRQ 10
[    1.770515] ACPI: PCI: Interrupt link LNKB configured for IRQ 10
[    1.772343] ACPI: PCI: Interrupt link LNKC configured for IRQ 11
[    1.774128] ACPI: PCI: Interrupt link LNKD configured for IRQ 11
[    1.774807] ACPI: PCI: Interrupt link LNKS configured for IRQ 9
[    1.780284] iommu: Default domain type: Translated
[    1.780889] iommu: DMA domain TLB invalidation policy: lazy mode
[    1.786579] SCSI subsystem initialized
[    1.787951] ACPI: bus type USB registered
[    1.788760] usbcore: registered new interface driver usbfs
[    1.789536] usbcore: registered new interface driver hub
[    1.790246] usbcore: registered new device driver usb
[    1.790924] pps_core: LinuxPPS API ver. 1 registered
[    1.791516] pps_core: Software ver. 5.3.6 - Copyright 2005-2007 Rodolfo Giometti <giometti@linux.it>
[    1.792601] PTP clock support registered
[    1.793811] EDAC MC: Ver: 3.0.0
[    1.799440] NetLabel: Initializing
[    1.799873] NetLabel:  domain hash size = 128
[    1.800385] NetLabel:  protocols = UNLABELED CIPSOv4 CALIPSO
[    1.801287] NetLabel:  unlabeled traffic allowed by default
[    1.802971] PCI: Using ACPI for IRQ routing
[    1.804092] pci 0000:00:02.0: vgaarb: setting as boot VGA device
[    1.804822] pci 0000:00:02.0: vgaarb: bridge control possible
[    1.805507] pci 0000:00:02.0: vgaarb: VGA device added: decodes=io+mem,owns=io+mem,locks=none
[    1.806308] vgaarb: loaded
[    1.807964] hpet0: at MMIO 0xfed00000, IRQs 2, 8, 0
[    1.808579] hpet0: 3 comparators, 64-bit 100.000000 MHz counter
[    1.812937] clocksource: Switched to clocksource kvm-clock
[    1.819562] VFS: Disk quotas dquot_6.6.0
[    1.821646] VFS: Dquot-cache hash table entries: 512 (order 0, 4096 bytes)
[    1.824256] pnp: PnP ACPI init
[    1.829487] pnp: PnP ACPI: found 6 devices
[    1.853434] clocksource: acpi_pm: mask: 0xffffff max_cycles: 0xffffff, max_idle_ns: 2085701024 ns
[    1.855138] NET: Registered PF_INET protocol family
[    1.856184] IP idents hash table entries: 32768 (order: 6, 262144 bytes, linear)
[    1.859596] tcp_listen_portaddr_hash hash table entries: 1024 (order: 4, 73728 bytes, linear)
[    1.860832] Table-perturb hash table entries: 65536 (order: 6, 262144 bytes, linear)
[    1.861981] TCP established hash table entries: 16384 (order: 5, 131072 bytes, linear)
[    1.863564] TCP bind hash table entries: 16384 (order: 9, 2359296 bytes, linear)
[    1.868042] TCP: Hash tables configured (established 16384 bind 16384)
[    1.869263] UDP hash table entries: 1024 (order: 6, 262144 bytes, linear)
[    1.870345] UDP-Lite hash table entries: 1024 (order: 6, 262144 bytes, linear)
[    1.871936] NET: Registered PF_UNIX/PF_LOCAL protocol family
[    1.873960] RPC: Registered named UNIX socket transport module.
[    1.874691] RPC: Registered udp transport module.
[    1.875250] RPC: Registered tcp transport module.
[    1.875806] RPC: Registered tcp-with-tls transport module.
[    1.876457] RPC: Registered tcp NFSv4.1 backchannel transport module.
[    1.877290] pci_bus 0000:00: resource 4 [io  0x0000-0x0cf7 window]
[    1.878027] pci_bus 0000:00: resource 5 [io  0x0d00-0xffff window]
[    1.878756] pci_bus 0000:00: resource 6 [mem 0x000a0000-0x000bffff window]
[    1.879567] pci_bus 0000:00: resource 7 [mem 0x80000000-0xfebfffff window]
[    1.880388] pci_bus 0000:00: resource 8 [mem 0x100000000-0x17fffffff window]
[    1.881660] pci 0000:00:01.0: PIIX3: Enabling Passive Release
[    1.882363] pci 0000:00:00.0: Limiting direct PCI/PCI transfers
[    1.883191] PCI: CLS 0 bytes, default 64
[    1.884675] ACPI: bus type thunderbolt registered
[    1.885775] clocksource: tsc: mask: 0xffffffffffffffff max_cycles: 0x2b2c8ec87c7, max_idle_ns: 440795278598 ns
[    4.550767] Initialise system trusted keyrings
[    4.552839] Key type blacklist registered
[    4.554886] workingset: timestamp_bits=36 max_order=19 bucket_order=0
[    4.558121] squashfs: version 4.0 (2009/01/31) Phillip Lougher
[    4.563019] NFS: Registering the id_resolver key type
[    4.563565] Key type id_resolver registered
[    4.563984] Key type id_legacy registered
[    4.564440] nfs4filelayout_init: NFSv4 File Layout Driver Registering...
[    4.565146] nfs4flexfilelayout_init: NFSv4 Flexfile Layout Driver Registering...
[    4.566347] fuse: init (API version 7.42)
[    4.567668] SGI XFS with ACLs, security attributes, realtime, quota, no debug enabled
[    4.570591] 9p: Installing v9fs 9p2000 file system support
[    4.585717] Key type asymmetric registered
[    4.586162] Asymmetric key parser 'x509' registered
[    4.586906] Block layer SCSI generic (bsg) driver version 0.4 loaded (major 242)
[    4.588428] io scheduler mq-deadline registered
[    4.589360] io scheduler bfq registered
[    4.590897] ledtrig-cpu: registered to indicate activity on CPUs
[    4.592634] shpchp: Standard Hot Plug PCI Controller Driver version: 0.4
[    4.595060] IPMI message handler: version 39.2
[    4.595871] ipmi device interface
[    4.598996] input: Power Button as /devices/LNXSYSTM:00/LNXPWRBN:00/input/input0
[    4.600318] ACPI: button: Power Button [PWRF]
[    4.603139] ERST DBG: ERST support is disabled.
[    4.605867] Serial: 8250/16550 driver, 32 ports, IRQ sharing enabled
[    4.608266] 00:04: ttyS0 at I/O 0x3f8 (irq = 4, base_baud = 115200) is a 16550A
[    4.639150] Linux agpgart interface v0.103
[    4.642062] ACPI: bus type drm_connector registered
[    4.676852] brd: module loaded
[    4.692175] loop: module loaded
[    4.703906] scsi host0: ata_piix
[    4.706079] scsi host1: ata_piix
[    4.706819] ata1: PATA max MWDMA2 cmd 0x1f0 ctl 0x3f6 bmdma 0xc040 irq 14 lpm-pol 0
[    4.707540] ata2: PATA max MWDMA2 cmd 0x170 ctl 0x376 bmdma 0xc048 irq 15 lpm-pol 0
[    4.709485] Callback from call_rcu_tasks() invoked.
[    4.711258] tun: Universal TUN/TAP device driver, 1.6
[    4.712264] e100: Intel(R) PRO/100 Network Driver
[    4.712729] e100: Copyright(c) 1999-2006 Intel Corporation
[    4.713297] e1000: Intel(R) PRO/1000 Network Driver
[    4.713746] e1000: Copyright (c) 1999-2006 Intel Corporation.
[    4.865354] ata2: found unknown device (class 0)
[    4.869034] ata1: found unknown device (class 0)
[    4.873240] ata1.00: ATA-7: QEMU HARDDISK, 2.5+, max UDMA/100
[    4.874832] ata1.00: 17196647 sectors, multi 16: LBA48 
[    4.877448] ata2.00: ATAPI: QEMU DVD-ROM, 2.5+, max UDMA/100
[    4.882984] scsi 0:0:0:0: Direct-Access     ATA      QEMU HARDDISK    2.5+ PQ: 0 ANSI: 5
[    4.889478] sd 0:0:0:0: Attached scsi generic sg0 type 0
[    4.891136] sd 0:0:0:0: [sda] 17196647 512-byte logical blocks: (8.80 GB/8.20 GiB)
[    4.893173] sd 0:0:0:0: [sda] Write Protect is off
[    4.894351] scsi 1:0:0:0: CD-ROM            QEMU     QEMU DVD-ROM     2.5+ PQ: 0 ANSI: 5
[    4.894481] sd 0:0:0:0: [sda] Write cache: enabled, read cache: enabled, doesn't support DPO or FUA
[    4.897634] sd 0:0:0:0: [sda] Preferred minimum I/O size 512 bytes
[    4.939887] scsi 1:0:0:0: Attached scsi generic sg1 type 5
[    4.943895] sd 0:0:0:0: [sda] Attached SCSI disk
[    5.554958] ACPI: \_SB_.LNKC: Enabled at IRQ 11
[    5.873200] e1000 0000:00:03.0 eth0: (PCI:33MHz:32-bit) 52:54:00:12:34:56
[    5.873900] e1000 0000:00:03.0 eth0: Intel(R) PRO/1000 Network Connection
[    5.874666] e1000e: Intel(R) PRO/1000 Network Driver
[    5.875149] e1000e: Copyright(c) 1999 - 2015 Intel Corporation.
[    5.875846] igb: Intel(R) Gigabit Ethernet Network Driver
[    5.876391] igb: Copyright (c) 2007-2014 Intel Corporation.
[    5.877168] PPP generic driver version 2.4.2
[    5.879748] VFIO - User Level meta-driver version: 0.3
[    5.882114] usbcore: registered new interface driver uas
[    5.884985] usbcore: registered new interface driver usb-storage
[    5.889047] i8042: PNP: PS/2 Controller [PNP0303:KBD,PNP0f13:MOU] at 0x60,0x64 irq 1,12
[    5.893935] serio: i8042 KBD port at 0x60,0x64 irq 1
[    5.895025] serio: i8042 AUX port at 0x60,0x64 irq 12
[    5.896853] mousedev: PS/2 mouse device common for all mice
[    5.898405] rtc_cmos 00:05: RTC can wake from S4
[    5.900644] input: AT Translated Set 2 keyboard as /devices/platform/i8042/serio0/input/input1
[    5.903029] input: VirtualPS/2 VMware VMMouse as /devices/platform/i8042/serio1/input/input4
[    5.903618] rtc_cmos 00:05: registered as rtc0
[    5.904885] input: VirtualPS/2 VMware VMMouse as /devices/platform/i8042/serio1/input/input3
[    5.906252] rtc_cmos 00:05: setting system clock to 2025-03-12T19:56:52 UTC (1741809412)
[    5.911241] rtc_cmos 00:05: alarms up to one day, y3k, 242 bytes nvram, hpet irqs
[    5.913739] i2c_dev: i2c /dev entries driver
[    5.915149] device-mapper: core: CONFIG_IMA_DISABLE_HTABLE is disabled. Duplicate IMA measurements will not be recorded in the IMA log.
[    5.917678] device-mapper: uevent: version 1.0.3
[    5.919299] device-mapper: ioctl: 4.49.0-ioctl (2025-01-17) initialised: dm-devel@lists.linux.dev
[    5.920912] intel_pstate: CPU model not supported
[    5.922178] sdhci: Secure Digital Host Controller Interface driver
[    5.923259] sdhci: Copyright(c) Pierre Ossman
[    5.924288] sdhci-pltfm: SDHCI platform and OF driver helper
[    5.926225] drop_monitor: Initializing network drop monitor service
[    5.928108] NET: Registered PF_INET6 protocol family
[    5.959771] Segment Routing with IPv6
[    5.960243] In-situ OAM (IOAM) with IPv6
[    5.960715] NET: Registered PF_PACKET protocol family
[    5.961724] 9pnet: Installing 9P2000 support
[    5.962234] Key type dns_resolver registered
[    5.964849] IPI shorthand broadcast: enabled
[    6.006102] sched_clock: Marking stable (5984007621, 20559584)->(6033008450, -28441245)
[    6.008069] registered taskstats version 1
[    6.009259] Loading compiled-in X.509 certificates
[    6.055865] Demotion targets for Node 0: null
[    6.059131] Key type .fscrypt registered
[    6.061132] Key type fscrypt-provisioning registered
[    6.068443] Key type encrypted registered
[    6.068973] ima: No TPM chip found, activating TPM-bypass!
[    6.069522] ima: Allocated hash algorithm: sha1
[    6.070065] ima: No architecture policies found
[    6.070737] evm: Initialising EVM extended attributes:
[    6.071265] evm: security.selinux
[    6.071609] evm: security.SMACK64
[    6.071960] evm: security.SMACK64EXEC
[    6.072341] evm: security.SMACK64TRANSMUTE
[    6.072783] evm: security.SMACK64MMAP
[    6.073160] evm: security.apparmor
[    6.073513] evm: security.ima
[    6.073825] evm: security.capability
[    6.074196] evm: HMAC attrs: 0x1
[    6.077285] PM:   Magic number: 1:789:950
[    6.077795] tty tty7: hash matches
[    6.078244] memory memory3: hash matches
[    6.080842] RAS: Correctable Errors collector initialized.
[    6.081649] clk: Disabling unused clocks
[    6.082365] PM: genpd: Disabling unused power domains
[    6.084094] md: Waiting for all devices to be available before autodetect
[    6.084560] md: If you don't use raid, use raid=noautodetect
[    6.084963] md: Autodetecting RAID arrays.
[    6.085245] md: autorun ...
[    6.085436] md: ... autorun DONE.
[    6.098256] EXT4-fs (sda): mounted filesystem 088740a9-c8b4-422c-999d-a804eb68a4da ro with ordered data mode. Quota mode: none.
[    6.099098] VFS: Mounted root (ext4 filesystem) readonly on device 8:0.
[    6.104224] devtmpfs: mounted
[    6.131995] Freeing unused decrypted memory: 2028K
[    6.143217] Freeing unused kernel image (initmem) memory: 15828K
[    6.143886] Write protecting the kernel read-only data: 96256k
[    6.146393] Freeing unused kernel image (text/rodata gap) memory: 124K
[    6.147403] Freeing unused kernel image (rodata/data gap) memory: 332K
[    6.243253] x86/mm: Checked W+X mappings: passed, no W+X pages found.
[    6.243809] Run /sbin/init as init process
[    6.429648] systemd[1]: systemd 252-15.el9 running in system mode (+PAM +AUDIT +SELINUX -APPARMOR +IMA +SMACK +SECCOMP +GCRYPT +GNUTLS +OPENSSL +ACL +BLKID +CURL +ELFUTILS -FIDO2 +IDN2 -IDN -IPTC +KMOD +LIBCRYPTSETUP +LIBFDISK +PCRE2 -PWQUALITY +P11KIT -QRENCODE +TPM2 +BZIP2 +LZ4 +XZ +ZLIB +ZSTD -BPF_FRAMEWORK +XKBCOMMON +UTMP +SYSVINIT default-hierarchy=unified)
[    6.431616] systemd[1]: Detected virtualization kvm.
[    6.431967] systemd[1]: Detected architecture x86-64.

Welcome to [0;31mCentOS Stream 9[0m!

[    6.439145] systemd[1]: Hostname set to <test>.
[    6.645555] systemd-rc-local-generator[125]: /etc/rc.d/rc.local is not marked executable, skipping.
[    7.110075] systemd[1]: Queued start job for default target Multi-User System.
[    7.132117] systemd[1]: Created slice Virtual Machine and Container Slice.
[[0;32m  OK  [0m] Created slice [0;1;39mVirtual Machine and Container Slice[0m.
[    7.138566] systemd[1]: Created slice Slice /system/getty.
[[0;32m  OK  [0m] Created slice [0;1;39mSlice /system/getty[0m.
[    7.142119] systemd[1]: Created slice Slice /system/modprobe.
[[0;32m  OK  [0m] Created slice [0;1;39mSlice /system/modprobe[0m.
[    7.145697] systemd[1]: Created slice Slice /system/serial-getty.
[[0;32m  OK  [0m] Created slice [0;1;39mSlice /system/serial-getty[0m.
[    7.149099] systemd[1]: Created slice Slice /system/sshd-keygen.
[[0;32m  OK  [0m] Created slice [0;1;39mSlice /system/sshd-keygen[0m.
[    7.152366] systemd[1]: Created slice User and Session Slice.
[[0;32m  OK  [0m] Created slice [0;1;39mUser and Session Slice[0m.
[    7.154186] systemd[1]: Started Forward Password Requests to Wall Directory Watch.
[[0;32m  OK  [0m] Started [0;1;39mForward Password R…uests to Wall Directory Watch[0m.
[    7.157285] systemd[1]: Set up automount Arbitrary Executable File Formats File System Automount Point.
[[0;32m  OK  [0m] Set up automount [0;1;39mArbitrary…s File System Automount Point[0m.
[    7.159024] systemd[1]: Reached target Local Integrity Protected Volumes.
[[0;32m  OK  [0m] Reached target [0;1;39mLocal Integrity Protected Volumes[0m.
[    7.160402] systemd[1]: Reached target Slice Units.
[[0;32m  OK  [0m] Reached target [0;1;39mSlice Units[0m.
[    7.161614] systemd[1]: Reached target Swaps.
[[0;32m  OK  [0m] Reached target [0;1;39mSwaps[0m.
[    7.162588] systemd[1]: Reached target Local Verity Protected Volumes.
[[0;32m  OK  [0m] Reached target [0;1;39mLocal Verity Protected Volumes[0m.
[    7.164375] systemd[1]: Listening on Device-mapper event daemon FIFOs.
[[0;32m  OK  [0m] Listening on [0;1;39mDevice-mapper event daemon FIFOs[0m.
[    7.166587] systemd[1]: Listening on LVM2 poll daemon socket.
[[0;32m  OK  [0m] Listening on [0;1;39mLVM2 poll daemon socket[0m.
[    7.167997] systemd[1]: multipathd control socket was skipped because of an unmet condition check (ConditionPathExists=/etc/multipath.conf).
[    7.242384] systemd[1]: Listening on RPCbind Server Activation Socket.
[[0;32m  OK  [0m] Listening on [0;1;39mRPCbind Server Activation Socket[0m.
[    7.243948] systemd[1]: Reached target RPC Port Mapper.
[[0;32m  OK  [0m] Reached target [0;1;39mRPC Port Mapper[0m.
[    7.248624] systemd[1]: Listening on Process Core Dump Socket.
[[0;32m  OK  [0m] Listening on [0;1;39mProcess Core Dump Socket[0m.
[    7.250318] systemd[1]: Listening on initctl Compatibility Named Pipe.
[[0;32m  OK  [0m] Listening on [0;1;39minitctl Compatibility Named Pipe[0m.
[    7.252440] systemd[1]: Listening on Journal Socket (/dev/log).
[[0;32m  OK  [0m] Listening on [0;1;39mJournal Socket (/dev/log)[0m.
[    7.254440] systemd[1]: Listening on Journal Socket.
[[0;32m  OK  [0m] Listening on [0;1;39mJournal Socket[0m.
[    7.256810] systemd[1]: Listening on udev Control Socket.
[[0;32m  OK  [0m] Listening on [0;1;39mudev Control Socket[0m.
[    7.258484] systemd[1]: Listening on udev Kernel Socket.
[[0;32m  OK  [0m] Listening on [0;1;39mudev Kernel Socket[0m.
[    7.266712] systemd[1]: Mounting Huge Pages File System...
         Mounting [0;1;39mHuge Pages File System[0m...
[    7.280751] systemd[1]: Mounting POSIX Message Queue File System...
         Mounting [0;1;39mPOSIX Message Queue File System[0m...
[    7.290949] systemd[1]: Mounting Kernel Debug File System...
         Mounting [0;1;39mKernel Debug File System[0m...
[    7.301265] systemd[1]: Mounting Kernel Trace File System...
         Mounting [0;1;39mKernel Trace File System[0m...
[    7.304178] systemd[1]: Kernel Module supporting RPCSEC_GSS was skipped because of an unmet condition check (ConditionPathExists=/etc/krb5.keytab).
[    7.306271] systemd[1]: Create List of Static Device Nodes was skipped because of an unmet condition check (ConditionFileNotEmpty=/lib/modules/6.14.0-rc6-7518015ee220+/modules.devname).
[    7.314512] systemd[1]: Starting Monitoring of LVM2 mirrors, snapshots etc. using dmeventd or progress polling...
         Starting [0;1;39mMonitoring of LVM…meventd or progress polling[0m...
[    7.327067] systemd[1]: Starting Load Kernel Module configfs...
         Starting [0;1;39mLoad Kernel Module configfs[0m...
[    7.341661] systemd[1]: Starting Load Kernel Module drm...
         Starting [0;1;39mLoad Kernel Module drm[0m...
[    7.350773] systemd[1]: Starting Load Kernel Module fuse...
         Starting [0;1;39mLoad Kernel Module fuse[0m...
[    7.385569] systemd[1]: Starting Read and set NIS domainname from /etc/sysconfig/network...
         Starting [0;1;39mRead and set NIS …from /etc/sysconfig/network[0m...
[    7.405730] systemd[1]: Starting Journal Service...
         Starting [0;1;39mJournal Service[0m...
[    7.429150] systemd[1]: Starting Load Kernel Modules...
         Starting [0;1;39mLoad Kernel Modules[0m...
[    7.453717] systemd[1]: Starting Generate network units from Kernel command line...
         Starting [0;1;39mGenerate network …ts from Kernel command line[0m...
[    7.474985] systemd[1]: Starting Remount Root and Kernel File Systems...
         Starting [0;1;39mRemount Root and Kernel File Systems[0m...
[    7.481628] systemd[1]: Repartition Root Disk was skipped because no trigger condition checks were met.
[    7.517491] systemd[1]: Starting Coldplug All udev Devices...
         Starting [0;1;39mColdplug All udev Devices[0m...
[    7.546504] systemd[1]: Mounted Huge Pages File System.
[[0;32m  OK  [0m] Mounted [0;1;39mHuge Pages File System[0m.
[    7.553529] systemd[1]: Mounted POSIX Message Queue File System.
[[0;32m  OK  [0m] Mounted [0;1;39mPOSIX Message Queue File System[0m.
[    7.557460] systemd[1]: Mounted Kernel Debug File System.
[[0;32m  OK  [0m] Mounted [0;1;39mKernel Debug File System[0m.
[    7.559276] systemd[1]: Mounted Kernel Trace File System.
[[0;32m  OK  [0m] Mounted [0;1;39mKernel Trace File System[0m.
[    7.567837] systemd[1]: Finished Monitoring of LVM2 mirrors, snapshots etc. using dmeventd or progress polling.
[[0;32m  OK  [0m] Finished [0;1;39mMonitoring of LVM… dmeventd or progress polling[0m.
[    7.576441] systemd[1]: modprobe@configfs.service: Deactivated successfully.
[    7.580232] systemd[1]: Finished Load Kernel Module configfs.
[[0;32m  OK  [0m] Finished [0;1;39mLoad Kernel Module configfs[0m.
[    7.585434] systemd[1]: modprobe@drm.service: Deactivated successfully.
[    7.586505] EXT4-fs (sda): re-mounted 088740a9-c8b4-422c-999d-a804eb68a4da r/w. Quota mode: none.
[    7.593225] systemd[1]: Finished Load Kernel Module drm.
[[0;32m  OK  [0m] Finished [0;1;39mLoad Kernel Module drm[0m.
[    7.600250] systemd[1]: modprobe@fuse.service: Deactivated successfully.
[    7.613882] systemd[1]: Finished Load Kernel Module fuse.
[[0;32m  OK  [0m] Finished [0;1;39mLoad Kernel Module fuse[0m.
[    7.617712] systemd[1]: Finished Read and set NIS domainname from /etc/sysconfig/network.
[[0;32m  OK  [0m] Finished [0;1;39mRead and set NIS …e from /etc/sysconfig/network[0m.
[    7.625352] systemd[1]: systemd-modules-load.service: Main process exited, code=exited, status=1/FAILURE
[    7.626841] systemd[1]: systemd-modules-load.service: Failed with result 'exit-code'.
[    7.628459] systemd[1]: Failed to start Load Kernel Modules.
[[0;1;31mFAILED[0m] Failed to start [0;1;39mLoad Kernel Modules[0m.
See 'systemctl status systemd-modules-load.service' for details.
[    7.639059] systemd[1]: Finished Generate network units from Kernel command line.
[[0;32m  OK  [0m] Finished [0;1;39mGenerate network units from Kernel command line[0m.
[    7.647241] systemd[1]: Finished Remount Root and Kernel File Systems.
[[0;32m  OK  [0m] Finished [0;1;39mRemount Root and Kernel File Systems[0m.
[    7.650071] systemd[1]: Reached target Preparation for Network.
[[0;32m  OK  [0m] Reached target [0;1;39mPreparation for Network[0m.
[    7.677061] systemd[1]: Mounting FUSE Control File System...
         Mounting [0;1;39mFUSE Control File System[0m...
[    7.701598] systemd[1]: Mounting Kernel Configuration File System...
         Mounting [0;1;39mKernel Configuration File System[0m...
[    7.705078] systemd[1]: Special handling of early boot iSCSI sessions was skipped because of an unmet condition check (ConditionDirectoryNotEmpty=/sys/class/iscsi_session).
[    7.706286] systemd[1]: First Boot Wizard was skipped because of an unmet condition check (ConditionFirstBoot=yes).
[    7.713129] systemd[1]: Rebuild Hardware Database was skipped because of an unmet condition check (ConditionNeedsUpdate=/etc).
[    7.774271] systemd[1]: Starting Load/Save Random Seed...
         Starting [0;1;39mLoad/Save Random Seed[0m...
[    7.797442] systemd[1]: Starting Apply Kernel Variables...
         Starting [0;1;39mApply Kernel Variables[0m...
[    7.801459] systemd[1]: Create System Users was skipped because no trigger condition checks were met.
[    7.837766] systemd[1]: Starting Create Static Device Nodes in /dev...
         Starting [0;1;39mCreate Static Device Nodes in /dev[0m...
[    7.896897] systemd[1]: Starting Setup Virtual Console...
         Starting [0;1;39mSetup Virtual Console[0m...
[    7.915804] systemd[1]: Started Journal Service.
[[0;32m  OK  [0m] Started [0;1;39mJournal Service[0m.
[[0;32m  OK  [0m] Mounted [0;1;39mFUSE Control File System[0m.
[[0;32m  OK  [0m] Mounted [0;1;39mKernel Configuration File System[0m.
[[0;32m  OK  [0m] Finished [0;1;39mLoad/Save Random Seed[0m.
         Starting [0;1;39mFlush Journal to Persistent Storage[0m...
[[0;32m  OK  [0m] Finished [0;1;39mApply Kernel Variables[0m.
[[0;32m  OK  [0m] Finished [0;1;39mCreate Static Device Nodes in /dev[0m.
         Starting [0;1;39mRule-based Manage…for Device Events and Files[0m...
[    8.065885] systemd-journald[147]: Received client request to flush runtime journal.
[[0;32m  OK  [0m] Finished [0;1;39mFlush Journal to Persistent Storage[0m.
[[0;32m  OK  [0m] Started [0;1;39mRule-based Manager for Device Events and Files[0m.
         Starting [0;1;39mAuto-connect to s…E devices found during boot[0m...
[[0;32m  OK  [0m] Finished [0;1;39mAuto-connect to s…VME devices found during boot[0m.
[[0;32m  OK  [0m] Finished [0;1;39mColdplug All udev Devices[0m.
         Starting [0;1;39mWait for udev To …plete Device Initialization[0m...
[[0;32m  OK  [0m] Finished [0;1;39mSetup Virtual Console[0m.
[[0;32m  OK  [0m] Started [0;1;39mDispatch Password …ts to Console Directory Watch[0m.
[[0;32m  OK  [0m] Reached target [0;1;39mLocal Encrypted Volumes[0m.
[[0;32m  OK  [0m] Reached target [0;1;39mPath Units[0m.
[[0;32m  OK  [0m] Found device [0;1;39m/dev/ttyS0[0m.
[[0;32m  OK  [0m] Listening on [0;1;39mLoad/Save RF …itch Status /dev/rfkill Watch[0m.
[[0;32m  OK  [0m] Finished [0;1;39mWait for udev To Complete Device Initialization[0m.
[[0;32m  OK  [0m] Reached target [0;1;39mPreparation for Local File Systems[0m.
[[0;32m  OK  [0m] Reached target [0;1;39mLocal File Systems[0m.
         Starting [0;1;39mTell Plymouth To Write Out Runtime Data[0m...
         Starting [0;1;39mAutomatic Boot Loader Update[0m...
         Starting [0;1;39mCreate Volatile Files and Directories[0m...
[[0;32m  OK  [0m] Finished [0;1;39mTell Plymouth To Write Out Runtime Data[0m.
[[0;32m  OK  [0m] Finished [0;1;39mAutomatic Boot Loader Update[0m.
[[0;32m  OK  [0m] Finished [0;1;39mCreate Volatile Files and Directories[0m.
         Mounting [0;1;39mRPC Pipe File System[0m...
         Starting [0;1;39mSecurity Auditing Service[0m...
         Starting [0;1;39mRPC Bind[0m...
[[0;32m  OK  [0m] Mounted [0;1;39mRPC Pipe File System[0m.
[[0;32m  OK  [0m] Reached target [0;1;39mrpc_pipefs.target[0m.
[[0;32m  OK  [0m] Started [0;1;39mRPC Bind[0m.
[[0;32m  OK  [0m] Started [0;1;39mSecurity Auditing Service[0m.
         Starting [0;1;39mRecord System Boot/Shutdown in UTMP[0m...
[[0;32m  OK  [0m] Finished [0;1;39mRecord System Boot/Shutdown in UTMP[0m.
[[0;32m  OK  [0m] Reached target [0;1;39mSystem Initialization[0m.
[[0;32m  OK  [0m] Started [0;1;39mDaily rotation of log files[0m.
[[0;32m  OK  [0m] Started [0;1;39mUpdates mlocate database every day[0m.
[[0;32m  OK  [0m] Started [0;1;39mDaily Cleanup of Temporary Directories[0m.
[[0;32m  OK  [0m] Started [0;1;39mdaily update of the root trust anchor for DNSSEC[0m.
[[0;32m  OK  [0m] Reached target [0;1;39mTimer Units[0m.
[[0;32m  OK  [0m] Listening on [0;1;39mD-Bus System Message Bus Socket[0m.
[[0;32m  OK  [0m] Listening on [0;1;39mOpen-iSCSI iscsid Socket[0m.
[[0;32m  OK  [0m] Listening on [0;1;39mOpen-iSCSI iscsiuio Socket[0m.
[[0;32m  OK  [0m] Listening on [0;1;39mSSSD Kerberos…ache Manager responder socket[0m.
[[0;32m  OK  [0m] Listening on [0;1;39mLibvirt interface local socket[0m.
[[0;32m  OK  [0m] Listening on [0;1;39mVirtual machine lock manager socket[0m.
[[0;32m  OK  [0m] Listening on [0;1;39mVirtual machine log manager socket[0m.
[[0;32m  OK  [0m] Listening on [0;1;39mLibvirt network local socket[0m.
[[0;32m  OK  [0m] Listening on [0;1;39mLibvirt nodedev local socket[0m.
[[0;32m  OK  [0m] Listening on [0;1;39mLibvirt nwfilter local socket[0m.
[[0;32m  OK  [0m] Listening on [0;1;39mLibvirt proxy local socket[0m.
[[0;32m  OK  [0m] Listening on [0;1;39mLibvirt qemu local socket[0m.
[[0;32m  OK  [0m] Listening on [0;1;39mLibvirt qemu admin socket[0m.
[[0;32m  OK  [0m] Listening on [0;1;39mLibvirt qemu local read-only socket[0m.
[[0;32m  OK  [0m] Listening on [0;1;39mLibvirt secret local socket[0m.
[[0;32m  OK  [0m] Listening on [0;1;39mLibvirt storage local socket[0m.
[[0;32m  OK  [0m] Reached target [0;1;39mSocket Units[0m.
         Starting [0;1;39mD-Bus System Message Bus[0m...
[[0;32m  OK  [0m] Started [0;1;39mD-Bus System Message Bus[0m.
[[0;32m  OK  [0m] Reached target [0;1;39mBasic System[0m.
         Starting [0;1;39mNetwork Manager[0m...
         Starting [0;1;39mNTP client/server[0m...
         Starting [0;1;39mRestore /run/initramfs on shutdown[0m...
[[0;32m  OK  [0m] Started [0;1;39mirqbalance daemon[0m.
[[0;32m  OK  [0m] Started [0;1;39mlibstoragemgmt plug-in server daemon[0m.
[[0;32m  OK  [0m] Started [0;1;39mMachine Check Exception Logging Daemon[0m.
[[0;32m  OK  [0m] Reached target [0;1;39msshd-keygen.target[0m.
[[0;32m  OK  [0m] Reached target [0;1;39mUser and Group Name Lookups[0m.
         Starting [0;1;39mUser Login Management[0m...
         Starting [0;1;39mVirtual Machine a…tainer Registration Service[0m...
         Starting [0;1;39mupdate of the roo…NSSEC validation in unbound[0m...
         Starting [0;1;39mRotate log files[0m...
[[0;32m  OK  [0m] Started [0;1;39mUpdate a database for mlocate[0m.
[[0;32m  OK  [0m] Finished [0;1;39mRestore /run/initramfs on shutdown[0m.
[[0;32m  OK  [0m] Started [0;1;39mVirtual Machine an…ontainer Registration Service[0m.
[[0;32m  OK  [0m] Started [0;1;39mNTP client/server[0m.
         Starting [0;1;39mHostname Service[0m...
[[0;32m  OK  [0m] Finished [0;1;39mupdate of the roo… DNSSEC validation in unbound[0m.
[[0;32m  OK  [0m] Started [0;1;39mUser Login Management[0m.
[[0;32m  OK  [0m] Finished [0;1;39mRotate log files[0m.
[[0;32m  OK  [0m] Started [0;1;39mHostname Service[0m.
         Starting [0;1;39mNetwork Manager Script Dispatcher Service[0m...
[[0;32m  OK  [0m] Started [0;1;39mNetwork Manager Script Dispatcher Service[0m.
[   12.580981] e1000: eth0 NIC Link is Up 1000 Mbps Full Duplex, Flow Control: RX
[[0;32m  OK  [0m] Started [0;1;39mNetwork Manager[0m.
[[0;32m  OK  [0m] Reached target [0;1;39mNetwork[0m.
[[0;32m  OK  [0m] Reached target [0;1;39mNetwork is Online[0m.
         Starting [0;1;39mGSSAPI Proxy Daemon[0m...
         Starting [0;1;39mNotify NFS peers of a restart[0m...
         Starting [0;1;39mSystem Logging Service[0m...
         Starting [0;1;39mOpenSSH server daemon[0m...
         Starting [0;1;39mDynamic System Tuning Daemon[0m...
[[0;32m  OK  [0m] Started [0;1;39mNotify NFS peers of a restart[0m.
[[0;32m  OK  [0m] Started [0;1;39mGSSAPI Proxy Daemon[0m.
[[0;32m  OK  [0m] Reached target [0;1;39mNFS client services[0m.
[[0;32m  OK  [0m] Reached target [0;1;39mPreparation for Remote File Systems[0m.
[[0;32m  OK  [0m] Reached target [0;1;39mRemote File Systems[0m.
         Starting [0;1;39mPermit User Sessions[0m...
         Starting [0;1;39mVirtualization qemu daemon[0m...
[[0;32m  OK  [0m] Started [0;1;39mOpenSSH server daemon[0m.
[[0;32m  OK  [0m] Started [0;1;39mSystem Logging Service[0m.
[[0;32m  OK  [0m] Finished [0;1;39mPermit User Sessions[0m.
[[0;32m  OK  [0m] Started [0;1;39mDeferred execution scheduler[0m.
[[0;32m  OK  [0m] Started [0;1;39mCommand Scheduler[0m.
         Starting [0;1;39mHold until boot process finishes up[0m...
         Starting [0;1;39mTerminate Plymouth Boot Screen[0m...
[[0;32m  OK  [0m] Started [0;1;39mVirtualization qemu daemon[0m.
[[0;32m  OK  [0m] Finished [0;1;39mHold until boot process finishes up[0m.
[[0;32m  OK  [0m] Started [0;1;39mGetty on tty1[0m.
[[0;32m  OK  [0m] Started [0;1;39mSerial Getty on ttyS0[0m.
[[0;32m  OK  [0m] Reached target [0;1;39mLogin Prompts[0m.
[[0;32m  OK  [0m] Finished [0;1;39mTerminate Plymouth Boot Screen[0m.
         Starting [0;1;39mAuthorization Manager[0m...
[[0;32m  OK  [0m] Started [0;1;39mAuthorization Manager[0m.
[[0;32m  OK  [0m] Started [0;1;39mDynamic System Tuning Daemon[0m.
[[0;32m  OK  [0m] Reached target [0;1;39mMulti-User System[0m.
         Starting [0;1;39mRecord Runlevel Change in UTMP[0m...
[[0;32m  OK  [0m] Finished [0;1;39mRecord Runlevel Change in UTMP[0m.

CentOS Stream 9
Kernel 6.14.0-rc6-7518015ee220+ on an x86_64

Activate the web console with: systemctl enable --now cockpit.socket

test login: 