[2J[01;01H[=3h[2J[01;01H[2J[01;01H[=3h[2J[01;01H[2J[01;01H[=3h[2J[01;01H[0m[35m[40m[    0.000000] Linux version 6.13.0-rc1-2024-12-02-intel-next+ (root@localhost.localdomain) (gcc (GCC) 11.5.0 20240719 (Red Hat 11.5.0-2), GNU ld version 2.35.2-54.el9) #1 SMP PREEMPT_DYNAMIC Tue Dec  3 14:19:11 CST 2024
[    0.000000] ********************************************************************************************
[    0.000000] * WARNING: Project Intel Next sources and binaries include Intel Confidential information. *
[    0.000000] *          For use by Intel Employees only; do not distribute externally.                  *
[    0.000000] ********************************************************************************************
[    0.000000] Command line: console=ttyS0 root=/dev/sda earlyprintk=serial net.ifnames=0
[    0.000000] KERNEL supported cpus:
[    0.000000]   Intel GenuineIntel
[    0.000000]   AMD AuthenticAMD
[    0.000000]   Hygon HygonGenuine
[    0.000000]   Centaur CentaurHauls
[    0.000000]   zhaoxin   Shanghai  
[    0.000000] BIOS-provided physical RAM map:
[    0.000000] BIOS-e820: [mem 0x0000000000000000-0x000000000009ffff] usable
[    0.000000] BIOS-e820: [mem 0x0000000000100000-0x00000000007fffff] usable
[    0.000000] BIOS-e820: [mem 0x0000000000800000-0x0000000000807fff] ACPI NVS
[    0.000000] BIOS-e820: [mem 0x0000000000808000-0x000000000080ffff] usable
[    0.000000] BIOS-e820: [mem 0x0000000000810000-0x00000000008fffff] ACPI NVS
[    0.000000] BIOS-e820: [mem 0x0000000000900000-0x000000007e80ffff] usable
[    0.000000] BIOS-e820: [mem 0x000000007e810000-0x000000007e810fff] ACPI data
[    0.000000] BIOS-e820: [mem 0x000000007e811000-0x000000007e8b7fff] usable
[    0.000000] BIOS-e820: [mem 0x000000007e8b8000-0x000000007e8c5fff] ACPI NVS
[    0.000000] BIOS-e820: [mem 0x000000007e8c6000-0x000000007e8defff] reserved
[    0.000000] BIOS-e820: [mem 0x000000007e8df000-0x000000007e9edfff] usable
[    0.000000] BIOS-e820: [mem 0x000000007e9ee000-0x000000007eb1afff] reserved
[    0.000000] BIOS-e820: [mem 0x000000007eb1b000-0x000000007fb9afff] usable
[    0.000000] BIOS-e820: [mem 0x000000007fb9b000-0x000000007fbf2fff] reserved
[    0.000000] BIOS-e820: [mem 0x000000007fbf3000-0x000000007fbfafff] ACPI data
[    0.000000] BIOS-e820: [mem 0x000000007fbfb000-0x000000007fbfefff] ACPI NVS
[    0.000000] BIOS-e820: [mem 0x000000007fbff000-0x000000007ff57fff] usable
[    0.000000] BIOS-e820: [mem 0x000000007ff58000-0x000000007ff77fff] reserved
[    0.000000] BIOS-e820: [mem 0x000000007ff78000-0x000000007fffffff] ACPI NVS
[    0.000000] printk: legacy bootconsole [earlyser0] enabled
[    0.000000] NX (Execute Disable) protection: active
[    0.000000] APIC: Static calls initialized
[    0.000000] extended physical RAM map:
[    0.000000] reserve setup_data: [mem 0x0000000000000000-0x000000000009ffff] usable
[    0.000000] reserve setup_data: [mem 0x0000000000100000-0x00000000007fffff] usable
[    0.000000] reserve setup_data: [mem 0x0000000000800000-0x0000000000807fff] ACPI NVS
[    0.000000] reserve setup_data: [mem 0x0000000000808000-0x000000000080ffff] usable
[    0.000000] reserve setup_data: [mem 0x0000000000810000-0x00000000008fffff] ACPI NVS
[    0.000000] reserve setup_data: [mem 0x0000000000900000-0x000000007e7e8017] usable
[    0.000000] reserve setup_data: [mem 0x000000007e7e8018-0x000000007e80f457] usable
[    0.000000] reserve setup_data: [mem 0x000000007e80f458-0x000000007e80ffff] usable
[    0.000000] reserve setup_data: [mem 0x000000007e810000-0x000000007e810fff] ACPI data
[    0.000000] reserve setup_data: [mem 0x000000007e811000-0x000000007e8b7fff] usable
[    0.000000] reserve setup_data: [mem 0x000000007e8b8000-0x000000007e8c5fff] ACPI NVS
[    0.000000] reserve setup_data: [mem 0x000000007e8c6000-0x000000007e8defff] reserved
[    0.000000] reserve setup_data: [mem 0x000000007e8df000-0x000000007e9edfff] usable
[    0.000000] reserve setup_data: [mem 0x000000007e9ee000-0x000000007eb1afff] reserved
[    0.000000] reserve setup_data: [mem 0x000000007eb1b000-0x000000007fb9afff] usable
[    0.000000] reserve setup_data: [mem 0x000000007fb9b000-0x000000007fbf2fff] reserved
[    0.000000] reserve setup_data: [mem 0x000000007fbf3000-0x000000007fbfafff] ACPI data
[    0.000000] reserve setup_data: [mem 0x000000007fbfb000-0x000000007fbfefff] ACPI NVS
[    0.000000] reserve setup_data: [mem 0x000000007fbff000-0x000000007ff57fff] usable
[    0.000000] reserve setup_data: [mem 0x000000007ff58000-0x000000007ff77fff] reserved
[    0.000000] reserve setup_data: [mem 0x000000007ff78000-0x000000007fffffff] ACPI NVS
[    0.000000] efi: EFI v2.7 by EDK II
[    0.000000] efi: SMBIOS=0x7fbcc000 ACPI=0x7fbfa000 ACPI 2.0=0x7fbfa014 MEMATTR=0x7ee92698 
[    0.000000] SMBIOS 2.8 present.
[    0.000000] DMI: QEMU Standard PC (i440FX + PIIX, 1996), BIOS 0.0.0 02/06/2015
[    0.000000] DMI: Memory slots populated: 1/1
[    0.000000] Hypervisor detected: KVM
[    0.000000] kvm-clock: Using msrs 4b564d01 and 4b564d00
[    0.000004] kvm-clock: using sched offset of 2874013811 cycles
[    0.000815] clocksource: kvm-clock: mask: 0xffffffffffffffff max_cycles: 0x1cd42e4dffb, max_idle_ns: 881590591483 ns
[    0.003334] tsc: Detected 2095.076 MHz processor
[    0.004242] last_pfn = 0x7ff58 max_arch_pfn = 0x400000000
[    0.005121] MTRR map: 4 entries (2 fixed + 2 variable; max 18), built from 8 variable MTRRs
[    0.006406] x86/PAT: Configuration [0-7]: WB  WC  UC- UC  WB  WP  UC- WT  
[    0.027375] Using GB pages for direct mapping
[    0.047692] Secure boot disabled
[    0.048211] ACPI: Early table checksum verification disabled
[    0.049121] ACPI: RSDP 0x000000007FBFA014 000024 (v02 BOCHS )
[    0.050046] ACPI: XSDT 0x000000007FBF90E8 000044 (v01 BOCHS  BXPC     00000001      01000013)
[    0.051423] ACPI: FACP 0x000000007FBF6000 000074 (v01 BOCHS  BXPC     00000001 BXPC 00000001)
[    0.052793] ACPI: DSDT 0x000000007FBF7000 00176F (v01 BOCHS  BXPC     00000001 BXPC 00000001)
[    0.054163] ACPI: FACS 0x000000007FBFD000 000040
[    0.054920] ACPI: APIC 0x000000007FBF5000 000078 (v01 BOCHS  BXPC     00000001 BXPC 00000001)
[    0.056287] ACPI: HPET 0x000000007FBF4000 000038 (v01 BOCHS  BXPC     00000001 BXPC 00000001)
[    0.057650] ACPI: WAET 0x000000007FBF3000 000028 (v01 BOCHS  BXPC     00000001 BXPC 00000001)
[    0.058994] ACPI: Reserving FACP table memory at [mem 0x7fbf6000-0x7fbf6073]
[    0.060095] ACPI: Reserving DSDT table memory at [mem 0x7fbf7000-0x7fbf876e]
[    0.061206] ACPI: Reserving FACS table memory at [mem 0x7fbfd000-0x7fbfd03f]
[    0.062319] ACPI: Reserving APIC table memory at [mem 0x7fbf5000-0x7fbf5077]
[    0.063430] ACPI: Reserving HPET table memory at [mem 0x7fbf4000-0x7fbf4037]
[    0.064538] ACPI: Reserving WAET table memory at [mem 0x7fbf3000-0x7fbf3027]
[    0.066994] No NUMA configuration found
[    0.067597] Faking a node at [mem 0x0000000000000000-0x000000007ff57fff]
[    0.068698] NODE_DATA(0) allocated [mem 0x7fecf180-0x7fef9dff]
[    0.070484] Zone ranges:
[    0.070881]   DMA      [mem 0x0000000000001000-0x0000000000ffffff]
[    0.071843]   DMA32    [mem 0x0000000001000000-0x000000007ff57fff]
[    0.072804]   Normal   empty
[    0.073256]   Device   empty
[    0.073711] Movable zone start for each node
[    0.074384] Early memory node ranges
[    0.074937]   node   0: [mem 0x0000000000001000-0x000000000009ffff]
[    0.075916]   node   0: [mem 0x0000000000100000-0x00000000007fffff]
[    0.076891]   node   0: [mem 0x0000000000808000-0x000000000080ffff]
[    0.077867]   node   0: [mem 0x0000000000900000-0x000000007e80ffff]
[    0.078843]   node   0: [mem 0x000000007e811000-0x000000007e8b7fff]
[    0.079815]   node   0: [mem 0x000000007e8df000-0x000000007e9edfff]
[    0.080789]   node   0: [mem 0x000000007eb1b000-0x000000007fb9afff]
[    0.081760]   node   0: [mem 0x000000007fbff000-0x000000007ff57fff]
[    0.082735] Initmem setup node 0 [mem 0x0000000000001000-0x000000007ff57fff]
[    0.084216] On node 0, zone DMA: 1 pages in unavailable ranges
[    0.085276] On node 0, zone DMA: 96 pages in unavailable ranges
[    0.086193] On node 0, zone DMA: 8 pages in unavailable ranges
[    0.087294] On node 0, zone DMA: 240 pages in unavailable ranges
[    0.123829] On node 0, zone DMA32: 1 pages in unavailable ranges
[    0.124835] On node 0, zone DMA32: 39 pages in unavailable ranges
[    0.126187] On node 0, zone DMA32: 301 pages in unavailable ranges
[    0.127256] On node 0, zone DMA32: 100 pages in unavailable ranges
[    0.128303] On node 0, zone DMA32: 168 pages in unavailable ranges
[    0.201612] kasan: KernelAddressSanitizer initialized
[    0.202828] ACPI: PM-Timer IO Port: 0xb008
[    0.203501] ACPI: LAPIC_NMI (acpi_id[0xff] dfl dfl lint[0x1])
[    0.204466] IOAPIC[0]: apic_id 0, version 17, address 0xfec00000, GSI 0-23
[    0.205564] ACPI: INT_SRC_OVR (bus 0 bus_irq 0 global_irq 2 dfl dfl)
[    0.206561] ACPI: INT_SRC_OVR (bus 0 bus_irq 5 global_irq 5 high level)
[    0.207610] ACPI: INT_SRC_OVR (bus 0 bus_irq 9 global_irq 9 high level)
[    0.208660] ACPI: INT_SRC_OVR (bus 0 bus_irq 10 global_irq 10 high level)
[    0.209736] ACPI: INT_SRC_OVR (bus 0 bus_irq 11 global_irq 11 high level)
[    0.210828] ACPI: Using ACPI (MADT) for SMP configuration information
[    0.211797] ACPI: HPET id: 0x8086a201 base: 0xfed00000
[    0.212626] TSC deadline timer available
[    0.213246] CPU topo: Max. logical packages:   1
[    0.213989] CPU topo: Max. logical dies:       1
[    0.214725] CPU topo: Max. dies per package:   1
[    0.215470] CPU topo: Max. threads per core:   1
[    0.216206] CPU topo: Num. cores per package:     1
[    0.216982] CPU topo: Num. threads per package:   1
[    0.217757] CPU topo: Allowing 1 present CPUs plus 0 hotplug CPUs
[    0.218795] kvm-guest: APIC: eoi() replaced with kvm_guest_apic_eoi_write()
[    0.220051] PM: hibernation: Registered nosave memory: [mem 0x00000000-0x00000fff]
[    0.221228] PM: hibernation: Registered nosave memory: [mem 0x000a0000-0x000fffff]
[    0.222412] PM: hibernation: Registered nosave memory: [mem 0x00800000-0x00807fff]
[    0.223546] PM: hibernation: Registered nosave memory: [mem 0x00810000-0x008fffff]
[    0.224709] PM: hibernation: Registered nosave memory: [mem 0x7e7e8000-0x7e7e8fff]
[    0.225890] PM: hibernation: Registered nosave memory: [mem 0x7e80f000-0x7e80ffff]
[    0.227061] PM: hibernation: Registered nosave memory: [mem 0x7e810000-0x7e810fff]
[    0.228237] PM: hibernation: Registered nosave memory: [mem 0x7e8b8000-0x7e8c5fff]
[    0.229403] PM: hibernation: Registered nosave memory: [mem 0x7e8c6000-0x7e8defff]
[    0.230573] PM: hibernation: Registered nosave memory: [mem 0x7e9ee000-0x7eb1afff]
[    0.231743] PM: hibernation: Registered nosave memory: [mem 0x7fb9b000-0x7fbf2fff]
[    0.232899] PM: hibernation: Registered nosave memory: [mem 0x7fbf3000-0x7fbfafff]
[    0.234021] PM: hibernation: Registered nosave memory: [mem 0x7fbfb000-0x7fbfefff]
[    0.235174] [mem 0x80000000-0xffffffff] available for PCI devices
[    0.236118] Booting paravirtualized kernel on KVM
[    0.236850] clocksource: refined-jiffies: mask: 0xffffffff max_cycles: 0xffffffff, max_idle_ns: 7645519600211568 ns
[    0.238476] setup_percpu: NR_CPUS:8192 nr_cpumask_bits:1 nr_cpu_ids:1 nr_node_ids:1
[    0.240232] percpu: Embedded 85 pages/cpu s311296 r8192 d28672 u2097152
[    0.241532] kvm-guest: PV spinlocks disabled, single CPU
[    0.242361] Kernel command line: net.ifnames=0 console=ttyS0 root=/dev/sda earlyprintk=serial net.ifnames=0
[    0.244166] random: crng init done
[    0.244691] printk: log buffer data + meta data: 262144 + 917504 = 1179648 bytes
[    0.246331] Dentry cache hash table entries: 262144 (order: 9, 2097152 bytes, linear)
[    0.247668] Inode-cache hash table entries: 131072 (order: 8, 1048576 bytes, linear)
[    0.249117] Fallback order for Node 0: 0 
[    0.249131] Built 1 zonelists, mobility grouping on.  Total pages: 523334
[    0.250762] Policy zone: DMA32
[    0.251231] mem auto-init: stack:off, heap alloc:off, heap free:off
[    0.252177] stackdepot: allocating hash table via alloc_large_system_hash
[    0.253215] stackdepot hash table entries: 1048576 (order: 12, 16777216 bytes, linear)
[    0.330411] SLUB: HWalign=64, Order=0-3, MinObjects=0, CPUs=1, Nodes=1
[    0.331458] kmemleak: Kernel memory leak detector disabled
[    0.332412] Kernel/User page tables isolation: enabled
[    0.333598] ftrace: allocating 73107 entries in 286 pages
[    0.544843] ftrace: allocated 286 pages with 5 groups
[    0.550137] Dynamic Preempt: voluntary
[    0.551185] Running RCU self tests
[    0.551740] Running RCU synchronous self tests
[    0.552433] rcu: Preemptible hierarchical RCU implementation.
[    0.553336] rcu: 	RCU lockdep checking is enabled.
[    0.554100] rcu: 	RCU restricting CPUs from NR_CPUS=8192 to nr_cpu_ids=1.
[    0.555184] 	Trampoline variant of Tasks RCU enabled.
[    0.555948] 	Rude variant of Tasks RCU enabled.
[    0.556645] 	Tracing variant of Tasks RCU enabled.
[    0.557390] rcu: RCU calculated value of scheduler-enlistment delay is 25 jiffies.
[    0.558561] rcu: Adjusting geometry for rcu_fanout_leaf=16, nr_cpu_ids=1
[    0.559635] Running RCU synchronous self tests
[    0.560313] RCU Tasks: Setting shift to 0 and lim to 1 rcu_task_cb_adjust=1 rcu_task_cpu_ids=1.
[    0.561676] RCU Tasks Rude: Setting shift to 0 and lim to 1 rcu_task_cb_adjust=1 rcu_task_cpu_ids=1.
[    0.563095] RCU Tasks Trace: Setting shift to 0 and lim to 1 rcu_task_cb_adjust=1 rcu_task_cpu_ids=1.
[    0.601914] NR_IRQS: 524544, nr_irqs: 256, preallocated irqs: 16
[    0.603424] rcu: srcu_init: Setting srcu_struct sizes based on contention.
[    0.604904] Console: colour dummy device 80x25
[    0.605705] printk: legacy console [ttyS0] enabled
[    0.605705] printk: legacy console [ttyS0] enabled
[    0.607222] printk: legacy bootconsole [earlyser0] disabled
[    0.607222] printk: legacy bootconsole [earlyser0] disabled
[    0.608984] Lock dependency validator: Copyright (c) 2006 Red Hat, Inc., Ingo Molnar
[    0.610205] ... MAX_LOCKDEP_SUBCLASSES:  8
[    0.610863] ... MAX_LOCK_DEPTH:          48
[    0.611532] ... MAX_LOCKDEP_KEYS:        8192
[    0.612219] ... CLASSHASH_SIZE:          4096
[    0.612908] ... MAX_LOCKDEP_ENTRIES:     524288
[    0.613650] ... MAX_LOCKDEP_CHAINS:      524288
[    0.614385] ... CHAINHASH_SIZE:          262144
[    0.615105]  memory used by lock dependency info: 54145 kB
[    0.615969]  memory used for stack traces: 4224 kB
[    0.616728]  per task-struct memory footprint: 1920 bytes
[    0.617703] ACPI: Core revision 20240827
[    0.618996] clocksource: hpet: mask: 0xffffffff max_cycles: 0xffffffff, max_idle_ns: 19112604467 ns
[    0.620660] APIC: Switch to symmetric I/O mode setup
[    0.621709] x2apic enabled
[    0.622729] APIC: Switched APIC routing to: physical x2apic
[    0.625547] ..TIMER: vector=0x30 apic1=0 pin1=2 apic2=-1 pin2=-1
[    0.626506] clocksource: tsc-early: mask: 0xffffffffffffffff max_cycles: 0x1e33052aadd, max_idle_ns: 440795310221 ns
[    0.628140] Calibrating delay loop (skipped) preset value.. 4190.15 BogoMIPS (lpj=8380304)
[    0.632296] x86/cpu: User Mode Instruction Prevention (UMIP) activated
[    0.633411] Last level iTLB entries: 4KB 0, 2MB 0, 4MB 0
[    0.634240] Last level dTLB entries: 4KB 0, 2MB 0, 4MB 0, 1GB 0
[    0.635211] Spectre V1 : Mitigation: usercopy/swapgs barriers and __user pointer sanitization
[    0.636140] Spectre V2 : Spectre BHI mitigation: SW BHB clearing on syscall and VM exit
[    0.637378] Spectre V2 : Mitigation: IBRS
[    0.638017] Spectre V2 : Spectre v2 / SpectreRSB mitigation: Filling RSB on context switch
[    0.640134] Spectre V2 : Spectre v2 / SpectreRSB : Filling RSB on VMEXIT
[    0.641180] RETBleed: Mitigation: IBRS
[    0.641785] Spectre V2 : mitigation: Enabling conditional Indirect Branch Prediction Barrier
[    0.643095] Speculative Store Bypass: Mitigation: Speculative Store Bypass disabled via prctl
[    0.644179] MDS: Mitigation: Clear CPU buffers
[    0.644897] TAA: Mitigation: Clear CPU buffers
[    0.645606] MMIO Stale Data: Vulnerable: Clear CPU buffers attempted, no microcode
[    0.646789] GDS: Unknown: Dependent on hypervisor status
[    0.648180] x86/fpu: Supporting XSAVE feature 0x001: 'x87 floating point registers'
[    0.649399] x86/fpu: Supporting XSAVE feature 0x002: 'SSE registers'
[    0.650399] x86/fpu: Supporting XSAVE feature 0x004: 'AVX registers'
[    0.651398] x86/fpu: Supporting XSAVE feature 0x008: 'MPX bounds registers'
[    0.652134] x86/fpu: Supporting XSAVE feature 0x010: 'MPX CSR'
[    0.653046] x86/fpu: Supporting XSAVE feature 0x020: 'AVX-512 opmask'
[    0.654045] x86/fpu: Supporting XSAVE feature 0x040: 'AVX-512 Hi256'
[    0.655035] x86/fpu: Supporting XSAVE feature 0x080: 'AVX-512 ZMM_Hi256'
[    0.656134] x86/fpu: Supporting XSAVE feature 0x200: 'Protection Keys User registers'
[    0.657377] x86/fpu: xstate_offset[2]:  576, xstate_sizes[2]:  256
[    0.658345] x86/fpu: xstate_offset[3]:  832, xstate_sizes[3]:   64
[    0.660135] x86/fpu: xstate_offset[4]:  896, xstate_sizes[4]:   64
[    0.661113] x86/fpu: xstate_offset[5]:  960, xstate_sizes[5]:   64
[    0.662089] x86/fpu: xstate_offset[6]: 1024, xstate_sizes[6]:  512
[    0.663066] x86/fpu: xstate_offset[7]: 1536, xstate_sizes[7]: 1024
[    0.664135] x86/fpu: xstate_offset[9]: 2560, xstate_sizes[9]:    8
[    0.665109] x86/fpu: Enabled xstate features 0x2ff, context size is 2568 bytes, using 'compacted' format.
[    1.022072] Freeing SMP alternatives memory: 56K
[    1.022806] pid_max: default: 32768 minimum: 301
[    1.035605] LSM: initializing lsm=capability,yama,ima,evm
[    1.036344] Yama: becoming mindful.
[    1.037754] Mount-cache hash table entries: 4096 (order: 3, 32768 bytes, linear)
[    1.038942] Mountpoint-cache hash table entries: 4096 (order: 3, 32768 bytes, linear)
[    1.042711] Running RCU synchronous self tests
[    1.043431] Running RCU synchronous self tests
[    1.044590] smpboot: CPU0: Genuine Intel(R) CPU 0000%@ (family: 0x6, model: 0x55, stepping: 0x4)
[    1.047770] Running RCU Tasks wait API self tests
[    1.152625] Running RCU Tasks Rude wait API self tests
[    1.155326] Running RCU Tasks Trace wait API self tests
[    1.156416] Performance Events: Skylake events, full-width counters, Intel PMU driver.
[    1.160196] ... version:                2
[    1.161716] ... bit width:              48
[    1.163171] ... generic registers:      4
[    1.164169] ... value mask:             0000ffffffffffff
[    1.166053] ... max period:             00007fffffffffff
[    1.167934] ... fixed-purpose events:   3
[    1.168150] ... event mask:             000000070000000f
[    1.169686] Callback from call_rcu_tasks_trace() invoked.
[    1.172259] signal: max sigframe size: 3632
[    1.173637] rcu: Hierarchical SRCU implementation.
[    1.174797] rcu: 	Max phase no-delay instances is 1000.
[    1.188710] smp: Bringing up secondary CPUs ...
[    1.189803] smp: Brought up 1 node, 1 CPU
[    1.190607] smpboot: Total of 1 processors activated (4190.15 BogoMIPS)
[    1.193073] Memory: 1550464K/2093336K available (77824K kernel code, 15120K rwdata, 17964K rodata, 15668K init, 69268K bss, 536604K reserved, 0K cma-reserved)
[    1.197812] devtmpfs: initialized
[    1.199272] x86/mm: Memory block size: 128MB
[    1.214124] ACPI: PM: Registering ACPI NVS region [mem 0x00800000-0x00807fff] (32768 bytes)
[    1.215529] ACPI: PM: Registering ACPI NVS region [mem 0x00810000-0x008fffff] (983040 bytes)
[    1.216748] ACPI: PM: Registering ACPI NVS region [mem 0x7e8b8000-0x7e8c5fff] (57344 bytes)
[    1.218130] ACPI: PM: Registering ACPI NVS region [mem 0x7fbfb000-0x7fbfefff] (16384 bytes)
[    1.219495] ACPI: PM: Registering ACPI NVS region [mem 0x7ff78000-0x7fffffff] (557056 bytes)
[    1.221299] Running RCU synchronous self tests
[    1.222036] Running RCU synchronous self tests
[    1.222849] clocksource: jiffies: mask: 0xffffffff max_cycles: 0xffffffff, max_idle_ns: 7645041785100000 ns
[    1.224152] futex hash table entries: 256 (order: 3, 32768 bytes, linear)
[    1.226001] pinctrl core: initialized pinctrl subsystem
[    1.229164] 
[    1.229445] *************************************************************
[    1.230516] **     NOTICE NOTICE NOTICE NOTICE NOTICE NOTICE NOTICE    **
[    1.231587] **                                                         **
[    1.232137] **  IOMMU DebugFS SUPPORT HAS BEEN ENABLED IN THIS KERNEL  **
[    1.233228] **                                                         **
[    1.234322] ** This means that this kernel is built to expose internal **
[    1.235360] ** IOMMU data structures, which may compromise security on **
[    1.236137] ** your system.                                            **
[    1.237203] **                                                         **
[    1.238276] ** If you see this message and you are not debugging the   **
[    1.239349] ** kernel, report this immediately to your vendor!         **
[    1.240135] **                                                         **
[    1.241227] **     NOTICE NOTICE NOTICE NOTICE NOTICE NOTICE NOTICE    **
[    1.242292] *************************************************************
[    1.243480] PM: RTC time: 13:52:40, date: 2024-12-04
[    1.248872] NET: Registered PF_NETLINK/PF_ROUTE protocol family
[    1.252053] DMA: preallocated 256 KiB GFP_KERNEL pool for atomic allocations
[    1.252169] DMA: preallocated 256 KiB GFP_KERNEL|GFP_DMA pool for atomic allocations
[    1.253419] DMA: preallocated 256 KiB GFP_KERNEL|GFP_DMA32 pool for atomic allocations
[    1.254863] audit: initializing netlink subsys (disabled)
[    1.255987] audit: type=2000 audit(1733320360.614:1): state=initialized audit_enabled=0 res=1
[    1.258528] thermal_sys: Registered thermal governor 'fair_share'
[    1.258543] thermal_sys: Registered thermal governor 'bang_bang'
[    1.259522] thermal_sys: Registered thermal governor 'step_wise'
[    1.260215] thermal_sys: Registered thermal governor 'user_space'
[    1.261258] cpuidle: using governor ladder
[    1.262910] cpuidle: using governor menu
[    1.264057] acpiphp: ACPI Hot Plug PCI Controller Driver version: 0.5
[    1.265482] PCI: Using configuration type 1 for base access
[    1.267346] kprobes: kprobe jump-optimization is enabled. All kprobes are optimized if possible.
[    1.711547] Callback from call_rcu_tasks() invoked.
[    1.805238] HugeTLB: registered 1.00 GiB page size, pre-allocated 0 pages
[    1.806345] HugeTLB: 16380 KiB vmemmap can be freed for a 1.00 GiB page
[    1.807416] HugeTLB: registered 2.00 MiB page size, pre-allocated 0 pages
[    1.808136] HugeTLB: 28 KiB vmemmap can be freed for a 2.00 MiB page
[    1.833241] ACPI: Added _OSI(Module Device)
[    1.833899] ACPI: Added _OSI(Processor Device)
[    1.834623] ACPI: Added _OSI(3.0 _SCP Extensions)
[    1.835376] ACPI: Added _OSI(Processor Aggregator Device)
[    1.894787] ACPI: 1 ACPI AML tables successfully acquired and loaded
[    1.920089] ACPI: Interpreter enabled
[    1.926821] ACPI: PM: (supports S0 S3 S4 S5)
[    1.927514] ACPI: Using IOAPIC for interrupt routing
[    1.928297] PCI: Using host bridge windows from ACPI; if necessary, use "pci=nocrs" and report a bug
[    1.929746] PCI: Using E820 reservations for host bridge windows
[    1.933186] ACPI: Enabled 2 GPEs in block 00 to 0F
[    2.081664] ACPI: PCI Root Bridge [PCI0] (domain 0000 [bus 00-ff])
[    2.082735] acpi PNP0A03:00: _OSC: OS supports [ASPM ClockPM Segments MSI EDR HPX-Type3]
[    2.084049] acpi PNP0A03:00: _OSC: not requesting OS control; OS requires [ExtendedConfig ASPM ClockPM MSI]
[    2.088497] acpi PNP0A03:00: fail to add MMCONFIG information, can't access extended configuration space under this bridge
[    2.104088] acpiphp: Slot [2] registered
[    2.108609] acpiphp: Slot [3] registered
[    2.109476] acpiphp: Slot [4] registered
[    2.110359] acpiphp: Slot [5] registered
[    2.111258] acpiphp: Slot [6] registered
[    2.112133] acpiphp: Slot [7] registered
[    2.116877] acpiphp: Slot [8] registered
[    2.117804] acpiphp: Slot [9] registered
[    2.118721] acpiphp: Slot [10] registered
[    2.119658] acpiphp: Slot [11] registered
[    2.125528] acpiphp: Slot [12] registered
[    2.126455] acpiphp: Slot [13] registered
[    2.127388] acpiphp: Slot [14] registered
[    2.132308] acpiphp: Slot [15] registered
[    2.133246] acpiphp: Slot [16] registered
[    2.134171] acpiphp: Slot [17] registered
[    2.135087] acpiphp: Slot [18] registered
[    2.136005] acpiphp: Slot [19] registered
[    2.140403] acpiphp: Slot [20] registered
[    2.141321] acpiphp: Slot [21] registered
[    2.142249] acpiphp: Slot [22] registered
[    2.143183] acpiphp: Slot [23] registered
[    2.144106] acpiphp: Slot [24] registered
[    2.149393] acpiphp: Slot [25] registered
[    2.150329] acpiphp: Slot [26] registered
[    2.151246] acpiphp: Slot [27] registered
[    2.152192] acpiphp: Slot [28] registered
[    2.153121] acpiphp: Slot [29] registered
[    2.154063] acpiphp: Slot [30] registered
[    2.154989] acpiphp: Slot [31] registered
[    2.155767] PCI host bridge to bus 0000:00
[    2.161022] pci_bus 0000:00: root bus resource [io  0x0000-0x0cf7 window]
[    2.162137] pci_bus 0000:00: root bus resource [io  0x0d00-0xffff window]
[    2.163245] pci_bus 0000:00: root bus resource [mem 0x000a0000-0x000bffff window]
[    2.169045] pci_bus 0000:00: root bus resource [mem 0x80000000-0xfebfffff window]
[    2.170255] pci_bus 0000:00: root bus resource [mem 0x800000000-0x87fffffff window]
[    2.171503] pci_bus 0000:00: root bus resource [bus 00-ff]
[    2.172357] pci 0000:00:00.0: [8086:1237] type 00 class 0x060000 conventional PCI endpoint
[    2.210873] pci 0000:00:01.0: [8086:7000] type 00 class 0x060100 conventional PCI endpoint
[    2.218098] pci 0000:00:01.1: [8086:7010] type 00 class 0x010180 conventional PCI endpoint
[    2.221614] pci 0000:00:01.1: BAR 4 [io  0xc020-0xc02f]
[    2.223341] pci 0000:00:01.1: BAR 0 [io  0x01f0-0x01f7]: legacy IDE quirk
[    2.224141] pci 0000:00:01.1: BAR 1 [io  0x03f6]: legacy IDE quirk
[    2.225141] pci 0000:00:01.1: BAR 2 [io  0x0170-0x0177]: legacy IDE quirk
[    2.226233] pci 0000:00:01.1: BAR 3 [io  0x0376]: legacy IDE quirk
[    2.237716] pci 0000:00:01.3: [8086:7113] type 00 class 0x068000 conventional PCI endpoint
[    2.239607] pci 0000:00:01.3: quirk: [io  0xb000-0xb03f] claimed by PIIX4 ACPI
[    2.240156] pci 0000:00:01.3: quirk: [io  0xb100-0xb10f] claimed by PIIX4 SMB
[    2.250235] pci 0000:00:02.0: [1af4:1000] type 00 class 0x020000 conventional PCI endpoint
[    2.252707] pci 0000:00:02.0: BAR 0 [io  0xc000-0xc01f]
[    2.254836] pci 0000:00:02.0: BAR 1 [mem 0x80000000-0x80000fff]
[    2.259270] pci 0000:00:02.0: BAR 4 [mem 0x800000000-0x800003fff 64bit pref]
[    2.261380] pci 0000:00:02.0: ROM [mem 0xfffc0000-0xffffffff pref]
[    2.339936] ACPI: PCI: Interrupt link LNKA configured for IRQ 11
[    2.347414] ACPI: PCI: Interrupt link LNKB configured for IRQ 11
[    2.350077] ACPI: PCI: Interrupt link LNKC configured for IRQ 10
[    2.358210] ACPI: PCI: Interrupt link LNKD configured for IRQ 10
[    2.360008] ACPI: PCI: Interrupt link LNKS configured for IRQ 9
[    2.368125] iommu: Default domain type: Translated
[    2.368893] iommu: DMA domain TLB invalidation policy: lazy mode
[    2.378088] SCSI subsystem initialized
[    2.381849] ACPI: bus type USB registered
[    2.382772] usbcore: registered new interface driver usbfs
[    2.383773] usbcore: registered new interface driver hub
[    2.389015] usbcore: registered new device driver usb
[    2.390147] pps_core: LinuxPPS API ver. 1 registered
[    2.390973] pps_core: Software ver. 5.3.6 - Copyright 2005-2007 Rodolfo Giometti <giometti@linux.it>
[    2.392187] PTP clock support registered
[    2.393379] EDAC MC: Ver: 3.0.0
[    2.399324] efivars: Registered efivars operations
[    2.404042] NetLabel: Initializing
[    2.404138] NetLabel:  domain hash size = 128
[    2.404837] NetLabel:  protocols = UNLABELED CIPSOv4 CALIPSO
[    2.413783] NetLabel:  unlabeled traffic allowed by default
[    2.415449] PCI: Using ACPI for IRQ routing
[    2.421249] vgaarb: loaded
[    2.422385] hpet0: at MMIO 0xfed00000, IRQs 2, 8, 0
[    2.423219] hpet0: 3 comparators, 64-bit 100.000000 MHz counter
[    2.431653] clocksource: Switched to clocksource kvm-clock
[    8.018273] VFS: Disk quotas dquot_6.6.0
[    8.019006] VFS: Dquot-cache hash table entries: 512 (order 0, 4096 bytes)
[    8.022101] pnp: PnP ACPI init
[    8.029905] pnp: PnP ACPI: found 6 devices
[    8.059467] clocksource: acpi_pm: mask: 0xffffff max_cycles: 0xffffff, max_idle_ns: 2085701024 ns
[    8.061811] NET: Registered PF_INET protocol family
[    8.062902] IP idents hash table entries: 32768 (order: 6, 262144 bytes, linear)
[    8.067663] tcp_listen_portaddr_hash hash table entries: 1024 (order: 4, 73728 bytes, linear)
[    8.069102] Table-perturb hash table entries: 65536 (order: 6, 262144 bytes, linear)
[    8.070496] TCP established hash table entries: 16384 (order: 5, 131072 bytes, linear)
[    8.072496] TCP bind hash table entries: 16384 (order: 9, 2359296 bytes, linear)
[    8.075322] TCP: Hash tables configured (established 16384 bind 16384)
[    8.076555] UDP hash table entries: 1024 (order: 6, 262144 bytes, linear)
[    8.077853] UDP-Lite hash table entries: 1024 (order: 6, 262144 bytes, linear)
[    8.079745] NET: Registered PF_UNIX/PF_LOCAL protocol family
[    8.081978] RPC: Registered named UNIX socket transport module.
[    8.082959] RPC: Registered udp transport module.
[    8.083747] RPC: Registered tcp transport module.
[    8.084516] RPC: Registered tcp-with-tls transport module.
[    8.085405] RPC: Registered tcp NFSv4.1 backchannel transport module.
[    8.086467] pci 0000:00:02.0: ROM [mem 0xfffc0000-0xffffffff pref]: can't claim; no compatible bridge window
[    8.088158] pci 0000:00:02.0: ROM [mem 0x80040000-0x8007ffff pref]: assigned
[    8.089308] pci_bus 0000:00: resource 4 [io  0x0000-0x0cf7 window]
[    8.090317] pci_bus 0000:00: resource 5 [io  0x0d00-0xffff window]
[    8.091321] pci_bus 0000:00: resource 6 [mem 0x000a0000-0x000bffff window]
[    8.092456] pci_bus 0000:00: resource 7 [mem 0x80000000-0xfebfffff window]
[    8.093566] pci_bus 0000:00: resource 8 [mem 0x800000000-0x87fffffff window]
[    8.095434] pci 0000:00:01.0: PIIX3: Enabling Passive Release
[    8.096388] pci 0000:00:00.0: Limiting direct PCI/PCI transfers
[    8.097491] PCI: CLS 0 bytes, default 64
[    8.099105] ACPI: bus type thunderbolt registered
[    8.100618] clocksource: tsc: mask: 0xffffffffffffffff max_cycles: 0x1e33052aadd, max_idle_ns: 440795310221 ns
[    8.109374] Initialise system trusted keyrings
[    8.110262] Key type blacklist registered
[    8.111245] workingset: timestamp_bits=36 max_order=19 bucket_order=0
[    8.112454] zbud: loaded
[    8.117020] squashfs: version 4.0 (2009/01/31) Phillip Lougher
[    8.120395] NFS: Registering the id_resolver key type
[    8.121232] Key type id_resolver registered
[    8.121908] Key type id_legacy registered
[    8.122667] nfs4filelayout_init: NFSv4 File Layout Driver Registering...
[    8.123790] nfs4flexfilelayout_init: NFSv4 Flexfile Layout Driver Registering...
[    8.125338] fuse: init (API version 7.41)
[    8.127234] SGI XFS with ACLs, security attributes, realtime, quota, no debug enabled
[    8.131289] 9p: Installing v9fs 9p2000 file system support
[    8.162105] Key type asymmetric registered
[    8.162749] Asymmetric key parser 'x509' registered
[    8.163784] Block layer SCSI generic (bsg) driver version 0.4 loaded (major 243)
[    8.165170] io scheduler mq-deadline registered
[    8.166090] io scheduler bfq registered
[    8.167688] ledtrig-cpu: registered to indicate activity on CPUs
[    8.169313] shpchp: Standard Hot Plug PCI Controller Driver version: 0.4
[    8.171775] IPMI message handler: version 39.2
[    8.172629] ipmi device interface
[    8.177154] input: Power Button as /devices/LNXSYSTM:00/LNXPWRBN:00/input/input0
[    8.179171] ACPI: button: Power Button [PWRF]
[    8.181971] ERST DBG: ERST support is disabled.
[    9.748083] ACPI: \_SB_.LNKB: Enabled at IRQ 11
[    9.751054] Serial: 8250/16550 driver, 32 ports, IRQ sharing enabled
[    9.754586] 00:04: ttyS0 at I/O 0x3f8 (irq = 4, base_baud = 115200) is a 16550A
[    9.802980] Linux agpgart interface v0.103
[    9.806889] ACPI: bus type drm_connector registered
[    9.844069] brd: module loaded
[    9.867180] loop: module loaded
[    9.879977] scsi host0: ata_piix
[    9.882276] scsi host1: ata_piix
[    9.883581] ata1: PATA max MWDMA2 cmd 0x1f0 ctl 0x3f6 bmdma 0xc020 irq 14 lpm-pol 0
[    9.884827] ata2: PATA max MWDMA2 cmd 0x170 ctl 0x376 bmdma 0xc028 irq 15 lpm-pol 0
[    9.891327] tun: Universal TUN/TAP device driver, 1.6
[    9.897800] e100: Intel(R) PRO/100 Network Driver
[    9.898569] e100: Copyright(c) 1999-2006 Intel Corporation
[    9.899585] e1000: Intel(R) PRO/1000 Network Driver
[    9.900402] e1000: Copyright (c) 1999-2006 Intel Corporation.
[    9.901475] e1000e: Intel(R) PRO/1000 Network Driver
[    9.902280] e1000e: Copyright(c) 1999 - 2015 Intel Corporation.
[    9.903379] igb: Intel(R) Gigabit Ethernet Network Driver
[    9.904298] igb: Copyright (c) 2007-2014 Intel Corporation.
[    9.905545] PPP generic driver version 2.4.2
[    9.907266] VFIO - User Level meta-driver version: 0.3
[    9.909329] usbcore: registered new interface driver uas
[    9.910291] usbcore: registered new interface driver usb-storage
[    9.911736] i8042: PNP: PS/2 Controller [PNP0303:KBD,PNP0f13:MOU] at 0x60,0x64 irq 1,12
[    9.914389] serio: i8042 KBD port at 0x60,0x64 irq 1
[    9.915268] serio: i8042 AUX port at 0x60,0x64 irq 12
[    9.918024] mousedev: PS/2 mouse device common for all mice
[    9.920962] input: AT Translated Set 2 keyboard as /devices/platform/i8042/serio0/input/input1
[    9.925063] input: VirtualPS/2 VMware VMMouse as /devices/platform/i8042/serio1/input/input4
[    9.927440] rtc_cmos 00:05: RTC can wake from S4
[    9.931303] rtc_cmos 00:05: registered as rtc0
[    9.932904] input: VirtualPS/2 VMware VMMouse as /devices/platform/i8042/serio1/input/input3
[    9.934674] rtc_cmos 00:05: setting system clock to 2024-12-04T13:52:48 UTC (1733320368)
[    9.937319] rtc_cmos 00:05: alarms up to one day, y3k, 242 bytes nvram
[    9.938505] i2c_dev: i2c /dev entries driver
[    9.939374] device-mapper: core: CONFIG_IMA_DISABLE_HTABLE is disabled. Duplicate IMA measurements will not be recorded in the IMA log.
[    9.941422] device-mapper: uevent: version 1.0.3
[    9.942877] device-mapper: ioctl: 4.48.0-ioctl (2023-03-01) initialised: dm-devel@lists.linux.dev
[    9.944371] intel_pstate: CPU model not supported
[    9.945536] sdhci: Secure Digital Host Controller Interface driver
[    9.946529] sdhci: Copyright(c) Pierre Ossman
[    9.947468] sdhci-pltfm: SDHCI platform and OF driver helper
[    9.948601] pstore: Using crash dump compression: deflate
[    9.949520] pstore: Registered efi_pstore as persistent store backend
[    9.951240] drop_monitor: Initializing network drop monitor service
[    9.952968] NET: Registered PF_INET6 protocol family
[    9.959078] Segment Routing with IPv6
[    9.959865] In-situ OAM (IOAM) with IPv6
[    9.960636] NET: Registered PF_PACKET protocol family
[    9.961785] 9pnet: Installing 9P2000 support
[    9.962622] Key type dns_resolver registered
[    9.965042] resctrl: No MBM correction factor available
[    9.966016] IPI shorthand broadcast: enabled
[   10.039863] ata1: found unknown device (class 0)
[   10.041223] ata2: found unknown device (class 0)
[   10.043065] ata2.00: ATAPI: QEMU DVD-ROM, 2.5+, max UDMA/100
[   10.044268] ata1.00: ATA-7: QEMU HARDDISK, 2.5+, max UDMA/100
[   10.045202] ata1.00: 17196647 sectors, multi 16: LBA48 
[   10.048760] scsi 0:0:0:0: Direct-Access     ATA      QEMU HARDDISK    2.5+ PQ: 0 ANSI: 5
[   10.052957] sd 0:0:0:0: [sda] 17196647 512-byte logical blocks: (8.80 GB/8.20 GiB)
[   10.054260] sd 0:0:0:0: [sda] Write Protect is off
[   10.055184] sd 0:0:0:0: [sda] Write cache: enabled, read cache: enabled, doesn't support DPO or FUA
[   10.057634] sd 0:0:0:0: [sda] Preferred minimum I/O size 512 bytes
[   10.063784] sd 0:0:0:0: Attached scsi generic sg0 type 0
[   10.068771] scsi 1:0:0:0: CD-ROM            QEMU     QEMU DVD-ROM     2.5+ PQ: 0 ANSI: 5
[   10.073743] sched_clock: Marking stable (10052009868, 19634230)->(10102981298, -31337200)
[   10.077730] registered taskstats version 1
[   10.078949] Loading compiled-in X.509 certificates
[   10.089715] scsi 1:0:0:0: Attached scsi generic sg1 type 5
[   10.091061] sd 0:0:0:0: [sda] Attached SCSI disk
[   10.177826] Demotion targets for Node 0: null
[   10.182435] Key type .fscrypt registered
[   10.183102] Key type fscrypt-provisioning registered
[   10.187436] Key type encrypted registered
[   10.188227] ima: No TPM chip found, activating TPM-bypass!
[   10.189141] ima: Allocated hash algorithm: sha1
[   10.189994] ima: No architecture policies found
[   10.191021] evm: Initialising EVM extended attributes:
[   10.191883] evm: security.selinux
[   10.192438] evm: security.SMACK64
[   10.192999] evm: security.SMACK64EXEC
[   10.193605] evm: security.SMACK64TRANSMUTE
[   10.194284] evm: security.SMACK64MMAP
[   10.194895] evm: security.apparmor
[   10.195457] evm: security.ima
[   10.195975] evm: security.capability
[   10.196575] evm: HMAC attrs: 0x1
[   10.202173] PM:   Magic number: 4:56:887
[   10.204584] RAS: Correctable Errors collector initialized.
[   10.207779] clk: Disabling unused clocks
[   10.208467] PM: genpd: Disabling unused power domains
[   10.210359] md: Waiting for all devices to be available before autodetect
[   10.211140] md: If you don't use raid, use raid=noautodetect
[   10.212024] md: Autodetecting RAID arrays.
[   10.212527] md: autorun ...
[   10.212859] md: ... autorun DONE.
[   10.224933] EXT4-fs (sda): INFO: recovery required on readonly filesystem
[   10.225747] EXT4-fs (sda): write access will be enabled during recovery
[   10.318540] EXT4-fs (sda): recovery complete
[   10.322452] EXT4-fs (sda): mounted filesystem 088740a9-c8b4-422c-999d-a804eb68a4da ro with ordered data mode. Quota mode: none.
[   10.324096] VFS: Mounted root (ext4 filesystem) readonly on device 8:0.
[   10.329126] devtmpfs: mounted
[   10.355033] Freeing unused decrypted memory: 2028K
[   10.361958] Freeing unused kernel image (initmem) memory: 15668K
[   10.363417] Write protecting the kernel read-only data: 96256k
[   10.367129] Freeing unused kernel image (rodata/data gap) memory: 468K
[   10.579973] x86/mm: Checked W+X mappings: passed, no W+X pages found.
[   10.580711] x86/mm: Checking user space page tables
[   10.780791] x86/mm: Checked W+X mappings: passed, no W+X pages found.
[   10.781566] ********************************************************************************************
[   10.781566] * WARNING: Project Intel Next sources and binaries include Intel Confidential information. *
[   10.781566] *          For use by Intel Employees only; do not distribute externally.                  *
[   10.781566] ********************************************************************************************
[   10.785744] Run /sbin/init as init process
[   11.090963] systemd[1]: systemd 252-15.el9 running in system mode (+PAM +AUDIT +SELINUX -APPARMOR +IMA +SMACK +SECCOMP +GCRYPT +GNUTLS +OPENSSL +ACL +BLKID +CURL +ELFUTILS -FIDO2 +IDN2 -IDN -IPTC +KMOD +LIBCRYPTSETUP +LIBFDISK +PCRE2 -PWQUALITY +P11KIT -QRENCODE +TPM2 +BZIP2 +LZ4 +XZ +ZLIB +ZSTD -BPF_FRAMEWORK +XKBCOMMON +UTMP +SYSVINIT default-hierarchy=unified)
[   11.094699] systemd[1]: Detected virtualization kvm.
[   11.095299] systemd[1]: Detected architecture x86-64.

Welcome to [0;31mCentOS Stream 9[0m!

[   11.105713] systemd[1]: Hostname set to <test>.
[   12.035614] systemd-rc-local-generator[120]: /etc/rc.d/rc.local is not marked executable, skipping.
[   12.590410] systemd[1]: Queued start job for default target Multi-User System.
[   12.620940] systemd[1]: Created slice Virtual Machine and Container Slice.
[[0;32m  OK  [0m] Created slice [0;1;39mVirtual Machine and Container Slice[0m.
[   12.638877] systemd[1]: Created slice Slice /system/getty.
[[0;32m  OK  [0m] Created slice [0;1;39mSlice /system/getty[0m.
[   12.645322] systemd[1]: Created slice Slice /system/modprobe.
[[0;32m  OK  [0m] Created slice [0;1;39mSlice /system/modprobe[0m.
[   12.651203] systemd[1]: Created slice Slice /system/serial-getty.
[[0;32m  OK  [0m] Created slice [0;1;39mSlice /system/serial-getty[0m.
[   12.657184] systemd[1]: Created slice Slice /system/sshd-keygen.
[[0;32m  OK  [0m] Created slice [0;1;39mSlice /system/sshd-keygen[0m.
[   12.662818] systemd[1]: Created slice User and Session Slice.
[[0;32m  OK  [0m] Created slice [0;1;39mUser and Session Slice[0m.
[   12.665549] systemd[1]: Started Forward Password Requests to Wall Directory Watch.
[[0;32m  OK  [0m] Started [0;1;39mForward Password R…uests to Wall Directory Watch[0m.
[   12.670066] systemd[1]: Set up automount Arbitrary Executable File Formats File System Automount Point.
[[0;32m  OK  [0m] Set up automount [0;1;39mArbitrary…s File System Automount Point[0m.
[   12.672868] systemd[1]: Reached target Local Integrity Protected Volumes.
[[0;32m  OK  [0m] Reached target [0;1;39mLocal Integrity Protected Volumes[0m.
[   12.675014] systemd[1]: Reached target Slice Units.
[[0;32m  OK  [0m] Reached target [0;1;39mSlice Units[0m.
[   12.676790] systemd[1]: Reached target Swaps.
[[0;32m  OK  [0m] Reached target [0;1;39mSwaps[0m.
[   12.678389] systemd[1]: Reached target Local Verity Protected Volumes.
[[0;32m  OK  [0m] Reached target [0;1;39mLocal Verity Protected Volumes[0m.
[   12.681378] systemd[1]: Listening on Device-mapper event daemon FIFOs.
[[0;32m  OK  [0m] Listening on [0;1;39mDevice-mapper event daemon FIFOs[0m.
[   12.684855] systemd[1]: Listening on LVM2 poll daemon socket.
[[0;32m  OK  [0m] Listening on [0;1;39mLVM2 poll daemon socket[0m.
[   12.687144] systemd[1]: multipathd control socket was skipped because of an unmet condition check (ConditionPathExists=/etc/multipath.conf).
[   12.852589] systemd[1]: Listening on RPCbind Server Activation Socket.
[[0;32m  OK  [0m] Listening on [0;1;39mRPCbind Server Activation Socket[0m.
[   12.855634] systemd[1]: Reached target RPC Port Mapper.
[[0;32m  OK  [0m] Reached target [0;1;39mRPC Port Mapper[0m.
[   12.862617] systemd[1]: Listening on Process Core Dump Socket.
[[0;32m  OK  [0m] Listening on [0;1;39mProcess Core Dump Socket[0m.
[   12.865368] systemd[1]: Listening on initctl Compatibility Named Pipe.
[[0;32m  OK  [0m] Listening on [0;1;39minitctl Compatibility Named Pipe[0m.
[   12.868962] systemd[1]: Listening on Journal Socket (/dev/log).
[[0;32m  OK  [0m] Listening on [0;1;39mJournal Socket (/dev/log)[0m.
[   12.872452] systemd[1]: Listening on Journal Socket.
[[0;32m  OK  [0m] Listening on [0;1;39mJournal Socket[0m.
[   12.875852] systemd[1]: Listening on udev Control Socket.
[[0;32m  OK  [0m] Listening on [0;1;39mudev Control Socket[0m.
[   12.878575] systemd[1]: Listening on udev Kernel Socket.
[[0;32m  OK  [0m] Listening on [0;1;39mudev Kernel Socket[0m.
[   12.905154] systemd[1]: Mounting Huge Pages File System...
         Mounting [0;1;39mHuge Pages File System[0m...
[   12.948878] systemd[1]: Mounting POSIX Message Queue File System...
         Mounting [0;1;39mPOSIX Message Queue File System[0m...
[   12.992237] systemd[1]: Mounting Kernel Debug File System...
         Mounting [0;1;39mKernel Debug File System[0m...
[   13.027101] systemd[1]: Mounting Kernel Trace File System...
         Mounting [0;1;39mKernel Trace File System[0m...
[   13.032365] systemd[1]: Kernel Module supporting RPCSEC_GSS was skipped because of an unmet condition check (ConditionPathExists=/etc/krb5.keytab).
[   13.034215] systemd[1]: Create List of Static Device Nodes was skipped because of an unmet condition check (ConditionFileNotEmpty=/lib/modules/6.13.0-rc1-2024-12-02-intel-next+/modules.devname).
[   13.072010] systemd[1]: Starting Monitoring of LVM2 mirrors, snapshots etc. using dmeventd or progress polling...
         Starting [0;1;39mMonitoring of LVM…meventd or progress polling[0m...
[   13.112650] systemd[1]: Starting Load Kernel Module configfs...
         Starting [0;1;39mLoad Kernel Module configfs[0m...
[   13.164649] systemd[1]: Starting Load Kernel Module drm...
         Starting [0;1;39mLoad Kernel Module drm[0m...
[   13.212556] systemd[1]: Starting Load Kernel Module fuse...
         Starting [0;1;39mLoad Kernel Module fuse[0m...
[   13.286096] systemd[1]: Starting Read and set NIS domainname from /etc/sysconfig/network...
         Starting [0;1;39mRead and set NIS …from /etc/sysconfig/network[0m...
[   13.368515] systemd[1]: Starting Journal Service...
         Starting [0;1;39mJournal Service[0m...
[   13.428376] systemd[1]: Starting Load Kernel Modules...
         Starting [0;1;39mLoad Kernel Modules[0m...
[   13.510866] systemd[1]: Starting Generate network units from Kernel command line...
         Starting [0;1;39mGenerate network …ts from Kernel command line[0m...
[   13.586767] systemd[1]: Starting Remount Root and Kernel File Systems...
         Starting [0;1;39mRemount Root and Kernel File Systems[0m...
[   13.600560] systemd[1]: Repartition Root Disk was skipped because no trigger condition checks were met.
[   13.676478] systemd[1]: Starting Coldplug All udev Devices...
         Starting [0;1;39mColdplug All udev Devices[0m...
[   13.771410] systemd[1]: Mounted Huge Pages File System.
[[0;32m  OK  [0m] Mounted [0;1;39mHuge Pages File System[0m.
[   13.792906] systemd[1]: Mounted POSIX Message Queue File System.
[[0;32m  OK  [0m] Mounted [0;1;39mPOSIX Message Queue File System[0m.
[   13.804719] systemd[1]: Mounted Kernel Debug File System.
[[0;32m  OK  [0m] Mounted [0;1;39mKernel Debug File System[0m.
[   13.817079] systemd[1]: Mounted Kernel Trace File System.
[[0;32m  OK  [0m] Mounted [0;1;39mKernel Trace File System[0m.
[   13.843960] systemd[1]: Finished Monitoring of LVM2 mirrors, snapshots etc. using dmeventd or progress polling.
[[0;32m  OK  [0m] Finished [0;1;39mMonitoring of LVM… dmeventd or progress polling[0m.
[   13.859293] systemd[1]: modprobe@configfs.service: Deactivated successfully.
[   13.876621] systemd[1]: Finished Load Kernel Module configfs.
[[0;32m  OK  [0m] Finished [0;1;39mLoad Kernel Module configfs[0m.
[   13.894723] systemd[1]: modprobe@drm.service: Deactivated successfully.
[   13.912090] systemd[1]: Finished Load Kernel Module drm.
[[0;32m  OK  [0m] Finished [0;1;39mLoad Kernel Module drm[0m.
[   13.930070] EXT4-fs (sda): re-mounted 088740a9-c8b4-422c-999d-a804eb68a4da r/w. Quota mode: none.
[   13.932470] systemd[1]: modprobe@fuse.service: Deactivated successfully.
[   13.948392] systemd[1]: Finished Load Kernel Module fuse.
[[0;32m  OK  [0m] Finished [0;1;39mLoad Kernel Module fuse[0m.
[   13.982101] systemd[1]: Finished Read and set NIS domainname from /etc/sysconfig/network.
[[0;32m  OK  [0m] Finished [0;1;39mRead and set NIS …e from /etc/sysconfig/network[0m.
[   13.989709] systemd[1]: systemd-modules-load.service: Main process exited, code=exited, status=1/FAILURE
[   14.000955] systemd[1]: systemd-modules-load.service: Failed with result 'exit-code'.
[   14.013065] systemd[1]: Failed to start Load Kernel Modules.
[[0;1;31mFAILED[0m] Failed to start [0;1;39mLoad Kernel Modules[0m.
See 'systemctl status systemd-modules-load.service' for details.
[   14.036251] systemd[1]: Finished Generate network units from Kernel command line.
[[0;32m  OK  [0m] Finished [0;1;39mGenerate network units from Kernel command line[0m.
[   14.052617] systemd[1]: Finished Remount Root and Kernel File Systems.
[[0;32m  OK  [0m] Finished [0;1;39mRemount Root and Kernel File Systems[0m.
[   14.065042] systemd[1]: Reached target Preparation for Network.
[[0;32m  OK  [0m] Reached target [0;1;39mPreparation for Network[0m.
[   14.116433] systemd[1]: Mounting FUSE Control File System...
         Mounting [0;1;39mFUSE Control File System[0m...
[   14.240436] systemd[1]: Mounting Kernel Configuration File System...
         Mounting [0;1;39mKernel Configuration File System[0m...
[   14.256386] systemd[1]: Special handling of early boot iSCSI sessions was skipped because of an unmet condition check (ConditionDirectoryNotEmpty=/sys/class/iscsi_session).
[   14.258302] systemd[1]: First Boot Wizard was skipped because of an unmet condition check (ConditionFirstBoot=yes).
[   14.304462] systemd[1]: Rebuild Hardware Database was skipped because of an unmet condition check (ConditionNeedsUpdate=/etc).
[   14.364225] systemd[1]: Starting Load/Save Random Seed...
         Starting [0;1;39mLoad/Save Random Seed[0m...
[   14.420679] systemd[1]: Starting Apply Kernel Variables...
         Starting [0;1;39mApply Kernel Variables[0m...
[   14.432431] systemd[1]: Create System Users was skipped because no trigger condition checks were met.
[   14.488669] systemd[1]: Starting Create Static Device Nodes in /dev...
         Starting [0;1;39mCreate Static Device Nodes in /dev[0m...
[   14.574490] systemd[1]: Starting Setup Virtual Console...
         Starting [0;1;39mSetup Virtual Console[0m...
[   14.622662] systemd[1]: Started Journal Service.
[[0;32m  OK  [0m] Started [0;1;39mJournal Service[0m.
[[0;32m  OK  [0m] Mounted [0;1;39mFUSE Control File System[0m.
[[0;32m  OK  [0m] Mounted [0;1;39mKernel Configuration File System[0m.
[[0;32m  OK  [0m] Finished [0;1;39mLoad/Save Random Seed[0m.
         Starting [0;1;39mFlush Journal to Persistent Storage[0m...
[[0;32m  OK  [0m] Finished [0;1;39mApply Kernel Variables[0m.
[   15.054144] systemd-journald[138]: Received client request to flush runtime journal.
[[0;32m  OK  [0m] Finished [0;1;39mCreate Static Device Nodes in /dev[0m.
         Starting [0;1;39mRule-based Manage…for Device Events and Files[0m...
[[0;32m  OK  [0m] Finished [0;1;39mFlush Journal to Persistent Storage[0m.
[[0;32m  OK  [0m] Started [0;1;39mRule-based Manager for Device Events and Files[0m.
         Starting [0;1;39mAuto-connect to s…E devices found during boot[0m...
[[0;32m  OK  [0m] Finished [0;1;39mAuto-connect to s…VME devices found during boot[0m.
[[0;32m  OK  [0m] Finished [0;1;39mSetup Virtual Console[0m.
[[0;32m  OK  [0m] Finished [0;1;39mColdplug All udev Devices[0m.
         Starting [0;1;39mShow Plymouth Boot Screen[0m...
         Starting [0;1;39mWait for udev To …plete Device Initialization[0m...
[2J[3J[-1;-1f[[0;32m  OK  [0m] Started [0;1;39mShow Plymouth Boot Screen[0m.
[[0;32m  OK  [0m] Started [0;1;39mForward Password R…s to Plymouth Directory Watch[0m.
[[0;32m  OK  [0m] Reached target [0;1;39mLocal Encrypted Volumes[0m.
[[0;32m  OK  [0m] Reached target [0;1;39mPath Units[0m.
[[0;32m  OK  [0m] Found device [0;1;39m/dev/ttyS0[0m.
[[0m[0;31m*     [0m] A start job is running for Wait for…ice Initialization (7s / no limit)
M[K[[0;1;31m*[0m[0;31m*    [0m] A start job is running for Wait for…ice Initialization (7s / no limit)
M[K[[0;31m*[0;1;31m*[0m[0;31m*   [0m] A start job is running for Wait for…ice Initialization (8s / no limit)
M[K[ [0;31m*[0;1;31m*[0m[0;31m*  [0m] A start job is running for Wait for…ice Initialization (8s / no limit)
M[K[  [0;31m*[0;1;31m*[0m[0;31m* [0m] A start job is running for Wait for…ice Initialization (9s / no limit)
M[K[   [0;31m*[0;1;31m*[0m[0;31m*[0m] A start job is running for Wait for…ice Initialization (9s / no limit)
M[K[    [0;31m*[0;1;31m*[0m] A start job is running for Wait for…ce Initialization (10s / no limit)
M[K[[0;32m  OK  [0m] Listening on [0;1;39mLoad/Save RF …itch Status /dev/rfkill Watch[0m.
[K[[0;32m  OK  [0m] Finished [0;1;39mWait for udev To Complete Device Initialization[0m.
[[0;32m  OK  [0m] Reached target [0;1;39mPreparation for Local File Systems[0m.
[[0;32m  OK  [0m] Reached target [0;1;39mLocal File Systems[0m.
         Starting [0;1;39mTell Plymouth To Write Out Runtime Data[0m...
         Starting [0;1;39mAutomatic Boot Loader Update[0m...
         Starting [0;1;39mCreate Volatile Files and Directories[0m...
[[0;32m  OK  [0m] Finished [0;1;39mTell Plymouth To Write Out Runtime Data[0m.
[[0;32m  OK  [0m] Finished [0;1;39mAutomatic Boot Loader Update[0m.
[[0;32m  OK  [0m] Finished [0;1;39mCreate Volatile Files and Directories[0m.
         Mounting [0;1;39mRPC Pipe File System[0m...
         Starting [0;1;39mSecurity Auditing Service[0m...
         Starting [0;1;39mRPC Bind[0m...
[[0;32m  OK  [0m] Mounted [0;1;39mRPC Pipe File System[0m.
[[0;32m  OK  [0m] Reached target [0;1;39mrpc_pipefs.target[0m.
[[0;32m  OK  [0m] Started [0;1;39mRPC Bind[0m.
[[0;32m  OK  [0m] Started [0;1;39mSecurity Auditing Service[0m.
         Starting [0;1;39mRecord System Boot/Shutdown in UTMP[0m...
[[0;32m  OK  [0m] Finished [0;1;39mRecord System Boot/Shutdown in UTMP[0m.
[[0;32m  OK  [0m] Reached target [0;1;39mSystem Initialization[0m.
[[0;32m  OK  [0m] Started [0;1;39mDaily rotation of log files[0m.
[[0;32m  OK  [0m] Started [0;1;39mUpdates mlocate database every day[0m.
[[0;32m  OK  [0m] Started [0;1;39mDaily Cleanup of Temporary Directories[0m.
[[0;32m  OK  [0m] Started [0;1;39mdaily update of the root trust anchor for DNSSEC[0m.
[[0;32m  OK  [0m] Reached target [0;1;39mTimer Units[0m.
[[0;32m  OK  [0m] Listening on [0;1;39mD-Bus System Message Bus Socket[0m.
[[0;32m  OK  [0m] Listening on [0;1;39mOpen-iSCSI iscsid Socket[0m.
[[0;32m  OK  [0m] Listening on [0;1;39mOpen-iSCSI iscsiuio Socket[0m.
[[0;32m  OK  [0m] Listening on [0;1;39mSSSD Kerberos…ache Manager responder socket[0m.
[[0;32m  OK  [0m] Listening on [0;1;39mLibvirt interface local socket[0m.
[[0;32m  OK  [0m] Listening on [0;1;39mVirtual machine lock manager socket[0m.
[[0;32m  OK  [0m] Listening on [0;1;39mVirtual machine log manager socket[0m.
[[0;32m  OK  [0m] Listening on [0;1;39mLibvirt network local socket[0m.
[[0;32m  OK  [0m] Listening on [0;1;39mLibvirt nodedev local socket[0m.
[[0;32m  OK  [0m] Listening on [0;1;39mLibvirt nwfilter local socket[0m.
[[0;32m  OK  [0m] Listening on [0;1;39mLibvirt proxy local socket[0m.
[[0;32m  OK  [0m] Listening on [0;1;39mLibvirt qemu local socket[0m.
[[0;32m  OK  [0m] Listening on [0;1;39mLibvirt qemu admin socket[0m.
[[0;32m  OK  [0m] Listening on [0;1;39mLibvirt qemu local read-only socket[0m.
[[0;32m  OK  [0m] Listening on [0;1;39mLibvirt secret local socket[0m.
[[0;32m  OK  [0m] Listening on [0;1;39mLibvirt storage local socket[0m.
[[0;32m  OK  [0m] Reached target [0;1;39mSocket Units[0m.
         Starting [0;1;39mD-Bus System Message Bus[0m...
[[0;32m  OK  [0m] Started [0;1;39mD-Bus System Message Bus[0m.
[[0;32m  OK  [0m] Reached target [0;1;39mBasic System[0m.
         Starting [0;1;39mNetwork Manager[0m...
         Starting [0;1;39mNTP client/server[0m...
         Starting [0;1;39mRestore /run/initramfs on shutdown[0m...
[[0;32m  OK  [0m] Started [0;1;39mlibstoragemgmt plug-in server daemon[0m.
[[0;32m  OK  [0m] Started [0;1;39mMachine Check Exception Logging Daemon[0m.
[[0;32m  OK  [0m] Reached target [0;1;39msshd-keygen.target[0m.
[[0;32m  OK  [0m] Reached target [0;1;39mUser and Group Name Lookups[0m.
         Starting [0;1;39mUser Login Management[0m...
         Starting [0;1;39mVirtual Machine a…tainer Registration Service[0m...
         Starting [0;1;39mupdate of the roo…NSSEC validation in unbound[0m...
         Starting [0;1;39mRotate log files[0m...
[[0;32m  OK  [0m] Started [0;1;39mUpdate a database for mlocate[0m.
[[0;32m  OK  [0m] Finished [0;1;39mRestore /run/initramfs on shutdown[0m.
[[0;32m  OK  [0m] Started [0;1;39mVirtual Machine an…ontainer Registration Service[0m.
         Starting [0;1;39mHostname Service[0m...
[[0;32m  OK  [0m] Finished [0;1;39mupdate of the roo… DNSSEC validation in unbound[0m.
[[0;32m  OK  [0m] Started [0;1;39mNTP client/server[0m.
[[0;32m  OK  [0m] Started [0;1;39mUser Login Management[0m.
[[0;32m  OK  [0m] Started [0;1;39mHostname Service[0m.
[[0;32m  OK  [0m] Finished [0;1;39mRotate log files[0m.
         Starting [0;1;39mNetwork Manager Script Dispatcher Service[0m...
[[0;32m  OK  [0m] Started [0;1;39mNetwork Manager Script Dispatcher Service[0m.
[[0;32m  OK  [0m] Started [0;1;39mNetwork Manager[0m.
[[0;32m  OK  [0m] Reached target [0;1;39mNetwork[0m.
[[0;32m  OK  [0m] Reached target [0;1;39mNetwork is Online[0m.
         Starting [0;1;39mGSSAPI Proxy Daemon[0m...
         Starting [0;1;39mNotify NFS peers of a restart[0m...
         Starting [0;1;39mSystem Logging Service[0m...
         Starting [0;1;39mOpenSSH server daemon[0m...
         Starting [0;1;39mDynamic System Tuning Daemon[0m...
[[0;32m  OK  [0m] Started [0;1;39mNotify NFS peers of a restart[0m.
[[0;32m  OK  [0m] Started [0;1;39mGSSAPI Proxy Daemon[0m.
[[0;32m  OK  [0m] Reached target [0;1;39mNFS client services[0m.
[[0;32m  OK  [0m] Reached target [0;1;39mPreparation for Remote File Systems[0m.
[[0;32m  OK  [0m] Reached target [0;1;39mRemote File Systems[0m.
         Starting [0;1;39mPermit User Sessions[0m...
         Starting [0;1;39mVirtualization qemu daemon[0m...
[[0;32m  OK  [0m] Started [0;1;39mOpenSSH server daemon[0m.
[[0;32m  OK  [0m] Finished [0;1;39mPermit User Sessions[0m.
[[0;32m  OK  [0m] Started [0;1;39mDeferred execution scheduler[0m.
[[0;32m  OK  [0m] Started [0;1;39mCommand Scheduler[0m.
         Starting [0;1;39mHold until boot process finishes up[0m...
         Starting [0;1;39mTerminate Plymouth Boot Screen[0m...

CentOS Stream 9
Kernel 6.13.0-rc1-2024-12-02-intel-next+ on an x86_64

Activate the web console with: systemctl enable --now cockpit.socket

test login: [   45.056493] loop2: detected capacity change from 0 to 32768
[   45.064024] loop1: detected capacity change from 0 to 32768
[   45.064945] XFS: ikeep mount option is deprecated.
[   45.065520] XFS: attr2 mount option is deprecated.
[   45.094032] XFS: ikeep mount option is deprecated.
[   45.094651] XFS: attr2 mount option is deprecated.
[   45.136542] loop0: detected capacity change from 0 to 32768
[   45.144186] XFS: ikeep mount option is deprecated.
[   45.144775] XFS: attr2 mount option is deprecated.
[   45.160242] loop3: detected capacity change from 0 to 32768
[   45.161061] XFS: ikeep mount option is deprecated.
[   45.161621] XFS: attr2 mount option is deprecated.
[   45.194503] XFS (loop1): Mounting V5 Filesystem bc2378ed-6193-40d5-9d59-7ebcb787b415
[   45.200264] XFS (loop2): Mounting V5 Filesystem bc2378ed-6193-40d5-9d59-7ebcb787b415
[   45.209796] loop4: detected capacity change from 0 to 32768
[   45.213339] XFS: ikeep mount option is deprecated.
[   45.213939] XFS: attr2 mount option is deprecated.
[   45.229739] loop5: detected capacity change from 0 to 32768
[   45.230602] XFS: ikeep mount option is deprecated.
[   45.231178] XFS: attr2 mount option is deprecated.
[   45.253730] XFS (loop3): Mounting V5 Filesystem bc2378ed-6193-40d5-9d59-7ebcb787b415
[   45.265440] loop6: detected capacity change from 0 to 32768
[   45.268513] loop7: detected capacity change from 0 to 32768
[   45.269391] XFS: ikeep mount option is deprecated.
[   45.269971] XFS: attr2 mount option is deprecated.
[   45.290545] XFS (loop0): Mounting V5 Filesystem bc2378ed-6193-40d5-9d59-7ebcb787b415
[   45.293466] XFS: ikeep mount option is deprecated.
[   45.294064] XFS: attr2 mount option is deprecated.
[   45.310930] XFS (loop1): Ending clean mount
[   45.312072] XFS (loop2): Ending clean mount
[   45.318076] XFS (loop5): Mounting V5 Filesystem bc2378ed-6193-40d5-9d59-7ebcb787b415
[   45.326345] XFS (loop2): Quotacheck needed: Please wait.
[   45.332292] XFS (loop1): Quotacheck needed: Please wait.
[   45.339512] XFS (loop4): Mounting V5 Filesystem bc2378ed-6193-40d5-9d59-7ebcb787b415
[   45.348096] XFS (loop3): Ending clean mount
[   45.353322] XFS (loop6): Mounting V5 Filesystem bc2378ed-6193-40d5-9d59-7ebcb787b415
[   45.392439] XFS (loop3): Quotacheck needed: Please wait.
[   45.394933] XFS (loop7): Mounting V5 Filesystem bc2378ed-6193-40d5-9d59-7ebcb787b415
[   45.403165] XFS (loop1): Quotacheck: Done.
[   45.466337] XFS (loop2): Quotacheck: Done.
[   45.471113] XFS (loop4): Ending clean mount
[   45.478770] XFS (loop3): Quotacheck: Done.
[   45.489986] XFS (loop4): Quotacheck needed: Please wait.
[   45.523948] XFS (loop5): Ending clean mount
[   45.560162] XFS (loop5): Quotacheck needed: Please wait.
[   45.592803] XFS (loop6): Ending clean mount
[   45.594399] XFS (loop7): Ending clean mount
[   45.596818] XFS (loop0): Ending clean mount
[   45.619470] XFS (loop0): Quotacheck needed: Please wait.
[   45.620808] XFS (loop7): Quotacheck needed: Please wait.
[   45.624530] XFS (loop6): Quotacheck needed: Please wait.
[   45.631148] XFS (loop4): Quotacheck: Done.
[   45.688117] XFS (loop5): Quotacheck: Done.
[   45.698745] XFS (loop7): Quotacheck: Done.
[   45.820528] XFS (loop6): Quotacheck: Done.
[   45.837050] ------------[ cut here ]------------
[   45.837699] WARNING: CPU: 0 PID: 731 at net/ipv6/ip6mr.c:419 ip6mr_free_table+0xc6/0x130
[   45.838712] Modules linked in:
[   45.839119] CPU: 0 UID: 0 PID: 731 Comm: repro Not tainted 6.13.0-rc1-2024-12-02-intel-next+ #1
[   45.840275] Hardware name: QEMU Standard PC (i440FX + PIIX, 1996), BIOS 0.0.0 02/06/2015
[   45.841209] RIP: 0010:ip6mr_free_table+0xc6/0x130
[   45.841782] Code: 40 0d 00 00 48 b8 00 00 00 00 00 fc ff df 48 89 fa 48 c1 ea 03 80 3c 02 00 75 5e 48 83 bb 40 0d 00 00 00 74 07 e8 ba 91 09 fc <0f> 0b e8 b3 91 09 fc 49 8d 7c 24 38 e8 b9 36 f6 fb 4c 89 e7 be 0f
[   45.843907] RSP: 0018:ffff88802471fb88 EFLAGS: 00010293
[   45.844541] RAX: 0000000000000000 RBX: ffff88800afe8000 RCX: ffffffff855e94ff
[   45.845371] RDX: ffff88800c560000 RSI: ffffffff855e9536 RDI: ffff88800afe8d40
[   45.846256] RBP: ffff88802471fba0 R08: 0000000000000000 R09: ffffed10015fd028
[   45.847077] R10: 0000000000000001 R11: 0000000000000001 R12: ffff88801ce80000
[   45.847939] R13: 0000000000000001 R14: dead000000000100 R15: dffffc0000000000
[   45.848774] FS:  00007fef6f055640(0000) GS:ffff88806b000000(0000) knlGS:0000000000000000
[   45.849705] CS:  0010 DS: 0000 ES: 0000 CR0: 0000000080050033
[   45.850383] CR2: 0000564d00af8f50 CR3: 0000000005c68001 CR4: 0000000000770ef0
[   45.851214] DR0: 0000000000000000 DR1: 0000000000000000 DR2: 0000000000000000
[   45.852076] DR3: 0000000000000000 DR6: 00000000fffe0ff0 DR7: 0000000000000400
[   45.852919] PKRU: 55555554
[   45.853272] Call Trace:
[   45.853580]  <TASK>
[   45.853854]  ? show_regs+0x6d/0x80
[   45.854310]  ? __warn+0xf3/0x390
[   45.854739]  ? report_bug+0x25e/0x4b0
[   45.855238]  ? ip6mr_free_table+0xc6/0x130
[   45.855793]  ? report_bug+0x2cb/0x4b0
[   45.856295]  ? ip6mr_free_table+0xc6/0x130
[   45.856828]  ? ip6mr_free_table+0xc7/0x130
[   45.857353]  ? handle_bug+0xf1/0x190
[   45.857833]  ? exc_invalid_op+0x3c/0x80
[   45.858337]  ? asm_exc_invalid_op+0x1f/0x30
[   45.858889]  ? ip6mr_free_table+0x8f/0x130
[   45.859415]  ? ip6mr_free_table+0xc6/0x130
[   45.859962]  ? ip6mr_free_table+0xc6/0x130
[   45.860500]  ? ip6mr_free_table+0xc6/0x130
[   45.861037]  ip6mr_rules_exit+0x12a/0x260
[   45.861562]  ip6mr_net_exit_batch+0x5d/0xb0
[   45.862090]  ? __pfx_ip6mr_net_exit_batch+0x10/0x10
[   45.862695]  ? __pfx_ip6mr_net_exit+0x10/0x10
[   45.863253]  ops_exit_list+0x132/0x190
[   45.863768]  setup_net+0x502/0x840
[   45.864221]  ? __pfx_setup_net+0x10/0x10
[   45.864720]  ? __pfx_down_read_killable+0x10/0x10
[   45.865317]  ? __mutex_init+0xfd/0x140
[   45.865812]  copy_net_ns+0x2bb/0x6e0
[   45.866287]  create_new_namespaces+0x403/0xb40
[   45.866857]  unshare_nsproxy_namespaces+0xca/0x200
[   45.867455]  ksys_unshare+0x482/0xae0
[   45.867960]  ? __pfx_ksys_unshare+0x10/0x10
[   45.868502]  ? __audit_syscall_entry+0x39c/0x500
[   45.869103]  __x64_sys_unshare+0x3a/0x50
[   45.869605]  x64_sys_call+0xd3e/0x2140
[   45.870086]  do_syscall_64+0x6d/0x140
[   45.870551]  entry_SYSCALL_64_after_hwframe+0x76/0x7e
[   45.871176] RIP: 0033:0x7fef6ee3ee5d
[   45.871619] Code: ff c3 66 2e 0f 1f 84 00 00 00 00 00 90 f3 0f 1e fa 48 89 f8 48 89 f7 48 89 d6 48 89 ca 4d 89 c2 4d 89 c8 4c 8b 4c 24 08 0f 05 <48> 3d 01 f0 ff ff 73 01 c3 48 8b 0d 93 af 1b 00 f7 d8 64 89 01 48
[   45.873753] RSP: 002b:00007fef6f054ca8 EFLAGS: 00000297 ORIG_RAX: 0000000000000110
[   45.874638] RAX: ffffffffffffffda RBX: 00007fef6f055640 RCX: 00007fef6ee3ee5d
[   45.875471] RDX: 00007fef6ee3ee5d RSI: 00000000000f4240 RDI: 0000000064040280
[   45.876321] RBP: 00007fef6f054d60 R08: 0000000100000001 R09: 0000000000000000
[   45.877149] R10: 0000000000000000 R11: 0000000000000297 R12: 00007fef6f055640
[   45.877991] R13: 0000000000000006 R14: 00007fef6ee9f560 R15: 0000000000000000
[   45.878857]  </TASK>
[   45.879138] irq event stamp: 50615
[   45.879549] hardirqs last  enabled at (50623): [<ffffffff81460745>] __up_console_sem+0x95/0xb0
[   45.880573] hardirqs last disabled at (50632): [<ffffffff8146072a>] __up_console_sem+0x7a/0xb0
[   45.881577] softirqs last  enabled at (50480): [<ffffffff8128c08e>] __irq_exit_rcu+0x10e/0x170
[   45.882588] softirqs last disabled at (50471): [<ffffffff8128c08e>] __irq_exit_rcu+0x10e/0x170
[   45.883597] ---[ end trace 0000000000000000 ]---
[   46.033816] XFS (loop0): Quotacheck: Done.
[   46.116394] ------------[ cut here ]------------
[   46.116966] WARNING: CPU: 0 PID: 749 at net/ipv4/ipmr.c:440 ipmr_rules_exit+0x14b/0x1d0
[   46.117921] Modules linked in:
[   46.118301] CPU: 0 UID: 0 PID: 749 Comm: repro Tainted: G        W          6.13.0-rc1-2024-12-02-intel-next+ #1
[   46.119466] Tainted: [W]=WARN
[   46.119954] Hardware name: QEMU Standard PC (i440FX + PIIX, 1996), BIOS 0.0.0 02/06/2015
[   46.120887] RIP: 0010:ipmr_rules_exit+0x14b/0x1d0
[   46.121569] Code: df 48 c1 ea 03 80 3c 02 00 75 7b 48 c7 83 08 08 00 00 00 00 00 00 5b 41 5c 41 5d 41 5e 41 5f 5d c3 cc cc cc cc e8 85 e5 2b fc <0f> 0b eb 91 e8 7c e5 2b fc 44 0f b6 25 1d 38 87 02 31 ff 44 89 e6
[   46.123773] RSP: 0018:ffff888009a8fbc0 EFLAGS: 00010293
[   46.124395] RAX: 0000000000000000 RBX: ffff888027583880 RCX: ffffffff853c40fb
[   46.125222] RDX: ffff888006102bc0 RSI: ffffffff853c416b RDI: 0000000000000005
[   46.126156] RBP: ffff888009a8fbe8 R08: 0000000000000000 R09: ffffed1004eb0738
[   46.126985] R10: 0000000000000001 R11: 0000000000000001 R12: ffff88802fc50000
[   46.127867] R13: 0000000000000001 R14: ffff888027584088 R15: ffff888027583880
[   46.128697] FS:  00007fef6f055640(0000) GS:ffff88806b000000(0000) knlGS:0000000000000000
[   46.129626] CS:  0010 DS: 0000 ES: 0000 CR0: 0000000080050033
[   46.130303] CR2: 00007fa46c24c270 CR3: 000000001b070004 CR4: 0000000000770ef0
[   46.131072] DR0: 0000000000000000 DR1: 0000000000000000 DR2: 0000000000000000
[   46.131869] DR3: 0000000000000000 DR6: 00000000fffe0ff0 DR7: 0000000000000400
[   46.132638] PKRU: 55555554
[   46.132948] Call Trace:
[   46.133260]  <TASK>
[   46.133521]  ? show_regs+0x6d/0x80
[   46.133953]  ? __warn+0xf3/0x390
[   46.134373]  ? report_bug+0x25e/0x4b0
[   46.134838]  ? ipmr_rules_exit+0x14b/0x1d0
[   46.135364]  ? report_bug+0x2cb/0x4b0
[   46.135870]  ? ipmr_rules_exit+0x14b/0x1d0
[   46.136394]  ? ipmr_rules_exit+0x14c/0x1d0
[   46.136894]  ? handle_bug+0xf1/0x190
[   46.137360]  ? exc_invalid_op+0x3c/0x80
[   46.137847]  ? asm_exc_invalid_op+0x1f/0x30
[   46.138381]  ? ipmr_rules_exit+0xdb/0x1d0
[   46.138895]  ? ipmr_rules_exit+0x14b/0x1d0
[   46.139419]  ? ipmr_rules_exit+0x14b/0x1d0
[   46.139973]  ipmr_net_exit_batch+0x5d/0xb0
[   46.140489]  ? __pfx_ipmr_net_exit_batch+0x10/0x10
[   46.141089]  ? __pfx_ipmr_net_exit+0x10/0x10
[   46.141631]  ops_exit_list+0x132/0x190
[   46.142114]  setup_net+0x502/0x840
[   46.142562]  ? __pfx_setup_net+0x10/0x10
[   46.143066]  ? __pfx_down_read_killable+0x10/0x10
[   46.143683]  ? __mutex_init+0xfd/0x140
[   46.144174]  copy_net_ns+0x2bb/0x6e0
[   46.144640]  create_new_namespaces+0x403/0xb40
[   46.145215]  unshare_nsproxy_namespaces+0xca/0x200
[   46.145798]  ksys_unshare+0x482/0xae0
[   46.146266]  ? __pfx_ksys_unshare+0x10/0x10
[   46.146793]  ? __audit_syscall_entry+0x39c/0x500
[   46.147378]  __x64_sys_unshare+0x3a/0x50
[   46.147894]  x64_sys_call+0xd3e/0x2140
[   46.148362]  do_syscall_64+0x6d/0x140
[   46.148817]  entry_SYSCALL_64_after_hwframe+0x76/0x7e
[   46.149426] RIP: 0033:0x7fef6ee3ee5d
[   46.149884] Code: ff c3 66 2e 0f 1f 84 00 00 00 00 00 90 f3 0f 1e fa 48 89 f8 48 89 f7 48 89 d6 48 89 ca 4d 89 c2 4d 89 c8 4c 8b 4c 24 08 0f 05 <48> 3d 01 f0 ff ff 73 01 c3 48 8b 0d 93 af 1b 00 f7 d8 64 89 01 48
[   46.152046] RSP: 002b:00007fef6f054ca8 EFLAGS: 00000297 ORIG_RAX: 0000000000000110
[   46.152938] RAX: ffffffffffffffda RBX: 00007fef6f055640 RCX: 00007fef6ee3ee5d
[   46.153741] RDX: 00007fef6ee3ee5d RSI: 00000000000f4240 RDI: 0000000064040280
[   46.154526] RBP: 00007fef6f054d60 R08: 0000000100000001 R09: 0000000000000000
[   46.155314] R10: 0000000000000000 R11: 0000000000000297 R12: 00007fef6f055640
[   46.156144] R13: 0000000000000006 R14: 00007fef6ee9f560 R15: 0000000000000000
[   46.156987]  </TASK>
[   46.157270] irq event stamp: 50407
[   46.157679] hardirqs last  enabled at (50415): [<ffffffff81460745>] __up_console_sem+0x95/0xb0
[   46.158681] hardirqs last disabled at (50422): [<ffffffff8146072a>] __up_console_sem+0x7a/0xb0
[   46.159674] softirqs last  enabled at (50388): [<ffffffff8128c08e>] __irq_exit_rcu+0x10e/0x170
[   46.160656] softirqs last disabled at (50379): [<ffffffff8128c08e>] __irq_exit_rcu+0x10e/0x170
[   46.161641] ---[ end trace 0000000000000000 ]---
