[2J[01;01H[=3h[2J[01;01H[2J[01;01H[=3h[2J[01;01H[2J[01;01H[=3h[2J[01;01H[0m[35m[40m[    0.000000] Linux version 6.2.0-rc2+ (root@localhost.localdomain) (gcc (GCC) 11.5.0 20240719 (Red Hat 11.5.0-2), GNU ld version 2.35.2-54.el9) #1 SMP PREEMPT_DYNAMIC Tue Dec  3 17:02:50 CST 2024
[    0.000000] Command line: console=ttyS0 root=/dev/sda earlyprintk=serial net.ifnames=0
[    0.000000] KERNEL supported cpus:
[    0.000000]   Intel GenuineIntel
[    0.000000]   AMD AuthenticAMD
[    0.000000]   Hygon HygonGenuine
[    0.000000]   Centaur CentaurHauls
[    0.000000]   zhaoxin   Shanghai  
[    0.000000] x86/fpu: Supporting XSAVE feature 0x001: 'x87 floating point registers'
[    0.000000] x86/fpu: Supporting XSAVE feature 0x002: 'SSE registers'
[    0.000000] x86/fpu: Supporting XSAVE feature 0x004: 'AVX registers'
[    0.000000] x86/fpu: Supporting XSAVE feature 0x008: 'MPX bounds registers'
[    0.000000] x86/fpu: Supporting XSAVE feature 0x010: 'MPX CSR'
[    0.000000] x86/fpu: Supporting XSAVE feature 0x020: 'AVX-512 opmask'
[    0.000000] x86/fpu: Supporting XSAVE feature 0x040: 'AVX-512 Hi256'
[    0.000000] x86/fpu: Supporting XSAVE feature 0x080: 'AVX-512 ZMM_Hi256'
[    0.000000] x86/fpu: Supporting XSAVE feature 0x200: 'Protection Keys User registers'
[    0.000000] x86/fpu: xstate_offset[2]:  576, xstate_sizes[2]:  256
[    0.000000] x86/fpu: xstate_offset[3]:  832, xstate_sizes[3]:   64
[    0.000000] x86/fpu: xstate_offset[4]:  896, xstate_sizes[4]:   64
[    0.000000] x86/fpu: xstate_offset[5]:  960, xstate_sizes[5]:   64
[    0.000000] x86/fpu: xstate_offset[6]: 1024, xstate_sizes[6]:  512
[    0.000000] x86/fpu: xstate_offset[7]: 1536, xstate_sizes[7]: 1024
[    0.000000] x86/fpu: xstate_offset[9]: 2560, xstate_sizes[9]:    8
[    0.000000] x86/fpu: Enabled xstate features 0x2ff, context size is 2568 bytes, using 'compacted' format.
[    0.000000] signal: max sigframe size: 3632
[    0.000000] BIOS-provided physical RAM map:
[    0.000000] BIOS-e820: [mem 0x0000000000000000-0x000000000009ffff] usable
[    0.000000] BIOS-e820: [mem 0x0000000000100000-0x00000000007fffff] usable
[    0.000000] BIOS-e820: [mem 0x0000000000800000-0x0000000000807fff] ACPI NVS
[    0.000000] BIOS-e820: [mem 0x0000000000808000-0x000000000080ffff] usable
[    0.000000] BIOS-e820: [mem 0x0000000000810000-0x00000000008fffff] ACPI NVS
[    0.000000] BIOS-e820: [mem 0x0000000000900000-0x000000007e80ffff] usable
[    0.000000] BIOS-e820: [mem 0x000000007e810000-0x000000007e810fff] ACPI data
[    0.000000] BIOS-e820: [mem 0x000000007e811000-0x000000007e8b7fff] usable
[    0.000000] BIOS-e820: [mem 0x000000007e8b8000-0x000000007e8c5fff] ACPI NVS
[    0.000000] BIOS-e820: [mem 0x000000007e8c6000-0x000000007e8defff] reserved
[    0.000000] BIOS-e820: [mem 0x000000007e8df000-0x000000007e9edfff] usable
[    0.000000] BIOS-e820: [mem 0x000000007e9ee000-0x000000007eb1afff] reserved
[    0.000000] BIOS-e820: [mem 0x000000007eb1b000-0x000000007fb9afff] usable
[    0.000000] BIOS-e820: [mem 0x000000007fb9b000-0x000000007fbf2fff] reserved
[    0.000000] BIOS-e820: [mem 0x000000007fbf3000-0x000000007fbfafff] ACPI data
[    0.000000] BIOS-e820: [mem 0x000000007fbfb000-0x000000007fbfefff] ACPI NVS
[    0.000000] BIOS-e820: [mem 0x000000007fbff000-0x000000007ff57fff] usable
[    0.000000] BIOS-e820: [mem 0x000000007ff58000-0x000000007ff77fff] reserved
[    0.000000] BIOS-e820: [mem 0x000000007ff78000-0x000000007fffffff] ACPI NVS
[    0.000000] printk: bootconsole [earlyser0] enabled
[    0.000000] NX (Execute Disable) protection: active
[    0.000000] extended physical RAM map:
[    0.000000] reserve setup_data: [mem 0x0000000000000000-0x000000000009ffff] usable
[    0.000000] reserve setup_data: [mem 0x0000000000100000-0x00000000007fffff] usable
[    0.000000] reserve setup_data: [mem 0x0000000000800000-0x0000000000807fff] ACPI NVS
[    0.000000] reserve setup_data: [mem 0x0000000000808000-0x000000000080ffff] usable
[    0.000000] reserve setup_data: [mem 0x0000000000810000-0x00000000008fffff] ACPI NVS
[    0.000000] reserve setup_data: [mem 0x0000000000900000-0x000000007e7e8017] usable
[    0.000000] reserve setup_data: [mem 0x000000007e7e8018-0x000000007e80f457] usable
[    0.000000] reserve setup_data: [mem 0x000000007e80f458-0x000000007e80ffff] usable
[    0.000000] reserve setup_data: [mem 0x000000007e810000-0x000000007e810fff] ACPI data
[    0.000000] reserve setup_data: [mem 0x000000007e811000-0x000000007e8b7fff] usable
[    0.000000] reserve setup_data: [mem 0x000000007e8b8000-0x000000007e8c5fff] ACPI NVS
[    0.000000] reserve setup_data: [mem 0x000000007e8c6000-0x000000007e8defff] reserved
[    0.000000] reserve setup_data: [mem 0x000000007e8df000-0x000000007e9edfff] usable
[    0.000000] reserve setup_data: [mem 0x000000007e9ee000-0x000000007eb1afff] reserved
[    0.000000] reserve setup_data: [mem 0x000000007eb1b000-0x000000007fb9afff] usable
[    0.000000] reserve setup_data: [mem 0x000000007fb9b000-0x000000007fbf2fff] reserved
[    0.000000] reserve setup_data: [mem 0x000000007fbf3000-0x000000007fbfafff] ACPI data
[    0.000000] reserve setup_data: [mem 0x000000007fbfb000-0x000000007fbfefff] ACPI NVS
[    0.000000] reserve setup_data: [mem 0x000000007fbff000-0x000000007ff57fff] usable
[    0.000000] reserve setup_data: [mem 0x000000007ff58000-0x000000007ff77fff] reserved
[    0.000000] reserve setup_data: [mem 0x000000007ff78000-0x000000007fffffff] ACPI NVS
[    0.000000] efi: EFI v2.70 by EDK II
[    0.000000] efi: SMBIOS=0x7fbcc000 ACPI=0x7fbfa000 ACPI 2.0=0x7fbfa014 MEMATTR=0x7ee92698 
[    0.000000] SMBIOS 2.8 present.
[    0.000000] DMI: QEMU Standard PC (i440FX + PIIX, 1996), BIOS 0.0.0 02/06/2015
[    0.000000] Hypervisor detected: KVM
[    0.000000] kvm-clock: Using msrs 4b564d01 and 4b564d00
[    0.000006] kvm-clock: using sched offset of 2844125000 cycles
[    0.000802] clocksource: kvm-clock: mask: 0xffffffffffffffff max_cycles: 0x1cd42e4dffb, max_idle_ns: 881590591483 ns
[    0.003285] tsc: Detected 2095.076 MHz processor
[    0.004171] last_pfn = 0x7ff58 max_arch_pfn = 0x400000000
[    0.005036] x86/PAT: Configuration [0-7]: WB  WC  UC- UC  WB  WP  UC- WT  
[    0.027655] Using GB pages for direct mapping
[    0.031820] Secure boot disabled
[    0.032310] ACPI: Early table checksum verification disabled
[    0.033197] ACPI: RSDP 0x000000007FBFA014 000024 (v02 BOCHS )
[    0.034112] ACPI: XSDT 0x000000007FBF90E8 000044 (v01 BOCHS  BXPC     00000001      01000013)
[    0.035465] ACPI: FACP 0x000000007FBF6000 000074 (v01 BOCHS  BXPC     00000001 BXPC 00000001)
[    0.036815] ACPI: DSDT 0x000000007FBF7000 00176F (v01 BOCHS  BXPC     00000001 BXPC 00000001)
[    0.038152] ACPI: FACS 0x000000007FBFD000 000040
[    0.038898] ACPI: APIC 0x000000007FBF5000 000078 (v01 BOCHS  BXPC     00000001 BXPC 00000001)
[    0.040238] ACPI: HPET 0x000000007FBF4000 000038 (v01 BOCHS  BXPC     00000001 BXPC 00000001)
[    0.041572] ACPI: WAET 0x000000007FBF3000 000028 (v01 BOCHS  BXPC     00000001 BXPC 00000001)
[    0.042903] ACPI: Reserving FACP table memory at [mem 0x7fbf6000-0x7fbf6073]
[    0.044000] ACPI: Reserving DSDT table memory at [mem 0x7fbf7000-0x7fbf876e]
[    0.045091] ACPI: Reserving FACS table memory at [mem 0x7fbfd000-0x7fbfd03f]
[    0.046187] ACPI: Reserving APIC table memory at [mem 0x7fbf5000-0x7fbf5077]
[    0.047281] ACPI: Reserving HPET table memory at [mem 0x7fbf4000-0x7fbf4037]
[    0.048385] ACPI: Reserving WAET table memory at [mem 0x7fbf3000-0x7fbf3027]
[    0.050675] No NUMA configuration found
[    0.051260] Faking a node at [mem 0x0000000000000000-0x000000007ff57fff]
[    0.052331] NODE_DATA(0) allocated [mem 0x7fecf000-0x7fef9fff]
[    0.056190] Zone ranges:
[    0.056580]   DMA      [mem 0x0000000000001000-0x0000000000ffffff]
[    0.057525]   DMA32    [mem 0x0000000001000000-0x000000007ff57fff]
[    0.058469]   Normal   empty
[    0.058917]   Device   empty
[    0.059363] Movable zone start for each node
[    0.060018] Early memory node ranges
[    0.060565]   node   0: [mem 0x0000000000001000-0x000000000009ffff]
[    0.061521]   node   0: [mem 0x0000000000100000-0x00000000007fffff]
[    0.062478]   node   0: [mem 0x0000000000808000-0x000000000080ffff]
[    0.063440]   node   0: [mem 0x0000000000900000-0x000000007e80ffff]
[    0.064399]   node   0: [mem 0x000000007e811000-0x000000007e8b7fff]
[    0.065356]   node   0: [mem 0x000000007e8df000-0x000000007e9edfff]
[    0.066312]   node   0: [mem 0x000000007eb1b000-0x000000007fb9afff]
[    0.067269]   node   0: [mem 0x000000007fbff000-0x000000007ff57fff]
[    0.068230] Initmem setup node 0 [mem 0x0000000000001000-0x000000007ff57fff]
[    0.069682] On node 0, zone DMA: 1 pages in unavailable ranges
[    0.069746] On node 0, zone DMA: 96 pages in unavailable ranges
[    0.070633] On node 0, zone DMA: 8 pages in unavailable ranges
[    0.071585] On node 0, zone DMA: 240 pages in unavailable ranges
[    0.091512] On node 0, zone DMA32: 1 pages in unavailable ranges
[    0.092494] On node 0, zone DMA32: 39 pages in unavailable ranges
[    0.093552] On node 0, zone DMA32: 301 pages in unavailable ranges
[    0.094525] On node 0, zone DMA32: 100 pages in unavailable ranges
[    0.095484] On node 0, zone DMA32: 168 pages in unavailable ranges
[    0.169386] kasan: KernelAddressSanitizer initialized
[    0.171490] ACPI: PM-Timer IO Port: 0xb008
[    0.172144] ACPI: LAPIC_NMI (acpi_id[0xff] dfl dfl lint[0x1])
[    0.173105] IOAPIC[0]: apic_id 0, version 17, address 0xfec00000, GSI 0-23
[    0.174205] ACPI: INT_SRC_OVR (bus 0 bus_irq 0 global_irq 2 dfl dfl)
[    0.175188] ACPI: INT_SRC_OVR (bus 0 bus_irq 5 global_irq 5 high level)
[    0.176208] ACPI: INT_SRC_OVR (bus 0 bus_irq 9 global_irq 9 high level)
[    0.177240] ACPI: INT_SRC_OVR (bus 0 bus_irq 10 global_irq 10 high level)
[    0.178297] ACPI: INT_SRC_OVR (bus 0 bus_irq 11 global_irq 11 high level)
[    0.179364] ACPI: Using ACPI (MADT) for SMP configuration information
[    0.180344] ACPI: HPET id: 0x8086a201 base: 0xfed00000
[    0.181140] TSC deadline timer available
[    0.181735] smpboot: Allowing 1 CPUs, 0 hotplug CPUs
[    0.182718] PM: hibernation: Registered nosave memory: [mem 0x00000000-0x00000fff]
[    0.184400] PM: hibernation: Registered nosave memory: [mem 0x000a0000-0x000fffff]
[    0.185556] PM: hibernation: Registered nosave memory: [mem 0x00800000-0x00807fff]
[    0.186710] PM: hibernation: Registered nosave memory: [mem 0x00810000-0x008fffff]
[    0.187870] PM: hibernation: Registered nosave memory: [mem 0x7e7e8000-0x7e7e8fff]
[    0.189026] PM: hibernation: Registered nosave memory: [mem 0x7e80f000-0x7e80ffff]
[    0.190174] PM: hibernation: Registered nosave memory: [mem 0x7e810000-0x7e810fff]
[    0.191313] PM: hibernation: Registered nosave memory: [mem 0x7e8b8000-0x7e8c5fff]
[    0.192443] PM: hibernation: Registered nosave memory: [mem 0x7e8c6000-0x7e8defff]
[    0.193587] PM: hibernation: Registered nosave memory: [mem 0x7e9ee000-0x7eb1afff]
[    0.194729] PM: hibernation: Registered nosave memory: [mem 0x7fb9b000-0x7fbf2fff]
[    0.195862] PM: hibernation: Registered nosave memory: [mem 0x7fbf3000-0x7fbfafff]
[    0.196990] PM: hibernation: Registered nosave memory: [mem 0x7fbfb000-0x7fbfefff]
[    0.198126] [mem 0x80000000-0xffffffff] available for PCI devices
[    0.199042] Booting paravirtualized kernel on KVM
[    0.199753] clocksource: refined-jiffies: mask: 0xffffffff max_cycles: 0xffffffff, max_idle_ns: 7645519600211568 ns
[    0.201335] setup_percpu: NR_CPUS:8192 nr_cpumask_bits:1 nr_cpu_ids:1 nr_node_ids:1
[    0.203087] percpu: Embedded 81 pages/cpu s294912 r8192 d28672 u2097152
[    0.204433] kvm-guest: PV spinlocks disabled, single CPU
[    0.205267] Fallback order for Node 0: 0 
[    0.205901] Built 1 zonelists, mobility grouping on.  Total pages: 513198
[    0.206929] Policy zone: DMA32
[    0.207392] Kernel command line: net.ifnames=0 console=ttyS0 root=/dev/sda earlyprintk=serial net.ifnames=0
[    0.209170] random: crng init done
[    0.210206] Dentry cache hash table entries: 262144 (order: 9, 2097152 bytes, linear)
[    0.211562] Inode-cache hash table entries: 131072 (order: 8, 1048576 bytes, linear)
[    0.213132] mem auto-init: stack:off, heap alloc:off, heap free:off
[    0.216050] stackdepot hash table entries: 1048576 (order: 11, 8388608 bytes, linear)
[    0.251334] Memory: 1550552K/2093336K available (71680K kernel code, 13960K rwdata, 16240K rodata, 13892K init, 68160K bss, 542528K reserved, 0K cma-reserved)
[    0.254277] SLUB: HWalign=64, Order=0-3, MinObjects=0, CPUs=1, Nodes=1
[    0.255273] kmemleak: Kernel memory leak detector disabled
[    0.256156] Kernel/User page tables isolation: enabled
[    0.257278] ftrace: allocating 66226 entries in 259 pages
[    0.283139] ftrace: allocated 259 pages with 3 groups
[    0.289013] Dynamic Preempt: voluntary
[    0.289842] Running RCU self tests
[    0.290333] rcu: Preemptible hierarchical RCU implementation.
[    0.291186] rcu: 	RCU lockdep checking is enabled.
[    0.291900] rcu: 	RCU restricting CPUs from NR_CPUS=8192 to nr_cpu_ids=1.
[    0.292932] 	Trampoline variant of Tasks RCU enabled.
[    0.293681] 	Rude variant of Tasks RCU enabled.
[    0.294363] 	Tracing variant of Tasks RCU enabled.
[    0.295086] rcu: RCU calculated value of scheduler-enlistment delay is 25 jiffies.
[    0.296224] rcu: Adjusting geometry for rcu_fanout_leaf=16, nr_cpu_ids=1
[    0.334661] NR_IRQS: 524544, nr_irqs: 256, preallocated irqs: 16
[    0.336005] rcu: srcu_init: Setting srcu_struct sizes based on contention.
[    0.337398] Console: colour dummy device 80x25
[    0.338152] printk: console [ttyS0] enabled
[    0.338152] printk: console [ttyS0] enabled
[    0.339457] printk: bootconsole [earlyser0] disabled
[    0.339457] printk: bootconsole [earlyser0] disabled
[    0.341017] Lock dependency validator: Copyright (c) 2006 Red Hat, Inc., Ingo Molnar
[    0.342227] ... MAX_LOCKDEP_SUBCLASSES:  8
[    0.342878] ... MAX_LOCK_DEPTH:          48
[    0.343543] ... MAX_LOCKDEP_KEYS:        8192
[    0.344236] ... CLASSHASH_SIZE:          4096
[    0.344934] ... MAX_LOCKDEP_ENTRIES:     524288
[    0.345649] ... MAX_LOCKDEP_CHAINS:      524288
[    0.346366] ... CHAINHASH_SIZE:          262144
[    0.347086]  memory used by lock dependency info: 54081 kB
[    0.347951]  memory used for stack traces: 4224 kB
[    0.348705]  per task-struct memory footprint: 1920 bytes
[    0.349633] ACPI: Core revision 20221020
[    0.350821] clocksource: hpet: mask: 0xffffffff max_cycles: 0xffffffff, max_idle_ns: 19112604467 ns
[    0.352414] APIC: Switch to symmetric I/O mode setup
[    0.353466] x2apic enabled
[    0.354172] Switched APIC routing to physical x2apic.
[    0.356781] ..TIMER: vector=0x30 apic1=0 pin1=2 apic2=-1 pin2=-1
[    0.357733] clocksource: tsc-early: mask: 0xffffffffffffffff max_cycles: 0x1e33052aadd, max_idle_ns: 440795310221 ns
[    0.359358] Calibrating delay loop (skipped) preset value.. 4190.15 BogoMIPS (lpj=8380304)
[    0.363373] pid_max: default: 32768 minimum: 301
[    0.372658] LSM: initializing lsm=capability,yama,integrity
[    0.373547] Yama: becoming mindful.
[    0.374418] Mount-cache hash table entries: 4096 (order: 3, 32768 bytes, linear)
[    0.375352] Mountpoint-cache hash table entries: 4096 (order: 3, 32768 bytes, linear)
[    0.378463] x86/cpu: User Mode Instruction Prevention (UMIP) activated
[    0.379457] Last level iTLB entries: 4KB 0, 2MB 0, 4MB 0
[    0.380279] Last level dTLB entries: 4KB 0, 2MB 0, 4MB 0, 1GB 0
[    0.381166] Spectre V1 : Mitigation: usercopy/swapgs barriers and __user pointer sanitization
[    0.382419] Spectre V2 : Mitigation: IBRS
[    0.383347] Spectre V2 : Spectre v2 / SpectreRSB mitigation: Filling RSB on context switch
[    0.384624] Spectre V2 : Spectre v2 / SpectreRSB : Filling RSB on VMEXIT
[    0.385654] RETBleed: Mitigation: IBRS
[    0.386251] Spectre V2 : mitigation: Enabling conditional Indirect Branch Prediction Barrier
[    0.387347] Speculative Store Bypass: Mitigation: Speculative Store Bypass disabled via prctl
[    0.388690] MDS: Mitigation: Clear CPU buffers
[    0.389384] TAA: Mitigation: Clear CPU buffers
[    0.390073] MMIO Stale Data: Vulnerable: Clear CPU buffers attempted, no microcode
[    0.605866] Freeing SMP alternatives memory: 52K
[    0.607059] smpboot: CPU0: Genuine Intel(R) CPU 0000%@ (family: 0x6, model: 0x55, stepping: 0x4)
[    0.607338] cblist_init_generic: Setting adjustable number of callback queues.
[    0.607338] cblist_init_generic: Setting shift to 0 and lim to 1.
[    0.607490] cblist_init_generic: Setting shift to 0 and lim to 1.
[    0.608597] cblist_init_generic: Setting shift to 0 and lim to 1.
[    0.609689] Running RCU-tasks wait API self tests
[    0.712077] Performance Events: Skylake events, full-width counters, Intel PMU driver.
[    0.715413] ... version:                2
[    0.717519] ... bit width:              48
[    0.719376] ... generic registers:      4
[    0.721490] ... value mask:             0000ffffffffffff
[    0.723375] ... max period:             00007fffffffffff
[    0.726143] ... fixed-purpose events:   3
[    0.727361] ... event mask:             000000070000000f
[    0.731027] rcu: Hierarchical SRCU implementation.
[    0.731360] rcu: 	Max phase no-delay instances is 1000.
[    0.735478] Callback from call_rcu_tasks_trace() invoked.
[    0.742765] smp: Bringing up secondary CPUs ...
[    0.743380] smp: Brought up 1 node, 1 CPU
[    0.744307] smpboot: Max logical packages: 1
[    0.745291] smpboot: Total of 1 processors activated (4190.15 BogoMIPS)
[    0.748556] devtmpfs: initialized
[    0.750032] x86/mm: Memory block size: 128MB
[    0.762436] ACPI: PM: Registering ACPI NVS region [mem 0x00800000-0x00807fff] (32768 bytes)
[    0.763383] ACPI: PM: Registering ACPI NVS region [mem 0x00810000-0x008fffff] (983040 bytes)
[    0.765417] ACPI: PM: Registering ACPI NVS region [mem 0x7e8b8000-0x7e8c5fff] (57344 bytes)
[    0.766785] ACPI: PM: Registering ACPI NVS region [mem 0x7fbfb000-0x7fbfefff] (16384 bytes)
[    0.767387] ACPI: PM: Registering ACPI NVS region [mem 0x7ff78000-0x7fffffff] (557056 bytes)
[    0.769976] clocksource: jiffies: mask: 0xffffffff max_cycles: 0xffffffff, max_idle_ns: 7645041785100000 ns
[    0.771359] futex hash table entries: 256 (order: 3, 32768 bytes, linear)
[    0.773077] pinctrl core: initialized pinctrl subsystem
[    0.775827] 
[    0.776104] *************************************************************
[    0.777128] **     NOTICE NOTICE NOTICE NOTICE NOTICE NOTICE NOTICE    **
[    0.778148] **                                                         **
[    0.779222] **  IOMMU DebugFS SUPPORT HAS BEEN ENABLED IN THIS KERNEL  **
[    0.779349] **                                                         **
[    0.780413] ** This means that this kernel is built to expose internal **
[    0.781478] ** IOMMU data structures, which may compromise security on **
[    0.782544] ** your system.                                            **
[    0.783348] **                                                         **
[    0.784414] ** If you see this message and you are not debugging the   **
[    0.785477] ** kernel, report this immediately to your vendor!         **
[    0.786533] **                                                         **
[    0.787348] **     NOTICE NOTICE NOTICE NOTICE NOTICE NOTICE NOTICE    **
[    0.788407] *************************************************************
[    0.789596] PM: RTC time: 14:56:57, date: 2024-12-04
[    0.795034] NET: Registered PF_NETLINK/PF_ROUTE protocol family
[    0.797228] DMA: preallocated 256 KiB GFP_KERNEL pool for atomic allocations
[    0.798364] DMA: preallocated 256 KiB GFP_KERNEL|GFP_DMA pool for atomic allocations
[    0.799385] DMA: preallocated 256 KiB GFP_KERNEL|GFP_DMA32 pool for atomic allocations
[    0.800734] audit: initializing netlink subsys (disabled)
[    0.804069] thermal_sys: Registered thermal governor 'fair_share'
[    0.804083] thermal_sys: Registered thermal governor 'bang_bang'
[    0.805044] thermal_sys: Registered thermal governor 'step_wise'
[    0.805978] thermal_sys: Registered thermal governor 'user_space'
[    0.807036] audit: type=2000 audit(1733324217.913:1): state=initialized audit_enabled=0 res=1
[    0.808666] cpuidle: using governor ladder
[    0.809366] cpuidle: using governor menu
[    0.810488] acpiphp: ACPI Hot Plug PCI Controller Driver version: 0.5
[    0.812256] PCI: Using configuration type 1 for base access
[    0.814598] kprobes: kprobe jump-optimization is enabled. All kprobes are optimized if possible.
[    0.815381] Callback from call_rcu_tasks_rude() invoked.
[    1.221258] Callback from call_rcu_tasks() invoked.
[    6.433266] HugeTLB: registered 1.00 GiB page size, pre-allocated 0 pages
[    6.434439] HugeTLB: 16380 KiB vmemmap can be freed for a 1.00 GiB page
[    6.435354] HugeTLB: registered 2.00 MiB page size, pre-allocated 0 pages
[    6.436430] HugeTLB: 28 KiB vmemmap can be freed for a 2.00 MiB page
[    6.444525] ACPI: Added _OSI(Module Device)
[    6.445188] ACPI: Added _OSI(Processor Device)
[    6.445899] ACPI: Added _OSI(3.0 _SCP Extensions)
[    6.446648] ACPI: Added _OSI(Processor Aggregator Device)
[    6.477205] ACPI: 1 ACPI AML tables successfully acquired and loaded
[    6.489530] ACPI: Interpreter enabled
[    6.490455] ACPI: PM: (supports S0 S3 S4 S5)
[    6.491139] ACPI: Using IOAPIC for interrupt routing
[    6.491536] PCI: Using host bridge windows from ACPI; if necessary, use "pci=nocrs" and report a bug
[    6.492967] PCI: Using E820 reservations for host bridge windows
[    6.496486] ACPI: Enabled 2 GPEs in block 00 to 0F
[    6.567311] ACPI: PCI Root Bridge [PCI0] (domain 0000 [bus 00-ff])
[    6.568375] acpi PNP0A03:00: _OSC: OS supports [ASPM ClockPM Segments MSI EDR HPX-Type3]
[    6.569665] acpi PNP0A03:00: _OSC: not requesting OS control; OS requires [ExtendedConfig ASPM ClockPM MSI]
[    6.571538] acpi PNP0A03:00: fail to add MMCONFIG information, can't access extended configuration space under this bridge
[    6.583454] acpiphp: Slot [2] registered
[    6.584384] acpiphp: Slot [3] registered
[    6.585307] acpiphp: Slot [4] registered
[    6.586239] acpiphp: Slot [5] registered
[    6.587160] acpiphp: Slot [6] registered
[    6.587638] acpiphp: Slot [7] registered
[    6.588569] acpiphp: Slot [8] registered
[    6.589508] acpiphp: Slot [9] registered
[    6.590444] acpiphp: Slot [10] registered
[    6.591383] acpiphp: Slot [11] registered
[    6.592315] acpiphp: Slot [12] registered
[    6.593251] acpiphp: Slot [13] registered
[    6.594188] acpiphp: Slot [14] registered
[    6.595116] acpiphp: Slot [15] registered
[    6.595644] acpiphp: Slot [16] registered
[    6.596574] acpiphp: Slot [17] registered
[    6.597509] acpiphp: Slot [18] registered
[    6.598443] acpiphp: Slot [19] registered
[    6.599403] acpiphp: Slot [20] registered
[    6.600341] acpiphp: Slot [21] registered
[    6.601291] acpiphp: Slot [22] registered
[    6.602217] acpiphp: Slot [23] registered
[    6.603153] acpiphp: Slot [24] registered
[    6.603645] acpiphp: Slot [25] registered
[    6.604582] acpiphp: Slot [26] registered
[    6.605507] acpiphp: Slot [27] registered
[    6.606436] acpiphp: Slot [28] registered
[    6.607320] acpiphp: Slot [29] registered
[    6.607636] acpiphp: Slot [30] registered
[    6.608520] acpiphp: Slot [31] registered
[    6.609297] PCI host bridge to bus 0000:00
[    6.609956] pci_bus 0000:00: root bus resource [io  0x0000-0x0cf7 window]
[    6.611027] pci_bus 0000:00: root bus resource [io  0x0d00-0xffff window]
[    6.611359] pci_bus 0000:00: root bus resource [mem 0x000a0000-0x000bffff window]
[    6.612538] pci_bus 0000:00: root bus resource [mem 0x80000000-0xfebfffff window]
[    6.613713] pci_bus 0000:00: root bus resource [mem 0x800000000-0x87fffffff window]
[    6.614917] pci_bus 0000:00: root bus resource [bus 00-ff]
[    6.615714] pci 0000:00:00.0: [8086:1237] type 00 class 0x060000
[    6.635413] pci 0000:00:01.0: [8086:7000] type 00 class 0x060100
[    6.638635] pci 0000:00:01.1: [8086:7010] type 00 class 0x010180
[    6.641683] pci 0000:00:01.1: reg 0x20: [io  0xc020-0xc02f]
[    6.643377] pci 0000:00:01.1: legacy IDE quirk: reg 0x10: [io  0x01f0-0x01f7]
[    6.644511] pci 0000:00:01.1: legacy IDE quirk: reg 0x14: [io  0x03f6]
[    6.645550] pci 0000:00:01.1: legacy IDE quirk: reg 0x18: [io  0x0170-0x0177]
[    6.646684] pci 0000:00:01.1: legacy IDE quirk: reg 0x1c: [io  0x0376]
[    6.648174] pci 0000:00:01.3: [8086:7113] type 00 class 0x068000
[    6.650287] pci 0000:00:01.3: quirk: [io  0xb000-0xb03f] claimed by PIIX4 ACPI
[    6.651364] pci 0000:00:01.3: quirk: [io  0xb100-0xb10f] claimed by PIIX4 SMB
[    6.653495] pci 0000:00:02.0: [1af4:1000] type 00 class 0x020000
[    6.655248] pci 0000:00:02.0: reg 0x10: [io  0xc000-0xc01f]
[    6.656033] pci 0000:00:02.0: reg 0x14: [mem 0x80000000-0x80000fff]
[    6.660520] pci 0000:00:02.0: reg 0x20: [mem 0x800000000-0x800003fff 64bit pref]
[    6.662285] pci 0000:00:02.0: reg 0x30: [mem 0xfffc0000-0xffffffff pref]
[    6.697309] ACPI: PCI: Interrupt link LNKA configured for IRQ 11
[    6.700287] ACPI: PCI: Interrupt link LNKB configured for IRQ 11
[    6.703184] ACPI: PCI: Interrupt link LNKC configured for IRQ 10
[    6.705337] ACPI: PCI: Interrupt link LNKD configured for IRQ 10
[    6.707178] ACPI: PCI: Interrupt link LNKS configured for IRQ 9
[    6.710519] iommu: Default domain type: Translated 
[    6.711316] iommu: DMA domain TLB invalidation policy: lazy mode 
[    6.714950] SCSI subsystem initialized
[    6.716222] ACPI: bus type USB registered
[    6.717071] usbcore: registered new interface driver usbfs
[    6.718065] usbcore: registered new interface driver hub
[    6.719005] usbcore: registered new device driver usb
[    6.719757] pps_core: LinuxPPS API ver. 1 registered
[    6.720540] pps_core: Software ver. 5.3.6 - Copyright 2005-2007 Rodolfo Giometti <giometti@linux.it>
[    6.722020] PTP clock support registered
[    6.723032] EDAC MC: Ver: 3.0.0
[    6.724857] Registered efivars operations
[    6.729707] NetLabel: Initializing
[    6.730274] NetLabel:  domain hash size = 128
[    6.730963] NetLabel:  protocols = UNLABELED CIPSOv4 CALIPSO
[    6.731629] NetLabel:  unlabeled traffic allowed by default
[    6.733347] PCI: Using ACPI for IRQ routing
[    6.735160] vgaarb: loaded
[    6.736115] hpet0: at MMIO 0xfed00000, IRQs 2, 8, 0
[    6.736921] hpet0: 3 comparators, 64-bit 100.000000 MHz counter
[    6.741774] clocksource: Switched to clocksource kvm-clock
[    7.252167] VFS: Disk quotas dquot_6.6.0
[    7.252898] VFS: Dquot-cache hash table entries: 512 (order 0, 4096 bytes)
[    7.254961] pnp: PnP ACPI init
[    7.265048] pnp: PnP ACPI: found 6 devices
[    7.292726] clocksource: acpi_pm: mask: 0xffffff max_cycles: 0xffffff, max_idle_ns: 2085701024 ns
[    7.294956] NET: Registered PF_INET protocol family
[    7.296004] IP idents hash table entries: 32768 (order: 6, 262144 bytes, linear)
[    7.300220] tcp_listen_portaddr_hash hash table entries: 1024 (order: 4, 73728 bytes, linear)
[    7.301647] Table-perturb hash table entries: 65536 (order: 6, 262144 bytes, linear)
[    7.302950] TCP established hash table entries: 16384 (order: 5, 131072 bytes, linear)
[    7.305089] TCP bind hash table entries: 16384 (order: 9, 2359296 bytes, linear)
[    7.308525] TCP: Hash tables configured (established 16384 bind 16384)
[    7.309746] UDP hash table entries: 1024 (order: 5, 163840 bytes, linear)
[    7.310985] UDP-Lite hash table entries: 1024 (order: 5, 163840 bytes, linear)
[    7.312790] NET: Registered PF_UNIX/PF_LOCAL protocol family
[    7.314892] RPC: Registered named UNIX socket transport module.
[    7.315893] RPC: Registered udp transport module.
[    7.316646] RPC: Registered tcp transport module.
[    7.317404] RPC: Registered tcp NFSv4.1 backchannel transport module.
[    7.318435] pci 0000:00:02.0: can't claim BAR 6 [mem 0xfffc0000-0xffffffff pref]: no compatible bridge window
[    7.320118] pci 0000:00:02.0: BAR 6: assigned [mem 0x80040000-0x8007ffff pref]
[    7.321282] pci_bus 0000:00: resource 4 [io  0x0000-0x0cf7 window]
[    7.322267] pci_bus 0000:00: resource 5 [io  0x0d00-0xffff window]
[    7.323248] pci_bus 0000:00: resource 6 [mem 0x000a0000-0x000bffff window]
[    7.324372] pci_bus 0000:00: resource 7 [mem 0x80000000-0xfebfffff window]
[    7.325449] pci_bus 0000:00: resource 8 [mem 0x800000000-0x87fffffff window]
[    7.327307] pci 0000:00:01.0: PIIX3: Enabling Passive Release
[    7.328245] pci 0000:00:00.0: Limiting direct PCI/PCI transfers
[    7.329323] PCI: CLS 0 bytes, default 64
[    7.330968] ACPI: bus type thunderbolt registered
[    7.332355] clocksource: tsc: mask: 0xffffffffffffffff max_cycles: 0x1e33052aadd, max_idle_ns: 440795310221 ns
[    7.340880] Initialise system trusted keyrings
[    7.341790] Key type blacklist registered
[    7.342735] workingset: timestamp_bits=36 max_order=19 bucket_order=0
[    7.344049] zbud: loaded
[    7.347339] squashfs: version 4.0 (2009/01/31) Phillip Lougher
[    7.350492] NFS: Registering the id_resolver key type
[    7.351319] Key type id_resolver registered
[    7.352026] Key type id_legacy registered
[    7.352761] nfs4filelayout_init: NFSv4 File Layout Driver Registering...
[    7.353854] nfs4flexfilelayout_init: NFSv4 Flexfile Layout Driver Registering...
[    7.355431] fuse: init (API version 7.38)
[    7.356570] SGI XFS with ACLs, security attributes, realtime, quota, no debug enabled
[    7.360072] 9p: Installing v9fs 9p2000 file system support
[    7.374920] Key type asymmetric registered
[    7.375580] Asymmetric key parser 'x509' registered
[    7.376481] Block layer SCSI generic (bsg) driver version 0.4 loaded (major 243)
[    7.377892] io scheduler mq-deadline registered
[    7.378745] io scheduler bfq registered
[    7.380510] shpchp: Standard Hot Plug PCI Controller Driver version: 0.4
[    7.383265] IPMI message handler: version 39.2
[    7.384158] ipmi device interface
[    7.388890] input: Power Button as /devices/LNXSYSTM:00/LNXPWRBN:00/input/input0
[    7.390819] ACPI: button: Power Button [PWRF]
[    7.393782] ERST DBG: ERST support is disabled.
[    9.041541] ACPI: \_SB_.LNKB: Enabled at IRQ 11
[    9.044705] Serial: 8250/16550 driver, 32 ports, IRQ sharing enabled
[    9.046794] 00:04: ttyS0 at I/O 0x3f8 (irq = 4, base_baud = 115200) is a 16550A
[    9.080013] Linux agpgart interface v0.103
[    9.083055] ACPI: bus type drm_connector registered
[    9.124596] brd: module loaded
[    9.148903] loop: module loaded
[    9.160846] scsi host0: ata_piix
[    9.163294] scsi host1: ata_piix
[    9.164536] ata1: PATA max MWDMA2 cmd 0x1f0 ctl 0x3f6 bmdma 0xc020 irq 14
[    9.165606] ata2: PATA max MWDMA2 cmd 0x170 ctl 0x376 bmdma 0xc028 irq 15
[    9.170909] tun: Universal TUN/TAP device driver, 1.6
[    9.176998] e100: Intel(R) PRO/100 Network Driver
[    9.177735] e100: Copyright(c) 1999-2006 Intel Corporation
[    9.178729] e1000: Intel(R) PRO/1000 Network Driver
[    9.179544] e1000: Copyright (c) 1999-2006 Intel Corporation.
[    9.180599] e1000e: Intel(R) PRO/1000 Network Driver
[    9.181392] e1000e: Copyright(c) 1999 - 2015 Intel Corporation.
[    9.182471] igb: Intel(R) Gigabit Ethernet Network Driver
[    9.183326] igb: Copyright (c) 2007-2014 Intel Corporation.
[    9.184562] PPP generic driver version 2.4.2
[    9.186171] VFIO - User Level meta-driver version: 0.3
[    9.188205] usbcore: registered new interface driver uas
[    9.189160] usbcore: registered new interface driver usb-storage
[    9.190513] i8042: PNP: PS/2 Controller [PNP0303:KBD,PNP0f13:MOU] at 0x60,0x64 irq 1,12
[    9.193154] serio: i8042 KBD port at 0x60,0x64 irq 1
[    9.194029] serio: i8042 AUX port at 0x60,0x64 irq 12
[    9.196719] mousedev: PS/2 mouse device common for all mice
[    9.199694] input: AT Translated Set 2 keyboard as /devices/platform/i8042/serio0/input/input1
[    9.203619] rtc_cmos 00:05: RTC can wake from S4
[    9.206391] input: VirtualPS/2 VMware VMMouse as /devices/platform/i8042/serio1/input/input4
[    9.209556] rtc_cmos 00:05: registered as rtc0
[    9.210391] rtc_cmos 00:05: setting system clock to 2024-12-04T14:57:06 UTC (1733324226)
[    9.213022] input: VirtualPS/2 VMware VMMouse as /devices/platform/i8042/serio1/input/input3
[    9.215257] rtc_cmos 00:05: alarms up to one day, y3k, 242 bytes nvram
[    9.216468] i2c_dev: i2c /dev entries driver
[    9.217326] device-mapper: core: CONFIG_IMA_DISABLE_HTABLE is disabled. Duplicate IMA measurements will not be recorded in the IMA log.
[    9.219366] device-mapper: uevent: version 1.0.3
[    9.221340] device-mapper: ioctl: 4.47.0-ioctl (2022-07-28) initialised: dm-devel@redhat.com
[    9.222683] intel_pstate: CPU model not supported
[    9.223835] sdhci: Secure Digital Host Controller Interface driver
[    9.224802] sdhci: Copyright(c) Pierre Ossman
[    9.225717] sdhci-pltfm: SDHCI platform and OF driver helper
[    9.226695] ledtrig-cpu: registered to indicate activity on CPUs
[    9.228243] pstore: Registered efi_pstore as persistent store backend
[    9.230116] drop_monitor: Initializing network drop monitor service
[    9.232170] NET: Registered PF_INET6 protocol family
[    9.239218] Segment Routing with IPv6
[    9.239923] In-situ OAM (IOAM) with IPv6
[    9.240637] NET: Registered PF_PACKET protocol family
[    9.241918] 9pnet: Installing 9P2000 support
[    9.242741] Key type dns_resolver registered
[    9.244961] No MBM correction factor available
[    9.245697] IPI shorthand broadcast: enabled
[    9.306195] sched_clock: Marking stable (9285064281, 18283594)->(9349891383, -46543508)
[    9.308988] registered taskstats version 1
[    9.310098] Loading compiled-in X.509 certificates
[    9.311252] zswap: loaded using pool lzo/zbud
[    9.323519] ata1: found unknown device (class 0)
[    9.325017] ata1.00: ATA-7: QEMU HARDDISK, 2.5+, max UDMA/100
[    9.325940] ata1.00: 17196647 sectors, multi 16: LBA48 
[    9.327503] ata2: found unknown device (class 0)
[    9.328829] ata2.00: ATAPI: QEMU DVD-ROM, 2.5+, max UDMA/100
[    9.336517] scsi 0:0:0:0: Direct-Access     ATA      QEMU HARDDISK    2.5+ PQ: 0 ANSI: 5
[    9.340835] sd 0:0:0:0: [sda] 17196647 512-byte logical blocks: (8.80 GB/8.20 GiB)
[    9.342149] sd 0:0:0:0: [sda] Write Protect is off
[    9.343045] sd 0:0:0:0: [sda] Write cache: enabled, read cache: enabled, doesn't support DPO or FUA
[    9.345542] sd 0:0:0:0: Attached scsi generic sg0 type 0
[    9.347038] sd 0:0:0:0: [sda] Preferred minimum I/O size 512 bytes
[    9.348917] scsi 1:0:0:0: CD-ROM            QEMU     QEMU DVD-ROM     2.5+ PQ: 0 ANSI: 5
[    9.378193] scsi 1:0:0:0: Attached scsi generic sg1 type 5
[    9.379736] sd 0:0:0:0: [sda] Attached SCSI disk
[    9.427584] Key type .fscrypt registered
[    9.428218] Key type fscrypt-provisioning registered
[    9.429190] pstore: Using crash dump compression: deflate
[    9.431815] Key type encrypted registered
[    9.432528] ima: No TPM chip found, activating TPM-bypass!
[    9.433428] ima: Allocated hash algorithm: sha1
[    9.434267] ima: No architecture policies found
[    9.435217] evm: Initialising EVM extended attributes:
[    9.436062] evm: security.selinux
[    9.436607] evm: security.SMACK64
[    9.437153] evm: security.SMACK64EXEC
[    9.437755] evm: security.SMACK64TRANSMUTE
[    9.438415] evm: security.SMACK64MMAP
[    9.439012] evm: security.apparmor
[    9.439595] evm: security.ima
[    9.440081] evm: security.capability
[    9.440669] evm: HMAC attrs: 0x1
[    9.445838] PM:   Magic number: 4:712:939
[    9.448151] RAS: Correctable Errors collector initialized.
[    9.452072] md: Waiting for all devices to be available before autodetect
[    9.452831] md: If you don't use raid, use raid=noautodetect
[    9.453490] md: Autodetecting RAID arrays.
[    9.453974] md: autorun ...
[    9.454308] md: ... autorun DONE.
[    9.465459] EXT4-fs (sda): INFO: recovery required on readonly filesystem
[    9.466333] EXT4-fs (sda): write access will be enabled during recovery
[    9.615635] EXT4-fs (sda): recovery complete
[    9.619859] EXT4-fs (sda): mounted filesystem 088740a9-c8b4-422c-999d-a804eb68a4da with ordered data mode. Quota mode: none.
[    9.622442] VFS: Mounted root (ext4 filesystem) readonly on device 8:0.
[    9.628548] devtmpfs: mounted
[    9.658531] Freeing unused decrypted memory: 2036K
[    9.666498] Freeing unused kernel image (initmem) memory: 13892K
[    9.667728] Write protecting the kernel read-only data: 88064k
[    9.671226] Freeing unused kernel image (rodata/data gap) memory: 144K
[    9.884402] x86/mm: Checked W+X mappings: passed, no W+X pages found.
[    9.885154] x86/mm: Checking user space page tables
[   10.084240] x86/mm: Checked W+X mappings: passed, no W+X pages found.
[   10.084999] Run /sbin/init as init process
[   10.404643] systemd[1]: systemd 252-15.el9 running in system mode (+PAM +AUDIT +SELINUX -APPARMOR +IMA +SMACK +SECCOMP +GCRYPT +GNUTLS +OPENSSL +ACL +BLKID +CURL +ELFUTILS -FIDO2 +IDN2 -IDN -IPTC +KMOD +LIBCRYPTSETUP +LIBFDISK +PCRE2 -PWQUALITY +P11KIT -QRENCODE +TPM2 +BZIP2 +LZ4 +XZ +ZLIB +ZSTD -BPF_FRAMEWORK +XKBCOMMON +UTMP +SYSVINIT default-hierarchy=unified)
[   10.408338] systemd[1]: Detected virtualization kvm.
[   10.408914] systemd[1]: Detected architecture x86-64.

Welcome to [0;31mCentOS Stream 9[0m!

[   10.418424] systemd[1]: Hostname set to <test>.
[   11.647584] systemd-rc-local-generator[107]: /etc/rc.d/rc.local is not marked executable, skipping.
[   12.214567] systemd[1]: Queued start job for default target Multi-User System.
[   12.247619] systemd[1]: Created slice Virtual Machine and Container Slice.
[[0;32m  OK  [0m] Created slice [0;1;39mVirtual Machine and Container Slice[0m.
[   12.265536] systemd[1]: Created slice Slice /system/getty.
[[0;32m  OK  [0m] Created slice [0;1;39mSlice /system/getty[0m.
[   12.271782] systemd[1]: Created slice Slice /system/modprobe.
[[0;32m  OK  [0m] Created slice [0;1;39mSlice /system/modprobe[0m.
[   12.277809] systemd[1]: Created slice Slice /system/serial-getty.
[[0;32m  OK  [0m] Created slice [0;1;39mSlice /system/serial-getty[0m.
[   12.284099] systemd[1]: Created slice Slice /system/sshd-keygen.
[[0;32m  OK  [0m] Created slice [0;1;39mSlice /system/sshd-keygen[0m.
[   12.289819] systemd[1]: Created slice User and Session Slice.
[[0;32m  OK  [0m] Created slice [0;1;39mUser and Session Slice[0m.
[   12.292651] systemd[1]: Started Forward Password Requests to Wall Directory Watch.
[[0;32m  OK  [0m] Started [0;1;39mForward Password R…uests to Wall Directory Watch[0m.
[   12.297440] systemd[1]: Set up automount Arbitrary Executable File Formats File System Automount Point.
[[0;32m  OK  [0m] Set up automount [0;1;39mArbitrary…s File System Automount Point[0m.
[   12.300219] systemd[1]: Reached target Local Integrity Protected Volumes.
[[0;32m  OK  [0m] Reached target [0;1;39mLocal Integrity Protected Volumes[0m.
[   12.302354] systemd[1]: Reached target Slice Units.
[[0;32m  OK  [0m] Reached target [0;1;39mSlice Units[0m.
[   12.304180] systemd[1]: Reached target Swaps.
[[0;32m  OK  [0m] Reached target [0;1;39mSwaps[0m.
[   12.305741] systemd[1]: Reached target Local Verity Protected Volumes.
[[0;32m  OK  [0m] Reached target [0;1;39mLocal Verity Protected Volumes[0m.
[   12.308697] systemd[1]: Listening on Device-mapper event daemon FIFOs.
[[0;32m  OK  [0m] Listening on [0;1;39mDevice-mapper event daemon FIFOs[0m.
[   12.312721] systemd[1]: Listening on LVM2 poll daemon socket.
[[0;32m  OK  [0m] Listening on [0;1;39mLVM2 poll daemon socket[0m.
[   12.315070] systemd[1]: multipathd control socket was skipped because of an unmet condition check (ConditionPathExists=/etc/multipath.conf).
[   12.464767] systemd[1]: Listening on RPCbind Server Activation Socket.
[[0;32m  OK  [0m] Listening on [0;1;39mRPCbind Server Activation Socket[0m.
[   12.469042] systemd[1]: Reached target RPC Port Mapper.
[[0;32m  OK  [0m] Reached target [0;1;39mRPC Port Mapper[0m.
[   12.478168] systemd[1]: Listening on Process Core Dump Socket.
[[0;32m  OK  [0m] Listening on [0;1;39mProcess Core Dump Socket[0m.
[   12.480849] systemd[1]: Listening on initctl Compatibility Named Pipe.
[[0;32m  OK  [0m] Listening on [0;1;39minitctl Compatibility Named Pipe[0m.
[   12.484546] systemd[1]: Listening on Journal Socket (/dev/log).
[[0;32m  OK  [0m] Listening on [0;1;39mJournal Socket (/dev/log)[0m.
[   12.488034] systemd[1]: Listening on Journal Socket.
[[0;32m  OK  [0m] Listening on [0;1;39mJournal Socket[0m.
[   12.491537] systemd[1]: Listening on udev Control Socket.
[[0;32m  OK  [0m] Listening on [0;1;39mudev Control Socket[0m.
[   12.494308] systemd[1]: Listening on udev Kernel Socket.
[[0;32m  OK  [0m] Listening on [0;1;39mudev Kernel Socket[0m.
[   12.521342] systemd[1]: Mounting Huge Pages File System...
         Mounting [0;1;39mHuge Pages File System[0m...
[   12.583826] systemd[1]: Mounting POSIX Message Queue File System...
         Mounting [0;1;39mPOSIX Message Queue File System[0m...
[   12.631774] systemd[1]: Mounting Kernel Debug File System...
         Mounting [0;1;39mKernel Debug File System[0m...
[   12.675832] systemd[1]: Mounting Kernel Trace File System...
         Mounting [0;1;39mKernel Trace File System[0m...
[   12.680376] systemd[1]: Kernel Module supporting RPCSEC_GSS was skipped because of an unmet condition check (ConditionPathExists=/etc/krb5.keytab).
[   12.682232] systemd[1]: Create List of Static Device Nodes was skipped because of an unmet condition check (ConditionFileNotEmpty=/lib/modules/6.2.0-rc2+/modules.devname).
[   12.724487] systemd[1]: Starting Monitoring of LVM2 mirrors, snapshots etc. using dmeventd or progress polling...
         Starting [0;1;39mMonitoring of LVM…meventd or progress polling[0m...
[   12.784142] systemd[1]: Starting Load Kernel Module configfs...
         Starting [0;1;39mLoad Kernel Module configfs[0m...
[   12.832287] systemd[1]: Starting Load Kernel Module drm...
         Starting [0;1;39mLoad Kernel Module drm[0m...
[   12.907925] systemd[1]: Starting Load Kernel Module fuse...
         Starting [0;1;39mLoad Kernel Module fuse[0m...
[   12.965575] systemd[1]: Starting Read and set NIS domainname from /etc/sysconfig/network...
         Starting [0;1;39mRead and set NIS …from /etc/sysconfig/network[0m...
[   13.064439] systemd[1]: Starting Journal Service...
         Starting [0;1;39mJournal Service[0m...
[   13.120273] systemd[1]: Starting Load Kernel Modules...
         Starting [0;1;39mLoad Kernel Modules[0m...
[   13.184270] systemd[1]: Starting Generate network units from Kernel command line...
         Starting [0;1;39mGenerate network …ts from Kernel command line[0m...
[   13.278544] systemd[1]: Starting Remount Root and Kernel File Systems...
         Starting [0;1;39mRemount Root and Kernel File Systems[0m...
[   13.295228] systemd[1]: Repartition Root Disk was skipped because no trigger condition checks were met.
[   13.395542] systemd[1]: Starting Coldplug All udev Devices...
         Starting [0;1;39mColdplug All udev Devices[0m...
[   13.525326] systemd[1]: Mounted Huge Pages File System.
[[0;32m  OK  [0m] Mounted [0;1;39mHuge Pages File System[0m.
[   13.548559] systemd[1]: Mounted POSIX Message Queue File System.
[[0;32m  OK  [0m] Mounted [0;1;39mPOSIX Message Queue File System[0m.
[   13.568691] systemd[1]: Mounted Kernel Debug File System.
[[0;32m  OK  [0m] Mounted [0;1;39mKernel Debug File System[0m.
[   13.590895] systemd[1]: Mounted Kernel Trace File System.
[[0;32m  OK  [0m] Mounted [0;1;39mKernel Trace File System[0m.
[   13.627495] systemd[1]: Finished Monitoring of LVM2 mirrors, snapshots etc. using dmeventd or progress polling.
[[0;32m  OK  [0m] Finished [0;1;39mMonitoring of LVM… dmeventd or progress polling[0m.
[   13.656209] systemd[1]: modprobe@configfs.service: Deactivated successfully.
[   13.668605] systemd[1]: Finished Load Kernel Module configfs.
[[0;32m  OK  [0m] Finished [0;1;39mLoad Kernel Module configfs[0m.
[   13.682492] systemd[1]: modprobe@drm.service: Deactivated successfully.
[   13.699683] systemd[1]: Finished Load Kernel Module drm.
[[0;32m  OK  [0m] Finished [0;1;39mLoad Kernel Module drm[0m.
[   13.711117] systemd[1]: modprobe@fuse.service: Deactivated successfully.
[   13.731938] systemd[1]: Finished Load Kernel Module fuse.
[[0;32m  OK  [0m] Finished [0;1;39mLoad Kernel Module fuse[0m.
[   13.754892] systemd[1]: Finished Read and set NIS domainname from /etc/sysconfig/network.
[[0;32m  OK  [0m] Finished [0;1;39mRead and set NIS …e from /etc/sysconfig/network[0m.
[   13.769796] systemd[1]: systemd-modules-load.service: Main process exited, code=exited, status=1/FAILURE
[   13.776973] systemd[1]: systemd-modules-load.service: Failed with result 'exit-code'.
[   13.795781] systemd[1]: Failed to start Load Kernel Modules.
[[0;1;31mFAILED[0m] Failed to start [0;1;39mLoad Kernel Modules[0m.
[   13.800205] EXT4-fs (sda): re-mounted 088740a9-c8b4-422c-999d-a804eb68a4da. Quota mode: none.
See 'systemctl status systemd-modules-load.service' for details.
[   13.839994] systemd[1]: Finished Generate network units from Kernel command line.
[[0;32m  OK  [0m] Finished [0;1;39mGenerate network units from Kernel command line[0m.
[   13.859886] systemd[1]: Finished Remount Root and Kernel File Systems.
[[0;32m  OK  [0m] Finished [0;1;39mRemount Root and Kernel File Systems[0m.
[   13.870232] systemd[1]: Reached target Preparation for Network.
[[0;32m  OK  [0m] Reached target [0;1;39mPreparation for Network[0m.
[   13.931815] systemd[1]: Mounting FUSE Control File System...
         Mounting [0;1;39mFUSE Control File System[0m...
[   14.023812] systemd[1]: Mounting Kernel Configuration File System...
         Mounting [0;1;39mKernel Configuration File System[0m...
[   14.039800] systemd[1]: Special handling of early boot iSCSI sessions was skipped because of an unmet condition check (ConditionDirectoryNotEmpty=/sys/class/iscsi_session).
[   14.041770] systemd[1]: First Boot Wizard was skipped because of an unmet condition check (ConditionFirstBoot=yes).
[   14.116361] systemd[1]: Rebuild Hardware Database was skipped because of an unmet condition check (ConditionNeedsUpdate=/etc).
[   14.239492] systemd[1]: Starting Load/Save Random Seed...
         Starting [0;1;39mLoad/Save Random Seed[0m...
[   14.336624] systemd[1]: Starting Apply Kernel Variables...
         Starting [0;1;39mApply Kernel Variables[0m...
[   14.348024] systemd[1]: Create System Users was skipped because no trigger condition checks were met.
[   14.412713] systemd[1]: Starting Create Static Device Nodes in /dev...
         Starting [0;1;39mCreate Static Device Nodes in /dev[0m...
[   14.503977] systemd[1]: Starting Setup Virtual Console...
         Starting [0;1;39mSetup Virtual Console[0m...
[   14.562429] systemd[1]: Started Journal Service.
[[0;32m  OK  [0m] Started [0;1;39mJournal Service[0m.
[[0;32m  OK  [0m] Mounted [0;1;39mFUSE Control File System[0m.
[[0;32m  OK  [0m] Mounted [0;1;39mKernel Configuration File System[0m.
[[0;32m  OK  [0m] Finished [0;1;39mLoad/Save Random Seed[0m.
         Starting [0;1;39mFlush Journal to Persistent Storage[0m...
[[0;32m  OK  [0m] Finished [0;1;39mApply Kernel Variables[0m.
[[0;32m  OK  [0m] Finished [0;1;39mCreate Static Device Nodes in /dev[0m.
[   15.148016] systemd-journald[127]: Received client request to flush runtime journal.
         Starting [0;1;39mRule-based Manage…for Device Events and Files[0m...
[[0;32m  OK  [0m] Finished [0;1;39mFlush Journal to Persistent Storage[0m.
[[0;32m  OK  [0m] Started [0;1;39mRule-based Manager for Device Events and Files[0m.
         Starting [0;1;39mAuto-connect to s…E devices found during boot[0m...
[[0;32m  OK  [0m] Finished [0;1;39mAuto-connect to s…VME devices found during boot[0m.
[[0;32m  OK  [0m] Finished [0;1;39mSetup Virtual Console[0m.
[[0;32m  OK  [0m] Finished [0;1;39mColdplug All udev Devices[0m.
         Starting [0;1;39mShow Plymouth Boot Screen[0m...
         Starting [0;1;39mWait for udev To …plete Device Initialization[0m...
[2J[3J[-1;-1f[[0;32m  OK  [0m] Started [0;1;39mShow Plymouth Boot Screen[0m.
[[0;32m  OK  [0m] Started [0;1;39mForward Password R…s to Plymouth Directory Watch[0m.
[[0;32m  OK  [0m] Reached target [0;1;39mLocal Encrypted Volumes[0m.
[[0;32m  OK  [0m] Reached target [0;1;39mPath Units[0m.
[[0;32m  OK  [0m] Found device [0;1;39m/dev/ttyS0[0m.
[[0m[0;31m*     [0m] A start job is running for Wait for…ice Initialization (7s / no limit)
M[K[[0;1;31m*[0m[0;31m*    [0m] A start job is running for Wait for…ice Initialization (8s / no limit)
M[K[[0;31m*[0;1;31m*[0m[0;31m*   [0m] A start job is running for Wait for…ice Initialization (8s / no limit)
M[K[ [0;31m*[0;1;31m*[0m[0;31m*  [0m] A start job is running for Wait for…ice Initialization (9s / no limit)
M[K[  [0;31m*[0;1;31m*[0m[0;31m* [0m] A start job is running for Wait for…ice Initialization (9s / no limit)
M[K[   [0;31m*[0;1;31m*[0m[0;31m*[0m] A start job is running for Wait for…ce Initialization (10s / no limit)
M[K[    [0;31m*[0;1;31m*[0m] A start job is running for Wait for…ce Initialization (11s / no limit)
M[K[[0;32m  OK  [0m] Listening on [0;1;39mLoad/Save RF …itch Status /dev/rfkill Watch[0m.
[K[[0;32m  OK  [0m] Finished [0;1;39mWait for udev To Complete Device Initialization[0m.
[[0;32m  OK  [0m] Reached target [0;1;39mPreparation for Local File Systems[0m.
[[0;32m  OK  [0m] Reached target [0;1;39mLocal File Systems[0m.
         Starting [0;1;39mTell Plymouth To Write Out Runtime Data[0m...
         Starting [0;1;39mAutomatic Boot Loader Update[0m...
         Starting [0;1;39mCreate Volatile Files and Directories[0m...
[[0;32m  OK  [0m] Finished [0;1;39mTell Plymouth To Write Out Runtime Data[0m.
[[0;32m  OK  [0m] Finished [0;1;39mAutomatic Boot Loader Update[0m.
[[0;32m  OK  [0m] Finished [0;1;39mCreate Volatile Files and Directories[0m.
         Mounting [0;1;39mRPC Pipe File System[0m...
         Starting [0;1;39mSecurity Auditing Service[0m...
         Starting [0;1;39mRPC Bind[0m...
[[0;32m  OK  [0m] Mounted [0;1;39mRPC Pipe File System[0m.
[[0;32m  OK  [0m] Reached target [0;1;39mrpc_pipefs.target[0m.
[[0;32m  OK  [0m] Started [0;1;39mRPC Bind[0m.
[[0;32m  OK  [0m] Started [0;1;39mSecurity Auditing Service[0m.
         Starting [0;1;39mRecord System Boot/Shutdown in UTMP[0m...
[[0;32m  OK  [0m] Finished [0;1;39mRecord System Boot/Shutdown in UTMP[0m.
[[0;32m  OK  [0m] Reached target [0;1;39mSystem Initialization[0m.
[[0;32m  OK  [0m] Started [0;1;39mDaily rotation of log files[0m.
[[0;32m  OK  [0m] Started [0;1;39mUpdates mlocate database every day[0m.
[[0;32m  OK  [0m] Started [0;1;39mDaily Cleanup of Temporary Directories[0m.
[[0;32m  OK  [0m] Started [0;1;39mdaily update of the root trust anchor for DNSSEC[0m.
[[0;32m  OK  [0m] Reached target [0;1;39mTimer Units[0m.
[[0;32m  OK  [0m] Listening on [0;1;39mD-Bus System Message Bus Socket[0m.
[[0;32m  OK  [0m] Listening on [0;1;39mOpen-iSCSI iscsid Socket[0m.
[[0;32m  OK  [0m] Listening on [0;1;39mOpen-iSCSI iscsiuio Socket[0m.
[[0;32m  OK  [0m] Listening on [0;1;39mSSSD Kerberos…ache Manager responder socket[0m.
[[0;32m  OK  [0m] Listening on [0;1;39mLibvirt interface local socket[0m.
[[0;32m  OK  [0m] Listening on [0;1;39mVirtual machine lock manager socket[0m.
[[0;32m  OK  [0m] Listening on [0;1;39mVirtual machine log manager socket[0m.
[[0;32m  OK  [0m] Listening on [0;1;39mLibvirt network local socket[0m.
[[0;32m  OK  [0m] Listening on [0;1;39mLibvirt nodedev local socket[0m.
[[0;32m  OK  [0m] Listening on [0;1;39mLibvirt nwfilter local socket[0m.
[[0;32m  OK  [0m] Listening on [0;1;39mLibvirt proxy local socket[0m.
[[0;32m  OK  [0m] Listening on [0;1;39mLibvirt qemu local socket[0m.
[[0;32m  OK  [0m] Listening on [0;1;39mLibvirt qemu admin socket[0m.
[[0;32m  OK  [0m] Listening on [0;1;39mLibvirt qemu local read-only socket[0m.
[[0;32m  OK  [0m] Listening on [0;1;39mLibvirt secret local socket[0m.
[[0;32m  OK  [0m] Listening on [0;1;39mLibvirt storage local socket[0m.
[[0;32m  OK  [0m] Reached target [0;1;39mSocket Units[0m.
         Starting [0;1;39mD-Bus System Message Bus[0m...
[[0;32m  OK  [0m] Started [0;1;39mD-Bus System Message Bus[0m.
[[0;32m  OK  [0m] Reached target [0;1;39mBasic System[0m.
         Starting [0;1;39mNetwork Manager[0m...
         Starting [0;1;39mNTP client/server[0m...
         Starting [0;1;39mRestore /run/initramfs on shutdown[0m...
[[0;32m  OK  [0m] Started [0;1;39mlibstoragemgmt plug-in server daemon[0m.
[[0;32m  OK  [0m] Started [0;1;39mMachine Check Exception Logging Daemon[0m.
[[0;32m  OK  [0m] Reached target [0;1;39msshd-keygen.target[0m.
[[0;32m  OK  [0m] Reached target [0;1;39mUser and Group Name Lookups[0m.
         Starting [0;1;39mUser Login Management[0m...
         Starting [0;1;39mVirtual Machine a…tainer Registration Service[0m...
         Starting [0;1;39mupdate of the roo…NSSEC validation in unbound[0m...
         Starting [0;1;39mRotate log files[0m...
[[0;32m  OK  [0m] Started [0;1;39mUpdate a database for mlocate[0m.
[[0;32m  OK  [0m] Finished [0;1;39mRestore /run/initramfs on shutdown[0m.
[[0;32m  OK  [0m] Started [0;1;39mVirtual Machine an…ontainer Registration Service[0m.
         Starting [0;1;39mHostname Service[0m...
[[0;32m  OK  [0m] Finished [0;1;39mupdate of the roo… DNSSEC validation in unbound[0m.
[[0;32m  OK  [0m] Started [0;1;39mNTP client/server[0m.
[[0;32m  OK  [0m] Started [0;1;39mUser Login Management[0m.
[[0;32m  OK  [0m] Finished [0;1;39mRotate log files[0m.
[[0;32m  OK  [0m] Started [0;1;39mHostname Service[0m.
         Starting [0;1;39mNetwork Manager Script Dispatcher Service[0m...
[[0;32m  OK  [0m] Started [0;1;39mNetwork Manager Script Dispatcher Service[0m.
[[0;32m  OK  [0m] Started [0;1;39mNetwork Manager[0m.
[[0;32m  OK  [0m] Reached target [0;1;39mNetwork[0m.
[[0;32m  OK  [0m] Reached target [0;1;39mNetwork is Online[0m.
         Starting [0;1;39mGSSAPI Proxy Daemon[0m...
         Starting [0;1;39mNotify NFS peers of a restart[0m...
         Starting [0;1;39mSystem Logging Service[0m...
         Starting [0;1;39mOpenSSH server daemon[0m...
         Starting [0;1;39mDynamic System Tuning Daemon[0m...
[[0;32m  OK  [0m] Started [0;1;39mNotify NFS peers of a restart[0m.
[[0;32m  OK  [0m] Started [0;1;39mGSSAPI Proxy Daemon[0m.
[[0;32m  OK  [0m] Reached target [0;1;39mNFS client services[0m.
[[0;32m  OK  [0m] Reached target [0;1;39mPreparation for Remote File Systems[0m.
[[0;32m  OK  [0m] Reached target [0;1;39mRemote File Systems[0m.
         Starting [0;1;39mPermit User Sessions[0m...
         Starting [0;1;39mVirtualization qemu daemon[0m...
[[0;32m  OK  [0m] Started [0;1;39mOpenSSH server daemon[0m.
[[0;32m  OK  [0m] Finished [0;1;39mPermit User Sessions[0m.
[[0;32m  OK  [0m] Started [0;1;39mDeferred execution scheduler[0m.
[[0;32m  OK  [0m] Started [0;1;39mCommand Scheduler[0m.
         Starting [0;1;39mHold until boot process finishes up[0m...
         Starting [0;1;39mTerminate Plymouth Boot Screen[0m...
[[0;32m  OK  [0m] Started [0;1;39mSystem Logging Service[0m.

CentOS Stream 9
Kernel 6.2.0-rc2+ on an x86_64

Activate the web console with: systemctl enable --now cockpit.socket

test login: [   49.681696] loop1: detected capacity change from 0 to 32768
[   49.707180] loop0: detected capacity change from 0 to 32768
[   49.742756] loop3: detected capacity change from 0 to 32768
[   49.748441] XFS: ikeep mount option is deprecated.
[   49.749008] XFS: attr2 mount option is deprecated.
[   49.754615] loop5: detected capacity change from 0 to 32768
[   49.766031] XFS: ikeep mount option is deprecated.
[   49.766619] XFS: attr2 mount option is deprecated.
[   49.769927] XFS: ikeep mount option is deprecated.
[   49.770516] XFS: attr2 mount option is deprecated.
[   49.780073] loop4: detected capacity change from 0 to 32768
[   49.780976] XFS: ikeep mount option is deprecated.
[   49.781543] XFS: attr2 mount option is deprecated.
[   49.786320] loop2: detected capacity change from 0 to 32768
[   49.787220] XFS: ikeep mount option is deprecated.
[   49.787926] XFS: attr2 mount option is deprecated.
[   49.803761] XFS: ikeep mount option is deprecated.
[   49.804317] XFS: attr2 mount option is deprecated.
[   49.815505] XFS (loop1): Mounting V5 Filesystem bc2378ed-6193-40d5-9d59-7ebcb787b415
[   49.821026] loop7: detected capacity change from 0 to 32768
[   49.821915] XFS: ikeep mount option is deprecated.
[   49.822474] XFS: attr2 mount option is deprecated.
[   49.828411] XFS (loop0): Mounting V5 Filesystem bc2378ed-6193-40d5-9d59-7ebcb787b415
[   49.832721] loop6: detected capacity change from 0 to 32768
[   49.833574] XFS: ikeep mount option is deprecated.
[   49.834139] XFS: attr2 mount option is deprecated.
[   49.857652] XFS (loop3): Mounting V5 Filesystem bc2378ed-6193-40d5-9d59-7ebcb787b415
[   49.871023] XFS (loop4): Mounting V5 Filesystem bc2378ed-6193-40d5-9d59-7ebcb787b415
[   49.874816] XFS (loop2): Mounting V5 Filesystem bc2378ed-6193-40d5-9d59-7ebcb787b415
[   49.876435] XFS (loop5): Mounting V5 Filesystem bc2378ed-6193-40d5-9d59-7ebcb787b415
[   49.954694] XFS (loop7): Mounting V5 Filesystem bc2378ed-6193-40d5-9d59-7ebcb787b415
[   49.975031] XFS (loop6): Mounting V5 Filesystem bc2378ed-6193-40d5-9d59-7ebcb787b415
[   50.062042] XFS (loop0): Ending clean mount
[   50.074650] XFS (loop1): Ending clean mount
[   50.101489] XFS (loop0): Quotacheck needed: Please wait.
[   50.122443] XFS (loop1): Quotacheck needed: Please wait.
[   50.129107] XFS (loop3): Ending clean mount
[   50.132219] XFS (loop4): Ending clean mount
[   50.133407] XFS (loop5): Ending clean mount
[   50.152799] XFS (loop2): Ending clean mount
[   50.174527] XFS (loop3): Quotacheck needed: Please wait.
[   50.176039] XFS (loop4): Quotacheck needed: Please wait.
[   50.177349] XFS (loop5): Quotacheck needed: Please wait.
[   50.185587] XFS (loop2): Quotacheck needed: Please wait.
[   50.240238] XFS (loop1): Quotacheck: Done.
[   50.263176] XFS (loop5): Quotacheck: Done.
[   50.267266] XFS (loop4): Quotacheck: Done.
[   50.269492] XFS (loop3): Quotacheck: Done.
[   50.289713] XFS (loop0): Quotacheck: Done.
[   50.298320] XFS (loop2): Quotacheck: Done.
[   50.312244] XFS (loop7): Ending clean mount
[   50.314624] XFS (loop6): Ending clean mount
[   50.347787] XFS (loop7): Quotacheck needed: Please wait.
[   50.367649] XFS (loop6): Quotacheck needed: Please wait.
[   50.479603] XFS (loop7): Quotacheck: Done.
[   50.554543] XFS (loop6): Quotacheck: Done.
[  150.011784] systemd-coredump[1771]: Failed to get COMM: No such process
[  189.659500] systemd-coredump[2140]: Failed to get COMM: No such process
[  202.672484] systemd-journald[127]: Data hash table of /run/log/journal/938775788448454bb5b34822d5730c41/system.journal has a fill level at 75.1 (5323 of 7089 items, 4083712 file size, 767 bytes per hash table item), suggesting rotation.
[  202.722574] systemd-journald[127]: /run/log/journal/938775788448454bb5b34822d5730c41/system.journal: Journal header limits reached or header out-of-date, rotating.
[  397.714069] systemd-coredump[4125]: Failed to get COMM: No such process
[  529.197331] systemd-journald[127]: Data hash table of /run/log/journal/938775788448454bb5b34822d5730c41/system.journal has a fill level at 75.0 (5319 of 7089 items, 4083712 file size, 767 bytes per hash table item), suggesting rotation.
[  529.210189] systemd-journald[127]: /run/log/journal/938775788448454bb5b34822d5730c41/system.journal: Journal header limits reached or header out-of-date, rotating.
[  610.761860] systemd-coredump[6132]: Failed to get COMM: No such process
[  651.978264] systemd-coredump[6536]: Failed to get COMM: No such process
[  859.429685] systemd-journald[127]: Data hash table of /run/log/journal/938775788448454bb5b34822d5730c41/system.journal has a fill level at 75.0 (5317 of 7089 items, 4083712 file size, 768 bytes per hash table item), suggesting rotation.
[  859.475872] systemd-journald[127]: /run/log/journal/938775788448454bb5b34822d5730c41/system.journal: Journal header limits reached or header out-of-date, rotating.
[ 1186.040792] systemd-journald[127]: Data hash table of /run/log/journal/938775788448454bb5b34822d5730c41/system.journal has a fill level at 75.0 (5319 of 7089 items, 4083712 file size, 767 bytes per hash table item), suggesting rotation.
[ 1186.043091] systemd-journald[127]: /run/log/journal/938775788448454bb5b34822d5730c41/system.journal: Journal header limits reached or header out-of-date, rotating.
[ 1285.535979] systemd-coredump[12533]: Failed to get COMM: No such process
[ 1443.803063] systemd-coredump[14029]: Failed to get COMM: No such process
[ 1506.899174] systemd-journald[127]: Data hash table of /run/log/journal/938775788448454bb5b34822d5730c41/system.journal has a fill level at 75.0 (5317 of 7089 items, 4083712 file size, 768 bytes per hash table item), suggesting rotation.
[ 1506.956263] systemd-journald[127]: /run/log/journal/938775788448454bb5b34822d5730c41/system.journal: Journal header limits reached or header out-of-date, rotating.
[ 1838.153252] systemd-journald[127]: Data hash table of /run/log/journal/938775788448454bb5b34822d5730c41/system.journal has a fill level at 75.1 (5321 of 7089 items, 4083712 file size, 767 bytes per hash table item), suggesting rotation.
[ 1838.224508] systemd-journald[127]: /run/log/journal/938775788448454bb5b34822d5730c41/system.journal: Journal header limits reached or header out-of-date, rotating.
[ 2166.390636] systemd-journald[127]: Data hash table of /run/log/journal/938775788448454bb5b34822d5730c41/system.journal has a fill level at 75.1 (5323 of 7089 items, 4083712 file size, 767 bytes per hash table item), suggesting rotation.
[ 2166.403401] systemd-journald[127]: /run/log/journal/938775788448454bb5b34822d5730c41/system.journal: Journal header limits reached or header out-of-date, rotating.
[ 2498.883056] systemd-journald[127]: Data hash table of /run/log/journal/938775788448454bb5b34822d5730c41/system.journal has a fill level at 75.0 (5317 of 7089 items, 4083712 file size, 768 bytes per hash table item), suggesting rotation.
[ 2498.885860] systemd-journald[127]: /run/log/journal/938775788448454bb5b34822d5730c41/system.journal: Journal header limits reached or header out-of-date, rotating.
[ 2828.446837] systemd-journald[127]: Data hash table of /run/log/journal/938775788448454bb5b34822d5730c41/system.journal has a fill level at 75.0 (5319 of 7089 items, 4083712 file size, 767 bytes per hash table item), suggesting rotation.
[ 2828.477818] systemd-journald[127]: /run/log/journal/938775788448454bb5b34822d5730c41/system.journal: Journal header limits reached or header out-of-date, rotating.
[ 3144.646677] systemd-coredump[30108]: Failed to get COMM: No such process
[ 3144.658030] systemd-coredump[30107]: Failed to get COMM: No such process
[ 3146.568003] systemd-journald[127]: Data hash table of /run/log/journal/938775788448454bb5b34822d5730c41/system.journal has a fill level at 75.0 (5320 of 7089 items, 4083712 file size, 767 bytes per hash table item), suggesting rotation.
[ 3146.570332] systemd-journald[127]: /run/log/journal/938775788448454bb5b34822d5730c41/system.journal: Journal header limits reached or header out-of-date, rotating.
[ 3158.072728] systemd-coredump[30238]: Failed to get EXE, ignoring: No such process
[ 3366.732162] systemd-coredump[32212]: Failed to get COMM: No such process
[ 3366.768127] systemd-coredump[32213]: Failed to get COMM: No such process
[ 3471.922069] systemd-journald[127]: Data hash table of /run/log/journal/938775788448454bb5b34822d5730c41/system.journal has a fill level at 75.1 (5321 of 7089 items, 4083712 file size, 767 bytes per hash table item), suggesting rotation.
[ 3471.934620] systemd-journald[127]: /run/log/journal/938775788448454bb5b34822d5730c41/system.journal: Journal header limits reached or header out-of-date, rotating.
