commit 2b2d5f55fa44b37555edcdbbaf3acdb821e456a5 can reproduce the issue in 10 seconds.
commit: 2b2d5f55fa44b37555edcdbbaf3acdb821e456a5 BAD
commit f40ddce88593482919761f74910f42f4b84c004b cannot reproduce the issue in 3600 seconds.
commit: f40ddce88593482919761f74910f42f4b84c004b GOOD
status: waiting for both good and bad commits
status: waiting for good commit(s), bad commit known
Bisecting: 169793 revisions left to test after this (roughly 17 steps)
[4aea86b4033f92f01547e6d4388d4451ae9b0980] Merge git://git.kernel.org/pub/scm/linux/kernel/git/netdev/net
commit 4aea86b4033f92f01547e6d4388d4451ae9b0980 cannot reproduce the issue in 3600 seconds.
Bisecting: 85162 revisions left to test after this (roughly 16 steps)
[689237ab37c59b9909bc9371d7fece3081683fba] fbdev/intelfb: Remove driver
commit: 4aea86b4033f92f01547e6d4388d4451ae9b0980 GOOD
commit 689237ab37c59b9909bc9371d7fece3081683fba cannot reproduce the issue in 3600 seconds.
Bisecting: 42618 revisions left to test after this (roughly 15 steps)
[89aa02edaa30e4327ebc8fca9b80795bbfd4ce9b] Merge drm/drm-next into drm-xe-next
commit: 689237ab37c59b9909bc9371d7fece3081683fba GOOD
commit 89aa02edaa30e4327ebc8fca9b80795bbfd4ce9b cannot reproduce the issue in 3600 seconds.
Bisecting: 21322 revisions left to test after this (roughly 14 steps)
[2a17bb8c204f2b6461524a1b52ace2dbe097eaf7] Merge tag 'devicetree-for-6.12' of git://git.kernel.org/pub/scm/linux/kernel/git/robh/linux
commit: 89aa02edaa30e4327ebc8fca9b80795bbfd4ce9b GOOD
commit 2a17bb8c204f2b6461524a1b52ace2dbe097eaf7 cannot reproduce the issue in 3600 seconds.
Bisecting: 10668 revisions left to test after this (roughly 13 steps)
[035238752319a58244d86facd442c5f40b0e97e2] Merge tag 'timers-vdso-2024-11-18' of git://git.kernel.org/pub/scm/linux/kernel/git/tip/tip
commit: 2a17bb8c204f2b6461524a1b52ace2dbe097eaf7 GOOD
commit 035238752319a58244d86facd442c5f40b0e97e2 cannot reproduce the issue in 3600 seconds.
Bisecting: 4557 revisions left to test after this (roughly 12 steps)
[28eb75e178d389d325f1666e422bc13bbbb9804c] Merge tag 'drm-next-2024-11-21' of https://gitlab.freedesktop.org/drm/kernel
commit: 035238752319a58244d86facd442c5f40b0e97e2 GOOD
commit 28eb75e178d389d325f1666e422bc13bbbb9804c cannot reproduce the issue in 3600 seconds.
Bisecting: 2229 revisions left to test after this (roughly 11 steps)
[b50ecc5aca4d18f1f0c4942f5c797bc85edef144] Merge tag 'perf-tools-for-v6.13-2024-11-24' of git://git.kernel.org/pub/scm/linux/kernel/git/perf/perf-tools
commit: 28eb75e178d389d325f1666e422bc13bbbb9804c GOOD
commit b50ecc5aca4d18f1f0c4942f5c797bc85edef144 cannot reproduce the issue in 3600 seconds.
Bisecting: 1134 revisions left to test after this (roughly 10 steps)
[55cb93fd243bad2c6e15f9151a32f575d2f5371f] Merge tag 'driver-core-6.13-rc1' of git://git.kernel.org/pub/scm/linux/kernel/git/gregkh/driver-core
commit: b50ecc5aca4d18f1f0c4942f5c797bc85edef144 GOOD
commit 55cb93fd243bad2c6e15f9151a32f575d2f5371f can reproduce the issue in 15 seconds.
Bisecting: 547 revisions left to test after this (roughly 9 steps)
[86f419707c26e802287963f73c27bdaa4b21977e] Merge tag 'spi-fix-v6.13-merge-window' of git://git.kernel.org/pub/scm/linux/kernel/git/broonie/spi
commit: 55cb93fd243bad2c6e15f9151a32f575d2f5371f BAD
commit 86f419707c26e802287963f73c27bdaa4b21977e cannot reproduce the issue in 3600 seconds.
Bisecting: 254 revisions left to test after this (roughly 8 steps)
[e33a6d83e1786d5e310ae746c67f5f4e2f93ba35] Merge tag 'usb-6.13-rc1' of git://git.kernel.org/pub/scm/linux/kernel/git/gregkh/usb
commit: 86f419707c26e802287963f73c27bdaa4b21977e GOOD
commit e33a6d83e1786d5e310ae746c67f5f4e2f93ba35 can reproduce the issue in 10 seconds.
Bisecting: 146 revisions left to test after this (roughly 7 steps)
[5d2fb074dea289c41f5aaf2c3f68286bee370634] usb: dwc3: ep0: Don't clear ep0 DWC3_EP_TRANSFER_STARTED
commit: e33a6d83e1786d5e310ae746c67f5f4e2f93ba35 BAD
commit 5d2fb074dea289c41f5aaf2c3f68286bee370634 cannot reproduce the issue in 3600 seconds.
Bisecting: 72 revisions left to test after this (roughly 6 steps)
[fbb3c22f908accfd6fd34b1dbdd304fc2609c78a] Merge tag 'sparc-for-6.13-tag1' of git://git.kernel.org/pub/scm/linux/kernel/git/alarsson/linux-sparc
commit: 5d2fb074dea289c41f5aaf2c3f68286bee370634 GOOD
commit fbb3c22f908accfd6fd34b1dbdd304fc2609c78a can reproduce the issue in 10 seconds.
Bisecting: 36 revisions left to test after this (roughly 5 steps)
[5dfd7d940094e1a1ec974d90f6d28162d372b56b] Merge branch 'bnxt_en-bug-fixes'
commit: fbb3c22f908accfd6fd34b1dbdd304fc2609c78a BAD
commit 5dfd7d940094e1a1ec974d90f6d28162d372b56b cannot reproduce the issue in 3600 seconds.
Bisecting: 18 revisions left to test after this (roughly 4 steps)
[04f5cb48995d51deed0af71aaba1b8699511313f] Documentation: tls_offload: fix typos and grammar
commit: 5dfd7d940094e1a1ec974d90f6d28162d372b56b GOOD
commit 04f5cb48995d51deed0af71aaba1b8699511313f cannot reproduce the issue in 3600 seconds.
Bisecting: 8 revisions left to test after this (roughly 3 steps)
[7af08b57bcb9ebf78675c50069c54125c0a8b795] Merge tag 'trace-v6.13-2' of git://git.kernel.org/pub/scm/linux/kernel/git/trace/linux-trace
commit: 04f5cb48995d51deed0af71aaba1b8699511313f GOOD
commit 7af08b57bcb9ebf78675c50069c54125c0a8b795 can reproduce the issue in 10 seconds.
Bisecting: 4 revisions left to test after this (roughly 2 steps)
[98bf0fbb65226809a8df4d1948c5b6cf0c91590f] tracing: Remove conditional locking from __DO_TRACE()
commit: 7af08b57bcb9ebf78675c50069c54125c0a8b795 BAD
commit 98bf0fbb65226809a8df4d1948c5b6cf0c91590f cannot reproduce the issue in 3600 seconds.
Bisecting: 2 revisions left to test after this (roughly 1 step)
[2bd9b57d04df417f31ef54448477c212fcdd14fc] tracing: Use guard() rather than scoped_guard()
commit: 98bf0fbb65226809a8df4d1948c5b6cf0c91590f GOOD
commit 2bd9b57d04df417f31ef54448477c212fcdd14fc cannot reproduce the issue in 3600 seconds.
Bisecting: 0 revisions left to test after this (roughly 1 step)
[65ae975e97d5aab3ee9dc5ec701b12090572ed43] Merge tag 'net-6.13-rc1' of git://git.kernel.org/pub/scm/linux/kernel/git/netdev/net
commit: 2bd9b57d04df417f31ef54448477c212fcdd14fc GOOD
commit 65ae975e97d5aab3ee9dc5ec701b12090572ed43 can reproduce the issue in 10 seconds.
Bisecting: 0 revisions left to test after this (roughly 0 steps)
[f6d7695b5ae22092fa2cc42529bb7462f7e0c4ad] ipmr: fix build with clang and DEBUG_NET disabled.
commit: 65ae975e97d5aab3ee9dc5ec701b12090572ed43 BAD
commit f6d7695b5ae22092fa2cc42529bb7462f7e0c4ad can reproduce the issue in 10 seconds.
f6d7695b5ae22092fa2cc42529bb7462f7e0c4ad is the first bad commit
commit f6d7695b5ae22092fa2cc42529bb7462f7e0c4ad
Author: Paolo Abeni <pabeni@redhat.com>
Date:   Thu Nov 28 17:18:04 2024 +0100

    ipmr: fix build with clang and DEBUG_NET disabled.
    
    Sasha reported a build issue in ipmr::
    
    net/ipv4/ipmr.c:320:13: error: function 'ipmr_can_free_table' is not \
            needed and will not be emitted \
            [-Werror,-Wunneeded-internal-declaration]
       320 | static bool ipmr_can_free_table(struct net *net)
    
    Apparently clang is too smart with BUILD_BUG_ON_INVALID(), let's
    fallback to a plain WARN_ON_ONCE().
    
    Reported-by: Sasha Levin <sashal@kernel.org>
    Closes: https://qa-reports.linaro.org/lkft/sashal-linus-next/build/v6.11-25635-g6813e2326f1e/testrun/26111580/suite/build/test/clang-nightly-lkftconfig/details/
    Fixes: 11b6e701bce9 ("ipmr: add debug check for mr table cleanup")
    Signed-off-by: Paolo Abeni <pabeni@redhat.com>
    Link: https://patch.msgid.link/ee75faa926b2446b8302ee5fc30e129d2df73b90.1732810228.git.pabeni@redhat.com
    Signed-off-by: Paolo Abeni <pabeni@redhat.com>

 net/ipv4/ipmr.c  | 2 +-
 net/ipv6/ip6mr.c | 2 +-
 2 files changed, 2 insertions(+), 2 deletions(-)
commit: f6d7695b5ae22092fa2cc42529bb7462f7e0c4ad BAD
git bisect start
# status: waiting for both good and bad commits
# bad: [2b2d5f55fa44b37555edcdbbaf3acdb821e456a5] Intel Next: Add release files for v6.13-rc1 2024-12-02
git bisect bad 2b2d5f55fa44b37555edcdbbaf3acdb821e456a5
# status: waiting for good commit(s), bad commit known
# good: [f40ddce88593482919761f74910f42f4b84c004b] Linux 5.11
git bisect good f40ddce88593482919761f74910f42f4b84c004b
# good: [4aea86b4033f92f01547e6d4388d4451ae9b0980] Merge git://git.kernel.org/pub/scm/linux/kernel/git/netdev/net
git bisect good 4aea86b4033f92f01547e6d4388d4451ae9b0980
# good: [689237ab37c59b9909bc9371d7fece3081683fba] fbdev/intelfb: Remove driver
git bisect good 689237ab37c59b9909bc9371d7fece3081683fba
# good: [89aa02edaa30e4327ebc8fca9b80795bbfd4ce9b] Merge drm/drm-next into drm-xe-next
git bisect good 89aa02edaa30e4327ebc8fca9b80795bbfd4ce9b
# good: [2a17bb8c204f2b6461524a1b52ace2dbe097eaf7] Merge tag 'devicetree-for-6.12' of git://git.kernel.org/pub/scm/linux/kernel/git/robh/linux
git bisect good 2a17bb8c204f2b6461524a1b52ace2dbe097eaf7
# good: [035238752319a58244d86facd442c5f40b0e97e2] Merge tag 'timers-vdso-2024-11-18' of git://git.kernel.org/pub/scm/linux/kernel/git/tip/tip
git bisect good 035238752319a58244d86facd442c5f40b0e97e2
# good: [28eb75e178d389d325f1666e422bc13bbbb9804c] Merge tag 'drm-next-2024-11-21' of https://gitlab.freedesktop.org/drm/kernel
git bisect good 28eb75e178d389d325f1666e422bc13bbbb9804c
# good: [b50ecc5aca4d18f1f0c4942f5c797bc85edef144] Merge tag 'perf-tools-for-v6.13-2024-11-24' of git://git.kernel.org/pub/scm/linux/kernel/git/perf/perf-tools
git bisect good b50ecc5aca4d18f1f0c4942f5c797bc85edef144
# bad: [55cb93fd243bad2c6e15f9151a32f575d2f5371f] Merge tag 'driver-core-6.13-rc1' of git://git.kernel.org/pub/scm/linux/kernel/git/gregkh/driver-core
git bisect bad 55cb93fd243bad2c6e15f9151a32f575d2f5371f
# good: [86f419707c26e802287963f73c27bdaa4b21977e] Merge tag 'spi-fix-v6.13-merge-window' of git://git.kernel.org/pub/scm/linux/kernel/git/broonie/spi
git bisect good 86f419707c26e802287963f73c27bdaa4b21977e
# bad: [e33a6d83e1786d5e310ae746c67f5f4e2f93ba35] Merge tag 'usb-6.13-rc1' of git://git.kernel.org/pub/scm/linux/kernel/git/gregkh/usb
git bisect bad e33a6d83e1786d5e310ae746c67f5f4e2f93ba35
# good: [5d2fb074dea289c41f5aaf2c3f68286bee370634] usb: dwc3: ep0: Don't clear ep0 DWC3_EP_TRANSFER_STARTED
git bisect good 5d2fb074dea289c41f5aaf2c3f68286bee370634
# bad: [fbb3c22f908accfd6fd34b1dbdd304fc2609c78a] Merge tag 'sparc-for-6.13-tag1' of git://git.kernel.org/pub/scm/linux/kernel/git/alarsson/linux-sparc
git bisect bad fbb3c22f908accfd6fd34b1dbdd304fc2609c78a
# good: [5dfd7d940094e1a1ec974d90f6d28162d372b56b] Merge branch 'bnxt_en-bug-fixes'
git bisect good 5dfd7d940094e1a1ec974d90f6d28162d372b56b
# good: [04f5cb48995d51deed0af71aaba1b8699511313f] Documentation: tls_offload: fix typos and grammar
git bisect good 04f5cb48995d51deed0af71aaba1b8699511313f
# bad: [7af08b57bcb9ebf78675c50069c54125c0a8b795] Merge tag 'trace-v6.13-2' of git://git.kernel.org/pub/scm/linux/kernel/git/trace/linux-trace
git bisect bad 7af08b57bcb9ebf78675c50069c54125c0a8b795
# good: [98bf0fbb65226809a8df4d1948c5b6cf0c91590f] tracing: Remove conditional locking from __DO_TRACE()
git bisect good 98bf0fbb65226809a8df4d1948c5b6cf0c91590f
# good: [2bd9b57d04df417f31ef54448477c212fcdd14fc] tracing: Use guard() rather than scoped_guard()
git bisect good 2bd9b57d04df417f31ef54448477c212fcdd14fc
# bad: [65ae975e97d5aab3ee9dc5ec701b12090572ed43] Merge tag 'net-6.13-rc1' of git://git.kernel.org/pub/scm/linux/kernel/git/netdev/net
git bisect bad 65ae975e97d5aab3ee9dc5ec701b12090572ed43
# bad: [f6d7695b5ae22092fa2cc42529bb7462f7e0c4ad] ipmr: fix build with clang and DEBUG_NET disabled.
git bisect bad f6d7695b5ae22092fa2cc42529bb7462f7e0c4ad
# first bad commit: [f6d7695b5ae22092fa2cc42529bb7462f7e0c4ad] ipmr: fix build with clang and DEBUG_NET disabled.
# first bad commit: [f6d7695b5ae22092fa2cc42529bb7462f7e0c4ad] ipmr: fix build with clang and DEBUG_NET disabled.
