
CentOS Stream 9
Kernel 6.13.0-rc1-2024-12-02-intel-next+ on an x86_64

Activate the web console with: systemctl enable --now cockpit.socket

Warning: Permanently added '[localhost]:30529' (ED25519) to the list of known hosts.
executing program
executing program
executing program
executing program
executing program
executing program
executing program
executing program
test login: [   40.179886] loop0: detected capacity change from 0 to 32768
[   40.181582] XFS: ikeep mount option is deprecated.
[   40.182203] XFS: attr2 mount option is deprecated.
[   40.225800] XFS (loop0): Mounting V5 Filesystem bc2378ed-6193-40d5-9d59-7ebcb787b415
[   40.277548] XFS (loop0): Ending clean mount
[   40.285771] XFS (loop0): Quotacheck needed: Please wait.
[   40.329351] XFS (loop0): Quotacheck: Done.
[   40.438875] loop4: detected capacity change from 0 to 32768
[   40.452874] XFS: ikeep mount option is deprecated.
[   40.453589] XFS: attr2 mount option is deprecated.
[   40.564286] loop6: detected capacity change from 0 to 32768
[   40.575604] XFS: ikeep mount option is deprecated.
[   40.576222] XFS: attr2 mount option is deprecated.
[   40.604719] loop2: detected capacity change from 0 to 32768
[   40.607582] XFS: ikeep mount option is deprecated.
[   40.608195] XFS: attr2 mount option is deprecated.
[   40.616367] loop5: detected capacity change from 0 to 32768
[   40.617301] XFS: ikeep mount option is deprecated.
[   40.617910] XFS: attr2 mount option is deprecated.
[   40.619512] loop7: detected capacity change from 0 to 32768
[   40.621952] loop1: detected capacity change from 0 to 32768
[   40.622862] XFS: ikeep mount option is deprecated.
[   40.623550] XFS (loop4): Mounting V5 Filesystem bc2378ed-6193-40d5-9d59-7ebcb787b415
[   40.624106] XFS: ikeep mount option is deprecated.
[   40.624528] XFS: attr2 mount option is deprecated.
[   40.625117] XFS: attr2 mount option is deprecated.
[   40.675961] XFS (loop5): Mounting V5 Filesystem bc2378ed-6193-40d5-9d59-7ebcb787b415
[   40.685511] XFS (loop4): Ending clean mount
[   40.687135] XFS (loop4): Quotacheck needed: Please wait.
[   40.706995] XFS (loop7): Mounting V5 Filesystem bc2378ed-6193-40d5-9d59-7ebcb787b415
[   40.711545] XFS (loop1): Mounting V5 Filesystem bc2378ed-6193-40d5-9d59-7ebcb787b415
[   40.715884] XFS (loop2): Mounting V5 Filesystem bc2378ed-6193-40d5-9d59-7ebcb787b415
[   40.718785] XFS (loop6): Mounting V5 Filesystem bc2378ed-6193-40d5-9d59-7ebcb787b415
[   40.737559] XFS (loop4): Quotacheck: Done.
[   40.745942] loop3: detected capacity change from 0 to 32768
[   40.746901] XFS: ikeep mount option is deprecated.
[   40.747660] XFS: attr2 mount option is deprecated.
[   40.797961] XFS (loop5): Ending clean mount
[   40.812674] XFS (loop2): Ending clean mount
[   40.813474] XFS (loop5): Quotacheck needed: Please wait.
[   40.826206] XFS (loop2): Quotacheck needed: Please wait.
[   40.832081] XFS (loop3): Mounting V5 Filesystem bc2378ed-6193-40d5-9d59-7ebcb787b415
[   40.863196] XFS (loop1): Ending clean mount
[   40.876496] XFS (loop6): Ending clean mount
[   40.879648] XFS (loop1): Quotacheck needed: Please wait.
[   40.886490] XFS (loop7): Ending clean mount
[   40.890100] XFS (loop7): Quotacheck needed: Please wait.
[   40.890303] XFS (loop6): Quotacheck needed: Please wait.
[   40.907504] XFS (loop5): Quotacheck: Done.
[   40.912912] XFS (loop7): Quotacheck: Done.
[   40.918209] XFS (loop2): Quotacheck: Done.
[   40.927398] XFS (loop1): Quotacheck: Done.
[   41.003261] XFS (loop6): Quotacheck: Done.
[   41.036977] XFS (loop3): Ending clean mount
[   41.046216] XFS (loop3): Quotacheck needed: Please wait.
[   41.055831] ------------[ cut here ]------------
[   41.056492] WARNING: CPU: 1 PID: 731 at net/ipv6/ip6mr.c:419 ip6mr_free_table+0xc6/0x130
[   41.057474] Modules linked in:
[   41.057879] CPU: 1 UID: 0 PID: 731 Comm: syz-executor394 Not tainted 6.13.0-rc1-2024-12-02-intel-next+ #1
[   41.059050] Hardware name: QEMU Standard PC (i440FX + PIIX, 1996), BIOS rel-1.16.0-0-gd239552ce722-prebuilt.qemu.org 04/01/2014
[   41.060528] RIP: 0010:ip6mr_free_table+0xc6/0x130
[   41.061162] Code: 40 0d 00 00 48 b8 00 00 00 00 00 fc ff df 48 89 fa 48 c1 ea 03 80 3c 02 00 75 5e 48 83 bb 40 0d 00 00 00 74 07 e8 ba 91 09 fc <0f> 0b e8 b3 91 09 fc 49 8d 7c 24 38 e8 b9 36 f6 fb 4c 89 e7 be 0f
[   41.063476] RSP: 0018:ffff888029547b88 EFLAGS: 00010293
[   41.064749] RAX: 0000000000000000 RBX: ffff8880120eb880 RCX: ffffffff855e94ff
[   41.065617] RDX: ffff888029530000 RSI: ffffffff855e9536 RDI: ffff8880120ec5c0
[   41.066484] RBP: ffff888029547ba0 R08: 0000000000000000 R09: ffffed100241d738
[   41.067817] R10: 0000000000000001 R11: 0000000000000001 R12: ffff8880259ea000
[   41.068697] R13: 0000000000000001 R14: dead000000000100 R15: dffffc0000000000
[   41.069573] FS:  00007f8656f55640(0000) GS:ffff88806c500000(0000) knlGS:0000000000000000
[   41.070557] CS:  0010 DS: 0000 ES: 0000 CR0: 0000000080050033
[   41.071269] CR2: 0000557469d8cc30 CR3: 000000002712a001 CR4: 0000000000770ef0
[   41.072183] DR0: 0000000000000000 DR1: 0000000000000000 DR2: 0000000000000000
[   41.073059] DR3: 0000000000000000 DR6: 00000000fffe0ff0 DR7: 0000000000000400
[   41.073934] PKRU: 55555554
[   41.074290] Call Trace:
[   41.074608]  <TASK>
[   41.074891]  ? show_regs+0x6d/0x80
[   41.075374]  ? __warn+0xf3/0x390
[   41.075814]  ? report_bug+0x25e/0x4b0
[   41.076307]  ? ip6mr_free_table+0xc6/0x130
[   41.076843]  ? report_bug+0x2cb/0x4b0
[   41.077348]  ? ip6mr_free_table+0xc6/0x130
[   41.077882]  ? ip6mr_free_table+0xc7/0x130
[   41.078415]  ? handle_bug+0xf1/0x190
[   41.078903]  ? exc_invalid_op+0x3c/0x80
[   41.079457]  ? asm_exc_invalid_op+0x1f/0x30
[   41.080025]  ? ip6mr_free_table+0x8f/0x130
[   41.080562]  ? ip6mr_free_table+0xc6/0x130
[   41.081095]  ? ip6mr_free_table+0xc6/0x130
[   41.081637]  ? ip6mr_free_table+0xc6/0x130
[   41.082175]  ip6mr_rules_exit+0x12a/0x260
[   41.082706]  ip6mr_net_exit_batch+0x5d/0xb0
[   41.083248]  ? __pfx_ip6mr_net_exit_batch+0x10/0x10
[   41.083917]  ? __pfx_ip6mr_net_exit+0x10/0x10
[   41.084575]  ops_exit_list+0x132/0x190
[   41.085077]  setup_net+0x502/0x840
[   41.085551]  ? __pfx_setup_net+0x10/0x10
[   41.086073]  ? __pfx_down_read_killable+0x10/0x10
[   41.086693]  ? __mutex_init+0xfd/0x140
[   41.087214]  copy_net_ns+0x2bb/0x6e0
[   41.087736]  create_new_namespaces+0x403/0xb40
[   41.088335]  unshare_nsproxy_namespaces+0xca/0x200
[   41.088958]  ksys_unshare+0x482/0xae0
[   41.089459]  ? __pfx_ksys_unshare+0x10/0x10
[   41.090021]  ? __audit_syscall_entry+0x39c/0x500
[   41.090649]  __x64_sys_unshare+0x3a/0x50
[   41.091179]  x64_sys_call+0xd3e/0x2140
[   41.091695]  do_syscall_64+0x6d/0x140
[   41.092187]  entry_SYSCALL_64_after_hwframe+0x76/0x7e
[   41.092835] RIP: 0033:0x7f8656c3ee5d
[   41.093306] Code: ff c3 66 2e 0f 1f 84 00 00 00 00 00 90 f3 0f 1e fa 48 89 f8 48 89 f7 48 89 d6 48 89 ca 4d 89 c2 4d 89 c8 4c 8b 4c 24 08 0f 05 <48> 3d 01 f0 ff ff 73 01 c3 48 8b 0d 93 af 1b 00 f7 d8 64 89 01 48
[   41.095551] RSP: 002b:00007f8656f54d68 EFLAGS: 00000246 ORIG_RAX: 0000000000000110
[   41.096499] RAX: ffffffffffffffda RBX: 0000000000410488 RCX: 00007f8656c3ee5d
[   41.097385] RDX: 00007f8656c3ee5d RSI: 00000000000f4240 RDI: 0000000064040280
[   41.098271] RBP: 0000000000410480 R08: 00007f8656f55640 R09: 0000000000000000
[   41.099145] R10: 000000000000982b R11: 0000000000000246 R12: 000000000041048c
[   41.100048] R13: 0000000000000006 R14: 00007f8656c9f560 R15: 0000000000000000
[   41.100973]  </TASK>
[   41.101278] irq event stamp: 50115
[   41.101725] hardirqs last  enabled at (50123): [<ffffffff81460745>] __up_console_sem+0x95/0xb0
[   41.102812] hardirqs last disabled at (50130): [<ffffffff8146072a>] __up_console_sem+0x7a/0xb0
[   41.103891] softirqs last  enabled at (49956): [<ffffffff8128c08e>] __irq_exit_rcu+0x10e/0x170
[   41.105022] softirqs last disabled at (49947): [<ffffffff8128c08e>] __irq_exit_rcu+0x10e/0x170
[   41.106139] ---[ end trace 0000000000000000 ]---
[   41.153951] XFS (loop3): Quotacheck: Done.
[   41.165538] ------------[ cut here ]------------
[   41.166130] WARNING: CPU: 1 PID: 731 at net/ipv4/ipmr.c:440 ipmr_rules_exit+0x14b/0x1d0
[   41.167131] Modules linked in:
[   41.167710] CPU: 1 UID: 0 PID: 731 Comm: syz-executor394 Tainted: G        W          6.13.0-rc1-2024-12-02-intel-next+ #1
[   41.169051] Tainted: [W]=WARN
[   41.169438] Hardware name: QEMU Standard PC (i440FX + PIIX, 1996), BIOS rel-1.16.0-0-gd239552ce722-prebuilt.qemu.org 04/01/2014
[   41.170795] RIP: 0010:ipmr_rules_exit+0x14b/0x1d0
[   41.171573] Code: df 48 c1 ea 03 80 3c 02 00 75 7b 48 c7 83 08 08 00 00 00 00 00 00 5b 41 5c 41 5d 41 5e 41 5f 5d c3 cc cc cc cc e8 85 e5 2b fc <0f> 0b eb 91 e8 7c e5 2b fc 44 0f b6 25 1d 38 87 02 31 ff 44 89 e6
[   41.173798] RSP: 0018:ffff888029547bc0 EFLAGS: 00010293
[   41.174456] RAX: 0000000000000000 RBX: ffff8880120eb880 RCX: ffffffff853c40fb
[   41.175475] RDX: ffff888029530000 RSI: ffffffff853c416b RDI: 0000000000000005
[   41.176346] RBP: ffff888029547be8 R08: 0000000000000000 R09: ffffed100241d738
[   41.177212] R10: 0000000000000001 R11: 0000000000000001 R12: ffff888033006000
[   41.178075] R13: 0000000000000001 R14: ffff8880120ec088 R15: ffff8880120eb880
[   41.178943] FS:  00007f8656f55640(0000) GS:ffff88806c500000(0000) knlGS:0000000000000000
[   41.180066] CS:  0010 DS: 0000 ES: 0000 CR0: 0000000080050033
[   41.180783] CR2: 00007f1539a96000 CR3: 000000002712a006 CR4: 0000000000770ef0
[   41.181664] DR0: 0000000000000000 DR1: 0000000000000000 DR2: 0000000000000000
[   41.182539] DR3: 0000000000000000 DR6: 00000000fffe0ff0 DR7: 0000000000000400
[   41.183554] PKRU: 55555554
[   41.183907] Call Trace:
[   41.184252]  <TASK>
[   41.184557]  ? show_regs+0x6d/0x80
[   41.185044]  ? __warn+0xf3/0x390
[   41.185489]  ? report_bug+0x25e/0x4b0
[   41.185981]  ? ipmr_rules_exit+0x14b/0x1d0
[   41.186524]  ? report_bug+0x2cb/0x4b0
[   41.187028]  ? ipmr_rules_exit+0x14b/0x1d0
[   41.187712]  ? ipmr_rules_exit+0x14c/0x1d0
[   41.188261]  ? handle_bug+0xf1/0x190
[   41.188747]  ? exc_invalid_op+0x3c/0x80
[   41.189267]  ? asm_exc_invalid_op+0x1f/0x30
[   41.189829]  ? ipmr_rules_exit+0xdb/0x1d0
[   41.190361]  ? ipmr_rules_exit+0x14b/0x1d0
[   41.190903]  ? ipmr_rules_exit+0x14b/0x1d0
[   41.191623]  ipmr_net_exit_batch+0x5d/0xb0
[   41.192175]  ? __pfx_ipmr_net_exit_batch+0x10/0x10
[   41.192795]  ? __pfx_ipmr_net_exit+0x10/0x10
[   41.193367]  ops_exit_list+0x132/0x190
[   41.193872]  setup_net+0x502/0x840
[   41.194353]  ? __pfx_setup_net+0x10/0x10
[   41.194876]  ? __pfx_down_read_killable+0x10/0x10
[   41.195649]  ? __mutex_init+0xfd/0x140
[   41.196173]  copy_net_ns+0x2bb/0x6e0
[   41.196666]  create_new_namespaces+0x403/0xb40
[   41.197263]  unshare_nsproxy_namespaces+0xca/0x200
[   41.197886]  ksys_unshare+0x482/0xae0
[   41.198386]  ? __pfx_ksys_unshare+0x10/0x10
[   41.198948]  ? __audit_syscall_entry+0x39c/0x500
[   41.199694]  __x64_sys_unshare+0x3a/0x50
[   41.200224]  x64_sys_call+0xd3e/0x2140
[   41.200725]  do_syscall_64+0x6d/0x140
[   41.201215]  entry_SYSCALL_64_after_hwframe+0x76/0x7e
[   41.201868] RIP: 0033:0x7f8656c3ee5d
[   41.202338] Code: ff c3 66 2e 0f 1f 84 00 00 00 00 00 90 f3 0f 1e fa 48 89 f8 48 89 f7 48 89 d6 48 89 ca 4d 89 c2 4d 89 c8 4c 8b 4c 24 08 0f 05 <48> 3d 01 f0 ff ff 73 01 c3 48 8b 0d 93 af 1b 00 f7 d8 64 89 01 48
[   41.204609] RSP: 002b:00007f8656f54d68 EFLAGS: 00000246 ORIG_RAX: 0000000000000110
[   41.205558] RAX: ffffffffffffffda RBX: 0000000000410488 RCX: 00007f8656c3ee5d
[   41.206441] RDX: 00007f8656c3ee5d RSI: 00000000000f4240 RDI: 0000000064040280
[   41.207337] RBP: 0000000000410480 R08: 00007f8656f55640 R09: 0000000000000000
[   41.208222] R10: 000000000000982b R11: 0000000000000246 R12: 000000000041048c
[   41.209103] R13: 0000000000000006 R14: 00007f8656c9f560 R15: 0000000000000000
[   41.210020]  </TASK>
[   41.210318] irq event stamp: 51557
[   41.210756] hardirqs last  enabled at (51565): [<ffffffff81460745>] __up_console_sem+0x95/0xb0
[   41.211838] hardirqs last disabled at (51574): [<ffffffff8146072a>] __up_console_sem+0x7a/0xb0
[   41.212904] softirqs last  enabled at (51490): [<ffffffff8128c08e>] __irq_exit_rcu+0x10e/0x170
[   41.213981] softirqs last disabled at (51481): [<ffffffff8128c08e>] __irq_exit_rcu+0x10e/0x170
[   41.215085] ---[ end trace 0000000000000000 ]---
executing program
executing program
executing program
executing program
executing program
executing program
executing program
executing program
executing program
executing program
executing program
executing program
executing program
executing program
executing program
executing program
executing program
executing program
executing program

VM DIAGNOSIS:
15:46:53  Registers:
info registers vcpu 0
RAX=0000000000000000 RBX=0000000000000001 RCX=ffffffff8175e594 RDX=fffffbfff0f97165
RSI=0000000000000001 RDI=0000000000000000 RBP=ffff88801037fdc8 RSP=ffff88801037fda0
R8 =0000000000000000 R9 =fffffbfff0f97164 R10=ffffffff87cb8b27 R11=0000000000000001
R12=ffffffff85f8be40 R13=0000000000000000 R14=ffffffff85f8be00 R15=0000000000000001
RIP=ffffffff85915372 RFL=00000002 [-------] CPL=0 II=0 A20=1 SMM=0 HLT=0
ES =0000 0000000000000000 ffffffff 00c00000
CS =0010 0000000000000000 ffffffff 00a09b00 DPL=0 CS64 [-RA]
SS =0018 0000000000000000 ffffffff 00c09300 DPL=0 DS   [-WA]
DS =0000 0000000000000000 ffffffff 00c00000
FS =0000 00007f1d4aa86bc0 ffffffff 00c00000
GS =0000 ffff88806c400000 ffffffff 00c00000
LDT=0000 0000000000000000 ffffffff 00c00000
TR =0040 fffffe0000003000 00004087 00008b00 DPL=0 TSS64-busy
GDT=     fffffe0000001000 0000007f
IDT=     fffffe0000000000 00000fff
CR0=80050033 CR2=00007f4b7d5ef270 CR3=0000000013e18002 CR4=00770ef0
DR0=0000000000000000 DR1=0000000000000000 DR2=0000000000000000 DR3=0000000000000000 
DR6=00000000fffe0ff0 DR7=0000000000000400
EFER=0000000000000d01
FCW=037f FSW=0000 [ST=0] FTW=00 MXCSR=00001f80
FPR0=0000000000000000 0000 FPR1=0000000000000000 0000
FPR2=0000000000000000 0000 FPR3=0000000000000000 0000
FPR4=0000000000000000 0000 FPR5=0000000000000000 0000
FPR6=0000000000000000 0000 FPR7=0000000000000000 0000
Opmask00=00000000fe840041 Opmask01=000000007fffffff Opmask02=00000000ffffffff Opmask03=0000000000000000
Opmask04=0000000000000000 Opmask05=0000000000000000 Opmask06=0000000000000000 Opmask07=0000000000000000
ZMM00=0000000000000000 0000000000000000 0000000000000000 0000000000000000 0000000000000000 0000000000000000 0000000000000000 0000000000000000
ZMM01=0000000000000000 0000000000000000 0000000000000000 0000000000000000 0000000000000000 0000000000000000 0000000000000000 0000000000000000
ZMM02=0000000000000000 0000000000000000 0000000000000000 0000000000000000 0000000000000000 0000000000000000 0000000000000035 5100585858585858
ZMM03=0000000000000000 0000000000000000 0000000000000000 0000000000000000 0000000000000000 0000000000000000 ffffffffffff0f0e 0d0c0b0a09080706
ZMM04=0000000000000000 0000000000000000 0000000000000000 0000000000000000 0000000000000000 0000000000000000 0000000000000111 0000646f6874656d
ZMM05=0000000000000000 0000000000000000 0000000000000000 0000000000000000 0000000000000000 0000000000000000 00000000648985c6 0000000036d61600
ZMM06=0000000000000000 0000000000000000 0000000000000000 0000000000000000 0000000000000000 0000000000000000 00000000648985c6 00000000129bec47
ZMM07=0000000000000000 0000000000000000 0000000000000000 0000000000000000 0000000000000000 0000000000000000 0000000000000000 00000000129bec47
ZMM08=0000000000000000 0000000000000000 0000000000000000 0000000000000000 0000000000000000 0000000000000000 00000000000000ff 0000000000000000
ZMM09=0000000000000000 0000000000000000 0000000000000000 0000000000000000 0000000000000000 0000000000000000 427b427b427b427b 48161b2778427b48
ZMM10=0000000000000000 0000000000000000 0000000000000000 0000000000000000 0000000000000000 0000000000000000 161b220017111300 2678437b48161b22
ZMM11=0000000000000000 0000000000000000 0000000000000000 0000000000000000 0000000000000000 0000000000000000 0000000000000000 0000000000000000
ZMM12=0000000000000000 0000000000000000 0000000000000000 0000000000000000 0000000000000000 0000000000000000 0000000000000000 0000000000000000
ZMM13=0000000000000000 0000000000000000 0000000000000000 0000000000000000 0000000000000000 0000000000000000 0000000000000000 0000000000000000
ZMM14=0000000000000000 0000000000000000 0000000000000000 0000000000000000 0000000000000000 0000000000000000 0000000000000000 0000000000000000
ZMM15=0000000000000000 0000000000000000 0000000000000000 0000000000000000 0000000000000000 0000000000000000 0000000000000000 0000000000000000
ZMM16=0000000000000000 0000000000000000 0000000000000000 0000000000000000 0000000000000000 0000000000000000 0000000000000000 0000000000000000
ZMM17=0000000000000000 0000000000000000 0000000000000000 0000000000000000 732f74696e752f31 646d65747379732f 706f746b73656465 6572662f67726f2f
ZMM18=0000000000000000 0000000000000000 0000000000000000 0000000000000000 69747265706f7211 0000001100730103 0000000000000000 0000000000000000
ZMM19=0000000000000000 0000000000000000 0000000000000000 0000000000000000 00000073617d7673 7b61730800670108 0000000000000064 65676e6168437365
ZMM20=0000000000000000 0000000000000000 0000000000000000 0000000000000000 00000073617d7673 7b61730800670108 00005603cde298d4 65676e6168437362
ZMM21=0000000000000000 0000000000000000 0000000000000000 0000000000000000 6b73656465657266 2e67726f0000001d 00000000302e313a 0000000400730107
ZMM22=0000000000000000 0000000000000000 0000000000000000 0000000000000000 6b73656465657227 2e67726f0000001d 00005603fdcfe702 0000000400730107
ZMM23=0000000000000000 0000000000000000 0000000000000000 0000000000000000 6b777777757f767f 7f67737f0077017f 696e572ffdefffd7 75777f776e737f77
ZMM24=0000000000000000 0000000000000000 0000000000000000 0000000000000000 7269642d656d6974 6e75722d72657375 0000001a0000001f 0000007361020073
ZMM25=0000000000000000 0000000000000000 0000000000000000 0000000000000000 00000065616f7250 0000000800670103 0000000000000064 6567502e68434244
ZMM26=0000000000000000 0000000000000000 0000000000000000 0000000000000000 000000410000000b 0000000800000003 000000000000003a 0000000400430107
ZMM27=0000000000000000 0000000000000000 0000000000000000 0000000000000000 0000000000000000 0000000000000000 0000000000000000 0000000000000000
ZMM28=0000000000000000 0000000000000000 0000000000000000 0000000000000000 0000000000000000 0000000000000000 0000000000000000 0000000000000000
ZMM29=0000000000000000 0000000000000000 0000000000000000 0000000000000000 0000000000000000 0000000000000000 0000000000000000 0000000000000000
ZMM30=0000000000000000 0000000000000000 0000000000000000 0000000000000000 0000000000000000 0000000000000000 0000000000000000 0000000000000000
ZMM31=0000000000000000 0000000000000000 0000000000000000 0000000000000000 0000000000000000 0000000000000000 0000000000000000 0000000000000000
info registers vcpu 1
RAX=0000000000000038 RBX=00000000000003f8 RCX=0000000000000000 RDX=00000000000003f8
RSI=ffffffff8370331f RDI=ffffffff8cc8f880 RBP=ffff888029547428 RSP=ffff888029547410
R8 =0000000000000000 R9 =ffffed10022b8046 R10=0000000000000038 R11=0000000000000001
R12=ffffffff8cc8f840 R13=0000000000000038 R14=ffffffff8cc8f840 R15=0000000000000010
RIP=ffffffff8370337d RFL=00000002 [-------] CPL=0 II=0 A20=1 SMM=0 HLT=0
ES =0000 0000000000000000 ffffffff 00c00000
CS =0010 0000000000000000 ffffffff 00a09b00 DPL=0 CS64 [-RA]
SS =0018 0000000000000000 ffffffff 00c09300 DPL=0 DS   [-WA]
DS =0000 0000000000000000 ffffffff 00c00000
FS =0000 00007f8656f55640 ffffffff 00c00000
GS =0000 ffff88806c500000 ffffffff 00c00000
LDT=0000 0000000000000000 00000000 00000000
TR =0040 fffffe000004a000 00004087 00008b00 DPL=0 TSS64-busy
GDT=     fffffe0000048000 0000007f
IDT=     fffffe0000000000 00000fff
CR0=80050033 CR2=0000557469d8cc30 CR3=000000002712a001 CR4=00770ef0
DR0=0000000000000000 DR1=0000000000000000 DR2=0000000000000000 DR3=0000000000000000 
DR6=00000000fffe0ff0 DR7=0000000000000400
EFER=0000000000000d01
FCW=037f FSW=0000 [ST=0] FTW=00 MXCSR=00001f80
FPR0=0000000000000000 0000 FPR1=0000000000000000 0000
FPR2=0000000000000000 0000 FPR3=0000000000000000 0000
FPR4=0000000000000000 0000 FPR5=0000000000000000 0000
FPR6=0000000000000000 0000 FPR7=0000000000000000 0000
Opmask00=00000000fffff890 Opmask01=0000000040000001 Opmask02=0000000000000000 Opmask03=0000000000000000
Opmask04=0000000000000000 Opmask05=0000000000000000 Opmask06=0000000000000000 Opmask07=0000000000000000
ZMM00=0000000000000000 0000000000000000 0000000000000000 0000000000000000 0000000000000000 0000000000000000 0000000000000000 0000000000000000
ZMM01=0000000000000000 0000000000000000 0000000000000000 0000000000000000 0000000000000000 0000000000000000 0000000000000000 0000000000000000
ZMM02=0000000000000000 0000000000000000 0000000000000000 0000000000000000 0000000000000000 0000000000000000 0000000000000000 0000000000000000
ZMM03=0000000000000000 0000000000000000 0000000000000000 0000000000000000 0000000000000000 0000000000000000 0000000000000000 0000000000000000
ZMM04=0000000000000000 0000000000000000 0000000000000000 0000000000000000 0000000000000000 0000000000000000 0000000000000000 0000000000000000
ZMM05=0000000000000000 0000000000000000 0000000000000000 0000000000000000 0000000000000000 0000000000000000 0000000000000000 0000000000000000
ZMM06=0000000000000000 0000000000000000 0000000000000000 0000000000000000 0000000000000000 0000000000000000 0000000000000000 0000000000000000
ZMM07=0000000000000000 0000000000000000 0000000000000000 0000000000000000 0000000000000000 0000000000000000 0000000000000000 0000000000000000
ZMM08=0000000000000000 0000000000000000 0000000000000000 0000000000000000 0000000000000000 0000000000000000 0000000000000000 0000000000000000
ZMM09=0000000000000000 0000000000000000 0000000000000000 0000000000000000 0000000000000000 0000000000000000 0000000000000000 0000000000000000
ZMM10=0000000000000000 0000000000000000 0000000000000000 0000000000000000 0000000000000000 0000000000000000 0000000000000000 0000000000000000
ZMM11=0000000000000000 0000000000000000 0000000000000000 0000000000000000 0000000000000000 0000000000000000 0000000000000000 0000000000000000
ZMM12=0000000000000000 0000000000000000 0000000000000000 0000000000000000 0000000000000000 0000000000000000 0000000000000000 0000000000000000
ZMM13=0000000000000000 0000000000000000 0000000000000000 0000000000000000 0000000000000000 0000000000000000 0000000000000000 0000000000000000
ZMM14=0000000000000000 0000000000000000 0000000000000000 0000000000000000 0000000000000000 0000000000000000 0000000000000000 0000000000000000
ZMM15=0000000000000000 0000000000000000 0000000000000000 0000000000000000 0000000000000000 0000000000000000 0000000000000000 0000000000000000
ZMM16=0000000000000000 0000000000000000 0000000000000000 0000000000000000 0000000000000000 0000000000000000 0000000000000000 0000000000000000
ZMM17=0000000000000000 0000000000000000 0000000000000000 0000000000000000 2525252525252525 2525252525252525 2525252525252525 2525252525252525
ZMM18=0000000000000000 0000000000000000 0000000000000000 0000000000000000 7865006a64615f65 726f63735f6d6f6f 2f666c65732f636f 72702f0030303031
ZMM19=0000000000000000 0000000000000000 0000000000000000 0000000000000000 5d40004f41445f40 574a46565f484a4a 0a434940560a464a 57550a0015151514
ZMM20=0000000000000000 0000000000000000 0000000000000000 0000000000000000 0000000000000000 0000000000000000 0000000000000000 0000000000000000
ZMM21=0000000000000000 0000000000000000 0000000000000000 0000000000000000 0000000000000000 0000000000000000 0000000000000000 0000000000000000
ZMM22=0000000000000000 0000000000000000 0000000000000000 0000000000000000 0000000000000000 0000000000000000 0000000000000000 0000000000000000
ZMM23=0000000000000000 0000000000000000 0000000000000000 0000000000000000 0000000000000000 0000000000000000 0000000000000000 0000000000000000
ZMM24=0000000000000000 0000000000000000 0000000000000000 0000000000000000 0000000000000000 0000000000000000 0000000000000000 0000000000000000
ZMM25=0000000000000000 0000000000000000 0000000000000000 0000000000000000 0000000000000000 0000000000000000 0000000000000000 0000000000000000
ZMM26=0000000000000000 0000000000000000 0000000000000000 0000000000000000 0000000000000000 0000000000000000 0000000000000000 0000000000000000
ZMM27=0000000000000000 0000000000000000 0000000000000000 0000000000000000 0000000000000000 0000000000000000 0000000000000000 0000000000000000
ZMM28=0000000000000000 0000000000000000 0000000000000000 0000000000000000 0000000000000000 0000000000000000 0000000000000000 0000000000000000
ZMM29=0000000000000000 0000000000000000 0000000000000000 0000000000000000 0000000000000000 0000000000000000 0000000000000000 0000000000000000
ZMM30=0000000000000000 0000000000000000 0000000000000000 0000000000000000 0000000000000000 0000000000000000 0000000000000000 0000000000000000
ZMM31=0000000000000000 0000000000000000 0000000000000000 0000000000000000 0000000000000000 0000000000000000 0000000000000000 0000000000000000
