c[?7l[2J[0mSeaBIOS (version rel-1.16.0-0-gd239552ce722-prebuilt.qemu.org)


iPXE (http://ipxe.org) 00:03.0 CA00 PCI2.10 PnP PMM+7FF91000+7FEF1000 CA00
Press Ctrl-B to configure iPXE (PCI 00:03.0)...                                                                               


Booting from ROM...
c[?7l[2J[    0.000000] Linux version 6.12.0-rc4-42f7652d3eb5+ (root@p-adls01) (gcc (GCC) 11.5.0 20240719 (Red Hat 11.5.0-2), GNU ld version 2.35.2-54.el9) #1 SMP PREEMPT_DYNAMIC Tue Oct 22 11:29:44 CST 2024
[    0.000000] Command line: console=ttyS0 root=/dev/sda earlyprintk=serial net.ifnames=0 plymouth.enable=0
[    0.000000] KERNEL supported cpus:
[    0.000000]   Intel GenuineIntel
[    0.000000]   AMD AuthenticAMD
[    0.000000]   Hygon HygonGenuine
[    0.000000]   Centaur CentaurHauls
[    0.000000]   zhaoxin   Shanghai  
[    0.000000] BIOS-provided physical RAM map:
[    0.000000] BIOS-e820: [mem 0x0000000000000000-0x000000000009fbff] usable
[    0.000000] BIOS-e820: [mem 0x000000000009fc00-0x000000000009ffff] reserved
[    0.000000] BIOS-e820: [mem 0x00000000000f0000-0x00000000000fffff] reserved
[    0.000000] BIOS-e820: [mem 0x0000000000100000-0x000000007ffdffff] usable
[    0.000000] BIOS-e820: [mem 0x000000007ffe0000-0x000000007fffffff] reserved
[    0.000000] BIOS-e820: [mem 0x00000000feffc000-0x00000000feffffff] reserved
[    0.000000] BIOS-e820: [mem 0x00000000fffc0000-0x00000000ffffffff] reserved
[    0.000000] printk: legacy bootconsole [earlyser0] enabled
[    0.000000] NX (Execute Disable) protection: active
[    0.000000] APIC: Static calls initialized
[    0.000000] SMBIOS 2.8 present.
[    0.000000] DMI: QEMU Standard PC (i440FX + PIIX, 1996), BIOS rel-1.16.0-0-gd239552ce722-prebuilt.qemu.org 04/01/2014
[    0.000000] DMI: Memory slots populated: 1/1
[    0.000000] Hypervisor detected: KVM
[    0.000000] kvm-clock: Using msrs 4b564d01 and 4b564d00
[    0.000003] kvm-clock: using sched offset of 703650546 cycles
[    0.000372] clocksource: kvm-clock: mask: 0xffffffffffffffff max_cycles: 0x1cd42e4dffb, max_idle_ns: 881590591483 ns
[    0.001520] tsc: Detected 3609.600 MHz processor
[    0.008788] last_pfn = 0x7ffe0 max_arch_pfn = 0x400000000
[    0.009239] MTRR map: 4 entries (3 fixed + 1 variable; max 19), built from 8 variable MTRRs
[    0.009829] x86/PAT: Configuration [0-7]: WB  WC  UC- UC  WB  WP  UC- WT  
[    0.019174] found SMP MP-table at [mem 0x000f5ba0-0x000f5baf]
[    0.019651] Using GB pages for direct mapping
[    0.022312] ACPI: Early table checksum verification disabled
[    0.022742] ACPI: RSDP 0x00000000000F59C0 000014 (v00 BOCHS )
[    0.023158] ACPI: RSDT 0x000000007FFE1951 000034 (v01 BOCHS  BXPC     00000001 BXPC 00000001)
[    0.023773] ACPI: FACP 0x000000007FFE17FD 000074 (v01 BOCHS  BXPC     00000001 BXPC 00000001)
[    0.024395] ACPI: DSDT 0x000000007FFE0040 0017BD (v01 BOCHS  BXPC     00000001 BXPC 00000001)
[    0.025006] ACPI: FACS 0x000000007FFE0000 000040
[    0.025345] ACPI: APIC 0x000000007FFE1871 000080 (v01 BOCHS  BXPC     00000001 BXPC 00000001)
[    0.025957] ACPI: HPET 0x000000007FFE18F1 000038 (v01 BOCHS  BXPC     00000001 BXPC 00000001)
[    0.026568] ACPI: WAET 0x000000007FFE1929 000028 (v01 BOCHS  BXPC     00000001 BXPC 00000001)
[    0.027178] ACPI: Reserving FACP table memory at [mem 0x7ffe17fd-0x7ffe1870]
[    0.027675] ACPI: Reserving DSDT table memory at [mem 0x7ffe0040-0x7ffe17fc]
[    0.028171] ACPI: Reserving FACS table memory at [mem 0x7ffe0000-0x7ffe003f]
[    0.028669] ACPI: Reserving APIC table memory at [mem 0x7ffe1871-0x7ffe18f0]
[    0.029165] ACPI: Reserving HPET table memory at [mem 0x7ffe18f1-0x7ffe1928]
[    0.029656] ACPI: Reserving WAET table memory at [mem 0x7ffe1929-0x7ffe1950]
[    0.030578] No NUMA configuration found
[    0.030855] Faking a node at [mem 0x0000000000000000-0x000000007ffdffff]
[    0.031350] NODE_DATA(0) allocated [mem 0x7ffb5180-0x7ffdfdff]
[    0.032156] Zone ranges:
[    0.032340]   DMA      [mem 0x0000000000001000-0x0000000000ffffff]
[    0.032784]   DMA32    [mem 0x0000000001000000-0x000000007ffdffff]
[    0.033222]   Normal   empty
[    0.033430]   Device   empty
[    0.033638] Movable zone start for each node
[    0.033943] Early memory node ranges
[    0.034196]   node   0: [mem 0x0000000000001000-0x000000000009efff]
[    0.034639]   node   0: [mem 0x0000000000100000-0x000000007ffdffff]
[    0.035082] Initmem setup node 0 [mem 0x0000000000001000-0x000000007ffdffff]
[    0.035834] On node 0, zone DMA: 1 pages in unavailable ranges
[    0.036540] On node 0, zone DMA: 97 pages in unavailable ranges
[    0.076413] On node 0, zone DMA32: 32 pages in unavailable ranges
[    0.247017] kasan: KernelAddressSanitizer initialized
[    0.247628] ACPI: PM-Timer IO Port: 0x608
[    0.247952] ACPI: LAPIC_NMI (acpi_id[0xff] dfl dfl lint[0x1])
[    0.248415] IOAPIC[0]: apic_id 0, version 17, address 0xfec00000, GSI 0-23
[    0.248934] ACPI: INT_SRC_OVR (bus 0 bus_irq 0 global_irq 2 dfl dfl)
[    0.249386] ACPI: INT_SRC_OVR (bus 0 bus_irq 5 global_irq 5 high level)
[    0.249854] ACPI: INT_SRC_OVR (bus 0 bus_irq 9 global_irq 9 high level)
[    0.250320] ACPI: INT_SRC_OVR (bus 0 bus_irq 10 global_irq 10 high level)
[    0.250800] ACPI: INT_SRC_OVR (bus 0 bus_irq 11 global_irq 11 high level)
[    0.251291] ACPI: Using ACPI (MADT) for SMP configuration information
[    0.251746] ACPI: HPET id: 0x8086a201 base: 0xfed00000
[    0.252118] TSC deadline timer available
[    0.252403] CPU topo: Max. logical packages:   1
[    0.252731] CPU topo: Max. logical dies:       1
[    0.253057] CPU topo: Max. dies per package:   1
[    0.253387] CPU topo: Max. threads per core:   1
[    0.253714] CPU topo: Num. cores per package:     2
[    0.254059] CPU topo: Num. threads per package:   2
[    0.254403] CPU topo: Allowing 2 present CPUs plus 0 hotplug CPUs
[    0.254872] kvm-guest: APIC: eoi() replaced with kvm_guest_apic_eoi_write()
[    0.255383] kvm-guest: KVM setup pv remote TLB flush
[    0.255736] kvm-guest: setup PV sched yield
[    0.256065] PM: hibernation: Registered nosave memory: [mem 0x00000000-0x00000fff]
[    0.256604] PM: hibernation: Registered nosave memory: [mem 0x0009f000-0x0009ffff]
[    0.257137] PM: hibernation: Registered nosave memory: [mem 0x000a0000-0x000effff]
[    0.257670] PM: hibernation: Registered nosave memory: [mem 0x000f0000-0x000fffff]
[    0.258202] [mem 0x80000000-0xfeffbfff] available for PCI devices
[    0.258632] Booting paravirtualized kernel on KVM
[    0.258970] clocksource: refined-jiffies: mask: 0xffffffff max_cycles: 0xffffffff, max_idle_ns: 7645519600211568 ns
[    0.259714] setup_percpu: NR_CPUS:8192 nr_cpumask_bits:2 nr_cpu_ids:2 nr_node_ids:1
[    0.261398] percpu: Embedded 85 pages/cpu s311296 r8192 d28672 u1048576
[    0.262018] kvm-guest: PV spinlocks enabled
[    0.262326] PV qspinlock hash table entries: 256 (order: 0, 4096 bytes, linear)
[    0.262851] Kernel command line: net.ifnames=0 console=ttyS0 root=/dev/sda earlyprintk=serial net.ifnames=0 plymouth.enable=0
[    0.263871] random: crng init done
[    0.265195] Dentry cache hash table entries: 262144 (order: 9, 2097152 bytes, linear)
[    0.266206] Inode-cache hash table entries: 131072 (order: 8, 1048576 bytes, linear)
[    0.267004] Fallback order for Node 0: 0 
[    0.267014] Built 1 zonelists, mobility grouping on.  Total pages: 524158
[    0.267746] Policy zone: DMA32
[    0.267958] mem auto-init: stack:off, heap alloc:off, heap free:off
[    0.268382] stackdepot: allocating hash table via alloc_large_system_hash
[    0.268851] stackdepot hash table entries: 1048576 (order: 12, 16777216 bytes, linear)
[    0.332836] SLUB: HWalign=64, Order=0-3, MinObjects=0, CPUs=2, Nodes=1
[    0.333313] kmemleak: Kernel memory leak detector disabled
[    0.333823] ftrace: allocating 72391 entries in 283 pages
[    0.353833] ftrace: allocated 283 pages with 5 groups
[    0.357200] Dynamic Preempt: voluntary
[    0.357845] Running RCU self tests
[    0.358087] Running RCU synchronous self tests
[    0.358402] rcu: Preemptible hierarchical RCU implementation.
[    0.358799] rcu: 	RCU lockdep checking is enabled.
[    0.359131] rcu: 	RCU restricting CPUs from NR_CPUS=8192 to nr_cpu_ids=2.
[    0.359602] 	Trampoline variant of Tasks RCU enabled.
[    0.359951] 	Rude variant of Tasks RCU enabled.
[    0.360265] 	Tracing variant of Tasks RCU enabled.
[    0.360601] rcu: RCU calculated value of scheduler-enlistment delay is 25 jiffies.
[    0.361123] rcu: Adjusting geometry for rcu_fanout_leaf=16, nr_cpu_ids=2
[    0.361627] Running RCU synchronous self tests
[    0.361939] RCU Tasks: Setting shift to 1 and lim to 1 rcu_task_cb_adjust=1 rcu_task_cpu_ids=2.
[    0.362542] RCU Tasks Rude: Setting shift to 1 and lim to 1 rcu_task_cb_adjust=1 rcu_task_cpu_ids=2.
[    0.363176] RCU Tasks Trace: Setting shift to 1 and lim to 1 rcu_task_cb_adjust=1 rcu_task_cpu_ids=2.
[    0.390192] NR_IRQS: 524544, nr_irqs: 440, preallocated irqs: 16
[    0.391073] rcu: srcu_init: Setting srcu_struct sizes based on contention.
[    0.398058] Console: colour VGA+ 80x25
[    0.398387] printk: legacy console [ttyS0] enabled
[    0.398387] printk: legacy console [ttyS0] enabled
[    0.399053] printk: legacy bootconsole [earlyser0] disabled
[    0.399053] printk: legacy bootconsole [earlyser0] disabled
[    0.399830] Lock dependency validator: Copyright (c) 2006 Red Hat, Inc., Ingo Molnar
[    0.400367] ... MAX_LOCKDEP_SUBCLASSES:  8
[    0.400660] ... MAX_LOCK_DEPTH:          48
[    0.400955] ... MAX_LOCKDEP_KEYS:        8192
[    0.401263] ... CLASSHASH_SIZE:          4096
[    0.401570] ... MAX_LOCKDEP_ENTRIES:     524288
[    0.401889] ... MAX_LOCKDEP_CHAINS:      524288
[    0.402208] ... CHAINHASH_SIZE:          262144
[    0.402527]  memory used by lock dependency info: 54145 kB
[    0.402910]  memory used for stack traces: 4224 kB
[    0.403246]  per task-struct memory footprint: 1920 bytes
[    0.403700] ACPI: Core revision 20240827
[    0.404313] clocksource: hpet: mask: 0xffffffff max_cycles: 0xffffffff, max_idle_ns: 19112604467 ns
[    0.405101] APIC: Switch to symmetric I/O mode setup
[    0.405594] x2apic enabled
[    0.406122] APIC: Switched APIC routing to: physical x2apic
[    0.406519] kvm-guest: APIC: send_IPI_mask() replaced with kvm_send_ipi_mask()
[    0.407030] kvm-guest: APIC: send_IPI_mask_allbutself() replaced with kvm_send_ipi_mask_allbutself()
[    0.407663] kvm-guest: setup PV IPIs
[    0.408863] ..TIMER: vector=0x30 apic1=0 pin1=2 apic2=-1 pin2=-1
[    0.409325] clocksource: tsc-early: mask: 0xffffffffffffffff max_cycles: 0x3407c077a8d, max_idle_ns: 440795342283 ns
[    0.410064] Calibrating delay loop (skipped) preset value.. 7219.20 BogoMIPS (lpj=14438400)
[    0.410735] x86/cpu: User Mode Instruction Prevention (UMIP) activated
[    0.411262] Last level iTLB entries: 4KB 0, 2MB 0, 4MB 0
[    0.411632] Last level dTLB entries: 4KB 0, 2MB 0, 4MB 0, 1GB 0
[    0.412058] Spectre V1 : Mitigation: usercopy/swapgs barriers and __user pointer sanitization
[    0.412653] Spectre V2 : WARNING: Unprivileged eBPF is enabled with eIBRS on, data leaks possible via Spectre v2 BHB attacks!
[    0.414078] Spectre V2 : Spectre BHI mitigation: SW BHB clearing on syscall and VM exit
[    0.414632] Spectre V2 : Mitigation: Enhanced / Automatic IBRS
[    0.415041] Spectre V2 : Spectre v2 / SpectreRSB mitigation: Filling RSB on context switch
[    0.415612] Spectre V2 : Spectre v2 / PBRSB-eIBRS: Retire a single CALL on VMEXIT
[    0.416138] Spectre V2 : mitigation: Enabling conditional Indirect Branch Prediction Barrier
[    0.416726] Speculative Store Bypass: Mitigation: Speculative Store Bypass disabled via prctl
[    0.417321] Register File Data Sampling: Vulnerable: No microcode
[    0.418079] x86/fpu: Supporting XSAVE feature 0x001: 'x87 floating point registers'
[    0.418630] x86/fpu: Supporting XSAVE feature 0x002: 'SSE registers'
[    0.419090] x86/fpu: Supporting XSAVE feature 0x004: 'AVX registers'
[    0.419549] x86/fpu: Supporting XSAVE feature 0x200: 'Protection Keys User registers'
[    0.420113] x86/fpu: xstate_offset[2]:  576, xstate_sizes[2]:  256
[    0.420562] x86/fpu: xstate_offset[9]:  832, xstate_sizes[9]:    8
[    0.421009] x86/fpu: Enabled xstate features 0x207, context size is 840 bytes, using 'compacted' format.
[    0.544928] Freeing SMP alternatives memory: 56K
[    0.545311] pid_max: default: 32768 minimum: 301
[    0.545853] LSM: initializing lsm=capability,yama,ima,evm
[    0.546145] Yama: becoming mindful.
[    0.546743] Mount-cache hash table entries: 4096 (order: 3, 32768 bytes, linear)
[    0.547296] Mountpoint-cache hash table entries: 4096 (order: 3, 32768 bytes, linear)
[    0.549292] Running RCU synchronous self tests
[    0.549645] Running RCU synchronous self tests
[    0.550367] smpboot: CPU0: 12th Gen Intel(R) Core(TM) i7-12700K (family: 0x6, model: 0x97, stepping: 0x2)
[    0.552062] Running RCU Tasks wait API self tests
[    0.654147] Running RCU Tasks Rude wait API self tests
[    0.654654] Running RCU Tasks Trace wait API self tests
[    0.655079] Performance Events: unsupported p6 CPU model 151 no PMU driver, software events only.
[    0.655768] signal: max sigframe size: 3632
[    0.656277] rcu: Hierarchical SRCU implementation.
[    0.656638] rcu: 	Max phase no-delay instances is 1000.
[    0.657280] Timer migration: 1 hierarchy levels; 8 children per group; 1 crossnode level
[    0.659725] NMI watchdog: Perf NMI watchdog permanently disabled
[    0.660363] smp: Bringing up secondary CPUs ...
[    0.661325] smpboot: x86: Booting SMP configuration:
[    0.661716] .... node  #0, CPUs:      #1
[    0.662557] smp: Brought up 1 node, 2 CPUs
[    0.662756] smpboot: Total of 2 processors activated (14438.40 BogoMIPS)
[    0.663795] Memory: 1552196K/2096632K available (77824K kernel code, 14996K rwdata, 17780K rodata, 15492K init, 69564K bss, 537212K reserved, 0K cma-reserved)
[    0.666329] devtmpfs: initialized
[    0.666631] x86/mm: Memory block size: 128MB
[    0.670067] Callback from call_rcu_tasks_trace() invoked.
[    0.674783] Running RCU synchronous self tests
[    0.674932] Running RCU synchronous self tests
[    0.675280] clocksource: jiffies: mask: 0xffffffff max_cycles: 0xffffffff, max_idle_ns: 7645041785100000 ns
[    0.675280] futex hash table entries: 512 (order: 4, 65536 bytes, linear)
[    0.675660] pinctrl core: initialized pinctrl subsystem
[    0.678617] 
[    0.678744] *************************************************************
[    0.679234] **     NOTICE NOTICE NOTICE NOTICE NOTICE NOTICE NOTICE    **
[    0.679724] **                                                         **
[    0.680215] **  IOMMU DebugFS SUPPORT HAS BEEN ENABLED IN THIS KERNEL  **
[    0.680704] **                                                         **
[    0.681196] ** This means that this kernel is built to expose internal **
[    0.681685] ** IOMMU data structures, which may compromise security on **
[    0.682058] ** your system.                                            **
[    0.682551] **                                                         **
[    0.683042] ** If you see this message and you are not debugging the   **
[    0.683531] ** kernel, report this immediately to your vendor!         **
[    0.684023] **                                                         **
[    0.684513] **     NOTICE NOTICE NOTICE NOTICE NOTICE NOTICE NOTICE    **
[    0.685005] *************************************************************
[    0.685547] PM: RTC time: 17:28:01, date: 2024-10-26
[    0.688941] NET: Registered PF_NETLINK/PF_ROUTE protocol family
[    0.690840] DMA: preallocated 256 KiB GFP_KERNEL pool for atomic allocations
[    0.691400] DMA: preallocated 256 KiB GFP_KERNEL|GFP_DMA pool for atomic allocations
[    0.692215] DMA: preallocated 256 KiB GFP_KERNEL|GFP_DMA32 pool for atomic allocations
[    0.693279] audit: initializing netlink subsys (disabled)
[    0.694512] audit: type=2000 audit(1729963681.369:1): state=initialized audit_enabled=0 res=1
[    0.696635] thermal_sys: Registered thermal governor 'fair_share'
[    0.696644] thermal_sys: Registered thermal governor 'bang_bang'
[    0.697439] thermal_sys: Registered thermal governor 'step_wise'
[    0.698066] thermal_sys: Registered thermal governor 'user_space'
[    0.698589] cpuidle: using governor ladder
[    0.698842] cpuidle: using governor menu
[    0.698842] acpiphp: ACPI Hot Plug PCI Controller Driver version: 0.5
[    0.699926] PCI: Using configuration type 1 for base access
[    0.702156] kprobes: kprobe jump-optimization is enabled. All kprobes are optimized if possible.
[    0.802307] HugeTLB: registered 1.00 GiB page size, pre-allocated 0 pages
[    0.802307] HugeTLB: 16380 KiB vmemmap can be freed for a 1.00 GiB page
[    0.802307] HugeTLB: registered 2.00 MiB page size, pre-allocated 0 pages
[    0.802307] HugeTLB: 28 KiB vmemmap can be freed for a 2.00 MiB page
[    0.814053] ACPI: Added _OSI(Module Device)
[    0.814053] ACPI: Added _OSI(Processor Device)
[    0.814053] ACPI: Added _OSI(3.0 _SCP Extensions)
[    0.814053] ACPI: Added _OSI(Processor Aggregator Device)
[    0.825891] ACPI: 1 ACPI AML tables successfully acquired and loaded
[    0.844023] ACPI: Interpreter enabled
[    0.844444] ACPI: PM: (supports S0 S3 S4 S5)
[    0.844776] ACPI: Using IOAPIC for interrupt routing
[    0.845229] PCI: Using host bridge windows from ACPI; if necessary, use "pci=nocrs" and report a bug
[    0.846063] PCI: Using E820 reservations for host bridge windows
[    0.847444] ACPI: Enabled 2 GPEs in block 00 to 0F
[    0.875867] ACPI: PCI Root Bridge [PCI0] (domain 0000 [bus 00-ff])
[    0.876369] acpi PNP0A03:00: _OSC: OS supports [ASPM ClockPM Segments MSI EDR HPX-Type3]
[    0.876969] acpi PNP0A03:00: _OSC: not requesting OS control; OS requires [ExtendedConfig ASPM ClockPM MSI]
[    0.877801] acpi PNP0A03:00: fail to add MMCONFIG information, can't access extended configuration space under this bridge
[    0.881656] acpiphp: Slot [3] registered
[    0.882183] acpiphp: Slot [4] registered
[    0.882576] acpiphp: Slot [5] registered
[    0.882977] acpiphp: Slot [6] registered
[    0.883386] acpiphp: Slot [7] registered
[    0.883775] acpiphp: Slot [8] registered
[    0.884161] acpiphp: Slot [9] registered
[    0.884556] acpiphp: Slot [10] registered
[    0.884967] acpiphp: Slot [11] registered
[    0.885357] acpiphp: Slot [12] registered
[    0.885754] acpiphp: Slot [13] registered
[    0.886151] acpiphp: Slot [14] registered
[    0.886564] acpiphp: Slot [15] registered
[    0.886957] acpiphp: Slot [16] registered
[    0.887357] acpiphp: Slot [17] registered
[    0.887745] acpiphp: Slot [18] registered
[    0.888156] acpiphp: Slot [19] registered
[    0.888551] acpiphp: Slot [20] registered
[    0.888942] acpiphp: Slot [21] registered
[    0.889333] acpiphp: Slot [22] registered
[    0.889747] acpiphp: Slot [23] registered
[    0.890141] acpiphp: Slot [24] registered
[    0.890533] acpiphp: Slot [25] registered
[    0.890924] acpiphp: Slot [26] registered
[    0.891334] acpiphp: Slot [27] registered
[    0.891737] acpiphp: Slot [28] registered
[    0.892151] acpiphp: Slot [29] registered
[    0.892544] acpiphp: Slot [30] registered
[    0.892954] acpiphp: Slot [31] registered
[    0.893306] PCI host bridge to bus 0000:00
[    0.893651] pci_bus 0000:00: root bus resource [io  0x0000-0x0cf7 window]
[    0.894061] pci_bus 0000:00: root bus resource [io  0x0d00-0xffff window]
[    0.894556] pci_bus 0000:00: root bus resource [mem 0x000a0000-0x000bffff window]
[    0.895101] pci_bus 0000:00: root bus resource [mem 0x80000000-0xfebfffff window]
[    0.895645] pci_bus 0000:00: root bus resource [mem 0x100000000-0x17fffffff window]
[    0.896205] pci_bus 0000:00: root bus resource [bus 00-ff]
[    0.896711] pci 0000:00:00.0: [8086:1237] type 00 class 0x060000 conventional PCI endpoint
[    0.904099] pci 0000:00:01.0: [8086:7000] type 00 class 0x060100 conventional PCI endpoint
[    0.905705] pci 0000:00:01.1: [8086:7010] type 00 class 0x010180 conventional PCI endpoint
[    0.907348] pci 0000:00:01.1: BAR 4 [io  0xc040-0xc04f]
[    0.908236] pci 0000:00:01.1: BAR 0 [io  0x01f0-0x01f7]: legacy IDE quirk
[    0.908731] pci 0000:00:01.1: BAR 1 [io  0x03f6]: legacy IDE quirk
[    0.909181] pci 0000:00:01.1: BAR 2 [io  0x0170-0x0177]: legacy IDE quirk
[    0.909672] pci 0000:00:01.1: BAR 3 [io  0x0376]: legacy IDE quirk
[    0.910458] pci 0000:00:01.3: [8086:7113] type 00 class 0x068000 conventional PCI endpoint
[    0.911356] pci 0000:00:01.3: quirk: [io  0x0600-0x063f] claimed by PIIX4 ACPI
[    0.911889] pci 0000:00:01.3: quirk: [io  0x0700-0x070f] claimed by PIIX4 SMB
[    0.912776] pci 0000:00:02.0: [1234:1111] type 00 class 0x030000 conventional PCI endpoint
[    0.922500] pci 0000:00:02.0: BAR 0 [mem 0xfd000000-0xfdffffff pref]
[    0.924979] pci 0000:00:02.0: BAR 2 [mem 0xfebf0000-0xfebf0fff]
[    0.929058] pci 0000:00:02.0: ROM [mem 0xfebe0000-0xfebeffff pref]
[    0.929856] pci 0000:00:02.0: Video device with shadowed ROM at [mem 0x000c0000-0x000dffff]
[    0.937868] pci 0000:00:03.0: [8086:100e] type 00 class 0x020000 conventional PCI endpoint
[    0.938502] pci 0000:00:03.0: BAR 0 [mem 0xfebc0000-0xfebdffff]
[    0.939277] pci 0000:00:03.0: BAR 1 [io  0xc000-0xc03f]
[    0.941506] pci 0000:00:03.0: ROM [mem 0xfeb80000-0xfebbffff pref]
[    0.958969] ACPI: PCI: Interrupt link LNKA configured for IRQ 10
[    0.960248] ACPI: PCI: Interrupt link LNKB configured for IRQ 10
[    0.961378] ACPI: PCI: Interrupt link LNKC configured for IRQ 11
[    0.962481] ACPI: PCI: Interrupt link LNKD configured for IRQ 11
[    0.963225] ACPI: PCI: Interrupt link LNKS configured for IRQ 9
[    0.966518] iommu: Default domain type: Translated
[    0.966903] iommu: DMA domain TLB invalidation policy: lazy mode
[    0.969830] SCSI subsystem initialized
[    0.974546] ACPI: bus type USB registered
[    0.975028] usbcore: registered new interface driver usbfs
[    0.975528] usbcore: registered new interface driver hub
[    0.976000] usbcore: registered new device driver usb
[    0.976633] pps_core: LinuxPPS API ver. 1 registered
[    0.977005] pps_core: Software ver. 5.3.6 - Copyright 2005-2007 Rodolfo Giometti <giometti@linux.it>
[    0.977735] PTP clock support registered
[    0.978505] EDAC MC: Ver: 3.0.0
[    0.984248] NetLabel: Initializing
[    0.984530] NetLabel:  domain hash size = 128
[    0.984859] NetLabel:  protocols = UNLABELED CIPSOv4 CALIPSO
[    0.985448] NetLabel:  unlabeled traffic allowed by default
[    0.986529] PCI: Using ACPI for IRQ routing
[    0.987212] pci 0000:00:02.0: vgaarb: setting as boot VGA device
[    0.987675] pci 0000:00:02.0: vgaarb: bridge control possible
[    0.988103] pci 0000:00:02.0: vgaarb: VGA device added: decodes=io+mem,owns=io+mem,locks=none
[    0.988733] vgaarb: loaded
[    0.990056] hpet0: at MMIO 0xfed00000, IRQs 2, 8, 0
[    0.990061] hpet0: 3 comparators, 64-bit 100.000000 MHz counter
[    0.992893] clocksource: Switched to clocksource kvm-clock
[    0.993368] VFS: Disk quotas dquot_6.6.0
[    0.993368] VFS: Dquot-cache hash table entries: 512 (order 0, 4096 bytes)
[    0.994147] pnp: PnP ACPI init
[    1.001444] pnp: PnP ACPI: found 6 devices
[    1.017169] clocksource: acpi_pm: mask: 0xffffff max_cycles: 0xffffff, max_idle_ns: 2085701024 ns
[    1.018265] NET: Registered PF_INET protocol family
[    1.018941] IP idents hash table entries: 32768 (order: 6, 262144 bytes, linear)
[    1.020835] tcp_listen_portaddr_hash hash table entries: 1024 (order: 4, 73728 bytes, linear)
[    1.021535] Table-perturb hash table entries: 65536 (order: 6, 262144 bytes, linear)
[    1.022160] TCP established hash table entries: 16384 (order: 5, 131072 bytes, linear)
[    1.023222] TCP bind hash table entries: 16384 (order: 9, 2359296 bytes, linear)
[    1.025676] TCP: Hash tables configured (established 16384 bind 16384)
[    1.026339] UDP hash table entries: 1024 (order: 5, 163840 bytes, linear)
[    1.026989] UDP-Lite hash table entries: 1024 (order: 5, 163840 bytes, linear)
[    1.027905] NET: Registered PF_UNIX/PF_LOCAL protocol family
[    1.029462] RPC: Registered named UNIX socket transport module.
[    1.029923] RPC: Registered udp transport module.
[    1.030269] RPC: Registered tcp transport module.
[    1.030628] RPC: Registered tcp-with-tls transport module.
[    1.031029] RPC: Registered tcp NFSv4.1 backchannel transport module.
[    1.031538] pci_bus 0000:00: resource 4 [io  0x0000-0x0cf7 window]
[    1.031993] pci_bus 0000:00: resource 5 [io  0x0d00-0xffff window]
[    1.032450] pci_bus 0000:00: resource 6 [mem 0x000a0000-0x000bffff window]
[    1.032951] pci_bus 0000:00: resource 7 [mem 0x80000000-0xfebfffff window]
[    1.033451] pci_bus 0000:00: resource 8 [mem 0x100000000-0x17fffffff window]
[    1.034246] pci 0000:00:01.0: PIIX3: Enabling Passive Release
[    1.034690] pci 0000:00:00.0: Limiting direct PCI/PCI transfers
[    1.035203] PCI: CLS 0 bytes, default 64
[    1.035623] ACPI: bus type thunderbolt registered
[    1.036307] clocksource: tsc: mask: 0xffffffffffffffff max_cycles: 0x3407c077a8d, max_idle_ns: 440795342283 ns
[    2.825678] Initialise system trusted keyrings
[    2.826167] Key type blacklist registered
[    2.828718] workingset: timestamp_bits=36 max_order=19 bucket_order=0
[    2.829243] zbud: loaded
[    2.831273] squashfs: version 4.0 (2009/01/31) Phillip Lougher
[    2.833375] NFS: Registering the id_resolver key type
[    2.833767] Key type id_resolver registered
[    2.834085] Key type id_legacy registered
[    2.834441] nfs4filelayout_init: NFSv4 File Layout Driver Registering...
[    2.835001] nfs4flexfilelayout_init: NFSv4 Flexfile Layout Driver Registering...
[    2.835797] fuse: init (API version 7.41)
[    2.836609] SGI XFS with ACLs, security attributes, realtime, quota, no debug enabled
[    2.838655] 9p: Installing v9fs 9p2000 file system support
[    2.850386] Key type asymmetric registered
[    2.850783] Asymmetric key parser 'x509' registered
[    2.851274] Block layer SCSI generic (bsg) driver version 0.4 loaded (major 243)
[    2.852211] io scheduler mq-deadline registered
[    2.852654] io scheduler bfq registered
[    2.853761] ledtrig-cpu: registered to indicate activity on CPUs
[    2.854568] shpchp: Standard Hot Plug PCI Controller Driver version: 0.4
[    2.855762] IPMI message handler: version 39.2
[    2.856170] ipmi device interface
[    2.858691] input: Power Button as /devices/LNXSYSTM:00/LNXPWRBN:00/input/input0
[    2.859832] ACPI: button: Power Button [PWRF]
[    2.865901] ERST DBG: ERST support is disabled.
[    2.867310] Serial: 8250/16550 driver, 32 ports, IRQ sharing enabled
[    2.868955] 00:04: ttyS0 at I/O 0x3f8 (irq = 4, base_baud = 115200) is a 16550A
[    2.889519] Linux agpgart interface v0.103
[    2.891585] ACPI: bus type drm_connector registered
[    2.907331] brd: module loaded
[    2.923770] loop: module loaded
[    2.931532] scsi host0: ata_piix
[    2.932624] scsi host1: ata_piix
[    2.933178] ata1: PATA max MWDMA2 cmd 0x1f0 ctl 0x3f6 bmdma 0xc040 irq 14 lpm-pol 0
[    2.933752] ata2: PATA max MWDMA2 cmd 0x170 ctl 0x376 bmdma 0xc048 irq 15 lpm-pol 0
[    2.936316] tun: Universal TUN/TAP device driver, 1.6
[    2.937136] e100: Intel(R) PRO/100 Network Driver
[    2.937504] e100: Copyright(c) 1999-2006 Intel Corporation
[    2.937965] e1000: Intel(R) PRO/1000 Network Driver
[    2.938330] e1000: Copyright (c) 1999-2006 Intel Corporation.
[    2.954616] Callback from call_rcu_tasks() invoked.
[    3.090739] ata1: found unknown device (class 0)
[    3.091417] ata2: found unknown device (class 0)
[    3.092283] ata2.00: ATAPI: QEMU DVD-ROM, 2.5+, max UDMA/100
[    3.093103] ata1.00: ATA-7: QEMU HARDDISK, 2.5+, max UDMA/100
[    3.093538] ata1.00: 17196647 sectors, multi 16: LBA48 
[    3.095496] scsi 0:0:0:0: Direct-Access     ATA      QEMU HARDDISK    2.5+ PQ: 0 ANSI: 5
[    3.097902] sd 0:0:0:0: Attached scsi generic sg0 type 0
[    3.098619] sd 0:0:0:0: [sda] 17196647 512-byte logical blocks: (8.80 GB/8.20 GiB)
[    3.099718] sd 0:0:0:0: [sda] Write Protect is off
[    3.100241] sd 0:0:0:0: [sda] Write cache: enabled, read cache: enabled, doesn't support DPO or FUA
[    3.100947] scsi 1:0:0:0: CD-ROM            QEMU     QEMU DVD-ROM     2.5+ PQ: 0 ANSI: 5
[    3.101906] sd 0:0:0:0: [sda] Preferred minimum I/O size 512 bytes
[    3.120507] scsi 1:0:0:0: Attached scsi generic sg1 type 5
[    3.125889] sd 0:0:0:0: [sda] Attached SCSI disk
[    3.488938] ACPI: \_SB_.LNKC: Enabled at IRQ 11
[    3.798076] e1000 0000:00:03.0 eth0: (PCI:33MHz:32-bit) 52:54:00:12:34:56
[    3.798669] e1000 0000:00:03.0 eth0: Intel(R) PRO/1000 Network Connection
[    3.799288] e1000e: Intel(R) PRO/1000 Network Driver
[    3.799661] e1000e: Copyright(c) 1999 - 2015 Intel Corporation.
[    3.800176] igb: Intel(R) Gigabit Ethernet Network Driver
[    3.800580] igb: Copyright (c) 2007-2014 Intel Corporation.
[    3.801158] PPP generic driver version 2.4.2
[    3.802337] VFIO - User Level meta-driver version: 0.3
[    3.804240] usbcore: registered new interface driver uas
[    3.804706] usbcore: registered new interface driver usb-storage
[    3.805403] i8042: PNP: PS/2 Controller [PNP0303:KBD,PNP0f13:MOU] at 0x60,0x64 irq 1,12
[    3.807066] serio: i8042 KBD port at 0x60,0x64 irq 1
[    3.807498] serio: i8042 AUX port at 0x60,0x64 irq 12
[    3.809143] mousedev: PS/2 mouse device common for all mice
[    3.810684] rtc_cmos 00:05: RTC can wake from S4
[    3.812316] input: AT Translated Set 2 keyboard as /devices/platform/i8042/serio0/input/input1
[    3.812597] rtc_cmos 00:05: registered as rtc0
[    3.813393] rtc_cmos 00:05: setting system clock to 2024-10-26T17:28:04 UTC (1729963684)
[    3.814283] input: VirtualPS/2 VMware VMMouse as /devices/platform/i8042/serio1/input/input4
[    3.815229] rtc_cmos 00:05: alarms up to one day, y3k, 242 bytes nvram, hpet irqs
[    3.815877] input: VirtualPS/2 VMware VMMouse as /devices/platform/i8042/serio1/input/input3
[    3.815912] i2c_dev: i2c /dev entries driver
[    3.816941] device-mapper: core: CONFIG_IMA_DISABLE_HTABLE is disabled. Duplicate IMA measurements will not be recorded in the IMA log.
[    3.817875] device-mapper: uevent: version 1.0.3
[    3.818628] device-mapper: ioctl: 4.48.0-ioctl (2023-03-01) initialised: dm-devel@lists.linux.dev
[    3.819308] intel_pstate: CPU model not supported
[    3.819870] sdhci: Secure Digital Host Controller Interface driver
[    3.820338] sdhci: Copyright(c) Pierre Ossman
[    3.820768] sdhci-pltfm: SDHCI platform and OF driver helper
[    3.821636] drop_monitor: Initializing network drop monitor service
[    3.822460] NET: Registered PF_INET6 protocol family
[    3.825751] Segment Routing with IPv6
[    3.826103] In-situ OAM (IOAM) with IPv6
[    3.826488] NET: Registered PF_PACKET protocol family
[    3.827175] 9pnet: Installing 9P2000 support
[    3.827627] Key type dns_resolver registered
[    3.829383] IPI shorthand broadcast: enabled
[    3.861574] sched_clock: Marking stable (3844006546, 14504398)->(3866775930, -8264986)
[    3.863962] registered taskstats version 1
[    3.864724] Loading compiled-in X.509 certificates
[    3.901167] Demotion targets for Node 0: null
[    3.902823] Key type .fscrypt registered
[    3.903143] Key type fscrypt-provisioning registered
[    3.906185] Key type encrypted registered
[    3.906588] ima: No TPM chip found, activating TPM-bypass!
[    3.907020] ima: Allocated hash algorithm: sha1
[    3.907434] ima: No architecture policies found
[    3.907947] evm: Initialising EVM extended attributes:
[    3.908337] evm: security.selinux
[    3.908589] evm: security.SMACK64
[    3.908841] evm: security.SMACK64EXEC
[    3.909121] evm: security.SMACK64TRANSMUTE
[    3.909428] evm: security.SMACK64MMAP
[    3.909707] evm: security.apparmor
[    3.909966] evm: security.ima
[    3.910194] evm: security.capability
[    3.910465] evm: HMAC attrs: 0x1
[    3.912761] PM:   Magic number: 12:708:492
[    3.913883] RAS: Correctable Errors collector initialized.
[    3.915026] clk: Disabling unused clocks
[    3.915364] PM: genpd: Disabling unused power domains
[    3.916398] md: Waiting for all devices to be available before autodetect
[    3.916749] md: If you don't use raid, use raid=noautodetect
[    3.917043] md: Autodetecting RAID arrays.
[    3.917264] md: autorun ...
[    3.917414] md: ... autorun DONE.
[    3.933767] EXT4-fs (sda): mounted filesystem 088740a9-c8b4-422c-999d-a804eb68a4da ro with ordered data mode. Quota mode: none.
[    3.934451] VFS: Mounted root (ext4 filesystem) readonly on device 8:0.
[    3.936864] devtmpfs: mounted
[    3.951767] Freeing unused decrypted memory: 2028K
[    3.958927] Freeing unused kernel image (initmem) memory: 15492K
[    3.959354] Write protecting the kernel read-only data: 96256k
[    3.961128] Freeing unused kernel image (rodata/data gap) memory: 652K
[    4.022144] x86/mm: Checked W+X mappings: passed, no W+X pages found.
[    4.022533] Run /sbin/init as init process
[    4.141185] systemd[1]: systemd 252-15.el9 running in system mode (+PAM +AUDIT +SELINUX -APPARMOR +IMA +SMACK +SECCOMP +GCRYPT +GNUTLS +OPENSSL +ACL +BLKID +CURL +ELFUTILS -FIDO2 +IDN2 -IDN -IPTC +KMOD +LIBCRYPTSETUP +LIBFDISK +PCRE2 -PWQUALITY +P11KIT -QRENCODE +TPM2 +BZIP2 +LZ4 +XZ +ZLIB +ZSTD -BPF_FRAMEWORK +XKBCOMMON +UTMP +SYSVINIT default-hierarchy=unified)
[    4.142794] systemd[1]: Detected virtualization kvm.
[    4.143060] systemd[1]: Detected architecture x86-64.

Welcome to [0;31mCentOS Stream 9[0m!

[    4.147698] systemd[1]: Hostname set to <test>.
[    4.375128] systemd-rc-local-generator[124]: /etc/rc.d/rc.local is not marked executable, skipping.
[    4.630803] systemd[1]: Queued start job for default target Multi-User System.
[    4.673018] systemd[1]: Created slice Virtual Machine and Container Slice.
[[0;32m  OK  [0m] Created slice [0;1;39mVirtual Machine and Container Slice[0m.
[    4.677369] systemd[1]: Created slice Slice /system/getty.
[[0;32m  OK  [0m] Created slice [0;1;39mSlice /system/getty[0m.
[    4.679818] systemd[1]: Created slice Slice /system/modprobe.
[[0;32m  OK  [0m] Created slice [0;1;39mSlice /system/modprobe[0m.
[    4.682260] systemd[1]: Created slice Slice /system/serial-getty.
[[0;32m  OK  [0m] Created slice [0;1;39mSlice /system/serial-getty[0m.
[    4.684665] systemd[1]: Created slice Slice /system/sshd-keygen.
[[0;32m  OK  [0m] Created slice [0;1;39mSlice /system/sshd-keygen[0m.
[    4.686959] systemd[1]: Created slice User and Session Slice.
[[0;32m  OK  [0m] Created slice [0;1;39mUser and Session Slice[0m.
[    4.688119] systemd[1]: Started Forward Password Requests to Wall Directory Watch.
[[0;32m  OK  [0m] Started [0;1;39mForward Password R…uests to Wall Directory Watch[0m.
[    4.690020] systemd[1]: Set up automount Arbitrary Executable File Formats File System Automount Point.
[[0;32m  OK  [0m] Set up automount [0;1;39mArbitrary…s File System Automount Point[0m.
[    4.691199] systemd[1]: Reached target Local Integrity Protected Volumes.
[[0;32m  OK  [0m] Reached target [0;1;39mLocal Integrity Protected Volumes[0m.
[    4.692179] systemd[1]: Reached target Slice Units.
[[0;32m  OK  [0m] Reached target [0;1;39mSlice Units[0m.
[    4.692924] systemd[1]: Reached target Swaps.
[[0;32m  OK  [0m] Reached target [0;1;39mSwaps[0m.
[    4.693614] systemd[1]: Reached target Local Verity Protected Volumes.
[[0;32m  OK  [0m] Reached target [0;1;39mLocal Verity Protected Volumes[0m.
[    4.694947] systemd[1]: Listening on Device-mapper event daemon FIFOs.
[[0;32m  OK  [0m] Listening on [0;1;39mDevice-mapper event daemon FIFOs[0m.
[    4.696484] systemd[1]: Listening on LVM2 poll daemon socket.
[[0;32m  OK  [0m] Listening on [0;1;39mLVM2 poll daemon socket[0m.
[    4.697645] systemd[1]: multipathd control socket was skipped because of an unmet condition check (ConditionPathExists=/etc/multipath.conf).
[    4.743746] systemd[1]: Listening on RPCbind Server Activation Socket.
[[0;32m  OK  [0m] Listening on [0;1;39mRPCbind Server Activation Socket[0m.
[    4.744821] systemd[1]: Reached target RPC Port Mapper.
[[0;32m  OK  [0m] Reached target [0;1;39mRPC Port Mapper[0m.
[    4.747629] systemd[1]: Listening on Process Core Dump Socket.
[[0;32m  OK  [0m] Listening on [0;1;39mProcess Core Dump Socket[0m.
[    4.748833] systemd[1]: Listening on initctl Compatibility Named Pipe.
[[0;32m  OK  [0m] Listening on [0;1;39minitctl Compatibility Named Pipe[0m.
[    4.750392] systemd[1]: Listening on Journal Socket (/dev/log).
[[0;32m  OK  [0m] Listening on [0;1;39mJournal Socket (/dev/log)[0m.
[    4.751857] systemd[1]: Listening on Journal Socket.
[[0;32m  OK  [0m] Listening on [0;1;39mJournal Socket[0m.
[    4.753280] systemd[1]: Listening on udev Control Socket.
[[0;32m  OK  [0m] Listening on [0;1;39mudev Control Socket[0m.
[    4.754422] systemd[1]: Listening on udev Kernel Socket.
[[0;32m  OK  [0m] Listening on [0;1;39mudev Kernel Socket[0m.
[    4.760900] systemd[1]: Mounting Huge Pages File System...
         Mounting [0;1;39mHuge Pages File System[0m...
[    4.767968] systemd[1]: Mounting POSIX Message Queue File System...
         Mounting [0;1;39mPOSIX Message Queue File System[0m...
[    4.776382] systemd[1]: Mounting Kernel Debug File System...
         Mounting [0;1;39mKernel Debug File System[0m...
[    4.785402] systemd[1]: Mounting Kernel Trace File System...
         Mounting [0;1;39mKernel Trace File System[0m...
[    4.786477] systemd[1]: Kernel Module supporting RPCSEC_GSS was skipped because of an unmet condition check (ConditionPathExists=/etc/krb5.keytab).
[    4.787652] systemd[1]: Create List of Static Device Nodes was skipped because of an unmet condition check (ConditionFileNotEmpty=/lib/modules/6.12.0-rc4-42f7652d3eb5+/modules.devname).
[    4.793685] systemd[1]: Starting Monitoring of LVM2 mirrors, snapshots etc. using dmeventd or progress polling...
         Starting [0;1;39mMonitoring of LVM…meventd or progress polling[0m...
[    4.800595] systemd[1]: Starting Load Kernel Module configfs...
         Starting [0;1;39mLoad Kernel Module configfs[0m...
[    4.807924] systemd[1]: Starting Load Kernel Module drm...
         Starting [0;1;39mLoad Kernel Module drm[0m...
[    4.822865] systemd[1]: Starting Load Kernel Module fuse...
         Starting [0;1;39mLoad Kernel Module fuse[0m...
[    4.829203] systemd[1]: Starting Read and set NIS domainname from /etc/sysconfig/network...
         Starting [0;1;39mRead and set NIS …from /etc/sysconfig/network[0m...
[    4.840090] systemd[1]: Starting Journal Service...
         Starting [0;1;39mJournal Service[0m...
[    4.863740] systemd[1]: Starting Load Kernel Modules...
         Starting [0;1;39mLoad Kernel Modules[0m...
[    4.896034] systemd[1]: Starting Generate network units from Kernel command line...
         Starting [0;1;39mGenerate network …ts from Kernel command line[0m...
[    4.903110] systemd[1]: Starting Remount Root and Kernel File Systems...
         Starting [0;1;39mRemount Root and Kernel File Systems[0m...
[    4.904421] systemd[1]: Repartition Root Disk was skipped because no trigger condition checks were met.
[    4.911718] systemd[1]: Starting Coldplug All udev Devices...
         Starting [0;1;39mColdplug All udev Devices[0m...
[    4.926014] systemd[1]: Mounted Huge Pages File System.
[[0;32m  OK  [0m] Mounted [0;1;39mHuge Pages File System[0m.
[    4.927335] systemd[1]: Mounted POSIX Message Queue File System.
[[0;32m  OK  [0m] Mounted [0;1;39mPOSIX Message Queue File System[0m.
[    4.928844] systemd[1]: Mounted Kernel Debug File System.
[[0;32m  OK  [0m] Mounted [0;1;39mKernel Debug File System[0m.
[    4.930433] systemd[1]: Mounted Kernel Trace File System.
[[0;32m  OK  [0m] Mounted [0;1;39mKernel Trace File System[0m.
[    4.932569] systemd[1]: modprobe@configfs.service: Deactivated successfully.
[    4.933924] systemd[1]: Finished Load Kernel Module configfs.
[[0;32m  OK  [0m] Finished [0;1;39mLoad Kernel Module configfs[0m.
[    4.936199] systemd[1]: modprobe@drm.service: Deactivated successfully.
[    4.937321] systemd[1]: Finished Load Kernel Module drm.
[[0;32m  OK  [0m] Finished [0;1;39mLoad Kernel Module drm[0m.
[    4.939227] systemd[1]: modprobe@fuse.service: Deactivated successfully.
[    4.940371] systemd[1]: Finished Load Kernel Module fuse.
[[0;32m  OK  [0m] Finished [0;1;39mLoad Kernel Module fuse[0m.
[    4.942294] systemd[1]: Finished Read and set NIS domainname from /etc/sysconfig/network.
[[0;32m  OK  [0m] Finished [0;1;39mRead and set NIS …e from /etc/sysconfig/network[0m.
[    4.950737] systemd[1]: Mounting FUSE Control File System...
         Mounting [0;1;39mFUSE Control File System[0m...
[    4.966812] systemd[1]: Mounting Kernel Configuration File System...
         Mounting [0;1;39mKernel Configuration File System[0m...
[    4.975515] systemd[1]: Mounted FUSE Control File System.
[[0;32m  OK  [0m] Mounted [0;1;39mFUSE Control File System[0m.
[    4.980004] systemd[1]: Mounted Kernel Configuration File System.
[[0;32m  OK  [0m] Mounted [0;1;39mKernel Configuration File System[0m.
[    5.019078] systemd[1]: systemd-modules-load.service: Main process exited, code=exited, status=1/FAILURE
[    5.020207] systemd[1]: systemd-modules-load.service: Failed with result 'exit-code'.
[    5.021382] systemd[1]: Failed to start Load Kernel Modules.
[[0;1;31mFAILED[0m] Failed to start [0;1;39mLoad Kernel Modules[0m.
See 'systemctl status systemd-modules-load.service' for details.
[    5.025387] systemd[1]: Finished Generate network units from Kernel command line.
[[0;32m  OK  [0m] Finished [0;1;39mGenerate network units from Kernel command line[0m.
[    5.027353] systemd[1]: Reached target Preparation for Network.
[[0;32m  OK  [0m] Reached target [0;1;39mPreparation for Network[0m.
[    5.039519] systemd[1]: Starting Apply Kernel Variables...
         Starting [0;1;39mApply Kernel Variables[0m...
[    5.072146] systemd[1]: Started Journal Service.
[[0;32m  OK  [0m] Started [0;1;39mJournal Service[0m.
[[0;32m  OK  [0m] Finished [0;1;39mMonitoring of LVM… dmeventd or progress polling[0m.
[    5.090624] EXT4-fs (sda): warning: mounting fs with errors, running e2fsck is recommended
[    5.098581] EXT4-fs (sda): re-mounted 088740a9-c8b4-422c-999d-a804eb68a4da r/w. Quota mode: none.
[[0;32m  OK  [0m] Finished [0;1;39mRemount Root and Kernel File Systems[0m.
         Starting [0;1;39mFlush Journal to Persistent Storage[0m...
[    5.162088] systemd-journald[146]: Received client request to flush runtime journal.
         Starting [0;1;39mLoad/Save Random Seed[0m...
         Starting [0;1;39mCreate Static Device Nodes in /dev[0m...
         Starting [0;1;39mSetup Virtual Console[0m...
[[0;32m  OK  [0m] Finished [0;1;39mApply Kernel Variables[0m.
[[0;32m  OK  [0m] Finished [0;1;39mFlush Journal to Persistent Storage[0m.
[[0;32m  OK  [0m] Finished [0;1;39mLoad/Save Random Seed[0m.
[[0;32m  OK  [0m] Finished [0;1;39mCreate Static Device Nodes in /dev[0m.
         Starting [0;1;39mRule-based Manage…for Device Events and Files[0m...
[[0;32m  OK  [0m] Finished [0;1;39mColdplug All udev Devices[0m.
         Starting [0;1;39mWait for udev To …plete Device Initialization[0m...
[[0;32m  OK  [0m] Started [0;1;39mRule-based Manager for Device Events and Files[0m.
         Starting [0;1;39mAuto-connect to s…E devices found during boot[0m...
[[0;32m  OK  [0m] Finished [0;1;39mSetup Virtual Console[0m.
[[0;32m  OK  [0m] Started [0;1;39mDispatch Password …ts to Console Directory Watch[0m.
[[0;32m  OK  [0m] Reached target [0;1;39mLocal Encrypted Volumes[0m.
[[0;32m  OK  [0m] Reached target [0;1;39mPath Units[0m.
[[0;32m  OK  [0m] Finished [0;1;39mAuto-connect to s…VME devices found during boot[0m.
[[0;32m  OK  [0m] Found device [0;1;39m/dev/ttyS0[0m.
[[0;32m  OK  [0m] Listening on [0;1;39mLoad/Save RF …itch Status /dev/rfkill Watch[0m.
[[0;32m  OK  [0m] Finished [0;1;39mWait for udev To Complete Device Initialization[0m.
[[0;32m  OK  [0m] Reached target [0;1;39mPreparation for Local File Systems[0m.
[[0;32m  OK  [0m] Reached target [0;1;39mLocal File Systems[0m.
         Starting [0;1;39mTell Plymouth To Write Out Runtime Data[0m...
         Starting [0;1;39mAutomatic Boot Loader Update[0m...
         Starting [0;1;39mCreate Volatile Files and Directories[0m...
[[0;32m  OK  [0m] Finished [0;1;39mTell Plymouth To Write Out Runtime Data[0m.
[[0;32m  OK  [0m] Finished [0;1;39mAutomatic Boot Loader Update[0m.
[[0;32m  OK  [0m] Finished [0;1;39mCreate Volatile Files and Directories[0m.
         Mounting [0;1;39mRPC Pipe File System[0m...
         Starting [0;1;39mSecurity Auditing Service[0m...
         Starting [0;1;39mRPC Bind[0m...
[[0;32m  OK  [0m] Mounted [0;1;39mRPC Pipe File System[0m.
[[0;32m  OK  [0m] Reached target [0;1;39mrpc_pipefs.target[0m.
[[0;32m  OK  [0m] Started [0;1;39mRPC Bind[0m.
[[0;32m  OK  [0m] Started [0;1;39mSecurity Auditing Service[0m.
         Starting [0;1;39mRecord System Boot/Shutdown in UTMP[0m...
[[0;32m  OK  [0m] Finished [0;1;39mRecord System Boot/Shutdown in UTMP[0m.
[[0;32m  OK  [0m] Reached target [0;1;39mSystem Initialization[0m.
[[0;32m  OK  [0m] Started [0;1;39mDaily rotation of log files[0m.
[[0;32m  OK  [0m] Started [0;1;39mUpdates mlocate database every day[0m.
[[0;32m  OK  [0m] Started [0;1;39mDaily Cleanup of Temporary Directories[0m.
[[0;32m  OK  [0m] Started [0;1;39mdaily update of the root trust anchor for DNSSEC[0m.
[[0;32m  OK  [0m] Reached target [0;1;39mTimer Units[0m.
[[0;32m  OK  [0m] Listening on [0;1;39mD-Bus System Message Bus Socket[0m.
[[0;32m  OK  [0m] Listening on [0;1;39mOpen-iSCSI iscsid Socket[0m.
[[0;32m  OK  [0m] Listening on [0;1;39mOpen-iSCSI iscsiuio Socket[0m.
[[0;32m  OK  [0m] Listening on [0;1;39mSSSD Kerberos…ache Manager responder socket[0m.
[[0;32m  OK  [0m] Listening on [0;1;39mLibvirt interface local socket[0m.
[[0;32m  OK  [0m] Listening on [0;1;39mVirtual machine lock manager socket[0m.
[[0;32m  OK  [0m] Listening on [0;1;39mVirtual machine log manager socket[0m.
[[0;32m  OK  [0m] Listening on [0;1;39mLibvirt network local socket[0m.
[[0;32m  OK  [0m] Listening on [0;1;39mLibvirt nodedev local socket[0m.
[[0;32m  OK  [0m] Listening on [0;1;39mLibvirt nwfilter local socket[0m.
[[0;32m  OK  [0m] Listening on [0;1;39mLibvirt proxy local socket[0m.
[[0;32m  OK  [0m] Listening on [0;1;39mLibvirt qemu local socket[0m.
[[0;32m  OK  [0m] Listening on [0;1;39mLibvirt qemu admin socket[0m.
[[0;32m  OK  [0m] Listening on [0;1;39mLibvirt qemu local read-only socket[0m.
[[0;32m  OK  [0m] Listening on [0;1;39mLibvirt secret local socket[0m.
[[0;32m  OK  [0m] Listening on [0;1;39mLibvirt storage local socket[0m.
[[0;32m  OK  [0m] Reached target [0;1;39mSocket Units[0m.
         Starting [0;1;39mD-Bus System Message Bus[0m...
[[0;32m  OK  [0m] Started [0;1;39mD-Bus System Message Bus[0m.
[[0;32m  OK  [0m] Reached target [0;1;39mBasic System[0m.
         Starting [0;1;39mNetwork Manager[0m...
         Starting [0;1;39mNTP client/server[0m...
         Starting [0;1;39mRestore /run/initramfs on shutdown[0m...
[[0;32m  OK  [0m] Started [0;1;39mirqbalance daemon[0m.
[[0;32m  OK  [0m] Started [0;1;39mlibstoragemgmt plug-in server daemon[0m.
[[0;32m  OK  [0m] Started [0;1;39mMachine Check Exception Logging Daemon[0m.
[[0;32m  OK  [0m] Reached target [0;1;39msshd-keygen.target[0m.
[[0;32m  OK  [0m] Reached target [0;1;39mUser and Group Name Lookups[0m.
         Starting [0;1;39mUser Login Management[0m...
         Starting [0;1;39mVirtual Machine a…tainer Registration Service[0m...
         Starting [0;1;39mupdate of the roo…NSSEC validation in unbound[0m...
         Starting [0;1;39mRotate log files[0m...
[[0;32m  OK  [0m] Started [0;1;39mUpdate a database for mlocate[0m.
[[0;32m  OK  [0m] Started [0;1;39mNTP client/server[0m.
[[0;32m  OK  [0m] Finished [0;1;39mRestore /run/initramfs on shutdown[0m.
[[0;32m  OK  [0m] Started [0;1;39mVirtual Machine an…ontainer Registration Service[0m.
         Starting [0;1;39mHostname Service[0m...
[[0;32m  OK  [0m] Started [0;1;39mUser Login Management[0m.
[[0;32m  OK  [0m] Finished [0;1;39mupdate of the roo… DNSSEC validation in unbound[0m.
[[0;32m  OK  [0m] Started [0;1;39mHostname Service[0m.
[[0;32m  OK  [0m] Finished [0;1;39mRotate log files[0m.
         Starting [0;1;39mNetwork Manager Script Dispatcher Service[0m...
[[0;32m  OK  [0m] Started [0;1;39mNetwork Manager Script Dispatcher Service[0m.
[    8.278838] e1000: eth0 NIC Link is Up 1000 Mbps Full Duplex, Flow Control: RX
[[0;32m  OK  [0m] Started [0;1;39mNetwork Manager[0m.
[[0;32m  OK  [0m] Reached target [0;1;39mNetwork[0m.
[[0;32m  OK  [0m] Reached target [0;1;39mNetwork is Online[0m.
         Starting [0;1;39mGSSAPI Proxy Daemon[0m...
         Starting [0;1;39mNotify NFS peers of a restart[0m...
         Starting [0;1;39mSystem Logging Service[0m...
         Starting [0;1;39mOpenSSH server daemon[0m...
         Starting [0;1;39mDynamic System Tuning Daemon[0m...
[[0;32m  OK  [0m] Started [0;1;39mNotify NFS peers of a restart[0m.
[[0;32m  OK  [0m] Started [0;1;39mOpenSSH server daemon[0m.
[[0;32m  OK  [0m] Started [0;1;39mGSSAPI Proxy Daemon[0m.
[[0;32m  OK  [0m] Reached target [0;1;39mNFS client services[0m.
[[0;32m  OK  [0m] Reached target [0;1;39mPreparation for Remote File Systems[0m.
[[0;32m  OK  [0m] Reached target [0;1;39mRemote File Systems[0m.
         Starting [0;1;39mPermit User Sessions[0m...
         Starting [0;1;39mVirtualization qemu daemon[0m...
[[0;32m  OK  [0m] Started [0;1;39mSystem Logging Service[0m.
[[0;32m  OK  [0m] Finished [0;1;39mPermit User Sessions[0m.
[[0;32m  OK  [0m] Started [0;1;39mDeferred execution scheduler[0m.
[[0;32m  OK  [0m] Started [0;1;39mCommand Scheduler[0m.
         Starting [0;1;39mHold until boot process finishes up[0m...
         Starting [0;1;39mTerminate Plymouth Boot Screen[0m...
[[0;32m  OK  [0m] Finished [0;1;39mHold until boot process finishes up[0m.
[[0;32m  OK  [0m] Started [0;1;39mGetty on tty1[0m.
[[0;32m  OK  [0m] Started [0;1;39mSerial Getty on ttyS0[0m.
[[0;32m  OK  [0m] Reached target [0;1;39mLogin Prompts[0m.
[[0;32m  OK  [0m] Finished [0;1;39mTerminate Plymouth Boot Screen[0m.
[[0;32m  OK  [0m] Started [0;1;39mVirtualization qemu daemon[0m.
         Starting [0;1;39mAuthorization Manager[0m...
[[0;32m  OK  [0m] Started [0;1;39mAuthorization Manager[0m.
[[0;32m  OK  [0m] Started [0;1;39mDynamic System Tuning Daemon[0m.
[[0;32m  OK  [0m] Reached target [0;1;39mMulti-User System[0m.
         Starting [0;1;39mRecord Runlevel Change in UTMP[0m...
[[0;32m  OK  [0m] Finished [0;1;39mRecord Runlevel Change in UTMP[0m.

CentOS Stream 9
Kernel 6.12.0-rc4-42f7652d3eb5+ on an x86_64

Activate the web console with: systemctl enable --now cockpit.socket

test login: [  300.406794] INFO: task repro:729 blocked for more than 147 seconds.
[  300.407349]       Not tainted 6.12.0-rc4-42f7652d3eb5+ #1
[  300.407760] "echo 0 > /proc/sys/kernel/hung_task_timeout_secs" disables this message.
[  300.408336] task:repro           state:D stack:0     pid:729   tgid:729   ppid:728    flags:0x00004002
[  300.409032] Call Trace:
[  300.409239]  <TASK>
[  300.409426]  __schedule+0xe13/0x33a0
[  300.409750]  ? __pfx___schedule+0x10/0x10
[  300.410059]  ? lock_release+0x441/0x870
[  300.410374]  ? __pfx_lock_release+0x10/0x10
[  300.410872]  ? trace_lock_acquire+0x139/0x1b0
[  300.411224]  ? lock_acquire+0x80/0xb0
[  300.411510]  ? schedule+0x216/0x3f0
[  300.411790]  schedule+0xf6/0x3f0
[  300.412050]  _free_event+0x531/0x14c0
[  300.412354]  perf_event_release_kernel+0x648/0x870
[  300.412729]  ? sysvec_apic_timer_interrupt+0x6a/0xd0
[  300.413010]  ? __pfx_perf_event_release_kernel+0x10/0x10
[  300.413302]  ? __pfx_perf_release+0x10/0x10
[  300.413530]  perf_release+0x3a/0x50
[  300.413724]  __fput+0x414/0xb60
[  300.413911]  ____fput+0x22/0x30
[  300.414088]  task_work_run+0x19c/0x2b0
[  300.414304]  ? __pfx_task_work_run+0x10/0x10
[  300.414573]  ? __sanitizer_cov_trace_const_cmp4+0x1a/0x20
[  300.414863]  ? switch_task_namespaces+0xc6/0x110
[  300.415120]  do_exit+0xb19/0x2a30
[  300.415310]  ? lockdep_hardirqs_on+0x89/0x110
[  300.415557]  ? __pfx_do_exit+0x10/0x10
[  300.415771]  do_group_exit+0xe4/0x2c0
[  300.415977]  get_signal+0x2279/0x24c0
[  300.416190]  ? __pfx_get_signal+0x10/0x10
[  300.416409]  ? __might_fault+0xf1/0x1b0
[  300.416638]  arch_do_signal_or_restart+0x8e/0x7d0
[  300.416897]  ? __pfx_arch_do_signal_or_restart+0x10/0x10
[  300.417191]  ? __this_cpu_preempt_check+0x21/0x30
[  300.417445]  ? syscall_exit_to_user_mode+0x10f/0x200
[  300.417715]  syscall_exit_to_user_mode+0x144/0x200
[  300.417975]  do_syscall_64+0x79/0x140
[  300.418181]  entry_SYSCALL_64_after_hwframe+0x76/0x7e
[  300.418460] RIP: 0033:0x7fbf2fe3ee5d
[  300.418678] RSP: 002b:00007fff93b684c8 EFLAGS: 00000206 ORIG_RAX: 000000000000012a
[  300.419080] RAX: 0000000000000003 RBX: 0000000000000000 RCX: 00007fbf2fe3ee5d
[  300.419451] RDX: 00000000ffffffff RSI: 0000000000000000 RDI: 0000000020000240
[  300.419822] RBP: 00007fff93b684d0 R08: 0000000000000008 R09: 00007fff93b68500
[  300.420194] R10: 00000000ffffffff R11: 0000000000000206 R12: 00007fff93b68628
[  300.420559] R13: 0000000000401b49 R14: 0000000000403e08 R15: 00007fbf300d6000
[  300.420932]  </TASK>
[  300.421053] 
[  300.421053] Showing all locks held in the system:
[  300.421371] 1 lock held by khungtaskd/33:
[  300.421585]  #0: ffffffff8705ca00 (rcu_read_lock){....}-{1:2}, at: debug_show_all_locks+0x73/0x3c0
[  300.422071] 
[  300.422157] =============================================
[  300.422157] 
