c[?7l[2J[0mSeaBIOS (version rel-1.16.0-0-gd239552ce722-prebuilt.qemu.org)


iPXE (http://ipxe.org) 00:03.0 CA00 PCI2.10 PnP PMM+7FF91000+7FEF1000 CA00
Press Ctrl-B to configure iPXE (PCI 00:03.0)...                                                                               


Booting from ROM...
c[?7l[2J[    0.000000] Linux version 6.10.0-rc1-5af42f928f3a+ (root@p-adls01) (gcc (GCC) 11.5.0 20240719 (Red Hat 11.5.0-2), GNU ld version 2.35.2-54.el9) #1 SMP PREEMPT_DYNAMIC Wed Sep 11 07:50:59 CST 2024
[    0.000000] Command line: console=ttyS0 root=/dev/sda earlyprintk=serial net.ifnames=0 plymouth.enable=0
[    0.000000] KERNEL supported cpus:
[    0.000000]   Intel GenuineIntel
[    0.000000]   AMD AuthenticAMD
[    0.000000]   Hygon HygonGenuine
[    0.000000]   Centaur CentaurHauls
[    0.000000]   zhaoxin   Shanghai  
[    0.000000] BIOS-provided physical RAM map:
[    0.000000] BIOS-e820: [mem 0x0000000000000000-0x000000000009fbff] usable
[    0.000000] BIOS-e820: [mem 0x000000000009fc00-0x000000000009ffff] reserved
[    0.000000] BIOS-e820: [mem 0x00000000000f0000-0x00000000000fffff] reserved
[    0.000000] BIOS-e820: [mem 0x0000000000100000-0x000000007ffdffff] usable
[    0.000000] BIOS-e820: [mem 0x000000007ffe0000-0x000000007fffffff] reserved
[    0.000000] BIOS-e820: [mem 0x00000000feffc000-0x00000000feffffff] reserved
[    0.000000] BIOS-e820: [mem 0x00000000fffc0000-0x00000000ffffffff] reserved
[    0.000000] printk: legacy bootconsole [earlyser0] enabled
[    0.000000] NX (Execute Disable) protection: active
[    0.000000] APIC: Static calls initialized
[    0.000000] SMBIOS 2.8 present.
[    0.000000] DMI: QEMU Standard PC (i440FX + PIIX, 1996), BIOS rel-1.16.0-0-gd239552ce722-prebuilt.qemu.org 04/01/2014
[    0.000000] DMI: Memory slots populated: 1/1
[    0.000000] Hypervisor detected: KVM
[    0.000000] kvm-clock: Using msrs 4b564d01 and 4b564d00
[    0.000002] kvm-clock: using sched offset of 735233861 cycles
[    0.000384] clocksource: kvm-clock: mask: 0xffffffffffffffff max_cycles: 0x1cd42e4dffb, max_idle_ns: 881590591483 ns
[    0.001572] tsc: Detected 3609.600 MHz processor
[    0.008845] last_pfn = 0x7ffe0 max_arch_pfn = 0x400000000
[    0.009292] MTRR map: 4 entries (3 fixed + 1 variable; max 19), built from 8 variable MTRRs
[    0.009884] x86/PAT: Configuration [0-7]: WB  WC  UC- UC  WB  WP  UC- WT  
[    0.018923] found SMP MP-table at [mem 0x000f5ba0-0x000f5baf]
[    0.019400] Using GB pages for direct mapping
[    0.021690] ACPI: Early table checksum verification disabled
[    0.022099] ACPI: RSDP 0x00000000000F59C0 000014 (v00 BOCHS )
[    0.022520] ACPI: RSDT 0x000000007FFE1951 000034 (v01 BOCHS  BXPC     00000001 BXPC 00000001)
[    0.023137] ACPI: FACP 0x000000007FFE17FD 000074 (v01 BOCHS  BXPC     00000001 BXPC 00000001)
[    0.023757] ACPI: DSDT 0x000000007FFE0040 0017BD (v01 BOCHS  BXPC     00000001 BXPC 00000001)
[    0.024373] ACPI: FACS 0x000000007FFE0000 000040
[    0.024714] ACPI: APIC 0x000000007FFE1871 000080 (v01 BOCHS  BXPC     00000001 BXPC 00000001)
[    0.025333] ACPI: HPET 0x000000007FFE18F1 000038 (v01 BOCHS  BXPC     00000001 BXPC 00000001)
[    0.025949] ACPI: WAET 0x000000007FFE1929 000028 (v01 BOCHS  BXPC     00000001 BXPC 00000001)
[    0.026561] ACPI: Reserving FACP table memory at [mem 0x7ffe17fd-0x7ffe1870]
[    0.027061] ACPI: Reserving DSDT table memory at [mem 0x7ffe0040-0x7ffe17fc]
[    0.027561] ACPI: Reserving FACS table memory at [mem 0x7ffe0000-0x7ffe003f]
[    0.028061] ACPI: Reserving APIC table memory at [mem 0x7ffe1871-0x7ffe18f0]
[    0.028560] ACPI: Reserving HPET table memory at [mem 0x7ffe18f1-0x7ffe1928]
[    0.029063] ACPI: Reserving WAET table memory at [mem 0x7ffe1929-0x7ffe1950]
[    0.029995] No NUMA configuration found
[    0.030273] Faking a node at [mem 0x0000000000000000-0x000000007ffdffff]
[    0.030769] NODE_DATA(0) allocated [mem 0x7ffb4e00-0x7ffdfdff]
[    0.032685] Zone ranges:
[    0.032872]   DMA      [mem 0x0000000000001000-0x0000000000ffffff]
[    0.033313]   DMA32    [mem 0x0000000001000000-0x000000007ffdffff]
[    0.033752]   Normal   empty
[    0.033960]   Device   empty
[    0.034168] Movable zone start for each node
[    0.034474] Early memory node ranges
[    0.034728]   node   0: [mem 0x0000000000001000-0x000000000009efff]
[    0.035172]   node   0: [mem 0x0000000000100000-0x000000007ffdffff]
[    0.035619] Initmem setup node 0 [mem 0x0000000000001000-0x000000007ffdffff]
[    0.036411] On node 0, zone DMA: 1 pages in unavailable ranges
[    0.037109] On node 0, zone DMA: 97 pages in unavailable ranges
[    0.083345] On node 0, zone DMA32: 32 pages in unavailable ranges
[    0.266123] kasan: KernelAddressSanitizer initialized
[    0.266752] ACPI: PM-Timer IO Port: 0x608
[    0.267063] ACPI: LAPIC_NMI (acpi_id[0xff] dfl dfl lint[0x1])
[    0.267522] IOAPIC[0]: apic_id 0, version 17, address 0xfec00000, GSI 0-23
[    0.268029] ACPI: INT_SRC_OVR (bus 0 bus_irq 0 global_irq 2 dfl dfl)
[    0.268479] ACPI: INT_SRC_OVR (bus 0 bus_irq 5 global_irq 5 high level)
[    0.268948] ACPI: INT_SRC_OVR (bus 0 bus_irq 9 global_irq 9 high level)
[    0.269414] ACPI: INT_SRC_OVR (bus 0 bus_irq 10 global_irq 10 high level)
[    0.269893] ACPI: INT_SRC_OVR (bus 0 bus_irq 11 global_irq 11 high level)
[    0.270380] ACPI: Using ACPI (MADT) for SMP configuration information
[    0.270832] ACPI: HPET id: 0x8086a201 base: 0xfed00000
[    0.271203] TSC deadline timer available
[    0.271483] CPU topo: Max. logical packages:   1
[    0.271808] CPU topo: Max. logical dies:       1
[    0.272133] CPU topo: Max. dies per package:   1
[    0.272461] CPU topo: Max. threads per core:   1
[    0.272787] CPU topo: Num. cores per package:     2
[    0.273129] CPU topo: Num. threads per package:   2
[    0.273470] CPU topo: Allowing 2 present CPUs plus 0 hotplug CPUs
[    0.273937] kvm-guest: APIC: eoi() replaced with kvm_guest_apic_eoi_write()
[    0.274443] kvm-guest: KVM setup pv remote TLB flush
[    0.274793] kvm-guest: setup PV sched yield
[    0.275122] PM: hibernation: Registered nosave memory: [mem 0x00000000-0x00000fff]
[    0.275654] PM: hibernation: Registered nosave memory: [mem 0x0009f000-0x0009ffff]
[    0.276183] PM: hibernation: Registered nosave memory: [mem 0x000a0000-0x000effff]
[    0.276711] PM: hibernation: Registered nosave memory: [mem 0x000f0000-0x000fffff]
[    0.277246] [mem 0x80000000-0xfeffbfff] available for PCI devices
[    0.277675] Booting paravirtualized kernel on KVM
[    0.278008] clocksource: refined-jiffies: mask: 0xffffffff max_cycles: 0xffffffff, max_idle_ns: 7645519600211568 ns
[    0.278748] setup_percpu: NR_CPUS:8192 nr_cpumask_bits:2 nr_cpu_ids:2 nr_node_ids:1
[    0.280446] percpu: Embedded 84 pages/cpu s307200 r8192 d28672 u1048576
[    0.281053] kvm-guest: PV spinlocks enabled
[    0.281356] PV qspinlock hash table entries: 256 (order: 0, 4096 bytes, linear)
[    0.281880] Kernel command line: net.ifnames=0 console=ttyS0 root=/dev/sda earlyprintk=serial net.ifnames=0 plymouth.enable=0
[    0.282902] random: crng init done
[    0.284182] Dentry cache hash table entries: 262144 (order: 9, 2097152 bytes, linear)
[    0.285337] Inode-cache hash table entries: 131072 (order: 8, 1048576 bytes, linear)
[    0.286128] Fallback order for Node 0: 0 
[    0.286137] Built 1 zonelists, mobility grouping on.  Total pages: 524158
[    0.286870] Policy zone: DMA32
[    0.287082] mem auto-init: stack:off, heap alloc:off, heap free:off, mlocked free:off
[    0.287617] stackdepot: allocating hash table via alloc_large_system_hash
[    0.288085] stackdepot hash table entries: 1048576 (order: 12, 16777216 bytes, linear)
[    0.348500] Memory: 1563724K/2096632K available (75776K kernel code, 14375K rwdata, 17068K rodata, 15260K init, 68380K bss, 532652K reserved, 0K cma-reserved)
[    0.350903] SLUB: HWalign=64, Order=0-3, MinObjects=0, CPUs=2, Nodes=1
[    0.351358] kmemleak: Kernel memory leak detector disabled
[    0.351899] ftrace: allocating 71621 entries in 280 pages
[    0.371709] ftrace: allocated 280 pages with 3 groups
[    0.375291] Dynamic Preempt: voluntary
[    0.376195] Running RCU self tests
[    0.376437] Running RCU synchronous self tests
[    0.376757] rcu: Preemptible hierarchical RCU implementation.
[    0.377151] rcu: 	RCU lockdep checking is enabled.
[    0.377487] rcu: 	RCU restricting CPUs from NR_CPUS=8192 to nr_cpu_ids=2.
[    0.377959] 	Trampoline variant of Tasks RCU enabled.
[    0.378314] 	Rude variant of Tasks RCU enabled.
[    0.378633] 	Tracing variant of Tasks RCU enabled.
[    0.378970] rcu: RCU calculated value of scheduler-enlistment delay is 25 jiffies.
[    0.379500] rcu: Adjusting geometry for rcu_fanout_leaf=16, nr_cpu_ids=2
[    0.380037] Running RCU synchronous self tests
[    0.380351] RCU Tasks: Setting shift to 1 and lim to 1 rcu_task_cb_adjust=1.
[    0.380854] RCU Tasks Rude: Setting shift to 1 and lim to 1 rcu_task_cb_adjust=1.
[    0.381380] RCU Tasks Trace: Setting shift to 1 and lim to 1 rcu_task_cb_adjust=1.
[    0.424560] NR_IRQS: 524544, nr_irqs: 440, preallocated irqs: 16
[    0.425632] rcu: srcu_init: Setting srcu_struct sizes based on contention.
[    0.432648] Console: colour VGA+ 80x25
[    0.433049] printk: legacy console [ttyS0] enabled
[    0.433049] printk: legacy console [ttyS0] enabled
[    0.433714] printk: legacy bootconsole [earlyser0] disabled
[    0.433714] printk: legacy bootconsole [earlyser0] disabled
[    0.434505] Lock dependency validator: Copyright (c) 2006 Red Hat, Inc., Ingo Molnar
[    0.435038] ... MAX_LOCKDEP_SUBCLASSES:  8
[    0.435326] ... MAX_LOCK_DEPTH:          48
[    0.435620] ... MAX_LOCKDEP_KEYS:        8192
[    0.435926] ... CLASSHASH_SIZE:          4096
[    0.436232] ... MAX_LOCKDEP_ENTRIES:     524288
[    0.436549] ... MAX_LOCKDEP_CHAINS:      524288
[    0.436869] ... CHAINHASH_SIZE:          262144
[    0.437186]  memory used by lock dependency info: 54145 kB
[    0.437567]  memory used for stack traces: 4224 kB
[    0.437902]  per task-struct memory footprint: 1920 bytes
[    0.438377] ACPI: Core revision 20240322
[    0.439186] clocksource: hpet: mask: 0xffffffff max_cycles: 0xffffffff, max_idle_ns: 19112604467 ns
[    0.440034] APIC: Switch to symmetric I/O mode setup
[    0.440522] x2apic enabled
[    0.441067] APIC: Switched APIC routing to: physical x2apic
[    0.441455] kvm-guest: APIC: send_IPI_mask() replaced with kvm_send_ipi_mask()
[    0.441961] kvm-guest: APIC: send_IPI_mask_allbutself() replaced with kvm_send_ipi_mask_allbutself()
[    0.442591] kvm-guest: setup PV IPIs
[    0.443986] ..TIMER: vector=0x30 apic1=0 pin1=2 apic2=-1 pin2=-1
[    0.444423] clocksource: tsc-early: mask: 0xffffffffffffffff max_cycles: 0x3407c077a8d, max_idle_ns: 440795342283 ns
[    0.445170] Calibrating delay loop (skipped) preset value.. 7219.20 BogoMIPS (lpj=14438400)
[    0.445836] x86/cpu: User Mode Instruction Prevention (UMIP) activated
[    0.446375] Last level iTLB entries: 4KB 0, 2MB 0, 4MB 0
[    0.446747] Last level dTLB entries: 4KB 0, 2MB 0, 4MB 0, 1GB 0
[    0.447171] Spectre V1 : Mitigation: usercopy/swapgs barriers and __user pointer sanitization
[    0.447759] Spectre V2 : WARNING: Unprivileged eBPF is enabled with eIBRS on, data leaks possible via Spectre v2 BHB attacks!
[    0.449198] Spectre V2 : Spectre BHI mitigation: SW BHB clearing on vm exit
[    0.449685] Spectre V2 : Spectre BHI mitigation: SW BHB clearing on syscall
[    0.450167] Spectre V2 : Mitigation: Enhanced / Automatic IBRS
[    0.450573] Spectre V2 : Spectre v2 / SpectreRSB mitigation: Filling RSB on context switch
[    0.451143] Spectre V2 : Spectre v2 / PBRSB-eIBRS: Retire a single CALL on VMEXIT
[    0.451665] Spectre V2 : mitigation: Enabling conditional Indirect Branch Prediction Barrier
[    0.452251] Speculative Store Bypass: Mitigation: Speculative Store Bypass disabled via prctl
[    0.453159] Register File Data Sampling: Vulnerable: No microcode
[    0.453610] x86/fpu: Supporting XSAVE feature 0x001: 'x87 floating point registers'
[    0.454163] x86/fpu: Supporting XSAVE feature 0x002: 'SSE registers'
[    0.454619] x86/fpu: Supporting XSAVE feature 0x004: 'AVX registers'
[    0.455074] x86/fpu: Supporting XSAVE feature 0x200: 'Protection Keys User registers'
[    0.455634] x86/fpu: xstate_offset[2]:  576, xstate_sizes[2]:  256
[    0.456081] x86/fpu: xstate_offset[9]:  832, xstate_sizes[9]:    8
[    0.456527] x86/fpu: Enabled xstate features 0x207, context size is 840 bytes, using 'compacted' format.
[    0.575956] Freeing SMP alternatives memory: 56K
[    0.576341] pid_max: default: 32768 minimum: 301
[    0.576941] LSM: initializing lsm=capability,yama,ima,evm
[    0.577187] Yama: becoming mindful.
[    0.577825] Mount-cache hash table entries: 4096 (order: 3, 32768 bytes, linear)
[    0.578383] Mountpoint-cache hash table entries: 4096 (order: 3, 32768 bytes, linear)
[    0.581309] Running RCU synchronous self tests
[    0.581653] Running RCU synchronous self tests
[    0.582413] smpboot: CPU0: 12th Gen Intel(R) Core(TM) i7-12700K (family: 0x6, model: 0x97, stepping: 0x2)
[    0.584302] Running RCU Tasks wait API self tests
[    0.685288] Running RCU Tasks Rude wait API self tests
[    0.686014] Running RCU Tasks Trace wait API self tests
[    0.686640] Performance Events: unsupported p6 CPU model 151 no PMU driver, software events only.
[    0.687664] signal: max sigframe size: 3632
[    0.688187] rcu: Hierarchical SRCU implementation.
[    0.688538] rcu: 	Max phase no-delay instances is 1000.
[    0.692521] NMI watchdog: Perf NMI watchdog permanently disabled
[    0.693182] Callback from call_rcu_tasks_trace() invoked.
[    0.693674] smp: Bringing up secondary CPUs ...
[    0.694836] smpboot: x86: Booting SMP configuration:
[    0.695223] .... node  #0, CPUs:      #1
[    0.695370] smp: Brought up 1 node, 2 CPUs
[    0.695370] smpboot: Total of 2 processors activated (14438.40 BogoMIPS)
[    0.698826] devtmpfs: initialized
[    0.698826] x86/mm: Memory block size: 128MB
[    0.710588] Running RCU synchronous self tests
[    0.710588] Running RCU synchronous self tests
[    0.713187] clocksource: jiffies: mask: 0xffffffff max_cycles: 0xffffffff, max_idle_ns: 7645041785100000 ns
[    0.714250] futex hash table entries: 512 (order: 4, 65536 bytes, linear)
[    0.714250] pinctrl core: initialized pinctrl subsystem
[    0.717184] 
[    0.717201] *************************************************************
[    0.717201] **     NOTICE NOTICE NOTICE NOTICE NOTICE NOTICE NOTICE    **
[    0.717201] **                                                         **
[    0.717914] **  IOMMU DebugFS SUPPORT HAS BEEN ENABLED IN THIS KERNEL  **
[    0.718662] **                                                         **
[    0.719409] ** This means that this kernel is built to expose internal **
[    0.720157] ** IOMMU data structures, which may compromise security on **
[    0.720932] ** your system.                                            **
[    0.721163] **                                                         **
[    0.721711] ** If you see this message and you are not debugging the   **
[    0.722212] ** kernel, report this immediately to your vendor!         **
[    0.722744] **                                                         **
[    0.723242] **     NOTICE NOTICE NOTICE NOTICE NOTICE NOTICE NOTICE    **
[    0.723765] *************************************************************
[    0.724358] PM: RTC time: 02:42:48, date: 2024-10-27
[    0.728158] NET: Registered PF_NETLINK/PF_ROUTE protocol family
[    0.730002] DMA: preallocated 256 KiB GFP_KERNEL pool for atomic allocations
[    0.730554] DMA: preallocated 256 KiB GFP_KERNEL|GFP_DMA pool for atomic allocations
[    0.731141] DMA: preallocated 256 KiB GFP_KERNEL|GFP_DMA32 pool for atomic allocations
[    0.731829] audit: initializing netlink subsys (disabled)
[    0.733276] audit: type=2000 audit(1729996968.795:1): state=initialized audit_enabled=0 res=1
[    0.735286] thermal_sys: Registered thermal governor 'fair_share'
[    0.735294] thermal_sys: Registered thermal governor 'bang_bang'
[    0.737166] thermal_sys: Registered thermal governor 'step_wise'
[    0.737694] thermal_sys: Registered thermal governor 'user_space'
[    0.738300] cpuidle: using governor ladder
[    0.738300] cpuidle: using governor menu
[    0.738300] acpiphp: ACPI Hot Plug PCI Controller Driver version: 0.5
[    0.741573] PCI: Using configuration type 1 for base access
[    0.742342] kprobes: kprobe jump-optimization is enabled. All kprobes are optimized if possible.
[    0.847580] HugeTLB: registered 1.00 GiB page size, pre-allocated 0 pages
[    0.848101] HugeTLB: 16380 KiB vmemmap can be freed for a 1.00 GiB page
[    0.848581] HugeTLB: registered 2.00 MiB page size, pre-allocated 0 pages
[    0.849069] HugeTLB: 28 KiB vmemmap can be freed for a 2.00 MiB page
[    0.849170] Callback from call_rcu_tasks_rude() invoked.
[    0.850596] Demotion targets for Node 0: null
[    0.854258] ACPI: Added _OSI(Module Device)
[    0.854577] ACPI: Added _OSI(Processor Device)
[    0.854903] ACPI: Added _OSI(3.0 _SCP Extensions)
[    0.855246] ACPI: Added _OSI(Processor Aggregator Device)
[    0.881822] ACPI: 1 ACPI AML tables successfully acquired and loaded
[    0.885919] ACPI: _OSC evaluation for CPUs failed, trying _PDC
[    0.889702] ACPI: Interpreter enabled
[    0.890145] ACPI: PM: (supports S0 S3 S4 S5)
[    0.890461] ACPI: Using IOAPIC for interrupt routing
[    0.890927] PCI: Using host bridge windows from ACPI; if necessary, use "pci=nocrs" and report a bug
[    0.891580] PCI: Using E820 reservations for host bridge windows
[    0.893683] ACPI: Enabled 2 GPEs in block 00 to 0F
[    0.950526] ACPI: PCI Root Bridge [PCI0] (domain 0000 [bus 00-ff])
[    0.951038] acpi PNP0A03:00: _OSC: OS supports [ASPM ClockPM Segments MSI EDR HPX-Type3]
[    0.951630] acpi PNP0A03:00: _OSC: not requesting OS control; OS requires [ExtendedConfig ASPM ClockPM MSI]
[    0.952583] acpi PNP0A03:00: fail to add MMCONFIG information, can't access extended configuration space under this bridge
[    0.960255] acpiphp: Slot [3] registered
[    0.960756] acpiphp: Slot [4] registered
[    0.961257] acpiphp: Slot [5] registered
[    0.961765] acpiphp: Slot [6] registered
[    0.962285] acpiphp: Slot [7] registered
[    0.962796] acpiphp: Slot [8] registered
[    0.963297] acpiphp: Slot [9] registered
[    0.963794] acpiphp: Slot [10] registered
[    0.964500] acpiphp: Slot [11] registered
[    0.965013] acpiphp: Slot [12] registered
[    0.965371] acpiphp: Slot [13] registered
[    0.965877] acpiphp: Slot [14] registered
[    0.966397] acpiphp: Slot [15] registered
[    0.966893] acpiphp: Slot [16] registered
[    0.967390] acpiphp: Slot [17] registered
[    0.967884] acpiphp: Slot [18] registered
[    0.968412] acpiphp: Slot [19] registered
[    0.968910] acpiphp: Slot [20] registered
[    0.969363] acpiphp: Slot [21] registered
[    0.969866] acpiphp: Slot [22] registered
[    0.970386] acpiphp: Slot [23] registered
[    0.970884] acpiphp: Slot [24] registered
[    0.971387] acpiphp: Slot [25] registered
[    0.971882] acpiphp: Slot [26] registered
[    0.972401] acpiphp: Slot [27] registered
[    0.972900] acpiphp: Slot [28] registered
[    0.973372] acpiphp: Slot [29] registered
[    0.973871] acpiphp: Slot [30] registered
[    0.974383] acpiphp: Slot [31] registered
[    0.974786] PCI host bridge to bus 0000:00
[    0.975091] pci_bus 0000:00: root bus resource [io  0x0000-0x0cf7 window]
[    0.975585] pci_bus 0000:00: root bus resource [io  0x0d00-0xffff window]
[    0.976078] pci_bus 0000:00: root bus resource [mem 0x000a0000-0x000bffff window]
[    0.976619] pci_bus 0000:00: root bus resource [mem 0x80000000-0xfebfffff window]
[    0.977164] pci_bus 0000:00: root bus resource [mem 0x100000000-0x17fffffff window]
[    0.977724] pci_bus 0000:00: root bus resource [bus 00-ff]
[    0.978333] pci 0000:00:00.0: [8086:1237] type 00 class 0x060000 conventional PCI endpoint
[    0.996318] pci 0000:00:01.0: [8086:7000] type 00 class 0x060100 conventional PCI endpoint
[    0.998704] pci 0000:00:01.1: [8086:7010] type 00 class 0x010180 conventional PCI endpoint
[    1.000449] pci 0000:00:01.1: BAR 4 [io  0xc040-0xc04f]
[    1.001301] pci 0000:00:01.1: BAR 0 [io  0x01f0-0x01f7]: legacy IDE quirk
[    1.001798] pci 0000:00:01.1: BAR 1 [io  0x03f6]: legacy IDE quirk
[    1.002242] pci 0000:00:01.1: BAR 2 [io  0x0170-0x0177]: legacy IDE quirk
[    1.002728] pci 0000:00:01.1: BAR 3 [io  0x0376]: legacy IDE quirk
[    1.003737] pci 0000:00:01.3: [8086:7113] type 00 class 0x068000 conventional PCI endpoint
[    1.004660] pci 0000:00:01.3: quirk: [io  0x0600-0x063f] claimed by PIIX4 ACPI
[    1.005167] pci 0000:00:01.3: quirk: [io  0x0700-0x070f] claimed by PIIX4 SMB
[    1.006219] pci 0000:00:02.0: [1234:1111] type 00 class 0x030000 conventional PCI endpoint
[    1.009456] pci 0000:00:02.0: BAR 0 [mem 0xfd000000-0xfdffffff pref]
[    1.011754] pci 0000:00:02.0: BAR 2 [mem 0xfebf0000-0xfebf0fff]
[    1.015373] pci 0000:00:02.0: ROM [mem 0xfebe0000-0xfebeffff pref]
[    1.016205] pci 0000:00:02.0: Video device with shadowed ROM at [mem 0x000c0000-0x000dffff]
[    1.035069] pci 0000:00:03.0: [8086:100e] type 00 class 0x020000 conventional PCI endpoint
[    1.036154] pci 0000:00:03.0: BAR 0 [mem 0xfebc0000-0xfebdffff]
[    1.037010] pci 0000:00:03.0: BAR 1 [io  0xc000-0xc03f]
[    1.039307] pci 0000:00:03.0: ROM [mem 0xfeb80000-0xfebbffff pref]
[    1.070610] ACPI: PCI: Interrupt link LNKA configured for IRQ 10
[    1.072928] ACPI: PCI: Interrupt link LNKB configured for IRQ 10
[    1.074811] ACPI: PCI: Interrupt link LNKC configured for IRQ 11
[    1.076851] ACPI: PCI: Interrupt link LNKD configured for IRQ 11
[    1.077822] ACPI: PCI: Interrupt link LNKS configured for IRQ 9
[    1.082608] iommu: Default domain type: Translated
[    1.082980] iommu: DMA domain TLB invalidation policy: lazy mode
[    1.086784] SCSI subsystem initialized
[    1.088126] ACPI: bus type USB registered
[    1.088645] usbcore: registered new interface driver usbfs
[    1.089178] usbcore: registered new interface driver hub
[    1.089657] usbcore: registered new device driver usb
[    1.090369] pps_core: LinuxPPS API ver. 1 registered
[    1.090741] pps_core: Software ver. 5.3.6 - Copyright 2005-2007 Rodolfo Giometti <giometti@linux.it>
[    1.091459] PTP clock support registered
[    1.092213] EDAC MC: Ver: 3.0.0
[    1.096735] NetLabel: Initializing
[    1.097008] NetLabel:  domain hash size = 128
[    1.097164] NetLabel:  protocols = UNLABELED CIPSOv4 CALIPSO
[    1.097800] NetLabel:  unlabeled traffic allowed by default
[    1.099060] PCI: Using ACPI for IRQ routing
[    1.099810] pci 0000:00:02.0: vgaarb: setting as boot VGA device
[    1.100274] pci 0000:00:02.0: vgaarb: bridge control possible
[    1.100698] pci 0000:00:02.0: vgaarb: VGA device added: decodes=io+mem,owns=io+mem,locks=none
[    1.101164] vgaarb: loaded
[    1.102192] hpet0: at MMIO 0xfed00000, IRQs 2, 8, 0
[    1.102574] hpet0: 3 comparators, 64-bit 100.000000 MHz counter
[    1.114465] clocksource: Switched to clocksource kvm-clock
[    1.116958] VFS: Disk quotas dquot_6.6.0
[    1.119128] VFS: Dquot-cache hash table entries: 512 (order 0, 4096 bytes)
[    1.121376] pnp: PnP ACPI init
[    1.127010] pnp: PnP ACPI: found 6 devices
[    1.149039] clocksource: acpi_pm: mask: 0xffffff max_cycles: 0xffffff, max_idle_ns: 2085701024 ns
[    1.152546] NET: Registered PF_INET protocol family
[    1.153423] IP idents hash table entries: 32768 (order: 6, 262144 bytes, linear)
[    1.155589] tcp_listen_portaddr_hash hash table entries: 1024 (order: 4, 73728 bytes, linear)
[    1.156289] Table-perturb hash table entries: 65536 (order: 6, 262144 bytes, linear)
[    1.156976] TCP established hash table entries: 16384 (order: 5, 131072 bytes, linear)
[    1.157985] TCP bind hash table entries: 16384 (order: 9, 2359296 bytes, linear)
[    1.161459] TCP: Hash tables configured (established 16384 bind 16384)
[    1.162220] UDP hash table entries: 1024 (order: 5, 163840 bytes, linear)
[    1.162854] UDP-Lite hash table entries: 1024 (order: 5, 163840 bytes, linear)
[    1.163868] NET: Registered PF_UNIX/PF_LOCAL protocol family
[    1.165721] RPC: Registered named UNIX socket transport module.
[    1.166186] RPC: Registered udp transport module.
[    1.166526] RPC: Registered tcp transport module.
[    1.166865] RPC: Registered tcp-with-tls transport module.
[    1.167289] RPC: Registered tcp NFSv4.1 backchannel transport module.
[    1.167806] pci_bus 0000:00: resource 4 [io  0x0000-0x0cf7 window]
[    1.168255] pci_bus 0000:00: resource 5 [io  0x0d00-0xffff window]
[    1.168700] pci_bus 0000:00: resource 6 [mem 0x000a0000-0x000bffff window]
[    1.169194] pci_bus 0000:00: resource 7 [mem 0x80000000-0xfebfffff window]
[    1.169694] pci_bus 0000:00: resource 8 [mem 0x100000000-0x17fffffff window]
[    1.170639] pci 0000:00:01.0: PIIX3: Enabling Passive Release
[    1.171078] pci 0000:00:00.0: Limiting direct PCI/PCI transfers
[    1.171585] PCI: CLS 0 bytes, default 64
[    1.172670] ACPI: bus type thunderbolt registered
[    1.173389] clocksource: tsc: mask: 0xffffffffffffffff max_cycles: 0x3407c077a8d, max_idle_ns: 440795342283 ns
[    2.675150] Callback from call_rcu_tasks() invoked.
[    2.677982] Initialise system trusted keyrings
[    2.678485] Key type blacklist registered
[    2.681135] workingset: timestamp_bits=36 max_order=19 bucket_order=0
[    2.681692] zbud: loaded
[    2.684278] squashfs: version 4.0 (2009/01/31) Phillip Lougher
[    2.686441] NFS: Registering the id_resolver key type
[    2.686849] Key type id_resolver registered
[    2.687191] Key type id_legacy registered
[    2.687570] nfs4filelayout_init: NFSv4 File Layout Driver Registering...
[    2.688101] nfs4flexfilelayout_init: NFSv4 Flexfile Layout Driver Registering...
[    2.688948] fuse: init (API version 7.40)
[    2.689829] SGI XFS with ACLs, security attributes, realtime, quota, no debug enabled
[    2.691994] 9p: Installing v9fs 9p2000 file system support
[    2.703980] Key type asymmetric registered
[    2.704351] Asymmetric key parser 'x509' registered
[    2.704911] Block layer SCSI generic (bsg) driver version 0.4 loaded (major 243)
[    2.705745] io scheduler mq-deadline registered
[    2.706194] io scheduler bfq registered
[    2.707562] shpchp: Standard Hot Plug PCI Controller Driver version: 0.4
[    2.719329] IPMI message handler: version 39.2
[    2.719889] ipmi device interface
[    2.722584] input: Power Button as /devices/LNXSYSTM:00/LNXPWRBN:00/input/input0
[    2.723933] ACPI: button: Power Button [PWRF]
[    2.726244] ERST DBG: ERST support is disabled.
[    2.728122] Serial: 8250/16550 driver, 32 ports, IRQ sharing enabled
[    2.730304] 00:04: ttyS0 at I/O 0x3f8 (irq = 4, base_baud = 115200) is a 16550A
[    2.763725] Linux agpgart interface v0.103
[    2.766151] ACPI: bus type drm_connector registered
[    2.789590] brd: module loaded
[    2.804967] loop: module loaded
[    2.815761] scsi host0: ata_piix
[    2.817564] scsi host1: ata_piix
[    2.818418] ata1: PATA max MWDMA2 cmd 0x1f0 ctl 0x3f6 bmdma 0xc040 irq 14 lpm-pol 0
[    2.818993] ata2: PATA max MWDMA2 cmd 0x170 ctl 0x376 bmdma 0xc048 irq 15 lpm-pol 0
[    2.822460] tun: Universal TUN/TAP device driver, 1.6
[    2.823271] e100: Intel(R) PRO/100 Network Driver
[    2.823633] e100: Copyright(c) 1999-2006 Intel Corporation
[    2.824112] e1000: Intel(R) PRO/1000 Network Driver
[    2.824478] e1000: Copyright (c) 1999-2006 Intel Corporation.
[    2.979284] ata1: found unknown device (class 0)
[    2.979922] ata2: found unknown device (class 0)
[    2.980933] ata1.00: ATA-7: QEMU HARDDISK, 2.5+, max UDMA/100
[    2.981353] ata1.00: 17196647 sectors, multi 16: LBA48 
[    2.981876] ata2.00: ATAPI: QEMU DVD-ROM, 2.5+, max UDMA/100
[    2.983948] scsi 0:0:0:0: Direct-Access     ATA      QEMU HARDDISK    2.5+ PQ: 0 ANSI: 5
[    2.986639] sd 0:0:0:0: [sda] 17196647 512-byte logical blocks: (8.80 GB/8.20 GiB)
[    2.987294] sd 0:0:0:0: [sda] Write Protect is off
[    2.987722] sd 0:0:0:0: [sda] Write cache: enabled, read cache: enabled, doesn't support DPO or FUA
[    2.988478] sd 0:0:0:0: [sda] Preferred minimum I/O size 512 bytes
[    2.991147] sd 0:0:0:0: Attached scsi generic sg0 type 0
[    2.992625] scsi 1:0:0:0: CD-ROM            QEMU     QEMU DVD-ROM     2.5+ PQ: 0 ANSI: 5
[    2.996257] sd 0:0:0:0: [sda] Attached SCSI disk
[    3.020619] scsi 1:0:0:0: Attached scsi generic sg1 type 5
[    4.481069] ACPI: \_SB_.LNKC: Enabled at IRQ 11
[    4.807074] e1000 0000:00:03.0 eth0: (PCI:33MHz:32-bit) 52:54:00:12:34:56
[    4.807637] e1000 0000:00:03.0 eth0: Intel(R) PRO/1000 Network Connection
[    4.808296] e1000e: Intel(R) PRO/1000 Network Driver
[    4.808670] e1000e: Copyright(c) 1999 - 2015 Intel Corporation.
[    4.809207] igb: Intel(R) Gigabit Ethernet Network Driver
[    4.809607] igb: Copyright (c) 2007-2014 Intel Corporation.
[    4.810248] PPP generic driver version 2.4.2
[    4.812085] VFIO - User Level meta-driver version: 0.3
[    4.813972] usbcore: registered new interface driver uas
[    4.814458] usbcore: registered new interface driver usb-storage
[    4.815262] i8042: PNP: PS/2 Controller [PNP0303:KBD,PNP0f13:MOU] at 0x60,0x64 irq 1,12
[    4.816842] serio: i8042 KBD port at 0x60,0x64 irq 1
[    4.817304] serio: i8042 AUX port at 0x60,0x64 irq 12
[    4.818902] mousedev: PS/2 mouse device common for all mice
[    4.821209] input: AT Translated Set 2 keyboard as /devices/platform/i8042/serio0/input/input1
[    4.822243] rtc_cmos 00:05: RTC can wake from S4
[    4.825300] input: VirtualPS/2 VMware VMMouse as /devices/platform/i8042/serio1/input/input4
[    4.825618] rtc_cmos 00:05: registered as rtc0
[    4.826558] rtc_cmos 00:05: setting system clock to 2024-10-27T02:42:52 UTC (1729996972)
[    4.828110] rtc_cmos 00:05: alarms up to one day, y3k, 242 bytes nvram, hpet irqs
[    4.828138] input: VirtualPS/2 VMware VMMouse as /devices/platform/i8042/serio1/input/input3
[    4.829035] i2c_dev: i2c /dev entries driver
[    4.830205] device-mapper: core: CONFIG_IMA_DISABLE_HTABLE is disabled. Duplicate IMA measurements will not be recorded in the IMA log.
[    4.831537] device-mapper: uevent: version 1.0.3
[    4.832765] device-mapper: ioctl: 4.48.0-ioctl (2023-03-01) initialised: dm-devel@lists.linux.dev
[    4.833629] intel_pstate: CPU model not supported
[    4.834271] sdhci: Secure Digital Host Controller Interface driver
[    4.834739] sdhci: Copyright(c) Pierre Ossman
[    4.835256] sdhci-pltfm: SDHCI platform and OF driver helper
[    4.835850] ledtrig-cpu: registered to indicate activity on CPUs
[    4.836919] drop_monitor: Initializing network drop monitor service
[    4.837836] NET: Registered PF_INET6 protocol family
[    4.842016] Segment Routing with IPv6
[    4.842411] In-situ OAM (IOAM) with IPv6
[    4.842818] NET: Registered PF_PACKET protocol family
[    4.843440] 9pnet: Installing 9P2000 support
[    4.843902] Key type dns_resolver registered
[    4.845970] IPI shorthand broadcast: enabled
[    4.898688] sched_clock: Marking stable (4880004581, 15048480)->(4910413454, -15360393)
[    4.900948] Timer migration: 1 hierarchy levels; 8 children per group; 1 crossnode level
[    4.901893] registered taskstats version 1
[    4.902701] Loading compiled-in X.509 certificates
[    4.954695] Demotion targets for Node 0: null
[    4.956499] Key type .fscrypt registered
[    4.956810] Key type fscrypt-provisioning registered
[    4.960932] Key type encrypted registered
[    4.961528] ima: No TPM chip found, activating TPM-bypass!
[    4.962187] ima: Allocated hash algorithm: sha1
[    4.962840] ima: No architecture policies found
[    4.963750] evm: Initialising EVM extended attributes:
[    4.964349] evm: security.selinux
[    4.964734] evm: security.SMACK64
[    4.965121] evm: security.SMACK64EXEC
[    4.965543] evm: security.SMACK64TRANSMUTE
[    4.966004] evm: security.SMACK64MMAP
[    4.966417] evm: security.apparmor
[    4.966801] evm: security.ima
[    4.967156] evm: security.capability
[    4.967561] evm: HMAC attrs: 0x1
[    4.972653] PM:   Magic number: 12:946:713
[    4.974129] RAS: Correctable Errors collector initialized.
[    4.975903] clk: Disabling unused clocks
[    4.976273] PM: genpd: Disabling unused power domains
[    4.977948] md: Waiting for all devices to be available before autodetect
[    4.978298] md: If you don't use raid, use raid=noautodetect
[    4.978593] md: Autodetecting RAID arrays.
[    4.978821] md: autorun ...
[    4.978971] md: ... autorun DONE.
[    4.997930] EXT4-fs (sda): mounted filesystem 088740a9-c8b4-422c-999d-a804eb68a4da ro with ordered data mode. Quota mode: none.
[    4.998640] VFS: Mounted root (ext4 filesystem) readonly on device 8:0.
[    5.000847] devtmpfs: mounted
[    5.022021] Freeing unused decrypted memory: 2028K
[    5.029765] Freeing unused kernel image (initmem) memory: 15260K
[    5.030186] Write protecting the kernel read-only data: 94208k
[    5.032626] Freeing unused kernel image (rodata/data gap) memory: 1364K
[    5.092746] x86/mm: Checked W+X mappings: passed, no W+X pages found.
[    5.093105] Run /sbin/init as init process
[    5.220861] systemd[1]: systemd 252-15.el9 running in system mode (+PAM +AUDIT +SELINUX -APPARMOR +IMA +SMACK +SECCOMP +GCRYPT +GNUTLS +OPENSSL +ACL +BLKID +CURL +ELFUTILS -FIDO2 +IDN2 -IDN -IPTC +KMOD +LIBCRYPTSETUP +LIBFDISK +PCRE2 -PWQUALITY +P11KIT -QRENCODE +TPM2 +BZIP2 +LZ4 +XZ +ZLIB +ZSTD -BPF_FRAMEWORK +XKBCOMMON +UTMP +SYSVINIT default-hierarchy=unified)
[    5.222429] systemd[1]: Detected virtualization kvm.
[    5.222693] systemd[1]: Detected architecture x86-64.

Welcome to [0;31mCentOS Stream 9[0m!

[    5.227139] systemd[1]: Hostname set to <test>.
[    5.390338] systemd-rc-local-generator[125]: /etc/rc.d/rc.local is not marked executable, skipping.
[    5.765250] systemd[1]: Queued start job for default target Multi-User System.
[    5.794336] systemd[1]: Created slice Virtual Machine and Container Slice.
[[0;32m  OK  [0m] Created slice [0;1;39mVirtual Machine and Container Slice[0m.
[    5.799603] systemd[1]: Created slice Slice /system/getty.
[[0;32m  OK  [0m] Created slice [0;1;39mSlice /system/getty[0m.
[    5.802612] systemd[1]: Created slice Slice /system/modprobe.
[[0;32m  OK  [0m] Created slice [0;1;39mSlice /system/modprobe[0m.
[    5.805733] systemd[1]: Created slice Slice /system/serial-getty.
[[0;32m  OK  [0m] Created slice [0;1;39mSlice /system/serial-getty[0m.
[    5.808909] systemd[1]: Created slice Slice /system/sshd-keygen.
[[0;32m  OK  [0m] Created slice [0;1;39mSlice /system/sshd-keygen[0m.
[    5.812345] systemd[1]: Created slice User and Session Slice.
[[0;32m  OK  [0m] Created slice [0;1;39mUser and Session Slice[0m.
[    5.813782] systemd[1]: Started Forward Password Requests to Wall Directory Watch.
[[0;32m  OK  [0m] Started [0;1;39mForward Password R…uests to Wall Directory Watch[0m.
[    5.816386] systemd[1]: Set up automount Arbitrary Executable File Formats File System Automount Point.
[[0;32m  OK  [0m] Set up automount [0;1;39mArbitrary…s File System Automount Point[0m.
[    5.817798] systemd[1]: Reached target Local Integrity Protected Volumes.
[[0;32m  OK  [0m] Reached target [0;1;39mLocal Integrity Protected Volumes[0m.
[    5.818978] systemd[1]: Reached target Slice Units.
[[0;32m  OK  [0m] Reached target [0;1;39mSlice Units[0m.
[    5.819827] systemd[1]: Reached target Swaps.
[[0;32m  OK  [0m] Reached target [0;1;39mSwaps[0m.
[    5.820597] systemd[1]: Reached target Local Verity Protected Volumes.
[[0;32m  OK  [0m] Reached target [0;1;39mLocal Verity Protected Volumes[0m.
[    5.821971] systemd[1]: Listening on Device-mapper event daemon FIFOs.
[[0;32m  OK  [0m] Listening on [0;1;39mDevice-mapper event daemon FIFOs[0m.
[    5.823775] systemd[1]: Listening on LVM2 poll daemon socket.
[[0;32m  OK  [0m] Listening on [0;1;39mLVM2 poll daemon socket[0m.
[    5.824920] systemd[1]: multipathd control socket was skipped because of an unmet condition check (ConditionPathExists=/etc/multipath.conf).
[    5.875326] systemd[1]: Listening on RPCbind Server Activation Socket.
[[0;32m  OK  [0m] Listening on [0;1;39mRPCbind Server Activation Socket[0m.
[    5.876431] systemd[1]: Reached target RPC Port Mapper.
[[0;32m  OK  [0m] Reached target [0;1;39mRPC Port Mapper[0m.
[    5.879731] systemd[1]: Listening on Process Core Dump Socket.
[[0;32m  OK  [0m] Listening on [0;1;39mProcess Core Dump Socket[0m.
[    5.881063] systemd[1]: Listening on initctl Compatibility Named Pipe.
[[0;32m  OK  [0m] Listening on [0;1;39minitctl Compatibility Named Pipe[0m.
[    5.882635] systemd[1]: Listening on Journal Socket (/dev/log).
[[0;32m  OK  [0m] Listening on [0;1;39mJournal Socket (/dev/log)[0m.
[    5.884154] systemd[1]: Listening on Journal Socket.
[[0;32m  OK  [0m] Listening on [0;1;39mJournal Socket[0m.
[    5.885649] systemd[1]: Listening on udev Control Socket.
[[0;32m  OK  [0m] Listening on [0;1;39mudev Control Socket[0m.
[    5.887192] systemd[1]: Listening on udev Kernel Socket.
[[0;32m  OK  [0m] Listening on [0;1;39mudev Kernel Socket[0m.
[    5.895020] systemd[1]: Mounting Huge Pages File System...
         Mounting [0;1;39mHuge Pages File System[0m...
[    5.909309] systemd[1]: Mounting POSIX Message Queue File System...
         Mounting [0;1;39mPOSIX Message Queue File System[0m...
[    5.920694] systemd[1]: Mounting Kernel Debug File System...
         Mounting [0;1;39mKernel Debug File System[0m...
[    5.929708] systemd[1]: Mounting Kernel Trace File System...
         Mounting [0;1;39mKernel Trace File System[0m...
[    5.932928] systemd[1]: Kernel Module supporting RPCSEC_GSS was skipped because of an unmet condition check (ConditionPathExists=/etc/krb5.keytab).
[    5.933680] systemd[1]: Create List of Static Device Nodes was skipped because of an unmet condition check (ConditionFileNotEmpty=/lib/modules/6.10.0-rc1-5af42f928f3a+/modules.devname).
[    5.941497] systemd[1]: Starting Monitoring of LVM2 mirrors, snapshots etc. using dmeventd or progress polling...
         Starting [0;1;39mMonitoring of LVM…meventd or progress polling[0m...
[    5.949367] systemd[1]: Starting Load Kernel Module configfs...
         Starting [0;1;39mLoad Kernel Module configfs[0m...
[    5.957572] systemd[1]: Starting Load Kernel Module drm...
         Starting [0;1;39mLoad Kernel Module drm[0m...
[    5.973407] systemd[1]: Starting Load Kernel Module fuse...
         Starting [0;1;39mLoad Kernel Module fuse[0m...
[    5.989860] systemd[1]: Starting Read and set NIS domainname from /etc/sysconfig/network...
         Starting [0;1;39mRead and set NIS …from /etc/sysconfig/network[0m...
[    6.002970] systemd[1]: Starting Journal Service...
         Starting [0;1;39mJournal Service[0m...
[    6.026571] systemd[1]: Starting Load Kernel Modules...
         Starting [0;1;39mLoad Kernel Modules[0m...
[    6.043509] systemd[1]: Starting Generate network units from Kernel command line...
         Starting [0;1;39mGenerate network …ts from Kernel command line[0m...
[    6.055469] systemd[1]: Starting Remount Root and Kernel File Systems...
         Starting [0;1;39mRemount Root and Kernel File Systems[0m...
[    6.057985] systemd[1]: Repartition Root Disk was skipped because no trigger condition checks were met.
[    6.084918] systemd[1]: Starting Coldplug All udev Devices...
         Starting [0;1;39mColdplug All udev Devices[0m...
[    6.130032] systemd[1]: Mounted Huge Pages File System.
[[0;32m  OK  [0m] Mounted [0;1;39mHuge Pages File System[0m.
[    6.131385] EXT4-fs (sda): warning: mounting fs with errors, running e2fsck is recommended
[    6.132961] systemd[1]: Mounted POSIX Message Queue File System.
[[0;32m  OK  [0m] Mounted [0;1;39mPOSIX Message Queue File System[0m.
[    6.135704] systemd[1]: Mounted Kernel Debug File System.
[[0;32m  OK  [0m] Mounted [0;1;39mKernel Debug File System[0m.
[    6.137039] systemd[1]: Mounted Kernel Trace File System.
[[0;32m  OK  [0m] Mounted [0;1;39mKernel Trace File System[0m.
[    6.137807] EXT4-fs (sda): re-mounted 088740a9-c8b4-422c-999d-a804eb68a4da r/w. Quota mode: none.
[    6.144530] systemd[1]: Finished Monitoring of LVM2 mirrors, snapshots etc. using dmeventd or progress polling.
[[0;32m  OK  [0m] Finished [0;1;39mMonitoring of LVM… dmeventd or progress polling[0m.
[    6.149611] systemd[1]: modprobe@configfs.service: Deactivated successfully.
[    6.151197] systemd[1]: Finished Load Kernel Module configfs.
[[0;32m  OK  [0m] Finished [0;1;39mLoad Kernel Module configfs[0m.
[    6.156587] systemd[1]: modprobe@drm.service: Deactivated successfully.
[    6.159387] systemd[1]: Finished Load Kernel Module drm.
[[0;32m  OK  [0m] Finished [0;1;39mLoad Kernel Module drm[0m.
[    6.161610] systemd[1]: modprobe@fuse.service: Deactivated successfully.
[    6.167860] systemd[1]: Finished Load Kernel Module fuse.
[[0;32m  OK  [0m] Finished [0;1;39mLoad Kernel Module fuse[0m.
[    6.170211] systemd[1]: Finished Read and set NIS domainname from /etc/sysconfig/network.
[[0;32m  OK  [0m] Finished [0;1;39mRead and set NIS …e from /etc/sysconfig/network[0m.
[    6.175850] systemd[1]: systemd-modules-load.service: Main process exited, code=exited, status=1/FAILURE
[    6.177043] systemd[1]: systemd-modules-load.service: Failed with result 'exit-code'.
[    6.183207] systemd[1]: Failed to start Load Kernel Modules.
[[0;1;31mFAILED[0m] Failed to start [0;1;39mLoad Kernel Modules[0m.
See 'systemctl status systemd-modules-load.service' for details.
[    6.191082] systemd[1]: Finished Generate network units from Kernel command line.
[[0;32m  OK  [0m] Finished [0;1;39mGenerate network units from Kernel command line[0m.
[    6.196522] systemd[1]: Finished Remount Root and Kernel File Systems.
[[0;32m  OK  [0m] Finished [0;1;39mRemount Root and Kernel File Systems[0m.
[    6.205627] systemd[1]: Reached target Preparation for Network.
[[0;32m  OK  [0m] Reached target [0;1;39mPreparation for Network[0m.
[    6.243484] systemd[1]: Mounting FUSE Control File System...
         Mounting [0;1;39mFUSE Control File System[0m...
[    6.253783] systemd[1]: Mounting Kernel Configuration File System...
         Mounting [0;1;39mKernel Configuration File System[0m...
[    6.255318] systemd[1]: Special handling of early boot iSCSI sessions was skipped because of an unmet condition check (ConditionDirectoryNotEmpty=/sys/class/iscsi_session).
[    6.256164] systemd[1]: First Boot Wizard was skipped because of an unmet condition check (ConditionFirstBoot=yes).
[    6.265384] systemd[1]: Rebuild Hardware Database was skipped because of an unmet condition check (ConditionNeedsUpdate=/etc).
[    6.303663] systemd[1]: Starting Load/Save Random Seed...
         Starting [0;1;39mLoad/Save Random Seed[0m...
[    6.315944] systemd[1]: Starting Apply Kernel Variables...
         Starting [0;1;39mApply Kernel Variables[0m...
[    6.317020] systemd[1]: Create System Users was skipped because no trigger condition checks were met.
[    6.329398] systemd[1]: Starting Create Static Device Nodes in /dev...
         Starting [0;1;39mCreate Static Device Nodes in /dev[0m...
[    6.341689] systemd[1]: Starting Setup Virtual Console...
         Starting [0;1;39mSetup Virtual Console[0m...
[    6.352162] systemd[1]: Started Journal Service.
[[0;32m  OK  [0m] Started [0;1;39mJournal Service[0m.
[[0;32m  OK  [0m] Mounted [0;1;39mFUSE Control File System[0m.
[[0;32m  OK  [0m] Mounted [0;1;39mKernel Configuration File System[0m.
         Starting [0;1;39mFlush Journal to Persistent Storage[0m...
[    6.443449] systemd-journald[147]: Received client request to flush runtime journal.
[[0;32m  OK  [0m] Finished [0;1;39mFlush Journal to Persistent Storage[0m.
[[0;32m  OK  [0m] Finished [0;1;39mLoad/Save Random Seed[0m.
[[0;32m  OK  [0m] Finished [0;1;39mApply Kernel Variables[0m.
[[0;32m  OK  [0m] Finished [0;1;39mCreate Static Device Nodes in /dev[0m.
         Starting [0;1;39mRule-based Manage…for Device Events and Files[0m...
[[0;32m  OK  [0m] Started [0;1;39mRule-based Manager for Device Events and Files[0m.
         Starting [0;1;39mAuto-connect to s…E devices found during boot[0m...
[[0;32m  OK  [0m] Finished [0;1;39mAuto-connect to s…VME devices found during boot[0m.
[[0;32m  OK  [0m] Finished [0;1;39mColdplug All udev Devices[0m.
         Starting [0;1;39mWait for udev To …plete Device Initialization[0m...
[[0;32m  OK  [0m] Finished [0;1;39mSetup Virtual Console[0m.
[[0;32m  OK  [0m] Started [0;1;39mDispatch Password …ts to Console Directory Watch[0m.
[[0;32m  OK  [0m] Reached target [0;1;39mLocal Encrypted Volumes[0m.
[[0;32m  OK  [0m] Reached target [0;1;39mPath Units[0m.
[[0;32m  OK  [0m] Found device [0;1;39m/dev/ttyS0[0m.
[[0;32m  OK  [0m] Listening on [0;1;39mLoad/Save RF …itch Status /dev/rfkill Watch[0m.
[[0;32m  OK  [0m] Finished [0;1;39mWait for udev To Complete Device Initialization[0m.
[[0;32m  OK  [0m] Reached target [0;1;39mPreparation for Local File Systems[0m.
[[0;32m  OK  [0m] Reached target [0;1;39mLocal File Systems[0m.
         Starting [0;1;39mTell Plymouth To Write Out Runtime Data[0m...
         Starting [0;1;39mAutomatic Boot Loader Update[0m...
         Starting [0;1;39mCreate Volatile Files and Directories[0m...
[[0;32m  OK  [0m] Finished [0;1;39mTell Plymouth To Write Out Runtime Data[0m.
[[0;32m  OK  [0m] Finished [0;1;39mAutomatic Boot Loader Update[0m.
[[0;32m  OK  [0m] Finished [0;1;39mCreate Volatile Files and Directories[0m.
         Mounting [0;1;39mRPC Pipe File System[0m...
         Starting [0;1;39mSecurity Auditing Service[0m...
         Starting [0;1;39mRPC Bind[0m...
[[0;32m  OK  [0m] Mounted [0;1;39mRPC Pipe File System[0m.
[[0;32m  OK  [0m] Reached target [0;1;39mrpc_pipefs.target[0m.
[[0;32m  OK  [0m] Started [0;1;39mRPC Bind[0m.
[[0;32m  OK  [0m] Started [0;1;39mSecurity Auditing Service[0m.
         Starting [0;1;39mRecord System Boot/Shutdown in UTMP[0m...
[[0;32m  OK  [0m] Finished [0;1;39mRecord System Boot/Shutdown in UTMP[0m.
[[0;32m  OK  [0m] Reached target [0;1;39mSystem Initialization[0m.
[[0;32m  OK  [0m] Started [0;1;39mDaily rotation of log files[0m.
[[0;32m  OK  [0m] Started [0;1;39mUpdates mlocate database every day[0m.
[[0;32m  OK  [0m] Started [0;1;39mDaily Cleanup of Temporary Directories[0m.
[[0;32m  OK  [0m] Started [0;1;39mdaily update of the root trust anchor for DNSSEC[0m.
[[0;32m  OK  [0m] Reached target [0;1;39mTimer Units[0m.
[[0;32m  OK  [0m] Listening on [0;1;39mD-Bus System Message Bus Socket[0m.
[[0;32m  OK  [0m] Listening on [0;1;39mOpen-iSCSI iscsid Socket[0m.
[[0;32m  OK  [0m] Listening on [0;1;39mOpen-iSCSI iscsiuio Socket[0m.
[[0;32m  OK  [0m] Listening on [0;1;39mSSSD Kerberos…ache Manager responder socket[0m.
[[0;32m  OK  [0m] Listening on [0;1;39mLibvirt interface local socket[0m.
[[0;32m  OK  [0m] Listening on [0;1;39mVirtual machine lock manager socket[0m.
[[0;32m  OK  [0m] Listening on [0;1;39mVirtual machine log manager socket[0m.
[[0;32m  OK  [0m] Listening on [0;1;39mLibvirt network local socket[0m.
[[0;32m  OK  [0m] Listening on [0;1;39mLibvirt nodedev local socket[0m.
[[0;32m  OK  [0m] Listening on [0;1;39mLibvirt nwfilter local socket[0m.
[[0;32m  OK  [0m] Listening on [0;1;39mLibvirt proxy local socket[0m.
[[0;32m  OK  [0m] Listening on [0;1;39mLibvirt qemu local socket[0m.
[[0;32m  OK  [0m] Listening on [0;1;39mLibvirt qemu admin socket[0m.
[[0;32m  OK  [0m] Listening on [0;1;39mLibvirt qemu local read-only socket[0m.
[[0;32m  OK  [0m] Listening on [0;1;39mLibvirt secret local socket[0m.
[[0;32m  OK  [0m] Listening on [0;1;39mLibvirt storage local socket[0m.
[[0;32m  OK  [0m] Reached target [0;1;39mSocket Units[0m.
         Starting [0;1;39mD-Bus System Message Bus[0m...
[[0;32m  OK  [0m] Started [0;1;39mD-Bus System Message Bus[0m.
[[0;32m  OK  [0m] Reached target [0;1;39mBasic System[0m.
         Starting [0;1;39mNetwork Manager[0m...
         Starting [0;1;39mNTP client/server[0m...
         Starting [0;1;39mRestore /run/initramfs on shutdown[0m...
[[0;32m  OK  [0m] Started [0;1;39mirqbalance daemon[0m.
[[0;32m  OK  [0m] Started [0;1;39mlibstoragemgmt plug-in server daemon[0m.
[[0;32m  OK  [0m] Started [0;1;39mMachine Check Exception Logging Daemon[0m.
[[0;32m  OK  [0m] Reached target [0;1;39msshd-keygen.target[0m.
[[0;32m  OK  [0m] Reached target [0;1;39mUser and Group Name Lookups[0m.
         Starting [0;1;39mUser Login Management[0m...
         Starting [0;1;39mVirtual Machine a…tainer Registration Service[0m...
         Starting [0;1;39mupdate of the roo…NSSEC validation in unbound[0m...
         Starting [0;1;39mRotate log files[0m...
[[0;32m  OK  [0m] Started [0;1;39mUpdate a database for mlocate[0m.
[[0;32m  OK  [0m] Finished [0;1;39mRestore /run/initramfs on shutdown[0m.
[[0;32m  OK  [0m] Started [0;1;39mNTP client/server[0m.
[[0;32m  OK  [0m] Started [0;1;39mVirtual Machine an…ontainer Registration Service[0m.
         Starting [0;1;39mHostname Service[0m...
[[0;32m  OK  [0m] Started [0;1;39mUser Login Management[0m.
[[0;32m  OK  [0m] Finished [0;1;39mupdate of the roo… DNSSEC validation in unbound[0m.
[[0;32m  OK  [0m] Started [0;1;39mHostname Service[0m.
[[0;32m  OK  [0m] Finished [0;1;39mRotate log files[0m.
         Starting [0;1;39mNetwork Manager Script Dispatcher Service[0m...
[[0;32m  OK  [0m] Started [0;1;39mNetwork Manager Script Dispatcher Service[0m.
[    9.831231] e1000: eth0 NIC Link is Up 1000 Mbps Full Duplex, Flow Control: RX
[[0;32m  OK  [0m] Started [0;1;39mNetwork Manager[0m.
[[0;32m  OK  [0m] Reached target [0;1;39mNetwork[0m.
[[0;32m  OK  [0m] Reached target [0;1;39mNetwork is Online[0m.
         Starting [0;1;39mGSSAPI Proxy Daemon[0m...
         Starting [0;1;39mNotify NFS peers of a restart[0m...
         Starting [0;1;39mSystem Logging Service[0m...
         Starting [0;1;39mOpenSSH server daemon[0m...
         Starting [0;1;39mDynamic System Tuning Daemon[0m...
[[0;32m  OK  [0m] Started [0;1;39mNotify NFS peers of a restart[0m.
[[0;32m  OK  [0m] Started [0;1;39mGSSAPI Proxy Daemon[0m.
[[0;32m  OK  [0m] Reached target [0;1;39mNFS client services[0m.
[[0;32m  OK  [0m] Reached target [0;1;39mPreparation for Remote File Systems[0m.
[[0;32m  OK  [0m] Reached target [0;1;39mRemote File Systems[0m.
         Starting [0;1;39mPermit User Sessions[0m...
         Starting [0;1;39mVirtualization qemu daemon[0m...
[[0;32m  OK  [0m] Started [0;1;39mOpenSSH server daemon[0m.
[[0;32m  OK  [0m] Finished [0;1;39mPermit User Sessions[0m.
[[0;32m  OK  [0m] Started [0;1;39mDeferred execution scheduler[0m.
[[0;32m  OK  [0m] Started [0;1;39mCommand Scheduler[0m.
         Starting [0;1;39mHold until boot process finishes up[0m...
         Starting [0;1;39mTerminate Plymouth Boot Screen[0m...
[[0;32m  OK  [0m] Started [0;1;39mSystem Logging Service[0m.
[[0;32m  OK  [0m] Finished [0;1;39mHold until boot process finishes up[0m.
[[0;32m  OK  [0m] Finished [0;1;39mTerminate Plymouth Boot Screen[0m.
[[0;32m  OK  [0m] Started [0;1;39mGetty on tty1[0m.
[[0;32m  OK  [0m] Started [0;1;39mSerial Getty on ttyS0[0m.
[[0;32m  OK  [0m] Reached target [0;1;39mLogin Prompts[0m.
[[0;32m  OK  [0m] Started [0;1;39mVirtualization qemu daemon[0m.
         Starting [0;1;39mAuthorization Manager[0m...
[[0;32m  OK  [0m] Started [0;1;39mAuthorization Manager[0m.
[[0;32m  OK  [0m] Started [0;1;39mDynamic System Tuning Daemon[0m.
[[0;32m  OK  [0m] Reached target [0;1;39mMulti-User System[0m.
         Starting [0;1;39mRecord Runlevel Change in UTMP[0m...
[[0;32m  OK  [0m] Finished [0;1;39mRecord Runlevel Change in UTMP[0m.

CentOS Stream 9
Kernel 6.10.0-rc1-5af42f928f3a+ on an x86_64

Activate the web console with: systemctl enable --now cockpit.socket

test login: [  300.439254] INFO: task repro:729 blocked for more than 147 seconds.
[  300.439798]       Not tainted 6.10.0-rc1-5af42f928f3a+ #1
[  300.440198] "echo 0 > /proc/sys/kernel/hung_task_timeout_secs" disables this message.
[  300.440762] task:repro           state:D stack:0     pid:729   tgid:729   ppid:728    flags:0x00004002
[  300.441459] Call Trace:
[  300.441661]  <TASK>
[  300.441841]  __schedule+0xba3/0x3120
[  300.442163]  ? __pfx___schedule+0x10/0x10
[  300.442473]  ? lock_release+0x418/0x840
[  300.442789]  ? __pfx_lock_release+0x10/0x10
[  300.443285]  ? __might_sleep+0xa3/0x170
[  300.443603]  schedule+0xf6/0x3f0
[  300.443866]  _free_event+0x53b/0x14c0
[  300.444164]  perf_event_release_kernel+0x5fc/0x810
[  300.444527]  ? __pfx_perf_event_release_kernel+0x10/0x10
[  300.444918]  ? __this_cpu_preempt_check+0x21/0x30
[  300.445278]  ? __sanitizer_cov_trace_const_cmp2+0x1c/0x30
[  300.445727]  ? evm_file_release+0x193/0x1f0
[  300.445963]  ? __pfx_perf_release+0x10/0x10
[  300.446180]  perf_release+0x40/0x60
[  300.446365]  __fput+0x426/0xbc0
[  300.446544]  ____fput+0x1f/0x30
[  300.446713]  task_work_run+0x19c/0x2b0
[  300.446915]  ? __pfx_task_work_run+0x10/0x10
[  300.447171]  ? __sanitizer_cov_trace_const_cmp4+0x1a/0x20
[  300.447448]  ? switch_task_namespaces+0xd8/0x130
[  300.447693]  do_exit+0xaf2/0x29f0
[  300.447872]  ? lockdep_hardirqs_on+0x89/0x110
[  300.448109]  ? __pfx_do_exit+0x10/0x10
[  300.448313]  do_group_exit+0xe4/0x2c0
[  300.448508]  get_signal+0x2387/0x2460
[  300.448711]  ? __pfx_get_signal+0x10/0x10
[  300.448926]  arch_do_signal_or_restart+0x8e/0x7d0
[  300.449173]  ? blkcg_maybe_throttle_current+0x81/0xef0
[  300.449442]  ? __pfx_arch_do_signal_or_restart+0x10/0x10
[  300.449724]  ? __this_cpu_preempt_check+0x21/0x30
[  300.449967]  ? syscall_exit_to_user_mode+0x10f/0x200
[  300.450225]  syscall_exit_to_user_mode+0x144/0x200
[  300.450473]  do_syscall_64+0x79/0x140
[  300.450669]  entry_SYSCALL_64_after_hwframe+0x76/0x7e
[  300.450933] RIP: 0033:0x7f4e37c3ee5d
[  300.451139] RSP: 002b:00007ffdce1e3a58 EFLAGS: 00000206 ORIG_RAX: 000000000000012a
[  300.451519] RAX: 0000000000000003 RBX: 0000000000000000 RCX: 00007f4e37c3ee5d
[  300.451872] RDX: 00000000ffffffff RSI: 0000000000000000 RDI: 0000000020000240
[  300.452228] RBP: 00007ffdce1e3a60 R08: 0000000000000008 R09: 00007ffdce1e3a90
[  300.452580] R10: 00000000ffffffff R11: 0000000000000206 R12: 00007ffdce1e3bb8
[  300.452933] R13: 0000000000401b49 R14: 0000000000403e08 R15: 00007f4e37f41000
[  300.453298]  </TASK>
[  300.453420] 
[  300.453420] Showing all locks held in the system:
[  300.453731] 1 lock held by khungtaskd/33:
[  300.453938]  #0: ffffffff86e58b60 (rcu_read_lock){....}-{1:2}, at: debug_show_all_locks+0x71/0x370
[  300.454402] 
[  300.454488] =============================================
[  300.454488] 
[  316.823330] EXT4-fs (sda): error count since last fsck: 8
[  316.823858] EXT4-fs (sda): initial error at time 1699515630: ext4_mb_release_inode_pa:5364
[  316.824278] EXT4-fs (sda): last error at time 1699515808: mb_free_blocks:1917: block 1286144
[  447.895252] INFO: task repro:729 blocked for more than 294 seconds.
[  447.895726]       Not tainted 6.10.0-rc1-5af42f928f3a+ #1
[  447.896120] "echo 0 > /proc/sys/kernel/hung_task_timeout_secs" disables this message.
[  447.896675] task:repro           state:D stack:0     pid:729   tgid:729   ppid:728    flags:0x00004002
[  447.897342] Call Trace:
[  447.897533]  <TASK>
[  447.897720]  __schedule+0xba3/0x3120
[  447.898011]  ? __pfx___schedule+0x10/0x10
[  447.898317]  ? lock_release+0x418/0x840
[  447.898619]  ? __pfx_lock_release+0x10/0x10
[  447.898942]  ? __might_sleep+0xa3/0x170
[  447.899275]  schedule+0xf6/0x3f0
[  447.899537]  _free_event+0x53b/0x14c0
[  447.899827]  perf_event_release_kernel+0x5fc/0x810
[  447.900193]  ? __pfx_perf_event_release_kernel+0x10/0x10
[  447.900589]  ? __this_cpu_preempt_check+0x21/0x30
[  447.900946]  ? __sanitizer_cov_trace_const_cmp2+0x1c/0x30
[  447.901348]  ? evm_file_release+0x193/0x1f0
[  447.901673]  ? __pfx_perf_release+0x10/0x10
[  447.901996]  perf_release+0x40/0x60
[  447.902194]  __fput+0x426/0xbc0
[  447.902376]  ____fput+0x1f/0x30
[  447.902548]  task_work_run+0x19c/0x2b0
[  447.902755]  ? __pfx_task_work_run+0x10/0x10
[  447.902984]  ? __sanitizer_cov_trace_const_cmp4+0x1a/0x20
[  447.903298]  ? switch_task_namespaces+0xd8/0x130
[  447.903547]  do_exit+0xaf2/0x29f0
[  447.903729]  ? lockdep_hardirqs_on+0x89/0x110
[  447.903969]  ? __pfx_do_exit+0x10/0x10
[  447.904178]  do_group_exit+0xe4/0x2c0
[  447.904378]  get_signal+0x2387/0x2460
[  447.904584]  ? __pfx_get_signal+0x10/0x10
[  447.904804]  arch_do_signal_or_restart+0x8e/0x7d0
[  447.905058]  ? blkcg_maybe_throttle_current+0x81/0xef0
[  447.905328]  ? __pfx_arch_do_signal_or_restart+0x10/0x10
[  447.905616]  ? __this_cpu_preempt_check+0x21/0x30
[  447.905867]  ? syscall_exit_to_user_mode+0x10f/0x200
[  447.906131]  syscall_exit_to_user_mode+0x144/0x200
[  447.906386]  do_syscall_64+0x79/0x140
[  447.906585]  entry_SYSCALL_64_after_hwframe+0x76/0x7e
[  447.906849] RIP: 0033:0x7f4e37c3ee5d
[  447.907042] RSP: 002b:00007ffdce1e3a58 EFLAGS: 00000206 ORIG_RAX: 000000000000012a
[  447.907444] RAX: 0000000000000003 RBX: 0000000000000000 RCX: 00007f4e37c3ee5d
[  447.907805] RDX: 00000000ffffffff RSI: 0000000000000000 RDI: 0000000020000240
[  447.908166] RBP: 00007ffdce1e3a60 R08: 0000000000000008 R09: 00007ffdce1e3a90
[  447.908527] R10: 00000000ffffffff R11: 0000000000000206 R12: 00007ffdce1e3bb8
[  447.908888] R13: 0000000000401b49 R14: 0000000000403e08 R15: 00007f4e37f41000
[  447.909262]  </TASK>
[  447.909384] 
[  447.909384] Showing all locks held in the system:
[  447.909696] 1 lock held by khungtaskd/33:
[  447.909906]  #0: ffffffff86e58b60 (rcu_read_lock){....}-{1:2}, at: debug_show_all_locks+0x71/0x370
[  447.910386] 
[  447.910474] =============================================
[  447.910474] 
[  595.351394] INFO: task repro:729 blocked for more than 442 seconds.
[  595.351907]       Not tainted 6.10.0-rc1-5af42f928f3a+ #1
[  595.352317] "echo 0 > /proc/sys/kernel/hung_task_timeout_secs" disables this message.
[  595.352893] task:repro           state:D stack:0     pid:729   tgid:729   ppid:728    flags:0x00004002
[  595.353590] Call Trace:
[  595.353790]  <TASK>
[  595.354095]  __schedule+0xba3/0x3120
[  595.354301]  ? __pfx___schedule+0x10/0x10
[  595.354513]  ? lock_release+0x418/0x840
[  595.354722]  ? __pfx_lock_release+0x10/0x10
[  595.354945]  ? __might_sleep+0xa3/0x170
[  595.355188]  schedule+0xf6/0x3f0
[  595.355365]  _free_event+0x53b/0x14c0
[  595.355566]  perf_event_release_kernel+0x5fc/0x810
[  595.355819]  ? __pfx_perf_event_release_kernel+0x10/0x10
[  595.356091]  ? __this_cpu_preempt_check+0x21/0x30
[  595.356338]  ? __sanitizer_cov_trace_const_cmp2+0x1c/0x30
[  595.356616]  ? evm_file_release+0x193/0x1f0
[  595.356839]  ? __pfx_perf_release+0x10/0x10
[  595.357056]  perf_release+0x40/0x60
[  595.357242]  __fput+0x426/0xbc0
[  595.357420]  ____fput+0x1f/0x30
[  595.357590]  task_work_run+0x19c/0x2b0
[  595.357794]  ? __pfx_task_work_run+0x10/0x10
[  595.358025]  ? __sanitizer_cov_trace_const_cmp4+0x1a/0x20
[  595.358303]  ? switch_task_namespaces+0xd8/0x130
[  595.358549]  do_exit+0xaf2/0x29f0
[  595.358729]  ? lockdep_hardirqs_on+0x89/0x110
[  595.358964]  ? __pfx_do_exit+0x10/0x10
[  595.359189]  do_group_exit+0xe4/0x2c0
[  595.359386]  get_signal+0x2387/0x2460
[  595.359589]  ? __pfx_get_signal+0x10/0x10
[  595.359805]  arch_do_signal_or_restart+0x8e/0x7d0
[  595.360054]  ? blkcg_maybe_throttle_current+0x81/0xef0
[  595.360320]  ? __pfx_arch_do_signal_or_restart+0x10/0x10
[  595.360604]  ? __this_cpu_preempt_check+0x21/0x30
[  595.360848]  ? syscall_exit_to_user_mode+0x10f/0x200
[  595.361109]  syscall_exit_to_user_mode+0x144/0x200
[  595.361360]  do_syscall_64+0x79/0x140
[  595.361558]  entry_SYSCALL_64_after_hwframe+0x76/0x7e
[  595.361819] RIP: 0033:0x7f4e37c3ee5d
[  595.362010] RSP: 002b:00007ffdce1e3a58 EFLAGS: 00000206 ORIG_RAX: 000000000000012a
[  595.362389] RAX: 0000000000000003 RBX: 0000000000000000 RCX: 00007f4e37c3ee5d
[  595.362744] RDX: 00000000ffffffff RSI: 0000000000000000 RDI: 0000000020000240
[  595.363114] RBP: 00007ffdce1e3a60 R08: 0000000000000008 R09: 00007ffdce1e3a90
[  595.363469] R10: 00000000ffffffff R11: 0000000000000206 R12: 00007ffdce1e3bb8
[  595.363825] R13: 0000000000401b49 R14: 0000000000403e08 R15: 00007f4e37f41000
[  595.364192]  </TASK>
[  595.364313] 
[  595.364313] Showing all locks held in the system:
[  595.364626] 1 lock held by khungtaskd/33:
[  595.364832]  #0: ffffffff86e58b60 (rcu_read_lock){....}-{1:2}, at: debug_show_all_locks+0x71/0x370
[  595.365307] 
[  595.365394] =============================================
[  595.365394] 
[  742.807281] INFO: task repro:729 blocked for more than 589 seconds.
[  742.807821]       Not tainted 6.10.0-rc1-5af42f928f3a+ #1
[  742.808236] "echo 0 > /proc/sys/kernel/hung_task_timeout_secs" disables this message.
[  742.808825] task:repro           state:D stack:0     pid:729   tgid:729   ppid:728    flags:0x00004002
[  742.809528] Call Trace:
[  742.809727]  <TASK>
[  742.809910]  __schedule+0xba3/0x3120
[  742.810322]  ? __pfx___schedule+0x10/0x10
[  742.810545]  ? lock_release+0x418/0x840
[  742.810755]  ? __pfx_lock_release+0x10/0x10
[  742.810977]  ? __might_sleep+0xa3/0x170
[  742.811241]  schedule+0xf6/0x3f0
[  742.811418]  _free_event+0x53b/0x14c0
[  742.811618]  perf_event_release_kernel+0x5fc/0x810
[  742.811871]  ? __pfx_perf_event_release_kernel+0x10/0x10
[  742.812142]  ? __this_cpu_preempt_check+0x21/0x30
[  742.812387]  ? __sanitizer_cov_trace_const_cmp2+0x1c/0x30
[  742.812663]  ? evm_file_release+0x193/0x1f0
[  742.812885]  ? __pfx_perf_release+0x10/0x10
[  742.813101]  perf_release+0x40/0x60
[  742.813286]  __fput+0x426/0xbc0
[  742.813462]  ____fput+0x1f/0x30
[  742.813632]  task_work_run+0x19c/0x2b0
[  742.813833]  ? __pfx_task_work_run+0x10/0x10
[  742.814060]  ? __sanitizer_cov_trace_const_cmp4+0x1a/0x20
[  742.814337]  ? switch_task_namespaces+0xd8/0x130
[  742.814580]  do_exit+0xaf2/0x29f0
[  742.814757]  ? lockdep_hardirqs_on+0x89/0x110
[  742.814997]  ? __pfx_do_exit+0x10/0x10
[  742.815217]  do_group_exit+0xe4/0x2c0
[  742.815414]  get_signal+0x2387/0x2460
[  742.815616]  ? __pfx_get_signal+0x10/0x10
[  742.815832]  arch_do_signal_or_restart+0x8e/0x7d0
[  742.816077]  ? blkcg_maybe_throttle_current+0x81/0xef0
[  742.816341]  ? __pfx_arch_do_signal_or_restart+0x10/0x10
[  742.816625]  ? __this_cpu_preempt_check+0x21/0x30
[  742.816868]  ? syscall_exit_to_user_mode+0x10f/0x200
[  742.817126]  syscall_exit_to_user_mode+0x144/0x200
[  742.817376]  do_syscall_64+0x79/0x140
[  742.817571]  entry_SYSCALL_64_after_hwframe+0x76/0x7e
[  742.817828] RIP: 0033:0x7f4e37c3ee5d
[  742.818016] RSP: 002b:00007ffdce1e3a58 EFLAGS: 00000206 ORIG_RAX: 000000000000012a
[  742.818396] RAX: 0000000000000003 RBX: 0000000000000000 RCX: 00007f4e37c3ee5d
[  742.818750] RDX: 00000000ffffffff RSI: 0000000000000000 RDI: 0000000020000240
[  742.819117] RBP: 00007ffdce1e3a60 R08: 0000000000000008 R09: 00007ffdce1e3a90
[  742.819472] R10: 00000000ffffffff R11: 0000000000000206 R12: 00007ffdce1e3bb8
[  742.819827] R13: 0000000000401b49 R14: 0000000000403e08 R15: 00007f4e37f41000
[  742.820194]  </TASK>
[  742.820314] 
[  742.820314] Showing all locks held in the system:
[  742.820626] 1 lock held by khungtaskd/33:
[  742.820833]  #0: ffffffff86e58b60 (rcu_read_lock){....}-{1:2}, at: debug_show_all_locks+0x71/0x370
[  742.821301] 
[  742.821388] =============================================
[  742.821388] 
[  890.263251] INFO: task repro:729 blocked for more than 737 seconds.
[  890.263760]       Not tainted 6.10.0-rc1-5af42f928f3a+ #1
[  890.264169] "echo 0 > /proc/sys/kernel/hung_task_timeout_secs" disables this message.
[  890.264745] task:repro           state:D stack:0     pid:729   tgid:729   ppid:728    flags:0x00004002
[  890.265439] Call Trace:
[  890.265639]  <TASK>
[  890.265822]  __schedule+0xba3/0x3120
[  890.266126]  ? __pfx___schedule+0x10/0x10
[  890.266454]  ? lock_release+0x418/0x840
[  890.266769]  ? __pfx_lock_release+0x10/0x10
[  890.267151]  ? __might_sleep+0xa3/0x170
[  890.267472]  schedule+0xf6/0x3f0
[  890.267745]  _free_event+0x53b/0x14c0
[  890.268049]  perf_event_release_kernel+0x5fc/0x810
[  890.268433]  ? __pfx_perf_event_release_kernel+0x10/0x10
[  890.268847]  ? __this_cpu_preempt_check+0x21/0x30
[  890.269221]  ? __sanitizer_cov_trace_const_cmp2+0x1c/0x30
[  890.269641]  ? evm_file_release+0x193/0x1f0
[  890.269979]  ? __pfx_perf_release+0x10/0x10
[  890.270314]  perf_release+0x40/0x60
[  890.270598]  __fput+0x426/0xbc0
[  890.270867]  ____fput+0x1f/0x30
[  890.271162]  task_work_run+0x19c/0x2b0
[  890.271474]  ? __pfx_task_work_run+0x10/0x10
[  890.271818]  ? __sanitizer_cov_trace_const_cmp4+0x1a/0x20
[  890.272241]  ? switch_task_namespaces+0xd8/0x130
[  890.272613]  do_exit+0xaf2/0x29f0
[  890.272884]  ? lockdep_hardirqs_on+0x89/0x110
[  890.273242]  ? __pfx_do_exit+0x10/0x10
[  890.273554]  do_group_exit+0xe4/0x2c0
[  890.273853]  get_signal+0x2387/0x2460
[  890.274161]  ? __pfx_get_signal+0x10/0x10
[  890.274496]  arch_do_signal_or_restart+0x8e/0x7d0
[  890.274872]  ? blkcg_maybe_throttle_current+0x81/0xef0
[  890.275301]  ? __pfx_arch_do_signal_or_restart+0x10/0x10
[  890.275735]  ? __this_cpu_preempt_check+0x21/0x30
[  890.276112]  ? syscall_exit_to_user_mode+0x10f/0x200
[  890.276496]  syscall_exit_to_user_mode+0x144/0x200
[  890.276878]  do_syscall_64+0x79/0x140
[  890.277177]  entry_SYSCALL_64_after_hwframe+0x76/0x7e
[  890.277569] RIP: 0033:0x7f4e37c3ee5d
[  890.277856] RSP: 002b:00007ffdce1e3a58 EFLAGS: 00000206 ORIG_RAX: 000000000000012a
[  890.278431] RAX: 0000000000000003 RBX: 0000000000000000 RCX: 00007f4e37c3ee5d
[  890.278966] RDX: 00000000ffffffff RSI: 0000000000000000 RDI: 0000000020000240
[  890.279529] RBP: 00007ffdce1e3a60 R08: 0000000000000008 R09: 00007ffdce1e3a90
[  890.280071] R10: 00000000ffffffff R11: 0000000000000206 R12: 00007ffdce1e3bb8
[  890.280603] R13: 0000000000401b49 R14: 0000000000403e08 R15: 00007f4e37f41000
[  890.281155]  </TASK>
[  890.281338] 
[  890.281338] Showing all locks held in the system:
[  890.281807] 1 lock held by khungtaskd/33:
[  890.282120]  #0: ffffffff86e58b60 (rcu_read_lock){....}-{1:2}, at: debug_show_all_locks+0x71/0x370
[  890.282839] 
[  890.282976] =============================================
[  890.282976] 
[ 1037.719202] INFO: task repro:729 blocked for more than 884 seconds.
[ 1037.719694]       Not tainted 6.10.0-rc1-5af42f928f3a+ #1
[ 1037.720086] "echo 0 > /proc/sys/kernel/hung_task_timeout_secs" disables this message.
[ 1037.720650] task:repro           state:D stack:0     pid:729   tgid:729   ppid:728    flags:0x00004002
[ 1037.721314] Call Trace:
[ 1037.721514]  <TASK>
[ 1037.721693]  __schedule+0xba3/0x3120
[ 1037.721982]  ? __pfx___schedule+0x10/0x10
[ 1037.722286]  ? lock_release+0x418/0x840
[ 1037.722612]  ? __pfx_lock_release+0x10/0x10
[ 1037.722953]  ? __might_sleep+0xa3/0x170
[ 1037.723318]  schedule+0xf6/0x3f0
[ 1037.723594]  _free_event+0x53b/0x14c0
[ 1037.723899]  perf_event_release_kernel+0x5fc/0x810
[ 1037.724281]  ? __pfx_perf_event_release_kernel+0x10/0x10
[ 1037.724699]  ? __this_cpu_preempt_check+0x21/0x30
[ 1037.725071]  ? __sanitizer_cov_trace_const_cmp2+0x1c/0x30
[ 1037.725491]  ? evm_file_release+0x193/0x1f0
[ 1037.725827]  ? __pfx_perf_release+0x10/0x10
[ 1037.726156]  perf_release+0x40/0x60
[ 1037.726439]  __fput+0x426/0xbc0
[ 1037.726711]  ____fput+0x1f/0x30
[ 1037.726970]  task_work_run+0x19c/0x2b0
[ 1037.727301]  ? __pfx_task_work_run+0x10/0x10
[ 1037.727646]  ? __sanitizer_cov_trace_const_cmp4+0x1a/0x20
[ 1037.728067]  ? switch_task_namespaces+0xd8/0x130
[ 1037.728437]  do_exit+0xaf2/0x29f0
[ 1037.728708]  ? lockdep_hardirqs_on+0x89/0x110
[ 1037.729064]  ? __pfx_do_exit+0x10/0x10
[ 1037.729374]  do_group_exit+0xe4/0x2c0
[ 1037.729671]  get_signal+0x2387/0x2460
[ 1037.729978]  ? __pfx_get_signal+0x10/0x10
[ 1037.730305]  arch_do_signal_or_restart+0x8e/0x7d0
[ 1037.730682]  ? blkcg_maybe_throttle_current+0x81/0xef0
[ 1037.731107]  ? __pfx_arch_do_signal_or_restart+0x10/0x10
[ 1037.731537]  ? __this_cpu_preempt_check+0x21/0x30
[ 1037.731908]  ? syscall_exit_to_user_mode+0x10f/0x200
[ 1037.732302]  syscall_exit_to_user_mode+0x144/0x200
[ 1037.732684]  do_syscall_64+0x79/0x140
[ 1037.732982]  entry_SYSCALL_64_after_hwframe+0x76/0x7e
[ 1037.733374] RIP: 0033:0x7f4e37c3ee5d
[ 1037.733661] RSP: 002b:00007ffdce1e3a58 EFLAGS: 00000206 ORIG_RAX: 000000000000012a
[ 1037.734231] RAX: 0000000000000003 RBX: 0000000000000000 RCX: 00007f4e37c3ee5d
[ 1037.734770] RDX: 00000000ffffffff RSI: 0000000000000000 RDI: 0000000020000240
[ 1037.735323] RBP: 00007ffdce1e3a60 R08: 0000000000000008 R09: 00007ffdce1e3a90
[ 1037.735857] R10: 00000000ffffffff R11: 0000000000000206 R12: 00007ffdce1e3bb8
[ 1037.736394] R13: 0000000000401b49 R14: 0000000000403e08 R15: 00007f4e37f41000
[ 1037.736947]  </TASK>
[ 1037.737130] 
[ 1037.737130] Showing all locks held in the system:
[ 1037.737598] 1 lock held by khungtaskd/33:
[ 1037.737909]  #0: ffffffff86e58b60 (rcu_read_lock){....}-{1:2}, at: debug_show_all_locks+0x71/0x370
[ 1037.738698] 
[ 1037.738789] =============================================
[ 1037.738789] 
[ 1185.175217] INFO: task repro:729 blocked for more than 1032 seconds.
[ 1185.175570]       Not tainted 6.10.0-rc1-5af42f928f3a+ #1
[ 1185.175847] "echo 0 > /proc/sys/kernel/hung_task_timeout_secs" disables this message.
[ 1185.176237] task:repro           state:D stack:0     pid:729   tgid:729   ppid:728    flags:0x00004002
[ 1185.176708] Call Trace:
[ 1185.176841]  <TASK>
[ 1185.176963]  __schedule+0xba3/0x3120
[ 1185.177167]  ? __pfx___schedule+0x10/0x10
[ 1185.177379]  ? lock_release+0x418/0x840
[ 1185.177593]  ? __pfx_lock_release+0x10/0x10
[ 1185.177814]  ? __might_sleep+0xa3/0x170
[ 1185.178020]  schedule+0xf6/0x3f0
[ 1185.178196]  _free_event+0x53b/0x14c0
[ 1185.178395]  perf_event_release_kernel+0x5fc/0x810
[ 1185.178646]  ? __pfx_perf_event_release_kernel+0x10/0x10
[ 1185.178923]  ? __this_cpu_preempt_check+0x21/0x30
[ 1185.179195]  ? __sanitizer_cov_trace_const_cmp2+0x1c/0x30
[ 1185.179472]  ? evm_file_release+0x193/0x1f0
[ 1185.179693]  ? __pfx_perf_release+0x10/0x10
[ 1185.179909]  perf_release+0x40/0x60
[ 1185.180093]  __fput+0x426/0xbc0
[ 1185.180270]  ____fput+0x1f/0x30
[ 1185.180439]  task_work_run+0x19c/0x2b0
[ 1185.180641]  ? __pfx_task_work_run+0x10/0x10
[ 1185.180865]  ? __sanitizer_cov_trace_const_cmp4+0x1a/0x20
[ 1185.181140]  ? switch_task_namespaces+0xd8/0x130
[ 1185.181384]  do_exit+0xaf2/0x29f0
[ 1185.181561]  ? lockdep_hardirqs_on+0x89/0x110
[ 1185.181795]  ? __pfx_do_exit+0x10/0x10
[ 1185.181999]  do_group_exit+0xe4/0x2c0
[ 1185.182197]  get_signal+0x2387/0x2460
[ 1185.182399]  ? __pfx_get_signal+0x10/0x10
[ 1185.182614]  arch_do_signal_or_restart+0x8e/0x7d0
[ 1185.182861]  ? blkcg_maybe_throttle_current+0x81/0xef0
[ 1185.183144]  ? __pfx_arch_do_signal_or_restart+0x10/0x10
[ 1185.183426]  ? __this_cpu_preempt_check+0x21/0x30
[ 1185.183669]  ? syscall_exit_to_user_mode+0x10f/0x200
[ 1185.183927]  syscall_exit_to_user_mode+0x144/0x200
[ 1185.184176]  do_syscall_64+0x79/0x140
[ 1185.184371]  entry_SYSCALL_64_after_hwframe+0x76/0x7e
[ 1185.184630] RIP: 0033:0x7f4e37c3ee5d
[ 1185.184817] RSP: 002b:00007ffdce1e3a58 EFLAGS: 00000206 ORIG_RAX: 000000000000012a
[ 1185.185194] RAX: 0000000000000003 RBX: 0000000000000000 RCX: 00007f4e37c3ee5d
[ 1185.185546] RDX: 00000000ffffffff RSI: 0000000000000000 RDI: 0000000020000240
[ 1185.185899] RBP: 00007ffdce1e3a60 R08: 0000000000000008 R09: 00007ffdce1e3a90
[ 1185.186252] R10: 00000000ffffffff R11: 0000000000000206 R12: 00007ffdce1e3bb8
[ 1185.186605] R13: 0000000000401b49 R14: 0000000000403e08 R15: 00007f4e37f41000
[ 1185.186972]  </TASK>
[ 1185.187107] 
[ 1185.187107] Showing all locks held in the system:
[ 1185.187416] 1 lock held by khungtaskd/33:
[ 1185.187621]  #0: ffffffff86e58b60 (rcu_read_lock){....}-{1:2}, at: debug_show_all_locks+0x71/0x370
[ 1185.188086] 
[ 1185.188172] =============================================
[ 1185.188172] 
[ 1332.631263] INFO: task repro:729 blocked for more than 1179 seconds.
[ 1332.632479]       Not tainted 6.10.0-rc1-5af42f928f3a+ #1
[ 1332.633466] "echo 0 > /proc/sys/kernel/hung_task_timeout_secs" disables this message.
[ 1332.634841] task:repro           state:D stack:0     pid:729   tgid:729   ppid:728    flags:0x00004002
[ 1332.636523] Call Trace:
[ 1332.636960]  <TASK>
[ 1332.637355]  __schedule+0xba3/0x3120
[ 1332.638009]  ? __pfx___schedule+0x10/0x10
[ 1332.638694]  ? lock_release+0x418/0x840
[ 1332.639456]  ? __pfx_lock_release+0x10/0x10
[ 1332.640187]  ? __might_sleep+0xa3/0x170
[ 1332.640864]  schedule+0xf6/0x3f0
[ 1332.641318]  _free_event+0x53b/0x14c0
[ 1332.641517]  perf_event_release_kernel+0x5fc/0x810
[ 1332.641768]  ? __pfx_perf_event_release_kernel+0x10/0x10
[ 1332.642039]  ? __this_cpu_preempt_check+0x21/0x30
[ 1332.642285]  ? __sanitizer_cov_trace_const_cmp2+0x1c/0x30
[ 1332.642556]  ? evm_file_release+0x193/0x1f0
[ 1332.642770]  ? __pfx_perf_release+0x10/0x10
[ 1332.642984]  perf_release+0x40/0x60
[ 1332.643175]  __fput+0x426/0xbc0
[ 1332.643348]  ____fput+0x1f/0x30
[ 1332.643513]  task_work_run+0x19c/0x2b0
[ 1332.643710]  ? __pfx_task_work_run+0x10/0x10
[ 1332.643928]  ? __sanitizer_cov_trace_const_cmp4+0x1a/0x20
[ 1332.644197]  ? switch_task_namespaces+0xd8/0x130
[ 1332.644435]  do_exit+0xaf2/0x29f0
[ 1332.644607]  ? lockdep_hardirqs_on+0x89/0x110
[ 1332.644836]  ? __pfx_do_exit+0x10/0x10
[ 1332.645035]  do_group_exit+0xe4/0x2c0
[ 1332.645226]  get_signal+0x2387/0x2460
[ 1332.645423]  ? __pfx_get_signal+0x10/0x10
[ 1332.645640]  arch_do_signal_or_restart+0x8e/0x7d0
[ 1332.645878]  ? blkcg_maybe_throttle_current+0x81/0xef0
[ 1332.646135]  ? __pfx_arch_do_signal_or_restart+0x10/0x10
[ 1332.646409]  ? __this_cpu_preempt_check+0x21/0x30
[ 1332.646646]  ? syscall_exit_to_user_mode+0x10f/0x200
[ 1332.646898]  syscall_exit_to_user_mode+0x144/0x200
[ 1332.647157]  do_syscall_64+0x79/0x140
[ 1332.647348]  entry_SYSCALL_64_after_hwframe+0x76/0x7e
[ 1332.647600] RIP: 0033:0x7f4e37c3ee5d
[ 1332.647783] RSP: 002b:00007ffdce1e3a58 EFLAGS: 00000206 ORIG_RAX: 000000000000012a
[ 1332.648151] RAX: 0000000000000003 RBX: 0000000000000000 RCX: 00007f4e37c3ee5d
[ 1332.648495] RDX: 00000000ffffffff RSI: 0000000000000000 RDI: 0000000020000240
[ 1332.648840] RBP: 00007ffdce1e3a60 R08: 0000000000000008 R09: 00007ffdce1e3a90
[ 1332.649184] R10: 00000000ffffffff R11: 0000000000000206 R12: 00007ffdce1e3bb8
[ 1332.649528] R13: 0000000000401b49 R14: 0000000000403e08 R15: 00007f4e37f41000
[ 1332.649884]  </TASK>
[ 1332.650000] 
[ 1332.650000] Showing all locks held in the system:
[ 1332.650303] 1 lock held by khungtaskd/33:
[ 1332.650504]  #0: ffffffff86e58b60 (rcu_read_lock){....}-{1:2}, at: debug_show_all_locks+0x71/0x370
[ 1332.650963] 
[ 1332.651060] =============================================
[ 1332.651060] 
[ 1480.087183] INFO: task repro:729 blocked for more than 1327 seconds.
[ 1480.087563]       Not tainted 6.10.0-rc1-5af42f928f3a+ #1
[ 1480.087862] "echo 0 > /proc/sys/kernel/hung_task_timeout_secs" disables this message.
[ 1480.088289] task:repro           state:D stack:0     pid:729   tgid:729   ppid:728    flags:0x00004002
[ 1480.088797] Call Trace:
[ 1480.088941]  <TASK>
[ 1480.089074]  __schedule+0xba3/0x3120
[ 1480.089294]  ? __pfx___schedule+0x10/0x10
[ 1480.089523]  ? lock_release+0x418/0x840
[ 1480.089743]  ? __pfx_lock_release+0x10/0x10
[ 1480.089980]  ? __might_sleep+0xa3/0x170
[ 1480.090201]  schedule+0xf6/0x3f0
[ 1480.090389]  _free_event+0x53b/0x14c0
[ 1480.090603]  perf_event_release_kernel+0x5fc/0x810
[ 1480.090872]  ? __pfx_perf_event_release_kernel+0x10/0x10
[ 1480.091201]  ? __this_cpu_preempt_check+0x21/0x30
[ 1480.091464]  ? __sanitizer_cov_trace_const_cmp2+0x1c/0x30
[ 1480.091760]  ? evm_file_release+0x193/0x1f0
[ 1480.091997]  ? __pfx_perf_release+0x10/0x10
[ 1480.092229]  perf_release+0x40/0x60
[ 1480.092427]  __fput+0x426/0xbc0
[ 1480.092617]  ____fput+0x1f/0x30
[ 1480.092794]  task_work_run+0x19c/0x2b0
[ 1480.093006]  ? __pfx_task_work_run+0x10/0x10
[ 1480.093240]  ? __sanitizer_cov_trace_const_cmp4+0x1a/0x20
[ 1480.093529]  ? switch_task_namespaces+0xd8/0x130
[ 1480.093783]  do_exit+0xaf2/0x29f0
[ 1480.093968]  ? lockdep_hardirqs_on+0x89/0x110
[ 1480.094213]  ? __pfx_do_exit+0x10/0x10
[ 1480.094427]  do_group_exit+0xe4/0x2c0
[ 1480.094632]  get_signal+0x2387/0x2460
[ 1480.094843]  ? __pfx_get_signal+0x10/0x10
[ 1480.095092]  arch_do_signal_or_restart+0x8e/0x7d0
[ 1480.095462]  ? blkcg_maybe_throttle_current+0x81/0xef0
[ 1480.095764]  ? __pfx_arch_do_signal_or_restart+0x10/0x10
[ 1480.096062]  ? __this_cpu_preempt_check+0x21/0x30
[ 1480.096316]  ? syscall_exit_to_user_mode+0x10f/0x200
[ 1480.096588]  syscall_exit_to_user_mode+0x144/0x200
[ 1480.096849]  do_syscall_64+0x79/0x140
[ 1480.097054]  entry_SYSCALL_64_after_hwframe+0x76/0x7e
[ 1480.097323] RIP: 0033:0x7f4e37c3ee5d
[ 1480.097520] RSP: 002b:00007ffdce1e3a58 EFLAGS: 00000206 ORIG_RAX: 000000000000012a
[ 1480.097921] RAX: 0000000000000003 RBX: 0000000000000000 RCX: 00007f4e37c3ee5d
[ 1480.098291] RDX: 00000000ffffffff RSI: 0000000000000000 RDI: 0000000020000240
[ 1480.098660] RBP: 00007ffdce1e3a60 R08: 0000000000000008 R09: 00007ffdce1e3a90
[ 1480.099030] R10: 00000000ffffffff R11: 0000000000000206 R12: 00007ffdce1e3bb8
[ 1480.099430] R13: 0000000000401b49 R14: 0000000000403e08 R15: 00007f4e37f41000
[ 1480.099813]  </TASK>
[ 1480.099939] 
[ 1480.099939] Showing all locks held in the system:
[ 1480.100264] 1 lock held by khungtaskd/33:
[ 1480.100479]  #0: ffffffff86e58b60 (rcu_read_lock){....}-{1:2}, at: debug_show_all_locks+0x71/0x370
[ 1480.100968] 
[ 1480.101057] =============================================
[ 1480.101057] 
[ 1627.543182] INFO: task repro:729 blocked for more than 1474 seconds.
[ 1627.543552]       Not tainted 6.10.0-rc1-5af42f928f3a+ #1
[ 1627.543829] "echo 0 > /proc/sys/kernel/hung_task_timeout_secs" disables this message.
[ 1627.544227] task:repro           state:D stack:0     pid:729   tgid:729   ppid:728    flags:0x00004002
[ 1627.544707] Call Trace:
[ 1627.544845]  <TASK>
[ 1627.544971]  __schedule+0xba3/0x3120
[ 1627.545179]  ? __pfx___schedule+0x10/0x10
[ 1627.545396]  ? lock_release+0x418/0x840
[ 1627.545611]  ? __pfx_lock_release+0x10/0x10
[ 1627.545843]  ? __might_sleep+0xa3/0x170
[ 1627.546057]  schedule+0xf6/0x3f0
[ 1627.546240]  _free_event+0x53b/0x14c0
[ 1627.546449]  perf_event_release_kernel+0x5fc/0x810
[ 1627.546712]  ? __pfx_perf_event_release_kernel+0x10/0x10
[ 1627.546994]  ? __this_cpu_preempt_check+0x21/0x30
[ 1627.547278]  ? __sanitizer_cov_trace_const_cmp2+0x1c/0x30
[ 1627.547568]  ? evm_file_release+0x193/0x1f0
[ 1627.547800]  ? __pfx_perf_release+0x10/0x10
[ 1627.548027]  perf_release+0x40/0x60
[ 1627.548220]  __fput+0x426/0xbc0
[ 1627.548406]  ____fput+0x1f/0x30
[ 1627.548582]  task_work_run+0x19c/0x2b0
[ 1627.548788]  ? __pfx_task_work_run+0x10/0x10
[ 1627.549017]  ? __sanitizer_cov_trace_const_cmp4+0x1a/0x20
[ 1627.549301]  ? switch_task_namespaces+0xd8/0x130
[ 1627.549549]  do_exit+0xaf2/0x29f0
[ 1627.549730]  ? lockdep_hardirqs_on+0x89/0x110
[ 1627.549969]  ? __pfx_do_exit+0x10/0x10
[ 1627.550178]  do_group_exit+0xe4/0x2c0
[ 1627.550377]  get_signal+0x2387/0x2460
[ 1627.550583]  ? __pfx_get_signal+0x10/0x10
[ 1627.550804]  arch_do_signal_or_restart+0x8e/0x7d0
[ 1627.551068]  ? blkcg_maybe_throttle_current+0x81/0xef0
[ 1627.551339]  ? __pfx_arch_do_signal_or_restart+0x10/0x10
[ 1627.551628]  ? __this_cpu_preempt_check+0x21/0x30
[ 1627.551877]  ? syscall_exit_to_user_mode+0x10f/0x200
[ 1627.552141]  syscall_exit_to_user_mode+0x144/0x200
[ 1627.552396]  do_syscall_64+0x79/0x140
[ 1627.552595]  entry_SYSCALL_64_after_hwframe+0x76/0x7e
[ 1627.552858] RIP: 0033:0x7f4e37c3ee5d
[ 1627.553050] RSP: 002b:00007ffdce1e3a58 EFLAGS: 00000206 ORIG_RAX: 000000000000012a
[ 1627.553437] RAX: 0000000000000003 RBX: 0000000000000000 RCX: 00007f4e37c3ee5d
[ 1627.553799] RDX: 00000000ffffffff RSI: 0000000000000000 RDI: 0000000020000240
[ 1627.554157] RBP: 00007ffdce1e3a60 R08: 0000000000000008 R09: 00007ffdce1e3a90
[ 1627.554518] R10: 00000000ffffffff R11: 0000000000000206 R12: 00007ffdce1e3bb8
[ 1627.554880] R13: 0000000000401b49 R14: 0000000000403e08 R15: 00007f4e37f41000
[ 1627.555268]  </TASK>
[ 1627.555391] Future hung task reports are suppressed, see sysctl kernel.hung_task_warnings
[ 1627.555799] 
[ 1627.555799] Showing all locks held in the system:
[ 1627.556117] 1 lock held by khungtaskd/33:
[ 1627.556323]  #0: ffffffff86e58b60 (rcu_read_lock){....}-{1:2}, at: debug_show_all_locks+0x71/0x370
[ 1627.556790] 
[ 1627.556877] =============================================
[ 1627.556877] 
