c[?7l[2J[0mSeaBIOS (version rel-1.16.0-0-gd239552ce722-prebuilt.qemu.org)


iPXE (http://ipxe.org) 00:03.0 CA00 PCI2.10 PnP PMM+7FF91000+7FEF1000 CA00
Press Ctrl-B to configure iPXE (PCI 00:03.0)...                                                                               


Booting from ROM...
c[?7l[2J[    0.000000] Linux version 6.10.0-923a327e8f22+ (root@p-adls01) (gcc (GCC) 11.5.0 20240719 (Red Hat 11.5.0-2), GNU ld version 2.35.2-54.el9) #1 SMP PREEMPT_DYNAMIC Wed Sep 11 05:55:40 CST 2024
[    0.000000] Command line: console=ttyS0 root=/dev/sda earlyprintk=serial net.ifnames=0 plymouth.enable=0
[    0.000000] KERNEL supported cpus:
[    0.000000]   Intel GenuineIntel
[    0.000000]   AMD AuthenticAMD
[    0.000000]   Hygon HygonGenuine
[    0.000000]   Centaur CentaurHauls
[    0.000000]   zhaoxin   Shanghai  
[    0.000000] BIOS-provided physical RAM map:
[    0.000000] BIOS-e820: [mem 0x0000000000000000-0x000000000009fbff] usable
[    0.000000] BIOS-e820: [mem 0x000000000009fc00-0x000000000009ffff] reserved
[    0.000000] BIOS-e820: [mem 0x00000000000f0000-0x00000000000fffff] reserved
[    0.000000] BIOS-e820: [mem 0x0000000000100000-0x000000007ffdffff] usable
[    0.000000] BIOS-e820: [mem 0x000000007ffe0000-0x000000007fffffff] reserved
[    0.000000] BIOS-e820: [mem 0x00000000feffc000-0x00000000feffffff] reserved
[    0.000000] BIOS-e820: [mem 0x00000000fffc0000-0x00000000ffffffff] reserved
[    0.000000] printk: legacy bootconsole [earlyser0] enabled
[    0.000000] NX (Execute Disable) protection: active
[    0.000000] APIC: Static calls initialized
[    0.000000] SMBIOS 2.8 present.
[    0.000000] DMI: QEMU Standard PC (i440FX + PIIX, 1996), BIOS rel-1.16.0-0-gd239552ce722-prebuilt.qemu.org 04/01/2014
[    0.000000] DMI: Memory slots populated: 1/1
[    0.000000] Hypervisor detected: KVM
[    0.000000] kvm-clock: Using msrs 4b564d01 and 4b564d00
[    0.000002] kvm-clock: using sched offset of 694069899 cycles
[    0.000388] clocksource: kvm-clock: mask: 0xffffffffffffffff max_cycles: 0x1cd42e4dffb, max_idle_ns: 881590591483 ns
[    0.001591] tsc: Detected 3609.600 MHz processor
[    0.008531] last_pfn = 0x7ffe0 max_arch_pfn = 0x400000000
[    0.008946] MTRR map: 4 entries (3 fixed + 1 variable; max 19), built from 8 variable MTRRs
[    0.009546] x86/PAT: Configuration [0-7]: WB  WC  UC- UC  WB  WP  UC- WT  
[    0.018563] found SMP MP-table at [mem 0x000f5ba0-0x000f5baf]
[    0.019050] Using GB pages for direct mapping
[    0.021872] ACPI: Early table checksum verification disabled
[    0.022317] ACPI: RSDP 0x00000000000F59C0 000014 (v00 BOCHS )
[    0.022742] ACPI: RSDT 0x000000007FFE1951 000034 (v01 BOCHS  BXPC     00000001 BXPC 00000001)
[    0.023365] ACPI: FACP 0x000000007FFE17FD 000074 (v01 BOCHS  BXPC     00000001 BXPC 00000001)
[    0.023991] ACPI: DSDT 0x000000007FFE0040 0017BD (v01 BOCHS  BXPC     00000001 BXPC 00000001)
[    0.024615] ACPI: FACS 0x000000007FFE0000 000040
[    0.024959] ACPI: APIC 0x000000007FFE1871 000080 (v01 BOCHS  BXPC     00000001 BXPC 00000001)
[    0.025578] ACPI: HPET 0x000000007FFE18F1 000038 (v01 BOCHS  BXPC     00000001 BXPC 00000001)
[    0.026200] ACPI: WAET 0x000000007FFE1929 000028 (v01 BOCHS  BXPC     00000001 BXPC 00000001)
[    0.026820] ACPI: Reserving FACP table memory at [mem 0x7ffe17fd-0x7ffe1870]
[    0.027325] ACPI: Reserving DSDT table memory at [mem 0x7ffe0040-0x7ffe17fc]
[    0.027830] ACPI: Reserving FACS table memory at [mem 0x7ffe0000-0x7ffe003f]
[    0.028334] ACPI: Reserving APIC table memory at [mem 0x7ffe1871-0x7ffe18f0]
[    0.028841] ACPI: Reserving HPET table memory at [mem 0x7ffe18f1-0x7ffe1928]
[    0.029345] ACPI: Reserving WAET table memory at [mem 0x7ffe1929-0x7ffe1950]
[    0.030288] No NUMA configuration found
[    0.030568] Faking a node at [mem 0x0000000000000000-0x000000007ffdffff]
[    0.031069] NODE_DATA(0) allocated [mem 0x7ffb4e00-0x7ffdfdff]
[    0.033052] Zone ranges:
[    0.033239]   DMA      [mem 0x0000000000001000-0x0000000000ffffff]
[    0.033684]   DMA32    [mem 0x0000000001000000-0x000000007ffdffff]
[    0.034129]   Normal   empty
[    0.034340]   Device   empty
[    0.034550] Movable zone start for each node
[    0.034859] Early memory node ranges
[    0.035115]   node   0: [mem 0x0000000000001000-0x000000000009efff]
[    0.035564]   node   0: [mem 0x0000000000100000-0x000000007ffdffff]
[    0.036014] Initmem setup node 0 [mem 0x0000000000001000-0x000000007ffdffff]
[    0.036776] On node 0, zone DMA: 1 pages in unavailable ranges
[    0.037485] On node 0, zone DMA: 97 pages in unavailable ranges
[    0.076969] On node 0, zone DMA32: 32 pages in unavailable ranges
[    0.262918] kasan: KernelAddressSanitizer initialized
[    0.263603] ACPI: PM-Timer IO Port: 0x608
[    0.263931] ACPI: LAPIC_NMI (acpi_id[0xff] dfl dfl lint[0x1])
[    0.264417] IOAPIC[0]: apic_id 0, version 17, address 0xfec00000, GSI 0-23
[    0.264947] ACPI: INT_SRC_OVR (bus 0 bus_irq 0 global_irq 2 dfl dfl)
[    0.265417] ACPI: INT_SRC_OVR (bus 0 bus_irq 5 global_irq 5 high level)
[    0.265905] ACPI: INT_SRC_OVR (bus 0 bus_irq 9 global_irq 9 high level)
[    0.266393] ACPI: INT_SRC_OVR (bus 0 bus_irq 10 global_irq 10 high level)
[    0.266893] ACPI: INT_SRC_OVR (bus 0 bus_irq 11 global_irq 11 high level)
[    0.267406] ACPI: Using ACPI (MADT) for SMP configuration information
[    0.267879] ACPI: HPET id: 0x8086a201 base: 0xfed00000
[    0.268266] TSC deadline timer available
[    0.268565] CPU topo: Max. logical packages:   1
[    0.268905] CPU topo: Max. logical dies:       1
[    0.269244] CPU topo: Max. dies per package:   1
[    0.269587] CPU topo: Max. threads per core:   1
[    0.269928] CPU topo: Num. cores per package:     2
[    0.270286] CPU topo: Num. threads per package:   2
[    0.270644] CPU topo: Allowing 2 present CPUs plus 0 hotplug CPUs
[    0.271133] kvm-guest: APIC: eoi() replaced with kvm_guest_apic_eoi_write()
[    0.271673] kvm-guest: KVM setup pv remote TLB flush
[    0.272040] kvm-guest: setup PV sched yield
[    0.272388] PM: hibernation: Registered nosave memory: [mem 0x00000000-0x00000fff]
[    0.272952] PM: hibernation: Registered nosave memory: [mem 0x0009f000-0x0009ffff]
[    0.273508] PM: hibernation: Registered nosave memory: [mem 0x000a0000-0x000effff]
[    0.274061] PM: hibernation: Registered nosave memory: [mem 0x000f0000-0x000fffff]
[    0.274619] [mem 0x80000000-0xfeffbfff] available for PCI devices
[    0.275068] Booting paravirtualized kernel on KVM
[    0.275417] clocksource: refined-jiffies: mask: 0xffffffff max_cycles: 0xffffffff, max_idle_ns: 7645519600211568 ns
[    0.276192] setup_percpu: NR_CPUS:8192 nr_cpumask_bits:2 nr_cpu_ids:2 nr_node_ids:1
[    0.277873] percpu: Embedded 84 pages/cpu s307200 r8192 d28672 u1048576
[    0.278503] kvm-guest: PV spinlocks enabled
[    0.278821] PV qspinlock hash table entries: 256 (order: 0, 4096 bytes, linear)
[    0.279374] Kernel command line: net.ifnames=0 console=ttyS0 root=/dev/sda earlyprintk=serial net.ifnames=0 plymouth.enable=0
[    0.280451] random: crng init done
[    0.281724] Dentry cache hash table entries: 262144 (order: 9, 2097152 bytes, linear)
[    0.282881] Inode-cache hash table entries: 131072 (order: 8, 1048576 bytes, linear)
[    0.283691] Fallback order for Node 0: 0 
[    0.283700] Built 1 zonelists, mobility grouping on.  Total pages: 524158
[    0.284451] Policy zone: DMA32
[    0.284666] mem auto-init: stack:off, heap alloc:off, heap free:off
[    0.285097] stackdepot: allocating hash table via alloc_large_system_hash
[    0.285569] stackdepot hash table entries: 1048576 (order: 12, 16777216 bytes, linear)
[    0.341068] Memory: 1563724K/2096632K available (75776K kernel code, 14399K rwdata, 17092K rodata, 15276K init, 68340K bss, 532652K reserved, 0K cma-reserved)
[    0.343435] SLUB: HWalign=64, Order=0-3, MinObjects=0, CPUs=2, Nodes=1
[    0.343899] kmemleak: Kernel memory leak detector disabled
[    0.344450] ftrace: allocating 71679 entries in 280 pages
[    0.364895] ftrace: allocated 280 pages with 3 groups
[    0.368512] Dynamic Preempt: voluntary
[    0.369402] Running RCU self tests
[    0.369649] Running RCU synchronous self tests
[    0.369973] rcu: Preemptible hierarchical RCU implementation.
[    0.370379] rcu: 	RCU lockdep checking is enabled.
[    0.370718] rcu: 	RCU restricting CPUs from NR_CPUS=8192 to nr_cpu_ids=2.
[    0.371199] 	Trampoline variant of Tasks RCU enabled.
[    0.371557] 	Rude variant of Tasks RCU enabled.
[    0.371878] 	Tracing variant of Tasks RCU enabled.
[    0.372218] rcu: RCU calculated value of scheduler-enlistment delay is 25 jiffies.
[    0.372756] rcu: Adjusting geometry for rcu_fanout_leaf=16, nr_cpu_ids=2
[    0.373296] Running RCU synchronous self tests
[    0.373613] RCU Tasks: Setting shift to 1 and lim to 1 rcu_task_cb_adjust=1.
[    0.374115] RCU Tasks Rude: Setting shift to 1 and lim to 1 rcu_task_cb_adjust=1.
[    0.374645] RCU Tasks Trace: Setting shift to 1 and lim to 1 rcu_task_cb_adjust=1.
[    0.416645] NR_IRQS: 524544, nr_irqs: 440, preallocated irqs: 16
[    0.417695] rcu: srcu_init: Setting srcu_struct sizes based on contention.
[    0.424732] Console: colour VGA+ 80x25
[    0.425055] printk: legacy console [ttyS0] enabled
[    0.425055] printk: legacy console [ttyS0] enabled
[    0.425724] printk: legacy bootconsole [earlyser0] disabled
[    0.425724] printk: legacy bootconsole [earlyser0] disabled
[    0.426513] Lock dependency validator: Copyright (c) 2006 Red Hat, Inc., Ingo Molnar
[    0.427049] ... MAX_LOCKDEP_SUBCLASSES:  8
[    0.427340] ... MAX_LOCK_DEPTH:          48
[    0.427636] ... MAX_LOCKDEP_KEYS:        8192
[    0.427944] ... CLASSHASH_SIZE:          4096
[    0.428252] ... MAX_LOCKDEP_ENTRIES:     524288
[    0.428574] ... MAX_LOCKDEP_CHAINS:      524288
[    0.428893] ... CHAINHASH_SIZE:          262144
[    0.429213]  memory used by lock dependency info: 54145 kB
[    0.429599]  memory used for stack traces: 4224 kB
[    0.429935]  per task-struct memory footprint: 1920 bytes
[    0.430420] ACPI: Core revision 20240322
[    0.431217] clocksource: hpet: mask: 0xffffffff max_cycles: 0xffffffff, max_idle_ns: 19112604467 ns
[    0.432055] APIC: Switch to symmetric I/O mode setup
[    0.432549] x2apic enabled
[    0.433091] APIC: Switched APIC routing to: physical x2apic
[    0.433508] kvm-guest: APIC: send_IPI_mask() replaced with kvm_send_ipi_mask()
[    0.434045] kvm-guest: APIC: send_IPI_mask_allbutself() replaced with kvm_send_ipi_mask_allbutself()
[    0.434713] kvm-guest: setup PV IPIs
[    0.436098] ..TIMER: vector=0x30 apic1=0 pin1=2 apic2=-1 pin2=-1
[    0.436546] clocksource: tsc-early: mask: 0xffffffffffffffff max_cycles: 0x3407c077a8d, max_idle_ns: 440795342283 ns
[    0.437293] Calibrating delay loop (skipped) preset value.. 7219.20 BogoMIPS (lpj=14438400)
[    0.437964] x86/cpu: User Mode Instruction Prevention (UMIP) activated
[    0.438506] Last level iTLB entries: 4KB 0, 2MB 0, 4MB 0
[    0.438881] Last level dTLB entries: 4KB 0, 2MB 0, 4MB 0, 1GB 0
[    0.439307] Spectre V1 : Mitigation: usercopy/swapgs barriers and __user pointer sanitization
[    0.439900] Spectre V2 : WARNING: Unprivileged eBPF is enabled with eIBRS on, data leaks possible via Spectre v2 BHB attacks!
[    0.441319] Spectre V2 : Spectre BHI mitigation: SW BHB clearing on syscall and VM exit
[    0.441878] Spectre V2 : Mitigation: Enhanced / Automatic IBRS
[    0.442288] Spectre V2 : Spectre v2 / SpectreRSB mitigation: Filling RSB on context switch
[    0.442862] Spectre V2 : Spectre v2 / PBRSB-eIBRS: Retire a single CALL on VMEXIT
[    0.443389] Spectre V2 : mitigation: Enabling conditional Indirect Branch Prediction Barrier
[    0.443980] Speculative Store Bypass: Mitigation: Speculative Store Bypass disabled via prctl
[    0.445283] Register File Data Sampling: Vulnerable: No microcode
[    0.445742] x86/fpu: Supporting XSAVE feature 0x001: 'x87 floating point registers'
[    0.446296] x86/fpu: Supporting XSAVE feature 0x002: 'SSE registers'
[    0.446757] x86/fpu: Supporting XSAVE feature 0x004: 'AVX registers'
[    0.447218] x86/fpu: Supporting XSAVE feature 0x200: 'Protection Keys User registers'
[    0.447783] x86/fpu: xstate_offset[2]:  576, xstate_sizes[2]:  256
[    0.448232] x86/fpu: xstate_offset[9]:  832, xstate_sizes[9]:    8
[    0.448682] x86/fpu: Enabled xstate features 0x207, context size is 840 bytes, using 'compacted' format.
[    0.570298] Freeing SMP alternatives memory: 56K
[    0.570689] pid_max: default: 32768 minimum: 301
[    0.571297] LSM: initializing lsm=capability,yama,ima,evm
[    0.571748] Yama: becoming mindful.
[    0.572388] Mount-cache hash table entries: 4096 (order: 3, 32768 bytes, linear)
[    0.572952] Mountpoint-cache hash table entries: 4096 (order: 3, 32768 bytes, linear)
[    0.575099] Running RCU synchronous self tests
[    0.575446] Running RCU synchronous self tests
[    0.577774] smpboot: CPU0: 12th Gen Intel(R) Core(TM) i7-12700K (family: 0x6, model: 0x97, stepping: 0x2)
[    0.579814] Running RCU Tasks wait API self tests
[    0.681406] Running RCU Tasks Rude wait API self tests
[    0.682088] Running RCU Tasks Trace wait API self tests
[    0.682654] Performance Events: unsupported p6 CPU model 151 no PMU driver, software events only.
[    0.683338] signal: max sigframe size: 3632
[    0.683876] rcu: Hierarchical SRCU implementation.
[    0.684235] rcu: 	Max phase no-delay instances is 1000.
[    0.688423] NMI watchdog: Perf NMI watchdog permanently disabled
[    0.689133] smp: Bringing up secondary CPUs ...
[    0.689308] Callback from call_rcu_tasks_trace() invoked.
[    0.690595] smpboot: x86: Booting SMP configuration:
[    0.690986] .... node  #0, CPUs:      #1
[    0.691138] smp: Brought up 1 node, 2 CPUs
[    0.691138] smpboot: Total of 2 processors activated (14438.40 BogoMIPS)
[    0.694975] devtmpfs: initialized
[    0.694975] x86/mm: Memory block size: 128MB
[    0.706791] Running RCU synchronous self tests
[    0.706791] Running RCU synchronous self tests
[    0.709319] clocksource: jiffies: mask: 0xffffffff max_cycles: 0xffffffff, max_idle_ns: 7645041785100000 ns
[    0.710202] futex hash table entries: 512 (order: 4, 65536 bytes, linear)
[    0.710202] pinctrl core: initialized pinctrl subsystem
[    0.710824] 
[    0.710947] *************************************************************
[    0.711434] **     NOTICE NOTICE NOTICE NOTICE NOTICE NOTICE NOTICE    **
[    0.713290] **                                                         **
[    0.713815] **  IOMMU DebugFS SUPPORT HAS BEEN ENABLED IN THIS KERNEL  **
[    0.713815] **                                                         **
[    0.713815] ** This means that this kernel is built to expose internal **
[    0.713815] ** IOMMU data structures, which may compromise security on **
[    0.714263] ** your system.                                            **
[    0.714750] **                                                         **
[    0.715236] ** If you see this message and you are not debugging the   **
[    0.715724] ** kernel, report this immediately to your vendor!         **
[    0.716214] **                                                         **
[    0.716701] **     NOTICE NOTICE NOTICE NOTICE NOTICE NOTICE NOTICE    **
[    0.717188] *************************************************************
[    0.717343] PM: RTC time: 01:31:31, date: 2024-10-27
[    0.721134] NET: Registered PF_NETLINK/PF_ROUTE protocol family
[    0.722804] DMA: preallocated 256 KiB GFP_KERNEL pool for atomic allocations
[    0.723438] DMA: preallocated 256 KiB GFP_KERNEL|GFP_DMA pool for atomic allocations
[    0.724026] DMA: preallocated 256 KiB GFP_KERNEL|GFP_DMA32 pool for atomic allocations
[    0.724723] audit: initializing netlink subsys (disabled)
[    0.725440] audit: type=2000 audit(1729992691.660:1): state=initialized audit_enabled=0 res=1
[    0.730531] thermal_sys: Registered thermal governor 'fair_share'
[    0.730538] thermal_sys: Registered thermal governor 'bang_bang'
[    0.731003] thermal_sys: Registered thermal governor 'step_wise'
[    0.731448] thermal_sys: Registered thermal governor 'user_space'
[    0.731968] cpuidle: using governor ladder
[    0.731968] cpuidle: using governor menu
[    0.733784] acpiphp: ACPI Hot Plug PCI Controller Driver version: 0.5
[    0.735164] PCI: Using configuration type 1 for base access
[    0.735841] kprobes: kprobe jump-optimization is enabled. All kprobes are optimized if possible.
[    0.887322] Callback from call_rcu_tasks_rude() invoked.
[    0.887889] HugeTLB: registered 1.00 GiB page size, pre-allocated 0 pages
[    0.888395] HugeTLB: 16380 KiB vmemmap can be freed for a 1.00 GiB page
[    0.888884] HugeTLB: registered 2.00 MiB page size, pre-allocated 0 pages
[    0.889288] HugeTLB: 28 KiB vmemmap can be freed for a 2.00 MiB page
[    0.890220] Demotion targets for Node 0: null
[    0.894738] ACPI: Added _OSI(Module Device)
[    0.895069] ACPI: Added _OSI(Processor Device)
[    0.895402] ACPI: Added _OSI(3.0 _SCP Extensions)
[    0.895753] ACPI: Added _OSI(Processor Aggregator Device)
[    0.923173] ACPI: 1 ACPI AML tables successfully acquired and loaded
[    0.930651] ACPI: Interpreter enabled
[    0.931111] ACPI: PM: (supports S0 S3 S4 S5)
[    0.931429] ACPI: Using IOAPIC for interrupt routing
[    0.931907] PCI: Using host bridge windows from ACPI; if necessary, use "pci=nocrs" and report a bug
[    0.932561] PCI: Using E820 reservations for host bridge windows
[    0.934739] ACPI: Enabled 2 GPEs in block 00 to 0F
[    0.993752] ACPI: PCI Root Bridge [PCI0] (domain 0000 [bus 00-ff])
[    0.994271] acpi PNP0A03:00: _OSC: OS supports [ASPM ClockPM Segments MSI EDR HPX-Type3]
[    0.994871] acpi PNP0A03:00: _OSC: not requesting OS control; OS requires [ExtendedConfig ASPM ClockPM MSI]
[    0.995852] acpi PNP0A03:00: fail to add MMCONFIG information, can't access extended configuration space under this bridge
[    1.003905] acpiphp: Slot [3] registered
[    1.004419] acpiphp: Slot [4] registered
[    1.004927] acpiphp: Slot [5] registered
[    1.005449] acpiphp: Slot [6] registered
[    1.005974] acpiphp: Slot [7] registered
[    1.006495] acpiphp: Slot [8] registered
[    1.007009] acpiphp: Slot [9] registered
[    1.007522] acpiphp: Slot [10] registered
[    1.008293] acpiphp: Slot [11] registered
[    1.008817] acpiphp: Slot [12] registered
[    1.009338] acpiphp: Slot [13] registered
[    1.009859] acpiphp: Slot [14] registered
[    1.010387] acpiphp: Slot [15] registered
[    1.010899] acpiphp: Slot [16] registered
[    1.011412] acpiphp: Slot [17] registered
[    1.011927] acpiphp: Slot [18] registered
[    1.012469] acpiphp: Slot [19] registered
[    1.012990] acpiphp: Slot [20] registered
[    1.013498] acpiphp: Slot [21] registered
[    1.014017] acpiphp: Slot [22] registered
[    1.014552] acpiphp: Slot [23] registered
[    1.015066] acpiphp: Slot [24] registered
[    1.015587] acpiphp: Slot [25] registered
[    1.016099] acpiphp: Slot [26] registered
[    1.016633] acpiphp: Slot [27] registered
[    1.017146] acpiphp: Slot [28] registered
[    1.017501] acpiphp: Slot [29] registered
[    1.018013] acpiphp: Slot [30] registered
[    1.018544] acpiphp: Slot [31] registered
[    1.018962] PCI host bridge to bus 0000:00
[    1.019275] pci_bus 0000:00: root bus resource [io  0x0000-0x0cf7 window]
[    1.019782] pci_bus 0000:00: root bus resource [io  0x0d00-0xffff window]
[    1.020288] pci_bus 0000:00: root bus resource [mem 0x000a0000-0x000bffff window]
[    1.020844] pci_bus 0000:00: root bus resource [mem 0x80000000-0xfebfffff window]
[    1.021289] pci_bus 0000:00: root bus resource [mem 0x100000000-0x17fffffff window]
[    1.021860] pci_bus 0000:00: root bus resource [bus 00-ff]
[    1.022487] pci 0000:00:00.0: [8086:1237] type 00 class 0x060000 conventional PCI endpoint
[    1.041161] pci 0000:00:01.0: [8086:7000] type 00 class 0x060100 conventional PCI endpoint
[    1.043115] pci 0000:00:01.1: [8086:7010] type 00 class 0x010180 conventional PCI endpoint
[    1.044905] pci 0000:00:01.1: BAR 4 [io  0xc040-0xc04f]
[    1.045779] pci 0000:00:01.1: BAR 0 [io  0x01f0-0x01f7]: legacy IDE quirk
[    1.046277] pci 0000:00:01.1: BAR 1 [io  0x03f6]: legacy IDE quirk
[    1.046722] pci 0000:00:01.1: BAR 2 [io  0x0170-0x0177]: legacy IDE quirk
[    1.047216] pci 0000:00:01.1: BAR 3 [io  0x0376]: legacy IDE quirk
[    1.048247] pci 0000:00:01.3: [8086:7113] type 00 class 0x068000 conventional PCI endpoint
[    1.049194] pci 0000:00:01.3: quirk: [io  0x0600-0x063f] claimed by PIIX4 ACPI
[    1.049292] pci 0000:00:01.3: quirk: [io  0x0700-0x070f] claimed by PIIX4 SMB
[    1.050359] pci 0000:00:02.0: [1234:1111] type 00 class 0x030000 conventional PCI endpoint
[    1.053587] pci 0000:00:02.0: BAR 0 [mem 0xfd000000-0xfdffffff pref]
[    1.055895] pci 0000:00:02.0: BAR 2 [mem 0xfebf0000-0xfebf0fff]
[    1.061363] pci 0000:00:02.0: ROM [mem 0xfebe0000-0xfebeffff pref]
[    1.062214] pci 0000:00:02.0: Video device with shadowed ROM at [mem 0x000c0000-0x000dffff]
[    1.082095] pci 0000:00:03.0: [8086:100e] type 00 class 0x020000 conventional PCI endpoint
[    1.083377] pci 0000:00:03.0: BAR 0 [mem 0xfebc0000-0xfebdffff]
[    1.084408] pci 0000:00:03.0: BAR 1 [io  0xc000-0xc03f]
[    1.092545] pci 0000:00:03.0: ROM [mem 0xfeb80000-0xfebbffff pref]
[    1.126092] ACPI: PCI: Interrupt link LNKA configured for IRQ 10
[    1.128320] ACPI: PCI: Interrupt link LNKB configured for IRQ 10
[    1.130476] ACPI: PCI: Interrupt link LNKC configured for IRQ 11
[    1.132587] ACPI: PCI: Interrupt link LNKD configured for IRQ 11
[    1.133726] ACPI: PCI: Interrupt link LNKS configured for IRQ 9
[    1.138714] iommu: Default domain type: Translated
[    1.139092] iommu: DMA domain TLB invalidation policy: lazy mode
[    1.142951] SCSI subsystem initialized
[    1.144374] ACPI: bus type USB registered
[    1.144909] usbcore: registered new interface driver usbfs
[    1.145415] usbcore: registered new interface driver hub
[    1.145890] usbcore: registered new device driver usb
[    1.146607] pps_core: LinuxPPS API ver. 1 registered
[    1.146980] pps_core: Software ver. 5.3.6 - Copyright 2005-2007 Rodolfo Giometti <giometti@linux.it>
[    1.147704] PTP clock support registered
[    1.148488] EDAC MC: Ver: 3.0.0
[    1.153047] NetLabel: Initializing
[    1.153291] NetLabel:  domain hash size = 128
[    1.153618] NetLabel:  protocols = UNLABELED CIPSOv4 CALIPSO
[    1.154273] NetLabel:  unlabeled traffic allowed by default
[    1.155522] PCI: Using ACPI for IRQ routing
[    1.156295] pci 0000:00:02.0: vgaarb: setting as boot VGA device
[    1.156763] pci 0000:00:02.0: vgaarb: bridge control possible
[    1.157189] pci 0000:00:02.0: vgaarb: VGA device added: decodes=io+mem,owns=io+mem,locks=none
[    1.157288] vgaarb: loaded
[    1.158320] hpet0: at MMIO 0xfed00000, IRQs 2, 8, 0
[    1.158708] hpet0: 3 comparators, 64-bit 100.000000 MHz counter
[    1.170235] clocksource: Switched to clocksource kvm-clock
[    1.172742] VFS: Disk quotas dquot_6.6.0
[    1.173088] VFS: Dquot-cache hash table entries: 512 (order 0, 4096 bytes)
[    1.176903] pnp: PnP ACPI init
[    1.182690] pnp: PnP ACPI: found 6 devices
[    1.204996] clocksource: acpi_pm: mask: 0xffffff max_cycles: 0xffffff, max_idle_ns: 2085701024 ns
[    1.207770] NET: Registered PF_INET protocol family
[    1.208654] IP idents hash table entries: 32768 (order: 6, 262144 bytes, linear)
[    1.210737] tcp_listen_portaddr_hash hash table entries: 1024 (order: 4, 73728 bytes, linear)
[    1.211438] Table-perturb hash table entries: 65536 (order: 6, 262144 bytes, linear)
[    1.212055] TCP established hash table entries: 16384 (order: 5, 131072 bytes, linear)
[    1.213060] TCP bind hash table entries: 16384 (order: 9, 2359296 bytes, linear)
[    1.215384] TCP: Hash tables configured (established 16384 bind 16384)
[    1.216072] UDP hash table entries: 1024 (order: 5, 163840 bytes, linear)
[    1.216711] UDP-Lite hash table entries: 1024 (order: 5, 163840 bytes, linear)
[    1.217729] NET: Registered PF_UNIX/PF_LOCAL protocol family
[    1.219482] RPC: Registered named UNIX socket transport module.
[    1.219942] RPC: Registered udp transport module.
[    1.220285] RPC: Registered tcp transport module.
[    1.220628] RPC: Registered tcp-with-tls transport module.
[    1.221030] RPC: Registered tcp NFSv4.1 backchannel transport module.
[    1.221522] pci_bus 0000:00: resource 4 [io  0x0000-0x0cf7 window]
[    1.221974] pci_bus 0000:00: resource 5 [io  0x0d00-0xffff window]
[    1.222423] pci_bus 0000:00: resource 6 [mem 0x000a0000-0x000bffff window]
[    1.222922] pci_bus 0000:00: resource 7 [mem 0x80000000-0xfebfffff window]
[    1.223432] pci_bus 0000:00: resource 8 [mem 0x100000000-0x17fffffff window]
[    1.224435] pci 0000:00:01.0: PIIX3: Enabling Passive Release
[    1.224867] pci 0000:00:00.0: Limiting direct PCI/PCI transfers
[    1.225379] PCI: CLS 0 bytes, default 64
[    1.226458] ACPI: bus type thunderbolt registered
[    1.227212] clocksource: tsc: mask: 0xffffffffffffffff max_cycles: 0x3407c077a8d, max_idle_ns: 440795342283 ns
[    2.699797] Initialise system trusted keyrings
[    2.700344] Key type blacklist registered
[    2.701027] workingset: timestamp_bits=36 max_order=19 bucket_order=0
[    2.701594] zbud: loaded
[    2.704267] squashfs: version 4.0 (2009/01/31) Phillip Lougher
[    2.706499] NFS: Registering the id_resolver key type
[    2.706914] Key type id_resolver registered
[    2.707242] Key type id_legacy registered
[    2.707606] nfs4filelayout_init: NFSv4 File Layout Driver Registering...
[    2.708140] nfs4flexfilelayout_init: NFSv4 Flexfile Layout Driver Registering...
[    2.709121] fuse: init (API version 7.40)
[    2.710053] SGI XFS with ACLs, security attributes, realtime, quota, no debug enabled
[    2.712197] 9p: Installing v9fs 9p2000 file system support
[    2.723916] Key type asymmetric registered
[    2.724266] Asymmetric key parser 'x509' registered
[    2.724814] Block layer SCSI generic (bsg) driver version 0.4 loaded (major 243)
[    2.725595] io scheduler mq-deadline registered
[    2.726023] io scheduler bfq registered
[    2.727565] shpchp: Standard Hot Plug PCI Controller Driver version: 0.4
[    2.729104] IPMI message handler: version 39.2
[    2.729539] ipmi device interface
[    2.731892] input: Power Button as /devices/LNXSYSTM:00/LNXPWRBN:00/input/input0
[    2.733043] ACPI: button: Power Button [PWRF]
[    2.735311] ERST DBG: ERST support is disabled.
[    2.737183] Serial: 8250/16550 driver, 32 ports, IRQ sharing enabled
[    2.739361] 00:04: ttyS0 at I/O 0x3f8 (irq = 4, base_baud = 115200) is a 16550A
[    2.773710] Linux agpgart interface v0.103
[    2.776232] ACPI: bus type drm_connector registered
[    2.801631] brd: module loaded
[    2.817809] loop: module loaded
[    2.823231] Callback from call_rcu_tasks() invoked.
[    2.828404] scsi host0: ata_piix
[    2.830129] scsi host1: ata_piix
[    2.830984] ata1: PATA max MWDMA2 cmd 0x1f0 ctl 0x3f6 bmdma 0xc040 irq 14 lpm-pol 0
[    2.831582] ata2: PATA max MWDMA2 cmd 0x170 ctl 0x376 bmdma 0xc048 irq 15 lpm-pol 0
[    2.834869] tun: Universal TUN/TAP device driver, 1.6
[    2.835673] e100: Intel(R) PRO/100 Network Driver
[    2.836023] e100: Copyright(c) 1999-2006 Intel Corporation
[    2.836504] e1000: Intel(R) PRO/1000 Network Driver
[    2.836869] e1000: Copyright (c) 1999-2006 Intel Corporation.
[    2.991327] ata2: found unknown device (class 0)
[    2.991957] ata1: found unknown device (class 0)
[    2.992797] ata1.00: ATA-7: QEMU HARDDISK, 2.5+, max UDMA/100
[    2.993221] ata1.00: 17196647 sectors, multi 16: LBA48 
[    2.993976] ata2.00: ATAPI: QEMU DVD-ROM, 2.5+, max UDMA/100
[    2.996005] scsi 0:0:0:0: Direct-Access     ATA      QEMU HARDDISK    2.5+ PQ: 0 ANSI: 5
[    2.999169] sd 0:0:0:0: Attached scsi generic sg0 type 0
[    2.999953] sd 0:0:0:0: [sda] 17196647 512-byte logical blocks: (8.80 GB/8.20 GiB)
[    3.000678] sd 0:0:0:0: [sda] Write Protect is off
[    3.001113] sd 0:0:0:0: [sda] Write cache: enabled, read cache: enabled, doesn't support DPO or FUA
[    3.002397] scsi 1:0:0:0: CD-ROM            QEMU     QEMU DVD-ROM     2.5+ PQ: 0 ANSI: 5
[    3.003265] sd 0:0:0:0: [sda] Preferred minimum I/O size 512 bytes
[    3.032668] scsi 1:0:0:0: Attached scsi generic sg1 type 5
[    3.040090] sd 0:0:0:0: [sda] Attached SCSI disk
[    4.555891] ACPI: \_SB_.LNKC: Enabled at IRQ 11
[    4.883196] e1000 0000:00:03.0 eth0: (PCI:33MHz:32-bit) 52:54:00:12:34:56
[    4.883758] e1000 0000:00:03.0 eth0: Intel(R) PRO/1000 Network Connection
[    4.884437] e1000e: Intel(R) PRO/1000 Network Driver
[    4.884815] e1000e: Copyright(c) 1999 - 2015 Intel Corporation.
[    4.885372] igb: Intel(R) Gigabit Ethernet Network Driver
[    4.885771] igb: Copyright (c) 2007-2014 Intel Corporation.
[    4.886394] PPP generic driver version 2.4.2
[    4.888097] VFIO - User Level meta-driver version: 0.3
[    4.889971] usbcore: registered new interface driver uas
[    4.890455] usbcore: registered new interface driver usb-storage
[    4.891285] i8042: PNP: PS/2 Controller [PNP0303:KBD,PNP0f13:MOU] at 0x60,0x64 irq 1,12
[    4.892861] serio: i8042 KBD port at 0x60,0x64 irq 1
[    4.893291] serio: i8042 AUX port at 0x60,0x64 irq 12
[    4.895169] mousedev: PS/2 mouse device common for all mice
[    4.897348] input: AT Translated Set 2 keyboard as /devices/platform/i8042/serio0/input/input1
[    4.899417] rtc_cmos 00:05: RTC can wake from S4
[    4.899774] input: VirtualPS/2 VMware VMMouse as /devices/platform/i8042/serio1/input/input4
[    4.901991] input: VirtualPS/2 VMware VMMouse as /devices/platform/i8042/serio1/input/input3
[    4.904400] rtc_cmos 00:05: registered as rtc0
[    4.905029] rtc_cmos 00:05: setting system clock to 2024-10-27T01:31:35 UTC (1729992695)
[    4.906450] rtc_cmos 00:05: alarms up to one day, y3k, 242 bytes nvram, hpet irqs
[    4.907425] i2c_dev: i2c /dev entries driver
[    4.908141] device-mapper: core: CONFIG_IMA_DISABLE_HTABLE is disabled. Duplicate IMA measurements will not be recorded in the IMA log.
[    4.909532] device-mapper: uevent: version 1.0.3
[    4.910777] device-mapper: ioctl: 4.48.0-ioctl (2023-03-01) initialised: dm-devel@lists.linux.dev
[    4.911808] intel_pstate: CPU model not supported
[    4.912728] sdhci: Secure Digital Host Controller Interface driver
[    4.913420] sdhci: Copyright(c) Pierre Ossman
[    4.914138] sdhci-pltfm: SDHCI platform and OF driver helper
[    4.914971] ledtrig-cpu: registered to indicate activity on CPUs
[    4.916547] drop_monitor: Initializing network drop monitor service
[    4.918360] NET: Registered PF_INET6 protocol family
[    4.923895] Segment Routing with IPv6
[    4.924432] In-situ OAM (IOAM) with IPv6
[    4.925053] NET: Registered PF_PACKET protocol family
[    4.925926] 9pnet: Installing 9P2000 support
[    4.926396] Key type dns_resolver registered
[    4.928597] IPI shorthand broadcast: enabled
[    4.982100] sched_clock: Marking stable (4964004315, 15104132)->(5018510109, -39401662)
[    4.983535] Timer migration: 1 hierarchy levels; 8 children per group; 1 crossnode level
[    4.984467] registered taskstats version 1
[    4.985405] Loading compiled-in X.509 certificates
[    5.041974] Demotion targets for Node 0: null
[    5.042937] Key type .fscrypt registered
[    5.043262] Key type fscrypt-provisioning registered
[    5.046522] Key type encrypted registered
[    5.046906] ima: No TPM chip found, activating TPM-bypass!
[    5.047464] ima: Allocated hash algorithm: sha1
[    5.047893] ima: No architecture policies found
[    5.048459] evm: Initialising EVM extended attributes:
[    5.048857] evm: security.selinux
[    5.049113] evm: security.SMACK64
[    5.049367] evm: security.SMACK64EXEC
[    5.049647] evm: security.SMACK64TRANSMUTE
[    5.049958] evm: security.SMACK64MMAP
[    5.050238] evm: security.apparmor
[    5.050499] evm: security.ima
[    5.050728] evm: security.capability
[    5.051001] evm: HMAC attrs: 0x1
[    5.054849] PM:   Magic number: 12:634:509
[    5.055250] ata_piix 0000:00:01.1: hash matches
[    5.056463] RAS: Correctable Errors collector initialized.
[    5.057898] clk: Disabling unused clocks
[    5.058498] PM: genpd: Disabling unused power domains
[    5.059841] md: Waiting for all devices to be available before autodetect
[    5.060178] md: If you don't use raid, use raid=noautodetect
[    5.060462] md: Autodetecting RAID arrays.
[    5.060688] md: autorun ...
[    5.060834] md: ... autorun DONE.
[    5.079243] EXT4-fs (sda): mounted filesystem 088740a9-c8b4-422c-999d-a804eb68a4da ro with ordered data mode. Quota mode: none.
[    5.079943] VFS: Mounted root (ext4 filesystem) readonly on device 8:0.
[    5.082196] devtmpfs: mounted
[    5.103858] Freeing unused decrypted memory: 2028K
[    5.111565] Freeing unused kernel image (initmem) memory: 15276K
[    5.111997] Write protecting the kernel read-only data: 94208k
[    5.114264] Freeing unused kernel image (rodata/data gap) memory: 1340K
[    5.175611] x86/mm: Checked W+X mappings: passed, no W+X pages found.
[    5.175985] Run /sbin/init as init process
[    5.318139] systemd[1]: systemd 252-15.el9 running in system mode (+PAM +AUDIT +SELINUX -APPARMOR +IMA +SMACK +SECCOMP +GCRYPT +GNUTLS +OPENSSL +ACL +BLKID +CURL +ELFUTILS -FIDO2 +IDN2 -IDN -IPTC +KMOD +LIBCRYPTSETUP +LIBFDISK +PCRE2 -PWQUALITY +P11KIT -QRENCODE +TPM2 +BZIP2 +LZ4 +XZ +ZLIB +ZSTD -BPF_FRAMEWORK +XKBCOMMON +UTMP +SYSVINIT default-hierarchy=unified)
[    5.320142] systemd[1]: Detected virtualization kvm.
[    5.320409] systemd[1]: Detected architecture x86-64.

Welcome to [0;31mCentOS Stream 9[0m!

[    5.325718] systemd[1]: Hostname set to <test>.
[    5.579169] systemd-rc-local-generator[128]: /etc/rc.d/rc.local is not marked executable, skipping.
[    5.871725] systemd[1]: Queued start job for default target Multi-User System.
[    5.898801] systemd[1]: Created slice Virtual Machine and Container Slice.
[[0;32m  OK  [0m] Created slice [0;1;39mVirtual Machine and Container Slice[0m.
[    5.904111] systemd[1]: Created slice Slice /system/getty.
[[0;32m  OK  [0m] Created slice [0;1;39mSlice /system/getty[0m.
[    5.907052] systemd[1]: Created slice Slice /system/modprobe.
[[0;32m  OK  [0m] Created slice [0;1;39mSlice /system/modprobe[0m.
[    5.910184] systemd[1]: Created slice Slice /system/serial-getty.
[[0;32m  OK  [0m] Created slice [0;1;39mSlice /system/serial-getty[0m.
[    5.913201] systemd[1]: Created slice Slice /system/sshd-keygen.
[[0;32m  OK  [0m] Created slice [0;1;39mSlice /system/sshd-keygen[0m.
[    5.916199] systemd[1]: Created slice User and Session Slice.
[[0;32m  OK  [0m] Created slice [0;1;39mUser and Session Slice[0m.
[    5.917598] systemd[1]: Started Forward Password Requests to Wall Directory Watch.
[[0;32m  OK  [0m] Started [0;1;39mForward Password R…uests to Wall Directory Watch[0m.
[    5.920040] systemd[1]: Set up automount Arbitrary Executable File Formats File System Automount Point.
[[0;32m  OK  [0m] Set up automount [0;1;39mArbitrary…s File System Automount Point[0m.
[    5.921493] systemd[1]: Reached target Local Integrity Protected Volumes.
[[0;32m  OK  [0m] Reached target [0;1;39mLocal Integrity Protected Volumes[0m.
[    5.922683] systemd[1]: Reached target Slice Units.
[[0;32m  OK  [0m] Reached target [0;1;39mSlice Units[0m.
[    5.923639] systemd[1]: Reached target Swaps.
[[0;32m  OK  [0m] Reached target [0;1;39mSwaps[0m.
[    5.924474] systemd[1]: Reached target Local Verity Protected Volumes.
[[0;32m  OK  [0m] Reached target [0;1;39mLocal Verity Protected Volumes[0m.
[    5.925977] systemd[1]: Listening on Device-mapper event daemon FIFOs.
[[0;32m  OK  [0m] Listening on [0;1;39mDevice-mapper event daemon FIFOs[0m.
[    5.927854] systemd[1]: Listening on LVM2 poll daemon socket.
[[0;32m  OK  [0m] Listening on [0;1;39mLVM2 poll daemon socket[0m.
[    5.929070] systemd[1]: multipathd control socket was skipped because of an unmet condition check (ConditionPathExists=/etc/multipath.conf).
[    5.965332] systemd[1]: Listening on RPCbind Server Activation Socket.
[[0;32m  OK  [0m] Listening on [0;1;39mRPCbind Server Activation Socket[0m.
[    5.966820] systemd[1]: Reached target RPC Port Mapper.
[[0;32m  OK  [0m] Reached target [0;1;39mRPC Port Mapper[0m.
[    5.970161] systemd[1]: Listening on Process Core Dump Socket.
[[0;32m  OK  [0m] Listening on [0;1;39mProcess Core Dump Socket[0m.
[    5.971652] systemd[1]: Listening on initctl Compatibility Named Pipe.
[[0;32m  OK  [0m] Listening on [0;1;39minitctl Compatibility Named Pipe[0m.
[    5.973449] systemd[1]: Listening on Journal Socket (/dev/log).
[[0;32m  OK  [0m] Listening on [0;1;39mJournal Socket (/dev/log)[0m.
[    5.975067] systemd[1]: Listening on Journal Socket.
[[0;32m  OK  [0m] Listening on [0;1;39mJournal Socket[0m.
[    5.976786] systemd[1]: Listening on udev Control Socket.
[[0;32m  OK  [0m] Listening on [0;1;39mudev Control Socket[0m.
[    5.978142] systemd[1]: Listening on udev Kernel Socket.
[[0;32m  OK  [0m] Listening on [0;1;39mudev Kernel Socket[0m.
[    5.986027] systemd[1]: Mounting Huge Pages File System...
         Mounting [0;1;39mHuge Pages File System[0m...
[    5.994437] systemd[1]: Mounting POSIX Message Queue File System...
         Mounting [0;1;39mPOSIX Message Queue File System[0m...
[    6.006279] systemd[1]: Mounting Kernel Debug File System...
         Mounting [0;1;39mKernel Debug File System[0m...
[    6.014504] systemd[1]: Mounting Kernel Trace File System...
         Mounting [0;1;39mKernel Trace File System[0m...
[    6.017570] systemd[1]: Kernel Module supporting RPCSEC_GSS was skipped because of an unmet condition check (ConditionPathExists=/etc/krb5.keytab).
[    6.018377] systemd[1]: Create List of Static Device Nodes was skipped because of an unmet condition check (ConditionFileNotEmpty=/lib/modules/6.10.0-923a327e8f22+/modules.devname).
[    6.025866] systemd[1]: Starting Monitoring of LVM2 mirrors, snapshots etc. using dmeventd or progress polling...
         Starting [0;1;39mMonitoring of LVM…meventd or progress polling[0m...
[    6.034658] systemd[1]: Starting Load Kernel Module configfs...
         Starting [0;1;39mLoad Kernel Module configfs[0m...
[    6.047287] systemd[1]: Starting Load Kernel Module drm...
         Starting [0;1;39mLoad Kernel Module drm[0m...
[    6.058685] systemd[1]: Starting Load Kernel Module fuse...
         Starting [0;1;39mLoad Kernel Module fuse[0m...
[    6.091749] systemd[1]: Starting Read and set NIS domainname from /etc/sysconfig/network...
         Starting [0;1;39mRead and set NIS …from /etc/sysconfig/network[0m...
[    6.116938] systemd[1]: Starting Journal Service...
         Starting [0;1;39mJournal Service[0m...
[    6.132104] systemd[1]: Starting Load Kernel Modules...
         Starting [0;1;39mLoad Kernel Modules[0m...
[    6.141488] systemd[1]: Starting Generate network units from Kernel command line...
         Starting [0;1;39mGenerate network …ts from Kernel command line[0m...
[    6.155749] systemd[1]: Starting Remount Root and Kernel File Systems...
         Starting [0;1;39mRemount Root and Kernel File Systems[0m...
[    6.157014] systemd[1]: Repartition Root Disk was skipped because no trigger condition checks were met.
[    6.181518] systemd[1]: Starting Coldplug All udev Devices...
         Starting [0;1;39mColdplug All udev Devices[0m...
[    6.210921] systemd[1]: Mounted Huge Pages File System.
[[0;32m  OK  [0m] Mounted [0;1;39mHuge Pages File System[0m.
[    6.220595] systemd[1]: Mounted POSIX Message Queue File System.
[[0;32m  OK  [0m] Mounted [0;1;39mPOSIX Message Queue File System[0m.
[    6.222097] systemd[1]: Mounted Kernel Debug File System.
[[0;32m  OK  [0m] Mounted [0;1;39mKernel Debug File System[0m.
[    6.227742] systemd[1]: Mounted Kernel Trace File System.
[[0;32m  OK  [0m] Mounted [0;1;39mKernel Trace File System[0m.
[    6.230455] systemd[1]: Finished Monitoring of LVM2 mirrors, snapshots etc. using dmeventd or progress polling.
[[0;32m  OK  [0m] Finished [0;1;39mMonitoring of LVM… dmeventd or progress polling[0m.
[    6.233932] systemd[1]: modprobe@configfs.service: Deactivated successfully.
[    6.243213] systemd[1]: Finished Load Kernel Module configfs.
[[0;32m  OK  [0m] Finished [0;1;39mLoad Kernel Module configfs[0m.
[    6.245542] systemd[1]: modprobe@drm.service: Deactivated successfully.
[    6.251224] systemd[1]: Finished Load Kernel Module drm.
[[0;32m  OK  [0m] Finished [0;1;39mLoad Kernel Module drm[0m.
[    6.256604] systemd[1]: modprobe@fuse.service: Deactivated successfully.
[    6.259354] systemd[1]: Finished Load Kernel Module fuse.
[[0;32m  OK  [0m] Finished [0;1;39mLoad Kernel Module fuse[0m.
[    6.264256] systemd[1]: Finished Read and set NIS domainname from /etc/sysconfig/network.
[[0;32m  OK  [0m] Finished [0;1;39mRead and set NIS …e from /etc/sysconfig/network[0m.
[    6.267877] systemd[1]: systemd-modules-load.service: Main process exited, code=exited, status=1/FAILURE
[    6.269140] systemd[1]: systemd-modules-load.service: Failed with result 'exit-code'.
[    6.276767] systemd[1]: Failed to start Load Kernel Modules.
[    6.277065] EXT4-fs (sda): warning: mounting fs with errors, running e2fsck is recommended
[[0;1;31mFAILED[0m] Failed to start [0;1;39mLoad Kernel Modules[0m.
See 'systemctl status systemd-modules-load.service' for details.
[    6.281099] EXT4-fs (sda): re-mounted 088740a9-c8b4-422c-999d-a804eb68a4da r/w. Quota mode: none.
[    6.283239] systemd[1]: Finished Generate network units from Kernel command line.
[[0;32m  OK  [0m] Finished [0;1;39mGenerate network units from Kernel command line[0m.
[    6.290282] systemd[1]: Reached target Preparation for Network.
[[0;32m  OK  [0m] Reached target [0;1;39mPreparation for Network[0m.
[    6.327799] systemd[1]: Mounting FUSE Control File System...
         Mounting [0;1;39mFUSE Control File System[0m...
[    6.337323] systemd[1]: Mounting Kernel Configuration File System...
         Mounting [0;1;39mKernel Configuration File System[0m...
[    6.352800] systemd[1]: Starting Apply Kernel Variables...
         Starting [0;1;39mApply Kernel Variables[0m...
[    6.354612] systemd[1]: Started Journal Service.
[[0;32m  OK  [0m] Started [0;1;39mJournal Service[0m.
[[0;32m  OK  [0m] Finished [0;1;39mRemount Root and Kernel File Systems[0m.
[[0;32m  OK  [0m] Mounted [0;1;39mFUSE Control File System[0m.
[[0;32m  OK  [0m] Mounted [0;1;39mKernel Configuration File System[0m.
         Starting [0;1;39mFlush Journal to Persistent Storage[0m...
         Starting [0;1;39mLoad/Save Random Seed[0m...
         Starting [0;1;39mCreate Static Device Nodes in /dev[0m...
         Starting [0;1;39mSetup Virtual Console[0m...
[    6.484949] systemd-journald[147]: Received client request to flush runtime journal.
[[0;32m  OK  [0m] Finished [0;1;39mApply Kernel Variables[0m.
[[0;32m  OK  [0m] Finished [0;1;39mFlush Journal to Persistent Storage[0m.
[[0;32m  OK  [0m] Finished [0;1;39mLoad/Save Random Seed[0m.
[[0;32m  OK  [0m] Finished [0;1;39mCreate Static Device Nodes in /dev[0m.
         Starting [0;1;39mRule-based Manage…for Device Events and Files[0m...
[[0;32m  OK  [0m] Started [0;1;39mRule-based Manager for Device Events and Files[0m.
         Starting [0;1;39mAuto-connect to s…E devices found during boot[0m...
[[0;32m  OK  [0m] Finished [0;1;39mAuto-connect to s…VME devices found during boot[0m.
[[0;32m  OK  [0m] Finished [0;1;39mColdplug All udev Devices[0m.
         Starting [0;1;39mWait for udev To …plete Device Initialization[0m...
[[0;32m  OK  [0m] Finished [0;1;39mSetup Virtual Console[0m.
[[0;32m  OK  [0m] Started [0;1;39mDispatch Password …ts to Console Directory Watch[0m.
[[0;32m  OK  [0m] Reached target [0;1;39mLocal Encrypted Volumes[0m.
[[0;32m  OK  [0m] Reached target [0;1;39mPath Units[0m.
[[0;32m  OK  [0m] Found device [0;1;39m/dev/ttyS0[0m.
[[0;32m  OK  [0m] Listening on [0;1;39mLoad/Save RF …itch Status /dev/rfkill Watch[0m.
[[0;32m  OK  [0m] Finished [0;1;39mWait for udev To Complete Device Initialization[0m.
[[0;32m  OK  [0m] Reached target [0;1;39mPreparation for Local File Systems[0m.
[[0;32m  OK  [0m] Reached target [0;1;39mLocal File Systems[0m.
         Starting [0;1;39mTell Plymouth To Write Out Runtime Data[0m...
         Starting [0;1;39mAutomatic Boot Loader Update[0m...
         Starting [0;1;39mCreate Volatile Files and Directories[0m...
[[0;32m  OK  [0m] Finished [0;1;39mTell Plymouth To Write Out Runtime Data[0m.
[[0;32m  OK  [0m] Finished [0;1;39mAutomatic Boot Loader Update[0m.
[[0;32m  OK  [0m] Finished [0;1;39mCreate Volatile Files and Directories[0m.
         Mounting [0;1;39mRPC Pipe File System[0m...
         Starting [0;1;39mSecurity Auditing Service[0m...
         Starting [0;1;39mRPC Bind[0m...
[[0;32m  OK  [0m] Mounted [0;1;39mRPC Pipe File System[0m.
[[0;32m  OK  [0m] Reached target [0;1;39mrpc_pipefs.target[0m.
[[0;32m  OK  [0m] Started [0;1;39mRPC Bind[0m.
[[0;32m  OK  [0m] Started [0;1;39mSecurity Auditing Service[0m.
         Starting [0;1;39mRecord System Boot/Shutdown in UTMP[0m...
[[0;32m  OK  [0m] Finished [0;1;39mRecord System Boot/Shutdown in UTMP[0m.
[[0;32m  OK  [0m] Reached target [0;1;39mSystem Initialization[0m.
[[0;32m  OK  [0m] Started [0;1;39mDaily rotation of log files[0m.
[[0;32m  OK  [0m] Started [0;1;39mUpdates mlocate database every day[0m.
[[0;32m  OK  [0m] Started [0;1;39mDaily Cleanup of Temporary Directories[0m.
[[0;32m  OK  [0m] Started [0;1;39mdaily update of the root trust anchor for DNSSEC[0m.
[[0;32m  OK  [0m] Reached target [0;1;39mTimer Units[0m.
[[0;32m  OK  [0m] Listening on [0;1;39mD-Bus System Message Bus Socket[0m.
[[0;32m  OK  [0m] Listening on [0;1;39mOpen-iSCSI iscsid Socket[0m.
[[0;32m  OK  [0m] Listening on [0;1;39mOpen-iSCSI iscsiuio Socket[0m.
[[0;32m  OK  [0m] Listening on [0;1;39mSSSD Kerberos…ache Manager responder socket[0m.
[[0;32m  OK  [0m] Listening on [0;1;39mLibvirt interface local socket[0m.
[[0;32m  OK  [0m] Listening on [0;1;39mVirtual machine lock manager socket[0m.
[[0;32m  OK  [0m] Listening on [0;1;39mVirtual machine log manager socket[0m.
[[0;32m  OK  [0m] Listening on [0;1;39mLibvirt network local socket[0m.
[[0;32m  OK  [0m] Listening on [0;1;39mLibvirt nodedev local socket[0m.
[[0;32m  OK  [0m] Listening on [0;1;39mLibvirt nwfilter local socket[0m.
[[0;32m  OK  [0m] Listening on [0;1;39mLibvirt proxy local socket[0m.
[[0;32m  OK  [0m] Listening on [0;1;39mLibvirt qemu local socket[0m.
[[0;32m  OK  [0m] Listening on [0;1;39mLibvirt qemu admin socket[0m.
[[0;32m  OK  [0m] Listening on [0;1;39mLibvirt qemu local read-only socket[0m.
[[0;32m  OK  [0m] Listening on [0;1;39mLibvirt secret local socket[0m.
[[0;32m  OK  [0m] Listening on [0;1;39mLibvirt storage local socket[0m.
[[0;32m  OK  [0m] Reached target [0;1;39mSocket Units[0m.
         Starting [0;1;39mD-Bus System Message Bus[0m...
[[0;32m  OK  [0m] Started [0;1;39mD-Bus System Message Bus[0m.
[[0;32m  OK  [0m] Reached target [0;1;39mBasic System[0m.
         Starting [0;1;39mNetwork Manager[0m...
         Starting [0;1;39mNTP client/server[0m...
         Starting [0;1;39mRestore /run/initramfs on shutdown[0m...
[[0;32m  OK  [0m] Started [0;1;39mirqbalance daemon[0m.
[[0;32m  OK  [0m] Started [0;1;39mlibstoragemgmt plug-in server daemon[0m.
[[0;32m  OK  [0m] Started [0;1;39mMachine Check Exception Logging Daemon[0m.
[[0;32m  OK  [0m] Reached target [0;1;39msshd-keygen.target[0m.
[[0;32m  OK  [0m] Reached target [0;1;39mUser and Group Name Lookups[0m.
         Starting [0;1;39mUser Login Management[0m...
         Starting [0;1;39mVirtual Machine a…tainer Registration Service[0m...
         Starting [0;1;39mupdate of the roo…NSSEC validation in unbound[0m...
         Starting [0;1;39mRotate log files[0m...
[[0;32m  OK  [0m] Started [0;1;39mUpdate a database for mlocate[0m.
[[0;32m  OK  [0m] Started [0;1;39mNTP client/server[0m.
[[0;32m  OK  [0m] Finished [0;1;39mRestore /run/initramfs on shutdown[0m.
[[0;32m  OK  [0m] Started [0;1;39mVirtual Machine an…ontainer Registration Service[0m.
         Starting [0;1;39mHostname Service[0m...
[[0;32m  OK  [0m] Started [0;1;39mUser Login Management[0m.
[[0;32m  OK  [0m] Finished [0;1;39mupdate of the roo… DNSSEC validation in unbound[0m.
[[0;32m  OK  [0m] Started [0;1;39mHostname Service[0m.
[[0;32m  OK  [0m] Finished [0;1;39mRotate log files[0m.
         Starting [0;1;39mNetwork Manager Script Dispatcher Service[0m...
[[0;32m  OK  [0m] Started [0;1;39mNetwork Manager Script Dispatcher Service[0m.
[   10.003640] e1000: eth0 NIC Link is Up 1000 Mbps Full Duplex, Flow Control: RX
[[0;32m  OK  [0m] Started [0;1;39mNetwork Manager[0m.
[[0;32m  OK  [0m] Reached target [0;1;39mNetwork[0m.
[[0;32m  OK  [0m] Reached target [0;1;39mNetwork is Online[0m.
         Starting [0;1;39mGSSAPI Proxy Daemon[0m...
         Starting [0;1;39mNotify NFS peers of a restart[0m...
         Starting [0;1;39mSystem Logging Service[0m...
         Starting [0;1;39mOpenSSH server daemon[0m...
         Starting [0;1;39mDynamic System Tuning Daemon[0m...
[[0;32m  OK  [0m] Started [0;1;39mNotify NFS peers of a restart[0m.
[[0;32m  OK  [0m] Started [0;1;39mGSSAPI Proxy Daemon[0m.
[[0;32m  OK  [0m] Reached target [0;1;39mNFS client services[0m.
[[0;32m  OK  [0m] Reached target [0;1;39mPreparation for Remote File Systems[0m.
[[0;32m  OK  [0m] Reached target [0;1;39mRemote File Systems[0m.
         Starting [0;1;39mPermit User Sessions[0m...
         Starting [0;1;39mVirtualization qemu daemon[0m...
[[0;32m  OK  [0m] Started [0;1;39mOpenSSH server daemon[0m.
[[0;32m  OK  [0m] Finished [0;1;39mPermit User Sessions[0m.
[[0;32m  OK  [0m] Started [0;1;39mDeferred execution scheduler[0m.
[[0;32m  OK  [0m] Started [0;1;39mCommand Scheduler[0m.
         Starting [0;1;39mHold until boot process finishes up[0m...
         Starting [0;1;39mTerminate Plymouth Boot Screen[0m...
[[0;32m  OK  [0m] Started [0;1;39mSystem Logging Service[0m.
[[0;32m  OK  [0m] Started [0;1;39mVirtualization qemu daemon[0m.
[[0;32m  OK  [0m] Finished [0;1;39mHold until boot process finishes up[0m.
[[0;32m  OK  [0m] Finished [0;1;39mTerminate Plymouth Boot Screen[0m.
[[0;32m  OK  [0m] Started [0;1;39mGetty on tty1[0m.
[[0;32m  OK  [0m] Started [0;1;39mSerial Getty on ttyS0[0m.
[[0;32m  OK  [0m] Reached target [0;1;39mLogin Prompts[0m.
         Starting [0;1;39mAuthorization Manager[0m...
[[0;32m  OK  [0m] Started [0;1;39mAuthorization Manager[0m.
[[0;32m  OK  [0m] Started [0;1;39mDynamic System Tuning Daemon[0m.
[[0;32m  OK  [0m] Reached target [0;1;39mMulti-User System[0m.
         Starting [0;1;39mRecord Runlevel Change in UTMP[0m...
[[0;32m  OK  [0m] Finished [0;1;39mRecord Runlevel Change in UTMP[0m.

CentOS Stream 9
Kernel 6.10.0-923a327e8f22+ on an x86_64

Activate the web console with: systemctl enable --now cockpit.socket

test login: [   38.831124] hrtimer: interrupt took 19141 ns
[   48.662046] systemd-journald[147]: Data hash table of /run/log/journal/938775788448454bb5b34822d5730c41/system.journal has a fill level at 75.0 (5281 of 7040 items, 4055040 file size, 767 bytes per hash table item), suggesting rotation.
[   48.663096] systemd-journald[147]: /run/log/journal/938775788448454bb5b34822d5730c41/system.journal: Journal header limits reached or header out-of-date, rotating.
[  109.854885] systemd-journald[147]: Data hash table of /run/log/journal/938775788448454bb5b34822d5730c41/system.journal has a fill level at 75.0 (5283 of 7040 items, 4055040 file size, 767 bytes per hash table item), suggesting rotation.
[  109.858255] systemd-journald[147]: /run/log/journal/938775788448454bb5b34822d5730c41/system.journal: Journal header limits reached or header out-of-date, rotating.
[  170.984686] systemd-journald[147]: Data hash table of /run/log/journal/938775788448454bb5b34822d5730c41/system.journal has a fill level at 75.0 (5283 of 7040 items, 4055040 file size, 767 bytes per hash table item), suggesting rotation.
[  170.985766] systemd-journald[147]: /run/log/journal/938775788448454bb5b34822d5730c41/system.journal: Journal header limits reached or header out-of-date, rotating.
[  232.123195] systemd-journald[147]: Data hash table of /run/log/journal/938775788448454bb5b34822d5730c41/system.journal has a fill level at 75.1 (5284 of 7040 items, 4055040 file size, 767 bytes per hash table item), suggesting rotation.
[  232.124259] systemd-journald[147]: /run/log/journal/938775788448454bb5b34822d5730c41/system.journal: Journal header limits reached or header out-of-date, rotating.
[  293.457582] systemd-journald[147]: Data hash table of /run/log/journal/938775788448454bb5b34822d5730c41/system.journal has a fill level at 75.0 (5281 of 7040 items, 4055040 file size, 767 bytes per hash table item), suggesting rotation.
[  293.458800] systemd-journald[147]: /run/log/journal/938775788448454bb5b34822d5730c41/system.journal: Journal header limits reached or header out-of-date, rotating.
[  316.815289] EXT4-fs (sda): error count since last fsck: 8
[  316.815889] EXT4-fs (sda): initial error at time 1699515630: ext4_mb_release_inode_pa:5364
[  316.816307] EXT4-fs (sda): last error at time 1699515808: mb_free_blocks:1917: block 1286144
[  354.645637] systemd-journald[147]: Data hash table of /run/log/journal/938775788448454bb5b34822d5730c41/system.journal has a fill level at 75.0 (5281 of 7040 items, 4055040 file size, 767 bytes per hash table item), suggesting rotation.
[  354.646688] systemd-journald[147]: /run/log/journal/938775788448454bb5b34822d5730c41/system.journal: Journal header limits reached or header out-of-date, rotating.
[  415.693662] systemd-journald[147]: Data hash table of /run/log/journal/938775788448454bb5b34822d5730c41/system.journal has a fill level at 75.0 (5281 of 7040 items, 4055040 file size, 767 bytes per hash table item), suggesting rotation.
[  415.695796] systemd-journald[147]: /run/log/journal/938775788448454bb5b34822d5730c41/system.journal: Journal header limits reached or header out-of-date, rotating.
[  476.731412] systemd-journald[147]: Data hash table of /run/log/journal/938775788448454bb5b34822d5730c41/system.journal has a fill level at 75.0 (5282 of 7040 items, 4055040 file size, 767 bytes per hash table item), suggesting rotation.
[  476.732445] systemd-journald[147]: /run/log/journal/938775788448454bb5b34822d5730c41/system.journal: Journal header limits reached or header out-of-date, rotating.
[  537.737295] systemd-journald[147]: Data hash table of /run/log/journal/938775788448454bb5b34822d5730c41/system.journal has a fill level at 75.0 (5282 of 7040 items, 4055040 file size, 767 bytes per hash table item), suggesting rotation.
[  537.738368] systemd-journald[147]: /run/log/journal/938775788448454bb5b34822d5730c41/system.journal: Journal header limits reached or header out-of-date, rotating.
[  598.970144] systemd-journald[147]: Data hash table of /run/log/journal/938775788448454bb5b34822d5730c41/system.journal has a fill level at 75.0 (5283 of 7040 items, 4055040 file size, 767 bytes per hash table item), suggesting rotation.
[  598.973077] systemd-journald[147]: /run/log/journal/938775788448454bb5b34822d5730c41/system.journal: Journal header limits reached or header out-of-date, rotating.
[  660.297263] systemd-journald[147]: Data hash table of /run/log/journal/938775788448454bb5b34822d5730c41/system.journal has a fill level at 75.0 (5281 of 7040 items, 4055040 file size, 767 bytes per hash table item), suggesting rotation.
[  660.298310] systemd-journald[147]: /run/log/journal/938775788448454bb5b34822d5730c41/system.journal: Journal header limits reached or header out-of-date, rotating.
[  721.522857] systemd-journald[147]: Data hash table of /run/log/journal/938775788448454bb5b34822d5730c41/system.journal has a fill level at 75.1 (5287 of 7040 items, 4055040 file size, 766 bytes per hash table item), suggesting rotation.
[  721.529306] systemd-journald[147]: /run/log/journal/938775788448454bb5b34822d5730c41/system.journal: Journal header limits reached or header out-of-date, rotating.
[  782.417124] systemd-journald[147]: Data hash table of /run/log/journal/938775788448454bb5b34822d5730c41/system.journal has a fill level at 75.0 (5282 of 7040 items, 4055040 file size, 767 bytes per hash table item), suggesting rotation.
[  782.418434] systemd-journald[147]: /run/log/journal/938775788448454bb5b34822d5730c41/system.journal: Journal header limits reached or header out-of-date, rotating.
[  843.681591] systemd-journald[147]: Data hash table of /run/log/journal/938775788448454bb5b34822d5730c41/system.journal has a fill level at 75.1 (5284 of 7040 items, 4055040 file size, 767 bytes per hash table item), suggesting rotation.
[  843.682674] systemd-journald[147]: /run/log/journal/938775788448454bb5b34822d5730c41/system.journal: Journal header limits reached or header out-of-date, rotating.
[  904.416480] systemd-journald[147]: Data hash table of /run/log/journal/938775788448454bb5b34822d5730c41/system.journal has a fill level at 75.0 (5283 of 7040 items, 4055040 file size, 767 bytes per hash table item), suggesting rotation.
[  904.417523] systemd-journald[147]: /run/log/journal/938775788448454bb5b34822d5730c41/system.journal: Journal header limits reached or header out-of-date, rotating.
[  965.596701] systemd-journald[147]: Data hash table of /run/log/journal/938775788448454bb5b34822d5730c41/system.journal has a fill level at 75.0 (5282 of 7040 items, 4055040 file size, 767 bytes per hash table item), suggesting rotation.
[  965.597725] systemd-journald[147]: /run/log/journal/938775788448454bb5b34822d5730c41/system.journal: Journal header limits reached or header out-of-date, rotating.
[ 1026.694524] systemd-journald[147]: Data hash table of /run/log/journal/938775788448454bb5b34822d5730c41/system.journal has a fill level at 75.0 (5282 of 7040 items, 4055040 file size, 767 bytes per hash table item), suggesting rotation.
[ 1026.697434] systemd-journald[147]: /run/log/journal/938775788448454bb5b34822d5730c41/system.journal: Journal header limits reached or header out-of-date, rotating.
[ 1087.616388] systemd-journald[147]: Data hash table of /run/log/journal/938775788448454bb5b34822d5730c41/system.journal has a fill level at 75.0 (5281 of 7040 items, 4055040 file size, 767 bytes per hash table item), suggesting rotation.
[ 1087.621354] systemd-journald[147]: /run/log/journal/938775788448454bb5b34822d5730c41/system.journal: Journal header limits reached or header out-of-date, rotating.
[ 1149.154205] systemd-journald[147]: Data hash table of /run/log/journal/938775788448454bb5b34822d5730c41/system.journal has a fill level at 75.0 (5283 of 7040 items, 4055040 file size, 767 bytes per hash table item), suggesting rotation.
[ 1149.160535] systemd-journald[147]: /run/log/journal/938775788448454bb5b34822d5730c41/system.journal: Journal header limits reached or header out-of-date, rotating.
[ 1209.707230] systemd-journald[147]: Data hash table of /run/log/journal/938775788448454bb5b34822d5730c41/system.journal has a fill level at 75.0 (5281 of 7040 items, 4055040 file size, 767 bytes per hash table item), suggesting rotation.
[ 1209.708261] systemd-journald[147]: /run/log/journal/938775788448454bb5b34822d5730c41/system.journal: Journal header limits reached or header out-of-date, rotating.
[ 1270.610161] systemd-journald[147]: Data hash table of /run/log/journal/938775788448454bb5b34822d5730c41/system.journal has a fill level at 75.1 (5285 of 7040 items, 4055040 file size, 767 bytes per hash table item), suggesting rotation.
[ 1270.613874] systemd-journald[147]: /run/log/journal/938775788448454bb5b34822d5730c41/system.journal: Journal header limits reached or header out-of-date, rotating.
[ 1331.230356] systemd-journald[147]: Data hash table of /run/log/journal/938775788448454bb5b34822d5730c41/system.journal has a fill level at 75.0 (5281 of 7040 items, 4055040 file size, 767 bytes per hash table item), suggesting rotation.
[ 1331.235694] systemd-journald[147]: /run/log/journal/938775788448454bb5b34822d5730c41/system.journal: Journal header limits reached or header out-of-date, rotating.
[ 1392.582664] systemd-journald[147]: Data hash table of /run/log/journal/938775788448454bb5b34822d5730c41/system.journal has a fill level at 75.1 (5286 of 7040 items, 4055040 file size, 767 bytes per hash table item), suggesting rotation.
[ 1392.584808] systemd-journald[147]: /run/log/journal/938775788448454bb5b34822d5730c41/system.journal: Journal header limits reached or header out-of-date, rotating.
[ 1453.641641] systemd-journald[147]: Data hash table of /run/log/journal/938775788448454bb5b34822d5730c41/system.journal has a fill level at 75.0 (5283 of 7040 items, 4055040 file size, 767 bytes per hash table item), suggesting rotation.
[ 1453.642649] systemd-journald[147]: /run/log/journal/938775788448454bb5b34822d5730c41/system.journal: Journal header limits reached or header out-of-date, rotating.
[ 1514.456957] systemd-journald[147]: Data hash table of /run/log/journal/938775788448454bb5b34822d5730c41/system.journal has a fill level at 75.0 (5282 of 7040 items, 4055040 file size, 767 bytes per hash table item), suggesting rotation.
[ 1514.457964] systemd-journald[147]: /run/log/journal/938775788448454bb5b34822d5730c41/system.journal: Journal header limits reached or header out-of-date, rotating.
[ 1575.751379] systemd-journald[147]: Data hash table of /run/log/journal/938775788448454bb5b34822d5730c41/system.journal has a fill level at 75.1 (5286 of 7040 items, 4055040 file size, 767 bytes per hash table item), suggesting rotation.
[ 1575.752411] systemd-journald[147]: /run/log/journal/938775788448454bb5b34822d5730c41/system.journal: Journal header limits reached or header out-of-date, rotating.
[ 1637.041525] systemd-journald[147]: Data hash table of /run/log/journal/938775788448454bb5b34822d5730c41/system.journal has a fill level at 75.0 (5282 of 7040 items, 4055040 file size, 767 bytes per hash table item), suggesting rotation.
[ 1637.042701] systemd-journald[147]: /run/log/journal/938775788448454bb5b34822d5730c41/system.journal: Journal header limits reached or header out-of-date, rotating.
[ 1698.225499] systemd-journald[147]: Data hash table of /run/log/journal/938775788448454bb5b34822d5730c41/system.journal has a fill level at 75.0 (5282 of 7040 items, 4055040 file size, 767 bytes per hash table item), suggesting rotation.
[ 1698.226555] systemd-journald[147]: /run/log/journal/938775788448454bb5b34822d5730c41/system.journal: Journal header limits reached or header out-of-date, rotating.
[ 1759.137439] systemd-journald[147]: Data hash table of /run/log/journal/938775788448454bb5b34822d5730c41/system.journal has a fill level at 75.0 (5281 of 7040 items, 4055040 file size, 767 bytes per hash table item), suggesting rotation.
[ 1759.138478] systemd-journald[147]: /run/log/journal/938775788448454bb5b34822d5730c41/system.journal: Journal header limits reached or header out-of-date, rotating.
[ 1819.130695] systemd-journald[147]: Data hash table of /run/log/journal/938775788448454bb5b34822d5730c41/system.journal has a fill level at 75.0 (5283 of 7040 items, 4055040 file size, 767 bytes per hash table item), suggesting rotation.
[ 1819.132858] systemd-journald[147]: /run/log/journal/938775788448454bb5b34822d5730c41/system.journal: Journal header limits reached or header out-of-date, rotating.
[ 1879.875928] systemd-journald[147]: Data hash table of /run/log/journal/938775788448454bb5b34822d5730c41/system.journal has a fill level at 75.1 (5284 of 7040 items, 4055040 file size, 767 bytes per hash table item), suggesting rotation.
[ 1879.876966] systemd-journald[147]: /run/log/journal/938775788448454bb5b34822d5730c41/system.journal: Journal header limits reached or header out-of-date, rotating.
[ 1941.073208] systemd-journald[147]: Data hash table of /run/log/journal/938775788448454bb5b34822d5730c41/system.journal has a fill level at 75.0 (5281 of 7040 items, 4055040 file size, 767 bytes per hash table item), suggesting rotation.
[ 1941.074245] systemd-journald[147]: /run/log/journal/938775788448454bb5b34822d5730c41/system.journal: Journal header limits reached or header out-of-date, rotating.
[ 2001.392416] systemd-journald[147]: Data hash table of /run/log/journal/938775788448454bb5b34822d5730c41/system.journal has a fill level at 75.0 (5281 of 7040 items, 4055040 file size, 767 bytes per hash table item), suggesting rotation.
[ 2001.394037] systemd-journald[147]: /run/log/journal/938775788448454bb5b34822d5730c41/system.journal: Journal header limits reached or header out-of-date, rotating.
[ 2061.410924] systemd-journald[147]: Data hash table of /run/log/journal/938775788448454bb5b34822d5730c41/system.journal has a fill level at 75.0 (5282 of 7040 items, 4055040 file size, 767 bytes per hash table item), suggesting rotation.
[ 2061.412028] systemd-journald[147]: /run/log/journal/938775788448454bb5b34822d5730c41/system.journal: Journal header limits reached or header out-of-date, rotating.
