c[?7l[2J[0mSeaBIOS (version rel-1.16.3-0-ga6ed6b701f0a-prebuilt.qemu.org)


iPXE (http://ipxe.org) 00:03.0 CA00 PCI2.10 PnP PMM+7EFD0D60+7EF30D60 CA00
Press Ctrl-B to configure iPXE (PCI 00:03.0)...                                                                               


Booting from ROM..c[?7l[2J[    0.000000] Linux version 7.0.0-rc3-v7.0-rc3 (root@gnr-800442) (gcc (GCC) 11.5.0 20240719 (Red Hat 11.5.0-14), GNU ld version 2.35.2-66.el9) #1 SMP PREEMPT_DYNAMIC Tue Mar 10 08:22:14 CST 2026
[    0.000000] Command line: console=ttyS0 root=/dev/sda earlyprintk=serial net.ifnames=0 thunderbolt.dyndbg
[    0.000000] KERNEL supported cpus:
[    0.000000]   Intel GenuineIntel
[    0.000000]   AMD AuthenticAMD
[    0.000000]   Hygon HygonGenuine
[    0.000000]   Centaur CentaurHauls
[    0.000000]   zhaoxin   Shanghai  
[    0.000000] x86/CPU: Model not found in latest microcode list
[    0.000000] x86/split lock detection: #DB: warning on user-space bus_locks
[    0.000000] BIOS-provided physical RAM map:
[    0.000000] BIOS-e820: [mem 0x0000000000000000-0x000000000009fbff]  System RAM
[    0.000000] BIOS-e820: [mem 0x000000000009fc00-0x000000000009ffff]  device reserved
[    0.000000] BIOS-e820: [gap 0x00000000000a0000-0x00000000000effff]
[    0.000000] BIOS-e820: [mem 0x00000000000f0000-0x00000000000fffff]  device reserved
[    0.000000] BIOS-e820: [mem 0x0000000000100000-0x000000007ffdffff]  System RAM
[    0.000000] BIOS-e820: [mem 0x000000007ffe0000-0x000000007fffffff]  device reserved
[    0.000000] BIOS-e820: [gap 0x0000000080000000-0x00000000feffbfff]
[    0.000000] BIOS-e820: [mem 0x00000000feffc000-0x00000000feffffff]  device reserved
[    0.000000] BIOS-e820: [gap 0x00000000ff000000-0x00000000fffbffff]
[    0.000000] BIOS-e820: [mem 0x00000000fffc0000-0x00000000ffffffff]  device reserved
[    0.000000] printk: legacy bootconsole [earlyser0] enabled
[    0.000000] NX (Execute Disable) protection: active
[    0.000000] APIC: Static calls initialized
[    0.000000] SMBIOS 3.0.0 present.
[    0.000000] DMI: QEMU Standard PC (i440FX + PIIX, 1996), BIOS rel-1.16.3-0-ga6ed6b701f0a-prebuilt.qemu.org 04/01/2014
[    0.000000] DMI: Memory slots populated: 1/1
[    0.000000] Hypervisor detected: KVM
[    0.000000] last_pfn = 0x7ffe0 max_arch_pfn = 0x10000000000
[    0.000000] kvm-clock: Using msrs 4b564d01 and 4b564d00
[    0.000002] kvm-clock: using sched offset of 741001091 cycles
[    0.000487] clocksource: kvm-clock: mask: 0xffffffffffffffff max_cycles: 0x1cd42e4dffb, max_idle_ns: 881590591483 ns
[    0.002001] tsc: Detected 2500.000 MHz processor
[    0.011450] last_pfn = 0x7ffe0 max_arch_pfn = 0x10000000000
[    0.011998] MTRR map: 4 entries (3 fixed + 1 variable; max 19), built from 8 variable MTRRs
[    0.012782] x86/PAT: Configuration [0-7]: WB  WC  UC- UC  WB  WP  UC- WT  
[    0.018747] found SMP MP-table at [mem 0x000f5480-0x000f548f]
[    0.019311] Using GB pages for direct mapping
[    0.022071] ACPI: Early table checksum verification disabled
[    0.022611] ACPI: RSDP 0x00000000000F52A0 000014 (v00 BOCHS )
[    0.023155] ACPI: RSDT 0x000000007FFE1C9B 000034 (v01 BOCHS  BXPC     00000001 BXPC 00000001)
[    0.023968] ACPI: FACP 0x000000007FFE1B47 000074 (v01 BOCHS  BXPC     00000001 BXPC 00000001)
[    0.024769] ACPI: DSDT 0x000000007FFE0040 001B07 (v01 BOCHS  BXPC     00000001 BXPC 00000001)
[    0.025563] ACPI: FACS 0x000000007FFE0000 000040
[    0.025999] ACPI: APIC 0x000000007FFE1BBB 000080 (v03 BOCHS  BXPC     00000001 BXPC 00000001)
[    0.026765] ACPI: HPET 0x000000007FFE1C3B 000038 (v01 BOCHS  BXPC     00000001 BXPC 00000001)
[    0.027493] ACPI: WAET 0x000000007FFE1C73 000028 (v01 BOCHS  BXPC     00000001 BXPC 00000001)
[    0.028213] ACPI: Reserving FACP table memory at [mem 0x7ffe1b47-0x7ffe1bba]
[    0.028840] ACPI: Reserving DSDT table memory at [mem 0x7ffe0040-0x7ffe1b46]
[    0.029495] ACPI: Reserving FACS table memory at [mem 0x7ffe0000-0x7ffe003f]
[    0.030138] ACPI: Reserving APIC table memory at [mem 0x7ffe1bbb-0x7ffe1c3a]
[    0.030789] ACPI: Reserving HPET table memory at [mem 0x7ffe1c3b-0x7ffe1c72]
[    0.031439] ACPI: Reserving WAET table memory at [mem 0x7ffe1c73-0x7ffe1c9a]
[    0.032708] No NUMA configuration found
[    0.033062] Faking a node at [mem 0x0000000000000000-0x000000007ffdffff]
[    0.033704] NODE_DATA(0) allocated [mem 0x7ffb4ec0-0x7ffdfcbf]
[    0.088027] KernelAddressSanitizer initialized (generic)
[    0.088814] ACPI: PM-Timer IO Port: 0x608
[    0.089205] ACPI: LAPIC_NMI (acpi_id[0xff] dfl dfl lint[0x1])
[    0.089791] IOAPIC[0]: apic_id 0, version 17, address 0xfec00000, GSI 0-23
[    0.090434] ACPI: INT_SRC_OVR (bus 0 bus_irq 0 global_irq 2 dfl dfl)
[    0.091013] ACPI: INT_SRC_OVR (bus 0 bus_irq 5 global_irq 5 high level)
[    0.091625] ACPI: INT_SRC_OVR (bus 0 bus_irq 9 global_irq 9 high level)
[    0.092216] ACPI: INT_SRC_OVR (bus 0 bus_irq 10 global_irq 10 high level)
[    0.092837] ACPI: INT_SRC_OVR (bus 0 bus_irq 11 global_irq 11 high level)
[    0.093478] ACPI: Using ACPI (MADT) for SMP configuration information
[    0.094052] ACPI: HPET id: 0x8086a201 base: 0xfed00000
[    0.094542] TSC deadline timer available
[    0.094907] CPU topo: Max. logical packages:   1
[    0.095335] CPU topo: Max. logical nodes:      1
[    0.095748] CPU topo: Num. nodes per package:  1
[    0.096175] CPU topo: Max. logical dies:       1
[    0.096602] CPU topo: Max. dies per package:   1
[    0.097032] CPU topo: Max. threads per core:   1
[    0.097461] CPU topo: Num. cores per package:     2
[    0.097905] CPU topo: Num. threads per package:   2
[    0.098354] CPU topo: Allowing 2 present CPUs plus 0 hotplug CPUs
[    0.098953] kvm-guest: APIC: eoi() replaced with kvm_guest_apic_eoi_write()
[    0.099625] kvm-guest: KVM setup pv remote TLB flush
[    0.100077] kvm-guest: setup PV sched yield
[    0.100512] PM: hibernation: Registered nosave memory: [mem 0x00000000-0x00000fff]
[    0.101205] PM: hibernation: Registered nosave memory: [mem 0x0009f000-0x000fffff]
[    0.101918] [gap 0x80000000-0xfeffbfff] available for PCI devices
[    0.102484] Booting paravirtualized kernel on KVM
[    0.102907] clocksource: refined-jiffies: mask: 0xffffffff max_cycles: 0xffffffff, max_idle_ns: 7645519600211568 ns
[    0.104316] Zone ranges:
[    0.104588]   DMA      [mem 0x0000000000001000-0x0000000000ffffff]
[    0.105161]   DMA32    [mem 0x0000000001000000-0x000000007ffdffff]
[    0.105735]   Normal   empty
[    0.106004]   Device   empty
[    0.106272] Movable zone start for each node
[    0.106667] Early memory node ranges
[    0.106968]   node   0: [mem 0x0000000000001000-0x000000000009efff]
[    0.107499]   node   0: [mem 0x0000000000100000-0x000000007ffdffff]
[    0.108023] Initmem setup node 0 [mem 0x0000000000001000-0x000000007ffdffff]
[    0.108890] On node 0, zone DMA: 1 pages in unavailable ranges
[    0.109638] On node 0, zone DMA: 97 pages in unavailable ranges
[    0.139553] On node 0, zone DMA32: 32 pages in unavailable ranges
[    0.140134] setup_percpu: NR_CPUS:8192 nr_cpumask_bits:2 nr_cpu_ids:2 nr_node_ids:1
[    0.141303] percpu: Embedded 81 pages/cpu s294912 r8192 d28672 u1048576
[    0.142108] kvm-guest: PV spinlocks enabled
[    0.142517] PV qspinlock hash table entries: 256 (order: 0, 4096 bytes, linear)
[    0.143201] Kernel command line: net.ifnames=0 console=ttyS0 root=/dev/sda earlyprintk=serial net.ifnames=0 thunderbolt.dyndbg
[    0.144553] random: crng init done
[    0.144871] printk: log buffer data + meta data: 262144 + 1114112 = 1376256 bytes
[    0.145970] Dentry cache hash table entries: 262144 (order: 9, 2097152 bytes, linear)
[    0.147057] Inode-cache hash table entries: 131072 (order: 8, 1048576 bytes, linear)
[    0.148060] Fallback order for Node 0: 0 
[    0.148072] Built 1 zonelists, mobility grouping on.  Total pages: 524158
[    0.149063] Policy zone: DMA32
[    0.149355] mem auto-init: stack:off, heap alloc:off, heap free:off
[    0.149928] stackdepot: allocating hash table via alloc_large_system_hash
[    0.150554] stackdepot hash table entries: 1048576 (order: 12, 16777216 bytes, linear)
[    0.154296] stackdepot: allocating space for 8192 stack pools via memblock
[    0.190937] SLUB: HWalign=64, Order=0-3, MinObjects=0, CPUs=2, Nodes=1
[    0.191529] kmemleak: Kernel memory leak detector disabled
[    0.230014] ftrace: allocating 75759 entries in 296 pages
[    0.230503] ftrace: allocated 296 pages with 3 groups
[    0.233905] Dynamic Preempt: lazy
[    0.234775] Running RCU self tests
[    0.235081] Running RCU synchronous self tests
[    0.235481] rcu: Preemptible hierarchical RCU implementation.
[    0.235985] rcu: 	RCU lockdep checking is enabled.
[    0.236423] rcu: 	RCU restricting CPUs from NR_CPUS=8192 to nr_cpu_ids=2.
[    0.237018] 	Trampoline variant of Tasks RCU enabled.
[    0.237478] 	Rude variant of Tasks RCU enabled.
[    0.237877] 	Tracing variant of Tasks RCU enabled.
[    0.238297] rcu: RCU calculated value of scheduler-enlistment delay is 25 jiffies.
[    0.238961] rcu: Adjusting geometry for rcu_fanout_leaf=16, nr_cpu_ids=2
[    0.239644] Running RCU synchronous self tests
[    0.240045] RCU Tasks: Setting shift to 1 and lim to 1 rcu_task_cb_adjust=1 rcu_task_cpu_ids=2.
[    0.240818] RCU Tasks Rude: Setting shift to 1 and lim to 1 rcu_task_cb_adjust=1 rcu_task_cpu_ids=2.
[    0.322523] NR_IRQS: 524544, nr_irqs: 440, preallocated irqs: 16
[    0.323689] rcu: srcu_init: Setting srcu_struct sizes based on contention.
[    0.332897] Console: colour VGA+ 80x25
[    0.333298] printk: legacy console [ttyS0] enabled
[    0.333298] printk: legacy console [ttyS0] enabled
[    0.334186] printk: legacy bootconsole [earlyser0] disabled
[    0.334186] printk: legacy bootconsole [earlyser0] disabled
[    0.335219] Lock dependency validator: Copyright (c) 2006 Red Hat, Inc., Ingo Molnar
[    0.335945] ... MAX_LOCKDEP_SUBCLASSES:  8
[    0.336342] ... MAX_LOCK_DEPTH:          48
[    0.336733] ... MAX_LOCKDEP_KEYS:        8192
[    0.337143] ... CLASSHASH_SIZE:          4096
[    0.337573] ... MAX_LOCKDEP_ENTRIES:     32768
[    0.337990] ... MAX_LOCKDEP_CHAINS:      65536
[    0.338423] ... CHAINHASH_SIZE:          32768
[    0.338842]  memory used by lock dependency info: 6429 kB
[    0.339350]  memory used for stack traces: 4224 kB
[    0.339802]  per task-struct memory footprint: 1920 bytes
[    0.340425] ACPI: Core revision 20251212
[    0.341285] clocksource: hpet: mask: 0xffffffff max_cycles: 0xffffffff, max_idle_ns: 19112604467 ns
[    0.342305] APIC: Switch to symmetric I/O mode setup
[    0.343059] x2apic enabled
[    0.343740] APIC: Switched APIC routing to: physical x2apic
[    0.344267] kvm-guest: APIC: send_IPI_mask() replaced with kvm_send_ipi_mask()
[    0.344948] kvm-guest: APIC: send_IPI_mask_allbutself() replaced with kvm_send_ipi_mask_allbutself()
[    0.345794] kvm-guest: setup PV IPIs
[    0.347301] ..TIMER: vector=0x30 apic1=0 pin1=2 apic2=-1 pin2=-1
[    0.347900] clocksource: tsc-early: mask: 0xffffffffffffffff max_cycles: 0x240939f1bb2, max_idle_ns: 440795263295 ns
[    0.348888] Calibrating delay loop (skipped) preset value.. 5000.00 BogoMIPS (lpj=10000000)
[    0.349823] x86/cpu: User Mode Instruction Prevention (UMIP) activated
[    0.353013] Last level iTLB entries: 4KB 0, 2MB 0, 4MB 0
[    0.353510] Last level dTLB entries: 4KB 0, 2MB 0, 4MB 0, 1GB 0
[    0.354089] mitigations: Enabled attack vectors: user_kernel, user_user, guest_host, guest_guest, SMT mitigations: auto
[    0.355088] Speculative Store Bypass: Mitigation: Speculative Store Bypass disabled via prctl
[    0.355872] Spectre V2 : Mitigation: Enhanced / Automatic IBRS
[    0.356411] ITS: Mitigation: Aligned branch/return thunks
[    0.356880] Spectre V1 : Mitigation: usercopy/swapgs barriers and __user pointer sanitization
[    0.357665] Spectre V2 : WARNING: Unprivileged eBPF is enabled with eIBRS on, data leaks possible via Spectre v2 BHB attacks!
[    0.358695] Spectre V2 : Spectre v2 / PBRSB-eIBRS: Retire a single CALL on VMEXIT
[    0.359363] Spectre V2 : mitigation: Enabling conditional Indirect Branch Prediction Barrier
[    0.360112] active return thunk: its_return_thunk
[    0.360544] Spectre V2 : Spectre BHI mitigation: SW BHB clearing on syscall and VM exit
[    0.360942] x86/fpu: Supporting XSAVE feature 0x001: 'x87 floating point registers'
[    0.361646] x86/fpu: Supporting XSAVE feature 0x002: 'SSE registers'
[    0.362228] x86/fpu: Supporting XSAVE feature 0x004: 'AVX registers'
[    0.362797] x86/fpu: Supporting XSAVE feature 0x020: 'AVX-512 opmask'
[    0.363378] x86/fpu: Supporting XSAVE feature 0x040: 'AVX-512 Hi256'
[    0.363946] x86/fpu: Supporting XSAVE feature 0x080: 'AVX-512 ZMM_Hi256'
[    0.364885] x86/fpu: Supporting XSAVE feature 0x200: 'Protection Keys User registers'
[    0.365605] x86/fpu: Supporting XSAVE feature 0x20000: 'AMX Tile config'
[    0.366215] x86/fpu: Supporting XSAVE feature 0x40000: 'AMX Tile data'
[    0.366796] x86/fpu: xstate_offset[2]:  576, xstate_sizes[2]:  256
[    0.367347] x86/fpu: xstate_offset[5]:  832, xstate_sizes[5]:   64
[    0.367896] x86/fpu: xstate_offset[6]:  896, xstate_sizes[6]:  512
[    0.368880] x86/fpu: xstate_offset[7]: 1408, xstate_sizes[7]: 1024
[    0.369427] x86/fpu: xstate_offset[9]: 2432, xstate_sizes[9]:    8
[    0.369982] x86/fpu: xstate_offset[17]: 2496, xstate_sizes[17]:   64
[    0.370538] x86/fpu: xstate_offset[18]: 2560, xstate_sizes[18]: 8192
[    0.371112] x86/fpu: Enabled xstate features 0x602e7, context size is 10752 bytes, using 'compacted' format.
[    0.542243] Freeing SMP alternatives memory: 64K
[    0.542671] pid_max: default: 32768 minimum: 301
[    0.543501] Yama: becoming mindful.
[    0.544290] Mount-cache hash table entries: 4096 (order: 3, 32768 bytes, linear)
[    0.544890] Mountpoint-cache hash table entries: 4096 (order: 3, 32768 bytes, linear)
[    0.546234] VFS: Finished mounting rootfs on nullfs
[    0.547972] Running RCU synchronous self tests
[    0.548384] Running RCU synchronous self tests
[    0.549192] smpboot: CPU0: Intel GENUINE INTEL(R) XEON(R) (family: 0x6, model: 0xad, stepping: 0x0)
[    0.550795] Performance Events: PEBS fmt0-, Granite Rapids events, 
[    0.550872] core: The event 0x400 is not supported as a normal event.
[    0.552015] core: The event 0x8000 is not supported as a normal event.
[    0.552593] core: The event 0x8100 is not supported as a normal event.
[    0.552889] core: The event 0x8200 is not supported as a normal event.
[    0.553488] core: The event 0x8300 is not supported as a normal event.
[    0.554069] core: The event 0x8400 is not supported as a normal event.
[    0.554648] core: The event 0x8500 is not supported as a normal event.
[    0.555235] core: The event 0x8600 is not supported as a normal event.
[    0.555829] core: The event 0x8700 is not supported as a normal event.
[    0.556451] full-width counters, Intel PMU driver.
[    0.556886] ... version:                   2
[    0.557270] ... bit width:                 48
[    0.557662] ... generic counters:          8
[    0.558044] ... generic bitmap:            00000000000000ff
[    0.558555] ... fixed-purpose counters:    3
[    0.558939] ... fixed-purpose bitmap:      0000000000000007
[    0.559438] ... value mask:                0000ffffffffffff
[    0.559942] ... max period:                00007fffffffffff
[    0.560442] ... global_ctrl mask:          00000007000000ff
[    0.561396] signal: max sigframe size: 11952
[    0.561926] rcu: Hierarchical SRCU implementation.
[    0.562370] rcu: 	Max phase no-delay instances is 1000.
[    0.563051] Timer migration: 1 hierarchy levels; 8 children per group; 1 crossnode level
[    0.584635] smp: Bringing up secondary CPUs ...
[    0.585508] smpboot: x86: Booting SMP configuration:
[    0.585973] .... node  #0, CPUs:      #1
[    0.586257] smp: Brought up 1 node, 2 CPUs
[    0.586257] smpboot: Total of 2 processors activated (10000.00 BogoMIPS)
[    0.589806] Memory: 1591104K/2096632K available (81606K kernel code, 15867K rwdata, 18944K rodata, 16556K init, 20412K bss, 493188K reserved, 0K cma-reserved)
[    0.591917] devtmpfs: initialized
[    0.593671] x86/mm: Memory block size: 128MB
[    0.603645] Running RCU synchronous self tests
[    0.605327] Running RCU synchronous self tests
[    0.605846] Running RCU Tasks wait API self tests
[    0.605846] Running RCU Tasks Rude wait API self tests
[    0.605846] Running RCU Tasks Trace wait API self tests
[    0.609030] clocksource: jiffies: mask: 0xffffffff max_cycles: 0xffffffff, max_idle_ns: 7645041785100000 ns
[    0.609952] posixtimers hash table entries: 1024 (order: 5, 73728 bytes, linear)
[    0.610648] futex hash table entries: 512 (65536 bytes on 1 NUMA nodes, total 64 KiB, linear).
[    0.613479] 
[    0.613639] *************************************************************
[    0.614257] **     NOTICE NOTICE NOTICE NOTICE NOTICE NOTICE NOTICE    **
[    0.614872] **                                                         **
[    0.615476] **  IOMMU DebugFS SUPPORT HAS BEEN ENABLED IN THIS KERNEL  **
[    0.616093] **                                                         **
[    0.616693] ** This means that this kernel is built to expose internal **
[    0.616924] ** IOMMU data structures, which may compromise security on **
[    0.617527] ** your system.                                            **
[    0.618124] **                                                         **
[    0.618735] ** If you see this message and you are not debugging the   **
[    0.619324] ** kernel, report this immediately to your vendor!         **
[    0.619922] **                                                         **
[    0.620520] **     NOTICE NOTICE NOTICE NOTICE NOTICE NOTICE NOTICE    **
[    0.620932] *************************************************************
[    0.621601] PM: RTC time: 04:30:22, date: 2026-03-12
[    0.624511] NET: Registered PF_NETLINK/PF_ROUTE protocol family
[    0.626659] DMA: preallocated 256 KiB GFP_KERNEL|GFP_DMA pool for atomic allocations
[    0.627384] DMA: preallocated 256 KiB GFP_KERNEL|GFP_DMA32 pool for atomic allocations
[    0.628206] audit: initializing netlink subsys (disabled)
[    0.628917] Callback from call_rcu_tasks_trace() invoked.
[    0.629395] audit: type=2000 audit(1773289822.869:1): state=initialized audit_enabled=0 res=1
[    0.631147] thermal_sys: Registered thermal governor 'fair_share'
[    0.631155] thermal_sys: Registered thermal governor 'bang_bang'
[    0.631675] thermal_sys: Registered thermal governor 'step_wise'
[    0.632193] thermal_sys: Registered thermal governor 'user_space'
[    0.632749] cpuidle: using governor ladder
[    0.633266] cpuidle: using governor menu
[    0.634286] acpiphp: ACPI Hot Plug PCI Controller Driver version: 0.5
[    0.635806] PCI: Using configuration type 1 for base access
[    0.637581] kprobes: kprobe jump-optimization is enabled. All kprobes are optimized if possible.
[    0.641322] HugeTLB: registered 1.00 GiB page size, pre-allocated 0 pages
[    0.641976] HugeTLB: 16380 KiB vmemmap can be freed for a 1.00 GiB page
[    0.642569] HugeTLB: registered 2.00 MiB page size, pre-allocated 0 pages
[    0.644910] HugeTLB: 28 KiB vmemmap can be freed for a 2.00 MiB page
[    0.699045] ACPI: Added _OSI(Module Device)
[    0.699458] ACPI: Added _OSI(Processor Device)
[    0.699865] ACPI: Added _OSI(Processor Aggregator Device)
[    0.742531] ACPI: 1 ACPI AML tables successfully acquired and loaded
[    0.755460] ACPI: \_SB_: platform _OSC: OS support mask [002e7eff]
[    0.758640] ACPI: Interpreter enabled
[    0.759122] ACPI: PM: (supports S0 S3 S4 S5)
[    0.759522] ACPI: Using IOAPIC for interrupt routing
[    0.760079] PCI: Using host bridge windows from ACPI; if necessary, use "pci=nocrs" and report a bug
[    0.768880] PCI: Using E820 reservations for host bridge windows
[    0.770804] ACPI: Enabled 2 GPEs in block 00 to 0F
[    0.833687] ACPI: PCI Root Bridge [PCI0] (domain 0000 [bus 00-ff])
[    0.834289] acpi PNP0A03:00: _OSC: OS supports [ASPM ClockPM Segments MSI EDR HPX-Type3]
[    0.835018] acpi PNP0A03:00: _OSC: not requesting OS control; OS requires [ExtendedConfig ASPM ClockPM MSI]
[    0.835950] acpi PNP0A03:00: _OSC: platform retains control of PCIe features (AE_ERROR)
[    0.836778] acpi PNP0A03:00: fail to add MMCONFIG information, can't access extended configuration space under this bridge
[    0.842383] acpiphp: Slot [3] registered
[    0.842904] acpiphp: Slot [4] registered
[    0.843407] acpiphp: Slot [5] registered
[    0.843889] acpiphp: Slot [6] registered
[    0.844346] acpiphp: Slot [7] registered
[    0.844811] acpiphp: Slot [8] registered
[    0.845020] acpiphp: Slot [9] registered
[    0.845483] acpiphp: Slot [10] registered
[    0.845992] acpiphp: Slot [11] registered
[    0.846505] acpiphp: Slot [12] registered
[    0.847017] acpiphp: Slot [13] registered
[    0.847521] acpiphp: Slot [14] registered
[    0.847991] acpiphp: Slot [15] registered
[    0.848459] acpiphp: Slot [16] registered
[    0.848927] acpiphp: Slot [17] registered
[    0.849393] acpiphp: Slot [18] registered
[    0.849868] acpiphp: Slot [19] registered
[    0.850360] acpiphp: Slot [20] registered
[    0.850876] acpiphp: Slot [21] registered
[    0.851397] acpiphp: Slot [22] registered
[    0.851917] acpiphp: Slot [23] registered
[    0.852428] acpiphp: Slot [24] registered
[    0.852951] acpiphp: Slot [25] registered
[    0.853482] acpiphp: Slot [26] registered
[    0.853999] acpiphp: Slot [27] registered
[    0.854511] acpiphp: Slot [28] registered
[    0.855026] acpiphp: Slot [29] registered
[    0.855534] acpiphp: Slot [30] registered
[    0.856039] acpiphp: Slot [31] registered
[    0.856466] PCI host bridge to bus 0000:00
[    0.856894] pci_bus 0000:00: root bus resource [io  0x0000-0x0cf7 window]
[    0.857507] pci_bus 0000:00: root bus resource [io  0x0d00-0xffff window]
[    0.858110] pci_bus 0000:00: root bus resource [mem 0x000a0000-0x000bffff window]
[    0.858785] pci_bus 0000:00: root bus resource [mem 0x80000000-0xfebfffff window]
[    0.859442] pci_bus 0000:00: root bus resource [mem 0x100000000-0x17fffffff window]
[    0.860118] pci_bus 0000:00: root bus resource [bus 00-ff]
[    0.860713] pci 0000:00:00.0: [8086:1237] type 00 class 0x060000 conventional PCI endpoint
[    0.862547] pci 0000:00:01.0: [8086:7000] type 00 class 0x060100 conventional PCI endpoint
[    0.864748] pci 0000:00:01.1: [8086:7010] type 00 class 0x010180 conventional PCI endpoint
[    0.865451] pci 0000:00:01.1: BAR 4 [io  0xc040-0xc04f]
[    0.865951] pci 0000:00:01.1: BAR 0 [io  0x01f0-0x01f7]: legacy IDE quirk
[    0.866552] pci 0000:00:01.1: BAR 1 [io  0x03f6]: legacy IDE quirk
[    0.867095] pci 0000:00:01.1: BAR 2 [io  0x0170-0x0177]: legacy IDE quirk
[    0.867701] pci 0000:00:01.1: BAR 3 [io  0x0376]: legacy IDE quirk
[    0.869479] pci 0000:00:01.3: [8086:7113] type 00 class 0x068000 conventional PCI endpoint
[    0.870492] pci 0000:00:01.3: quirk: [io  0x0600-0x063f] claimed by PIIX4 ACPI
[    0.871130] pci 0000:00:01.3: quirk: [io  0x0700-0x070f] claimed by PIIX4 SMB
[    0.872971] pci 0000:00:02.0: [1234:1111] type 00 class 0x030000 conventional PCI endpoint
[    0.874898] pci 0000:00:02.0: BAR 0 [mem 0xfd000000-0xfdffffff pref]
[    0.875492] pci 0000:00:02.0: BAR 2 [mem 0xfebf0000-0xfebf0fff]
[    0.876044] pci 0000:00:02.0: ROM [mem 0xfebe0000-0xfebeffff pref]
[    0.876686] pci 0000:00:02.0: Video device with shadowed ROM at [mem 0x000c0000-0x000dffff]
[    0.882157] pci 0000:00:03.0: [8086:100e] type 00 class 0x020000 conventional PCI endpoint
[    0.883850] pci 0000:00:03.0: BAR 0 [mem 0xfebc0000-0xfebdffff]
[    0.884386] pci 0000:00:03.0: BAR 1 [io  0xc000-0xc03f]
[    0.884882] pci 0000:00:03.0: ROM [mem 0xfeb80000-0xfebbffff pref]
[    0.911017] ACPI: PCI: Interrupt link LNKA configured for IRQ 10
[    0.912622] ACPI: PCI: Interrupt link LNKB configured for IRQ 10
[    0.913894] ACPI: PCI: Interrupt link LNKC configured for IRQ 11
[    0.915461] ACPI: PCI: Interrupt link LNKD configured for IRQ 11
[    0.916434] ACPI: PCI: Interrupt link LNKS configured for IRQ 9
[    0.920938] iommu: Default domain type: Translated
[    0.921423] iommu: DMA domain TLB invalidation policy: lazy mode
[    0.926833] SCSI subsystem initialized
[    0.927693] ACPI: bus type USB registered
[    0.928308] usbcore: registered new interface driver usbfs
[    0.928917] usbcore: registered new interface driver hub
[    0.929466] usbcore: registered new device driver usb
[    0.930269] pps_core: LinuxPPS API ver. 1 registered
[    0.930713] pps_core: Software ver. 5.3.6 - Copyright 2005-2007 Rodolfo Giometti <giometti@linux.it>
[    0.931533] PTP clock support registered
[    0.937094] EDAC MC: Ver: 3.0.0
[    0.940891] NetLabel: Initializing
[    0.940891] NetLabel:  domain hash size = 128
[    0.941026] NetLabel:  protocols = UNLABELED CIPSOv4 CALIPSO
[    0.941667] NetLabel:  unlabeled traffic allowed by default
[    0.942690] PCI: Using ACPI for IRQ routing
[    0.943174] e820: register RAM buffer resource [mem 0x0009fc00-0x0009ffff]
[    0.943814] e820: register RAM buffer resource [mem 0x7ffe0000-0x7fffffff]
[    0.944715] pci 0000:00:02.0: vgaarb: setting as boot VGA device
[    0.944875] pci 0000:00:02.0: vgaarb: bridge control possible
[    0.944875] pci 0000:00:02.0: vgaarb: VGA device added: decodes=io+mem,owns=io+mem,locks=none
[    0.944888] vgaarb: loaded
[    0.949334] hpet0: at MMIO 0xfed00000, IRQs 2, 8, 0
[    0.949804] hpet0: 3 comparators, 64-bit 100.000000 MHz counter
[    0.953122] clocksource: Switched to clocksource kvm-clock
[    0.956875] VFS: Disk quotas dquot_6.6.0
[    0.956875] VFS: Dquot-cache hash table entries: 512 (order 0, 4096 bytes)
[    0.957477] pnp: PnP ACPI init
[    0.962157] pnp: PnP ACPI: found 6 devices
[    0.983631] clocksource: acpi_pm: mask: 0xffffff max_cycles: 0xffffff, max_idle_ns: 2085701024 ns
[    0.984865] NET: Registered PF_INET protocol family
[    0.985417] IP idents hash table entries: 32768 (order: 6, 262144 bytes, linear)
[    0.987341] tcp_listen_portaddr_hash hash table entries: 1024 (order: 5, 73728 bytes, linear)
[    0.988092] Table-perturb hash table entries: 65536 (order: 6, 262144 bytes, linear)
[    0.988956] TCP established hash table entries: 16384 (order: 5, 131072 bytes, linear)
[    0.989949] TCP bind hash table entries: 16384 (order: 10, 2359296 bytes, linear)
[    0.991648] TCP: Hash tables configured (established 16384 bind 16384)
[    0.992349] UDP hash table entries: 1024 (order: 6, 262144 bytes, linear)
[    0.993056] UDP-Lite hash table entries: 1024 (order: 6, 262144 bytes, linear)
[    0.994078] NET: Registered PF_UNIX/PF_LOCAL protocol family
[    0.995414] RPC: Registered named UNIX socket transport module.
[    0.995969] RPC: Registered udp transport module.
[    0.996401] RPC: Registered tcp transport module.
[    0.996846] RPC: Registered tcp-with-tls transport module.
[    0.997344] RPC: Registered tcp NFSv4.1 backchannel transport module.
[    0.997927] pci_bus 0000:00: resource 4 [io  0x0000-0x0cf7 window]
[    0.998499] pci_bus 0000:00: resource 5 [io  0x0d00-0xffff window]
[    0.999065] pci_bus 0000:00: resource 6 [mem 0x000a0000-0x000bffff window]
[    0.999684] pci_bus 0000:00: resource 7 [mem 0x80000000-0xfebfffff window]
[    1.000309] pci_bus 0000:00: resource 8 [mem 0x100000000-0x17fffffff window]
[    1.001344] pci 0000:00:01.0: PIIX3: Enabling Passive Release
[    1.001866] pci 0000:00:00.0: Limiting direct PCI/PCI transfers
[    1.002474] PCI: CLS 0 bytes, default 64
[    1.002908] ACPI: bus type thunderbolt registered
[    1.003701] clocksource: tsc: mask: 0xffffffffffffffff max_cycles: 0x240939f1bb2, max_idle_ns: 440795263295 ns
[    1.025379] Initialise system trusted keyrings
[    1.025897] Key type blacklist registered
[    1.026442] workingset: timestamp_bits=36 max_order=19 bucket_order=0
[    1.029353] squashfs: version 4.0 (2009/01/31) Phillip Lougher
[    1.031542] NFS: Registering the id_resolver key type
[    1.032028] Key type id_resolver registered
[    1.032426] Key type id_legacy registered
[    1.032887] nfs4filelayout_init: NFSv4 File Layout Driver Registering...
[    1.033521] nfs4flexfilelayout_init: NFSv4 Flexfile Layout Driver Registering...
[    1.034474] fuse: init (API version 7.45)
[    1.035517] SGI XFS with ACLs, security attributes, realtime, quota, no debug enabled
[    1.044939] 9p: Installing v9fs 9p2000 file system support
[    1.062373] Key type asymmetric registered
[    1.062760] Asymmetric key parser 'x509' registered
[    1.063351] Block layer SCSI generic (bsg) driver version 0.4 loaded (major 241)
[    1.064874] io scheduler mq-deadline registered
[    1.065472] io scheduler bfq registered
[    1.072716] ledtrig-cpu: registered to indicate activity on CPUs
[    1.074903] IPMI message handler: version 39.2
[    1.075403] ipmi device interface
[    1.077811] input: Power Button as /devices/platform/LNXPWRBN:00/input/input0
[    1.078819] ACPI: button: Power Button [PWRF]
[    1.081556] ERST DBG: ERST support is disabled.
[    1.083489] Serial: 8250/16550 driver, 32 ports, IRQ sharing enabled
[    1.085399] 00:04: ttyS0 at I/O 0x3f8 (irq = 4, base_baud = 115200) is a 16550A
[    1.117586] Linux agpgart interface v0.103
[    1.122224] ACPI: bus type drm_connector registered
[    1.152794] brd: module loaded
[    1.169257] loop: module loaded
[    1.184996] scsi host0: ata_piix
[    1.186517] scsi host1: ata_piix
[    1.187399] ata1: PATA max MWDMA2 cmd 0x1f0 ctl 0x3f6 bmdma 0xc040 irq 14 lpm-pol 0
[    1.188086] ata2: PATA max MWDMA2 cmd 0x170 ctl 0x376 bmdma 0xc048 irq 15 lpm-pol 0
[    1.191838] tun: Universal TUN/TAP device driver, 1.6
[    1.192697] e100: Intel(R) PRO/100 Network Driver
[    1.193267] e100: Copyright(c) 1999-2006 Intel Corporation
[    1.193899] e1000: Intel(R) PRO/1000 Network Driver
[    1.194333] e1000: Copyright (c) 1999-2006 Intel Corporation.
[    1.352645] ata1: found unknown device (class 0)
[    1.353602] ata1.00: Model 'QEMU HARDDISK', rev '2.5+', applying quirks: bridgeok
[    1.354299] ata1.00: ATA-7: QEMU HARDDISK, 2.5+, max UDMA/100
[    1.354809] ata1.00: 17196647 sectors, multi 16: LBA48 
[    1.356332] scsi 0:0:0:0: Direct-Access     ATA      QEMU HARDDISK    2.5+ PQ: 0 ANSI: 5
[    1.359935] sd 0:0:0:0: [sda] 17196647 512-byte logical blocks: (8.80 GB/8.20 GiB)
[    1.360782] ata2: found unknown device (class 0)
[    1.361647] ata2.00: ATAPI: QEMU DVD-ROM, 2.5+, max UDMA/100
[    1.362703] sd 0:0:0:0: [sda] Write Protect is off
[    1.363341] sd 0:0:0:0: Attached scsi generic sg0 type 0
[    1.364077] sd 0:0:0:0: [sda] Write cache: enabled, read cache: enabled, doesn't support DPO or FUA
[    1.365491] scsi 1:0:0:0: CD-ROM            QEMU     QEMU DVD-ROM     2.5+ PQ: 0 ANSI: 5
[    1.366553] sd 0:0:0:0: [sda] Preferred minimum I/O size 512 bytes
[    1.436612] sd 0:0:0:0: [sda] Attached SCSI disk
[    1.440586] scsi 1:0:0:0: Attached scsi generic sg1 type 5
[    2.035080] ACPI: \_SB_.LNKC: Enabled at IRQ 11
[    2.349246] e1000 0000:00:03.0 eth0: (PCI:33MHz:32-bit) 52:54:00:12:34:56
[    2.349893] e1000 0000:00:03.0 eth0: Intel(R) PRO/1000 Network Connection
[    2.350675] e1000e: Intel(R) PRO/1000 Network Driver
[    2.351134] e1000e: Copyright(c) 1999 - 2015 Intel Corporation.
[    2.351822] igb: Intel(R) Gigabit Ethernet Network Driver
[    2.352310] igb: Copyright (c) 2007-2014 Intel Corporation.
[    2.353252] PPP generic driver version 2.4.2
[    2.354356] VFIO - User Level meta-driver version: 0.3
[    2.355861] usbcore: registered new interface driver uas
[    2.356484] usbcore: registered new interface driver usb-storage
[    2.357309] i8042: PNP: PS/2 Controller [PNP0303:KBD,PNP0f13:MOU] at 0x60,0x64 irq 1,12
[    2.359122] serio: i8042 KBD port at 0x60,0x64 irq 1
[    2.359642] serio: i8042 AUX port at 0x60,0x64 irq 12
[    2.361465] mousedev: PS/2 mouse device common for all mice
[    2.363714] input: AT Translated Set 2 keyboard as /devices/platform/i8042/serio0/input/input1
[    2.365115] rtc_cmos 00:05: RTC can wake from S4
[    2.367612] rtc_cmos 00:05: registered as rtc0
[    2.368115] rtc_cmos 00:05: setting system clock to 2026-03-12T04:30:24 UTC (1773289824)
[    2.369224] rtc_cmos 00:05: alarms up to one day, y3k, 242 bytes nvram, hpet irqs
[    2.369959] i2c_dev: i2c /dev entries driver
[    2.370474] device-mapper: core: CONFIG_IMA_DISABLE_HTABLE is disabled. Duplicate IMA measurements will not be recorded in the IMA log.
[    2.371569] device-mapper: uevent: version 1.0.3
[    2.372511] device-mapper: ioctl: 4.50.0-ioctl (2025-04-28) initialised: dm-devel@lists.linux.dev
[    2.373895] input: VirtualPS/2 VMware VMMouse as /devices/platform/i8042/serio1/input/input4
[    2.375299] intel_pstate: CPU model not supported
[    2.375959] sdhci: Secure Digital Host Controller Interface driver
[    2.376517] sdhci: Copyright(c) Pierre Ossman
[    2.377173] sdhci-pltfm: SDHCI platform and OF driver helper
[    2.378258] drop_monitor: Initializing network drop monitor service
[    2.379203] NET: Registered PF_INET6 protocol family
[    2.380507] input: VirtualPS/2 VMware VMMouse as /devices/platform/i8042/serio1/input/input3
[    2.381641] Segment Routing with IPv6
[    2.382181] In-situ OAM (IOAM) with IPv6
[    2.382627] NET: Registered PF_PACKET protocol family
[    2.383264] 9pnet: Installing 9P2000 support
[    2.383757] Key type dns_resolver registered
[    2.393078] IPI shorthand broadcast: enabled
[    2.461313] sched_clock: Marking stable (2440003502, 20544051)->(2464803298, -4255745)
[    2.465395] registered taskstats version 1
[    2.469013] Loading compiled-in X.509 certificates
[    2.561064] Demotion targets for Node 0: null
[    2.562784] Key type .fscrypt registered
[    2.563170] Key type fscrypt-provisioning registered
[    2.576986] Key type encrypted registered
[    2.577394] ima: No TPM chip found, activating TPM-bypass!
[    2.577915] ima: Allocated hash algorithm: sha1
[    2.578393] ima: No architecture policies found
[    2.578958] evm: Initialising EVM extended attributes:
[    2.579432] evm: security.selinux
[    2.579740] evm: security.SMACK64
[    2.580061] evm: security.SMACK64EXEC
[    2.580390] evm: security.SMACK64TRANSMUTE
[    2.580773] evm: security.SMACK64MMAP
[    2.581119] evm: security.apparmor
[    2.581430] evm: security.ima
[    2.581700] evm: security.capability
[    2.582029] evm: HMAC attrs: 0x1
[    2.592701] PM:   Magic number: 2:781:514
[    2.593892] RAS: Correctable Errors collector initialized.
[    3.808616] clk: Disabling unused clocks
[    3.809082] PM: genpd: Disabling unused power domains
[    3.809081] Callback from call_rcu_tasks() invoked.
[    3.810762] md: Waiting for all devices to be available before autodetect
[    3.811210] md: If you don't use raid, use raid=noautodetect
[    3.811555] md: Autodetecting RAID arrays.
[    3.811821] md: autorun ...
[    3.812013] md: ... autorun DONE.
[    3.823391] EXT4-fs (sda): INFO: recovery required on readonly filesystem
[    3.823841] EXT4-fs (sda): write access will be enabled during recovery
[    3.885538] EXT4-fs (sda): recovery complete
[    3.888688] EXT4-fs (sda): mounted filesystem 088740a9-c8b4-422c-999d-a804eb68a4da ro with ordered data mode. Quota mode: none.
[    3.889413] VFS: Mounted root (ext4 filesystem) readonly on device 8:0.
[    3.892796] devtmpfs: mounted
[    3.893480] VFS: Pivoted into new rootfs
[    3.915175] Freeing unused decrypted memory: 2036K
[    3.920277] Freeing unused kernel image (initmem) memory: 16556K
[    3.920761] Write protecting the kernel read-only data: 102400k
[    3.923365] Freeing unused kernel image (text/rodata gap) memory: 312K
[    3.925391] Freeing unused kernel image (rodata/data gap) memory: 1536K
[    5.013309] x86/mm: Checked W+X mappings: passed, no W+X pages found.
[    5.013701] Run /sbin/init as init process
[    5.239735] systemd[1]: systemd 252-15.el9 running in system mode (+PAM +AUDIT +SELINUX -APPARMOR +IMA +SMACK +SECCOMP +GCRYPT +GNUTLS +OPENSSL +ACL +BLKID +CURL +ELFUTILS -FIDO2 +IDN2 -IDN -IPTC +KMOD +LIBCRYPTSETUP +LIBFDISK +PCRE2 -PWQUALITY +P11KIT -QRENCODE +TPM2 +BZIP2 +LZ4 +XZ +ZLIB +ZSTD -BPF_FRAMEWORK +XKBCOMMON +UTMP +SYSVINIT default-hierarchy=unified)
[    5.241695] systemd[1]: Detected virtualization kvm.
[    5.242024] systemd[1]: Detected architecture x86-64.

Welcome to [0;31mCentOS Stream 9[0m!

[    5.250390] systemd[1]: Hostname set to <test>.
[    5.427312] systemd-rc-local-generator[121]: /etc/rc.d/rc.local is not marked executable, skipping.
[    5.894293] systemd[1]: Queued start job for default target Multi-User System.
[    5.915560] systemd[1]: Created slice Virtual Machine and Container Slice.
[[0;32m  OK  [0m] Created slice [0;1;39mVirtual Machine and Container Slice[0m.
[    5.921005] systemd[1]: Created slice Slice /system/getty.
[[0;32m  OK  [0m] Created slice [0;1;39mSlice /system/getty[0m.
[    5.924353] systemd[1]: Created slice Slice /system/modprobe.
[[0;32m  OK  [0m] Created slice [0;1;39mSlice /system/modprobe[0m.
[    5.928014] systemd[1]: Created slice Slice /system/serial-getty.
[[0;32m  OK  [0m] Created slice [0;1;39mSlice /system/serial-getty[0m.
[    5.931654] systemd[1]: Created slice Slice /system/sshd-keygen.
[[0;32m  OK  [0m] Created slice [0;1;39mSlice /system/sshd-keygen[0m.
[    5.934782] systemd[1]: Created slice User and Session Slice.
[[0;32m  OK  [0m] Created slice [0;1;39mUser and Session Slice[0m.
[    5.936305] systemd[1]: Started Forward Password Requests to Wall Directory Watch.
[[0;32m  OK  [0m] Started [0;1;39mForward Password R…uests to Wall Directory Watch[0m.
[    5.938887] systemd[1]: Set up automount Arbitrary Executable File Formats File System Automount Point.
[[0;32m  OK  [0m] Set up automount [0;1;39mArbitrary…s File System Automount Point[0m.
[    5.940585] systemd[1]: Reached target Local Integrity Protected Volumes.
[[0;32m  OK  [0m] Reached target [0;1;39mLocal Integrity Protected Volumes[0m.
[    5.942289] systemd[1]: Reached target Slice Units.
[[0;32m  OK  [0m] Reached target [0;1;39mSlice Units[0m.
[    5.943578] systemd[1]: Reached target Swaps.
[[0;32m  OK  [0m] Reached target [0;1;39mSwaps[0m.
[    5.944683] systemd[1]: Reached target Local Verity Protected Volumes.
[[0;32m  OK  [0m] Reached target [0;1;39mLocal Verity Protected Volumes[0m.
[    5.946391] systemd[1]: Listening on Device-mapper event daemon FIFOs.
[[0;32m  OK  [0m] Listening on [0;1;39mDevice-mapper event daemon FIFOs[0m.
[    5.948357] systemd[1]: Listening on LVM2 poll daemon socket.
[[0;32m  OK  [0m] Listening on [0;1;39mLVM2 poll daemon socket[0m.
[    5.950078] systemd[1]: multipathd control socket was skipped because of an unmet condition check (ConditionPathExists=/etc/multipath.conf).
[    5.992107] systemd[1]: Listening on RPCbind Server Activation Socket.
[[0;32m  OK  [0m] Listening on [0;1;39mRPCbind Server Activation Socket[0m.
[    5.993378] systemd[1]: Reached target RPC Port Mapper.
[[0;32m  OK  [0m] Reached target [0;1;39mRPC Port Mapper[0m.
[    5.996636] systemd[1]: Listening on Process Core Dump Socket.
[[0;32m  OK  [0m] Listening on [0;1;39mProcess Core Dump Socket[0m.
[    5.998025] systemd[1]: Listening on initctl Compatibility Named Pipe.
[[0;32m  OK  [0m] Listening on [0;1;39minitctl Compatibility Named Pipe[0m.
[    5.999677] systemd[1]: Listening on Journal Socket (/dev/log).
[[0;32m  OK  [0m] Listening on [0;1;39mJournal Socket (/dev/log)[0m.
[    6.001291] systemd[1]: Listening on Journal Socket.
[[0;32m  OK  [0m] Listening on [0;1;39mJournal Socket[0m.
[    6.002860] systemd[1]: Listening on udev Control Socket.
[[0;32m  OK  [0m] Listening on [0;1;39mudev Control Socket[0m.
[    6.004152] systemd[1]: Listening on udev Kernel Socket.
[[0;32m  OK  [0m] Listening on [0;1;39mudev Kernel Socket[0m.
[    6.010397] systemd[1]: Mounting Huge Pages File System...
         Mounting [0;1;39mHuge Pages File System[0m...
[    6.017775] systemd[1]: Mounting POSIX Message Queue File System...
         Mounting [0;1;39mPOSIX Message Queue File System[0m...
[    6.028293] systemd[1]: Mounting Kernel Debug File System...
         Mounting [0;1;39mKernel Debug File System[0m...
[    6.038820] systemd[1]: Mounting Kernel Trace File System...
         Mounting [0;1;39mKernel Trace File System[0m...
[    6.039903] systemd[1]: Kernel Module supporting RPCSEC_GSS was skipped because of an unmet condition check (ConditionPathExists=/etc/krb5.keytab).
[    6.040836] systemd[1]: Create List of Static Device Nodes was skipped because of an unmet condition check (ConditionFileNotEmpty=/lib/modules/7.0.0-rc3-v7.0-rc3/modules.devname).
[    6.047218] systemd[1]: Starting Monitoring of LVM2 mirrors, snapshots etc. using dmeventd or progress polling...
         Starting [0;1;39mMonitoring of LVM…meventd or progress polling[0m...
[    6.056835] systemd[1]: Starting Load Kernel Module configfs...
         Starting [0;1;39mLoad Kernel Module configfs[0m...
[    6.063711] systemd[1]: Starting Load Kernel Module drm...
         Starting [0;1;39mLoad Kernel Module drm[0m...
[    6.074565] systemd[1]: Starting Load Kernel Module fuse...
         Starting [0;1;39mLoad Kernel Module fuse[0m...
[    6.086892] systemd[1]: Starting Read and set NIS domainname from /etc/sysconfig/network...
         Starting [0;1;39mRead and set NIS …from /etc/sysconfig/network[0m...
[    6.105960] systemd[1]: Starting Journal Service...
         Starting [0;1;39mJournal Service[0m...
[    6.115167] systemd[1]: Starting Load Kernel Modules...
         Starting [0;1;39mLoad Kernel Modules[0m...
[    6.128930] systemd[1]: Starting Generate network units from Kernel command line...
         Starting [0;1;39mGenerate network …ts from Kernel command line[0m...
[    6.149491] systemd[1]: Starting Remount Root and Kernel File Systems...
         Starting [0;1;39mRemount Root and Kernel File Systems[0m...
[    6.155233] systemd[1]: Repartition Root Disk was skipped because no trigger condition checks were met.
[    6.192247] systemd[1]: Starting Coldplug All udev Devices...
         Starting [0;1;39mColdplug All udev Devices[0m...
[    6.210591] systemd[1]: Mounted Huge Pages File System.
[[0;32m  OK  [0m] Mounted [0;1;39mHuge Pages File System[0m.
[    6.211983] systemd[1]: Mounted POSIX Message Queue File System.
[[0;32m  OK  [0m] Mounted [0;1;39mPOSIX Message Queue File System[0m.
[    6.213692] systemd[1]: Mounted Kernel Debug File System.
[[0;32m  OK  [0m] Mounted [0;1;39mKernel Debug File System[0m.
[    6.215055] systemd[1]: Mounted Kernel Trace File System.
[[0;32m  OK  [0m] Mounted [0;1;39mKernel Trace File System[0m.
[    6.218123] EXT4-fs (sda): re-mounted 088740a9-c8b4-422c-999d-a804eb68a4da r/w.
[    6.220022] systemd[1]: Finished Monitoring of LVM2 mirrors, snapshots etc. using dmeventd or progress polling.
[[0;32m  OK  [0m] Finished [0;1;39mMonitoring of LVM… dmeventd or progress polling[0m.
[    6.230554] systemd[1]: modprobe@configfs.service: Deactivated successfully.
[    6.232194] systemd[1]: Finished Load Kernel Module configfs.
[[0;32m  OK  [0m] Finished [0;1;39mLoad Kernel Module configfs[0m.
[    6.234646] systemd[1]: modprobe@drm.service: Deactivated successfully.
[    6.236212] systemd[1]: Finished Load Kernel Module drm.
[[0;32m  OK  [0m] Finished [0;1;39mLoad Kernel Module drm[0m.
[    6.238596] systemd[1]: modprobe@fuse.service: Deactivated successfully.
[    6.240141] systemd[1]: Finished Load Kernel Module fuse.
[[0;32m  OK  [0m] Finished [0;1;39mLoad Kernel Module fuse[0m.
[    6.242622] systemd[1]: Finished Read and set NIS domainname from /etc/sysconfig/network.
[[0;32m  OK  [0m] Finished [0;1;39mRead and set NIS …e from /etc/sysconfig/network[0m.
[    6.244415] systemd[1]: systemd-modules-load.service: Main process exited, code=exited, status=1/FAILURE
[    6.247375] systemd[1]: systemd-modules-load.service: Failed with result 'exit-code'.
[    6.250787] systemd[1]: Failed to start Load Kernel Modules.
[[0;1;31mFAILED[0m] Failed to start [0;1;39mLoad Kernel Modules[0m.
See 'systemctl status systemd-modules-load.service' for details.
[    6.253865] systemd[1]: Finished Generate network units from Kernel command line.
[[0;32m  OK  [0m] Finished [0;1;39mGenerate network units from Kernel command line[0m.
[    6.256539] systemd[1]: Finished Remount Root and Kernel File Systems.
[[0;32m  OK  [0m] Finished [0;1;39mRemount Root and Kernel File Systems[0m.
[    6.258701] systemd[1]: Reached target Preparation for Network.
[[0;32m  OK  [0m] Reached target [0;1;39mPreparation for Network[0m.
[    6.273492] systemd[1]: Mounting FUSE Control File System...
         Mounting [0;1;39mFUSE Control File System[0m...
[    6.288898] systemd[1]: Mounting Kernel Configuration File System...
         Mounting [0;1;39mKernel Configuration File System[0m...
[    6.292997] systemd[1]: Special handling of early boot iSCSI sessions was skipped because of an unmet condition check (ConditionDirectoryNotEmpty=/sys/class/iscsi_session).
[    6.293991] systemd[1]: First Boot Wizard was skipped because of an unmet condition check (ConditionFirstBoot=yes).
[    6.309879] systemd[1]: Rebuild Hardware Database was skipped because of an unmet condition check (ConditionNeedsUpdate=/etc).
[    6.338522] systemd[1]: Starting Load/Save Random Seed...
         Starting [0;1;39mLoad/Save Random Seed[0m...
[    6.350369] systemd[1]: Starting Apply Kernel Variables...
         Starting [0;1;39mApply Kernel Variables[0m...
[    6.351515] systemd[1]: Create System Users was skipped because no trigger condition checks were met.
[    6.379621] systemd[1]: Starting Create Static Device Nodes in /dev...
         Starting [0;1;39mCreate Static Device Nodes in /dev[0m...
[    6.405041] systemd[1]: Starting Setup Virtual Console...
         Starting [0;1;39mSetup Virtual Console[0m...
[    6.426729] systemd[1]: Started Journal Service.
[[0;32m  OK  [0m] Started [0;1;39mJournal Service[0m.
[[0;32m  OK  [0m] Mounted [0;1;39mFUSE Control File System[0m.
[[0;32m  OK  [0m] Mounted [0;1;39mKernel Configuration File System[0m.
[[0;32m  OK  [0m] Finished [0;1;39mLoad/Save Random Seed[0m.
         Starting [0;1;39mFlush Journal to Persistent Storage[0m...
[[0;32m  OK  [0m] Finished [0;1;39mApply Kernel Variables[0m.
[[0;32m  OK  [0m] Finished [0;1;39mCreate Static Device Nodes in /dev[0m.
[    6.548763] systemd-journald[143]: Received client request to flush runtime journal.
         Starting [0;1;39mRule-based Manage…for Device Events and Files[0m...
[[0;32m  OK  [0m] Finished [0;1;39mFlush Journal to Persistent Storage[0m.
[[0;32m  OK  [0m] Started [0;1;39mRule-based Manager for Device Events and Files[0m.
         Starting [0;1;39mAuto-connect to s…E devices found during boot[0m...
[[0;32m  OK  [0m] Finished [0;1;39mAuto-connect to s…VME devices found during boot[0m.
[[0;32m  OK  [0m] Finished [0;1;39mSetup Virtual Console[0m.
[[0;32m  OK  [0m] Finished [0;1;39mColdplug All udev Devices[0m.
         Starting [0;1;39mShow Plymouth Boot Screen[0m...
         Starting [0;1;39mWait for udev To …plete Device Initialization[0m...
[2J[3J[-1;-1f[[0;32m  OK  [0m] Started [0;1;39mShow Plymouth Boot Screen[0m.
[[0;32m  OK  [0m] Started [0;1;39mForward Password R…s to Plymouth Directory Watch[0m.
[[0;32m  OK  [0m] Reached target [0;1;39mLocal Encrypted Volumes[0m.
[[0;32m  OK  [0m] Reached target [0;1;39mPath Units[0m.
[[0;32m  OK  [0m] Found device [0;1;39m/dev/ttyS0[0m.
[[0;32m  OK  [0m] Listening on [0;1;39mLoad/Save RF …itch Status /dev/rfkill Watch[0m.
[[0;32m  OK  [0m] Finished [0;1;39mWait for udev To Complete Device Initialization[0m.
[[0;32m  OK  [0m] Reached target [0;1;39mPreparation for Local File Systems[0m.
[[0;32m  OK  [0m] Reached target [0;1;39mLocal File Systems[0m.
         Starting [0;1;39mTell Plymouth To Write Out Runtime Data[0m...
         Starting [0;1;39mAutomatic Boot Loader Update[0m...
         Starting [0;1;39mCreate Volatile Files and Directories[0m...
[[0;32m  OK  [0m] Finished [0;1;39mTell Plymouth To Write Out Runtime Data[0m.
[[0;32m  OK  [0m] Finished [0;1;39mAutomatic Boot Loader Update[0m.
[[0;32m  OK  [0m] Finished [0;1;39mCreate Volatile Files and Directories[0m.
         Mounting [0;1;39mRPC Pipe File System[0m...
         Starting [0;1;39mSecurity Auditing Service[0m...
         Starting [0;1;39mRPC Bind[0m...
[[0;32m  OK  [0m] Mounted [0;1;39mRPC Pipe File System[0m.
[[0;32m  OK  [0m] Reached target [0;1;39mrpc_pipefs.target[0m.
[[0;32m  OK  [0m] Started [0;1;39mRPC Bind[0m.
[[0;32m  OK  [0m] Started [0;1;39mSecurity Auditing Service[0m.
         Starting [0;1;39mRecord System Boot/Shutdown in UTMP[0m...
[[0;32m  OK  [0m] Finished [0;1;39mRecord System Boot/Shutdown in UTMP[0m.
[[0;32m  OK  [0m] Reached target [0;1;39mSystem Initialization[0m.
[[0;32m  OK  [0m] Started [0;1;39mDaily rotation of log files[0m.
[[0;32m  OK  [0m] Started [0;1;39mUpdates mlocate database every day[0m.
[[0;32m  OK  [0m] Started [0;1;39mDaily Cleanup of Temporary Directories[0m.
[[0;32m  OK  [0m] Started [0;1;39mdaily update of the root trust anchor for DNSSEC[0m.
[[0;32m  OK  [0m] Reached target [0;1;39mTimer Units[0m.
[[0;32m  OK  [0m] Listening on [0;1;39mD-Bus System Message Bus Socket[0m.
[[0;32m  OK  [0m] Listening on [0;1;39mOpen-iSCSI iscsid Socket[0m.
[[0;32m  OK  [0m] Listening on [0;1;39mOpen-iSCSI iscsiuio Socket[0m.
[[0;32m  OK  [0m] Listening on [0;1;39mSSSD Kerberos…ache Manager responder socket[0m.
[[0;32m  OK  [0m] Listening on [0;1;39mLibvirt interface local socket[0m.
[[0;32m  OK  [0m] Listening on [0;1;39mVirtual machine lock manager socket[0m.
[[0;32m  OK  [0m] Listening on [0;1;39mVirtual machine log manager socket[0m.
[[0;32m  OK  [0m] Listening on [0;1;39mLibvirt network local socket[0m.
[[0;32m  OK  [0m] Listening on [0;1;39mLibvirt nodedev local socket[0m.
[[0;32m  OK  [0m] Listening on [0;1;39mLibvirt nwfilter local socket[0m.
[[0;32m  OK  [0m] Listening on [0;1;39mLibvirt proxy local socket[0m.
[[0;32m  OK  [0m] Listening on [0;1;39mLibvirt qemu local socket[0m.
[[0;32m  OK  [0m] Listening on [0;1;39mLibvirt qemu admin socket[0m.
[[0;32m  OK  [0m] Listening on [0;1;39mLibvirt qemu local read-only socket[0m.
[[0;32m  OK  [0m] Listening on [0;1;39mLibvirt secret local socket[0m.
[[0;32m  OK  [0m] Listening on [0;1;39mLibvirt storage local socket[0m.
[[0;32m  OK  [0m] Reached target [0;1;39mSocket Units[0m.
         Starting [0;1;39mD-Bus System Message Bus[0m...
[[0;32m  OK  [0m] Started [0;1;39mD-Bus System Message Bus[0m.
[[0;32m  OK  [0m] Reached target [0;1;39mBasic System[0m.
         Starting [0;1;39mNetwork Manager[0m...
         Starting [0;1;39mNTP client/server[0m...
         Starting [0;1;39mRestore /run/initramfs on shutdown[0m...
[[0;32m  OK  [0m] Started [0;1;39mirqbalance daemon[0m.
[[0;32m  OK  [0m] Started [0;1;39mlibstoragemgmt plug-in server daemon[0m.
[[0;32m  OK  [0m] Started [0;1;39mMachine Check Exception Logging Daemon[0m.
[[0;32m  OK  [0m] Reached target [0;1;39msshd-keygen.target[0m.
[[0;32m  OK  [0m] Reached target [0;1;39mUser and Group Name Lookups[0m.
         Starting [0;1;39mUser Login Management[0m...
         Starting [0;1;39mVirtual Machine a…tainer Registration Service[0m...
[[0;32m  OK  [0m] Finished [0;1;39mRestore /run/initramfs on shutdown[0m.
[[0;32m  OK  [0m] Started [0;1;39mVirtual Machine an…ontainer Registration Service[0m.
         Starting [0;1;39mHostname Service[0m...
[[0;32m  OK  [0m] Started [0;1;39mNTP client/server[0m.
[[0;32m  OK  [0m] Started [0;1;39mUser Login Management[0m.
[[0;32m  OK  [0m] Started [0;1;39mHostname Service[0m.
         Starting [0;1;39mNetwork Manager Script Dispatcher Service[0m...
[[0;32m  OK  [0m] Started [0;1;39mNetwork Manager Script Dispatcher Service[0m.
[    9.833619] e1000: eth0 NIC Link is Up 1000 Mbps Full Duplex, Flow Control: RX
[[0;32m  OK  [0m] Started [0;1;39mNetwork Manager[0m.
[[0;32m  OK  [0m] Reached target [0;1;39mNetwork[0m.
[[0;32m  OK  [0m] Reached target [0;1;39mNetwork is Online[0m.
         Starting [0;1;39mGSSAPI Proxy Daemon[0m...
         Starting [0;1;39mNotify NFS peers of a restart[0m...
         Starting [0;1;39mSystem Logging Service[0m...
         Starting [0;1;39mOpenSSH server daemon[0m...
         Starting [0;1;39mDynamic System Tuning Daemon[0m...
[[0;32m  OK  [0m] Started [0;1;39mNotify NFS peers of a restart[0m.
[[0;32m  OK  [0m] Started [0;1;39mGSSAPI Proxy Daemon[0m.
[[0;32m  OK  [0m] Started [0;1;39mOpenSSH server daemon[0m.
[[0;32m  OK  [0m] Reached target [0;1;39mNFS client services[0m.
[[0;32m  OK  [0m] Reached target [0;1;39mPreparation for Remote File Systems[0m.
[[0;32m  OK  [0m] Reached target [0;1;39mRemote File Systems[0m.
         Starting [0;1;39mPermit User Sessions[0m...
         Starting [0;1;39mVirtualization qemu daemon[0m...
[[0;32m  OK  [0m] Finished [0;1;39mPermit User Sessions[0m.
[[0;32m  OK  [0m] Started [0;1;39mDeferred execution scheduler[0m.
[[0;32m  OK  [0m] Started [0;1;39mCommand Scheduler[0m.
         Starting [0;1;39mHold until boot process finishes up[0m...
         Starting [0;1;39mTerminate Plymouth Boot Screen[0m...

CentOS Stream 9
Kernel 7.0.0-rc3-v7.0-rc3 on an x86_64

Activate the web console with: systemctl enable --now cockpit.socket

test login: [  300.348832] INFO: task systemd:731 blocked for more than 147 seconds.
[  300.349327]       Not tainted 7.0.0-rc3-v7.0-rc3 #1
[  300.349671] "echo 0 > /proc/sys/kernel/hung_task_timeout_secs" disables this message.
[  300.350160] task:systemd         state:D stack:0     pid:731   tgid:1     ppid:0      task_flags:0x400040 flags:0x00080000
[  300.350865] Call Trace:
[  300.351033]  <TASK>
[  300.351187]  __schedule+0xf9f/0x4200
[  300.351459]  ? __pfx___schedule+0x10/0x10
[  300.351731]  ? lock_release+0x14f/0x2d0
[  300.351984]  ? wait_transaction_locked+0x196/0x240
[  300.352281]  schedule+0xf6/0x3d0
[  300.352489]  wait_transaction_locked+0x1bb/0x240
[  300.352822]  ? wait_transaction_locked+0x196/0x240
[  300.353130]  ? __pfx_wait_transaction_locked+0x10/0x10
[  300.353446]  ? __pfx_autoremove_wake_function+0x10/0x10
[  300.353777]  add_transaction_credits+0x121/0x1000
[  300.354072]  ? __pfx_add_transaction_credits+0x10/0x10
[  300.354384]  ? __this_cpu_preempt_check+0x21/0x30
[  300.354682]  ? lock_acquire+0x1c1/0x330
[  300.354924]  ? __kasan_check_write+0x18/0x20
[  300.355199]  start_this_handle+0x457/0x1550
[  300.355470]  ? __pfx_start_this_handle+0x10/0x10
[  300.355761]  ? kasan_save_track+0x18/0x40
[  300.356011]  ? jbd2__journal_start+0x198/0x6c0
[  300.356290]  ? debug_smp_processor_id+0x20/0x30
[  300.356582]  ? rcu_is_watching+0x19/0xc0
[  300.356849]  ? kmem_cache_alloc_noprof+0x4d4/0x6c0
[  300.357151]  jbd2__journal_start+0x397/0x6c0
[  300.357421]  __ext4_journal_start_sb+0x451/0x650
[  300.357715]  ? ext4_rmdir+0x637/0xf10
[  300.357951]  ext4_rmdir+0x637/0xf10
[  300.358179]  ? __pfx_ext4_rmdir+0x10/0x10
[  300.358436]  ? __pfx_down_write+0x10/0x10
[  300.358692]  ? do_raw_spin_unlock+0x15c/0x210
[  300.358969]  vfs_rmdir+0x351/0x880
[  300.359195]  filename_rmdir+0x3e5/0x560
[  300.359441]  ? __pfx_filename_rmdir+0x10/0x10
[  300.359723]  ? __sanitizer_cov_trace_const_cmp8+0x1c/0x30
[  300.360046]  ? strncpy_from_user+0x198/0x290
[  300.360318]  ? __sanitizer_cov_trace_const_cmp4+0x1a/0x20
[  300.360657]  ? do_getname+0x19e/0x3e0
[  300.360893]  __x64_sys_unlinkat+0x107/0x140
[  300.361151]  x64_sys_call+0x1b55/0x21c0
[  300.361397]  do_syscall_64+0xc1/0x1180
[  300.361641]  entry_SYSCALL_64_after_hwframe+0x76/0x7e
[  300.361950] RIP: 0033:0x7fe3b123ebab
[  300.362172] RSP: 002b:00007fe3b0954838 EFLAGS: 00000246 ORIG_RAX: 0000000000000107
[  300.362622] RAX: ffffffffffffffda RBX: 0000000000000006 RCX: 00007fe3b123ebab
[  300.363052] RDX: 0000000000000200 RSI: 00007fe3a8008bf0 RDI: 000000000000000c
[  300.363470] RBP: 000000000000000c R08: 0000000000000003 R09: 0000000000000078
[  300.363897] R10: 000000000000009b R11: 0000000000000246 R12: 0000000000000000
[  300.364317] R13: 00007fe3a8008bf0 R14: 0000000000000200 R15: 0000000000000006
[  300.364768]  </TASK>
[  300.364915] INFO: task systemd:732 blocked for more than 147 seconds.
[  300.365309]       Not tainted 7.0.0-rc3-v7.0-rc3 #1
[  300.365614] "echo 0 > /proc/sys/kernel/hung_task_timeout_secs" disables this message.
[  300.366083] task:systemd         state:D stack:0     pid:732   tgid:1     ppid:0      task_flags:0x400040 flags:0x00080000
[  300.366744] Call Trace:
[  300.366902]  <TASK>
[  300.367046]  __schedule+0xf9f/0x4200
[  300.367285]  ? __pfx___schedule+0x10/0x10
[  300.367539]  ? lock_release+0x14f/0x2d0
[  300.367786]  ? wait_transaction_locked+0x196/0x240
[  300.368085]  schedule+0xf6/0x3d0
[  300.368300]  wait_transaction_locked+0x1bb/0x240
[  300.368599]  ? wait_transaction_locked+0x196/0x240
[  300.368904]  ? __pfx_wait_transaction_locked+0x10/0x10
[  300.369232]  ? __pfx_autoremove_wake_function+0x10/0x10
[  300.369569]  add_transaction_credits+0x121/0x1000
[  300.369870]  ? __pfx_add_transaction_credits+0x10/0x10
[  300.370196]  ? __this_cpu_preempt_check+0x21/0x30
[  300.370490]  ? lock_acquire+0x1c1/0x330
[  300.370745]  ? __kasan_check_write+0x18/0x20
[  300.371018]  start_this_handle+0x457/0x1550
[  300.371290]  ? __pfx_start_this_handle+0x10/0x10
[  300.371576]  ? kasan_save_track+0x18/0x40
[  300.371837]  ? jbd2__journal_start+0x198/0x6c0
[  300.372123]  ? debug_smp_processor_id+0x20/0x30
[  300.372406]  ? rcu_is_watching+0x19/0xc0
[  300.372677]  ? kmem_cache_alloc_noprof+0x4d4/0x6c0
[  300.372987]  jbd2__journal_start+0x397/0x6c0
[  300.373266]  __ext4_journal_start_sb+0x451/0x650
[  300.373555]  ? ext4_rmdir+0x637/0xf10
[  300.373798]  ext4_rmdir+0x637/0xf10
[  300.374030]  ? __pfx_ext4_rmdir+0x10/0x10
[  300.374293]  ? __pfx_down_write+0x10/0x10
[  300.374545]  ? do_raw_spin_unlock+0x15c/0x210
[  300.374832]  vfs_rmdir+0x351/0x880
[  300.375061]  filename_rmdir+0x3e5/0x560
[  300.375308]  ? __pfx_filename_rmdir+0x10/0x10
[  300.375589]  ? __sanitizer_cov_trace_const_cmp8+0x1c/0x30
[  300.375927]  ? strncpy_from_user+0x198/0x290
[  300.376200]  ? __sanitizer_cov_trace_const_cmp4+0x1a/0x20
[  300.376535]  ? do_getname+0x19e/0x3e0
[  300.376788]  __x64_sys_unlinkat+0x107/0x140
[  300.377052]  x64_sys_call+0x1b55/0x21c0
[  300.377291]  do_syscall_64+0xc1/0x1180
[  300.377529]  entry_SYSCALL_64_after_hwframe+0x76/0x7e
[  300.377839] RIP: 0033:0x7fe3b123ebab
[  300.378059] RSP: 002b:00007fe3b0153838 EFLAGS: 00000246 ORIG_RAX: 0000000000000107
[  300.378502] RAX: ffffffffffffffda RBX: 0000000000000006 RCX: 00007fe3b123ebab
[  300.378927] RDX: 0000000000000200 RSI: 00007fe3a0008bf0 RDI: 0000000000000016
[  300.379344] RBP: 0000000000000016 R08: 0000000000000003 R09: 0000000000000078
[  300.379762] R10: 000000000000009b R11: 0000000000000246 R12: 0000000000000000
[  300.380184] R13: 00007fe3a0008bf0 R14: 0000000000000200 R15: 0000000000000006
[  300.380645]  </TASK>
[  300.380800] INFO: task kworker/u8:0:12 blocked for more than 147 seconds.
[  300.381213]       Not tainted 7.0.0-rc3-v7.0-rc3 #1
[  300.381514] "echo 0 > /proc/sys/kernel/hung_task_timeout_secs" disables this message.
[  300.381985] task:kworker/u8:0    state:D stack:0     pid:12    tgid:12    ppid:2      task_flags:0x4248060 flags:0x00080000
[  300.382658] Workqueue: writeback wb_workfn (flush-8:0)
[  300.382982] Call Trace:
[  300.383140]  <TASK>
[  300.383283]  __schedule+0xf9f/0x4200
[  300.383521]  ? __pfx___schedule+0x10/0x10
[  300.383790]  ? lock_release+0x14f/0x2d0
[  300.384035]  ? kthread_data+0x61/0xd0
[  300.384272]  ? wait_transaction_locked+0x196/0x240
[  300.384583]  schedule+0xf6/0x3d0
[  300.384812]  wait_transaction_locked+0x1bb/0x240
[  300.385101]  ? wait_transaction_locked+0x196/0x240
[  300.385405]  ? __pfx_wait_transaction_locked+0x10/0x10
[  300.385737]  ? __pfx_autoremove_wake_function+0x10/0x10
[  300.386060]  ? kasan_save_stack+0x40/0x60
[  300.386320]  add_transaction_credits+0x121/0x1000
[  300.386628]  ? kthread+0x41a/0x570
[  300.386853]  ? __pfx_add_transaction_credits+0x10/0x10
[  300.387177]  ? __this_cpu_preempt_check+0x21/0x30
[  300.387475]  ? lock_acquire+0x1c1/0x330
[  300.387736]  ? __kasan_check_write+0x18/0x20
[  300.388010]  start_this_handle+0x457/0x1550
[  300.388288]  ? __pfx_start_this_handle+0x10/0x10
[  300.388587]  ? kasan_save_track+0x18/0x40
[  300.388853]  ? jbd2__journal_start+0x253/0x6c0
[  300.389143]  ? debug_smp_processor_id+0x20/0x30
[  300.389430]  ? rcu_is_watching+0x19/0xc0
[  300.389685]  ? kmem_cache_alloc_noprof+0x4d4/0x6c0
[  300.389986]  jbd2__journal_start+0x397/0x6c0
[  300.390259]  __ext4_journal_start_sb+0x451/0x650
[  300.390553]  ? __sanitizer_cov_trace_const_cmp4+0x1a/0x20
[  300.390899]  ? ext4_do_writepages+0x11a6/0x3b30
[  300.391188]  ext4_do_writepages+0x11a6/0x3b30
[  300.391461]  ? check_noncircular+0x80/0x150
[  300.391733]  ? arch_stack_walk+0x8b/0xf0
[  300.391995]  ? __lock_acquire+0x412/0x2210
[  300.392263]  ? __pfx_ext4_do_writepages+0x10/0x10
[  300.392574]  ? __this_cpu_preempt_check+0x21/0x30
[  300.392877]  ? lock_is_held_type+0xef/0x150
[  300.393146]  ext4_writepages+0x3e1/0x870
[  300.393391]  ? ext4_writepages+0x3e1/0x870
[  300.393657]  ? __pfx_ext4_writepages+0x10/0x10
[  300.393949]  ? do_raw_spin_unlock+0x15c/0x210
[  300.394231]  ? __pfx_ext4_writepages+0x10/0x10
[  300.394516]  do_writepages+0x255/0x5b0
[  300.394771]  __writeback_single_inode+0x121/0x1390
[  300.395073]  ? _raw_spin_unlock+0x31/0x60
[  300.395329]  ? __sanitizer_cov_trace_const_cmp4+0x1a/0x20
[  300.395668]  ? wbc_attach_and_unlock_inode.part.0+0x47a/0x890
[  300.396026]  writeback_sb_inodes+0x7d0/0x1d10
[  300.396316]  ? __pfx_writeback_sb_inodes+0x10/0x10
[  300.396635]  ? __lock_acquire+0x412/0x2210
[  300.396931]  ? __sanitizer_cov_trace_const_cmp8+0x1c/0x30
[  300.397269]  __writeback_inodes_wb+0xc8/0x280
[  300.397549]  wb_writeback+0x6fe/0xb20
[  300.397804]  ? __pfx_wb_writeback+0x10/0x10
[  300.398079]  ? __sanitizer_cov_trace_cmp4+0x1a/0x20
[  300.398383]  ? get_nr_dirty_inodes+0x12c/0x1b0
[  300.398666]  ? lockdep_hardirqs_on+0x85/0x110
[  300.398947]  wb_workfn+0x75c/0xf60
[  300.399172]  ? try_to_wake_up+0x188/0x15f0
[  300.399441]  ? __pfx_wb_workfn+0x10/0x10
[  300.399711]  process_one_work+0x930/0x1bb0
[  300.399971]  ? __lock_acquire+0x412/0x2210
[  300.400240]  ? __pfx_process_one_work+0x10/0x10
[  300.400524]  ? move_linked_works+0x1bf/0x2c0
[  300.400811]  ? __this_cpu_preempt_check+0x21/0x30
[  300.401115]  ? __pfx_wb_workfn+0x10/0x10
[  300.401362]  ? assign_work+0x1b6/0x3f0
[  300.401598]  worker_thread+0x697/0xeb0
[  300.401850]  ? __pfx_worker_thread+0x10/0x10
[  300.402116]  kthread+0x41a/0x570
[  300.402325]  ? calculate_sigpending+0x8d/0xb0
[  300.402603]  ? __pfx_kthread+0x10/0x10
[  300.402842]  ret_from_fork+0x781/0xbe0
[  300.403061]  ? __pfx_ret_from_fork+0x10/0x10
[  300.403304]  ? native_load_tls+0x16/0x50
[  300.403531]  ? __sanitizer_cov_trace_const_cmp8+0x1c/0x30
[  300.403837]  ? __switch_to+0x81e/0x1110
[  300.404066]  ? __pfx_kthread+0x10/0x10
[  300.404304]  ret_from_fork_asm+0x1a/0x30
[  300.404569]  </TASK>
[  300.404726] INFO: task kworker/u8:1:35 blocked for more than 147 seconds.
[  300.405135]       Not tainted 7.0.0-rc3-v7.0-rc3 #1
[  300.405435] "echo 0 > /proc/sys/kernel/hung_task_timeout_secs" disables this message.
[  300.405901] task:kworker/u8:1    state:D stack:0     pid:35    tgid:35    ppid:2      task_flags:0x4248060 flags:0x00080000
[  300.406566] Workqueue: writeback wb_workfn (flush-8:0)
[  300.406897] Call Trace:
[  300.407044]  <TASK>
[  300.407174]  __schedule+0xf9f/0x4200
[  300.407391]  ? __pfx___schedule+0x10/0x10
[  300.407631]  ? lock_release+0x14f/0x2d0
[  300.407859]  ? kthread_data+0x61/0xd0
[  300.408080]  ? wait_transaction_locked+0x196/0x240
[  300.408353]  schedule+0xf6/0x3d0
[  300.408558]  wait_transaction_locked+0x1bb/0x240
[  300.408836]  ? wait_transaction_locked+0x196/0x240
[  300.409118]  ? __pfx_wait_transaction_locked+0x10/0x10
[  300.409413]  ? check_noncircular+0x80/0x150
[  300.409668]  ? __pfx_autoremove_wake_function+0x10/0x10
[  300.410001]  ? __this_cpu_preempt_check+0x21/0x30
[  300.410304]  ? lockdep_unlock+0x62/0xd0
[  300.410556]  add_transaction_credits+0x121/0x1000
[  300.410862]  ? __pfx_add_transaction_credits+0x10/0x10
[  300.411155]  ? __this_cpu_preempt_check+0x21/0x30
[  300.411424]  ? lock_acquire+0x1c1/0x330
[  300.411658]  ? __kasan_check_write+0x18/0x20
[  300.411921]  start_this_handle+0x457/0x1550
[  300.412197]  ? __pfx_start_this_handle+0x10/0x10
[  300.412489]  ? kasan_save_track+0x18/0x40
[  300.412767]  ? jbd2__journal_start+0x253/0x6c0
[  300.413040]  ? debug_smp_processor_id+0x20/0x30
[  300.413302]  ? rcu_is_watching+0x19/0xc0
[  300.413535]  ? kmem_cache_alloc_noprof+0x4d4/0x6c0
[  300.413815]  jbd2__journal_start+0x397/0x6c0
[  300.414065]  __ext4_journal_start_sb+0x451/0x650
[  300.414331]  ? __sanitizer_cov_trace_const_cmp4+0x1a/0x20
[  300.414645]  ? ext4_do_writepages+0x11a6/0x3b30
[  300.414891]  ext4_do_writepages+0x11a6/0x3b30
[  300.415144]  ? __this_cpu_preempt_check+0x21/0x30
[  300.415415]  ? _raw_spin_unlock_irqrestore+0x35/0x70
[  300.415701]  ? lockdep_hardirqs_on+0x85/0x110
[  300.415964]  ? __lock_acquire+0x412/0x2210
[  300.416234]  ? __pfx_ext4_do_writepages+0x10/0x10
[  300.416538]  ? __this_cpu_preempt_check+0x21/0x30
[  300.416857]  ? lock_is_held_type+0xef/0x150
[  300.417128]  ext4_writepages+0x3e1/0x870
[  300.417378]  ? ext4_writepages+0x3e1/0x870
[  300.417640]  ? __pfx_ext4_writepages+0x10/0x10
[  300.417938]  ? __pfx_ext4_writepages+0x10/0x10
[  300.418217]  do_writepages+0x255/0x5b0
[  300.418465]  __writeback_single_inode+0x121/0x1390
[  300.418770]  ? _raw_spin_unlock+0x31/0x60
[  300.419018]  ? __sanitizer_cov_trace_const_cmp8+0x1c/0x30
[  300.419351]  ? wbc_attach_and_unlock_inode.part.0+0x47a/0x890
[  300.419708]  writeback_sb_inodes+0x7d0/0x1d10
[  300.419990]  ? __pfx_writeback_sb_inodes+0x10/0x10
[  300.420290]  ? __lock_acquire+0x412/0x2210
[  300.420593]  ? __sanitizer_cov_trace_const_cmp8+0x1c/0x30
[  300.420935]  __writeback_inodes_wb+0xc8/0x280
[  300.421217]  wb_writeback+0x6fe/0xb20
[  300.421462]  ? __pfx_wb_writeback+0x10/0x10
[  300.421739]  ? __sanitizer_cov_trace_cmp4+0x1a/0x20
[  300.422045]  ? get_nr_dirty_inodes+0x12c/0x1b0
[  300.422326]  ? lockdep_hardirqs_on+0x85/0x110
[  300.422606]  wb_workfn+0x75c/0xf60
[  300.422841]  ? __pfx_wb_workfn+0x10/0x10
[  300.423108]  process_one_work+0x930/0x1bb0
[  300.423370]  ? __lock_acquire+0x412/0x2210
[  300.423646]  ? __pfx_process_one_work+0x10/0x10
[  300.423932]  ? move_linked_works+0x1bf/0x2c0
[  300.424205]  ? __this_cpu_preempt_check+0x21/0x30
[  300.424505]  ? __pfx_wb_workfn+0x10/0x10
[  300.424773]  ? assign_work+0x1b6/0x3f0
[  300.425021]  worker_thread+0x697/0xeb0
[  300.425268]  ? __pfx_worker_thread+0x10/0x10
[  300.425540]  kthread+0x41a/0x570
[  300.425752]  ? calculate_sigpending+0x8d/0xb0
[  300.426026]  ? __pfx_kthread+0x10/0x10
[  300.426266]  ret_from_fork+0x781/0xbe0
[  300.426512]  ? __pfx_ret_from_fork+0x10/0x10
[  300.426795]  ? native_load_tls+0x16/0x50
[  300.427044]  ? __sanitizer_cov_trace_const_cmp8+0x1c/0x30
[  300.427375]  ? __switch_to+0x81e/0x1110
[  300.427621]  ? __pfx_kthread+0x10/0x10
[  300.427865]  ret_from_fork_asm+0x1a/0x30
[  300.428127]  </TASK>
[  300.428280] INFO: task kworker/u8:2:37 blocked for more than 147 seconds.
[  300.428711]       Not tainted 7.0.0-rc3-v7.0-rc3 #1
[  300.429014] "echo 0 > /proc/sys/kernel/hung_task_timeout_secs" disables this message.
[  300.429476] task:kworker/u8:2    state:D stack:0     pid:37    tgid:37    ppid:2      task_flags:0x4248060 flags:0x00080000
[  300.430150] Workqueue: writeback wb_workfn (flush-8:0)
[  300.430473] Call Trace:
[  300.430632]  <TASK>
[  300.430775]  __schedule+0xf9f/0x4200
[  300.431013]  ? __pfx___schedule+0x10/0x10
[  300.431271]  ? lock_release+0x14f/0x2d0
[  300.431514]  ? kthread_data+0x61/0xd0
[  300.431760]  ? wait_transaction_locked+0x196/0x240
[  300.432060]  schedule+0xf6/0x3d0
[  300.432271]  wait_transaction_locked+0x1bb/0x240
[  300.432573]  ? wait_transaction_locked+0x196/0x240
[  300.432878]  ? __pfx_wait_transaction_locked+0x10/0x10
[  300.433202]  ? __pfx_autoremove_wake_function+0x10/0x10
[  300.433529]  ? kasan_save_stack+0x40/0x60
[  300.433801]  add_transaction_credits+0x121/0x1000
[  300.434098]  ? kthread+0x41a/0x570
[  300.434320]  ? __pfx_add_transaction_credits+0x10/0x10
[  300.434645]  ? __this_cpu_preempt_check+0x21/0x30
[  300.434944]  ? lock_acquire+0x1c1/0x330
[  300.435193]  ? __kasan_check_write+0x18/0x20
[  300.435470]  start_this_handle+0x457/0x1550
[  300.435750]  ? __pfx_start_this_handle+0x10/0x10
[  300.436040]  ? kasan_save_track+0x18/0x40
[  300.436295]  ? jbd2__journal_start+0x253/0x6c0
[  300.436586]  ? debug_smp_processor_id+0x20/0x30
[  300.436887]  ? rcu_is_watching+0x19/0xc0
[  300.437145]  ? kmem_cache_alloc_noprof+0x4d4/0x6c0
[  300.437452]  jbd2__journal_start+0x397/0x6c0
[  300.437739]  __ext4_journal_start_sb+0x451/0x650
[  300.438027]  ? __sanitizer_cov_trace_const_cmp4+0x1a/0x20
[  300.438359]  ? ext4_do_writepages+0x11a6/0x3b30
[  300.438656]  ext4_do_writepages+0x11a6/0x3b30
[  300.438936]  ? stack_trace_save+0x96/0xd0
[  300.439197]  ? ftrace_graph_ret_addr+0x184/0x280
[  300.439496]  ? ret_from_fork_asm+0x1a/0x30
[  300.439762]  ? __lock_acquire+0x412/0x2210
[  300.440021]  ? ret_from_fork_asm+0x1a/0x30
[  300.440286]  ? __pfx_ext4_do_writepages+0x10/0x10
[  300.440597]  ? __this_cpu_preempt_check+0x21/0x30
[  300.440900]  ? lock_is_held_type+0xef/0x150
[  300.441167]  ext4_writepages+0x3e1/0x870
[  300.441416]  ? ext4_writepages+0x3e1/0x870
[  300.441681]  ? __pfx_ext4_writepages+0x10/0x10
[  300.441976]  ? do_raw_spin_unlock+0x15c/0x210
[  300.442253]  ? __pfx_ext4_writepages+0x10/0x10
[  300.442535]  do_writepages+0x255/0x5b0
[  300.442792]  __writeback_single_inode+0x121/0x1390
[  300.443095]  ? _raw_spin_unlock+0x31/0x60
[  300.443345]  ? __sanitizer_cov_trace_const_cmp8+0x1c/0x30
[  300.443684]  ? wbc_attach_and_unlock_inode.part.0+0x47a/0x890
[  300.444041]  writeback_sb_inodes+0x7d0/0x1d10
[  300.444336]  ? __pfx_writeback_sb_inodes+0x10/0x10
[  300.444655]  ? __lock_acquire+0x412/0x2210
[  300.444945]  ? __sanitizer_cov_trace_const_cmp8+0x1c/0x30
[  300.445286]  __writeback_inodes_wb+0xc8/0x280
[  300.445575]  wb_writeback+0x6fe/0xb20
[  300.445822]  ? __pfx_wb_writeback+0x10/0x10
[  300.446093]  ? __sanitizer_cov_trace_cmp4+0x1a/0x20
[  300.446396]  ? get_nr_dirty_inodes+0x12c/0x1b0
[  300.446683]  ? lockdep_hardirqs_on+0x85/0x110
[  300.446963]  wb_workfn+0x75c/0xf60
[  300.447188]  ? try_to_wake_up+0x188/0x15f0
[  300.447451]  ? __pfx_wb_workfn+0x10/0x10
[  300.447719]  process_one_work+0x930/0x1bb0
[  300.447977]  ? __lock_acquire+0x412/0x2210
[  300.448249]  ? __pfx_process_one_work+0x10/0x10
[  300.448533]  ? move_linked_works+0x1bf/0x2c0
[  300.448811]  ? __this_cpu_preempt_check+0x21/0x30
[  300.449104]  ? __pfx_wb_workfn+0x10/0x10
[  300.449355]  ? assign_work+0x1b6/0x3f0
[  300.449592]  worker_thread+0x697/0xeb0
[  300.449866]  ? __pfx_worker_thread+0x10/0x10
[  300.450138]  kthread+0x41a/0x570
[  300.450343]  ? calculate_sigpending+0x8d/0xb0
[  300.450616]  ? __pfx_kthread+0x10/0x10
[  300.450866]  ret_from_fork+0x781/0xbe0
[  300.451108]  ? __pfx_ret_from_fork+0x10/0x10
[  300.451374]  ? native_load_tls+0x16/0x50
[  300.451625]  ? __sanitizer_cov_trace_const_cmp8+0x1c/0x30
[  300.451951]  ? __switch_to+0x81e/0x1110
[  300.452193]  ? __pfx_kthread+0x10/0x10
[  300.452432]  ret_from_fork_asm+0x1a/0x30
[  300.452714]  </TASK>
[  300.452870] INFO: task kworker/u8:4:60 blocked for more than 147 seconds.
[  300.453279]       Not tainted 7.0.0-rc3-v7.0-rc3 #1
[  300.453578] "echo 0 > /proc/sys/kernel/hung_task_timeout_secs" disables this message.
[  300.454042] task:kworker/u8:4    state:D stack:0     pid:60    tgid:60    ppid:2      task_flags:0x4248060 flags:0x00080000
[  300.454700] Workqueue: writeback wb_workfn (flush-8:0)
[  300.455019] Call Trace:
[  300.455175]  <TASK>
[  300.455317]  __schedule+0xf9f/0x4200
[  300.455552]  ? __pfx___schedule+0x10/0x10
[  300.455807]  ? lock_release+0x14f/0x2d0
[  300.456050]  ? kthread_data+0x61/0xd0
[  300.456287]  ? wait_transaction_locked+0x196/0x240
[  300.456596]  schedule+0xf6/0x3d0
[  300.456814]  wait_transaction_locked+0x1bb/0x240
[  300.457101]  ? wait_transaction_locked+0x196/0x240
[  300.457399]  ? __pfx_wait_transaction_locked+0x10/0x10
[  300.457727]  ? __pfx_autoremove_wake_function+0x10/0x10
[  300.458055]  ? kasan_save_stack+0x40/0x60
[  300.458316]  add_transaction_credits+0x121/0x1000
[  300.458615]  ? kthread+0x41a/0x570
[  300.458844]  ? __pfx_add_transaction_credits+0x10/0x10
[  300.459169]  ? __this_cpu_preempt_check+0x21/0x30
[  300.459466]  ? lock_acquire+0x1c1/0x330
[  300.459729]  ? __kasan_check_write+0x18/0x20
[  300.460005]  start_this_handle+0x457/0x1550
[  300.460280]  ? __pfx_start_this_handle+0x10/0x10
[  300.460579]  ? kasan_save_track+0x18/0x40
[  300.460826]  ? jbd2__journal_start+0x253/0x6c0
[  300.461086]  ? debug_smp_processor_id+0x20/0x30
[  300.461345]  ? rcu_is_watching+0x19/0xc0
[  300.461576]  ? kmem_cache_alloc_noprof+0x4d4/0x6c0
[  300.461888]  jbd2__journal_start+0x397/0x6c0
[  300.462170]  __ext4_journal_start_sb+0x451/0x650
[  300.462466]  ? __sanitizer_cov_trace_const_cmp4+0x1a/0x20
[  300.462820]  ? ext4_do_writepages+0x11a6/0x3b30
[  300.463101]  ext4_do_writepages+0x11a6/0x3b30
[  300.463360]  ? device_add+0x1420/0x1a60
[  300.463590]  ? __lock_acquire+0x412/0x2210
[  300.463838]  ? __pfx_ext4_do_writepages+0x10/0x10
[  300.464112]  ? __this_cpu_preempt_check+0x21/0x30
[  300.464385]  ? lock_is_held_type+0xef/0x150
[  300.464644]  ext4_writepages+0x3e1/0x870
[  300.464869]  ? ext4_writepages+0x3e1/0x870
[  300.465111]  ? __pfx_ext4_writepages+0x10/0x10
[  300.465387]  ? do_raw_spin_unlock+0x15c/0x210
[  300.465647]  ? __pfx_ext4_writepages+0x10/0x10
[  300.465922]  do_writepages+0x255/0x5b0
[  300.466167]  __writeback_single_inode+0x121/0x1390
[  300.466475]  ? _raw_spin_unlock+0x31/0x60
[  300.466736]  ? __sanitizer_cov_trace_const_cmp8+0x1c/0x30
[  300.467058]  ? wbc_attach_and_unlock_inode.part.0+0x47a/0x890
[  300.467391]  writeback_sb_inodes+0x7d0/0x1d10
[  300.467664]  ? __pfx_writeback_sb_inodes+0x10/0x10
[  300.467951]  ? __lock_acquire+0x412/0x2210
[  300.468241]  ? __sanitizer_cov_trace_const_cmp8+0x1c/0x30
[  300.468594]  __writeback_inodes_wb+0xc8/0x280
[  300.468885]  wb_writeback+0x6fe/0xb20
[  300.469130]  ? __pfx_wb_writeback+0x10/0x10
[  300.469402]  ? __sanitizer_cov_trace_cmp4+0x1a/0x20
[  300.469722]  ? get_nr_dirty_inodes+0x12c/0x1b0
[  300.470004]  ? lockdep_hardirqs_on+0x85/0x110
[  300.470285]  wb_workfn+0x75c/0xf60
[  300.470517]  ? __pfx_wb_workfn+0x10/0x10
[  300.470786]  process_one_work+0x930/0x1bb0
[  300.471046]  ? __lock_acquire+0x412/0x2210
[  300.471316]  ? __pfx_process_one_work+0x10/0x10
[  300.471598]  ? move_linked_works+0x1bf/0x2c0
[  300.471884]  ? __this_cpu_preempt_check+0x21/0x30
[  300.472187]  ? __pfx_wb_workfn+0x10/0x10
[  300.472436]  ? assign_work+0x1b6/0x3f0
[  300.472703]  worker_thread+0x697/0xeb0
[  300.472970]  ? __pfx_worker_thread+0x10/0x10
[  300.473243]  kthread+0x41a/0x570
[  300.473451]  ? calculate_sigpending+0x8d/0xb0
[  300.473739]  ? __pfx_kthread+0x10/0x10
[  300.473984]  ret_from_fork+0x781/0xbe0
[  300.474229]  ? __pfx_ret_from_fork+0x10/0x10
[  300.474508]  ? native_load_tls+0x16/0x50
[  300.474763]  ? __sanitizer_cov_trace_const_cmp8+0x1c/0x30
[  300.475091]  ? __switch_to+0x81e/0x1110
[  300.475337]  ? __pfx_kthread+0x10/0x10
[  300.475580]  ret_from_fork_asm+0x1a/0x30
[  300.475851]  </TASK>
[  300.476002] INFO: task kworker/u8:5:79 blocked for more than 147 seconds.
[  300.476406]       Not tainted 7.0.0-rc3-v7.0-rc3 #1
[  300.476724] "echo 0 > /proc/sys/kernel/hung_task_timeout_secs" disables this message.
[  300.477185] task:kworker/u8:5    state:D stack:0     pid:79    tgid:79    ppid:2      task_flags:0x4248060 flags:0x00080000
[  300.477853] Workqueue: writeback wb_workfn (flush-8:0)
[  300.478185] Call Trace:
[  300.478343]  <TASK>
[  300.478487]  __schedule+0xf9f/0x4200
[  300.478733]  ? __pfx___schedule+0x10/0x10
[  300.478990]  ? lock_release+0x14f/0x2d0
[  300.479233]  ? kthread_data+0x61/0xd0
[  300.479476]  ? wait_transaction_locked+0x196/0x240
[  300.479792]  schedule+0xf6/0x3d0
[  300.480008]  wait_transaction_locked+0x1bb/0x240
[  300.480297]  ? wait_transaction_locked+0x196/0x240
[  300.480604]  ? __pfx_wait_transaction_locked+0x10/0x10
[  300.480932]  ? __pfx_autoremove_wake_function+0x10/0x10
[  300.481259]  ? kasan_save_stack+0x40/0x60
[  300.481526]  add_transaction_credits+0x121/0x1000
[  300.481826]  ? kthread+0x41a/0x570
[  300.482049]  ? __pfx_add_transaction_credits+0x10/0x10
[  300.482373]  ? __this_cpu_preempt_check+0x21/0x30
[  300.482678]  ? lock_acquire+0x1c1/0x330
[  300.482926]  ? __kasan_check_write+0x18/0x20
[  300.483200]  start_this_handle+0x457/0x1550
[  300.483473]  ? __pfx_start_this_handle+0x10/0x10
[  300.483776]  ? kasan_save_track+0x18/0x40
[  300.484035]  ? jbd2__journal_start+0x253/0x6c0
[  300.484323]  ? debug_smp_processor_id+0x20/0x30
[  300.484619]  ? rcu_is_watching+0x19/0xc0
[  300.484878]  ? kmem_cache_alloc_noprof+0x4d4/0x6c0
[  300.485185]  jbd2__journal_start+0x397/0x6c0
[  300.485459]  __ext4_journal_start_sb+0x451/0x650
[  300.485757]  ? __sanitizer_cov_trace_const_cmp4+0x1a/0x20
[  300.486090]  ? ext4_do_writepages+0x11a6/0x3b30
[  300.486377]  ext4_do_writepages+0x11a6/0x3b30
[  300.486661]  ? ret_from_fork_asm+0x1a/0x30
[  300.486919]  ? update_stack_state+0x2d9/0x610
[  300.487203]  ? __sanitizer_cov_trace_cmp8+0x1c/0x30
[  300.487515]  ? __lock_acquire+0x412/0x2210
[  300.487790]  ? __pfx_ext4_do_writepages+0x10/0x10
[  300.488093]  ? __this_cpu_preempt_check+0x21/0x30
[  300.488389]  ? lock_is_held_type+0xef/0x150
[  300.488673]  ext4_writepages+0x3e1/0x870
[  300.488922]  ? ext4_writepages+0x3e1/0x870
[  300.489184]  ? __pfx_ext4_writepages+0x10/0x10
[  300.489479]  ? do_raw_spin_unlock+0x15c/0x210
[  300.489764]  ? __pfx_ext4_writepages+0x10/0x10
[  300.490053]  do_writepages+0x255/0x5b0
[  300.490305]  __writeback_single_inode+0x121/0x1390
[  300.490605]  ? _raw_spin_unlock+0x31/0x60
[  300.490866]  ? __sanitizer_cov_trace_const_cmp4+0x1a/0x20
[  300.491197]  ? wbc_attach_and_unlock_inode.part.0+0x47a/0x890
[  300.491555]  writeback_sb_inodes+0x7d0/0x1d10
[  300.491851]  ? __pfx_writeback_sb_inodes+0x10/0x10
[  300.492150]  ? __lock_acquire+0x412/0x2210
[  300.492440]  ? __sanitizer_cov_trace_const_cmp8+0x1c/0x30
[  300.492791]  __writeback_inodes_wb+0xc8/0x280
[  300.493083]  wb_writeback+0x6fe/0xb20
[  300.493329]  ? __pfx_wb_writeback+0x10/0x10
[  300.493600]  ? __sanitizer_cov_trace_cmp4+0x1a/0x20
[  300.493909]  ? get_nr_dirty_inodes+0x12c/0x1b0
[  300.494189]  ? lockdep_hardirqs_on+0x85/0x110
[  300.494475]  wb_workfn+0x75c/0xf60
[  300.494710]  ? __pfx_wb_workfn+0x10/0x10
[  300.494972]  process_one_work+0x930/0x1bb0
[  300.495235]  ? __lock_acquire+0x412/0x2210
[  300.495504]  ? __pfx_process_one_work+0x10/0x10
[  300.495796]  ? move_linked_works+0x1bf/0x2c0
[  300.496066]  ? __this_cpu_preempt_check+0x21/0x30
[  300.496368]  ? __pfx_wb_workfn+0x10/0x10
[  300.496634]  ? assign_work+0x1b6/0x3f0
[  300.496882]  worker_thread+0x697/0xeb0
[  300.497131]  ? __pfx_worker_thread+0x10/0x10
[  300.497410]  kthread+0x41a/0x570
[  300.497623]  ? calculate_sigpending+0x8d/0xb0
[  300.497898]  ? __pfx_kthread+0x10/0x10
[  300.498142]  ret_from_fork+0x781/0xbe0
[  300.498384]  ? __pfx_ret_from_fork+0x10/0x10
[  300.498666]  ? native_load_tls+0x16/0x50
[  300.498915]  ? __sanitizer_cov_trace_const_cmp8+0x1c/0x30
[  300.499248]  ? __switch_to+0x81e/0x1110
[  300.499493]  ? __pfx_kthread+0x10/0x10
[  300.499746]  ret_from_fork_asm+0x1a/0x30
[  300.500005]  </TASK>
[  300.500157] INFO: task jbd2/sda-8:100 blocked for more than 147 seconds.
[  300.500574]       Not tainted 7.0.0-rc3-v7.0-rc3 #1
[  300.500876] "echo 0 > /proc/sys/kernel/hung_task_timeout_secs" disables this message.
[  300.501335] task:jbd2/sda-8      state:D stack:0     pid:100   tgid:100   ppid:2      task_flags:0x240040 flags:0x00080000
[  300.501988] Call Trace:
[  300.502146]  <TASK>
[  300.502289]  __schedule+0xf9f/0x4200
[  300.502526]  ? __pfx___schedule+0x10/0x10
[  300.502787]  ? lock_release+0x14f/0x2d0
[  300.503036]  schedule+0xf6/0x3d0
[  300.503248]  jbd2_journal_wait_updates+0x146/0x270
[  300.503551]  ? __pfx_jbd2_journal_wait_updates+0x10/0x10
[  300.503892]  ? __pfx_autoremove_wake_function+0x10/0x10
[  300.504212]  ? lock_release+0x14f/0x2d0
[  300.504464]  jbd2_journal_commit_transaction+0x7aa/0x6350
[  300.504827]  ? lock_is_held_type+0xef/0x150
[  300.505097]  ? __lock_acquire+0x412/0x2210
[  300.505355]  ? __lock_acquire+0x412/0x2210
[  300.505616]  ? __pfx_jbd2_journal_commit_transaction+0x10/0x10
[  300.505980]  ? do_raw_spin_lock+0x140/0x280
[  300.506244]  ? __pfx_do_raw_spin_lock+0x10/0x10
[  300.506526]  ? lock_acquire+0x1c1/0x330
[  300.506782]  ? __this_cpu_preempt_check+0x21/0x30
[  300.507069]  ? _raw_spin_unlock_irqrestore+0x35/0x70
[  300.507376]  ? lockdep_hardirqs_on+0x85/0x110
[  300.507653]  ? _raw_spin_unlock_irqrestore+0x45/0x70
[  300.507956]  ? __sanitizer_cov_trace_const_cmp4+0x1a/0x20
[  300.508280]  ? __timer_delete_sync+0x21e/0x300
[  300.508578]  ? __this_cpu_preempt_check+0x21/0x30
[  300.508879]  ? lock_release+0x14f/0x2d0
[  300.509129]  kjournald2+0x203/0x790
[  300.509361]  ? __pfx_kjournald2+0x10/0x10
[  300.509617]  ? lockdep_hardirqs_on+0x85/0x110
[  300.509897]  ? __pfx_autoremove_wake_function+0x10/0x10
[  300.510221]  ? __sanitizer_cov_trace_const_cmp1+0x1e/0x30
[  300.510559]  ? __kthread_parkme+0x1bc/0x260
[  300.510831]  ? __pfx_kjournald2+0x10/0x10
[  300.511089]  kthread+0x41a/0x570
[  300.511303]  ? calculate_sigpending+0x8d/0xb0
[  300.511578]  ? __pfx_kthread+0x10/0x10
[  300.511821]  ret_from_fork+0x781/0xbe0
[  300.512065]  ? __pfx_ret_from_fork+0x10/0x10
[  300.512340]  ? native_load_tls+0x16/0x50
[  300.512598]  ? __sanitizer_cov_trace_const_cmp8+0x1c/0x30
[  300.512934]  ? __switch_to+0x81e/0x1110
[  300.513178]  ? __pfx_kthread+0x10/0x10
[  300.513418]  ret_from_fork_asm+0x1a/0x30
[  300.513690]  </TASK>
[  300.513836] INFO: task auditd:238 blocked for more than 147 seconds.
[  300.514220]       Not tainted 7.0.0-rc3-v7.0-rc3 #1
[  300.514520] "echo 0 > /proc/sys/kernel/hung_task_timeout_secs" disables this message.
[  300.514994] task:auditd          state:D stack:0     pid:238   tgid:238   ppid:1      task_flags:0x400140 flags:0x00080000
[  300.515649] Call Trace:
[  300.515807]  <TASK>
[  300.515951]  __schedule+0xf9f/0x4200
[  300.516188]  ? __pfx___schedule+0x10/0x10
[  300.516446]  ? lock_release+0x14f/0x2d0
[  300.516708]  ? wait_transaction_locked+0x196/0x240
[  300.517008]  schedule+0xf6/0x3d0
[  300.517220]  wait_transaction_locked+0x1bb/0x240
[  300.517512]  ? wait_transaction_locked+0x196/0x240
[  300.517817]  ? __pfx_wait_transaction_locked+0x10/0x10
[  300.518136]  ? __pfx_autoremove_wake_function+0x10/0x10
[  300.518469]  add_transaction_credits+0x121/0x1000
[  300.518773]  ? do_syscall_64+0xc1/0x1180
[  300.519025]  ? __pfx_add_transaction_credits+0x10/0x10
[  300.519341]  ? __this_cpu_preempt_check+0x21/0x30
[  300.519645]  ? lock_acquire+0x1c1/0x330
[  300.519894]  ? __kasan_check_write+0x18/0x20
[  300.520172]  start_this_handle+0x457/0x1550
[  300.520447]  ? __pfx_start_this_handle+0x10/0x10
[  300.520752]  ? kasan_save_track+0x18/0x40
[  300.521009]  ? jbd2__journal_start+0x198/0x6c0
[  300.521295]  ? debug_smp_processor_id+0x20/0x30
[  300.521585]  ? rcu_is_watching+0x19/0xc0
[  300.521841]  ? kmem_cache_alloc_noprof+0x4d4/0x6c0
[  300.522144]  jbd2__journal_start+0x397/0x6c0
[  300.522418]  __ext4_journal_start_sb+0x451/0x650
[  300.522715]  ? ext4_dirty_inode+0xb3/0x140
[  300.522978]  ? __pfx_ext4_dirty_inode+0x10/0x10
[  300.523261]  ext4_dirty_inode+0xb3/0x140
[  300.523517]  ? rcu_is_watching+0x19/0xc0
[  300.523776]  __mark_inode_dirty+0x1de/0x1630
[  300.524052]  file_update_time_flags+0x482/0x510
[  300.524344]  file_modified+0x43/0x60
[  300.524588]  ext4_buffered_write_iter+0x101/0x460
[  300.524890]  ext4_file_write_iter+0xb19/0x1e50
[  300.525181]  ? __pfx_ext4_file_write_iter+0x10/0x10
[  300.525486]  ? __this_cpu_preempt_check+0x21/0x30
[  300.525790]  ? lock_is_held_type+0xef/0x150
[  300.526057]  vfs_write+0xc6d/0x11f0
[  300.526284]  ? __pfx_ext4_file_write_iter+0x10/0x10
[  300.526590]  ? __pfx_vfs_write+0x10/0x10
[  300.526856]  ? mutex_lock_nested+0x1f/0x30
[  300.527125]  ksys_write+0x14e/0x280
[  300.527353]  ? __pfx_ksys_write+0x10/0x10
[  300.527617]  __x64_sys_write+0x7b/0xc0
[  300.527869]  x64_sys_call+0x1704/0x21c0
[  300.528108]  do_syscall_64+0xc1/0x1180
[  300.528350]  entry_SYSCALL_64_after_hwframe+0x76/0x7e
[  300.528680] RIP: 0033:0x7f89fa73ebcf
[  300.528909] RSP: 002b:00007ffdf05d7510 EFLAGS: 00000293 ORIG_RAX: 0000000000000001
[  300.529364] RAX: ffffffffffffffda RBX: 00000000000000f0 RCX: 00007f89fa73ebcf
[  300.529793] RDX: 00000000000000f0 RSI: 000055923e2ef040 RDI: 0000000000000005
[  300.530218] RBP: 000055923e2ef040 R08: 0000000000000000 R09: 00007f89fa7b14e0
[  300.530656] R10: 00007f89fa7b13e0 R11: 0000000000000293 R12: 00000000000000f0
[  300.531084] R13: 000055923e2e52a0 R14: 00000000000000f0 R15: 00007f89fa7f69e0
[  300.531534]  </TASK>
[  300.531696] INFO: task in:imjournal:343 blocked for more than 147 seconds.
[  300.532103]       Not tainted 7.0.0-rc3-v7.0-rc3 #1
[  300.532397] "echo 0 > /proc/sys/kernel/hung_task_timeout_secs" disables this message.
[  300.532884] task:in:imjournal    state:D stack:0     pid:343   tgid:295   ppid:1      task_flags:0x400040 flags:0x00080000
[  300.533536] Call Trace:
[  300.533701]  <TASK>
[  300.533845]  __schedule+0xf9f/0x4200
[  300.534084]  ? __pfx___schedule+0x10/0x10
[  300.534342]  ? lock_release+0x14f/0x2d0
[  300.534591]  ? wait_transaction_locked+0x196/0x240
[  300.534899]  schedule+0xf6/0x3d0
[  300.535115]  wait_transaction_locked+0x1bb/0x240
[  300.535403]  ? wait_transaction_locked+0x196/0x240
[  300.535706]  ? __pfx_wait_transaction_locked+0x10/0x10
[  300.536028]  ? __pfx_autoremove_wake_function+0x10/0x10
[  300.536355]  ? kasan_save_stack+0x40/0x60
[  300.536626]  add_transaction_credits+0x121/0x1000
[  300.536935]  ? __pfx_add_transaction_credits+0x10/0x10
[  300.537256]  ? __this_cpu_preempt_check+0x21/0x30
[  300.537557]  ? lock_acquire+0x1c1/0x330
[  300.537812]  ? __kasan_check_write+0x18/0x20
[  300.538085]  start_this_handle+0x457/0x1550
[  300.538358]  ? __pfx_start_this_handle+0x10/0x10
[  300.538659]  ? kasan_save_track+0x18/0x40
[  300.538912]  ? jbd2__journal_start+0x198/0x6c0
[  300.539198]  ? debug_smp_processor_id+0x20/0x30
[  300.539480]  ? rcu_is_watching+0x19/0xc0
[  300.539739]  ? kmem_cache_alloc_noprof+0x4d4/0x6c0
[  300.540045]  jbd2__journal_start+0x397/0x6c0
[  300.540326]  __ext4_journal_start_sb+0x451/0x650
[  300.540633]  __ext4_new_inode+0x2d13/0x5310
[  300.540911]  ? __pfx___ext4_new_inode+0x10/0x10
[  300.541197]  ? __pfx___dquot_initialize+0x10/0x10
[  300.541495]  ? __pfx_d_splice_alias_ops+0x10/0x10
[  300.542184]  ? __pfx_make_vfsuid+0x10/0x10
[  300.542448]  ext4_create+0x32d/0x550
[  300.542687]  ? __pfx_ext4_create+0x10/0x10
[  300.542956]  ? may_o_create+0x51/0x3b0
[  300.543196]  ? __pfx_ext4_create+0x10/0x10
[  300.543454]  lookup_open.isra.0+0xccd/0x1130
[  300.543737]  ? __pfx_lookup_open.isra.0+0x10/0x10
[  300.544043]  ? mnt_get_write_access+0x203/0x2f0
[  300.544331]  ? __sanitizer_cov_trace_const_cmp4+0x1a/0x20
[  300.544677]  path_openat+0xfde/0x2f70
[  300.544911]  ? kmem_cache_alloc_noprof+0x1fd/0x6c0
[  300.545211]  ? do_getname+0x3c/0x3e0
[  300.545446]  ? __pfx_path_openat+0x10/0x10
[  300.545708]  ? __lock_acquire+0x412/0x2210
[  300.545970]  do_file_open+0x21b/0x470
[  300.546202]  ? __pfx_do_file_open+0x10/0x10
[  300.546475]  ? do_raw_spin_unlock+0x15c/0x210
[  300.546752]  ? _raw_spin_unlock+0x31/0x60
[  300.547013]  do_sys_openat2+0x105/0x230
[  300.547258]  ? __pfx_do_sys_openat2+0x10/0x10
[  300.547538]  __x64_sys_openat+0x179/0x240
[  300.547802]  ? __pfx___x64_sys_openat+0x10/0x10
[  300.548090]  ? __sanitizer_cov_trace_cmp4+0x1a/0x20
[  300.548395]  ? __audit_syscall_entry+0x393/0x4f0
[  300.548699]  x64_sys_call+0x1b34/0x21c0
[  300.548940]  do_syscall_64+0xc1/0x1180
[  300.549184]  entry_SYSCALL_64_after_hwframe+0x76/0x7e
[  300.549501] RIP: 0033:0x7fd53a93e8c4
[  300.549746] RSP: 002b:00007fd539cc0a40 EFLAGS: 00000293 ORIG_RAX: 0000000000000101
[  300.550212] RAX: ffffffffffffffda RBX: 00007fd534000c50 RCX: 00007fd53a93e8c4
[  300.550653] RDX: 0000000000000241 RSI: 00007fd539cc0b80 RDI: 00000000ffffff9c
[  300.551080] RBP: 00007fd539cc0b80 R08: 0000000000000000 R09: 0000000000000001
[  300.551502] R10: 00000000000001b6 R11: 0000000000000293 R12: 0000000000000241
[  300.551931] R13: 00007fd534000c50 R14: 0000000000000001 R15: 00007fd534036fb0
[  300.552372]  </TASK>
[  300.552516] Future hung task reports are suppressed, see sysctl kernel.hung_task_warnings
[  300.553035] 
[  300.553035] Showing all locks held in the system:
[  300.553406] 3 locks held by systemd/731:
[  300.553653]  #0: ff11000010288408 (sb_writers#3){.+.+}-{0:0}, at: filename_rmdir+0x2e6/0x560
[  300.554182]  #1: ff1100001a4f59f0 (&type->i_mutex_dir_key#3/1){+.+.}-{4:4}, at: filename_rmdir+0x332/0x560
[  300.554784]  #2: ff1100001a4f46d0 (&type->i_mutex_dir_key#3){++++}-{4:4}, at: vfs_rmdir+0xfc/0x880
[  300.555334] 3 locks held by systemd/732:
[  300.555580]  #0: ff11000010288408 (sb_writers#3){.+.+}-{0:0}, at: filename_rmdir+0x2e6/0x560
[  300.556108]  #1: ff1100001a4f0d70 (&type->i_mutex_dir_key#3/1){+.+.}-{4:4}, at: filename_rmdir+0x332/0x560
[  300.556730]  #2: ff1100001a4f6d10 (&type->i_mutex_dir_key#3){++++}-{4:4}, at: vfs_rmdir+0xfc/0x880
[  300.557292] 4 locks held by kworker/u8:0/12:
[  300.557557]  #0: ff1100000bdfd148 ((wq_completion)writeback){+.+.}-{0:0}, at: process_one_work+0x131f/0x1bb0
[  300.558149]  #1: ff1100000b5a7ce8 ((work_completion)(&(&wb->dwork)->work)){+.+.}-{0:0}, at: process_one_work+0x89f/0x1bb0
[  300.558815]  #2: ff110000102880e0 (&type->s_umount_key#39){++++}-{4:4}, at: super_trylock_shared+0x2b/0x110
[  300.559403]  #3: ff1100001028eb98 (&sbi->s_writepages_rwsem){++++}-{0:0}, at: do_writepages+0x255/0x5b0
[  300.559986] 1 lock held by khungtaskd/33:
[  300.560230]  #0: ffffffff876970e0 (rcu_read_lock){....}-{1:3}, at: debug_show_all_locks+0x3b/0x1f0
[  300.560792] 4 locks held by kworker/u8:1/35:
[  300.561058]  #0: ff1100000bdfd148 ((wq_completion)writeback){+.+.}-{0:0}, at: process_one_work+0x131f/0x1bb0
[  300.561677]  #1: ff1100000beafce8 ((work_completion)(&(&wb->dwork)->work)){+.+.}-{0:0}, at: process_one_work+0x89f/0x1bb0
[  300.562346]  #2: ff110000102880e0 (&type->s_umount_key#39){++++}-{4:4}, at: super_trylock_shared+0x2b/0x110
[  300.562951]  #3: ff1100001028eb98 (&sbi->s_writepages_rwsem){++++}-{0:0}, at: do_writepages+0x255/0x5b0
[  300.563531] 4 locks held by kworker/u8:2/37:
[  300.563802]  #0: ff1100000bdfd148 ((wq_completion)writeback){+.+.}-{0:0}, at: process_one_work+0x131f/0x1bb0
[  300.564412]  #1: ff1100000bed7ce8 ((work_completion)(&(&wb->dwork)->work)){+.+.}-{0:0}, at: process_one_work+0x89f/0x1bb0
[  300.565089]  #2: ff110000102880e0 (&type->s_umount_key#39){++++}-{4:4}, at: super_trylock_shared+0x2b/0x110
[  300.565703]  #3: ff1100001028eb98 (&sbi->s_writepages_rwsem){++++}-{0:0}, at: do_writepages+0x255/0x5b0
[  300.566279] 4 locks held by kworker/u8:4/60:
[  300.566546]  #0: ff1100000bdfd148 ((wq_completion)writeback){+.+.}-{0:0}, at: process_one_work+0x131f/0x1bb0
[  300.567163]  #1: ff1100000c92fce8 ((work_completion)(&(&wb->dwork)->work)){+.+.}-{0:0}, at: process_one_work+0x89f/0x1bb0
[  300.567828]  #2: ff110000102880e0 (&type->s_umount_key#39){++++}-{4:4}, at: super_trylock_shared+0x2b/0x110
[  300.568435]  #3: ff1100001028eb98 (&sbi->s_writepages_rwsem){++++}-{0:0}, at: do_writepages+0x255/0x5b0
[  300.569024] 4 locks held by kworker/u8:5/79:
[  300.569292]  #0: ff1100000bdfd148 ((wq_completion)writeback){+.+.}-{0:0}, at: process_one_work+0x131f/0x1bb0
[  300.569905]  #1: ff1100000dc07ce8 ((work_completion)(&(&wb->dwork)->work)){+.+.}-{0:0}, at: process_one_work+0x89f/0x1bb0
[  300.570569]  #2: ff110000102880e0 (&type->s_umount_key#39){++++}-{4:4}, at: super_trylock_shared+0x2b/0x110
[  300.571180]  #3: ff1100001028eb98 (&sbi->s_writepages_rwsem){++++}-{0:0}, at: do_writepages+0x255/0x5b0
[  300.571770] 3 locks held by auditd/238:
[  300.572010]  #0: ff1100001550d5f8 (&f->f_pos_lock){+.+.}-{4:4}, at: fdget_pos+0x2b5/0x390
[  300.572519]  #1: ff11000010288408 (sb_writers#3){.+.+}-{0:0}, at: ksys_write+0x14e/0x280
[  300.573031]  #2: ff1100001706d060 (&sb->s_type->i_mutex_key#10){++++}-{4:4}, at: ext4_buffered_write_iter+0xb8/0x460
[  300.573661] 2 locks held by in:imjournal/343:
[  300.573929]  #0: ff11000010288408 (sb_writers#3){.+.+}-{0:0}, at: path_openat+0x1939/0x2f70
[  300.574443]  #1: ff1100001a6803e0 (&type->i_mutex_dir_key#3){++++}-{4:4}, at: path_openat+0xf5d/0x2f70
[  300.575010] 3 locks held by rs:main Q:Reg/344:
[  300.575283]  #0: ff1100001554eb78 (&f->f_pos_lock){+.+.}-{4:4}, at: fdget_pos+0x2b5/0x390
[  300.575791]  #1: ff11000010288408 (sb_writers#3){.+.+}-{0:0}, at: ksys_write+0x14e/0x280
[  300.576297]  #2: ff1100001a705060 (&sb->s_type->i_mutex_key#10){++++}-{4:4}, at: ext4_buffered_write_iter+0xb8/0x460
[  300.576951] 2 locks held by repro/712:
[  300.577188]  #0: ff11000010288408 (sb_writers#3){.+.+}-{0:0}, at: filename_unlinkat+0x195/0x6a0
[  300.577735]  #1: ff110000102885f8 (sb_internal){.+.+}-{0:0}, at: evict+0x371/0xae0
[  300.578203] 3 locks held by repro/713:
[  300.578436]  #0: ff110000138d17b8 (&f->f_pos_lock){+.+.}-{4:4}, at: fdget_pos+0x2b5/0x390
[  300.578954]  #1: ff1100001eb5d9f0 (&type->i_mutex_dir_key#3){++++}-{4:4}, at: iterate_dir+0x1a0/0xb00
[  300.579527]  #2: ff11000010288408 (sb_writers#3){.+.+}-{0:0}, at: iterate_dir+0x879/0xb00
[  300.580041] 2 locks held by repro/714:
[  300.580275]  #0: ff11000010288408 (sb_writers#3){.+.+}-{0:0}, at: filename_unlinkat+0x195/0x6a0
[  300.580849]  #1: ff110000102885f8 (sb_internal){.+.+}-{0:0}, at: evict+0x371/0xae0
[  300.581322] 3 locks held by repro/718:
[  300.581554]  #0: ff11000010288408 (sb_writers#3){.+.+}-{0:0}, at: filename_create+0x122/0x460
[  300.582095]  #1: ff1100001eb5a090 (&type->i_mutex_dir_key#3/1){+.+.}-{4:4}, at: filename_create+0x1e6/0x460
[  300.582708]  #2: ff110000102d2950 (jbd2_handle){++++}-{0:0}, at: start_this_handle+0x1042/0x1550
[  300.583253] 2 locks held by repro/719:
[  300.583487]  #0: ff11000010288408 (sb_writers#3){.+.+}-{0:0}, at: filename_unlinkat+0x195/0x6a0
[  300.584037]  #1: ff110000102885f8 (sb_internal){.+.+}-{0:0}, at: evict+0x371/0xae0
[  300.584509] 3 locks held by repro/720:
[  300.584760]  #0: ff11000013fae0f8 (&f->f_pos_lock){+.+.}-{4:4}, at: fdget_pos+0x2b5/0x390
[  300.585285]  #1: ff1100001eb98d70 (&type->i_mutex_dir_key#3){++++}-{4:4}, at: iterate_dir+0x1a0/0xb00
[  300.585863]  #2: ff11000010288408 (sb_writers#3){.+.+}-{0:0}, at: iterate_dir+0x879/0xb00
[  300.586371] 3 locks held by repro/721:
[  300.586610]  #0: ff11000010288408 (sb_writers#3){.+.+}-{0:0}, at: filename_create+0x122/0x460
[  300.587158]  #1: ff1100001eb92a20 (&type->i_mutex_dir_key#3/1){+.+.}-{4:4}, at: filename_create+0x1e6/0x460
[  300.587773]  #2: ff110000102d2950 (jbd2_handle){++++}-{0:0}, at: start_this_handle+0x1042/0x1550
[  300.588316] 3 locks held by repro/722:
[  300.588564]  #0: ff11000010288408 (sb_writers#3){.+.+}-{0:0}, at: filename_create+0x122/0x460
[  300.589109]  #1: ff1100001eb65060 (&type->i_mutex_dir_key#3/1){+.+.}-{4:4}, at: filename_create+0x1e6/0x460
[  300.589721]  #2: ff110000102d2950 (jbd2_handle){++++}-{0:0}, at: start_this_handle+0x1042/0x1550
[  300.590265] 
[  300.590373] =============================================
[  300.590373] 
