c[?7l[2J[0mSeaBIOS (version rel-1.16.0-0-gd239552ce722-prebuilt.qemu.org)


iPXE (http://ipxe.org) 00:03.0 CA00 PCI2.10 PnP PMM+7FF91000+7FEF1000 CA00
Press Ctrl-B to configure iPXE (PCI 00:03.0)...                                                                               


Booting from ROM...
c[?7l[2J[    0.000000] Linux version 6.14.0-rc1-425fbcd62d2e+ (root@p-arls02) (gcc (GCC) 11.5.0 20240719 (Red Hat 11.5.0-5), GNU ld version 2.35.2-60.el9) #1 SMP PREEMPT_DYNAMIC Thu Mar 20 07:30:22 CST 2025
[    0.000000] Command line: console=ttyS0 root=/dev/sda earlyprintk=serial net.ifnames=0 plymouth.enable=0
[    0.000000] KERNEL supported cpus:
[    0.000000]   Intel GenuineIntel
[    0.000000]   AMD AuthenticAMD
[    0.000000]   Hygon HygonGenuine
[    0.000000]   Centaur CentaurHauls
[    0.000000]   zhaoxin   Shanghai  
[    0.000000] x86/split lock detection: #DB: warning on user-space bus_locks
[    0.000000] BIOS-provided physical RAM map:
[    0.000000] BIOS-e820: [mem 0x0000000000000000-0x000000000009fbff] usable
[    0.000000] BIOS-e820: [mem 0x000000000009fc00-0x000000000009ffff] reserved
[    0.000000] BIOS-e820: [mem 0x00000000000f0000-0x00000000000fffff] reserved
[    0.000000] BIOS-e820: [mem 0x0000000000100000-0x000000007ffdffff] usable
[    0.000000] BIOS-e820: [mem 0x000000007ffe0000-0x000000007fffffff] reserved
[    0.000000] BIOS-e820: [mem 0x00000000feffc000-0x00000000feffffff] reserved
[    0.000000] BIOS-e820: [mem 0x00000000fffc0000-0x00000000ffffffff] reserved
[    0.000000] printk: legacy bootconsole [earlyser0] enabled
[    0.000000] NX (Execute Disable) protection: active
[    0.000000] APIC: Static calls initialized
[    0.000000] SMBIOS 2.8 present.
[    0.000000] DMI: QEMU Standard PC (i440FX + PIIX, 1996), BIOS rel-1.16.0-0-gd239552ce722-prebuilt.qemu.org 04/01/2014
[    0.000000] DMI: Memory slots populated: 1/1
[    0.000000] Hypervisor detected: KVM
[    0.000000] kvm-clock: Using msrs 4b564d01 and 4b564d00
[    0.000003] kvm-clock: using sched offset of 883696052 cycles
[    0.000380] clocksource: kvm-clock: mask: 0xffffffffffffffff max_cycles: 0x1cd42e4dffb, max_idle_ns: 881590591483 ns
[    0.001537] tsc: Detected 1267.200 MHz processor
[    0.007128] last_pfn = 0x7ffe0 max_arch_pfn = 0x400000000
[    0.007531] MTRR map: 4 entries (3 fixed + 1 variable; max 19), built from 8 variable MTRRs
[    0.008127] x86/PAT: Configuration [0-7]: WB  WC  UC- UC  WB  WP  UC- WT  
[    0.016457] found SMP MP-table at [mem 0x000f5ba0-0x000f5baf]
[    0.016889] Using GB pages for direct mapping
[    0.019257] ACPI: Early table checksum verification disabled
[    0.019661] ACPI: RSDP 0x00000000000F59C0 000014 (v00 BOCHS )
[    0.020079] ACPI: RSDT 0x000000007FFE1951 000034 (v01 BOCHS  BXPC     00000001 BXPC 00000001)
[    0.020690] ACPI: FACP 0x000000007FFE17FD 000074 (v01 BOCHS  BXPC     00000001 BXPC 00000001)
[    0.021300] ACPI: DSDT 0x000000007FFE0040 0017BD (v01 BOCHS  BXPC     00000001 BXPC 00000001)
[    0.021913] ACPI: FACS 0x000000007FFE0000 000040
[    0.022254] ACPI: APIC 0x000000007FFE1871 000080 (v01 BOCHS  BXPC     00000001 BXPC 00000001)
[    0.022871] ACPI: HPET 0x000000007FFE18F1 000038 (v01 BOCHS  BXPC     00000001 BXPC 00000001)
[    0.023484] ACPI: WAET 0x000000007FFE1929 000028 (v01 BOCHS  BXPC     00000001 BXPC 00000001)
[    0.024096] ACPI: Reserving FACP table memory at [mem 0x7ffe17fd-0x7ffe1870]
[    0.024601] ACPI: Reserving DSDT table memory at [mem 0x7ffe0040-0x7ffe17fc]
[    0.025102] ACPI: Reserving FACS table memory at [mem 0x7ffe0000-0x7ffe003f]
[    0.025603] ACPI: Reserving APIC table memory at [mem 0x7ffe1871-0x7ffe18f0]
[    0.026100] ACPI: Reserving HPET table memory at [mem 0x7ffe18f1-0x7ffe1928]
[    0.026601] ACPI: Reserving WAET table memory at [mem 0x7ffe1929-0x7ffe1950]
[    0.027514] No NUMA configuration found
[    0.027772] Faking a node at [mem 0x0000000000000000-0x000000007ffdffff]
[    0.028277] NODE_DATA(0) allocated [mem 0x7ffb5000-0x7ffdfc7f]
[    0.029200] Zone ranges:
[    0.029365]   DMA      [mem 0x0000000000001000-0x0000000000ffffff]
[    0.029787]   DMA32    [mem 0x0000000001000000-0x000000007ffdffff]
[    0.030223]   Normal   empty
[    0.030432]   Device   empty
[    0.030641] Movable zone start for each node
[    0.030952] Early memory node ranges
[    0.031208]   node   0: [mem 0x0000000000001000-0x000000000009efff]
[    0.031654]   node   0: [mem 0x0000000000100000-0x000000007ffdffff]
[    0.032099] Initmem setup node 0 [mem 0x0000000000001000-0x000000007ffdffff]
[    0.033116] On node 0, zone DMA: 1 pages in unavailable ranges
[    0.033811] On node 0, zone DMA: 97 pages in unavailable ranges
[    0.113174] On node 0, zone DMA32: 32 pages in unavailable ranges
[    0.532233] kasan: KernelAddressSanitizer initialized
[    0.532859] ACPI: PM-Timer IO Port: 0x608
[    0.533170] ACPI: LAPIC_NMI (acpi_id[0xff] dfl dfl lint[0x1])
[    0.533652] IOAPIC[0]: apic_id 0, version 17, address 0xfec00000, GSI 0-23
[    0.534136] ACPI: INT_SRC_OVR (bus 0 bus_irq 0 global_irq 2 dfl dfl)
[    0.534577] ACPI: INT_SRC_OVR (bus 0 bus_irq 5 global_irq 5 high level)
[    0.535032] ACPI: INT_SRC_OVR (bus 0 bus_irq 9 global_irq 9 high level)
[    0.535493] ACPI: INT_SRC_OVR (bus 0 bus_irq 10 global_irq 10 high level)
[    0.535961] ACPI: INT_SRC_OVR (bus 0 bus_irq 11 global_irq 11 high level)
[    0.536440] ACPI: Using ACPI (MADT) for SMP configuration information
[    0.536887] ACPI: HPET id: 0x8086a201 base: 0xfed00000
[    0.537255] TSC deadline timer available
[    0.537534] CPU topo: Max. logical packages:   1
[    0.537855] CPU topo: Max. logical dies:       1
[    0.538178] CPU topo: Max. dies per package:   1
[    0.538498] CPU topo: Max. threads per core:   1
[    0.538817] CPU topo: Num. cores per package:     2
[    0.539151] CPU topo: Num. threads per package:   2
[    0.539490] CPU topo: Allowing 2 present CPUs plus 0 hotplug CPUs
[    0.539968] kvm-guest: APIC: eoi() replaced with kvm_guest_apic_eoi_write()
[    0.540484] kvm-guest: KVM setup pv remote TLB flush
[    0.540831] kvm-guest: setup PV sched yield
[    0.541169] PM: hibernation: Registered nosave memory: [mem 0x00000000-0x00000fff]
[    0.541695] PM: hibernation: Registered nosave memory: [mem 0x0009f000-0x0009ffff]
[    0.542218] PM: hibernation: Registered nosave memory: [mem 0x000a0000-0x000effff]
[    0.542739] PM: hibernation: Registered nosave memory: [mem 0x000f0000-0x000fffff]
[    0.543263] [mem 0x80000000-0xfeffbfff] available for PCI devices
[    0.543686] Booting paravirtualized kernel on KVM
[    0.544021] clocksource: refined-jiffies: mask: 0xffffffff max_cycles: 0xffffffff, max_idle_ns: 7645519600211568 ns
[    0.544754] setup_percpu: NR_CPUS:8192 nr_cpumask_bits:2 nr_cpu_ids:2 nr_node_ids:1
[    0.547210] percpu: Embedded 85 pages/cpu s311296 r8192 d28672 u1048576
[    0.547794] kvm-guest: PV spinlocks enabled
[    0.548097] PV qspinlock hash table entries: 256 (order: 0, 4096 bytes, linear)
[    0.548628] Kernel command line: net.ifnames=0 console=ttyS0 root=/dev/sda earlyprintk=serial net.ifnames=0 plymouth.enable=0
[    0.549721] random: crng init done
[    0.549964] printk: log buffer data + meta data: 262144 + 917504 = 1179648 bytes
[    0.552201] Dentry cache hash table entries: 262144 (order: 9, 2097152 bytes, linear)
[    0.553476] Inode-cache hash table entries: 131072 (order: 8, 1048576 bytes, linear)
[    0.554269] Fallback order for Node 0: 0 
[    0.554278] Built 1 zonelists, mobility grouping on.  Total pages: 524158
[    0.555001] Policy zone: DMA32
[    0.555210] mem auto-init: stack:off, heap alloc:off, heap free:off
[    0.555630] stackdepot: allocating hash table via alloc_large_system_hash
[    0.556087] stackdepot hash table entries: 1048576 (order: 12, 16777216 bytes, linear)
[    0.634371] SLUB: HWalign=64, Order=0-3, MinObjects=0, CPUs=2, Nodes=1
[    0.634860] kmemleak: Kernel memory leak detector disabled
[    0.635400] ftrace: allocating 73526 entries in 288 pages
[    0.762865] ftrace: allocated 288 pages with 2 groups
[    0.767055] Dynamic Preempt: voluntary
[    0.767671] Running RCU self tests
[    0.767906] Running RCU synchronous self tests
[    0.768212] rcu: Preemptible hierarchical RCU implementation.
[    0.768602] rcu: 	RCU lockdep checking is enabled.
[    0.768920] rcu: 	RCU restricting CPUs from NR_CPUS=8192 to nr_cpu_ids=2.
[    0.769377] 	Trampoline variant of Tasks RCU enabled.
[    0.769714] 	Rude variant of Tasks RCU enabled.
[    0.770015] 	Tracing variant of Tasks RCU enabled.
[    0.770338] rcu: RCU calculated value of scheduler-enlistment delay is 25 jiffies.
[    0.770849] rcu: Adjusting geometry for rcu_fanout_leaf=16, nr_cpu_ids=2
[    0.771352] Running RCU synchronous self tests
[    0.771660] RCU Tasks: Setting shift to 1 and lim to 1 rcu_task_cb_adjust=1 rcu_task_cpu_ids=2.
[    0.772252] RCU Tasks Rude: Setting shift to 1 and lim to 1 rcu_task_cb_adjust=1 rcu_task_cpu_ids=2.
[    0.772872] RCU Tasks Trace: Setting shift to 1 and lim to 1 rcu_task_cb_adjust=1 rcu_task_cpu_ids=2.
[    0.824168] NR_IRQS: 524544, nr_irqs: 440, preallocated irqs: 16
[    0.825039] rcu: srcu_init: Setting srcu_struct sizes based on contention.
[    0.831247] Console: colour VGA+ 80x25
[    0.831577] printk: legacy console [ttyS0] enabled
[    0.831577] printk: legacy console [ttyS0] enabled
[    0.832243] printk: legacy bootconsole [earlyser0] disabled
[    0.832243] printk: legacy bootconsole [earlyser0] disabled
[    0.833012] Lock dependency validator: Copyright (c) 2006 Red Hat, Inc., Ingo Molnar
[    0.833548] ... MAX_LOCKDEP_SUBCLASSES:  8
[    0.833840] ... MAX_LOCK_DEPTH:          48
[    0.834136] ... MAX_LOCKDEP_KEYS:        8192
[    0.834444] ... CLASSHASH_SIZE:          4096
[    0.834753] ... MAX_LOCKDEP_ENTRIES:     524288
[    0.835073] ... MAX_LOCKDEP_CHAINS:      524288
[    0.835395] ... CHAINHASH_SIZE:          262144
[    0.835713]  memory used by lock dependency info: 54145 kB
[    0.836097]  memory used for stack traces: 4224 kB
[    0.836436]  per task-struct memory footprint: 1920 bytes
[    0.836884] ACPI: Core revision 20240827
[    0.837496] clocksource: hpet: mask: 0xffffffff max_cycles: 0xffffffff, max_idle_ns: 19112604467 ns
[    0.838285] APIC: Switch to symmetric I/O mode setup
[    0.838872] x2apic enabled
[    0.839382] APIC: Switched APIC routing to: physical x2apic
[    0.839782] kvm-guest: APIC: send_IPI_mask() replaced with kvm_send_ipi_mask()
[    0.840294] kvm-guest: APIC: send_IPI_mask_allbutself() replaced with kvm_send_ipi_mask_allbutself()
[    0.840929] kvm-guest: setup PV IPIs
[    0.842048] ..TIMER: vector=0x30 apic1=0 pin1=2 apic2=-1 pin2=-1
[    0.842554] clocksource: tsc-early: mask: 0xffffffffffffffff max_cycles: 0x12441513526, max_idle_ns: 440795239872 ns
[    0.843274] Calibrating delay loop (skipped) preset value.. 2534.40 BogoMIPS (lpj=5068800)
[    0.843968] CPU0: Thermal monitoring enabled (TM1)
[    0.844318] x86/cpu: User Mode Instruction Prevention (UMIP) activated
[    0.844855] Last level iTLB entries: 4KB 0, 2MB 0, 4MB 0
[    0.845228] Last level dTLB entries: 4KB 0, 2MB 0, 4MB 0, 1GB 0
[    0.845657] Spectre V1 : Mitigation: usercopy/swapgs barriers and __user pointer sanitization
[    0.846251] Spectre V2 : WARNING: Unprivileged eBPF is enabled with eIBRS on, data leaks possible via Spectre v2 BHB attacks!
[    0.847288] Spectre V2 : Spectre BHI mitigation: SW BHB clearing on syscall and VM exit
[    0.847821] Spectre V2 : Mitigation: Enhanced / Automatic IBRS
[    0.848211] Spectre V2 : Spectre v2 / SpectreRSB mitigation: Filling RSB on context switch
[    0.848758] Spectre V2 : Spectre v2 / PBRSB-eIBRS: Retire a single CALL on VMEXIT
[    0.849260] Spectre V2 : mitigation: Enabling conditional Indirect Branch Prediction Barrier
[    0.849827] Speculative Store Bypass: Mitigation: Speculative Store Bypass disabled via prctl
[    0.850394] MMIO Stale Data: Unknown: No mitigations
[    0.851296] x86/fpu: Supporting XSAVE feature 0x001: 'x87 floating point registers'
[    0.851810] x86/fpu: Supporting XSAVE feature 0x002: 'SSE registers'
[    0.852248] x86/fpu: Supporting XSAVE feature 0x004: 'AVX registers'
[    0.852686] x86/fpu: Supporting XSAVE feature 0x200: 'Protection Keys User registers'
[    0.853227] x86/fpu: xstate_offset[2]:  576, xstate_sizes[2]:  256
[    0.853652] x86/fpu: xstate_offset[9]:  832, xstate_sizes[9]:    8
[    0.854081] x86/fpu: Enabled xstate features 0x207, context size is 840 bytes, using 'compacted' format.
[    0.961798] Freeing SMP alternatives memory: 56K
[    0.962138] pid_max: default: 32768 minimum: 301
[    0.962655] LSM: initializing lsm=capability,yama,ima,evm
[    0.963128] Yama: becoming mindful.
[    0.963608] Mount-cache hash table entries: 4096 (order: 3, 32768 bytes, linear)
[    0.964122] Mountpoint-cache hash table entries: 4096 (order: 3, 32768 bytes, linear)
[    0.966475] Running RCU synchronous self tests
[    0.966791] Running RCU synchronous self tests
[    0.967660] smpboot: CPU0: Genuine Intel(R) 0000 @ (family: 0x6, model: 0xc6, stepping: 0x0)
[    0.969258] Running RCU Tasks wait API self tests
[    1.071424] Running RCU Tasks Rude wait API self tests
[    1.071816] Running RCU Tasks Trace wait API self tests
[    1.072230] Performance Events: unsupported p6 CPU model 198 no PMU driver, software events only.
[    1.072932] signal: max sigframe size: 3632
[    1.075354] rcu: Hierarchical SRCU implementation.
[    1.075685] rcu: 	Max phase no-delay instances is 1000.
[    1.076343] Timer migration: 1 hierarchy levels; 8 children per group; 1 crossnode level
[    1.078508] NMI watchdog: Perf NMI watchdog permanently disabled
[    1.079076] smp: Bringing up secondary CPUs ...
[    1.079320] Callback from call_rcu_tasks_trace() invoked.
[    1.095394] smpboot: x86: Booting SMP configuration:
[    1.095754] .... node  #0, CPUs:      #1
[    1.096018] smp: Brought up 1 node, 2 CPUs
[    1.096018] smpboot: Total of 2 processors activated (5068.80 BogoMIPS)
[    1.096984] Memory: 1552408K/2096632K available (77598K kernel code, 15176K rwdata, 18084K rodata, 15776K init, 69104K bss, 537212K reserved, 0K cma-reserved)
[    1.101066] devtmpfs: initialized
[    1.101066] x86/mm: Memory block size: 128MB
[    1.111566] Running RCU synchronous self tests
[    1.111893] Running RCU synchronous self tests
[    1.112215] clocksource: jiffies: mask: 0xffffffff max_cycles: 0xffffffff, max_idle_ns: 7645041785100000 ns
[    1.112215] futex hash table entries: 512 (order: 4, 65536 bytes, linear)
[    1.112848] pinctrl core: initialized pinctrl subsystem
[    1.115321] 
[    1.115443] *************************************************************
[    1.115905] **     NOTICE NOTICE NOTICE NOTICE NOTICE NOTICE NOTICE    **
[    1.116354] **                                                         **
[    1.116809] **  IOMMU DebugFS SUPPORT HAS BEEN ENABLED IN THIS KERNEL  **
[    1.117258] **                                                         **
[    1.117712] ** This means that this kernel is built to expose internal **
[    1.118163] ** IOMMU data structures, which may compromise security on **
[    1.118615] ** your system.                                            **
[    1.119068] **                                                         **
[    1.119269] ** If you see this message and you are not debugging the   **
[    1.119732] ** kernel, report this immediately to your vendor!         **
[    1.120190] **                                                         **
[    1.120649] **     NOTICE NOTICE NOTICE NOTICE NOTICE NOTICE NOTICE    **
[    1.121110] *************************************************************
[    1.121627] PM: RTC time: 23:32:49, date: 2025-03-19
[    1.126154] NET: Registered PF_NETLINK/PF_ROUTE protocol family
[    1.127563] DMA: preallocated 256 KiB GFP_KERNEL pool for atomic allocations
[    1.128067] DMA: preallocated 256 KiB GFP_KERNEL|GFP_DMA pool for atomic allocations
[    1.128597] DMA: preallocated 256 KiB GFP_KERNEL|GFP_DMA32 pool for atomic allocations
[    1.129255] audit: initializing netlink subsys (disabled)
[    1.129674] audit: type=2000 audit(1742427169.374:1): state=initialized audit_enabled=0 res=1
[    1.129674] thermal_sys: Registered thermal governor 'fair_share'
[    1.129674] thermal_sys: Registered thermal governor 'bang_bang'
[    1.129674] thermal_sys: Registered thermal governor 'step_wise'
[    1.129855] thermal_sys: Registered thermal governor 'user_space'
[    1.131300] cpuidle: using governor ladder
[    1.132042] cpuidle: using governor menu
[    1.132042] acpiphp: ACPI Hot Plug PCI Controller Driver version: 0.5
[    1.133092] PCI: Using configuration type 1 for base access
[    1.135471] kprobes: kprobe jump-optimization is enabled. All kprobes are optimized if possible.
[    1.218656] HugeTLB: registered 1.00 GiB page size, pre-allocated 0 pages
[    1.219148] HugeTLB: 16380 KiB vmemmap can be freed for a 1.00 GiB page
[    1.219270] HugeTLB: registered 2.00 MiB page size, pre-allocated 0 pages
[    1.219740] HugeTLB: 28 KiB vmemmap can be freed for a 2.00 MiB page
[    1.229130] ACPI: Added _OSI(Module Device)
[    1.229426] ACPI: Added _OSI(Processor Device)
[    1.229750] ACPI: Added _OSI(3.0 _SCP Extensions)
[    1.230073] ACPI: Added _OSI(Processor Aggregator Device)
[    1.239085] ACPI: 1 ACPI AML tables successfully acquired and loaded
[    1.243441] ACPI: Interpreter enabled
[    1.243797] ACPI: PM: (supports S0 S3 S4 S5)
[    1.244099] ACPI: Using IOAPIC for interrupt routing
[    1.244526] PCI: Using host bridge windows from ACPI; if necessary, use "pci=nocrs" and report a bug
[    1.245149] PCI: Using E820 reservations for host bridge windows
[    1.246326] ACPI: Enabled 2 GPEs in block 00 to 0F
[    1.269658] ACPI: PCI Root Bridge [PCI0] (domain 0000 [bus 00-ff])
[    1.270119] acpi PNP0A03:00: _OSC: OS supports [ASPM ClockPM Segments MSI EDR HPX-Type3]
[    1.270681] acpi PNP0A03:00: _OSC: not requesting OS control; OS requires [ExtendedConfig ASPM ClockPM MSI]
[    1.271368] acpi PNP0A03:00: fail to add MMCONFIG information, can't access extended configuration space under this bridge
[    1.275021] acpiphp: Slot [3] registered
[    1.275353] acpiphp: Slot [4] registered
[    1.275709] acpiphp: Slot [5] registered
[    1.276077] acpiphp: Slot [6] registered
[    1.276427] acpiphp: Slot [7] registered
[    1.276776] acpiphp: Slot [8] registered
[    1.277131] acpiphp: Slot [9] registered
[    1.277506] acpiphp: Slot [10] registered
[    1.277864] acpiphp: Slot [11] registered
[    1.278223] acpiphp: Slot [12] registered
[    1.278586] acpiphp: Slot [13] registered
[    1.278967] acpiphp: Slot [14] registered
[    1.279335] acpiphp: Slot [15] registered
[    1.279699] acpiphp: Slot [16] registered
[    1.280066] acpiphp: Slot [17] registered
[    1.280449] acpiphp: Slot [18] registered
[    1.280810] acpiphp: Slot [19] registered
[    1.281171] acpiphp: Slot [20] registered
[    1.281557] acpiphp: Slot [21] registered
[    1.281934] acpiphp: Slot [22] registered
[    1.282301] acpiphp: Slot [23] registered
[    1.282659] acpiphp: Slot [24] registered
[    1.283018] acpiphp: Slot [25] registered
[    1.283372] acpiphp: Slot [26] registered
[    1.283738] acpiphp: Slot [27] registered
[    1.284095] acpiphp: Slot [28] registered
[    1.284457] acpiphp: Slot [29] registered
[    1.284843] acpiphp: Slot [30] registered
[    1.285204] acpiphp: Slot [31] registered
[    1.285533] PCI host bridge to bus 0000:00
[    1.285861] pci_bus 0000:00: root bus resource [io  0x0000-0x0cf7 window]
[    1.286334] pci_bus 0000:00: root bus resource [io  0x0d00-0xffff window]
[    1.286807] pci_bus 0000:00: root bus resource [mem 0x000a0000-0x000bffff window]
[    1.287269] pci_bus 0000:00: root bus resource [mem 0x80000000-0xfebfffff window]
[    1.287789] pci_bus 0000:00: root bus resource [mem 0x100000000-0x17fffffff window]
[    1.288325] pci_bus 0000:00: root bus resource [bus 00-ff]
[    1.288795] pci 0000:00:00.0: [8086:1237] type 00 class 0x060000 conventional PCI endpoint
[    1.294885] pci 0000:00:01.0: [8086:7000] type 00 class 0x060100 conventional PCI endpoint
[    1.296100] pci 0000:00:01.1: [8086:7010] type 00 class 0x010180 conventional PCI endpoint
[    1.297072] pci 0000:00:01.1: BAR 4 [io  0xc040-0xc04f]
[    1.297464] pci 0000:00:01.1: BAR 0 [io  0x01f0-0x01f7]: legacy IDE quirk
[    1.297939] pci 0000:00:01.1: BAR 1 [io  0x03f6]: legacy IDE quirk
[    1.298374] pci 0000:00:01.1: BAR 2 [io  0x0170-0x0177]: legacy IDE quirk
[    1.298848] pci 0000:00:01.1: BAR 3 [io  0x0376]: legacy IDE quirk
[    1.299568] pci 0000:00:01.3: [8086:7113] type 00 class 0x068000 conventional PCI endpoint
[    1.300377] pci 0000:00:01.3: quirk: [io  0x0600-0x063f] claimed by PIIX4 ACPI
[    1.300882] pci 0000:00:01.3: quirk: [io  0x0700-0x070f] claimed by PIIX4 SMB
[    1.301704] pci 0000:00:02.0: [1234:1111] type 00 class 0x030000 conventional PCI endpoint
[    1.304165] pci 0000:00:02.0: BAR 0 [mem 0xfd000000-0xfdffffff pref]
[    1.304715] pci 0000:00:02.0: BAR 2 [mem 0xfebf0000-0xfebf0fff]
[    1.305148] pci 0000:00:02.0: ROM [mem 0xfebe0000-0xfebeffff pref]
[    1.305902] pci 0000:00:02.0: Video device with shadowed ROM at [mem 0x000c0000-0x000dffff]
[    1.313465] pci 0000:00:03.0: [8086:100e] type 00 class 0x020000 conventional PCI endpoint
[    1.315287] pci 0000:00:03.0: BAR 0 [mem 0xfebc0000-0xfebdffff]
[    1.315703] pci 0000:00:03.0: BAR 1 [io  0xc000-0xc03f]
[    1.316095] pci 0000:00:03.0: ROM [mem 0xfeb80000-0xfebbffff pref]
[    1.331806] ACPI: PCI: Interrupt link LNKA configured for IRQ 10
[    1.333395] ACPI: PCI: Interrupt link LNKB configured for IRQ 10
[    1.334371] ACPI: PCI: Interrupt link LNKC configured for IRQ 11
[    1.335347] ACPI: PCI: Interrupt link LNKD configured for IRQ 11
[    1.336000] ACPI: PCI: Interrupt link LNKS configured for IRQ 9
[    1.339514] iommu: Default domain type: Translated
[    1.339866] iommu: DMA domain TLB invalidation policy: lazy mode
[    1.342862] SCSI subsystem initialized
[    1.343775] ACPI: bus type USB registered
[    1.344300] usbcore: registered new interface driver usbfs
[    1.344762] usbcore: registered new interface driver hub
[    1.345197] usbcore: registered new device driver usb
[    1.345914] pps_core: LinuxPPS API ver. 1 registered
[    1.346267] pps_core: Software ver. 5.3.6 - Copyright 2005-2007 Rodolfo Giometti <giometti@linux.it>
[    1.346922] PTP clock support registered
[    1.347718] EDAC MC: Ver: 3.0.0
[    1.351364] NetLabel: Initializing
[    1.351617] NetLabel:  domain hash size = 128
[    1.351928] NetLabel:  protocols = UNLABELED CIPSOv4 CALIPSO
[    1.352523] NetLabel:  unlabeled traffic allowed by default
[    1.353619] PCI: Using ACPI for IRQ routing
[    1.354316] pci 0000:00:02.0: vgaarb: setting as boot VGA device
[    1.354754] pci 0000:00:02.0: vgaarb: bridge control possible
[    1.355157] pci 0000:00:02.0: vgaarb: VGA device added: decodes=io+mem,owns=io+mem,locks=none
[    1.355270] vgaarb: loaded
[    1.356377] hpet0: at MMIO 0xfed00000, IRQs 2, 8, 0
[    1.356746] hpet0: 3 comparators, 64-bit 100.000000 MHz counter
[    1.367617] clocksource: Switched to clocksource kvm-clock
[    1.370048] VFS: Disk quotas dquot_6.6.0
[    1.370383] VFS: Dquot-cache hash table entries: 512 (order 0, 4096 bytes)
[    1.374607] pnp: PnP ACPI init
[    1.377491] pnp: PnP ACPI: found 6 devices
[    1.392513] clocksource: acpi_pm: mask: 0xffffff max_cycles: 0xffffff, max_idle_ns: 2085701024 ns
[    1.393570] NET: Registered PF_INET protocol family
[    1.394282] IP idents hash table entries: 32768 (order: 6, 262144 bytes, linear)
[    1.396221] tcp_listen_portaddr_hash hash table entries: 1024 (order: 4, 73728 bytes, linear)
[    1.396919] Table-perturb hash table entries: 65536 (order: 6, 262144 bytes, linear)
[    1.397516] TCP established hash table entries: 16384 (order: 5, 131072 bytes, linear)
[    1.398635] TCP bind hash table entries: 16384 (order: 9, 2359296 bytes, linear)
[    1.401457] TCP: Hash tables configured (established 16384 bind 16384)
[    1.402130] UDP hash table entries: 1024 (order: 6, 262144 bytes, linear)
[    1.402821] UDP-Lite hash table entries: 1024 (order: 6, 262144 bytes, linear)
[    1.403796] NET: Registered PF_UNIX/PF_LOCAL protocol family
[    1.405328] RPC: Registered named UNIX socket transport module.
[    1.405805] RPC: Registered udp transport module.
[    1.406141] RPC: Registered tcp transport module.
[    1.406477] RPC: Registered tcp-with-tls transport module.
[    1.406867] RPC: Registered tcp NFSv4.1 backchannel transport module.
[    1.407362] pci_bus 0000:00: resource 4 [io  0x0000-0x0cf7 window]
[    1.407805] pci_bus 0000:00: resource 5 [io  0x0d00-0xffff window]
[    1.408244] pci_bus 0000:00: resource 6 [mem 0x000a0000-0x000bffff window]
[    1.408729] pci_bus 0000:00: resource 7 [mem 0x80000000-0xfebfffff window]
[    1.409217] pci_bus 0000:00: resource 8 [mem 0x100000000-0x17fffffff window]
[    1.410078] pci 0000:00:01.0: PIIX3: Enabling Passive Release
[    1.410497] pci 0000:00:00.0: Limiting direct PCI/PCI transfers
[    1.410981] PCI: CLS 0 bytes, default 64
[    1.411953] ACPI: bus type thunderbolt registered
[    1.412642] clocksource: tsc: mask: 0xffffffffffffffff max_cycles: 0x12441513526, max_idle_ns: 440795239872 ns
[    2.790480] Initialise system trusted keyrings
[    2.790929] Key type blacklist registered
[    2.792177] workingset: timestamp_bits=36 max_order=19 bucket_order=0
[    2.792708] zbud: loaded
[    2.794571] squashfs: version 4.0 (2009/01/31) Phillip Lougher
[    2.797457] NFS: Registering the id_resolver key type
[    2.797854] Key type id_resolver registered
[    2.798152] Key type id_legacy registered
[    2.798489] nfs4filelayout_init: NFSv4 File Layout Driver Registering...
[    2.798989] nfs4flexfilelayout_init: NFSv4 Flexfile Layout Driver Registering...
[    2.799697] fuse: init (API version 7.42)
[    2.800407] SGI XFS with ACLs, security attributes, realtime, quota, no debug enabled
[    2.802896] 9p: Installing v9fs 9p2000 file system support
[    2.812070] Key type asymmetric registered
[    2.812352] Asymmetric key parser 'x509' registered
[    2.812814] Block layer SCSI generic (bsg) driver version 0.4 loaded (major 242)
[    2.814193] io scheduler mq-deadline registered
[    2.814619] io scheduler bfq registered
[    2.816321] ledtrig-cpu: registered to indicate activity on CPUs
[    2.817115] shpchp: Standard Hot Plug PCI Controller Driver version: 0.4
[    2.818266] IPMI message handler: version 39.2
[    2.818643] ipmi device interface
[    2.820865] input: Power Button as /devices/LNXSYSTM:00/LNXPWRBN:00/input/input0
[    2.821817] ACPI: button: Power Button [PWRF]
[    2.823967] ERST DBG: ERST support is disabled.
[    2.825458] Serial: 8250/16550 driver, 32 ports, IRQ sharing enabled
[    2.826969] 00:04: ttyS0 at I/O 0x3f8 (irq = 4, base_baud = 115200) is a 16550A
[    2.853601] Linux agpgart interface v0.103
[    2.856300] ACPI: bus type drm_connector registered
[    2.876099] brd: module loaded
[    2.886035] Callback from call_rcu_tasks() invoked.
[    2.887774] loop: module loaded
[    2.897169] scsi host0: ata_piix
[    2.898665] scsi host1: ata_piix
[    2.899197] ata1: PATA max MWDMA2 cmd 0x1f0 ctl 0x3f6 bmdma 0xc040 irq 14 lpm-pol 0
[    2.899732] ata2: PATA max MWDMA2 cmd 0x170 ctl 0x376 bmdma 0xc048 irq 15 lpm-pol 0
[    2.902034] tun: Universal TUN/TAP device driver, 1.6
[    2.903061] e100: Intel(R) PRO/100 Network Driver
[    2.903413] e100: Copyright(c) 1999-2006 Intel Corporation
[    2.903834] e1000: Intel(R) PRO/1000 Network Driver
[    2.904165] e1000: Copyright (c) 1999-2006 Intel Corporation.
[    3.054116] ata1: found unknown device (class 0)
[    3.054759] ata2: found unknown device (class 0)
[    3.055580] ata2.00: ATAPI: QEMU DVD-ROM, 2.5+, max UDMA/100
[    3.056351] ata1.00: ATA-7: QEMU HARDDISK, 2.5+, max UDMA/100
[    3.056737] ata1.00: 17196647 sectors, multi 16: LBA48 
[    3.058671] scsi 0:0:0:0: Direct-Access     ATA      QEMU HARDDISK    2.5+ PQ: 0 ANSI: 5
[    3.060559] sd 0:0:0:0: Attached scsi generic sg0 type 0
[    3.060671] sd 0:0:0:0: [sda] 17196647 512-byte logical blocks: (8.80 GB/8.20 GiB)
[    3.061547] sd 0:0:0:0: [sda] Write Protect is off
[    3.062061] sd 0:0:0:0: [sda] Write cache: enabled, read cache: enabled, doesn't support DPO or FUA
[    3.062820] scsi 1:0:0:0: CD-ROM            QEMU     QEMU DVD-ROM     2.5+ PQ: 0 ANSI: 5
[    3.063663] sd 0:0:0:0: [sda] Preferred minimum I/O size 512 bytes
[    3.114734] scsi 1:0:0:0: Attached scsi generic sg1 type 5
[    3.119197] sd 0:0:0:0: [sda] Attached SCSI disk
[    3.330306] ACPI: \_SB_.LNKC: Enabled at IRQ 11
[    3.636992] e1000 0000:00:03.0 eth0: (PCI:33MHz:32-bit) 52:54:00:12:34:56
[    3.637549] e1000 0000:00:03.0 eth0: Intel(R) PRO/1000 Network Connection
[    3.638176] e1000e: Intel(R) PRO/1000 Network Driver
[    3.638530] e1000e: Copyright(c) 1999 - 2015 Intel Corporation.
[    3.638999] igb: Intel(R) Gigabit Ethernet Network Driver
[    3.639370] igb: Copyright (c) 2007-2014 Intel Corporation.
[    3.639912] PPP generic driver version 2.4.2
[    3.641839] VFIO - User Level meta-driver version: 0.3
[    3.643337] usbcore: registered new interface driver uas
[    3.643801] usbcore: registered new interface driver usb-storage
[    3.644456] i8042: PNP: PS/2 Controller [PNP0303:KBD,PNP0f13:MOU] at 0x60,0x64 irq 1,12
[    3.645985] serio: i8042 KBD port at 0x60,0x64 irq 1
[    3.646389] serio: i8042 AUX port at 0x60,0x64 irq 12
[    3.647499] mousedev: PS/2 mouse device common for all mice
[    3.648913] input: AT Translated Set 2 keyboard as /devices/platform/i8042/serio0/input/input1
[    3.650090] rtc_cmos 00:05: RTC can wake from S4
[    3.652257] rtc_cmos 00:05: registered as rtc0
[    3.652633] rtc_cmos 00:05: setting system clock to 2025-03-19T23:32:51 UTC (1742427171)
[    3.653465] rtc_cmos 00:05: alarms up to one day, y3k, 242 bytes nvram, hpet irqs
[    3.654129] i2c_dev: i2c /dev entries driver
[    3.655422] input: VirtualPS/2 VMware VMMouse as /devices/platform/i8042/serio1/input/input4
[    3.656332] device-mapper: core: CONFIG_IMA_DISABLE_HTABLE is disabled. Duplicate IMA measurements will not be recorded in the IMA log.
[    3.657193] device-mapper: uevent: version 1.0.3
[    3.657924] device-mapper: ioctl: 4.49.0-ioctl (2025-01-17) initialised: dm-devel@lists.linux.dev
[    3.658599] intel_pstate: CPU model not supported
[    3.659264] sdhci: Secure Digital Host Controller Interface driver
[    3.659344] input: VirtualPS/2 VMware VMMouse as /devices/platform/i8042/serio1/input/input3
[    3.659697] sdhci: Copyright(c) Pierre Ossman
[    3.659835] sdhci-pltfm: SDHCI platform and OF driver helper
[    3.661454] drop_monitor: Initializing network drop monitor service
[    3.662248] NET: Registered PF_INET6 protocol family
[    3.668016] Segment Routing with IPv6
[    3.668349] In-situ OAM (IOAM) with IPv6
[    3.668699] NET: Registered PF_PACKET protocol family
[    3.669448] 9pnet: Installing 9P2000 support
[    3.669917] Key type dns_resolver registered
[    3.671816] IPI shorthand broadcast: enabled
[    3.699451] sched_clock: Marking stable (3684005324, 13746484)->(3893677575, -195925767)
[    3.701099] registered taskstats version 1
[    3.702141] Loading compiled-in X.509 certificates
[    3.734633] Demotion targets for Node 0: null
[    3.735860] Key type .fscrypt registered
[    3.736141] Key type fscrypt-provisioning registered
[    3.739046] Key type encrypted registered
[    3.739398] ima: No TPM chip found, activating TPM-bypass!
[    3.739804] ima: Allocated hash algorithm: sha1
[    3.740193] ima: No architecture policies found
[    3.740674] evm: Initialising EVM extended attributes:
[    3.741036] evm: security.selinux
[    3.741277] evm: security.SMACK64
[    3.741512] evm: security.SMACK64EXEC
[    3.741792] evm: security.SMACK64TRANSMUTE
[    3.742083] evm: security.SMACK64MMAP
[    3.742344] evm: security.apparmor
[    3.742587] evm: security.ima
[    3.742799] evm: security.capability
[    3.743052] evm: HMAC attrs: 0x1
[    3.745170] PM:   Magic number: 1:329:555
[    3.746287] RAS: Correctable Errors collector initialized.
[    3.746877] clk: Disabling unused clocks
[    3.747500] PM: genpd: Disabling unused power domains
[    3.748487] md: Waiting for all devices to be available before autodetect
[    3.748798] md: If you don't use raid, use raid=noautodetect
[    3.749058] md: Autodetecting RAID arrays.
[    3.749259] md: autorun ...
[    3.749402] md: ... autorun DONE.
[    3.761170] EXT4-fs (sda): INFO: recovery required on readonly filesystem
[    3.761490] EXT4-fs (sda): write access will be enabled during recovery
[    3.847621] EXT4-fs (sda): recovery complete
[    3.859050] EXT4-fs (sda): mounted filesystem 088740a9-c8b4-422c-999d-a804eb68a4da ro with ordered data mode. Quota mode: none.
[    3.859674] VFS: Mounted root (ext4 filesystem) readonly on device 8:0.
[    3.869991] devtmpfs: mounted
[    3.890901] Freeing unused decrypted memory: 2028K
[    3.902860] Freeing unused kernel image (initmem) memory: 15776K
[    3.903293] Write protecting the kernel read-only data: 96256k
[    3.905471] Freeing unused kernel image (text/rodata gap) memory: 224K
[    3.906449] Freeing unused kernel image (rodata/data gap) memory: 348K
[    3.957848] x86/mm: Checked W+X mappings: passed, no W+X pages found.
[    3.958185] Run /sbin/init as init process
[    4.374458] systemd[1]: systemd 252-15.el9 running in system mode (+PAM +AUDIT +SELINUX -APPARMOR +IMA +SMACK +SECCOMP +GCRYPT +GNUTLS +OPENSSL +ACL +BLKID +CURL +ELFUTILS -FIDO2 +IDN2 -IDN -IPTC +KMOD +LIBCRYPTSETUP +LIBFDISK +PCRE2 -PWQUALITY +P11KIT -QRENCODE +TPM2 +BZIP2 +LZ4 +XZ +ZLIB +ZSTD -BPF_FRAMEWORK +XKBCOMMON +UTMP +SYSVINIT default-hierarchy=unified)
[    4.375874] systemd[1]: Detected virtualization kvm.
[    4.376115] systemd[1]: Detected architecture x86-64.

Welcome to [0;31mCentOS Stream 9[0m!

[    4.387212] systemd[1]: Hostname set to <test>.
[    4.626561] systemd-rc-local-generator[121]: /etc/rc.d/rc.local is not marked executable, skipping.
[    5.215790] systemd[1]: Queued start job for default target Multi-User System.
[    5.261088] systemd[1]: Created slice Virtual Machine and Container Slice.
[[0;32m  OK  [0m] Created slice [0;1;39mVirtual Machine and Container Slice[0m.
[    5.265439] systemd[1]: Created slice Slice /system/getty.
[[0;32m  OK  [0m] Created slice [0;1;39mSlice /system/getty[0m.
[    5.267635] systemd[1]: Created slice Slice /system/modprobe.
[[0;32m  OK  [0m] Created slice [0;1;39mSlice /system/modprobe[0m.
[    5.269990] systemd[1]: Created slice Slice /system/serial-getty.
[[0;32m  OK  [0m] Created slice [0;1;39mSlice /system/serial-getty[0m.
[    5.272315] systemd[1]: Created slice Slice /system/sshd-keygen.
[[0;32m  OK  [0m] Created slice [0;1;39mSlice /system/sshd-keygen[0m.
[    5.274560] systemd[1]: Created slice User and Session Slice.
[[0;32m  OK  [0m] Created slice [0;1;39mUser and Session Slice[0m.
[    5.276035] systemd[1]: Started Forward Password Requests to Wall Directory Watch.
[[0;32m  OK  [0m] Started [0;1;39mForward Password R…uests to Wall Directory Watch[0m.
[    5.278119] systemd[1]: Set up automount Arbitrary Executable File Formats File System Automount Point.
[[0;32m  OK  [0m] Set up automount [0;1;39mArbitrary…s File System Automount Point[0m.
[    5.279420] systemd[1]: Reached target Local Integrity Protected Volumes.
[[0;32m  OK  [0m] Reached target [0;1;39mLocal Integrity Protected Volumes[0m.
[    5.280500] systemd[1]: Reached target Slice Units.
[[0;32m  OK  [0m] Reached target [0;1;39mSlice Units[0m.
[    5.281403] systemd[1]: Reached target Swaps.
[[0;32m  OK  [0m] Reached target [0;1;39mSwaps[0m.
[    5.282214] systemd[1]: Reached target Local Verity Protected Volumes.
[[0;32m  OK  [0m] Reached target [0;1;39mLocal Verity Protected Volumes[0m.
[    5.283625] systemd[1]: Listening on Device-mapper event daemon FIFOs.
[[0;32m  OK  [0m] Listening on [0;1;39mDevice-mapper event daemon FIFOs[0m.
[    5.285108] systemd[1]: Listening on LVM2 poll daemon socket.
[[0;32m  OK  [0m] Listening on [0;1;39mLVM2 poll daemon socket[0m.
[    5.286084] systemd[1]: multipathd control socket was skipped because of an unmet condition check (ConditionPathExists=/etc/multipath.conf).
[    5.329151] systemd[1]: Listening on RPCbind Server Activation Socket.
[[0;32m  OK  [0m] Listening on [0;1;39mRPCbind Server Activation Socket[0m.
[    5.330459] systemd[1]: Reached target RPC Port Mapper.
[[0;32m  OK  [0m] Reached target [0;1;39mRPC Port Mapper[0m.
[    5.333450] systemd[1]: Listening on Process Core Dump Socket.
[[0;32m  OK  [0m] Listening on [0;1;39mProcess Core Dump Socket[0m.
[    5.334607] systemd[1]: Listening on initctl Compatibility Named Pipe.
[[0;32m  OK  [0m] Listening on [0;1;39minitctl Compatibility Named Pipe[0m.
[    5.335918] systemd[1]: Listening on Journal Socket (/dev/log).
[[0;32m  OK  [0m] Listening on [0;1;39mJournal Socket (/dev/log)[0m.
[    5.337195] systemd[1]: Listening on Journal Socket.
[[0;32m  OK  [0m] Listening on [0;1;39mJournal Socket[0m.
[    5.338577] systemd[1]: Listening on udev Control Socket.
[[0;32m  OK  [0m] Listening on [0;1;39mudev Control Socket[0m.
[    5.339621] systemd[1]: Listening on udev Kernel Socket.
[[0;32m  OK  [0m] Listening on [0;1;39mudev Kernel Socket[0m.
[    5.345716] systemd[1]: Mounting Huge Pages File System...
         Mounting [0;1;39mHuge Pages File System[0m...
[    5.352180] systemd[1]: Mounting POSIX Message Queue File System...
         Mounting [0;1;39mPOSIX Message Queue File System[0m...
[    5.362125] systemd[1]: Mounting Kernel Debug File System...
         Mounting [0;1;39mKernel Debug File System[0m...
[    5.368154] systemd[1]: Mounting Kernel Trace File System...
         Mounting [0;1;39mKernel Trace File System[0m...
[    5.370514] systemd[1]: Kernel Module supporting RPCSEC_GSS was skipped because of an unmet condition check (ConditionPathExists=/etc/krb5.keytab).
[    5.371286] systemd[1]: Create List of Static Device Nodes was skipped because of an unmet condition check (ConditionFileNotEmpty=/lib/modules/6.14.0-rc1-425fbcd62d2e+/modules.devname).
[    5.377372] systemd[1]: Starting Monitoring of LVM2 mirrors, snapshots etc. using dmeventd or progress polling...
         Starting [0;1;39mMonitoring of LVM…meventd or progress polling[0m...
[    5.383652] systemd[1]: Starting Load Kernel Module configfs...
         Starting [0;1;39mLoad Kernel Module configfs[0m...
[    5.390307] systemd[1]: Starting Load Kernel Module drm...
         Starting [0;1;39mLoad Kernel Module drm[0m...
[    5.398857] systemd[1]: Starting Load Kernel Module fuse...
         Starting [0;1;39mLoad Kernel Module fuse[0m...
[    5.409648] systemd[1]: Starting Read and set NIS domainname from /etc/sysconfig/network...
         Starting [0;1;39mRead and set NIS …from /etc/sysconfig/network[0m...
[    5.421116] systemd[1]: Starting Journal Service...
         Starting [0;1;39mJournal Service[0m...
[    5.442390] systemd[1]: Starting Load Kernel Modules...
         Starting [0;1;39mLoad Kernel Modules[0m...
[    5.449116] systemd[1]: Starting Generate network units from Kernel command line...
         Starting [0;1;39mGenerate network …ts from Kernel command line[0m...
[    5.458292] systemd[1]: Starting Remount Root and Kernel File Systems...
         Starting [0;1;39mRemount Root and Kernel File Systems[0m...
[    5.459836] systemd[1]: Repartition Root Disk was skipped because no trigger condition checks were met.
[    5.494891] systemd[1]: Starting Coldplug All udev Devices...
         Starting [0;1;39mColdplug All udev Devices[0m...
[    5.506636] systemd[1]: Mounted Huge Pages File System.
[[0;32m  OK  [0m] Mounted [0;1;39mHuge Pages File System[0m.
[    5.507912] systemd[1]: Mounted POSIX Message Queue File System.
[[0;32m  OK  [0m] Mounted [0;1;39mPOSIX Message Queue File System[0m.
[    5.510271] systemd[1]: Mounted Kernel Debug File System.
[[0;32m  OK  [0m] Mounted [0;1;39mKernel Debug File System[0m.
[    5.512808] systemd[1]: Mounted Kernel Trace File System.
[[0;32m  OK  [0m] Mounted [0;1;39mKernel Trace File System[0m.
[    5.517172] systemd[1]: modprobe@configfs.service: Deactivated successfully.
[    5.519345] systemd[1]: Finished Load Kernel Module configfs.
[[0;32m  OK  [0m] Finished [0;1;39mLoad Kernel Module configfs[0m.
[    5.522697] systemd[1]: modprobe@drm.service: Deactivated successfully.
[    5.523683] systemd[1]: Finished Load Kernel Module drm.
[    5.524292] EXT4-fs (sda): re-mounted 088740a9-c8b4-422c-999d-a804eb68a4da r/w. Quota mode: none.
[[0;32m  OK  [0m] Finished [0;1;39mLoad Kernel Module drm[0m.
[    5.533950] systemd[1]: modprobe@fuse.service: Deactivated successfully.
[    5.535161] systemd[1]: Finished Load Kernel Module fuse.
[[0;32m  OK  [0m] Finished [0;1;39mLoad Kernel Module fuse[0m.
[    5.537515] systemd[1]: Finished Read and set NIS domainname from /etc/sysconfig/network.
[[0;32m  OK  [0m] Finished [0;1;39mRead and set NIS …e from /etc/sysconfig/network[0m.
[    5.540228] systemd[1]: systemd-modules-load.service: Main process exited, code=exited, status=1/FAILURE
[    5.541219] systemd[1]: systemd-modules-load.service: Failed with result 'exit-code'.
[    5.543198] systemd[1]: Failed to start Load Kernel Modules.
[[0;1;31mFAILED[0m] Failed to start [0;1;39mLoad Kernel Modules[0m.
See 'systemctl status systemd-modules-load.service' for details.
[    5.546560] systemd[1]: Finished Generate network units from Kernel command line.
[[0;32m  OK  [0m] Finished [0;1;39mGenerate network units from Kernel command line[0m.
[    5.548645] systemd[1]: Finished Remount Root and Kernel File Systems.
[[0;32m  OK  [0m] Finished [0;1;39mRemount Root and Kernel File Systems[0m.
[    5.551585] systemd[1]: Reached target Preparation for Network.
[[0;32m  OK  [0m] Reached target [0;1;39mPreparation for Network[0m.
[    5.574199] systemd[1]: Mounting FUSE Control File System...
         Mounting [0;1;39mFUSE Control File System[0m...
[    5.596796] systemd[1]: Mounting Kernel Configuration File System...
         Mounting [0;1;39mKernel Configuration File System[0m...
[    5.598409] systemd[1]: Special handling of early boot iSCSI sessions was skipped because of an unmet condition check (ConditionDirectoryNotEmpty=/sys/class/iscsi_session).
[    5.599183] systemd[1]: First Boot Wizard was skipped because of an unmet condition check (ConditionFirstBoot=yes).
[    5.614402] systemd[1]: Rebuild Hardware Database was skipped because of an unmet condition check (ConditionNeedsUpdate=/etc).
[    5.642606] systemd[1]: Starting Load/Save Random Seed...
         Starting [0;1;39mLoad/Save Random Seed[0m...
[    5.662573] systemd[1]: Starting Apply Kernel Variables...
         Starting [0;1;39mApply Kernel Variables[0m...
[    5.663626] systemd[1]: Create System Users was skipped because no trigger condition checks were met.
[    5.676322] systemd[1]: Starting Create Static Device Nodes in /dev...
         Starting [0;1;39mCreate Static Device Nodes in /dev[0m...
[    5.685876] systemd[1]: Starting Setup Virtual Console...
         Starting [0;1;39mSetup Virtual Console[0m...
[    5.693603] systemd[1]: Started Journal Service.
[[0;32m  OK  [0m] Started [0;1;39mJournal Service[0m.
[[0;32m  OK  [0m] Finished [0;1;39mMonitoring of LVM… dmeventd or progress polling[0m.
[[0;32m  OK  [0m] Mounted [0;1;39mFUSE Control File System[0m.
[[0;32m  OK  [0m] Mounted [0;1;39mKernel Configuration File System[0m.
         Starting [0;1;39mFlush Journal to Persistent Storage[0m...
[[0;32m  OK  [0m] Finished [0;1;39mLoad/Save Random Seed[0m.
[    5.800764] systemd-journald[147]: Received client request to flush runtime journal.
[[0;32m  OK  [0m] Finished [0;1;39mFlush Journal to Persistent Storage[0m.
[[0;32m  OK  [0m] Finished [0;1;39mApply Kernel Variables[0m.
[[0;32m  OK  [0m] Finished [0;1;39mCreate Static Device Nodes in /dev[0m.
         Starting [0;1;39mRule-based Manage…for Device Events and Files[0m...
[[0;32m  OK  [0m] Started [0;1;39mRule-based Manager for Device Events and Files[0m.
         Starting [0;1;39mAuto-connect to s…E devices found during boot[0m...
[[0;32m  OK  [0m] Finished [0;1;39mColdplug All udev Devices[0m.
[[0;32m  OK  [0m] Finished [0;1;39mAuto-connect to s…VME devices found during boot[0m.
         Starting [0;1;39mWait for udev To …plete Device Initialization[0m...
[[0;32m  OK  [0m] Finished [0;1;39mSetup Virtual Console[0m.
[[0;32m  OK  [0m] Started [0;1;39mDispatch Password …ts to Console Directory Watch[0m.
[[0;32m  OK  [0m] Reached target [0;1;39mLocal Encrypted Volumes[0m.
[[0;32m  OK  [0m] Reached target [0;1;39mPath Units[0m.
[[0;32m  OK  [0m] Found device [0;1;39m/dev/ttyS0[0m.
[[0;32m  OK  [0m] Listening on [0;1;39mLoad/Save RF …itch Status /dev/rfkill Watch[0m.
[[0;32m  OK  [0m] Finished [0;1;39mWait for udev To Complete Device Initialization[0m.
[[0;32m  OK  [0m] Reached target [0;1;39mPreparation for Local File Systems[0m.
[[0;32m  OK  [0m] Reached target [0;1;39mLocal File Systems[0m.
         Starting [0;1;39mTell Plymouth To Write Out Runtime Data[0m...
         Starting [0;1;39mAutomatic Boot Loader Update[0m...
         Starting [0;1;39mCreate Volatile Files and Directories[0m...
[[0;32m  OK  [0m] Finished [0;1;39mTell Plymouth To Write Out Runtime Data[0m.
[[0;32m  OK  [0m] Finished [0;1;39mAutomatic Boot Loader Update[0m.
[[0;32m  OK  [0m] Finished [0;1;39mCreate Volatile Files and Directories[0m.
         Mounting [0;1;39mRPC Pipe File System[0m...
         Starting [0;1;39mSecurity Auditing Service[0m...
         Starting [0;1;39mRPC Bind[0m...
[[0;32m  OK  [0m] Mounted [0;1;39mRPC Pipe File System[0m.
[[0;32m  OK  [0m] Reached target [0;1;39mrpc_pipefs.target[0m.
[[0;32m  OK  [0m] Started [0;1;39mRPC Bind[0m.
[[0;32m  OK  [0m] Started [0;1;39mSecurity Auditing Service[0m.
         Starting [0;1;39mRecord System Boot/Shutdown in UTMP[0m...
[[0;32m  OK  [0m] Finished [0;1;39mRecord System Boot/Shutdown in UTMP[0m.
[[0;32m  OK  [0m] Reached target [0;1;39mSystem Initialization[0m.
[[0;32m  OK  [0m] Started [0;1;39mDaily rotation of log files[0m.
[[0;32m  OK  [0m] Started [0;1;39mUpdates mlocate database every day[0m.
[[0;32m  OK  [0m] Started [0;1;39mDaily Cleanup of Temporary Directories[0m.
[[0;32m  OK  [0m] Started [0;1;39mdaily update of the root trust anchor for DNSSEC[0m.
[[0;32m  OK  [0m] Reached target [0;1;39mTimer Units[0m.
[[0;32m  OK  [0m] Listening on [0;1;39mD-Bus System Message Bus Socket[0m.
[[0;32m  OK  [0m] Listening on [0;1;39mOpen-iSCSI iscsid Socket[0m.
[[0;32m  OK  [0m] Listening on [0;1;39mOpen-iSCSI iscsiuio Socket[0m.
[[0;32m  OK  [0m] Listening on [0;1;39mSSSD Kerberos…ache Manager responder socket[0m.
[[0;32m  OK  [0m] Listening on [0;1;39mLibvirt interface local socket[0m.
[[0;32m  OK  [0m] Listening on [0;1;39mVirtual machine lock manager socket[0m.
[[0;32m  OK  [0m] Listening on [0;1;39mVirtual machine log manager socket[0m.
[[0;32m  OK  [0m] Listening on [0;1;39mLibvirt network local socket[0m.
[[0;32m  OK  [0m] Listening on [0;1;39mLibvirt nodedev local socket[0m.
[[0;32m  OK  [0m] Listening on [0;1;39mLibvirt nwfilter local socket[0m.
[[0;32m  OK  [0m] Listening on [0;1;39mLibvirt proxy local socket[0m.
[[0;32m  OK  [0m] Listening on [0;1;39mLibvirt qemu local socket[0m.
[[0;32m  OK  [0m] Listening on [0;1;39mLibvirt qemu admin socket[0m.
[[0;32m  OK  [0m] Listening on [0;1;39mLibvirt qemu local read-only socket[0m.
[[0;32m  OK  [0m] Listening on [0;1;39mLibvirt secret local socket[0m.
[[0;32m  OK  [0m] Listening on [0;1;39mLibvirt storage local socket[0m.
[[0;32m  OK  [0m] Reached target [0;1;39mSocket Units[0m.
         Starting [0;1;39mD-Bus System Message Bus[0m...
[[0;32m  OK  [0m] Started [0;1;39mD-Bus System Message Bus[0m.
[[0;32m  OK  [0m] Reached target [0;1;39mBasic System[0m.
         Starting [0;1;39mNetwork Manager[0m...
         Starting [0;1;39mNTP client/server[0m...
         Starting [0;1;39mRestore /run/initramfs on shutdown[0m...
[[0;32m  OK  [0m] Started [0;1;39mirqbalance daemon[0m.
[[0;32m  OK  [0m] Started [0;1;39mlibstoragemgmt plug-in server daemon[0m.
[[0;32m  OK  [0m] Started [0;1;39mMachine Check Exception Logging Daemon[0m.
[[0;32m  OK  [0m] Reached target [0;1;39msshd-keygen.target[0m.
[[0;32m  OK  [0m] Reached target [0;1;39mUser and Group Name Lookups[0m.
         Starting [0;1;39mUser Login Management[0m...
         Starting [0;1;39mVirtual Machine a…tainer Registration Service[0m...
         Starting [0;1;39mupdate of the roo…NSSEC validation in unbound[0m...
         Starting [0;1;39mRotate log files[0m...
[[0;32m  OK  [0m] Started [0;1;39mUpdate a database for mlocate[0m.
[[0;32m  OK  [0m] Finished [0;1;39mRestore /run/initramfs on shutdown[0m.
[[0;32m  OK  [0m] Started [0;1;39mVirtual Machine an…ontainer Registration Service[0m.
[[0;32m  OK  [0m] Started [0;1;39mNTP client/server[0m.
[[0;32m  OK  [0m] Started [0;1;39mUser Login Management[0m.
         Starting [0;1;39mHostname Service[0m...
[[0;32m  OK  [0m] Finished [0;1;39mupdate of the roo… DNSSEC validation in unbound[0m.
[[0;32m  OK  [0m] Finished [0;1;39mRotate log files[0m.
[[0;32m  OK  [0m] Started [0;1;39mHostname Service[0m.
         Starting [0;1;39mNetwork Manager Script Dispatcher Service[0m...
[[0;32m  OK  [0m] Started [0;1;39mNetwork Manager Script Dispatcher Service[0m.
[    9.005980] e1000: eth0 NIC Link is Up 1000 Mbps Full Duplex, Flow Control: RX
[[0;32m  OK  [0m] Started [0;1;39mNetwork Manager[0m.
[[0;32m  OK  [0m] Reached target [0;1;39mNetwork[0m.
[[0;32m  OK  [0m] Reached target [0;1;39mNetwork is Online[0m.
         Starting [0;1;39mGSSAPI Proxy Daemon[0m...
         Starting [0;1;39mNotify NFS peers of a restart[0m...
         Starting [0;1;39mSystem Logging Service[0m...
         Starting [0;1;39mOpenSSH server daemon[0m...
         Starting [0;1;39mDynamic System Tuning Daemon[0m...
[[0;32m  OK  [0m] Started [0;1;39mNotify NFS peers of a restart[0m.
[[0;32m  OK  [0m] Started [0;1;39mGSSAPI Proxy Daemon[0m.
[[0;32m  OK  [0m] Reached target [0;1;39mNFS client services[0m.
[[0;32m  OK  [0m] Reached target [0;1;39mPreparation for Remote File Systems[0m.
[[0;32m  OK  [0m] Reached target [0;1;39mRemote File Systems[0m.
         Starting [0;1;39mPermit User Sessions[0m...
         Starting [0;1;39mVirtualization qemu daemon[0m...
[[0;32m  OK  [0m] Started [0;1;39mOpenSSH server daemon[0m.
[[0;32m  OK  [0m] Finished [0;1;39mPermit User Sessions[0m.
[[0;32m  OK  [0m] Started [0;1;39mDeferred execution scheduler[0m.
[[0;32m  OK  [0m] Started [0;1;39mCommand Scheduler[0m.
         Starting [0;1;39mHold until boot process finishes up[0m...
         Starting [0;1;39mTerminate Plymouth Boot Screen[0m...
[[0;32m  OK  [0m] Started [0;1;39mSystem Logging Service[0m.
[[0;32m  OK  [0m] Finished [0;1;39mHold until boot process finishes up[0m.
[[0;32m  OK  [0m] Started [0;1;39mGetty on tty1[0m.
[[0;32m  OK  [0m] Started [0;1;39mSerial Getty on ttyS0[0m.
[[0;32m  OK  [0m] Reached target [0;1;39mLogin Prompts[0m.
[[0;32m  OK  [0m] Finished [0;1;39mTerminate Plymouth Boot Screen[0m.
[[0;32m  OK  [0m] Started [0;1;39mVirtualization qemu daemon[0m.
         Starting [0;1;39mAuthorization Manager[0m...
[[0;32m  OK  [0m] Started [0;1;39mAuthorization Manager[0m.
[[0;32m  OK  [0m] Started [0;1;39mDynamic System Tuning Daemon[0m.
[[0;32m  OK  [0m] Reached target [0;1;39mMulti-User System[0m.
         Starting [0;1;39mRecord Runlevel Change in UTMP[0m...
[[0;32m  OK  [0m] Finished [0;1;39mRecord Runlevel Change in UTMP[0m.

CentOS Stream 9
Kernel 6.14.0-rc1-425fbcd62d2e+ on an x86_64

Activate the web console with: systemctl enable --now cockpit.socket

test login: [   18.575318] cgroup: Unknown subsys name 'net'
[   18.643475] cgroup: Unknown subsys name 'cpuset'
[   18.646905] cgroup: Unknown subsys name 'rlimit'
[   18.647151] cgroup: Unknown subsys name 'memory'
[   18.759829] Adding 124996k swap on ./swap-file.  Priority:0 extents:1 across:124996k 
[   22.519892] BUG: sleeping function called from invalid context at mm/util.c:901
[   22.520467] in_atomic(): 1, irqs_disabled(): 0, non_block: 0, pid: 37, name: kcompactd0
[   22.520831] preempt_count: 1, expected: 0
[   22.521046] RCU nest depth: 0, expected: 0
[   22.521248] 1 lock held by kcompactd0/37:
[   22.521556]  #0: ffff88800d954ed8 (&mapping->i_private_lock){+.+.}-{3:3}, at: __buffer_migrate_folio+0x327/0x7b0
[   22.522103] Preemption disabled at:
[   22.522106] [<ffffffff81f21d17>] __buffer_migrate_folio+0x327/0x7b0
[   22.522581] CPU: 0 UID: 0 PID: 37 Comm: kcompactd0 Not tainted 6.14.0-rc1-425fbcd62d2e+ #1
[   22.522588] Hardware name: QEMU Standard PC (i440FX + PIIX, 1996), BIOS rel-1.16.0-0-gd239552ce722-prebuilt.qemu.org 04/01/2014
[   22.522597] Call Trace:
[   22.522603]  <TASK>
[   22.522607]  dump_stack_lvl+0x121/0x150
[   22.522634]  dump_stack+0x19/0x20
[   22.522640]  __might_resched+0x37b/0x5a0
[   22.522652]  ? __kasan_check_read+0x15/0x20
[   22.522663]  folio_mc_copy+0x111/0x240
[   22.522680]  __migrate_folio.constprop.0+0x173/0x3c0
[   22.522692]  __buffer_migrate_folio+0x6a2/0x7b0
[   22.522703]  buffer_migrate_folio_norefs+0x3d/0x50
[   22.522711]  move_to_new_folio+0x153/0x5b0
[   22.522716]  ? __pfx_buffer_migrate_folio_norefs+0x10/0x10
[   22.522725]  migrate_pages_batch+0x19f6/0x2b20
[   22.522737]  ? __pfx_compaction_free+0x10/0x10
[   22.522753]  ? __pfx_migrate_pages_batch+0x10/0x10
[   22.522764]  ? debug_smp_processor_id+0x20/0x30
[   22.522779]  ? perf_trace_lock+0xf5/0x4f0
[   22.522789]  ? debug_smp_processor_id+0x20/0x30
[   22.522798]  ? __pfx_perf_trace_lock+0x10/0x10
[   22.522808]  migrate_pages+0x18e0/0x2450
[   22.522821]  ? __pfx_compaction_free+0x10/0x10
[   22.522827]  ? __pfx_compaction_alloc+0x10/0x10
[   22.522837]  ? __pfx_migrate_pages+0x10/0x10
[   22.522842]  ? __this_cpu_preempt_check+0x21/0x30
[   22.522853]  ? rcu_is_watching+0x19/0xc0
[   22.522864]  ? isolate_migratepages_block+0x234e/0x4150
[   22.522882]  ? __pfx_isolate_migratepages_block+0x10/0x10
[   22.522894]  compact_zone+0x1d5b/0x40b0
[   22.522917]  ? perf_trace_lock+0x20/0x4f0
[   22.522925]  ? __pfx_compact_zone+0x10/0x10
[   22.522931]  ? __pfx_perf_trace_lock+0x10/0x10
[   22.522937]  ? __pfx_lock_acquire+0x10/0x10
[   22.522950]  compact_node+0x191/0x2d0
[   22.522958]  ? __pfx_compact_node+0x10/0x10
[   22.522964]  ? __pfx_lock_release+0x10/0x10
[   22.522986]  ? _raw_spin_unlock_irqrestore+0x45/0x70
[   22.523000]  kcompactd+0x757/0xc90
[   22.523012]  ? __pfx_kcompactd+0x10/0x10
[   22.523018]  ? lockdep_hardirqs_on+0x89/0x110
[   22.523026]  ? __pfx_autoremove_wake_function+0x10/0x10
[   22.523038]  ? __sanitizer_cov_trace_const_cmp1+0x1e/0x30
[   22.523053]  ? __kthread_parkme+0x15d/0x230
[   22.523066]  ? __pfx_kcompactd+0x10/0x10
[   22.523074]  kthread+0x445/0x980
[   22.523080]  ? __pfx_kthread+0x10/0x10
[   22.523087]  ? _raw_spin_unlock_irq+0x3c/0x60
[   22.523095]  ? __pfx_kthread+0x10/0x10
[   22.523102]  ret_from_fork+0x56/0x90
[   22.523111]  ? __pfx_kthread+0x10/0x10
[   22.523117]  ret_from_fork_asm+0x1a/0x30
[   22.523137]  </TASK>
