c[?7l[2J[0mSeaBIOS (version rel-1.16.0-0-gd239552ce722-prebuilt.qemu.org)


iPXE (http://ipxe.org) 00:03.0 CA00 PCI2.10 PnP PMM+7FF91000+7FEF1000 CA00
Press Ctrl-B to configure iPXE (PCI 00:03.0)...                                                                               


Booting from ROM..c[?7l[2J[    0.000000] Linux version 6.14.0-rc1-1c03874e38e3+ (root@xpf.sh.intel.com) (gcc (GCC) 11.5.0 20240719 (Red Hat 11.5.0-2), GNU ld version 2.36.1-2.el8) #1 SMP PREEMPT_DYNAMIC Tue Mar 25 18:56:21 CST 2025
[    0.000000] Command line: console=ttyS0 root=/dev/sda earlyprintk=serial net.ifnames=0 plymouth.enable=0
[    0.000000] KERNEL supported cpus:
[    0.000000]   Intel GenuineIntel
[    0.000000]   AMD AuthenticAMD
[    0.000000]   Hygon HygonGenuine
[    0.000000]   Centaur CentaurHauls
[    0.000000]   zhaoxin   Shanghai  
[    0.000000] BIOS-provided physical RAM map:
[    0.000000] BIOS-e820: [mem 0x0000000000000000-0x000000000009fbff] usable
[    0.000000] BIOS-e820: [mem 0x000000000009fc00-0x000000000009ffff] reserved
[    0.000000] BIOS-e820: [mem 0x00000000000f0000-0x00000000000fffff] reserved
[    0.000000] BIOS-e820: [mem 0x0000000000100000-0x000000007ffdffff] usable
[    0.000000] BIOS-e820: [mem 0x000000007ffe0000-0x000000007fffffff] reserved
[    0.000000] BIOS-e820: [mem 0x00000000feffc000-0x00000000feffffff] reserved
[    0.000000] BIOS-e820: [mem 0x00000000fffc0000-0x00000000ffffffff] reserved
[    0.000000] printk: legacy bootconsole [earlyser0] enabled
[    0.000000] NX (Execute Disable) protection: active
[    0.000000] APIC: Static calls initialized
[    0.000000] SMBIOS 2.8 present.
[    0.000000] DMI: QEMU Standard PC (i440FX + PIIX, 1996), BIOS rel-1.16.0-0-gd239552ce722-prebuilt.qemu.org 04/01/2014
[    0.000000] DMI: Memory slots populated: 1/1
[    0.000000] Hypervisor detected: KVM
[    0.000000] kvm-clock: Using msrs 4b564d01 and 4b564d00
[    0.000005] kvm-clock: using sched offset of 626460076 cycles
[    0.000503] clocksource: kvm-clock: mask: 0xffffffffffffffff max_cycles: 0x1cd42e4dffb, max_idle_ns: 881590591483 ns
[    0.002044] tsc: Detected 2999.998 MHz processor
[    0.009435] last_pfn = 0x7ffe0 max_arch_pfn = 0x400000000
[    0.009991] MTRR map: 4 entries (3 fixed + 1 variable; max 19), built from 8 variable MTRRs
[    0.010802] x86/PAT: Configuration [0-7]: WB  WC  UC- UC  WB  WP  UC- WT  
[    0.020330] found SMP MP-table at [mem 0x000f5ba0-0x000f5baf]
[    0.020908] Using GB pages for direct mapping
[    0.024225] ACPI: Early table checksum verification disabled
[    0.024780] ACPI: RSDP 0x00000000000F59C0 000014 (v00 BOCHS )
[    0.025349] ACPI: RSDT 0x000000007FFE1951 000034 (v01 BOCHS  BXPC     00000001 BXPC 00000001)
[    0.026170] ACPI: FACP 0x000000007FFE17FD 000074 (v01 BOCHS  BXPC     00000001 BXPC 00000001)
[    0.026995] ACPI: DSDT 0x000000007FFE0040 0017BD (v01 BOCHS  BXPC     00000001 BXPC 00000001)
[    0.027811] ACPI: FACS 0x000000007FFE0000 000040
[    0.028266] ACPI: APIC 0x000000007FFE1871 000080 (v01 BOCHS  BXPC     00000001 BXPC 00000001)
[    0.029080] ACPI: HPET 0x000000007FFE18F1 000038 (v01 BOCHS  BXPC     00000001 BXPC 00000001)
[    0.029898] ACPI: WAET 0x000000007FFE1929 000028 (v01 BOCHS  BXPC     00000001 BXPC 00000001)
[    0.030723] ACPI: Reserving FACP table memory at [mem 0x7ffe17fd-0x7ffe1870]
[    0.031390] ACPI: Reserving DSDT table memory at [mem 0x7ffe0040-0x7ffe17fc]
[    0.032052] ACPI: Reserving FACS table memory at [mem 0x7ffe0000-0x7ffe003f]
[    0.032713] ACPI: Reserving APIC table memory at [mem 0x7ffe1871-0x7ffe18f0]
[    0.033379] ACPI: Reserving HPET table memory at [mem 0x7ffe18f1-0x7ffe1928]
[    0.034041] ACPI: Reserving WAET table memory at [mem 0x7ffe1929-0x7ffe1950]
[    0.035547] No NUMA configuration found
[    0.035914] Faking a node at [mem 0x0000000000000000-0x000000007ffdffff]
[    0.036596] NODE_DATA(0) allocated [mem 0x7ffb5000-0x7ffdfc7f]
[    0.037821] Zone ranges:
[    0.038067]   DMA      [mem 0x0000000000001000-0x0000000000ffffff]
[    0.038656]   DMA32    [mem 0x0000000001000000-0x000000007ffdffff]
[    0.039244]   Normal   empty
[    0.039526]   Device   empty
[    0.039807] Movable zone start for each node
[    0.040223] Early memory node ranges
[    0.040565]   node   0: [mem 0x0000000000001000-0x000000000009efff]
[    0.041156]   node   0: [mem 0x0000000000100000-0x000000007ffdffff]
[    0.041752] Initmem setup node 0 [mem 0x0000000000001000-0x000000007ffdffff]
[    0.042567] On node 0, zone DMA: 1 pages in unavailable ranges
[    0.043342] On node 0, zone DMA: 97 pages in unavailable ranges
[    0.070450] On node 0, zone DMA32: 32 pages in unavailable ranges
[    0.101750] kasan: KernelAddressSanitizer initialized
[    0.102513] ACPI: PM-Timer IO Port: 0x608
[    0.102928] ACPI: LAPIC_NMI (acpi_id[0xff] dfl dfl lint[0x1])
[    0.103531] IOAPIC[0]: apic_id 0, version 17, address 0xfec00000, GSI 0-23
[    0.104205] ACPI: INT_SRC_OVR (bus 0 bus_irq 0 global_irq 2 dfl dfl)
[    0.104811] ACPI: INT_SRC_OVR (bus 0 bus_irq 5 global_irq 5 high level)
[    0.105473] ACPI: INT_SRC_OVR (bus 0 bus_irq 9 global_irq 9 high level)
[    0.106121] ACPI: INT_SRC_OVR (bus 0 bus_irq 10 global_irq 10 high level)
[    0.106782] ACPI: INT_SRC_OVR (bus 0 bus_irq 11 global_irq 11 high level)
[    0.107456] ACPI: Using ACPI (MADT) for SMP configuration information
[    0.108064] ACPI: HPET id: 0x8086a201 base: 0xfed00000
[    0.108561] TSC deadline timer available
[    0.108940] CPU topo: Max. logical packages:   1
[    0.109381] CPU topo: Max. logical dies:       1
[    0.109819] CPU topo: Max. dies per package:   1
[    0.110261] CPU topo: Max. threads per core:   1
[    0.110702] CPU topo: Num. cores per package:     2
[    0.111162] CPU topo: Num. threads per package:   2
[    0.111621] CPU topo: Allowing 2 present CPUs plus 0 hotplug CPUs
[    0.112248] kvm-guest: APIC: eoi() replaced with kvm_guest_apic_eoi_write()
[    0.112933] kvm-guest: KVM setup pv remote TLB flush
[    0.113412] kvm-guest: setup PV sched yield
[    0.113872] PM: hibernation: Registered nosave memory: [mem 0x00000000-0x00000fff]
[    0.114590] PM: hibernation: Registered nosave memory: [mem 0x0009f000-0x0009ffff]
[    0.115300] PM: hibernation: Registered nosave memory: [mem 0x000a0000-0x000effff]
[    0.116010] PM: hibernation: Registered nosave memory: [mem 0x000f0000-0x000fffff]
[    0.116725] [mem 0x80000000-0xfeffbfff] available for PCI devices
[    0.117302] Booting paravirtualized kernel on KVM
[    0.117757] clocksource: refined-jiffies: mask: 0xffffffff max_cycles: 0xffffffff, max_idle_ns: 7645519600211568 ns
[    0.118752] setup_percpu: NR_CPUS:8192 nr_cpumask_bits:2 nr_cpu_ids:2 nr_node_ids:1
[    0.119782] percpu: Embedded 85 pages/cpu s311296 r8192 d28672 u1048576
[    0.120591] kvm-guest: PV spinlocks enabled
[    0.121013] PV qspinlock hash table entries: 256 (order: 0, 4096 bytes, linear)
[    0.121738] Kernel command line: net.ifnames=0 console=ttyS0 root=/dev/sda earlyprintk=serial net.ifnames=0 plymouth.enable=0
[    0.123108] random: crng init done
[    0.123438] printk: log buffer data + meta data: 262144 + 917504 = 1179648 bytes
[    0.124363] Dentry cache hash table entries: 262144 (order: 9, 2097152 bytes, linear)
[    0.125236] Inode-cache hash table entries: 131072 (order: 8, 1048576 bytes, linear)
[    0.126201] Fallback order for Node 0: 0 
[    0.126213] Built 1 zonelists, mobility grouping on.  Total pages: 524158
[    0.127211] Policy zone: DMA32
[    0.127499] mem auto-init: stack:off, heap alloc:off, heap free:off
[    0.128076] stackdepot: allocating hash table via alloc_large_system_hash
[    0.128706] stackdepot hash table entries: 1048576 (order: 12, 16777216 bytes, linear)
[    0.191224] SLUB: HWalign=64, Order=0-3, MinObjects=0, CPUs=2, Nodes=1
[    0.191877] kmemleak: Kernel memory leak detector disabled
[    0.192543] ftrace: allocating 73526 entries in 288 pages
[    0.335184] ftrace: allocated 288 pages with 2 groups
[    0.339564] Dynamic Preempt: voluntary
[    0.340380] Running RCU self tests
[    0.340706] Running RCU synchronous self tests
[    0.341122] rcu: Preemptible hierarchical RCU implementation.
[    0.341669] rcu: 	RCU lockdep checking is enabled.
[    0.342115] rcu: 	RCU restricting CPUs from NR_CPUS=8192 to nr_cpu_ids=2.
[    0.342745] 	Trampoline variant of Tasks RCU enabled.
[    0.343220] 	Rude variant of Tasks RCU enabled.
[    0.343643] 	Tracing variant of Tasks RCU enabled.
[    0.344093] rcu: RCU calculated value of scheduler-enlistment delay is 25 jiffies.
[    0.344799] rcu: Adjusting geometry for rcu_fanout_leaf=16, nr_cpu_ids=2
[    0.345525] Running RCU synchronous self tests
[    0.345955] RCU Tasks: Setting shift to 1 and lim to 1 rcu_task_cb_adjust=1 rcu_task_cpu_ids=2.
[    0.346765] RCU Tasks Rude: Setting shift to 1 and lim to 1 rcu_task_cb_adjust=1 rcu_task_cpu_ids=2.
[    0.347609] RCU Tasks Trace: Setting shift to 1 and lim to 1 rcu_task_cb_adjust=1 rcu_task_cpu_ids=2.
[    0.414022] NR_IRQS: 524544, nr_irqs: 440, preallocated irqs: 16
[    0.415142] rcu: srcu_init: Setting srcu_struct sizes based on contention.
[    0.423644] Console: colour VGA+ 80x25
[    0.424096] printk: legacy console [ttyS0] enabled
[    0.424096] printk: legacy console [ttyS0] enabled
[    0.425018] printk: legacy bootconsole [earlyser0] disabled
[    0.425018] printk: legacy bootconsole [earlyser0] disabled
[    0.426102] Lock dependency validator: Copyright (c) 2006 Red Hat, Inc., Ingo Molnar
[    0.426839] ... MAX_LOCKDEP_SUBCLASSES:  8
[    0.427237] ... MAX_LOCK_DEPTH:          48
[    0.427645] ... MAX_LOCKDEP_KEYS:        8192
[    0.428067] ... CLASSHASH_SIZE:          4096
[    0.428489] ... MAX_LOCKDEP_ENTRIES:     524288
[    0.428935] ... MAX_LOCKDEP_CHAINS:      524288
[    0.429386] ... CHAINHASH_SIZE:          262144
[    0.429831]  memory used by lock dependency info: 54145 kB
[    0.430362]  memory used for stack traces: 4224 kB
[    0.430828]  per task-struct memory footprint: 1920 bytes
[    0.431487] ACPI: Core revision 20240827
[    0.432354] clocksource: hpet: mask: 0xffffffff max_cycles: 0xffffffff, max_idle_ns: 19112604467 ns
[    0.433413] APIC: Switch to symmetric I/O mode setup
[    0.434069] x2apic enabled
[    0.434776] APIC: Switched APIC routing to: physical x2apic
[    0.435341] kvm-guest: APIC: send_IPI_mask() replaced with kvm_send_ipi_mask()
[    0.436046] kvm-guest: APIC: send_IPI_mask_allbutself() replaced with kvm_send_ipi_mask_allbutself()
[    0.436907] kvm-guest: setup PV IPIs
[    0.438420] ..TIMER: vector=0x30 apic1=0 pin1=2 apic2=-1 pin2=-1
[    0.439014] clocksource: tsc-early: mask: 0xffffffffffffffff max_cycles: 0x2b3e43c8763, max_idle_ns: 440795360101 ns
[    0.440027] Calibrating delay loop (skipped) preset value.. 5999.99 BogoMIPS (lpj=11999992)
[    0.440942] x86/cpu: User Mode Instruction Prevention (UMIP) activated
[    0.444149] Last level iTLB entries: 4KB 0, 2MB 0, 4MB 0
[    0.444664] Last level dTLB entries: 4KB 0, 2MB 0, 4MB 0, 1GB 0
[    0.445260] Spectre V1 : Mitigation: usercopy/swapgs barriers and __user pointer sanitization
[    0.446078] Spectre V2 : WARNING: Unprivileged eBPF is enabled with eIBRS on, data leaks possible via Spectre v2 BHB attacks!
[    0.447149] Spectre V2 : Spectre BHI mitigation: SW BHB clearing on syscall and VM exit
[    0.448018] Spectre V2 : Mitigation: Enhanced / Automatic IBRS
[    0.448558] Spectre V2 : Spectre v2 / SpectreRSB mitigation: Filling RSB on context switch
[    0.449306] Spectre V2 : Spectre v2 / PBRSB-eIBRS: Retire a single CALL on VMEXIT
[    0.449992] RETBleed: Mitigation: Enhanced IBRS
[    0.450420] Spectre V2 : mitigation: Enabling conditional Indirect Branch Prediction Barrier
[    0.451201] Speculative Store Bypass: Mitigation: Speculative Store Bypass disabled via prctl
[    0.452042] TAA: Mitigation: Clear CPU buffers
[    0.452449] MMIO Stale Data: Vulnerable: Clear CPU buffers attempted, no microcode
[    0.453133] GDS: Unknown: Dependent on hypervisor status
[    0.453654] x86/fpu: Supporting XSAVE feature 0x001: 'x87 floating point registers'
[    0.454348] x86/fpu: Supporting XSAVE feature 0x002: 'SSE registers'
[    0.454922] x86/fpu: Supporting XSAVE feature 0x004: 'AVX registers'
[    0.455499] x86/fpu: Supporting XSAVE feature 0x008: 'MPX bounds registers'
[    0.456017] x86/fpu: Supporting XSAVE feature 0x010: 'MPX CSR'
[    0.456545] x86/fpu: Supporting XSAVE feature 0x020: 'AVX-512 opmask'
[    0.457124] x86/fpu: Supporting XSAVE feature 0x040: 'AVX-512 Hi256'
[    0.457700] x86/fpu: Supporting XSAVE feature 0x080: 'AVX-512 ZMM_Hi256'
[    0.458308] x86/fpu: xstate_offset[2]:  576, xstate_sizes[2]:  256
[    0.458870] x86/fpu: xstate_offset[3]:  832, xstate_sizes[3]:   64
[    0.459433] x86/fpu: xstate_offset[4]:  896, xstate_sizes[4]:   64
[    0.460018] x86/fpu: xstate_offset[5]:  960, xstate_sizes[5]:   64
[    0.460576] x86/fpu: xstate_offset[6]: 1024, xstate_sizes[6]:  512
[    0.461134] x86/fpu: xstate_offset[7]: 1536, xstate_sizes[7]: 1024
[    0.461696] x86/fpu: Enabled xstate features 0xff, context size is 2560 bytes, using 'compacted' format.
[    0.606530] Freeing SMP alternatives memory: 56K
[    0.606983] pid_max: default: 32768 minimum: 301
[    0.607654] LSM: initializing lsm=capability,yama,ima,evm
[    0.608134] Yama: becoming mindful.
[    0.608939] Mount-cache hash table entries: 4096 (order: 3, 32768 bytes, linear)
[    0.609608] Mountpoint-cache hash table entries: 4096 (order: 3, 32768 bytes, linear)
[    0.612095] Running RCU synchronous self tests
[    0.612522] Running RCU synchronous self tests
[    0.613234] smpboot: CPU0: Intel(R) Core(TM) i9-10980XE CPU @ 3.00GHz (family: 0x6, model: 0x55, stepping: 0x7)
[    0.615142] Running RCU Tasks wait API self tests
[    0.716174] Running RCU Tasks Rude wait API self tests
[    0.716690] Running RCU Tasks Trace wait API self tests
[    0.717252] Performance Events: Skylake events, full-width counters, Intel PMU driver.
[    0.718067] ... version:                2
[    0.718438] ... bit width:              48
[    0.718816] ... generic registers:      4
[    0.719191] ... value mask:             0000ffffffffffff
[    0.719673] ... max period:             00007fffffffffff
[    0.720022] ... fixed-purpose events:   3
[    0.720400] ... event mask:             000000070000000f
[    0.721300] signal: max sigframe size: 3632
[    0.721903] rcu: Hierarchical SRCU implementation.
[    0.722344] rcu: 	Max phase no-delay instances is 1000.
[    0.723081] Timer migration: 1 hierarchy levels; 8 children per group; 1 crossnode level
[    0.724082] Callback from call_rcu_tasks_trace() invoked.
[    0.726965] smp: Bringing up secondary CPUs ...
[    0.732196] smpboot: x86: Booting SMP configuration:
[    0.732683] .... node  #0, CPUs:      #1
[    0.732902] smp: Brought up 1 node, 2 CPUs
[    0.732902] smpboot: Total of 2 processors activated (11999.99 BogoMIPS)
[    0.734157] Memory: 1552184K/2096632K available (77598K kernel code, 15176K rwdata, 18084K rodata, 15776K init, 69104K bss, 537212K reserved, 0K cma-reserved)
[    0.736852] devtmpfs: initialized
[    0.736852] x86/mm: Memory block size: 128MB
[    0.746483] Running RCU synchronous self tests
[    0.746483] Running RCU synchronous self tests
[    0.748076] clocksource: jiffies: mask: 0xffffffff max_cycles: 0xffffffff, max_idle_ns: 7645041785100000 ns
[    0.748923] futex hash table entries: 512 (order: 4, 65536 bytes, linear)
[    0.750000] pinctrl core: initialized pinctrl subsystem
[    0.751186] 
[    0.751346] *************************************************************
[    0.752022] **     NOTICE NOTICE NOTICE NOTICE NOTICE NOTICE NOTICE    **
[    0.752636] **                                                         **
[    0.753254] **  IOMMU DebugFS SUPPORT HAS BEEN ENABLED IN THIS KERNEL  **
[    0.753865] **                                                         **
[    0.754476] ** This means that this kernel is built to expose internal **
[    0.755101] ** IOMMU data structures, which may compromise security on **
[    0.755713] ** your system.                                            **
[    0.756019] **                                                         **
[    0.756632] ** If you see this message and you are not debugging the   **
[    0.757248] ** kernel, report this immediately to your vendor!         **
[    0.757860] **                                                         **
[    0.758489] **     NOTICE NOTICE NOTICE NOTICE NOTICE NOTICE NOTICE    **
[    0.759139] *************************************************************
[    0.759841] PM: RTC time: 11:00:31, date: 2025-03-25
[    0.762655] NET: Registered PF_NETLINK/PF_ROUTE protocol family
[    0.764451] DMA: preallocated 256 KiB GFP_KERNEL pool for atomic allocations
[    0.765113] DMA: preallocated 256 KiB GFP_KERNEL|GFP_DMA pool for atomic allocations
[    0.765826] DMA: preallocated 256 KiB GFP_KERNEL|GFP_DMA32 pool for atomic allocations
[    0.766693] audit: initializing netlink subsys (disabled)
[    0.767239] audit: type=2000 audit(1742900432.317:1): state=initialized audit_enabled=0 res=1
[    0.767239] thermal_sys: Registered thermal governor 'fair_share'
[    0.767239] thermal_sys: Registered thermal governor 'bang_bang'
[    0.767239] thermal_sys: Registered thermal governor 'step_wise'
[    0.767239] thermal_sys: Registered thermal governor 'user_space'
[    0.768056] cpuidle: using governor ladder
[    0.768071] cpuidle: using governor menu
[    0.768764] acpiphp: ACPI Hot Plug PCI Controller Driver version: 0.5
[    0.770078] PCI: Using configuration type 1 for base access
[    0.772207] kprobes: kprobe jump-optimization is enabled. All kprobes are optimized if possible.
[    0.929944] HugeTLB: registered 1.00 GiB page size, pre-allocated 0 pages
[    0.930586] HugeTLB: 16380 KiB vmemmap can be freed for a 1.00 GiB page
[    0.931192] HugeTLB: registered 2.00 MiB page size, pre-allocated 0 pages
[    0.931810] HugeTLB: 28 KiB vmemmap can be freed for a 2.00 MiB page
[    0.946155] ACPI: Added _OSI(Module Device)
[    0.946581] ACPI: Added _OSI(Processor Device)
[    0.946995] ACPI: Added _OSI(3.0 _SCP Extensions)
[    0.947436] ACPI: Added _OSI(Processor Aggregator Device)
[    0.961987] ACPI: 1 ACPI AML tables successfully acquired and loaded
[    0.972273] ACPI: Interpreter enabled
[    0.972778] ACPI: PM: (supports S0 S3 S4 S5)
[    0.973183] ACPI: Using IOAPIC for interrupt routing
[    0.973751] PCI: Using host bridge windows from ACPI; if necessary, use "pci=nocrs" and report a bug
[    0.974590] PCI: Using E820 reservations for host bridge windows
[    0.976340] ACPI: Enabled 2 GPEs in block 00 to 0F
[    1.013487] ACPI: PCI Root Bridge [PCI0] (domain 0000 [bus 00-ff])
[    1.014114] acpi PNP0A03:00: _OSC: OS supports [ASPM ClockPM Segments MSI EDR HPX-Type3]
[    1.014859] acpi PNP0A03:00: _OSC: not requesting OS control; OS requires [ExtendedConfig ASPM ClockPM MSI]
[    1.016055] acpi PNP0A03:00: fail to add MMCONFIG information, can't access extended configuration space under this bridge
[    1.021872] acpiphp: Slot [3] registered
[    1.022388] acpiphp: Slot [4] registered
[    1.022892] acpiphp: Slot [5] registered
[    1.023396] acpiphp: Slot [6] registered
[    1.023899] acpiphp: Slot [7] registered
[    1.024153] acpiphp: Slot [8] registered
[    1.024655] acpiphp: Slot [9] registered
[    1.025174] acpiphp: Slot [10] registered
[    1.025698] acpiphp: Slot [11] registered
[    1.026202] acpiphp: Slot [12] registered
[    1.026711] acpiphp: Slot [13] registered
[    1.027217] acpiphp: Slot [14] registered
[    1.027723] acpiphp: Slot [15] registered
[    1.028153] acpiphp: Slot [16] registered
[    1.028658] acpiphp: Slot [17] registered
[    1.029174] acpiphp: Slot [18] registered
[    1.029678] acpiphp: Slot [19] registered
[    1.030184] acpiphp: Slot [20] registered
[    1.030696] acpiphp: Slot [21] registered
[    1.031200] acpiphp: Slot [22] registered
[    1.031713] acpiphp: Slot [23] registered
[    1.032149] acpiphp: Slot [24] registered
[    1.032653] acpiphp: Slot [25] registered
[    1.033179] acpiphp: Slot [26] registered
[    1.033696] acpiphp: Slot [27] registered
[    1.034200] acpiphp: Slot [28] registered
[    1.034716] acpiphp: Slot [29] registered
[    1.035232] acpiphp: Slot [30] registered
[    1.035739] acpiphp: Slot [31] registered
[    1.036088] PCI host bridge to bus 0000:00
[    1.036529] pci_bus 0000:00: root bus resource [io  0x0000-0x0cf7 window]
[    1.037175] pci_bus 0000:00: root bus resource [io  0x0d00-0xffff window]
[    1.037806] pci_bus 0000:00: root bus resource [mem 0x000a0000-0x000bffff window]
[    1.038496] pci_bus 0000:00: root bus resource [mem 0x80000000-0xfebfffff window]
[    1.039189] pci_bus 0000:00: root bus resource [mem 0x100000000-0x17fffffff window]
[    1.039897] pci_bus 0000:00: root bus resource [bus 00-ff]
[    1.040163] pci 0000:00:00.0: [8086:1237] type 00 class 0x060000 conventional PCI endpoint
[    1.050047] pci 0000:00:01.0: [8086:7000] type 00 class 0x060100 conventional PCI endpoint
[    1.052075] pci 0000:00:01.1: [8086:7010] type 00 class 0x010180 conventional PCI endpoint
[    1.053420] pci 0000:00:01.1: BAR 4 [io  0xc040-0xc04f]
[    1.053947] pci 0000:00:01.1: BAR 0 [io  0x01f0-0x01f7]: legacy IDE quirk
[    1.054590] pci 0000:00:01.1: BAR 1 [io  0x03f6]: legacy IDE quirk
[    1.055163] pci 0000:00:01.1: BAR 2 [io  0x0170-0x0177]: legacy IDE quirk
[    1.055794] pci 0000:00:01.1: BAR 3 [io  0x0376]: legacy IDE quirk
[    1.056504] pci 0000:00:01.3: [8086:7113] type 00 class 0x068000 conventional PCI endpoint
[    1.057559] pci 0000:00:01.3: quirk: [io  0x0600-0x063f] claimed by PIIX4 ACPI
[    1.058232] pci 0000:00:01.3: quirk: [io  0x0700-0x070f] claimed by PIIX4 SMB
[    1.059335] pci 0000:00:02.0: [1234:1111] type 00 class 0x030000 conventional PCI endpoint
[    1.062206] pci 0000:00:02.0: BAR 0 [mem 0xfd000000-0xfdffffff pref]
[    1.062862] pci 0000:00:02.0: BAR 2 [mem 0xfebf0000-0xfebf0fff]
[    1.063434] pci 0000:00:02.0: ROM [mem 0xfebe0000-0xfebeffff pref]
[    1.064221] pci 0000:00:02.0: Video device with shadowed ROM at [mem 0x000c0000-0x000dffff]
[    1.073835] pci 0000:00:03.0: [8086:100e] type 00 class 0x020000 conventional PCI endpoint
[    1.075799] pci 0000:00:03.0: BAR 0 [mem 0xfebc0000-0xfebdffff]
[    1.076031] pci 0000:00:03.0: BAR 1 [io  0xc000-0xc03f]
[    1.076548] pci 0000:00:03.0: ROM [mem 0xfeb80000-0xfebbffff pref]
[    1.095699] ACPI: PCI: Interrupt link LNKA configured for IRQ 10
[    1.096994] ACPI: PCI: Interrupt link LNKB configured for IRQ 10
[    1.098454] ACPI: PCI: Interrupt link LNKC configured for IRQ 11
[    1.099913] ACPI: PCI: Interrupt link LNKD configured for IRQ 11
[    1.100420] ACPI: PCI: Interrupt link LNKS configured for IRQ 9
[    1.104012] iommu: Default domain type: Translated
[    1.104024] iommu: DMA domain TLB invalidation policy: lazy mode
[    1.106607] SCSI subsystem initialized
[    1.108012] ACPI: bus type USB registered
[    1.108012] usbcore: registered new interface driver usbfs
[    1.108089] usbcore: registered new interface driver hub
[    1.108625] usbcore: registered new device driver usb
[    1.109379] pps_core: LinuxPPS API ver. 1 registered
[    1.109843] pps_core: Software ver. 5.3.6 - Copyright 2005-2007 Rodolfo Giometti <giometti@linux.it>
[    1.110685] PTP clock support registered
[    1.112012] EDAC MC: Ver: 3.0.0
[    1.122114] NetLabel: Initializing
[    1.122447] NetLabel:  domain hash size = 128
[    1.122847] NetLabel:  protocols = UNLABELED CIPSOv4 CALIPSO
[    1.123496] NetLabel:  unlabeled traffic allowed by default
[    1.124616] PCI: Using ACPI for IRQ routing
[    1.125401] pci 0000:00:02.0: vgaarb: setting as boot VGA device
[    1.125963] pci 0000:00:02.0: vgaarb: bridge control possible
[    1.126484] pci 0000:00:02.0: vgaarb: VGA device added: decodes=io+mem,owns=io+mem,locks=none
[    1.127250] vgaarb: loaded
[    1.127990] hpet0: at MMIO 0xfed00000, IRQs 2, 8, 0
[    1.128464] hpet0: 3 comparators, 64-bit 100.000000 MHz counter
[    1.133335] clocksource: Switched to clocksource kvm-clock
[    3.069438] VFS: Disk quotas dquot_6.6.0
[    3.070071] VFS: Dquot-cache hash table entries: 512 (order 0, 4096 bytes)
[    3.072193] pnp: PnP ACPI init
[    3.076178] pnp: PnP ACPI: found 6 devices
[    3.094110] clocksource: acpi_pm: mask: 0xffffff max_cycles: 0xffffff, max_idle_ns: 2085701024 ns
[    3.095374] NET: Registered PF_INET protocol family
[    3.095964] IP idents hash table entries: 32768 (order: 6, 262144 bytes, linear)
[    3.098399] tcp_listen_portaddr_hash hash table entries: 1024 (order: 4, 73728 bytes, linear)
[    3.099212] Table-perturb hash table entries: 65536 (order: 6, 262144 bytes, linear)
[    3.099987] TCP established hash table entries: 16384 (order: 5, 131072 bytes, linear)
[    3.101043] TCP bind hash table entries: 16384 (order: 9, 2359296 bytes, linear)
[    3.102666] TCP: Hash tables configured (established 16384 bind 16384)
[    3.103401] UDP hash table entries: 1024 (order: 6, 262144 bytes, linear)
[    3.104109] UDP-Lite hash table entries: 1024 (order: 6, 262144 bytes, linear)
[    3.105134] NET: Registered PF_UNIX/PF_LOCAL protocol family
[    3.106648] RPC: Registered named UNIX socket transport module.
[    3.107212] RPC: Registered udp transport module.
[    3.107654] RPC: Registered tcp transport module.
[    3.108086] RPC: Registered tcp-with-tls transport module.
[    3.108611] RPC: Registered tcp NFSv4.1 backchannel transport module.
[    3.109231] pci_bus 0000:00: resource 4 [io  0x0000-0x0cf7 window]
[    3.109799] pci_bus 0000:00: resource 5 [io  0x0d00-0xffff window]
[    3.110363] pci_bus 0000:00: resource 6 [mem 0x000a0000-0x000bffff window]
[    3.110984] pci_bus 0000:00: resource 7 [mem 0x80000000-0xfebfffff window]
[    3.111616] pci_bus 0000:00: resource 8 [mem 0x100000000-0x17fffffff window]
[    3.112632] pci 0000:00:01.0: PIIX3: Enabling Passive Release
[    3.113169] pci 0000:00:00.0: Limiting direct PCI/PCI transfers
[    3.113793] PCI: CLS 0 bytes, default 64
[    3.114282] ACPI: bus type thunderbolt registered
[    3.115142] clocksource: tsc: mask: 0xffffffffffffffff max_cycles: 0x2b3e43c8763, max_idle_ns: 440795360101 ns
[    3.121408] Initialise system trusted keyrings
[    3.121943] Key type blacklist registered
[    3.122623] workingset: timestamp_bits=36 max_order=19 bucket_order=0
[    3.123264] zbud: loaded
[    3.125677] squashfs: version 4.0 (2009/01/31) Phillip Lougher
[    3.127784] NFS: Registering the id_resolver key type
[    3.128302] Key type id_resolver registered
[    3.128690] Key type id_legacy registered
[    3.129114] nfs4filelayout_init: NFSv4 File Layout Driver Registering...
[    3.129754] nfs4flexfilelayout_init: NFSv4 Flexfile Layout Driver Registering...
[    3.130770] fuse: init (API version 7.42)
[    3.131703] SGI XFS with ACLs, security attributes, realtime, quota, no debug enabled
[    3.133398] Callback from call_rcu_tasks() invoked.
[    3.134344] 9p: Installing v9fs 9p2000 file system support
[    3.150904] Key type asymmetric registered
[    3.151316] Asymmetric key parser 'x509' registered
[    3.151895] Block layer SCSI generic (bsg) driver version 0.4 loaded (major 242)
[    3.152820] io scheduler mq-deadline registered
[    3.153339] io scheduler bfq registered
[    3.154241] ledtrig-cpu: registered to indicate activity on CPUs
[    3.155155] shpchp: Standard Hot Plug PCI Controller Driver version: 0.4
[    3.156494] IPMI message handler: version 39.2
[    3.156988] ipmi device interface
[    3.159494] input: Power Button as /devices/LNXSYSTM:00/LNXPWRBN:00/input/input0
[    3.160659] ACPI: button: Power Button [PWRF]
[    3.162642] ERST DBG: ERST support is disabled.
[    3.164246] Serial: 8250/16550 driver, 32 ports, IRQ sharing enabled
[    3.165995] 00:04: ttyS0 at I/O 0x3f8 (irq = 4, base_baud = 115200) is a 16550A
[    3.194099] Linux agpgart interface v0.103
[    3.196415] ACPI: bus type drm_connector registered
[    3.217818] brd: module loaded
[    3.231316] loop: module loaded
[    3.240030] scsi host0: ata_piix
[    3.241458] scsi host1: ata_piix
[    3.242196] ata1: PATA max MWDMA2 cmd 0x1f0 ctl 0x3f6 bmdma 0xc040 irq 14 lpm-pol 0
[    3.242891] ata2: PATA max MWDMA2 cmd 0x170 ctl 0x376 bmdma 0xc048 irq 15 lpm-pol 0
[    3.245871] tun: Universal TUN/TAP device driver, 1.6
[    3.246790] e100: Intel(R) PRO/100 Network Driver
[    3.247224] e100: Copyright(c) 1999-2006 Intel Corporation
[    3.247801] e1000: Intel(R) PRO/1000 Network Driver
[    3.248261] e1000: Copyright (c) 1999-2006 Intel Corporation.
[    3.400455] ata2: found unknown device (class 0)
[    3.401600] ata1: found unknown device (class 0)
[    3.402987] ata1.00: ATA-7: QEMU HARDDISK, 2.5+, max UDMA/100
[    3.403636] ata1.00: 17196647 sectors, multi 16: LBA48 
[    3.404665] ata2.00: ATAPI: QEMU DVD-ROM, 2.5+, max UDMA/100
[    3.406878] scsi 0:0:0:0: Direct-Access     ATA      QEMU HARDDISK    2.5+ PQ: 0 ANSI: 5
[    3.410085] sd 0:0:0:0: Attached scsi generic sg0 type 0
[    3.411059] sd 0:0:0:0: [sda] 17196647 512-byte logical blocks: (8.80 GB/8.20 GiB)
[    3.411943] sd 0:0:0:0: [sda] Write Protect is off
[    3.412569] sd 0:0:0:0: [sda] Write cache: enabled, read cache: enabled, doesn't support DPO or FUA
[    3.412683] scsi 1:0:0:0: CD-ROM            QEMU     QEMU DVD-ROM     2.5+ PQ: 0 ANSI: 5
[    3.413518] sd 0:0:0:0: [sda] Preferred minimum I/O size 512 bytes
[    3.438788] scsi 1:0:0:0: Attached scsi generic sg1 type 5
[    3.440781] sd 0:0:0:0: [sda] Attached SCSI disk
[    4.022459] ACPI: \_SB_.LNKC: Enabled at IRQ 11
[    4.332417] e1000 0000:00:03.0 eth0: (PCI:33MHz:32-bit) 52:54:00:12:34:56
[    4.333316] e1000 0000:00:03.0 eth0: Intel(R) PRO/1000 Network Connection
[    4.334240] e1000e: Intel(R) PRO/1000 Network Driver
[    4.334841] e1000e: Copyright(c) 1999 - 2015 Intel Corporation.
[    4.335646] igb: Intel(R) Gigabit Ethernet Network Driver
[    4.336324] igb: Copyright (c) 2007-2014 Intel Corporation.
[    4.337180] PPP generic driver version 2.4.2
[    4.338731] VFIO - User Level meta-driver version: 0.3
[    4.339990] usbcore: registered new interface driver uas
[    4.340726] usbcore: registered new interface driver usb-storage
[    4.341690] i8042: PNP: PS/2 Controller [PNP0303:KBD,PNP0f13:MOU] at 0x60,0x64 irq 1,12
[    4.343696] serio: i8042 KBD port at 0x60,0x64 irq 1
[    4.344401] serio: i8042 AUX port at 0x60,0x64 irq 12
[    4.346245] mousedev: PS/2 mouse device common for all mice
[    4.348196] input: AT Translated Set 2 keyboard as /devices/platform/i8042/serio0/input/input1
[    4.349830] rtc_cmos 00:05: RTC can wake from S4
[    4.351478] input: VirtualPS/2 VMware VMMouse as /devices/platform/i8042/serio1/input/input4
[    4.352159] rtc_cmos 00:05: registered as rtc0
[    4.353052] rtc_cmos 00:05: setting system clock to 2025-03-25T11:00:34 UTC (1742900434)
[    4.354111] rtc_cmos 00:05: alarms up to one day, y3k, 242 bytes nvram, hpet irqs
[    4.354850] i2c_dev: i2c /dev entries driver
[    4.355380] device-mapper: core: CONFIG_IMA_DISABLE_HTABLE is disabled. Duplicate IMA measurements will not be recorded in the IMA log.
[    4.356583] device-mapper: uevent: version 1.0.3
[    4.357507] device-mapper: ioctl: 4.49.0-ioctl (2025-01-17) initialised: dm-devel@lists.linux.dev
[    4.357647] input: VirtualPS/2 VMware VMMouse as /devices/platform/i8042/serio1/input/input3
[    4.358331] intel_pstate: CPU model not supported
[    4.360015] sdhci: Secure Digital Host Controller Interface driver
[    4.360593] sdhci: Copyright(c) Pierre Ossman
[    4.361120] sdhci-pltfm: SDHCI platform and OF driver helper
[    4.362132] drop_monitor: Initializing network drop monitor service
[    4.363104] NET: Registered PF_INET6 protocol family
[    4.366781] Segment Routing with IPv6
[    4.367190] In-situ OAM (IOAM) with IPv6
[    4.367634] NET: Registered PF_PACKET protocol family
[    4.368325] 9pnet: Installing 9P2000 support
[    4.368961] Key type dns_resolver registered
[    4.370816] resctrl: No MBM correction factor available
[    4.371546] IPI shorthand broadcast: enabled
[    4.410756] sched_clock: Marking stable (4388007479, 20216101)->(4414140301, -5916721)
[    4.412707] registered taskstats version 1
[    4.413724] Loading compiled-in X.509 certificates
[    4.461532] Demotion targets for Node 0: null
[    4.463397] Key type .fscrypt registered
[    4.463893] Key type fscrypt-provisioning registered
[    4.466893] Key type encrypted registered
[    4.467362] ima: No TPM chip found, activating TPM-bypass!
[    4.467893] ima: Allocated hash algorithm: sha1
[    4.468409] ima: No architecture policies found
[    4.468997] evm: Initialising EVM extended attributes:
[    4.469468] evm: security.selinux
[    4.469777] evm: security.SMACK64
[    4.470090] evm: security.SMACK64EXEC
[    4.470426] evm: security.SMACK64TRANSMUTE
[    4.470805] evm: security.SMACK64MMAP
[    4.471145] evm: security.apparmor
[    4.471468] evm: security.ima
[    4.471747] evm: security.capability
[    4.472079] evm: HMAC attrs: 0x1
[    4.474701] PM:   Magic number: 1:986:24
[    4.475087] misc cpu_dma_latency: hash matches
[    4.476358] RAS: Correctable Errors collector initialized.
[    4.477259] clk: Disabling unused clocks
[    4.478162] PM: genpd: Disabling unused power domains
[    4.479634] md: Waiting for all devices to be available before autodetect
[    4.480300] md: If you don't use raid, use raid=noautodetect
[    4.480940] md: Autodetecting RAID arrays.
[    4.481252] md: autorun ...
[    4.481448] md: ... autorun DONE.
[    4.491524] EXT4-fs (sda): mounted filesystem 088740a9-c8b4-422c-999d-a804eb68a4da ro with ordered data mode. Quota mode: none.
[    4.492491] VFS: Mounted root (ext4 filesystem) readonly on device 8:0.
[    4.495118] devtmpfs: mounted
[    4.509847] Freeing unused decrypted memory: 2028K
[    4.515025] Freeing unused kernel image (initmem) memory: 15776K
[    4.515593] Write protecting the kernel read-only data: 96256k
[    4.517431] Freeing unused kernel image (text/rodata gap) memory: 224K
[    4.518137] Freeing unused kernel image (rodata/data gap) memory: 348K
[    4.589222] x86/mm: Checked W+X mappings: passed, no W+X pages found.
[    4.589692] Run /sbin/init as init process
[    4.759399] systemd[1]: systemd 252-15.el9 running in system mode (+PAM +AUDIT +SELINUX -APPARMOR +IMA +SMACK +SECCOMP +GCRYPT +GNUTLS +OPENSSL +ACL +BLKID +CURL +ELFUTILS -FIDO2 +IDN2 -IDN -IPTC +KMOD +LIBCRYPTSETUP +LIBFDISK +PCRE2 -PWQUALITY +P11KIT -QRENCODE +TPM2 +BZIP2 +LZ4 +XZ +ZLIB +ZSTD -BPF_FRAMEWORK +XKBCOMMON +UTMP +SYSVINIT default-hierarchy=unified)
[    4.762224] systemd[1]: Detected virtualization kvm.
[    4.762567] systemd[1]: Detected architecture x86-64.

Welcome to [0;31mCentOS Stream 9[0m!

[    4.769241] systemd[1]: Hostname set to <test>.
[    5.060353] systemd-rc-local-generator[130]: /etc/rc.d/rc.local is not marked executable, skipping.
[    5.367271] systemd[1]: Queued start job for default target Multi-User System.
[    5.411760] systemd[1]: Created slice Virtual Machine and Container Slice.
[[0;32m  OK  [0m] Created slice [0;1;39mVirtual Machine and Container Slice[0m.
[    5.418338] systemd[1]: Created slice Slice /system/getty.
[[0;32m  OK  [0m] Created slice [0;1;39mSlice /system/getty[0m.
[    5.421649] systemd[1]: Created slice Slice /system/modprobe.
[[0;32m  OK  [0m] Created slice [0;1;39mSlice /system/modprobe[0m.
[    5.425112] systemd[1]: Created slice Slice /system/serial-getty.
[[0;32m  OK  [0m] Created slice [0;1;39mSlice /system/serial-getty[0m.
[    5.428438] systemd[1]: Created slice Slice /system/sshd-keygen.
[[0;32m  OK  [0m] Created slice [0;1;39mSlice /system/sshd-keygen[0m.
[    5.431442] systemd[1]: Created slice User and Session Slice.
[[0;32m  OK  [0m] Created slice [0;1;39mUser and Session Slice[0m.
[    5.433052] systemd[1]: Started Forward Password Requests to Wall Directory Watch.
[[0;32m  OK  [0m] Started [0;1;39mForward Password R…uests to Wall Directory Watch[0m.
[    5.435556] systemd[1]: Set up automount Arbitrary Executable File Formats File System Automount Point.
[[0;32m  OK  [0m] Set up automount [0;1;39mArbitrary…s File System Automount Point[0m.
[    5.437151] systemd[1]: Reached target Local Integrity Protected Volumes.
[[0;32m  OK  [0m] Reached target [0;1;39mLocal Integrity Protected Volumes[0m.
[    5.438446] systemd[1]: Reached target Slice Units.
[[0;32m  OK  [0m] Reached target [0;1;39mSlice Units[0m.
[    5.439431] systemd[1]: Reached target Swaps.
[[0;32m  OK  [0m] Reached target [0;1;39mSwaps[0m.
[    5.440445] systemd[1]: Reached target Local Verity Protected Volumes.
[[0;32m  OK  [0m] Reached target [0;1;39mLocal Verity Protected Volumes[0m.
[    5.442042] systemd[1]: Listening on Device-mapper event daemon FIFOs.
[[0;32m  OK  [0m] Listening on [0;1;39mDevice-mapper event daemon FIFOs[0m.
[    5.444030] systemd[1]: Listening on LVM2 poll daemon socket.
[[0;32m  OK  [0m] Listening on [0;1;39mLVM2 poll daemon socket[0m.
[    5.445395] systemd[1]: multipathd control socket was skipped because of an unmet condition check (ConditionPathExists=/etc/multipath.conf).
[    5.501230] systemd[1]: Listening on RPCbind Server Activation Socket.
[[0;32m  OK  [0m] Listening on [0;1;39mRPCbind Server Activation Socket[0m.
[    5.502619] systemd[1]: Reached target RPC Port Mapper.
[[0;32m  OK  [0m] Reached target [0;1;39mRPC Port Mapper[0m.
[    5.506694] systemd[1]: Listening on Process Core Dump Socket.
[[0;32m  OK  [0m] Listening on [0;1;39mProcess Core Dump Socket[0m.
[    5.508460] systemd[1]: Listening on initctl Compatibility Named Pipe.
[[0;32m  OK  [0m] Listening on [0;1;39minitctl Compatibility Named Pipe[0m.
[    5.511141] systemd[1]: Listening on Journal Socket (/dev/log).
[[0;32m  OK  [0m] Listening on [0;1;39mJournal Socket (/dev/log)[0m.
[    5.513039] systemd[1]: Listening on Journal Socket.
[[0;32m  OK  [0m] Listening on [0;1;39mJournal Socket[0m.
[    5.514868] systemd[1]: Listening on udev Control Socket.
[[0;32m  OK  [0m] Listening on [0;1;39mudev Control Socket[0m.
[    5.516504] systemd[1]: Listening on udev Kernel Socket.
[[0;32m  OK  [0m] Listening on [0;1;39mudev Kernel Socket[0m.
[    5.564706] systemd[1]: Mounting Huge Pages File System...
         Mounting [0;1;39mHuge Pages File System[0m...
[    5.574384] systemd[1]: Mounting POSIX Message Queue File System...
         Mounting [0;1;39mPOSIX Message Queue File System[0m...
[    5.592829] systemd[1]: Mounting Kernel Debug File System...
         Mounting [0;1;39mKernel Debug File System[0m...
[    5.604092] systemd[1]: Mounting Kernel Trace File System...
         Mounting [0;1;39mKernel Trace File System[0m...
[    5.607684] systemd[1]: Kernel Module supporting RPCSEC_GSS was skipped because of an unmet condition check (ConditionPathExists=/etc/krb5.keytab).
[    5.608717] systemd[1]: Create List of Static Device Nodes was skipped because of an unmet condition check (ConditionFileNotEmpty=/lib/modules/6.14.0-rc1-1c03874e38e3+/modules.devname).
[    5.617561] systemd[1]: Starting Monitoring of LVM2 mirrors, snapshots etc. using dmeventd or progress polling...
         Starting [0;1;39mMonitoring of LVM…meventd or progress polling[0m...
[    5.627907] systemd[1]: Starting Load Kernel Module configfs...
         Starting [0;1;39mLoad Kernel Module configfs[0m...
[    5.638503] systemd[1]: Starting Load Kernel Module drm...
         Starting [0;1;39mLoad Kernel Module drm[0m...
[    5.689750] systemd[1]: Starting Load Kernel Module fuse...
         Starting [0;1;39mLoad Kernel Module fuse[0m...
[    5.708723] systemd[1]: Starting Read and set NIS domainname from /etc/sysconfig/network...
         Starting [0;1;39mRead and set NIS …from /etc/sysconfig/network[0m...
[    5.723451] systemd[1]: Starting Journal Service...
         Starting [0;1;39mJournal Service[0m...
[    5.737560] systemd[1]: Starting Load Kernel Modules...
         Starting [0;1;39mLoad Kernel Modules[0m...
[    5.752803] systemd[1]: Starting Generate network units from Kernel command line...
         Starting [0;1;39mGenerate network …ts from Kernel command line[0m...
[    5.771818] systemd[1]: Starting Remount Root and Kernel File Systems...
         Starting [0;1;39mRemount Root and Kernel File Systems[0m...
[    5.780293] systemd[1]: Repartition Root Disk was skipped because no trigger condition checks were met.
[    5.799236] systemd[1]: Starting Coldplug All udev Devices...
         Starting [0;1;39mColdplug All udev Devices[0m...
[    5.830033] systemd[1]: Mounted Huge Pages File System.
[[0;32m  OK  [0m] Mounted [0;1;39mHuge Pages File System[0m.
[    5.837075] systemd[1]: Mounted POSIX Message Queue File System.
[[0;32m  OK  [0m] Mounted [0;1;39mPOSIX Message Queue File System[0m.
[    5.843755] systemd[1]: Mounted Kernel Debug File System.
[[0;32m  OK  [0m] Mounted [0;1;39mKernel Debug File System[0m.
[    5.849900] systemd[1]: Mounted Kernel Trace File System.
[[0;32m  OK  [0m] Mounted [0;1;39mKernel Trace File System[0m.
[    5.854805] systemd[1]: Finished Monitoring of LVM2 mirrors, snapshots etc. using dmeventd or progress polling.
[[0;32m  OK  [0m] Finished [0;1;39mMonitoring of LVM… dmeventd or progress polling[0m.
[    5.862790] systemd[1]: modprobe@configfs.service: Deactivated successfully.
[    5.868404] systemd[1]: Finished Load Kernel Module configfs.
[[0;32m  OK  [0m] Finished [0;1;39mLoad Kernel Module configfs[0m.
[    5.873888] systemd[1]: modprobe@drm.service: Deactivated successfully.
[    5.878541] systemd[1]: Finished Load Kernel Module drm.
[[0;32m  OK  [0m] Finished [0;1;39mLoad Kernel Module drm[0m.
[    5.885169] systemd[1]: modprobe@fuse.service: Deactivated successfully.
[    5.888384] systemd[1]: Finished Load Kernel Module fuse.
[[0;32m  OK  [0m] Finished [0;1;39mLoad Kernel Module fuse[0m.
[    5.894645] systemd[1]: Finished Read and set NIS domainname from /etc/sysconfig/network.
[[0;32m  OK  [0m] Finished [0;1;39mRead and set NIS …e from /etc/sysconfig/network[0m.
[    5.896718] systemd[1]: systemd-modules-load.service: Main process exited, code=exited, status=1/FAILURE
[    5.898183] systemd[1]: systemd-modules-load.service: Failed with result 'exit-code'.
[    5.904415] systemd[1]: Failed to start Load Kernel Modules.
[[0;1;31mFAILED[0m] Failed to start [0;1;39mLoad Kernel Modules[0m.
See 'systemctl status systemd-modules-load.service' for details.
[    5.910734] systemd[1]: Finished Generate network units from Kernel command line.
[[0;32m  OK  [0m] Finished [0;1;39mGenerate network units from Kernel command line[0m.
[    5.913757] systemd[1]: Reached target Preparation for Network.
[[0;32m  OK  [0m] Reached target [0;1;39mPreparation for Network[0m.
[    5.936654] EXT4-fs (sda): re-mounted 088740a9-c8b4-422c-999d-a804eb68a4da r/w. Quota mode: none.
[    5.940597] systemd[1]: Mounting FUSE Control File System...
         Mounting [0;1;39mFUSE Control File System[0m...
[    5.980799] systemd[1]: Mounting Kernel Configuration File System...
         Mounting [0;1;39mKernel Configuration File System[0m...
[    5.992881] systemd[1]: Starting Apply Kernel Variables...
         Starting [0;1;39mApply Kernel Variables[0m...
[    6.004060] systemd[1]: Started Journal Service.
[[0;32m  OK  [0m] Started [0;1;39mJournal Service[0m.
[[0;32m  OK  [0m] Finished [0;1;39mRemount Root and Kernel File Systems[0m.
[[0;32m  OK  [0m] Mounted [0;1;39mFUSE Control File System[0m.
[[0;32m  OK  [0m] Mounted [0;1;39mKernel Configuration File System[0m.
         Starting [0;1;39mFlush Journal to Persistent Storage[0m...
         Starting [0;1;39mLoad/Save Random Seed[0m...
[    6.122271] systemd-journald[148]: Received client request to flush runtime journal.
         Starting [0;1;39mCreate Static Device Nodes in /dev[0m...
         Starting [0;1;39mSetup Virtual Console[0m...
[[0;32m  OK  [0m] Finished [0;1;39mApply Kernel Variables[0m.
[[0;32m  OK  [0m] Finished [0;1;39mFlush Journal to Persistent Storage[0m.
[[0;32m  OK  [0m] Finished [0;1;39mLoad/Save Random Seed[0m.
[[0;32m  OK  [0m] Finished [0;1;39mCreate Static Device Nodes in /dev[0m.
         Starting [0;1;39mRule-based Manage…for Device Events and Files[0m...
[[0;32m  OK  [0m] Started [0;1;39mRule-based Manager for Device Events and Files[0m.
         Starting [0;1;39mAuto-connect to s…E devices found during boot[0m...
[[0;32m  OK  [0m] Finished [0;1;39mAuto-connect to s…VME devices found during boot[0m.
[[0;32m  OK  [0m] Finished [0;1;39mColdplug All udev Devices[0m.
         Starting [0;1;39mWait for udev To …plete Device Initialization[0m...
[[0;32m  OK  [0m] Finished [0;1;39mSetup Virtual Console[0m.
[[0;32m  OK  [0m] Started [0;1;39mDispatch Password …ts to Console Directory Watch[0m.
[[0;32m  OK  [0m] Reached target [0;1;39mLocal Encrypted Volumes[0m.
[[0;32m  OK  [0m] Reached target [0;1;39mPath Units[0m.
[[0;32m  OK  [0m] Found device [0;1;39m/dev/ttyS0[0m.
[[0;32m  OK  [0m] Listening on [0;1;39mLoad/Save RF …itch Status /dev/rfkill Watch[0m.
[[0;32m  OK  [0m] Finished [0;1;39mWait for udev To Complete Device Initialization[0m.
[[0;32m  OK  [0m] Reached target [0;1;39mPreparation for Local File Systems[0m.
[[0;32m  OK  [0m] Reached target [0;1;39mLocal File Systems[0m.
         Starting [0;1;39mTell Plymouth To Write Out Runtime Data[0m...
         Starting [0;1;39mAutomatic Boot Loader Update[0m...
         Starting [0;1;39mCreate Volatile Files and Directories[0m...
[[0;32m  OK  [0m] Finished [0;1;39mTell Plymouth To Write Out Runtime Data[0m.
[[0;32m  OK  [0m] Finished [0;1;39mAutomatic Boot Loader Update[0m.
[[0;32m  OK  [0m] Finished [0;1;39mCreate Volatile Files and Directories[0m.
         Mounting [0;1;39mRPC Pipe File System[0m...
         Starting [0;1;39mSecurity Auditing Service[0m...
         Starting [0;1;39mRPC Bind[0m...
[[0;32m  OK  [0m] Mounted [0;1;39mRPC Pipe File System[0m.
[[0;32m  OK  [0m] Reached target [0;1;39mrpc_pipefs.target[0m.
[[0;32m  OK  [0m] Started [0;1;39mRPC Bind[0m.
[[0;32m  OK  [0m] Started [0;1;39mSecurity Auditing Service[0m.
         Starting [0;1;39mRecord System Boot/Shutdown in UTMP[0m...
[[0;32m  OK  [0m] Finished [0;1;39mRecord System Boot/Shutdown in UTMP[0m.
[[0;32m  OK  [0m] Reached target [0;1;39mSystem Initialization[0m.
[[0;32m  OK  [0m] Started [0;1;39mDaily rotation of log files[0m.
[[0;32m  OK  [0m] Started [0;1;39mUpdates mlocate database every day[0m.
[[0;32m  OK  [0m] Started [0;1;39mDaily Cleanup of Temporary Directories[0m.
[[0;32m  OK  [0m] Started [0;1;39mdaily update of the root trust anchor for DNSSEC[0m.
[[0;32m  OK  [0m] Reached target [0;1;39mTimer Units[0m.
[[0;32m  OK  [0m] Listening on [0;1;39mD-Bus System Message Bus Socket[0m.
[[0;32m  OK  [0m] Listening on [0;1;39mOpen-iSCSI iscsid Socket[0m.
[[0;32m  OK  [0m] Listening on [0;1;39mOpen-iSCSI iscsiuio Socket[0m.
[[0;32m  OK  [0m] Listening on [0;1;39mSSSD Kerberos…ache Manager responder socket[0m.
[[0;32m  OK  [0m] Listening on [0;1;39mLibvirt interface local socket[0m.
[[0;32m  OK  [0m] Listening on [0;1;39mVirtual machine lock manager socket[0m.
[[0;32m  OK  [0m] Listening on [0;1;39mVirtual machine log manager socket[0m.
[[0;32m  OK  [0m] Listening on [0;1;39mLibvirt network local socket[0m.
[[0;32m  OK  [0m] Listening on [0;1;39mLibvirt nodedev local socket[0m.
[[0;32m  OK  [0m] Listening on [0;1;39mLibvirt nwfilter local socket[0m.
[[0;32m  OK  [0m] Listening on [0;1;39mLibvirt proxy local socket[0m.
[[0;32m  OK  [0m] Listening on [0;1;39mLibvirt qemu local socket[0m.
[[0;32m  OK  [0m] Listening on [0;1;39mLibvirt qemu admin socket[0m.
[[0;32m  OK  [0m] Listening on [0;1;39mLibvirt qemu local read-only socket[0m.
[[0;32m  OK  [0m] Listening on [0;1;39mLibvirt secret local socket[0m.
[[0;32m  OK  [0m] Listening on [0;1;39mLibvirt storage local socket[0m.
[[0;32m  OK  [0m] Reached target [0;1;39mSocket Units[0m.
         Starting [0;1;39mD-Bus System Message Bus[0m...
[[0;32m  OK  [0m] Started [0;1;39mD-Bus System Message Bus[0m.
[[0;32m  OK  [0m] Reached target [0;1;39mBasic System[0m.
         Starting [0;1;39mNetwork Manager[0m...
         Starting [0;1;39mNTP client/server[0m...
         Starting [0;1;39mRestore /run/initramfs on shutdown[0m...
[[0;32m  OK  [0m] Started [0;1;39mirqbalance daemon[0m.
[[0;32m  OK  [0m] Started [0;1;39mlibstoragemgmt plug-in server daemon[0m.
[[0;32m  OK  [0m] Started [0;1;39mMachine Check Exception Logging Daemon[0m.
[[0;32m  OK  [0m] Reached target [0;1;39msshd-keygen.target[0m.
[[0;32m  OK  [0m] Reached target [0;1;39mUser and Group Name Lookups[0m.
         Starting [0;1;39mUser Login Management[0m...
         Starting [0;1;39mVirtual Machine a…tainer Registration Service[0m...
         Starting [0;1;39mupdate of the roo…NSSEC validation in unbound[0m...
         Starting [0;1;39mRotate log files[0m...
[[0;32m  OK  [0m] Started [0;1;39mUpdate a database for mlocate[0m.
[[0;32m  OK  [0m] Finished [0;1;39mRestore /run/initramfs on shutdown[0m.
[[0;32m  OK  [0m] Started [0;1;39mVirtual Machine an…ontainer Registration Service[0m.
         Starting [0;1;39mHostname Service[0m...
[[0;32m  OK  [0m] Started [0;1;39mNTP client/server[0m.
[[0;32m  OK  [0m] Started [0;1;39mUser Login Management[0m.
[[0;32m  OK  [0m] Finished [0;1;39mupdate of the roo… DNSSEC validation in unbound[0m.
[[0;32m  OK  [0m] Started [0;1;39mHostname Service[0m.
         Starting [0;1;39mNetwork Manager Script Dispatcher Service[0m...
[[0;32m  OK  [0m] Finished [0;1;39mRotate log files[0m.
[[0;32m  OK  [0m] Started [0;1;39mNetwork Manager Script Dispatcher Service[0m.
[   10.216439] e1000: eth0 NIC Link is Up 1000 Mbps Full Duplex, Flow Control: RX
[[0;32m  OK  [0m] Started [0;1;39mNetwork Manager[0m.
[[0;32m  OK  [0m] Reached target [0;1;39mNetwork[0m.
[[0;32m  OK  [0m] Reached target [0;1;39mNetwork is Online[0m.
         Starting [0;1;39mGSSAPI Proxy Daemon[0m...
         Starting [0;1;39mNotify NFS peers of a restart[0m...
         Starting [0;1;39mSystem Logging Service[0m...
         Starting [0;1;39mOpenSSH server daemon[0m...
         Starting [0;1;39mDynamic System Tuning Daemon[0m...
[[0;32m  OK  [0m] Started [0;1;39mGSSAPI Proxy Daemon[0m.
[[0;32m  OK  [0m] Started [0;1;39mNotify NFS peers of a restart[0m.
[[0;32m  OK  [0m] Reached target [0;1;39mNFS client services[0m.
[[0;32m  OK  [0m] Reached target [0;1;39mPreparation for Remote File Systems[0m.
[[0;32m  OK  [0m] Reached target [0;1;39mRemote File Systems[0m.
         Starting [0;1;39mPermit User Sessions[0m...
         Starting [0;1;39mVirtualization qemu daemon[0m...
[[0;32m  OK  [0m] Started [0;1;39mOpenSSH server daemon[0m.
[[0;32m  OK  [0m] Finished [0;1;39mPermit User Sessions[0m.
[[0;32m  OK  [0m] Started [0;1;39mSystem Logging Service[0m.
[[0;32m  OK  [0m] Started [0;1;39mDeferred execution scheduler[0m.
[[0;32m  OK  [0m] Started [0;1;39mCommand Scheduler[0m.
         Starting [0;1;39mHold until boot process finishes up[0m...
         Starting [0;1;39mTerminate Plymouth Boot Screen[0m...
[[0;32m  OK  [0m] Finished [0;1;39mHold until boot process finishes up[0m.
[[0;32m  OK  [0m] Started [0;1;39mGetty on tty1[0m.
[[0;32m  OK  [0m] Started [0;1;39mSerial Getty on ttyS0[0m.
[[0;32m  OK  [0m] Reached target [0;1;39mLogin Prompts[0m.
[[0;32m  OK  [0m] Started [0;1;39mVirtualization qemu daemon[0m.
[[0;32m  OK  [0m] Finished [0;1;39mTerminate Plymouth Boot Screen[0m.
         Starting [0;1;39mAuthorization Manager[0m...
[[0;32m  OK  [0m] Started [0;1;39mAuthorization Manager[0m.
[[0;32m  OK  [0m] Started [0;1;39mDynamic System Tuning Daemon[0m.
[[0;32m  OK  [0m] Reached target [0;1;39mMulti-User System[0m.
         Starting [0;1;39mRecord Runlevel Change in UTMP[0m...
[[0;32m  OK  [0m] Finished [0;1;39mRecord Runlevel Change in UTMP[0m.

CentOS Stream 9
Kernel 6.14.0-rc1-1c03874e38e3+ on an x86_64

Activate the web console with: systemctl enable --now cockpit.socket

test login: [   20.559141] Adding 124996k swap on ./swap-file.  Priority:0 extents:1 across:124996k 
[   23.938218] Adding 124996k swap on ./swap-file.  Priority:0 extents:1 across:124996k 
[   27.307080] Adding 124996k swap on ./swap-file.  Priority:0 extents:1 across:124996k 
[   30.739511] Adding 124996k swap on ./swap-file.  Priority:0 extents:1 across:124996k 
[   34.174436] Adding 124996k swap on ./swap-file.  Priority:0 extents:1 across:124996k 
[   37.662584] Adding 124996k swap on ./swap-file.  Priority:0 extents:1 across:124996k 
[   41.097376] Adding 124996k swap on ./swap-file.  Priority:0 extents:1 across:124996k 
[   44.595850] Adding 124996k swap on ./swap-file.  Priority:0 extents:1 across:124996k 
[   48.055551] Adding 124996k swap on ./swap-file.  Priority:0 extents:1 across:124996k 
[   51.521540] Adding 124996k swap on ./swap-file.  Priority:0 extents:1 across:124996k 
[   54.998674] Adding 124996k swap on ./swap-file.  Priority:0 extents:1 across:124996k 
[   58.504887] Adding 124996k swap on ./swap-file.  Priority:0 extents:1 across:124996k 
[   62.007307] Adding 124996k swap on ./swap-file.  Priority:0 extents:1 across:124996k 
[   65.457037] Adding 124996k swap on ./swap-file.  Priority:0 extents:1 across:124996k 
[   68.928773] Adding 124996k swap on ./swap-file.  Priority:0 extents:1 across:124996k 
[   72.468644] Adding 124996k swap on ./swap-file.  Priority:0 extents:1 across:124996k 
[   78.091915] Adding 124996k swap on ./swap-file.  Priority:0 extents:1 across:124996k 
[   81.530544] Adding 124996k swap on ./swap-file.  Priority:0 extents:1 across:124996k 
[   84.940306] Adding 124996k swap on ./swap-file.  Priority:0 extents:1 across:124996k 
[   88.410275] Adding 124996k swap on ./swap-file.  Priority:0 extents:1 across:124996k 
[   91.880439] Adding 124996k swap on ./swap-file.  Priority:0 extents:1 across:124996k 
[   95.224665] Adding 124996k swap on ./swap-file.  Priority:0 extents:1 across:124996k 
[   98.641754] Adding 124996k swap on ./swap-file.  Priority:0 extents:1 across:124996k 
[  102.075361] Adding 124996k swap on ./swap-file.  Priority:0 extents:1 across:124996k 
[  105.531148] Adding 124996k swap on ./swap-file.  Priority:0 extents:1 across:124996k 
[  108.980692] Adding 124996k swap on ./swap-file.  Priority:0 extents:1 across:124996k 
[  112.443764] Adding 124996k swap on ./swap-file.  Priority:0 extents:1 across:124996k 
[  115.852028] Adding 124996k swap on ./swap-file.  Priority:0 extents:1 across:124996k 
[  119.158823] Adding 124996k swap on ./swap-file.  Priority:0 extents:1 across:124996k 
[  122.505684] Adding 124996k swap on ./swap-file.  Priority:0 extents:1 across:124996k 
[  125.871025] Adding 124996k swap on ./swap-file.  Priority:0 extents:1 across:124996k 
[  129.259289] Adding 124996k swap on ./swap-file.  Priority:0 extents:1 across:124996k 
[  132.672201] Adding 124996k swap on ./swap-file.  Priority:0 extents:1 across:124996k 
[  136.101572] Adding 124996k swap on ./swap-file.  Priority:0 extents:1 across:124996k 
[  139.568327] Adding 124996k swap on ./swap-file.  Priority:0 extents:1 across:124996k 
[  143.016198] Adding 124996k swap on ./swap-file.  Priority:0 extents:1 across:124996k 
[  146.473871] Adding 124996k swap on ./swap-file.  Priority:0 extents:1 across:124996k 
[  149.951399] Adding 124996k swap on ./swap-file.  Priority:0 extents:1 across:124996k 
[  153.442716] Adding 124996k swap on ./swap-file.  Priority:0 extents:1 across:124996k 
[  156.875097] Adding 124996k swap on ./swap-file.  Priority:0 extents:1 across:124996k 
[  160.335602] Adding 124996k swap on ./swap-file.  Priority:0 extents:1 across:124996k 
[  163.806998] Adding 124996k swap on ./swap-file.  Priority:0 extents:1 across:124996k 
[  167.250555] Adding 124996k swap on ./swap-file.  Priority:0 extents:1 across:124996k 
[  170.686171] Adding 124996k swap on ./swap-file.  Priority:0 extents:1 across:124996k 
[  174.123208] Adding 124996k swap on ./swap-file.  Priority:0 extents:1 across:124996k 
[  177.563632] Adding 124996k swap on ./swap-file.  Priority:0 extents:1 across:124996k 
[  181.063946] Adding 124996k swap on ./swap-file.  Priority:0 extents:1 across:124996k 
[  184.559602] Adding 124996k swap on ./swap-file.  Priority:0 extents:1 across:124996k 
[  188.006640] Adding 124996k swap on ./swap-file.  Priority:0 extents:1 across:124996k 
[  191.367744] Adding 124996k swap on ./swap-file.  Priority:0 extents:1 across:124996k 
[  194.825357] Adding 124996k swap on ./swap-file.  Priority:0 extents:1 across:124996k 
[  198.301840] Adding 124996k swap on ./swap-file.  Priority:0 extents:1 across:124996k 
[  201.767870] Adding 124996k swap on ./swap-file.  Priority:0 extents:1 across:124996k 
[  205.251613] Adding 124996k swap on ./swap-file.  Priority:0 extents:1 across:124996k 
[  208.712510] Adding 124996k swap on ./swap-file.  Priority:0 extents:1 across:124996k 
[  212.150382] Adding 124996k swap on ./swap-file.  Priority:0 extents:1 across:124996k 
[  215.518274] Adding 124996k swap on ./swap-file.  Priority:0 extents:1 across:124996k 
[  218.934073] Adding 124996k swap on ./swap-file.  Priority:0 extents:1 across:124996k 
[  222.398774] Adding 124996k swap on ./swap-file.  Priority:0 extents:1 across:124996k 
[  225.830566] Adding 124996k swap on ./swap-file.  Priority:0 extents:1 across:124996k 
[  229.157861] Adding 124996k swap on ./swap-file.  Priority:0 extents:1 across:124996k 
[  232.489956] Adding 124996k swap on ./swap-file.  Priority:0 extents:1 across:124996k 
[  235.905406] Adding 124996k swap on ./swap-file.  Priority:0 extents:1 across:124996k 
[  239.282364] Adding 124996k swap on ./swap-file.  Priority:0 extents:1 across:124996k 
[  242.738291] Adding 124996k swap on ./swap-file.  Priority:0 extents:1 across:124996k 
[  246.187591] Adding 124996k swap on ./swap-file.  Priority:0 extents:1 across:124996k 
[  249.640701] Adding 124996k swap on ./swap-file.  Priority:0 extents:1 across:124996k 
