|0325_160126|cmd=cd /root/os.linux.intelnext.kernel|
|0325_160126|git log 428434b060f9343ebff7805a27487f472985100d check_result:commit 428434b060f9343ebff7805a27487f472985100d|
|0325_160126|git log 38fec10eb60d687e30c8c6b5420d86e8149f7557 check_result:commit 38fec10eb60d687e30c8c6b5420d86e8149f7557|
|0325_160126|There was old bisect log:git bisect start
# status: waiting for both good and bad commits
# bad: [38fec10eb60d687e30c8c6b5420d86e8149f7557] Linux 6.14
git bisect bad 38fec10eb60d687e30c8c6b5420d86e8149f7557
# status: waiting for good commit(s), bad commit known
# good: [f40ddce88593482919761f74910f42f4b84c004b] Linux 5.11
git bisect good f40ddce88593482919761f74910f42f4b84c004b
# good: [5b7c4cabbb65f5c469464da6c5f614cbd7f730f2] Merge tag 'net-next-6.3' of git://git.kernel.org/pub/scm/linux/kernel/git/netdev/net-next
git bisect good 5b7c4cabbb65f5c469464da6c5f614cbd7f730f2
# good: [92046e83c07b064ca65ac4ae7660a540016bdfc1] Merge tag 'for-netdev' of https://git.kernel.org/pub/scm/linux/kernel/git/bpf/bpf-next
git bisect good 92046e83c07b064ca65ac4ae7660a540016bdfc1
# good: [527eff227d4321c6ea453db1083bc4fdd4d3a3e8] Merge tag 'mm-nonmm-stable-2024-07-21-15-07' of git://git.kernel.org/pub/scm/linux/kernel/git/akpm/mm
git bisect good 527eff227d4321c6ea453db1083bc4fdd4d3a3e8
# good: [6e95ef0258ff4ee23ae3b06bf6b00b33dbbd5ef7] Merge tag 'bpf-next-6.13' of git://git.kernel.org/pub/scm/linux/kernel/git/bpf/bpf-next
git bisect good 6e95ef0258ff4ee23ae3b06bf6b00b33dbbd5ef7
# good: [9ad09c4f2868540130ad2d5dfe265f55c75c1705] Merge tag 'arm64-upstream' of git://git.kernel.org/pub/scm/linux/kernel/git/arm64/linux
git bisect good 9ad09c4f2868540130ad2d5dfe265f55c75c1705
# good: [4e517a6acdc40d61076ead4244b980c276af9b6e] Merge tag 'soc-new-6.14' of git://git.kernel.org/pub/scm/linux/kernel/git/soc/soc
git bisect good 4e517a6acdc40d61076ead4244b980c276af9b6e
# good: [e2ee2e9b159094527ae7ad78058b1316f62fc5b7] Merge tag 'arm64-upstream' of git://git.kernel.org/pub/scm/linux/kernel/git/arm64/linux
git bisect good e2ee2e9b159094527ae7ad78058b1316f62fc5b7
# bad: [b878a1c072a4912e14a38e90a8b1883d4c513d9d] Merge tag 'mips-fixes_6.14_1' of git://git.kernel.org/pub/scm/linux/kernel/git/mips/linux
git bisect bad b878a1c072a4912e14a38e90a8b1883d4c513d9d
# good: [fd8c09ad0d87783b9b6a27900d66293be45b7bad] Merge tag 'kbuild-v6.14' of git://git.kernel.org/pub/scm/linux/kernel/git/masahiroy/linux-kbuild
git bisect good fd8c09ad0d87783b9b6a27900d66293be45b7bad
# bad: [8b0582f50952a0e225fabd97bb6f90ca5138a0e7] Merge tag 'execve-v6.14-rc2' of git://git.kernel.org/pub/scm/linux/kernel/git/kees/linux
git bisect bad 8b0582f50952a0e225fabd97bb6f90ca5138a0e7
# good: [92514ef226f511f2ca1fb1b8752966097518edc0] Merge tag 'for-6.14-rc1-tag' of git://git.kernel.org/pub/scm/linux/kernel/git/kdave/linux
git bisect good 92514ef226f511f2ca1fb1b8752966097518edc0
# bad: [1fa9970a4e61e9383a8ee738b44e2194d4ce7ff5] Merge tag 'pm-6.14-rc2' of git://git.kernel.org/pub/scm/linux/kernel/git/rafael/linux-pm
git bisect bad 1fa9970a4e61e9383a8ee738b44e2194d4ce7ff5
# good: [bb066fe812d6fb3a9d01c073d9f1e2fd5a63403b] Merge tag 'pci-v6.14-fixes-2' of git://git.kernel.org/pub/scm/linux/kernel/git/pci/pci
git bisect good bb066fe812d6fb3a9d01c073d9f1e2fd5a63403b
# bad: [8c67da5bc11a79833d9fd464e82b1b271c67fc87] Merge tag 'vfs-6.14-rc2.fixes' of git://git.kernel.org/pub/scm/linux/kernel/git/vfs/vfs
git bisect bad 8c67da5bc11a79833d9fd464e82b1b271c67fc87
# good: [ec6164adc73e57c4c43b37682cae1d5c9ad40ca1] Merge patch series "Fix for huge faults regression"
git bisect good ec6164adc73e57c4c43b37682cae1d5c9ad40ca1
# good: [4be214c26936813b636eed2fac906f585ddbf0f9] bcachefs: bch2_bkey_sectors_need_rebalance() now only depends on bch_extent_rebalance
git bisect good 4be214c26936813b636eed2fac906f585ddbf0f9
# good: [94b481f7671f412b571e4ee5e3b24f33a889812d] Merge tag 'bcachefs-2025-02-06.2' of git://evilpiepirate.org/bcachefs
git bisect good 94b481f7671f412b571e4ee5e3b24f33a889812d
# bad: [37d11cfc63604b3886308e2111d845d148ced8bc] vfs: sanity check the length passed to inode_set_cached_link()
git bisect bad 37d11cfc63604b3886308e2111d845d148ced8bc
# good: [091ee63e36e8289f9067f659a48d497911e49d6f] pidfs: improve ioctl handling
git bisect good 091ee63e36e8289f9067f659a48d497911e49d6f
# first bad commit: [37d11cfc63604b3886308e2111d845d148ced8bc] vfs: sanity check the length passed to inode_set_cached_link(), will clean it|
|0325_160126|cmd=git bisect reset|
|0325_160127|cmd=git checkout -f 428434b060f9343ebff7805a27487f472985100d|
|0325_160128|cmd=cd /root/os.linux.intelnext.kernel|
|0325_160128||/var/www/html/bzimage/bzImage_428434b060f9343ebff7805a27487f472985100d| exist, no need make|
|0325_160128|/root/image/centos9_3.img -> /root/image/centos9_2.img|
|0325_160129|Run /var/www/html/bzimage/bzImage_428434b060f9343ebff7805a27487f472985100d with image:/root/image/centos9_2.img in local port:10022, 1 time|
|0325_160212|It takes 43 seconds to find login:test login: |
|0325_160212|Boot 1 time: takes 43 seconds to boot up.|
|0325_160212|cmd=ssh -o ConnectTimeout=1 -o 'StrictHostKeyChecking no' -p 10022 localhost 'rm -rf file*'|
|0325_160214|cmd=scp -o 'StrictHostKeyChecking no' -P 10022 /root/bzimage_bisect/repro.sh root@localhost:/root/repro.sh|
|0325_160215|cmd=scp -o 'StrictHostKeyChecking no' -P 10022 /root/syzkaller/workdir/crashes/e378d32cfbc39a03530874f432cfb44c133e062d/repro.cprog root@localhost:/root/repro.c|
|0325_160216|ssh -o ConnectTimeout=1 -o 'StrictHostKeyChecking no' -p 10022 localhost 'chmod 755 /root/repro.sh'|
|0325_160217|ssh -o ConnectTimeout=1 -o 'StrictHostKeyChecking no' -p 10022 localhost '/root/repro.sh'|
|0325_160227|/var/www/html/bzimage/bzImage_428434b060f9343ebff7805a27487f472985100d contained pv_native_set_debugreg:[   51.187425] RIP: 0010:pv_native_set_debugreg+0x76/0xe0
[   51.195501]  ? pv_native_set_debugreg+0x76/0xe0
[   51.218013] RIP: 0010:pv_native_set_debugreg+0x76/0xe0, FAIL|
|0325_160227|Found time:51 in /var/www/html/bzimage/0325_160126_pv_native_set_debugreg/428434b060f9343ebff7805a27487f472985100d_dmesg.log|
|0325_160227|Logic: |<=25: +25|25-100 +180|>100 +1800| Set TIME:231|
|0325_160227|-END- commit 428434b060f9343ebff7805a27487f472985100d FAIL bad|
|0325_160227|cmd=rm -rf /var/www/html//syzkaller/2025_03_25/e378d32cfbc39a03530874f432cfb44c133e062d|
|0325_160227|cmd=mkdir -p /var/www/html//syzkaller/2025_03_25/e378d32cfbc39a03530874f432cfb44c133e062d|
|0325_160227|cmd=cp -rf /root/syzkaller/workdir/crashes/e378d32cfbc39a03530874f432cfb44c133e062d/repro.cprog /var/www/html//syzkaller/2025_03_25/e378d32cfbc39a03530874f432cfb44c133e062d/repro.c|
|0325_160227|gcc -pthread /var/www/html//syzkaller/2025_03_25/e378d32cfbc39a03530874f432cfb44c133e062d/repro.c -o /var/www/html//syzkaller/2025_03_25/e378d32cfbc39a03530874f432cfb44c133e062d/repro|
|0325_160227|cmd=cp -rf /root/syzkaller/workdir/crashes/e378d32cfbc39a03530874f432cfb44c133e062d/description /var/www/html//syzkaller/2025_03_25/e378d32cfbc39a03530874f432cfb44c133e062d|
|0325_160227|cp -rf /root/syzkaller/workdir/crashes/e378d32cfbc39a03530874f432cfb44c133e062d/mount_* /var/www/html/bzimage/0325_160126_pv_native_set_debugreg/|
|0325_160229|wget https://raw.githubusercontent.com/xupengfe/kconfig_diff/main/config-5.18rc4i_kvm -O /var/www/html/bzimage/0325_160126_pv_native_set_debugreg/kconfig_origin:0|
|0325_160229|cmd=cd /root/os.linux.intelnext.kernel|
|0325_160229||/var/www/html/bzimage/bzImage_38fec10eb60d687e30c8c6b5420d86e8149f7557| exist, no need make|
|0325_160229|/root/image/centos9_3.img -> /root/image/centos9_2.img|
|0325_160326|Run /var/www/html/bzimage/bzImage_38fec10eb60d687e30c8c6b5420d86e8149f7557 with image:/root/image/centos9_2.img in local port:10022, 1 time|
|0325_160342|It takes 16 seconds to find login:test login: |
|0325_160342|Boot 1 time: takes 16 seconds to boot up.|
|0325_160342|cmd=ssh -o ConnectTimeout=1 -o 'StrictHostKeyChecking no' -p 10022 localhost 'rm -rf file*'|
|0325_160343|cmd=scp -o 'StrictHostKeyChecking no' -P 10022 /root/bzimage_bisect/repro.sh root@localhost:/root/repro.sh|
|0325_160345|cmd=scp -o 'StrictHostKeyChecking no' -P 10022 /root/syzkaller/workdir/crashes/e378d32cfbc39a03530874f432cfb44c133e062d/repro.cprog root@localhost:/root/repro.c|
|0325_160346|ssh -o ConnectTimeout=1 -o 'StrictHostKeyChecking no' -p 10022 localhost 'chmod 755 /root/repro.sh'|
|0325_160346|ssh -o ConnectTimeout=1 -o 'StrictHostKeyChecking no' -p 10022 localhost '/root/repro.sh'|
|0325_160737|/var/www/html/bzimage/bzImage_38fec10eb60d687e30c8c6b5420d86e8149f7557 didn't contain pv_native_set_debugreg: in dmesg, pass|
|0325_160737|Start commit 38fec10eb60d687e30c8c6b5420d86e8149f7557 PASS good|
|0325_160737|cmd=git checkout -f 428434b060f9343ebff7805a27487f472985100d|
|0325_160737|cmd=git bisect start|
|0325_160737|cmd=git bisect bad 428434b060f9343ebff7805a27487f472985100d|
|0325_160737|Bisect first start commit:38fec10eb60d687e30c8c6b5420d86e8149f7557|
|0325_160737|git bisect good 38fec10eb60d687e30c8c6b5420d86e8149f7557|
|0325_160738|nohup /root/bzimage_bisect/make_bz.sh -k /root/os.linux.intelnext.kernel -m 67c217d04207d705034b41b9f3d0b28c2dfa6ff3 -d /var/www/html/bzimage -o /tmp/kernel|
|0325_162354|/root/image/centos9_3.img -> /root/image/centos9_2.img|
|0325_162551|Run /var/www/html/bzimage/bzImage_67c217d04207d705034b41b9f3d0b28c2dfa6ff3 with image:/root/image/centos9_2.img in local port:10022, 1 time|
|0325_162607|It takes 16 seconds to find login:test login: |
|0325_162607|Boot 1 time: takes 16 seconds to boot up.|
|0325_162607|cmd=ssh -o ConnectTimeout=1 -o 'StrictHostKeyChecking no' -p 10022 localhost 'rm -rf file*'|
|0325_162608|cmd=scp -o 'StrictHostKeyChecking no' -P 10022 /root/bzimage_bisect/repro.sh root@localhost:/root/repro.sh|
|0325_162609|cmd=scp -o 'StrictHostKeyChecking no' -P 10022 /root/syzkaller/workdir/crashes/e378d32cfbc39a03530874f432cfb44c133e062d/repro.cprog root@localhost:/root/repro.c|
|0325_162611|ssh -o ConnectTimeout=1 -o 'StrictHostKeyChecking no' -p 10022 localhost 'chmod 755 /root/repro.sh'|
|0325_162611|ssh -o ConnectTimeout=1 -o 'StrictHostKeyChecking no' -p 10022 localhost '/root/repro.sh'|
|0325_163002|/var/www/html/bzimage/bzImage_67c217d04207d705034b41b9f3d0b28c2dfa6ff3 didn't contain pv_native_set_debugreg: in dmesg, pass|
|0325_163002|git bisect good 67c217d04207d705034b41b9f3d0b28c2dfa6ff3|
|0325_163003|nohup /root/bzimage_bisect/make_bz.sh -k /root/os.linux.intelnext.kernel -m 1aeae2ca0b0ee4785621c3c862e61adb6d29ae64 -d /var/www/html/bzimage -o /tmp/kernel|
|0325_164627|/root/image/centos9_3.img -> /root/image/centos9_2.img|
|0325_164815|Run /var/www/html/bzimage/bzImage_1aeae2ca0b0ee4785621c3c862e61adb6d29ae64 with image:/root/image/centos9_2.img in local port:10022, 1 time|
|0325_164831|It takes 16 seconds to find login:test login: |
|0325_164831|Boot 1 time: takes 16 seconds to boot up.|
|0325_164831|cmd=ssh -o ConnectTimeout=1 -o 'StrictHostKeyChecking no' -p 10022 localhost 'rm -rf file*'|
|0325_164832|cmd=scp -o 'StrictHostKeyChecking no' -P 10022 /root/bzimage_bisect/repro.sh root@localhost:/root/repro.sh|
|0325_164834|cmd=scp -o 'StrictHostKeyChecking no' -P 10022 /root/syzkaller/workdir/crashes/e378d32cfbc39a03530874f432cfb44c133e062d/repro.cprog root@localhost:/root/repro.c|
|0325_164835|ssh -o ConnectTimeout=1 -o 'StrictHostKeyChecking no' -p 10022 localhost 'chmod 755 /root/repro.sh'|
|0325_164835|ssh -o ConnectTimeout=1 -o 'StrictHostKeyChecking no' -p 10022 localhost '/root/repro.sh'|
|0325_165226|/var/www/html/bzimage/bzImage_1aeae2ca0b0ee4785621c3c862e61adb6d29ae64 didn't contain pv_native_set_debugreg: in dmesg, pass|
|0325_165226|git bisect good 1aeae2ca0b0ee4785621c3c862e61adb6d29ae64|
|0325_165227|nohup /root/bzimage_bisect/make_bz.sh -k /root/os.linux.intelnext.kernel -m 3332cba5c95fe9e4e79f6069d7f7b25cd5f0893a -d /var/www/html/bzimage -o /tmp/kernel|
|0325_170809|/root/image/centos9_3.img -> /root/image/centos9_2.img|
|0325_170811|Run /var/www/html/bzimage/bzImage_3332cba5c95fe9e4e79f6069d7f7b25cd5f0893a with image:/root/image/centos9_2.img in local port:10022, 1 time|
|0325_170926|It takes 75 seconds to find login:test login: |
|0325_170926|Boot 1 time: takes 75 seconds to boot up.|
|0325_170926|cmd=ssh -o ConnectTimeout=1 -o 'StrictHostKeyChecking no' -p 10022 localhost 'rm -rf file*'|
|0325_170927|cmd=scp -o 'StrictHostKeyChecking no' -P 10022 /root/bzimage_bisect/repro.sh root@localhost:/root/repro.sh|
|0325_170929|cmd=scp -o 'StrictHostKeyChecking no' -P 10022 /root/syzkaller/workdir/crashes/e378d32cfbc39a03530874f432cfb44c133e062d/repro.cprog root@localhost:/root/repro.c|
|0325_170930|ssh -o ConnectTimeout=1 -o 'StrictHostKeyChecking no' -p 10022 localhost 'chmod 755 /root/repro.sh'|
|0325_170930|ssh -o ConnectTimeout=1 -o 'StrictHostKeyChecking no' -p 10022 localhost '/root/repro.sh'|
|0325_171321|/var/www/html/bzimage/bzImage_3332cba5c95fe9e4e79f6069d7f7b25cd5f0893a contained pv_native_set_debugreg:[   83.270500] RIP: 0010:pv_native_set_debugreg+0x76/0xe0
[   83.278475]  ? pv_native_set_debugreg+0x76/0xe0
[   83.300551] RIP: 0010:pv_native_set_debugreg+0x76/0xe0, FAIL|
|0325_171321|git bisect bad 3332cba5c95fe9e4e79f6069d7f7b25cd5f0893a|
|0325_171322|nohup /root/bzimage_bisect/make_bz.sh -k /root/os.linux.intelnext.kernel -m b6c6b212b5133bea2ec532dc60a57a47e2b48f54 -d /var/www/html/bzimage -o /tmp/kernel|
|0325_172911|/root/image/centos9_3.img -> /root/image/centos9_2.img|
|0325_173014|Run /var/www/html/bzimage/bzImage_b6c6b212b5133bea2ec532dc60a57a47e2b48f54 with image:/root/image/centos9_2.img in local port:10022, 1 time|
|0325_173030|It takes 16 seconds to find login:test login: |
|0325_173030|Boot 1 time: takes 16 seconds to boot up.|
|0325_173030|cmd=ssh -o ConnectTimeout=1 -o 'StrictHostKeyChecking no' -p 10022 localhost 'rm -rf file*'|
|0325_173031|cmd=scp -o 'StrictHostKeyChecking no' -P 10022 /root/bzimage_bisect/repro.sh root@localhost:/root/repro.sh|
|0325_173032|cmd=scp -o 'StrictHostKeyChecking no' -P 10022 /root/syzkaller/workdir/crashes/e378d32cfbc39a03530874f432cfb44c133e062d/repro.cprog root@localhost:/root/repro.c|
|0325_173034|ssh -o ConnectTimeout=1 -o 'StrictHostKeyChecking no' -p 10022 localhost 'chmod 755 /root/repro.sh'|
|0325_173034|ssh -o ConnectTimeout=1 -o 'StrictHostKeyChecking no' -p 10022 localhost '/root/repro.sh'|
|0325_173425|/var/www/html/bzimage/bzImage_b6c6b212b5133bea2ec532dc60a57a47e2b48f54 didn't contain pv_native_set_debugreg: in dmesg, pass|
|0325_173425|git bisect good b6c6b212b5133bea2ec532dc60a57a47e2b48f54|
|0325_173426|nohup /root/bzimage_bisect/make_bz.sh -k /root/os.linux.intelnext.kernel -m 9d1c6ed62a798938a926932566bc08e42c4bcfcd -d /var/www/html/bzimage -o /tmp/kernel|
|0325_175041|/root/image/centos9_3.img -> /root/image/centos9_2.img|
|0325_175233|Run /var/www/html/bzimage/bzImage_9d1c6ed62a798938a926932566bc08e42c4bcfcd with image:/root/image/centos9_2.img in local port:10022, 1 time|
|0325_175250|It takes 16 seconds to find login:test login: |
|0325_175250|Boot 1 time: takes 16 seconds to boot up.|
|0325_175250|cmd=ssh -o ConnectTimeout=1 -o 'StrictHostKeyChecking no' -p 10022 localhost 'rm -rf file*'|
|0325_175251|cmd=scp -o 'StrictHostKeyChecking no' -P 10022 /root/bzimage_bisect/repro.sh root@localhost:/root/repro.sh|
|0325_175252|cmd=scp -o 'StrictHostKeyChecking no' -P 10022 /root/syzkaller/workdir/crashes/e378d32cfbc39a03530874f432cfb44c133e062d/repro.cprog root@localhost:/root/repro.c|
|0325_175254|ssh -o ConnectTimeout=1 -o 'StrictHostKeyChecking no' -p 10022 localhost 'chmod 755 /root/repro.sh'|
|0325_175254|ssh -o ConnectTimeout=1 -o 'StrictHostKeyChecking no' -p 10022 localhost '/root/repro.sh'|
|0325_175645|/var/www/html/bzimage/bzImage_9d1c6ed62a798938a926932566bc08e42c4bcfcd didn't contain pv_native_set_debugreg: in dmesg, pass|
|0325_175645|git bisect good 9d1c6ed62a798938a926932566bc08e42c4bcfcd|
|0325_175645|nohup /root/bzimage_bisect/make_bz.sh -k /root/os.linux.intelnext.kernel -m a472e6daf18f9bd34b674aef138cc4f350ae2ee2 -d /var/www/html/bzimage -o /tmp/kernel|
|0325_181304|/root/image/centos9_3.img -> /root/image/centos9_2.img|
|0325_181458|Run /var/www/html/bzimage/bzImage_a472e6daf18f9bd34b674aef138cc4f350ae2ee2 with image:/root/image/centos9_2.img in local port:10022, 1 time|
|0325_181514|It takes 16 seconds to find login:test login: |
|0325_181514|Boot 1 time: takes 16 seconds to boot up.|
|0325_181514|cmd=ssh -o ConnectTimeout=1 -o 'StrictHostKeyChecking no' -p 10022 localhost 'rm -rf file*'|
|0325_181515|cmd=scp -o 'StrictHostKeyChecking no' -P 10022 /root/bzimage_bisect/repro.sh root@localhost:/root/repro.sh|
|0325_181516|cmd=scp -o 'StrictHostKeyChecking no' -P 10022 /root/syzkaller/workdir/crashes/e378d32cfbc39a03530874f432cfb44c133e062d/repro.cprog root@localhost:/root/repro.c|
|0325_181518|ssh -o ConnectTimeout=1 -o 'StrictHostKeyChecking no' -p 10022 localhost 'chmod 755 /root/repro.sh'|
|0325_181518|ssh -o ConnectTimeout=1 -o 'StrictHostKeyChecking no' -p 10022 localhost '/root/repro.sh'|
|0325_181909|/var/www/html/bzimage/bzImage_a472e6daf18f9bd34b674aef138cc4f350ae2ee2 didn't contain pv_native_set_debugreg: in dmesg, pass|
|0325_181909|git bisect good a472e6daf18f9bd34b674aef138cc4f350ae2ee2|
|0325_181909|nohup /root/bzimage_bisect/make_bz.sh -k /root/os.linux.intelnext.kernel -m 00118071212542cb34f53d94e1ab1959824a67de -d /var/www/html/bzimage -o /tmp/kernel|
|0325_183542|/root/image/centos9_3.img -> /root/image/centos9_2.img|
|0325_183749|Run /var/www/html/bzimage/bzImage_00118071212542cb34f53d94e1ab1959824a67de with image:/root/image/centos9_2.img in local port:10022, 1 time|
|0325_183805|It takes 16 seconds to find login:test login: |
|0325_183805|Boot 1 time: takes 16 seconds to boot up.|
|0325_183805|cmd=ssh -o ConnectTimeout=1 -o 'StrictHostKeyChecking no' -p 10022 localhost 'rm -rf file*'|
|0325_183806|cmd=scp -o 'StrictHostKeyChecking no' -P 10022 /root/bzimage_bisect/repro.sh root@localhost:/root/repro.sh|
|0325_183808|cmd=scp -o 'StrictHostKeyChecking no' -P 10022 /root/syzkaller/workdir/crashes/e378d32cfbc39a03530874f432cfb44c133e062d/repro.cprog root@localhost:/root/repro.c|
|0325_183809|ssh -o ConnectTimeout=1 -o 'StrictHostKeyChecking no' -p 10022 localhost 'chmod 755 /root/repro.sh'|
|0325_183809|ssh -o ConnectTimeout=1 -o 'StrictHostKeyChecking no' -p 10022 localhost '/root/repro.sh'|
|0325_184200|/var/www/html/bzimage/bzImage_00118071212542cb34f53d94e1ab1959824a67de didn't contain pv_native_set_debugreg: in dmesg, pass|
|0325_184200|git bisect good 00118071212542cb34f53d94e1ab1959824a67de|
|0325_184201|nohup /root/bzimage_bisect/make_bz.sh -k /root/os.linux.intelnext.kernel -m 1c03874e38e33c7143385ddb3734245cb713f1e0 -d /var/www/html/bzimage -o /tmp/kernel|
|0325_185816|/root/image/centos9_3.img -> /root/image/centos9_2.img|
|0325_190030|Run /var/www/html/bzimage/bzImage_1c03874e38e33c7143385ddb3734245cb713f1e0 with image:/root/image/centos9_2.img in local port:10022, 1 time|
|0325_190046|It takes 16 seconds to find login:test login: |
|0325_190046|Boot 1 time: takes 16 seconds to boot up.|
|0325_190046|cmd=ssh -o ConnectTimeout=1 -o 'StrictHostKeyChecking no' -p 10022 localhost 'rm -rf file*'|
|0325_190048|cmd=scp -o 'StrictHostKeyChecking no' -P 10022 /root/bzimage_bisect/repro.sh root@localhost:/root/repro.sh|
|0325_190049|cmd=scp -o 'StrictHostKeyChecking no' -P 10022 /root/syzkaller/workdir/crashes/e378d32cfbc39a03530874f432cfb44c133e062d/repro.cprog root@localhost:/root/repro.c|
|0325_190050|ssh -o ConnectTimeout=1 -o 'StrictHostKeyChecking no' -p 10022 localhost 'chmod 755 /root/repro.sh'|
|0325_190051|ssh -o ConnectTimeout=1 -o 'StrictHostKeyChecking no' -p 10022 localhost '/root/repro.sh'|
|0325_190442|/var/www/html/bzimage/bzImage_1c03874e38e33c7143385ddb3734245cb713f1e0 didn't contain pv_native_set_debugreg: in dmesg, pass|
|0325_190442|git bisect good 1c03874e38e33c7143385ddb3734245cb713f1e0|
|0325_190442|nohup /root/bzimage_bisect/make_bz.sh -k /root/os.linux.intelnext.kernel -m f55fa4a6afa7dca20e7fc6229c9d9a232cf17ec0 -d /var/www/html/bzimage -o /tmp/kernel|
|0325_192100|/root/image/centos9_3.img -> /root/image/centos9_2.img|
|0325_192302|Run /var/www/html/bzimage/bzImage_f55fa4a6afa7dca20e7fc6229c9d9a232cf17ec0 with image:/root/image/centos9_2.img in local port:10022, 1 time|
|0325_192318|It takes 16 seconds to find login:test login: |
|0325_192318|Boot 1 time: takes 16 seconds to boot up.|
|0325_192318|cmd=ssh -o ConnectTimeout=1 -o 'StrictHostKeyChecking no' -p 10022 localhost 'rm -rf file*'|
|0325_192319|cmd=scp -o 'StrictHostKeyChecking no' -P 10022 /root/bzimage_bisect/repro.sh root@localhost:/root/repro.sh|
|0325_192321|cmd=scp -o 'StrictHostKeyChecking no' -P 10022 /root/syzkaller/workdir/crashes/e378d32cfbc39a03530874f432cfb44c133e062d/repro.cprog root@localhost:/root/repro.c|
|0325_192322|ssh -o ConnectTimeout=1 -o 'StrictHostKeyChecking no' -p 10022 localhost 'chmod 755 /root/repro.sh'|
|0325_192323|ssh -o ConnectTimeout=1 -o 'StrictHostKeyChecking no' -p 10022 localhost '/root/repro.sh'|
|0325_192714|/var/www/html/bzimage/bzImage_f55fa4a6afa7dca20e7fc6229c9d9a232cf17ec0 didn't contain pv_native_set_debugreg: in dmesg, pass|
|0325_192714|git bisect good f55fa4a6afa7dca20e7fc6229c9d9a232cf17ec0|
|0325_192714|nohup /root/bzimage_bisect/make_bz.sh -k /root/os.linux.intelnext.kernel -m e9db10f900930a048912ddaeb267f7061aff6388 -d /var/www/html/bzimage -o /tmp/kernel|
|0325_194254|/root/image/centos9_3.img -> /root/image/centos9_2.img|
|0325_194450|Run /var/www/html/bzimage/bzImage_e9db10f900930a048912ddaeb267f7061aff6388 with image:/root/image/centos9_2.img in local port:10022, 1 time|
|0325_194506|It takes 16 seconds to find login:test login: |
|0325_194506|Boot 1 time: takes 16 seconds to boot up.|
|0325_194506|cmd=ssh -o ConnectTimeout=1 -o 'StrictHostKeyChecking no' -p 10022 localhost 'rm -rf file*'|
|0325_194507|cmd=scp -o 'StrictHostKeyChecking no' -P 10022 /root/bzimage_bisect/repro.sh root@localhost:/root/repro.sh|
|0325_194508|cmd=scp -o 'StrictHostKeyChecking no' -P 10022 /root/syzkaller/workdir/crashes/e378d32cfbc39a03530874f432cfb44c133e062d/repro.cprog root@localhost:/root/repro.c|
|0325_194510|ssh -o ConnectTimeout=1 -o 'StrictHostKeyChecking no' -p 10022 localhost 'chmod 755 /root/repro.sh'|
|0325_194510|ssh -o ConnectTimeout=1 -o 'StrictHostKeyChecking no' -p 10022 localhost '/root/repro.sh'|
|0325_194901|/var/www/html/bzimage/bzImage_e9db10f900930a048912ddaeb267f7061aff6388 contained pv_native_set_debugreg:[   30.256580] RIP: 0010:pv_native_set_debugreg+0x76/0xe0
[   30.264524]  ? pv_native_set_debugreg+0x76/0xe0
[   30.285868] RIP: 0010:pv_native_set_debugreg+0x76/0xe0, FAIL|
|0325_194901|git bisect bad e9db10f900930a048912ddaeb267f7061aff6388|
|0325_194901|nohup /root/bzimage_bisect/make_bz.sh -k /root/os.linux.intelnext.kernel -m b5836bb877a15e9be7299d12589fac2edff6bec1 -d /var/www/html/bzimage -o /tmp/kernel|
|0325_200435|/root/image/centos9_3.img -> /root/image/centos9_2.img|
|0325_200630|Run /var/www/html/bzimage/bzImage_b5836bb877a15e9be7299d12589fac2edff6bec1 with image:/root/image/centos9_2.img in local port:10022, 1 time|
|0325_200646|It takes 16 seconds to find login:test login: |
|0325_200646|Boot 1 time: takes 16 seconds to boot up.|
|0325_200646|cmd=ssh -o ConnectTimeout=1 -o 'StrictHostKeyChecking no' -p 10022 localhost 'rm -rf file*'|
|0325_200647|cmd=scp -o 'StrictHostKeyChecking no' -P 10022 /root/bzimage_bisect/repro.sh root@localhost:/root/repro.sh|
|0325_200648|cmd=scp -o 'StrictHostKeyChecking no' -P 10022 /root/syzkaller/workdir/crashes/e378d32cfbc39a03530874f432cfb44c133e062d/repro.cprog root@localhost:/root/repro.c|
|0325_200650|ssh -o ConnectTimeout=1 -o 'StrictHostKeyChecking no' -p 10022 localhost 'chmod 755 /root/repro.sh'|
|0325_200650|ssh -o ConnectTimeout=1 -o 'StrictHostKeyChecking no' -p 10022 localhost '/root/repro.sh'|
|0325_201041|/var/www/html/bzimage/bzImage_b5836bb877a15e9be7299d12589fac2edff6bec1 contained pv_native_set_debugreg:[   23.781310] RIP: 0010:pv_native_set_debugreg+0x76/0xe0
[   23.789540]  ? pv_native_set_debugreg+0x76/0xe0
[   23.810509] RIP: 0010:pv_native_set_debugreg+0x76/0xe0, FAIL|
|0325_201041|git bisect bad b5836bb877a15e9be7299d12589fac2edff6bec1|
|0325_201041|nohup /root/bzimage_bisect/make_bz.sh -k /root/os.linux.intelnext.kernel -m a8262859b77048785d31a1bbd0603a6ab60cf585 -d /var/www/html/bzimage -o /tmp/kernel|
|0325_202616|/root/image/centos9_3.img -> /root/image/centos9_2.img|
|0325_202808|Run /var/www/html/bzimage/bzImage_a8262859b77048785d31a1bbd0603a6ab60cf585 with image:/root/image/centos9_2.img in local port:10022, 1 time|
|0325_202824|It takes 16 seconds to find login:test login: |
|0325_202824|Boot 1 time: takes 16 seconds to boot up.|
|0325_202824|cmd=ssh -o ConnectTimeout=1 -o 'StrictHostKeyChecking no' -p 10022 localhost 'rm -rf file*'|
|0325_202825|cmd=scp -o 'StrictHostKeyChecking no' -P 10022 /root/bzimage_bisect/repro.sh root@localhost:/root/repro.sh|
|0325_202827|cmd=scp -o 'StrictHostKeyChecking no' -P 10022 /root/syzkaller/workdir/crashes/e378d32cfbc39a03530874f432cfb44c133e062d/repro.cprog root@localhost:/root/repro.c|
|0325_202828|ssh -o ConnectTimeout=1 -o 'StrictHostKeyChecking no' -p 10022 localhost 'chmod 755 /root/repro.sh'|
|0325_202828|ssh -o ConnectTimeout=1 -o 'StrictHostKeyChecking no' -p 10022 localhost '/root/repro.sh'|
|0325_203219|/var/www/html/bzimage/bzImage_a8262859b77048785d31a1bbd0603a6ab60cf585 didn't contain pv_native_set_debugreg: in dmesg, pass|
|0325_203219|git bisect good a8262859b77048785d31a1bbd0603a6ab60cf585|
|0325_203219|Bisect PASS: find bad commit: b5836bb877a15e9be7299d12589fac2edff6bec1 is the first bad commit
commit b5836bb877a15e9be7299d12589fac2edff6bec1
Author: Alexander Shishkin <alexander.shishkin@linux.intel.com>
Date:   Sun Feb 18 14:00:16 2024 +0200

    perf/x86/pt: Support HW breakpoints as PT trigger sources
    
    Intel PT supports triggers from the hardware breakpoints in DR0-DR3
    registers. Add code to enable this.
    
    Signed-off-by: Alexander Shishkin <alexander.shishkin@linux.intel.com>

 arch/x86/events/intel/pt.c           | 20 +++++++++++++++++++-
 arch/x86/include/asm/hw_breakpoint.h |  1 +
 arch/x86/kernel/hw_breakpoint.c      |  9 +++++++++
 3 files changed, 29 insertions(+), 1 deletion(-)|
|0325_203219|cmd=git bisect log >> /var/www/html/bzimage/bi.log|
|0325_203219|cmd=git bisect log >> /var/www/html/bzimage/0325_160126_pv_native_set_debugreg/bisect.log|
git bisect start
# status: waiting for both good and bad commits
# bad: [428434b060f9343ebff7805a27487f472985100d] Intel Next: Add release files for v6.14 2025-03-24
git bisect bad 428434b060f9343ebff7805a27487f472985100d
# status: waiting for good commit(s), bad commit known
# good: [38fec10eb60d687e30c8c6b5420d86e8149f7557] Linux 6.14
git bisect good 38fec10eb60d687e30c8c6b5420d86e8149f7557
# good: [67c217d04207d705034b41b9f3d0b28c2dfa6ff3] Revert "Merge remote-tracking branch 'drm-intel/topic/core-for-CI' into drm-tip"
git bisect good 67c217d04207d705034b41b9f3d0b28c2dfa6ff3
# good: [1aeae2ca0b0ee4785621c3c862e61adb6d29ae64] Intel Next: Merge commit e6d5f748327beb04fc0b334738c7ccb32ebc688b from https://github.com/intel-sandbox/taosu.linux.git dmr-nis-6.14
git bisect good 1aeae2ca0b0ee4785621c3c862e61adb6d29ae64
# bad: [3332cba5c95fe9e4e79f6069d7f7b25cd5f0893a] Intel Next: Merge commit e9db10f900930a048912ddaeb267f7061aff6388 from https://github.com/intel-sandbox/linux-perf.git pttt-for-eywa
git bisect bad 3332cba5c95fe9e4e79f6069d7f7b25cd5f0893a
# good: [b6c6b212b5133bea2ec532dc60a57a47e2b48f54] Intel Next: Merge commit 310bcafffa428f8d41d0a785ca4fb154aebeeda7 from https://github.com/intel-innersource/os.linux.validation.svos-next.svos-next svos-next-pull-6.14
git bisect good b6c6b212b5133bea2ec532dc60a57a47e2b48f54
# good: [9d1c6ed62a798938a926932566bc08e42c4bcfcd] KVM: x86/pmu: Add counter bitmap in x86_pmu_capability
git bisect good 9d1c6ed62a798938a926932566bc08e42c4bcfcd
# good: [a472e6daf18f9bd34b674aef138cc4f350ae2ee2] KVM: VMX: Enable Intel PT virtualization in mediated vPMU only
git bisect good a472e6daf18f9bd34b674aef138cc4f350ae2ee2
# good: [00118071212542cb34f53d94e1ab1959824a67de] perf/x86/pt: Support PMC events as PT sources
git bisect good 00118071212542cb34f53d94e1ab1959824a67de
# good: [1c03874e38e33c7143385ddb3734245cb713f1e0] NOT_UPSTREAM: EDAC/ie31200: Add debugfs for faking MCE event
git bisect good 1c03874e38e33c7143385ddb3734245cb713f1e0
# good: [f55fa4a6afa7dca20e7fc6229c9d9a232cf17ec0] iommu/vt-d: Add debugfs files to trigger HPT fault
git bisect good f55fa4a6afa7dca20e7fc6229c9d9a232cf17ec0
# bad: [e9db10f900930a048912ddaeb267f7061aff6388] x86: Preserve DR7 setting across temporary mm
git bisect bad e9db10f900930a048912ddaeb267f7061aff6388
# bad: [b5836bb877a15e9be7299d12589fac2edff6bec1] perf/x86/pt: Support HW breakpoints as PT trigger sources
git bisect bad b5836bb877a15e9be7299d12589fac2edff6bec1
# good: [a8262859b77048785d31a1bbd0603a6ab60cf585] perf/hw_breakpoint: Add an arch hook for BP PMU initialization
git bisect good a8262859b77048785d31a1bbd0603a6ab60cf585
# first bad commit: [b5836bb877a15e9be7299d12589fac2edff6bec1] perf/x86/pt: Support HW breakpoints as PT trigger sources
|0325_203219|nohup /root/bzimage_bisect/make_bz.sh -k /root/os.linux.intelnext.kernel -m 428434b060f9343ebff7805a27487f472985100d -b b5836bb877a15e9be7299d12589fac2edff6bec1 -d /var/www/html/bzimage -o /tmp/kernel -f /var/www/html/bzimage/bzImage_428434b060f9343ebff7805a27487f472985100d_b5836bb877a15e9be7299d12589fac2edff6bec1_revert|
|0325_203247|1st base commit:38fec10eb60d687e30c8c6b5420d86e8149f7557!|
|0325_203247|FAIL|bzImage:/var/www/html/bzimage/bzImage_428434b060f9343ebff7805a27487f472985100d_b5836bb877a15e9be7299d12589fac2edff6bec1_revert does not exist:|
|0325_203247|1st base commit:38fec10eb60d687e30c8c6b5420d86e8149f7557!|
|0325_203247|ISSUE:e378d32cfbc39a03530874f432cfb44c133e062d  EMAIL status after check:Email_not_sent|
