c[?7l[2J[0mSeaBIOS (version rel-1.16.0-0-gd239552ce722-prebuilt.qemu.org)


iPXE (http://ipxe.org) 00:03.0 CA00 PCI2.10 PnP PMM+7FF91000+7FEF1000 CA00
Press Ctrl-B to configure iPXE (PCI 00:03.0)...                                                                               


Booting from ROM..c[?7l[2J[    0.000000] Linux version 7.0.0-rc3-next-20260311-next-2026031 (root@gnr-bkc) (gcc (GCC) 11.5.0 20240719 (Red Hat 11.5.0-14), GNU ld version 2.35.2-54.el9) #1 SMP PREEMPT_DYNAMIC Thu Mar 12 16:23:06 CST 2026
[    0.000000] Command line: console=ttyS0 root=/dev/sda earlyprintk=serial net.ifnames=0 thunderbolt.dyndbg
[    0.000000] KERNEL supported cpus:
[    0.000000]   Intel GenuineIntel
[    0.000000]   AMD AuthenticAMD
[    0.000000]   Hygon HygonGenuine
[    0.000000]   Centaur CentaurHauls
[    0.000000]   zhaoxin   Shanghai  
[    0.000000] x86/split lock detection: #DB: warning on user-space bus_locks
[    0.000000] BIOS-provided physical RAM map:
[    0.000000] BIOS-e820: [mem 0x0000000000000000-0x000000000009fbff]  System RAM
[    0.000000] BIOS-e820: [mem 0x000000000009fc00-0x000000000009ffff]  device reserved
[    0.000000] BIOS-e820: [gap 0x00000000000a0000-0x00000000000effff]
[    0.000000] BIOS-e820: [mem 0x00000000000f0000-0x00000000000fffff]  device reserved
[    0.000000] BIOS-e820: [mem 0x0000000000100000-0x000000007ffdffff]  System RAM
[    0.000000] BIOS-e820: [mem 0x000000007ffe0000-0x000000007fffffff]  device reserved
[    0.000000] BIOS-e820: [gap 0x0000000080000000-0x00000000feffbfff]
[    0.000000] BIOS-e820: [mem 0x00000000feffc000-0x00000000feffffff]  device reserved
[    0.000000] BIOS-e820: [gap 0x00000000ff000000-0x00000000fffbffff]
[    0.000000] BIOS-e820: [mem 0x00000000fffc0000-0x00000000ffffffff]  device reserved
[    0.000000] printk: legacy bootconsole [earlyser0] enabled
[    0.000000] NX (Execute Disable) protection: active
[    0.000000] APIC: Static calls initialized
[    0.000000] SMBIOS 2.8 present.
[    0.000000] DMI: QEMU Standard PC (i440FX + PIIX, 1996), BIOS rel-1.16.0-0-gd239552ce722-prebuilt.qemu.org 04/01/2014
[    0.000000] DMI: Memory slots populated: 1/1
[    0.000000] Hypervisor detected: KVM
[    0.000000] last_pfn = 0x7ffe0 max_arch_pfn = 0x10000000000
[    0.000000] kvm-clock: Using msrs 4b564d01 and 4b564d00
[    0.000003] kvm-clock: using sched offset of 676374942 cycles
[    0.000532] clocksource: kvm-clock: mask: 0xffffffffffffffff max_cycles: 0x1cd42e4dffb, max_idle_ns: 881590591483 ns
[    0.002161] tsc: Detected 1700.000 MHz processor
[    0.010575] last_pfn = 0x7ffe0 max_arch_pfn = 0x10000000000
[    0.011172] MTRR map: 4 entries (3 fixed + 1 variable; max 19), built from 8 variable MTRRs
[    0.012010] x86/PAT: Configuration [0-7]: WB  WC  UC- UC  WB  WP  UC- WT  
[    0.017806] found SMP MP-table at [mem 0x000f5ba0-0x000f5baf]
[    0.018415] Using GB pages for direct mapping
[    0.021058] ACPI: Early table checksum verification disabled
[    0.021626] ACPI: RSDP 0x00000000000F59C0 000014 (v00 BOCHS )
[    0.022219] ACPI: RSDT 0x000000007FFE1951 000034 (v01 BOCHS  BXPC     00000001 BXPC 00000001)
[    0.023094] ACPI: FACP 0x000000007FFE17FD 000074 (v01 BOCHS  BXPC     00000001 BXPC 00000001)
[    0.023976] ACPI: DSDT 0x000000007FFE0040 0017BD (v01 BOCHS  BXPC     00000001 BXPC 00000001)
[    0.024849] ACPI: FACS 0x000000007FFE0000 000040
[    0.025326] ACPI: APIC 0x000000007FFE1871 000080 (v01 BOCHS  BXPC     00000001 BXPC 00000001)
[    0.026199] ACPI: HPET 0x000000007FFE18F1 000038 (v01 BOCHS  BXPC     00000001 BXPC 00000001)
[    0.027072] ACPI: WAET 0x000000007FFE1929 000028 (v01 BOCHS  BXPC     00000001 BXPC 00000001)
[    0.027939] ACPI: Reserving FACP table memory at [mem 0x7ffe17fd-0x7ffe1870]
[    0.028647] ACPI: Reserving DSDT table memory at [mem 0x7ffe0040-0x7ffe17fc]
[    0.029357] ACPI: Reserving FACS table memory at [mem 0x7ffe0000-0x7ffe003f]
[    0.030066] ACPI: Reserving APIC table memory at [mem 0x7ffe1871-0x7ffe18f0]
[    0.030779] ACPI: Reserving HPET table memory at [mem 0x7ffe18f1-0x7ffe1928]
[    0.031483] ACPI: Reserving WAET table memory at [mem 0x7ffe1929-0x7ffe1950]
[    0.033088] No NUMA configuration found
[    0.033475] Faking a node at [mem 0x0000000000000000-0x000000007ffdffff]
[    0.034195] NODE_DATA(0) allocated [mem 0x7ffb4c00-0x7ffdfcbf]
[    0.090590] KernelAddressSanitizer initialized (generic)
[    0.091447] ACPI: PM-Timer IO Port: 0x608
[    0.091881] ACPI: LAPIC_NMI (acpi_id[0xff] dfl dfl lint[0x1])
[    0.092516] IOAPIC[0]: apic_id 0, version 17, address 0xfec00000, GSI 0-23
[    0.093228] ACPI: INT_SRC_OVR (bus 0 bus_irq 0 global_irq 2 dfl dfl)
[    0.093876] ACPI: INT_SRC_OVR (bus 0 bus_irq 5 global_irq 5 high level)
[    0.094542] ACPI: INT_SRC_OVR (bus 0 bus_irq 9 global_irq 9 high level)
[    0.095211] ACPI: INT_SRC_OVR (bus 0 bus_irq 10 global_irq 10 high level)
[    0.095901] ACPI: INT_SRC_OVR (bus 0 bus_irq 11 global_irq 11 high level)
[    0.096599] ACPI: Using ACPI (MADT) for SMP configuration information
[    0.097249] ACPI: HPET id: 0x8086a201 base: 0xfed00000
[    0.097775] TSC deadline timer available
[    0.098178] CPU topo: Max. logical packages:   1
[    0.098645] CPU topo: Max. logical nodes:      1
[    0.099115] CPU topo: Num. nodes per package:  1
[    0.099579] CPU topo: Max. logical dies:       1
[    0.100046] CPU topo: Max. dies per package:   1
[    0.100521] CPU topo: Max. threads per core:   1
[    0.101005] CPU topo: Num. cores per package:     2
[    0.101496] CPU topo: Num. threads per package:   2
[    0.101988] CPU topo: Allowing 2 present CPUs plus 0 hotplug CPUs
[    0.102647] kvm-guest: APIC: eoi() replaced with kvm_guest_apic_eoi_write()
[    0.103378] kvm-guest: KVM setup pv remote TLB flush
[    0.103879] kvm-guest: setup PV sched yield
[    0.104344] PM: hibernation: Registered nosave memory: [mem 0x00000000-0x00000fff]
[    0.105107] PM: hibernation: Registered nosave memory: [mem 0x0009f000-0x000fffff]
[    0.105873] [gap 0x80000000-0xfeffbfff] available for PCI devices
[    0.106487] Booting paravirtualized kernel on KVM
[    0.106970] clocksource: refined-jiffies: mask: 0xffffffff max_cycles: 0xffffffff, max_idle_ns: 7645519600211568 ns
[    0.108479] Section 13 and 15 (node 0) have a circular dependency on usemap and pgdat allocations
[    0.109406] Zone ranges:
[    0.109665]   DMA      [mem 0x0000000000001000-0x0000000000ffffff]
[    0.110295]   DMA32    [mem 0x0000000001000000-0x000000007ffdffff]
[    0.110924]   Normal   empty
[    0.111222]   Device   empty
[    0.111519] Movable zone start for each node
[    0.111964] Early memory node ranges
[    0.112327]   node   0: [mem 0x0000000000001000-0x000000000009efff]
[    0.112958]   node   0: [mem 0x0000000000100000-0x000000007ffdffff]
[    0.113593] Initmem setup node 0 [mem 0x0000000000001000-0x000000007ffdffff]
[    0.114597] On node 0, zone DMA: 1 pages in unavailable ranges
[    0.115383] On node 0, zone DMA: 97 pages in unavailable ranges
[    0.144127] On node 0, zone DMA32: 32 pages in unavailable ranges
[    0.144766] setup_percpu: NR_CPUS:8192 nr_cpumask_bits:2 nr_cpu_ids:2 nr_node_ids:1
[    0.146030] percpu: Embedded 81 pages/cpu s294912 r8192 d28672 u1048576
[    0.146884] kvm-guest: PV spinlocks enabled
[    0.147316] PV qspinlock hash table entries: 256 (order: 0, 4096 bytes, linear)
[    0.148068] Kernel command line: net.ifnames=0 console=ttyS0 root=/dev/sda earlyprintk=serial net.ifnames=0 thunderbolt.dyndbg
[    0.149489] random: crng init done
[    0.149839] printk: log buffer data + meta data: 262144 + 1114112 = 1376256 bytes
[    0.151001] Dentry cache hash table entries: 262144 (order: 9, 2097152 bytes, linear)
[    0.152154] Inode-cache hash table entries: 131072 (order: 8, 1048576 bytes, linear)
[    0.153218] Fallback order for Node 0: 0 
[    0.153229] Built 1 zonelists, mobility grouping on.  Total pages: 524158
[    0.154282] Policy zone: DMA32
[    0.154584] mem auto-init: stack:off, heap alloc:off, heap free:off
[    0.155197] stackdepot: allocating hash table via alloc_large_system_hash
[    0.155868] stackdepot hash table entries: 1048576 (order: 12, 16777216 bytes, linear)
[    0.159666] stackdepot: allocating space for 8192 stack pools via memblock
[    0.196843] SLUB: HWalign=64, Order=0-3, MinObjects=0, CPUs=2, Nodes=1
[    0.197488] kmemleak: Kernel memory leak detector disabled
[    0.234020] ftrace: allocating 75959 entries in 300 pages
[    0.234539] ftrace: allocated 300 pages with 4 groups
[    0.237760] Dynamic Preempt: lazy
[    0.238666] Running RCU self tests
[    0.238998] Running RCU synchronous self tests
[    0.239426] rcu: Preemptible hierarchical RCU implementation.
[    0.239977] rcu: 	RCU lockdep checking is enabled.
[    0.240437] rcu: 	RCU restricting CPUs from NR_CPUS=8192 to nr_cpu_ids=2.
[    0.241085] 	Trampoline variant of Tasks RCU enabled.
[    0.241565] 	Rude variant of Tasks RCU enabled.
[    0.242000] 	Tracing variant of Tasks RCU enabled.
[    0.242458] rcu: RCU calculated value of scheduler-enlistment delay is 25 jiffies.
[    0.243180] rcu: Adjusting geometry for rcu_fanout_leaf=16, nr_cpu_ids=2
[    0.243905] Running RCU synchronous self tests
[    0.244332] RCU Tasks: Setting shift to 1 and lim to 1 rcu_task_cb_adjust=1 rcu_task_cpu_ids=2.
[    0.245168] RCU Tasks Rude: Setting shift to 1 and lim to 1 rcu_task_cb_adjust=1 rcu_task_cpu_ids=2.
[    0.316903] NR_IRQS: 524544, nr_irqs: 440, preallocated irqs: 16
[    0.318052] rcu: srcu_init: Setting srcu_struct sizes based on contention.
[    0.327625] Console: colour VGA+ 80x25
[    0.328072] printk: legacy console [ttyS0] enabled
[    0.328072] printk: legacy console [ttyS0] enabled
[    0.329022] printk: legacy bootconsole [earlyser0] disabled
[    0.329022] printk: legacy bootconsole [earlyser0] disabled
[    0.330139] Lock dependency validator: Copyright (c) 2006 Red Hat, Inc., Ingo Molnar
[    0.330911] ... MAX_LOCKDEP_SUBCLASSES:  8
[    0.331329] ... MAX_LOCK_DEPTH:          48
[    0.331759] ... MAX_LOCKDEP_KEYS:        8192
[    0.332204] ... CLASSHASH_SIZE:          4096
[    0.332646] ... MAX_LOCKDEP_ENTRIES:     32768
[    0.333099] ... MAX_LOCKDEP_CHAINS:      65536
[    0.333550] ... CHAINHASH_SIZE:          32768
[    0.334005]  memory used by lock dependency info: 6429 kB
[    0.334545]  memory used for stack traces: 4224 kB
[    0.335031]  per task-struct memory footprint: 1920 bytes
[    0.336103] ACPI: Core revision 20251212
[    0.337064] clocksource: hpet: mask: 0xffffffff max_cycles: 0xffffffff, max_idle_ns: 19112604467 ns
[    0.338153] APIC: Switch to symmetric I/O mode setup
[    0.338869] x2apic enabled
[    0.339549] APIC: Switched APIC routing to: physical x2apic
[    0.340116] kvm-guest: APIC: send_IPI_mask() replaced with kvm_send_ipi_mask()
[    0.340856] kvm-guest: APIC: send_IPI_mask_allbutself() replaced with kvm_send_ipi_mask_allbutself()
[    0.341775] kvm-guest: setup PV IPIs
[    0.343450] ..TIMER: vector=0x30 apic1=0 pin1=2 apic2=-1 pin2=-1
[    0.344083] clocksource: tsc-early: mask: 0xffffffffffffffff max_cycles: 0x1881273ac8e, max_idle_ns: 440795257284 ns
[    0.345149] Calibrating delay loop (skipped) preset value.. 3400.00 BogoMIPS (lpj=6800000)
[    0.349216] x86/cpu: User Mode Instruction Prevention (UMIP) activated
[    0.349980] Last level iTLB entries: 4KB 0, 2MB 0, 4MB 0
[    0.350514] Last level dTLB entries: 4KB 0, 2MB 0, 4MB 0, 1GB 0
[    0.351133] mitigations: Enabled attack vectors: user_kernel, user_user, guest_host, guest_guest, SMT mitigations: auto
[    0.352222] Speculative Store Bypass: Mitigation: Speculative Store Bypass disabled via prctl
[    0.353069] Spectre V2 : Mitigation: Enhanced / Automatic IBRS
[    0.353139] ITS: Mitigation: Aligned branch/return thunks
[    0.353685] Spectre V1 : Mitigation: usercopy/swapgs barriers and __user pointer sanitization
[    0.354533] Spectre V2 : WARNING: Unprivileged eBPF is enabled with eIBRS on, data leaks possible via Spectre v2 BHB attacks!
[    0.355653] Spectre V2 : Spectre v2 / PBRSB-eIBRS: Retire a single CALL on VMEXIT
[    0.356410] Spectre V2 : mitigation: Enabling conditional Indirect Branch Prediction Barrier
[    0.357143] active return thunk: its_return_thunk
[    0.357628] Spectre V2 : Spectre BHI mitigation: SW BHB clearing on syscall and VM exit
[    0.358480] x86/fpu: Supporting XSAVE feature 0x001: 'x87 floating point registers'
[    0.359256] x86/fpu: Supporting XSAVE feature 0x002: 'SSE registers'
[    0.359901] x86/fpu: Supporting XSAVE feature 0x004: 'AVX registers'
[    0.361142] x86/fpu: Supporting XSAVE feature 0x020: 'AVX-512 opmask'
[    0.361812] x86/fpu: Supporting XSAVE feature 0x040: 'AVX-512 Hi256'
[    0.362461] x86/fpu: Supporting XSAVE feature 0x080: 'AVX-512 ZMM_Hi256'
[    0.363148] x86/fpu: Supporting XSAVE feature 0x200: 'Protection Keys User registers'
[    0.363946] x86/fpu: Supporting XSAVE feature 0x20000: 'AMX Tile config'
[    0.364632] x86/fpu: Supporting XSAVE feature 0x40000: 'AMX Tile data'
[    0.365139] x86/fpu: xstate_offset[2]:  576, xstate_sizes[2]:  256
[    0.365775] x86/fpu: xstate_offset[5]:  832, xstate_sizes[5]:   64
[    0.366409] x86/fpu: xstate_offset[6]:  896, xstate_sizes[6]:  512
[    0.367048] x86/fpu: xstate_offset[7]: 1408, xstate_sizes[7]: 1024
[    0.367686] x86/fpu: xstate_offset[9]: 2432, xstate_sizes[9]:    8
[    0.368318] x86/fpu: xstate_offset[17]: 2496, xstate_sizes[17]:   64
[    0.369139] x86/fpu: xstate_offset[18]: 2560, xstate_sizes[18]: 8192
[    0.369795] x86/fpu: Enabled xstate features 0x602e7, context size is 10752 bytes, using 'compacted' format.
[    0.519341] Freeing SMP alternatives memory: 64K
[    0.519846] pid_max: default: 32768 minimum: 301
[    0.520798] Yama: becoming mindful.
[    0.521630] Mount-cache hash table entries: 4096 (order: 3, 32768 bytes, linear)
[    0.522395] Mountpoint-cache hash table entries: 4096 (order: 3, 32768 bytes, linear)
[    0.523875] VFS: Finished mounting rootfs on nullfs
[    0.525744] Running RCU synchronous self tests
[    0.526207] Running RCU synchronous self tests
[    0.527023] smpboot: CPU0: Intel(R) Xeon(R) Gold 6414TDX (family: 0x6, model: 0x8f, stepping: 0x6)
[    0.528769] Performance Events: PEBS fmt0-, Sapphire Rapids events, full-width counters, Intel PMU driver.
[    0.529135] ... version:                   2
[    0.529135] ... bit width:                 48
[    0.529135] ... generic counters:          8
[    0.529151] ... generic bitmap:            00000000000000ff
[    0.529717] ... fixed-purpose counters:    4
[    0.530154] ... fixed-purpose bitmap:      000000000000000f
[    0.530721] ... value mask:                0000ffffffffffff
[    0.531286] ... max period:                00007fffffffffff
[    0.531850] ... global_ctrl mask:          0000000f000000ff
[    0.532935] signal: max sigframe size: 11952
[    0.533286] rcu: Hierarchical SRCU implementation.
[    0.533783] rcu: 	Max phase no-delay instances is 1000.
[    0.534542] Timer migration: 1 hierarchy levels; 8 children per group; 1 crossnode level
[    0.556391] smp: Bringing up secondary CPUs ...
[    0.557522] smpboot: x86: Booting SMP configuration:
[    0.558046] .... node  #0, CPUs:      #1
[    0.558310] smp: Brought up 1 node, 2 CPUs
[    0.558310] smpboot: Total of 2 processors activated (6800.00 BogoMIPS)
[    0.561562] Memory: 1588768K/2096632K available (81629K kernel code, 16450K rwdata, 19004K rodata, 16580K init, 21856K bss, 495492K reserved, 0K cma-reserved)
[    0.563695] devtmpfs: initialized
[    0.565247] x86/mm: Memory block size: 128MB
[    0.577802] Running RCU synchronous self tests
[    0.578290] Running RCU synchronous self tests
[    0.578869] Running RCU Tasks wait API self tests
[    0.578869] Running RCU Tasks Rude wait API self tests
[    0.578869] Running RCU Tasks Trace wait API self tests
[    0.578869] clocksource: jiffies: mask: 0xffffffff max_cycles: 0xffffffff, max_idle_ns: 7645041785100000 ns
[    0.581197] posixtimers hash table entries: 1024 (order: 5, 73728 bytes, linear)
[    0.582010] futex hash table entries: 512 (65536 bytes on 1 NUMA nodes, total 64 KiB, linear).
[    0.584953] 
[    0.585123] *************************************************************
[    0.585178] **     NOTICE NOTICE NOTICE NOTICE NOTICE NOTICE NOTICE    **
[    0.585865] **                                                         **
[    0.586556] **  IOMMU DebugFS SUPPORT HAS BEEN ENABLED IN THIS KERNEL  **
[    0.587247] **                                                         **
[    0.587936] ** This means that this kernel is built to expose internal **
[    0.588615] ** IOMMU data structures, which may compromise security on **
[    0.589178] ** your system.                                            **
[    0.589864] **                                                         **
[    0.590544] ** If you see this message and you are not debugging the   **
[    0.591228] ** kernel, report this immediately to your vendor!         **
[    0.591910] **                                                         **
[    0.592588] **     NOTICE NOTICE NOTICE NOTICE NOTICE NOTICE NOTICE    **
[    0.593153] *************************************************************
[    0.593925] PM: RTC time: 08:24:30, date: 2026-03-12
[    0.596995] NET: Registered PF_NETLINK/PF_ROUTE protocol family
[    0.598912] DMA: preallocated 256 KiB GFP_KERNEL|GFP_DMA pool for atomic allocations
[    0.599722] DMA: preallocated 256 KiB GFP_KERNEL|GFP_DMA32 pool for atomic allocations
[    0.600624] audit: initializing netlink subsys (disabled)
[    0.601242] audit: type=2000 audit(1773303871.018:1): state=initialized audit_enabled=0 res=1
[    0.603101] thermal_sys: Registered thermal governor 'fair_share'
[    0.603110] thermal_sys: Registered thermal governor 'bang_bang'
[    0.603746] thermal_sys: Registered thermal governor 'step_wise'
[    0.604363] thermal_sys: Registered thermal governor 'user_space'
[    0.605199] Callback from call_rcu_tasks_trace() invoked.
[    0.606387] cpuidle: using governor ladder
[    0.606835] cpuidle: using governor menu
[    0.606835] acpiphp: ACPI Hot Plug PCI Controller Driver version: 0.5
[    0.610010] PCI: Using configuration type 1 for base access
[    0.610785] virt/tdx: TDX not supported by the host platform
[    0.611493] kprobes: kprobe jump-optimization is enabled. All kprobes are optimized if possible.
[    0.617264] HugeTLB: registered 1.00 GiB page size, pre-allocated 0 pages
[    0.617971] HugeTLB: 16380 KiB vmemmap can be freed for a 1.00 GiB page
[    0.618640] HugeTLB: registered 2.00 MiB page size, pre-allocated 0 pages
[    0.619322] HugeTLB: 28 KiB vmemmap can be freed for a 2.00 MiB page
[    0.663266] ACPI: Added _OSI(Module Device)
[    0.663713] ACPI: Added _OSI(Processor Device)
[    0.664211] ACPI: Added _OSI(Processor Aggregator Device)
[    0.706543] ACPI: 1 ACPI AML tables successfully acquired and loaded
[    0.757163] ACPI: \_SB_: platform _OSC: OS support mask [002e7eff]
[    0.760561] ACPI: Interpreter enabled
[    0.761097] ACPI: PM: (supports S0 S3 S4 S5)
[    0.761142] ACPI: Using IOAPIC for interrupt routing
[    0.765143] PCI: Using host bridge windows from ACPI; if necessary, use "pci=nocrs" and report a bug
[    0.765143] PCI: Using E820 reservations for host bridge windows
[    0.765143] ACPI: Enabled 2 GPEs in block 00 to 0F
[    0.826063] ACPI: PCI Root Bridge [PCI0] (domain 0000 [bus 00-ff])
[    0.826737] acpi PNP0A03:00: _OSC: OS supports [ASPM ClockPM Segments MSI EDR HPX-Type3]
[    0.827569] acpi PNP0A03:00: _OSC: not requesting OS control; OS requires [ExtendedConfig ASPM ClockPM MSI]
[    0.828625] acpi PNP0A03:00: _OSC: platform retains control of PCIe features (AE_ERROR)
[    0.829251] acpi PNP0A03:00: fail to add MMCONFIG information, can't access extended configuration space under this bridge
[    0.835558] acpiphp: Slot [3] registered
[    0.836130] acpiphp: Slot [4] registered
[    0.836682] acpiphp: Slot [5] registered
[    0.837235] acpiphp: Slot [6] registered
[    0.837788] acpiphp: Slot [7] registered
[    0.838364] acpiphp: Slot [8] registered
[    0.838931] acpiphp: Slot [9] registered
[    0.839482] acpiphp: Slot [10] registered
[    0.840035] acpiphp: Slot [11] registered
[    0.840589] acpiphp: Slot [12] registered
[    0.841143] acpiphp: Slot [13] registered
[    0.841699] acpiphp: Slot [14] registered
[    0.842263] acpiphp: Slot [15] registered
[    0.842816] acpiphp: Slot [16] registered
[    0.843368] acpiphp: Slot [17] registered
[    0.843928] acpiphp: Slot [18] registered
[    0.844480] acpiphp: Slot [19] registered
[    0.845035] acpiphp: Slot [20] registered
[    0.845287] acpiphp: Slot [21] registered
[    0.845842] acpiphp: Slot [22] registered
[    0.846396] acpiphp: Slot [23] registered
[    0.846956] acpiphp: Slot [24] registered
[    0.847510] acpiphp: Slot [25] registered
[    0.848064] acpiphp: Slot [26] registered
[    0.848617] acpiphp: Slot [27] registered
[    0.849223] acpiphp: Slot [28] registered
[    0.849788] acpiphp: Slot [29] registered
[    0.850357] acpiphp: Slot [30] registered
[    0.850909] acpiphp: Slot [31] registered
[    0.851384] PCI host bridge to bus 0000:00
[    0.851868] pci_bus 0000:00: root bus resource [io  0x0000-0x0cf7 window]
[    0.852556] pci_bus 0000:00: root bus resource [io  0x0d00-0xffff window]
[    0.853149] pci_bus 0000:00: root bus resource [mem 0x000a0000-0x000bffff window]
[    0.853901] pci_bus 0000:00: root bus resource [mem 0x80000000-0xfebfffff window]
[    0.854657] pci_bus 0000:00: root bus resource [mem 0x100000000-0x17fffffff window]
[    0.855430] pci_bus 0000:00: root bus resource [bus 00-ff]
[    0.856091] pci 0000:00:00.0: [8086:1237] type 00 class 0x060000 conventional PCI endpoint
[    0.866894] pci 0000:00:01.0: [8086:7000] type 00 class 0x060100 conventional PCI endpoint
[    0.869268] pci 0000:00:01.1: [8086:7010] type 00 class 0x010180 conventional PCI endpoint
[    0.870703] pci 0000:00:01.1: BAR 4 [io  0xc040-0xc04f]
[    0.871271] pci 0000:00:01.1: BAR 0 [io  0x01f0-0x01f7]: legacy IDE quirk
[    0.871955] pci 0000:00:01.1: BAR 1 [io  0x03f6]: legacy IDE quirk
[    0.872588] pci 0000:00:01.1: BAR 2 [io  0x0170-0x0177]: legacy IDE quirk
[    0.873145] pci 0000:00:01.1: BAR 3 [io  0x0376]: legacy IDE quirk
[    0.874350] pci 0000:00:01.3: [8086:7113] type 00 class 0x068000 conventional PCI endpoint
[    0.875508] pci 0000:00:01.3: quirk: [io  0x0600-0x063f] claimed by PIIX4 ACPI
[    0.876245] pci 0000:00:01.3: quirk: [io  0x0700-0x070f] claimed by PIIX4 SMB
[    0.877583] pci 0000:00:02.0: [1234:1111] type 00 class 0x030000 conventional PCI endpoint
[    0.879454] pci 0000:00:02.0: BAR 0 [mem 0xfd000000-0xfdffffff pref]
[    0.880126] pci 0000:00:02.0: BAR 2 [mem 0xfebf0000-0xfebf0fff]
[    0.880746] pci 0000:00:02.0: ROM [mem 0xfebe0000-0xfebeffff pref]
[    0.881251] pci 0000:00:02.0: Video device with shadowed ROM at [mem 0x000c0000-0x000dffff]
[    0.891438] pci 0000:00:03.0: [8086:100e] type 00 class 0x020000 conventional PCI endpoint
[    0.893116] pci 0000:00:03.0: BAR 0 [mem 0xfebc0000-0xfebdffff]
[    0.893150] pci 0000:00:03.0: BAR 1 [io  0xc000-0xc03f]
[    0.893710] pci 0000:00:03.0: ROM [mem 0xfeb80000-0xfebbffff pref]
[    0.918986] ACPI: PCI: Interrupt link LNKA configured for IRQ 10
[    0.920646] ACPI: PCI: Interrupt link LNKB configured for IRQ 10
[    0.922152] ACPI: PCI: Interrupt link LNKC configured for IRQ 11
[    0.923765] ACPI: PCI: Interrupt link LNKD configured for IRQ 11
[    0.924797] ACPI: PCI: Interrupt link LNKS configured for IRQ 9
[    0.927813] iommu: Default domain type: Translated
[    0.928315] iommu: DMA domain TLB invalidation policy: lazy mode
[    0.933386] SCSI subsystem initialized
[    0.937572] ACPI: bus type USB registered
[    0.938223] usbcore: registered new interface driver usbfs
[    0.938881] usbcore: registered new interface driver hub
[    0.939481] usbcore: registered new device driver usb
[    0.940346] pps_core: LinuxPPS API ver. 1 registered
[    0.940850] pps_core: Software ver. 5.3.6 - Copyright 2005-2007 Rodolfo Giometti <giometti@linux.it>
[    0.941170] PTP clock support registered
[    0.942005] EDAC MC: Ver: 3.0.0
[    0.947387] NetLabel: Initializing
[    0.947757] NetLabel:  domain hash size = 128
[    0.948201] NetLabel:  protocols = UNLABELED CIPSOv4 CALIPSO
[    0.948907] NetLabel:  unlabeled traffic allowed by default
[    0.949689] PCI: Using ACPI for IRQ routing
[    0.950216] e820: register RAM buffer resource [mem 0x0009fc00-0x0009ffff]
[    0.950921] e820: register RAM buffer resource [mem 0x7ffe0000-0x7fffffff]
[    0.951902] pci 0000:00:02.0: vgaarb: setting as boot VGA device
[    0.952516] pci 0000:00:02.0: vgaarb: bridge control possible
[    0.953099] pci 0000:00:02.0: vgaarb: VGA device added: decodes=io+mem,owns=io+mem,locks=none
[    0.953145] vgaarb: loaded
[    0.961295] hpet0: at MMIO 0xfed00000, IRQs 2, 8, 0
[    0.961827] hpet0: 3 comparators, 64-bit 100.000000 MHz counter
[    0.966391] clocksource: Switched to clocksource kvm-clock
[    0.968524] VFS: Disk quotas dquot_6.6.0
[    0.968999] VFS: Dquot-cache hash table entries: 512 (order 0, 4096 bytes)
[    0.971861] pnp: PnP ACPI init
[    0.976297] pnp: PnP ACPI: found 5 devices
[    0.997980] clocksource: acpi_pm: mask: 0xffffff max_cycles: 0xffffff, max_idle_ns: 2085701024 ns
[    0.999519] NET: Registered PF_INET protocol family
[    1.000179] IP idents hash table entries: 32768 (order: 6, 262144 bytes, linear)
[    1.002350] tcp_listen_portaddr_hash hash table entries: 1024 (order: 5, 73728 bytes, linear)
[    1.003322] Table-perturb hash table entries: 65536 (order: 6, 262144 bytes, linear)
[    1.004185] TCP established hash table entries: 16384 (order: 5, 131072 bytes, linear)
[    1.005321] TCP bind hash table entries: 16384 (order: 10, 2359296 bytes, linear)
[    1.007241] TCP: Hash tables configured (established 16384 bind 16384)
[    1.008045] UDP hash table entries: 1024 (order: 6, 262144 bytes, linear)
[    1.008804] UDP-Lite hash table entries: 1024 (order: 6, 262144 bytes, linear)
[    1.009932] NET: Registered PF_UNIX/PF_LOCAL protocol family
[    1.012618] RPC: Registered named UNIX socket transport module.
[    1.013266] RPC: Registered udp transport module.
[    1.013786] RPC: Registered tcp transport module.
[    1.014273] RPC: Registered tcp-with-tls transport module.
[    1.014838] RPC: Registered tcp NFSv4.1 backchannel transport module.
[    1.015515] pci_bus 0000:00: resource 4 [io  0x0000-0x0cf7 window]
[    1.016142] pci_bus 0000:00: resource 5 [io  0x0d00-0xffff window]
[    1.016765] pci_bus 0000:00: resource 6 [mem 0x000a0000-0x000bffff window]
[    1.017461] pci_bus 0000:00: resource 7 [mem 0x80000000-0xfebfffff window]
[    1.018152] pci_bus 0000:00: resource 8 [mem 0x100000000-0x17fffffff window]
[    1.019228] pci 0000:00:01.0: PIIX3: Enabling Passive Release
[    1.019817] pci 0000:00:00.0: Limiting direct PCI/PCI transfers
[    1.020505] PCI: CLS 0 bytes, default 64
[    1.021024] ACPI: bus type thunderbolt registered
[    1.021904] clocksource: tsc: mask: 0xffffffffffffffff max_cycles: 0x1881273ac8e, max_idle_ns: 440795257284 ns
[    1.023965] sgx: There are zero EPC sections.
[    1.033663] Initialise system trusted keyrings
[    1.034255] Key type blacklist registered
[    1.036187] workingset: timestamp_bits=36 (anon: 32) max_order=19 bucket_order=0 (anon: 0)
[    1.039767] squashfs: version 4.0 (2009/01/31) Phillip Lougher
[    1.042687] NFS: Registering the id_resolver key type
[    1.043234] Key type id_resolver registered
[    1.043666] Key type id_legacy registered
[    1.044125] nfs4filelayout_init: NFSv4 File Layout Driver Registering...
[    1.044822] nfs4flexfilelayout_init: NFSv4 Flexfile Layout Driver Registering...
[    1.045876] fuse: init (API version 7.45)
[    1.046964] SGI XFS with ACLs, security attributes, realtime, quota, no debug enabled
[    1.051283] 9p: Installing v9fs 9p2000 file system support
[    1.065182] Key type asymmetric registered
[    1.065619] Asymmetric key parser 'x509' registered
[    1.066262] Block layer SCSI generic (bsg) driver version 0.4 loaded (major 241)
[    1.067946] io scheduler mq-deadline registered
[    1.068550] io scheduler bfq registered
[    1.070526] ledtrig-cpu: registered to indicate activity on CPUs
[    1.072774] IPMI message handler: version 39.2
[    1.073328] ipmi device interface
[    1.076192] input: Power Button as /devices/platform/LNXPWRBN:00/input/input0
[    1.077313] ACPI: button: Power Button [PWRF]
[    1.080365] ERST DBG: ERST support is disabled.
[    1.082328] Serial: 8250/16550 driver, 32 ports, IRQ sharing enabled
[    1.084300] 00:04: ttyS0 at I/O 0x3f8 (irq = 4, base_baud = 115200) is a 16550A
[    1.116375] Linux agpgart interface v0.103
[    1.119545] ACPI: bus type drm_connector registered
[    1.147076] brd: module loaded
[    1.164243] loop: module loaded
[    1.176812] scsi host0: ata_piix
[    1.179216] scsi host1: ata_piix
[    1.180150] ata1: PATA max MWDMA2 cmd 0x1f0 ctl 0x3f6 bmdma 0xc040 irq 14 lpm-pol 0
[    1.180956] ata2: PATA max MWDMA2 cmd 0x170 ctl 0x376 bmdma 0xc048 irq 15 lpm-pol 0
[    1.184862] tun: Universal TUN/TAP device driver, 1.6
[    1.185767] e100: Intel(R) PRO/100 Network Driver
[    1.186251] e100: Copyright(c) 1999-2006 Intel Corporation
[    1.187033] e1000: Intel(R) PRO/1000 Network Driver
[    1.187589] e1000: Copyright (c) 1999-2006 Intel Corporation.
[    1.339925] ata1: found unknown device (class 0)
[    1.340998] ata1.00: Model 'QEMU HARDDISK', rev '2.5+', applying quirks: bridgeok
[    1.341783] ata1.00: ATA-7: QEMU HARDDISK, 2.5+, max UDMA/100
[    1.342425] ata1.00: 17196647 sectors, multi 16: LBA48 
[    1.343253] ata2: found unknown device (class 0)
[    1.344162] ata2.00: ATAPI: QEMU DVD-ROM, 2.5+, max UDMA/100
[    1.346295] scsi 0:0:0:0: Direct-Access     ATA      QEMU HARDDISK    2.5+ PQ: 0 ANSI: 5
[    1.350692] scsi 0:0:0:0: Attached scsi generic sg0 type 0
[    1.352121] sd 0:0:0:0: [sda] 17196647 512-byte logical blocks: (8.80 GB/8.20 GiB)
[    1.355288] scsi 1:0:0:0: CD-ROM            QEMU     QEMU DVD-ROM     2.5+ PQ: 0 ANSI: 5
[    1.357504] sd 0:0:0:0: [sda] Write Protect is off
[    1.358086] sd 0:0:0:0: [sda] Write cache: enabled, read cache: enabled, doesn't support DPO or FUA
[    1.360689] sd 0:0:0:0: [sda] Preferred minimum I/O size 512 bytes
[    1.377318] scsi 1:0:0:0: Attached scsi generic sg1 type 5
[    1.394503] sd 0:0:0:0: [sda] Attached SCSI disk
[    2.030616] ACPI: \_SB_.LNKC: Enabled at IRQ 11
[    2.347149] e1000 0000:00:03.0 eth0: (PCI:33MHz:32-bit) 52:54:00:12:34:56
[    2.347902] e1000 0000:00:03.0 eth0: Intel(R) PRO/1000 Network Connection
[    2.348790] e1000e: Intel(R) PRO/1000 Network Driver
[    2.349302] e1000e: Copyright(c) 1999 - 2015 Intel Corporation.
[    2.350081] igb: Intel(R) Gigabit Ethernet Network Driver
[    2.350662] igb: Copyright (c) 2007-2014 Intel Corporation.
[    2.351635] PPP generic driver version 2.4.2
[    2.352924] VFIO - User Level meta-driver version: 0.3
[    2.356143] usbcore: registered new interface driver uas
[    2.356849] usbcore: registered new interface driver usb-storage
[    2.357745] i8042: PNP: PS/2 Controller [PNP0303:KBD,PNP0f13:MOU] at 0x60,0x64 irq 1,12
[    2.359645] serio: i8042 KBD port at 0x60,0x64 irq 1
[    2.360259] serio: i8042 AUX port at 0x60,0x64 irq 12
[    2.362129] mousedev: PS/2 mouse device common for all mice
[    2.364322] rtc_cmos PNP0B00:00: RTC can wake from S4
[    2.366818] rtc_cmos PNP0B00:00: registered as rtc0
[    2.367421] rtc_cmos PNP0B00:00: setting system clock to 2026-03-12T08:24:32 UTC (1773303872)
[    2.368654] rtc_cmos PNP0B00:00: alarms up to one day, y3k, 242 bytes nvram, hpet irqs
[    2.369523] i2c_dev: i2c /dev entries driver
[    2.370103] device-mapper: core: CONFIG_IMA_DISABLE_HTABLE is disabled. Duplicate IMA measurements will not be recorded in the IMA log.
[    2.371431] device-mapper: uevent: version 1.0.3
[    2.372793] input: AT Translated Set 2 keyboard as /devices/platform/i8042/serio0/input/input1
[    2.375263] input: VirtualPS/2 VMware VMMouse as /devices/platform/i8042/serio1/input/input4
[    2.377300] input: VirtualPS/2 VMware VMMouse as /devices/platform/i8042/serio1/input/input3
[    2.378864] device-mapper: ioctl: 4.50.0-ioctl (2025-04-28) initialised: dm-devel@lists.linux.dev
[    2.379769] intel_pstate: CPU model not supported
[    2.381402] drop_monitor: Initializing network drop monitor service
[    2.382515] NET: Registered PF_INET6 protocol family
[    2.384497] Segment Routing with IPv6
[    2.384949] In-situ OAM (IOAM) with IPv6
[    2.385469] NET: Registered PF_PACKET protocol family
[    2.386533] 9pnet: Installing 9P2000 support
[    2.387076] Key type dns_resolver registered
[    2.390812] IPI shorthand broadcast: enabled
[    2.459490] sched_clock: Marking stable (2440003360, 18398971)->(2466015977, -7613646)
[    2.461221] registered taskstats version 1
[    2.462886] Loading compiled-in X.509 certificates
[    2.554442] Demotion targets for Node 0: null
[    2.556391] Key type .fscrypt registered
[    2.556818] Key type fscrypt-provisioning registered
[    2.563084] Key type encrypted registered
[    2.563552] ima: No TPM chip found, activating TPM-bypass!
[    2.564131] ima: Allocated hash algorithm: sha1
[    2.564712] ima: No architecture policies found
[    2.565368] evm: Initialising EVM extended attributes:
[    2.565889] evm: security.selinux
[    2.566244] evm: security.SMACK64
[    2.566610] evm: security.SMACK64EXEC
[    2.566985] evm: security.SMACK64TRANSMUTE
[    2.567409] evm: security.SMACK64MMAP
[    2.567803] evm: security.apparmor
[    2.568159] evm: security.ima
[    2.568466] evm: security.capability
[    2.568835] evm: HMAC attrs: 0x1
[    2.571936] PM:   Magic number: 2:105:422
[    2.574620] RAS: Correctable Errors collector initialized.
[    3.687068] clk: Disabling unused clocks
[    3.687565] PM: genpd: Disabling unused power domains
[    3.689058] md: Waiting for all devices to be available before autodetect
[    3.689536] md: If you don't use raid, use raid=noautodetect
[    3.689935] md: Autodetecting RAID arrays.
[    3.690250] md: autorun ...
[    3.690481] md: ... autorun DONE.
[    3.696198] EXT4-fs (sda): INFO: recovery required on readonly filesystem
[    3.696699] EXT4-fs (sda): write access will be enabled during recovery
[    3.737853] EXT4-fs (sda): recovery complete
[    3.739434] EXT4-fs (sda): mounted filesystem 088740a9-c8b4-422c-999d-a804eb68a4da ro with ordered data mode. Quota mode: none.
[    3.740330] VFS: Mounted root (ext4 filesystem) readonly on device 8:0.
[    3.742313] devtmpfs: mounted
[    3.742958] VFS: Pivoted into new rootfs
[    3.750624] Callback from call_rcu_tasks() invoked.
[    3.764010] Freeing unused decrypted memory: 2036K
[    3.769925] Freeing unused kernel image (initmem) memory: 16580K
[    3.770608] Write protecting the kernel read-only data: 102400k
[    3.772405] Freeing unused kernel image (text/rodata gap) memory: 288K
[    3.773889] Freeing unused kernel image (rodata/data gap) memory: 1476K
[    4.780572] x86/mm: Checked W+X mappings: passed, no W+X pages found.
[    4.781063] Run /sbin/init as init process
[    4.907839] systemd[1]: systemd 252-15.el9 running in system mode (+PAM +AUDIT +SELINUX -APPARMOR +IMA +SMACK +SECCOMP +GCRYPT +GNUTLS +OPENSSL +ACL +BLKID +CURL +ELFUTILS -FIDO2 +IDN2 -IDN -IPTC +KMOD +LIBCRYPTSETUP +LIBFDISK +PCRE2 -PWQUALITY +P11KIT -QRENCODE +TPM2 +BZIP2 +LZ4 +XZ +ZLIB +ZSTD -BPF_FRAMEWORK +XKBCOMMON +UTMP +SYSVINIT default-hierarchy=unified)
[    4.910074] systemd[1]: Detected virtualization kvm.
[    4.910456] systemd[1]: Detected architecture x86-64.

Welcome to [0;31mCentOS Stream 9[0m!

[    4.914611] systemd[1]: Hostname set to <test>.
[    5.139745] systemd-rc-local-generator[121]: /etc/rc.d/rc.local is not marked executable, skipping.
[    5.368501] systemd[1]: Queued start job for default target Multi-User System.
[    5.389115] systemd[1]: Created slice Virtual Machine and Container Slice.
[[0;32m  OK  [0m] Created slice [0;1;39mVirtual Machine and Container Slice[0m.
[    5.394813] systemd[1]: Created slice Slice /system/getty.
[[0;32m  OK  [0m] Created slice [0;1;39mSlice /system/getty[0m.
[    5.398458] systemd[1]: Created slice Slice /system/modprobe.
[[0;32m  OK  [0m] Created slice [0;1;39mSlice /system/modprobe[0m.
[    5.402177] systemd[1]: Created slice Slice /system/serial-getty.
[[0;32m  OK  [0m] Created slice [0;1;39mSlice /system/serial-getty[0m.
[    5.405990] systemd[1]: Created slice Slice /system/sshd-keygen.
[[0;32m  OK  [0m] Created slice [0;1;39mSlice /system/sshd-keygen[0m.
[    5.409361] systemd[1]: Created slice User and Session Slice.
[[0;32m  OK  [0m] Created slice [0;1;39mUser and Session Slice[0m.
[    5.411541] systemd[1]: Started Forward Password Requests to Wall Directory Watch.
[[0;32m  OK  [0m] Started [0;1;39mForward Password R…uests to Wall Directory Watch[0m.
[    5.414292] systemd[1]: Set up automount Arbitrary Executable File Formats File System Automount Point.
[[0;32m  OK  [0m] Set up automount [0;1;39mArbitrary…s File System Automount Point[0m.
[    5.416662] systemd[1]: Reached target Local Integrity Protected Volumes.
[[0;32m  OK  [0m] Reached target [0;1;39mLocal Integrity Protected Volumes[0m.
[    5.418638] systemd[1]: Reached target Slice Units.
[[0;32m  OK  [0m] Reached target [0;1;39mSlice Units[0m.
[    5.420098] systemd[1]: Reached target Swaps.
[[0;32m  OK  [0m] Reached target [0;1;39mSwaps[0m.
[    5.421445] systemd[1]: Reached target Local Verity Protected Volumes.
[[0;32m  OK  [0m] Reached target [0;1;39mLocal Verity Protected Volumes[0m.
[    5.423342] systemd[1]: Listening on Device-mapper event daemon FIFOs.
[[0;32m  OK  [0m] Listening on [0;1;39mDevice-mapper event daemon FIFOs[0m.
[    5.425799] systemd[1]: Listening on LVM2 poll daemon socket.
[[0;32m  OK  [0m] Listening on [0;1;39mLVM2 poll daemon socket[0m.
[    5.427512] systemd[1]: multipathd control socket was skipped because of an unmet condition check (ConditionPathExists=/etc/multipath.conf).
[    5.467752] systemd[1]: Listening on RPCbind Server Activation Socket.
[[0;32m  OK  [0m] Listening on [0;1;39mRPCbind Server Activation Socket[0m.
[    5.469454] systemd[1]: Reached target RPC Port Mapper.
[[0;32m  OK  [0m] Reached target [0;1;39mRPC Port Mapper[0m.
[    5.473059] systemd[1]: Listening on Process Core Dump Socket.
[[0;32m  OK  [0m] Listening on [0;1;39mProcess Core Dump Socket[0m.
[    5.474824] systemd[1]: Listening on initctl Compatibility Named Pipe.
[[0;32m  OK  [0m] Listening on [0;1;39minitctl Compatibility Named Pipe[0m.
[    5.477211] systemd[1]: Listening on Journal Socket (/dev/log).
[[0;32m  OK  [0m] Listening on [0;1;39mJournal Socket (/dev/log)[0m.
[    5.479376] systemd[1]: Listening on Journal Socket.
[[0;32m  OK  [0m] Listening on [0;1;39mJournal Socket[0m.
[    5.481488] systemd[1]: Listening on udev Control Socket.
[[0;32m  OK  [0m] Listening on [0;1;39mudev Control Socket[0m.
[    5.483618] systemd[1]: Listening on udev Kernel Socket.
[[0;32m  OK  [0m] Listening on [0;1;39mudev Kernel Socket[0m.
[    5.490540] systemd[1]: Mounting Huge Pages File System...
         Mounting [0;1;39mHuge Pages File System[0m...
[    5.497637] systemd[1]: Mounting POSIX Message Queue File System...
         Mounting [0;1;39mPOSIX Message Queue File System[0m...
[    5.506025] systemd[1]: Mounting Kernel Debug File System...
         Mounting [0;1;39mKernel Debug File System[0m...
[    5.514892] systemd[1]: Mounting Kernel Trace File System...
         Mounting [0;1;39mKernel Trace File System[0m...
[    5.517862] systemd[1]: Kernel Module supporting RPCSEC_GSS was skipped because of an unmet condition check (ConditionPathExists=/etc/krb5.keytab).
[    5.520698] systemd[1]: Create List of Static Device Nodes was skipped because of an unmet condition check (ConditionFileNotEmpty=/lib/modules/7.0.0-rc3-next-20260311-next-2026031/modules.devname).
[    5.529336] systemd[1]: Starting Monitoring of LVM2 mirrors, snapshots etc. using dmeventd or progress polling...
         Starting [0;1;39mMonitoring of LVM…meventd or progress polling[0m...
[    5.536651] systemd[1]: Starting Load Kernel Module configfs...
         Starting [0;1;39mLoad Kernel Module configfs[0m...
[    5.546580] systemd[1]: Starting Load Kernel Module drm...
         Starting [0;1;39mLoad Kernel Module drm[0m...
[    5.562711] systemd[1]: Starting Load Kernel Module fuse...
         Starting [0;1;39mLoad Kernel Module fuse[0m...
[    5.575762] systemd[1]: Starting Read and set NIS domainname from /etc/sysconfig/network...
         Starting [0;1;39mRead and set NIS …from /etc/sysconfig/network[0m...
[    5.592150] systemd[1]: Starting Journal Service...
         Starting [0;1;39mJournal Service[0m...
[    5.619557] systemd[1]: Starting Load Kernel Modules...
         Starting [0;1;39mLoad Kernel Modules[0m...
[    5.626522] systemd[1]: Starting Generate network units from Kernel command line...
         Starting [0;1;39mGenerate network …ts from Kernel command line[0m...
[    5.644582] systemd[1]: Starting Remount Root and Kernel File Systems...
         Starting [0;1;39mRemount Root and Kernel File Systems[0m...
[    5.649634] systemd[1]: Repartition Root Disk was skipped because no trigger condition checks were met.
[    5.671407] systemd[1]: Starting Coldplug All udev Devices...
         Starting [0;1;39mColdplug All udev Devices[0m...
[    5.700200] systemd[1]: Mounted Huge Pages File System.
[[0;32m  OK  [0m] Mounted [0;1;39mHuge Pages File System[0m.
[    5.704082] systemd[1]: Mounted POSIX Message Queue File System.
[[0;32m  OK  [0m] Mounted [0;1;39mPOSIX Message Queue File System[0m.
[    5.707058] systemd[1]: Mounted Kernel Debug File System.
[[0;32m  OK  [0m] Mounted [0;1;39mKernel Debug File System[0m.
[    5.710041] systemd[1]: Mounted Kernel Trace File System.
[[0;32m  OK  [0m] Mounted [0;1;39mKernel Trace File System[0m.
[    5.716328] systemd[1]: Finished Monitoring of LVM2 mirrors, snapshots etc. using dmeventd or progress polling.
[[0;32m  OK  [0m] Finished [0;1;39mMonitoring of LVM… dmeventd or progress polling[0m.
[    5.721483] EXT4-fs (sda): re-mounted 088740a9-c8b4-422c-999d-a804eb68a4da r/w.
[    5.725209] systemd[1]: modprobe@configfs.service: Deactivated successfully.
[    5.730000] systemd[1]: Finished Load Kernel Module configfs.
[[0;32m  OK  [0m] Finished [0;1;39mLoad Kernel Module configfs[0m.
[    5.736529] systemd[1]: modprobe@drm.service: Deactivated successfully.
[    5.740542] systemd[1]: Finished Load Kernel Module drm.
[[0;32m  OK  [0m] Finished [0;1;39mLoad Kernel Module drm[0m.
[    5.747453] systemd[1]: modprobe@fuse.service: Deactivated successfully.
[    5.753298] systemd[1]: Finished Load Kernel Module fuse.
[[0;32m  OK  [0m] Finished [0;1;39mLoad Kernel Module fuse[0m.
[    5.759617] systemd[1]: Finished Read and set NIS domainname from /etc/sysconfig/network.
[[0;32m  OK  [0m] Finished [0;1;39mRead and set NIS …e from /etc/sysconfig/network[0m.
[    5.762615] systemd[1]: systemd-modules-load.service: Main process exited, code=exited, status=1/FAILURE
[    5.765704] systemd[1]: systemd-modules-load.service: Failed with result 'exit-code'.
[    5.771124] systemd[1]: Failed to start Load Kernel Modules.
[[0;1;31mFAILED[0m] Failed to start [0;1;39mLoad Kernel Modules[0m.
See 'systemctl status systemd-modules-load.service' for details.
[    5.776737] systemd[1]: Started Journal Service.
[[0;32m  OK  [0m] Started [0;1;39mJournal Service[0m.
[[0;32m  OK  [0m] Finished [0;1;39mGenerate network units from Kernel command line[0m.
[[0;32m  OK  [0m] Finished [0;1;39mRemount Root and Kernel File Systems[0m.
[[0;32m  OK  [0m] Reached target [0;1;39mPreparation for Network[0m.
         Mounting [0;1;39mFUSE Control File System[0m...
         Mounting [0;1;39mKernel Configuration File System[0m...
         Starting [0;1;39mFlush Journal to Persistent Storage[0m...
         Starting [0;1;39mLoad/Save Random Seed[0m...
         Starting [0;1;39mApply Kernel Variables[0m...
         Starting [0;1;39mCreate Static Device Nodes in /dev[0m...
[    5.893149] systemd-journald[143]: Received client request to flush runtime journal.
         Starting [0;1;39mSetup Virtual Console[0m...
[[0;32m  OK  [0m] Mounted [0;1;39mFUSE Control File System[0m.
[[0;32m  OK  [0m] Mounted [0;1;39mKernel Configuration File System[0m.
[[0;32m  OK  [0m] Finished [0;1;39mFlush Journal to Persistent Storage[0m.
[[0;32m  OK  [0m] Finished [0;1;39mLoad/Save Random Seed[0m.
[[0;32m  OK  [0m] Finished [0;1;39mApply Kernel Variables[0m.
[[0;32m  OK  [0m] Finished [0;1;39mCreate Static Device Nodes in /dev[0m.
         Starting [0;1;39mRule-based Manage…for Device Events and Files[0m...
[[0;32m  OK  [0m] Started [0;1;39mRule-based Manager for Device Events and Files[0m.
         Starting [0;1;39mAuto-connect to s…E devices found during boot[0m...
[[0;32m  OK  [0m] Finished [0;1;39mAuto-connect to s…VME devices found during boot[0m.
[[0;32m  OK  [0m] Finished [0;1;39mSetup Virtual Console[0m.
[[0;32m  OK  [0m] Finished [0;1;39mColdplug All udev Devices[0m.
         Starting [0;1;39mShow Plymouth Boot Screen[0m...
         Starting [0;1;39mWait for udev To …plete Device Initialization[0m...
[2J[3J[-1;-1f[[0;32m  OK  [0m] Started [0;1;39mShow Plymouth Boot Screen[0m.
[[0;32m  OK  [0m] Started [0;1;39mForward Password R…s to Plymouth Directory Watch[0m.
[[0;32m  OK  [0m] Reached target [0;1;39mLocal Encrypted Volumes[0m.
[[0;32m  OK  [0m] Reached target [0;1;39mPath Units[0m.
[[0;32m  OK  [0m] Found device [0;1;39m/dev/ttyS0[0m.
[[0;32m  OK  [0m] Listening on [0;1;39mLoad/Save RF …itch Status /dev/rfkill Watch[0m.
[[0;32m  OK  [0m] Finished [0;1;39mWait for udev To Complete Device Initialization[0m.
[[0;32m  OK  [0m] Reached target [0;1;39mPreparation for Local File Systems[0m.
[[0;32m  OK  [0m] Reached target [0;1;39mLocal File Systems[0m.
         Starting [0;1;39mTell Plymouth To Write Out Runtime Data[0m...
         Starting [0;1;39mAutomatic Boot Loader Update[0m...
         Starting [0;1;39mCreate Volatile Files and Directories[0m...
[[0;32m  OK  [0m] Finished [0;1;39mTell Plymouth To Write Out Runtime Data[0m.
[[0;32m  OK  [0m] Finished [0;1;39mAutomatic Boot Loader Update[0m.
[[0;32m  OK  [0m] Finished [0;1;39mCreate Volatile Files and Directories[0m.
         Mounting [0;1;39mRPC Pipe File System[0m...
         Starting [0;1;39mSecurity Auditing Service[0m...
         Starting [0;1;39mRPC Bind[0m...
[[0;32m  OK  [0m] Mounted [0;1;39mRPC Pipe File System[0m.
[[0;32m  OK  [0m] Reached target [0;1;39mrpc_pipefs.target[0m.
[[0;32m  OK  [0m] Started [0;1;39mRPC Bind[0m.
[[0;32m  OK  [0m] Started [0;1;39mSecurity Auditing Service[0m.
         Starting [0;1;39mRecord System Boot/Shutdown in UTMP[0m...
[[0;32m  OK  [0m] Finished [0;1;39mRecord System Boot/Shutdown in UTMP[0m.
[[0;32m  OK  [0m] Reached target [0;1;39mSystem Initialization[0m.
[[0;32m  OK  [0m] Started [0;1;39mDaily rotation of log files[0m.
[[0;32m  OK  [0m] Started [0;1;39mUpdates mlocate database every day[0m.
[[0;32m  OK  [0m] Started [0;1;39mDaily Cleanup of Temporary Directories[0m.
[[0;32m  OK  [0m] Started [0;1;39mdaily update of the root trust anchor for DNSSEC[0m.
[[0;32m  OK  [0m] Reached target [0;1;39mTimer Units[0m.
[[0;32m  OK  [0m] Listening on [0;1;39mD-Bus System Message Bus Socket[0m.
[[0;32m  OK  [0m] Listening on [0;1;39mOpen-iSCSI iscsid Socket[0m.
[[0;32m  OK  [0m] Listening on [0;1;39mOpen-iSCSI iscsiuio Socket[0m.
[[0;32m  OK  [0m] Listening on [0;1;39mSSSD Kerberos…ache Manager responder socket[0m.
[[0;32m  OK  [0m] Listening on [0;1;39mLibvirt interface local socket[0m.
[[0;32m  OK  [0m] Listening on [0;1;39mVirtual machine lock manager socket[0m.
[[0;32m  OK  [0m] Listening on [0;1;39mVirtual machine log manager socket[0m.
[[0;32m  OK  [0m] Listening on [0;1;39mLibvirt network local socket[0m.
[[0;32m  OK  [0m] Listening on [0;1;39mLibvirt nodedev local socket[0m.
[[0;32m  OK  [0m] Listening on [0;1;39mLibvirt nwfilter local socket[0m.
[[0;32m  OK  [0m] Listening on [0;1;39mLibvirt proxy local socket[0m.
[[0;32m  OK  [0m] Listening on [0;1;39mLibvirt qemu local socket[0m.
[[0;32m  OK  [0m] Listening on [0;1;39mLibvirt qemu admin socket[0m.
[[0;32m  OK  [0m] Listening on [0;1;39mLibvirt qemu local read-only socket[0m.
[[0;32m  OK  [0m] Listening on [0;1;39mLibvirt secret local socket[0m.
[[0;32m  OK  [0m] Listening on [0;1;39mLibvirt storage local socket[0m.
[[0;32m  OK  [0m] Reached target [0;1;39mSocket Units[0m.
         Starting [0;1;39mD-Bus System Message Bus[0m...
[[0;32m  OK  [0m] Started [0;1;39mD-Bus System Message Bus[0m.
[[0;32m  OK  [0m] Reached target [0;1;39mBasic System[0m.
         Starting [0;1;39mNetwork Manager[0m...
         Starting [0;1;39mNTP client/server[0m...
         Starting [0;1;39mRestore /run/initramfs on shutdown[0m...
[[0;32m  OK  [0m] Started [0;1;39mirqbalance daemon[0m.
[[0;32m  OK  [0m] Started [0;1;39mlibstoragemgmt plug-in server daemon[0m.
[[0;32m  OK  [0m] Started [0;1;39mMachine Check Exception Logging Daemon[0m.
[[0;32m  OK  [0m] Reached target [0;1;39msshd-keygen.target[0m.
[[0;32m  OK  [0m] Reached target [0;1;39mUser and Group Name Lookups[0m.
         Starting [0;1;39mUser Login Management[0m...
         Starting [0;1;39mVirtual Machine a…tainer Registration Service[0m...
         Starting [0;1;39mupdate of the roo…NSSEC validation in unbound[0m...
         Starting [0;1;39mRotate log files[0m...
[[0;32m  OK  [0m] Started [0;1;39mUpdate a database for mlocate[0m.
[[0;32m  OK  [0m] Finished [0;1;39mRestore /run/initramfs on shutdown[0m.
[[0;32m  OK  [0m] Started [0;1;39mVirtual Machine an…ontainer Registration Service[0m.
         Starting [0;1;39mHostname Service[0m...
[[0;32m  OK  [0m] Started [0;1;39mNTP client/server[0m.
[[0;32m  OK  [0m] Finished [0;1;39mupdate of the roo… DNSSEC validation in unbound[0m.
[[0;32m  OK  [0m] Started [0;1;39mUser Login Management[0m.
[[0;32m  OK  [0m] Finished [0;1;39mRotate log files[0m.
[[0;32m  OK  [0m] Started [0;1;39mHostname Service[0m.
         Starting [0;1;39mNetwork Manager Script Dispatcher Service[0m...
[[0;32m  OK  [0m] Started [0;1;39mNetwork Manager Script Dispatcher Service[0m.
[    9.575412] e1000: eth0 NIC Link is Up 1000 Mbps Full Duplex, Flow Control: RX
[[0;32m  OK  [0m] Started [0;1;39mNetwork Manager[0m.
[[0;32m  OK  [0m] Reached target [0;1;39mNetwork[0m.
[[0;32m  OK  [0m] Reached target [0;1;39mNetwork is Online[0m.
         Starting [0;1;39mGSSAPI Proxy Daemon[0m...
         Starting [0;1;39mNotify NFS peers of a restart[0m...
         Starting [0;1;39mSystem Logging Service[0m...
         Starting [0;1;39mOpenSSH server daemon[0m...
         Starting [0;1;39mDynamic System Tuning Daemon[0m...
[[0;32m  OK  [0m] Started [0;1;39mNotify NFS peers of a restart[0m.
[[0;32m  OK  [0m] Started [0;1;39mOpenSSH server daemon[0m.
[[0;32m  OK  [0m] Started [0;1;39mGSSAPI Proxy Daemon[0m.
[[0;32m  OK  [0m] Reached target [0;1;39mNFS client services[0m.
[[0;32m  OK  [0m] Reached target [0;1;39mPreparation for Remote File Systems[0m.
[[0;32m  OK  [0m] Reached target [0;1;39mRemote File Systems[0m.
         Starting [0;1;39mPermit User Sessions[0m...
         Starting [0;1;39mVirtualization qemu daemon[0m...
[[0;32m  OK  [0m] Finished [0;1;39mPermit User Sessions[0m.
[[0;32m  OK  [0m] Started [0;1;39mDeferred execution scheduler[0m.
[[0;32m  OK  [0m] Started [0;1;39mCommand Scheduler[0m.
         Starting [0;1;39mHold until boot process finishes up[0m...
         Starting [0;1;39mTerminate Plymouth Boot Screen[0m...
[[0;32m  OK  [0m] Started [0;1;39mSystem Logging Service[0m.
[[0;32m  OK  [0m] Started [0;1;39mVirtualization qemu daemon[0m.

CentOS Stream 9
Kernel 7.0.0-rc3-next-20260311-next-2026031 on an x86_64

Activate the web console with: systemctl enable --now cockpit.socket

test login: [  300.334678] INFO: task systemd:744 blocked for more than 147 seconds.
[  300.335274]       Not tainted 7.0.0-rc3-next-20260311-next-2026031 #1
[  300.335888] "echo 0 > /proc/sys/kernel/hung_task_timeout_secs" disables this message.
[  300.336427] task:systemd         state:D stack:0     pid:744   tgid:1     ppid:0      task_flags:0x400040 flags:0x00080000
[  300.337200] Call Trace:
[  300.337398]  <TASK>
[  300.337563]  __schedule+0xf7f/0x4910
[  300.337849]  ? __pfx___schedule+0x10/0x10
[  300.338141]  ? lock_release+0x14f/0x2d0
[  300.338473]  ? wait_transaction_locked+0x196/0x240
[  300.338829]  schedule+0xf6/0x3d0
[  300.339063]  wait_transaction_locked+0x1bb/0x240
[  300.339382]  ? wait_transaction_locked+0x196/0x240
[  300.339717]  ? __pfx_wait_transaction_locked+0x10/0x10
[  300.340074]  ? __pfx_autoremove_wake_function+0x10/0x10
[  300.340437]  add_transaction_credits+0x121/0x1000
[  300.340771]  ? check_preemption_disabled+0x1/0x180
[  300.341133]  ? __pfx_add_transaction_credits+0x10/0x10
[  300.341519]  ? __this_cpu_preempt_check+0x21/0x30
[  300.341881]  ? lock_acquire+0x1c1/0x330
[  300.342181]  ? __kasan_check_write+0x18/0x20
[  300.342541]  start_this_handle+0x457/0x1550
[  300.342887]  ? __pfx_start_this_handle+0x10/0x10
[  300.343249]  ? kasan_save_track+0x18/0x40
[  300.343560]  ? jbd2__journal_start+0x198/0x6c0
[  300.343899]  ? debug_smp_processor_id+0x20/0x30
[  300.344242]  ? rcu_is_watching+0x19/0xc0
[  300.344540]  ? kmem_cache_alloc_noprof+0x4d4/0x6c0
[  300.344916]  jbd2__journal_start+0x397/0x6c0
[  300.345256]  __ext4_journal_start_sb+0x451/0x650
[  300.345620]  ? ext4_rmdir+0x637/0xf10
[  300.345917]  ext4_rmdir+0x637/0xf10
[  300.346196]  ? __pfx_ext4_rmdir+0x10/0x10
[  300.346893]  ? sysvec_call_function_single+0x9a/0x110
[  300.347299]  ? vfs_rmdir+0x1a3/0x880
[  300.347581]  vfs_rmdir+0x351/0x880
[  300.347857]  filename_rmdir+0x3e5/0x560
[  300.348138]  ? __virt_addr_valid+0x10a/0x5f0
[  300.348443]  ? __pfx_filename_rmdir+0x10/0x10
[  300.348761]  ? __sanitizer_cov_trace_const_cmp8+0x1c/0x30
[  300.349135]  ? strncpy_from_user+0x198/0x290
[  300.349443]  ? __sanitizer_cov_trace_const_cmp4+0x1a/0x20
[  300.349824]  ? do_getname+0x19e/0x3e0
[  300.350091]  __x64_sys_unlinkat+0x107/0x140
[  300.350390]  x64_sys_call+0x1b55/0x21c0
[  300.350690]  do_syscall_64+0xc1/0x1130
[  300.350964]  entry_SYSCALL_64_after_hwframe+0x76/0x7e
[  300.351316] RIP: 0033:0x7f69c443ebab
[  300.351570] RSP: 002b:00007f69c3b33838 EFLAGS: 00000246 ORIG_RAX: 0000000000000107
[  300.352091] RAX: ffffffffffffffda RBX: 0000000000000006 RCX: 00007f69c443ebab
[  300.352576] RDX: 0000000000000200 RSI: 00007f69bc008bf0 RDI: 000000000000000c
[  300.353064] RBP: 000000000000000c R08: 0000000000000003 R09: 0000000000000078
[  300.353547] R10: 000000000000009b R11: 0000000000000246 R12: 0000000000000000
[  300.354034] R13: 00007f69bc008bf0 R14: 0000000000000200 R15: 0000000000000006
[  300.354550]  </TASK>
[  300.354714] INFO: task systemd:745 blocked for more than 147 seconds.
[  300.355152]       Not tainted 7.0.0-rc3-next-20260311-next-2026031 #1
[  300.355598] "echo 0 > /proc/sys/kernel/hung_task_timeout_secs" disables this message.
[  300.356138] task:systemd         state:D stack:0     pid:745   tgid:1     ppid:0      task_flags:0x400040 flags:0x00080000
[  300.356878] Call Trace:
[  300.357057]  <TASK>
[  300.357212]  __schedule+0xf7f/0x4910
[  300.357471]  ? __pfx___schedule+0x10/0x10
[  300.357757]  ? lock_release+0x14f/0x2d0
[  300.358036]  ? wait_transaction_locked+0x196/0x240
[  300.358371]  schedule+0xf6/0x3d0
[  300.358622]  wait_transaction_locked+0x1bb/0x240
[  300.358950]  ? wait_transaction_locked+0x196/0x240
[  300.359287]  ? __pfx_wait_transaction_locked+0x10/0x10
[  300.359642]  ? __pfx_autoremove_wake_function+0x10/0x10
[  300.360019]  add_transaction_credits+0x121/0x1000
[  300.360347]  ? __pfx_add_transaction_credits+0x10/0x10
[  300.360705]  ? __this_cpu_preempt_check+0x21/0x30
[  300.361037]  ? lock_acquire+0x1c1/0x330
[  300.361315]  ? __kasan_check_write+0x18/0x20
[  300.361626]  start_this_handle+0x457/0x1550
[  300.361924]  ? __pfx_start_this_handle+0x10/0x10
[  300.362245]  ? kasan_save_track+0x18/0x40
[  300.362541]  ? jbd2__journal_start+0x198/0x6c0
[  300.362863]  ? debug_smp_processor_id+0x20/0x30
[  300.363185]  ? rcu_is_watching+0x19/0xc0
[  300.363458]  ? kmem_cache_alloc_noprof+0x4d4/0x6c0
[  300.363798]  jbd2__journal_start+0x397/0x6c0
[  300.364098]  __ext4_journal_start_sb+0x451/0x650
[  300.364428]  ? ext4_rmdir+0x637/0xf10
[  300.364693]  ext4_rmdir+0x637/0xf10
[  300.364948]  ? __pfx_ext4_rmdir+0x10/0x10
[  300.365239]  ? __pfx_down_write+0x10/0x10
[  300.365523]  ? do_raw_spin_unlock+0x15c/0x210
[  300.365844]  vfs_rmdir+0x351/0x880
[  300.366096]  filename_rmdir+0x3e5/0x560
[  300.366370]  ? __virt_addr_valid+0x10a/0x5f0
[  300.366705]  ? __pfx_filename_rmdir+0x10/0x10
[  300.367032]  ? __sanitizer_cov_trace_const_cmp8+0x1c/0x30
[  300.367411]  ? strncpy_from_user+0x198/0x290
[  300.367719]  ? __sanitizer_cov_trace_const_cmp4+0x1a/0x20
[  300.368099]  ? do_getname+0x19e/0x3e0
[  300.368365]  __x64_sys_unlinkat+0x107/0x140
[  300.368669]  x64_sys_call+0x1b55/0x21c0
[  300.368944]  do_syscall_64+0xc1/0x1130
[  300.369223]  entry_SYSCALL_64_after_hwframe+0x76/0x7e
[  300.369572] RIP: 0033:0x7f69c443ebab
[  300.369830] RSP: 002b:00007f69c3332838 EFLAGS: 00000246 ORIG_RAX: 0000000000000107
[  300.370354] RAX: ffffffffffffffda RBX: 0000000000000006 RCX: 00007f69c443ebab
[  300.370859] RDX: 0000000000000200 RSI: 00007f69b4008bf0 RDI: 0000000000000016
[  300.371347] RBP: 0000000000000016 R08: 0000000000000003 R09: 0000000000000078
[  300.371829] R10: 000000000000009b R11: 0000000000000246 R12: 0000000000000000
[  300.372308] R13: 00007f69b4008bf0 R14: 0000000000000200 R15: 0000000000000006
[  300.372809]  </TASK>
[  300.372976] INFO: task kworker/u8:0:12 blocked for more than 147 seconds.
[  300.373426]       Not tainted 7.0.0-rc3-next-20260311-next-2026031 #1
[  300.373863] "echo 0 > /proc/sys/kernel/hung_task_timeout_secs" disables this message.
[  300.374392] task:kworker/u8:0    state:D stack:0     pid:12    tgid:12    ppid:2      task_flags:0x4248060 flags:0x00080000
[  300.375164] Workqueue: writeback wb_workfn (flush-8:0)
[  300.375532] Call Trace:
[  300.375714]  <TASK>
[  300.375878]  __schedule+0xf7f/0x4910
[  300.376148]  ? __pfx___schedule+0x10/0x10
[  300.376432]  ? lock_release+0x14f/0x2d0
[  300.376707]  ? kthread_data+0x61/0xd0
[  300.376978]  ? wait_transaction_locked+0x196/0x240
[  300.377318]  schedule+0xf6/0x3d0
[  300.377550]  wait_transaction_locked+0x1bb/0x240
[  300.377882]  ? wait_transaction_locked+0x196/0x240
[  300.378217]  ? __pfx_wait_transaction_locked+0x10/0x10
[  300.378596]  ? __pfx_autoremove_wake_function+0x10/0x10
[  300.378973]  ? kasan_save_stack+0x40/0x60
[  300.379269]  add_transaction_credits+0x121/0x1000
[  300.379603]  ? kthread+0x41a/0x570
[  300.379859]  ? __pfx_add_transaction_credits+0x10/0x10
[  300.380226]  ? __this_cpu_preempt_check+0x21/0x30
[  300.380563]  ? lock_acquire+0x1c1/0x330
[  300.380846]  ? __kasan_check_write+0x18/0x20
[  300.381163]  start_this_handle+0x457/0x1550
[  300.381474]  ? __pfx_start_this_handle+0x10/0x10
[  300.381806]  ? kasan_save_track+0x18/0x40
[  300.382101]  ? jbd2__journal_start+0x253/0x6c0
[  300.382428]  ? debug_smp_processor_id+0x20/0x30
[  300.382748]  ? rcu_is_watching+0x19/0xc0
[  300.383024]  ? kmem_cache_alloc_noprof+0x4d4/0x6c0
[  300.383367]  jbd2__journal_start+0x397/0x6c0
[  300.383679]  __ext4_journal_start_sb+0x451/0x650
[  300.384005]  ? __sanitizer_cov_trace_const_cmp4+0x1a/0x20
[  300.384387]  ? ext4_do_writepages+0x11a6/0x3b30
[  300.384716]  ext4_do_writepages+0x11a6/0x3b30
[  300.385032]  ? stack_depot_save_flags+0x2f/0xa10
[  300.385356]  ? kasan_save_stack+0x40/0x60
[  300.385650]  ? kasan_save_track+0x18/0x40
[  300.385942]  ? __lock_acquire+0x412/0x2210
[  300.386231]  ? kmem_cache_alloc_noprof+0x1fd/0x6c0
[  300.386664]  ? __pfx_ext4_do_writepages+0x10/0x10
[  300.387023]  ? __this_cpu_preempt_check+0x21/0x30
[  300.387357]  ? lock_is_held_type+0xef/0x150
[  300.387659]  ext4_writepages+0x3e1/0x870
[  300.387945]  ? ext4_writepages+0x3e1/0x870
[  300.388236]  ? __pfx_ext4_writepages+0x10/0x10
[  300.388572]  ? __pfx_ext4_writepages+0x10/0x10
[  300.388887]  do_writepages+0x255/0x5b0
[  300.389158]  __writeback_single_inode+0x121/0x1390
[  300.389489]  ? _raw_spin_unlock+0x31/0x60
[  300.389772]  ? __sanitizer_cov_trace_const_cmp4+0x1a/0x20
[  300.390147]  ? wbc_attach_and_unlock_inode.part.0+0x47a/0x890
[  300.390564]  writeback_sb_inodes+0x7d0/0x1d10
[  300.390890]  ? __pfx_writeback_sb_inodes+0x10/0x10
[  300.391225]  ? __lock_acquire+0x412/0x2210
[  300.391551]  ? __sanitizer_cov_trace_const_cmp8+0x1c/0x30
[  300.391928]  __writeback_inodes_wb+0xc8/0x280
[  300.392244]  wb_writeback+0x6fe/0xb20
[  300.392513]  ? __pfx_wb_writeback+0x10/0x10
[  300.392819]  ? __sanitizer_cov_trace_cmp4+0x1a/0x20
[  300.393159]  ? get_nr_dirty_inodes+0x12c/0x1b0
[  300.393471]  ? lockdep_hardirqs_on+0x85/0x110
[  300.393779]  wb_workfn+0x75c/0xf60
[  300.394026]  ? try_to_wake_up+0x188/0x15f0
[  300.394326]  ? __pfx_wb_workfn+0x10/0x10
[  300.394630]  process_one_work+0x9ca/0x1d70
[  300.394930]  ? __pfx_wb_workfn+0x10/0x10
[  300.395220]  ? __pfx_process_one_work+0x10/0x10
[  300.395552]  ? move_linked_works+0x1bf/0x2c0
[  300.395859]  ? __this_cpu_preempt_check+0x21/0x30
[  300.396195]  ? __pfx_wb_workfn+0x10/0x10
[  300.396475]  ? assign_work+0x1b6/0x3f0
[  300.396763]  worker_thread+0x6ac/0xed0
[  300.397038]  ? __pfx_worker_thread+0x10/0x10
[  300.397342]  kthread+0x41a/0x570
[  300.397586]  ? calculate_sigpending+0x8d/0xb0
[  300.397913]  ? __pfx_kthread+0x10/0x10
[  300.398186]  ret_from_fork+0x781/0xbe0
[  300.398488]  ? __pfx_ret_from_fork+0x10/0x10
[  300.398797]  ? native_load_tls+0x16/0x50
[  300.399076]  ? __sanitizer_cov_trace_const_cmp8+0x1c/0x30
[  300.399450]  ? __switch_to+0x81e/0x1110
[  300.399732]  ? __pfx_kthread+0x10/0x10
[  300.400006]  ret_from_fork_asm+0x1a/0x30
[  300.400299]  </TASK>
[  300.400461] INFO: task kworker/u8:1:35 blocked for more than 147 seconds.
[  300.400925]       Not tainted 7.0.0-rc3-next-20260311-next-2026031 #1
[  300.401362] "echo 0 > /proc/sys/kernel/hung_task_timeout_secs" disables this message.
[  300.401893] task:kworker/u8:1    state:D stack:0     pid:35    tgid:35    ppid:2      task_flags:0x4248060 flags:0x00080000
[  300.402660] Workqueue: writeback wb_workfn (flush-8:0)
[  300.403025] Call Trace:
[  300.403217]  <TASK>
[  300.403379]  __schedule+0xf7f/0x4910
[  300.403642]  ? __pfx___schedule+0x10/0x10
[  300.403927]  ? lock_release+0x14f/0x2d0
[  300.404209]  ? kthread_data+0x61/0xd0
[  300.404483]  ? wait_transaction_locked+0x196/0x240
[  300.404825]  schedule+0xf6/0x3d0
[  300.405061]  wait_transaction_locked+0x1bb/0x240
[  300.405387]  ? wait_transaction_locked+0x196/0x240
[  300.405730]  ? __pfx_wait_transaction_locked+0x10/0x10
[  300.406095]  ? __pfx_autoremove_wake_function+0x10/0x10
[  300.406480]  ? kasan_save_stack+0x40/0x60
[  300.406779]  add_transaction_credits+0x121/0x1000
[  300.407114]  ? kthread+0x41a/0x570
[  300.407368]  ? __pfx_add_transaction_credits+0x10/0x10
[  300.407732]  ? __this_cpu_preempt_check+0x21/0x30
[  300.408067]  ? lock_acquire+0x1c1/0x330
[  300.408352]  ? __kasan_check_write+0x18/0x20
[  300.408675]  start_this_handle+0x457/0x1550
[  300.408981]  ? __pfx_start_this_handle+0x10/0x10
[  300.409309]  ? kasan_save_track+0x18/0x40
[  300.409600]  ? jbd2__journal_start+0x253/0x6c0
[  300.409930]  ? debug_smp_processor_id+0x20/0x30
[  300.410249]  ? rcu_is_watching+0x19/0xc0
[  300.410541]  ? kmem_cache_alloc_noprof+0x4d4/0x6c0
[  300.410887]  jbd2__journal_start+0x397/0x6c0
[  300.411198]  __ext4_journal_start_sb+0x451/0x650
[  300.411534]  ? __sanitizer_cov_trace_const_cmp4+0x1a/0x20
[  300.411919]  ? ext4_do_writepages+0x11a6/0x3b30
[  300.412247]  ext4_do_writepages+0x11a6/0x3b30
[  300.412562]  ? __bfs+0x100/0x250
[  300.412813]  ? __lock_acquire+0x412/0x2210
[  300.413119]  ? __pfx_ext4_do_writepages+0x10/0x10
[  300.413464]  ? __this_cpu_preempt_check+0x21/0x30
[  300.413805]  ? lock_is_held_type+0xef/0x150
[  300.414109]  ext4_writepages+0x3e1/0x870
[  300.414391]  ? ext4_writepages+0x3e1/0x870
[  300.414714]  ? __pfx_ext4_writepages+0x10/0x10
[  300.415051]  ? __pfx_ext4_writepages+0x10/0x10
[  300.415378]  do_writepages+0x255/0x5b0
[  300.415658]  __writeback_single_inode+0x121/0x1390
[  300.415995]  ? _raw_spin_unlock+0x31/0x60
[  300.416278]  ? __sanitizer_cov_trace_const_cmp8+0x1c/0x30
[  300.416660]  ? wbc_attach_and_unlock_inode.part.0+0x47a/0x890
[  300.417075]  writeback_sb_inodes+0x7d0/0x1d10
[  300.417400]  ? __pfx_writeback_sb_inodes+0x10/0x10
[  300.417743]  ? __lock_acquire+0x412/0x2210
[  300.418039]  ? kvm_clock_get_cycles+0x43/0x70
[  300.418393]  ? __sanitizer_cov_trace_const_cmp8+0x1c/0x30
[  300.418805]  __writeback_inodes_wb+0xc8/0x280
[  300.419123]  wb_writeback+0x6fe/0xb20
[  300.419397]  ? __pfx_wb_writeback+0x10/0x10
[  300.419699]  ? __sanitizer_cov_trace_cmp4+0x1a/0x20
[  300.420043]  ? get_nr_dirty_inodes+0x12c/0x1b0
[  300.420361]  ? lockdep_hardirqs_on+0x85/0x110
[  300.420678]  wb_workfn+0x75c/0xf60
[  300.420925]  ? try_to_wake_up+0x188/0x15f0
[  300.421229]  ? __pfx_wb_workfn+0x10/0x10
[  300.421527]  process_one_work+0x9ca/0x1d70
[  300.421838]  ? __pfx_process_one_work+0x10/0x10
[  300.422162]  ? move_linked_works+0x1bf/0x2c0
[  300.422483]  ? __this_cpu_preempt_check+0x21/0x30
[  300.422831]  ? __pfx_wb_workfn+0x10/0x10
[  300.423104]  ? assign_work+0x1b6/0x3f0
[  300.423375]  worker_thread+0x6ac/0xed0
[  300.423659]  ? __pfx_worker_thread+0x10/0x10
[  300.423987]  kthread+0x41a/0x570
[  300.424240]  ? calculate_sigpending+0x8d/0xb0
[  300.424576]  ? __pfx_kthread+0x10/0x10
[  300.424871]  ret_from_fork+0x781/0xbe0
[  300.425169]  ? __pfx_ret_from_fork+0x10/0x10
[  300.425500]  ? native_load_tls+0x16/0x50
[  300.425803]  ? __sanitizer_cov_trace_const_cmp8+0x1c/0x30
[  300.426213]  ? __switch_to+0x81e/0x1110
[  300.426530]  ? __pfx_kthread+0x10/0x10
[  300.426832]  ret_from_fork_asm+0x1a/0x30
[  300.427158]  </TASK>
[  300.427335] INFO: task kworker/u8:2:37 blocked for more than 147 seconds.
[  300.427842]       Not tainted 7.0.0-rc3-next-20260311-next-2026031 #1
[  300.428327] "echo 0 > /proc/sys/kernel/hung_task_timeout_secs" disables this message.
[  300.428909] task:kworker/u8:2    state:D stack:0     pid:37    tgid:37    ppid:2      task_flags:0x4248060 flags:0x00080000
[  300.429740] Workqueue: writeback wb_workfn (flush-8:0)
[  300.430147] Call Trace:
[  300.430343]  <TASK>
[  300.430539]  __schedule+0xf7f/0x4910
[  300.430832]  ? __pfx___schedule+0x10/0x10
[  300.431144]  ? lock_release+0x14f/0x2d0
[  300.431446]  ? kthread_data+0x61/0xd0
[  300.431739]  ? wait_transaction_locked+0x196/0x240
[  300.432104]  schedule+0xf6/0x3d0
[  300.432346]  wait_transaction_locked+0x1bb/0x240
[  300.432679]  ? wait_transaction_locked+0x196/0x240
[  300.433014]  ? __pfx_wait_transaction_locked+0x10/0x10
[  300.433371]  ? __pfx_autoremove_wake_function+0x10/0x10
[  300.433736]  ? kasan_save_stack+0x40/0x60
[  300.434034]  add_transaction_credits+0x121/0x1000
[  300.434363]  ? kthread+0x41a/0x570
[  300.434632]  ? __pfx_add_transaction_credits+0x10/0x10
[  300.435000]  ? __this_cpu_preempt_check+0x21/0x30
[  300.435332]  ? lock_acquire+0x1c1/0x330
[  300.435611]  ? __kasan_check_write+0x18/0x20
[  300.435933]  start_this_handle+0x457/0x1550
[  300.436237]  ? __pfx_start_this_handle+0x10/0x10
[  300.436560]  ? kasan_save_track+0x18/0x40
[  300.436854]  ? jbd2__journal_start+0x253/0x6c0
[  300.437167]  ? debug_smp_processor_id+0x20/0x30
[  300.437487]  ? rcu_is_watching+0x19/0xc0
[  300.437762]  ? kmem_cache_alloc_noprof+0x4d4/0x6c0
[  300.438100]  jbd2__journal_start+0x397/0x6c0
[  300.438420]  __ext4_journal_start_sb+0x451/0x650
[  300.438753]  ? __sanitizer_cov_trace_const_cmp4+0x1a/0x20
[  300.439133]  ? ext4_do_writepages+0x11a6/0x3b30
[  300.439463]  ext4_do_writepages+0x11a6/0x3b30
[  300.439779]  ? device_add+0x1420/0x1a60
[  300.440056]  ? __lock_acquire+0x412/0x2210
[  300.440360]  ? __pfx_ext4_do_writepages+0x10/0x10
[  300.440699]  ? __this_cpu_preempt_check+0x21/0x30
[  300.441032]  ? lock_is_held_type+0xef/0x150
[  300.441328]  ext4_writepages+0x3e1/0x870
[  300.441617]  ? ext4_writepages+0x3e1/0x870
[  300.441918]  ? __pfx_ext4_writepages+0x10/0x10
[  300.442253]  ? __pfx_ext4_writepages+0x10/0x10
[  300.442586]  do_writepages+0x255/0x5b0
[  300.442862]  __writeback_single_inode+0x121/0x1390
[  300.443206]  ? _raw_spin_unlock+0x31/0x60
[  300.443492]  ? __sanitizer_cov_trace_const_cmp4+0x1a/0x20
[  300.443874]  ? wbc_attach_and_unlock_inode.part.0+0x47a/0x890
[  300.444281]  writeback_sb_inodes+0x7d0/0x1d10
[  300.444600]  ? __pfx_writeback_sb_inodes+0x10/0x10
[  300.444936]  ? __lock_acquire+0x412/0x2210
[  300.445258]  ? __sanitizer_cov_trace_const_cmp8+0x1c/0x30
[  300.445651]  __writeback_inodes_wb+0xc8/0x280
[  300.445963]  wb_writeback+0x6fe/0xb20
[  300.446227]  ? __pfx_wb_writeback+0x10/0x10
[  300.446545]  ? __sanitizer_cov_trace_cmp4+0x1a/0x20
[  300.446887]  ? get_nr_dirty_inodes+0x12c/0x1b0
[  300.447202]  ? lockdep_hardirqs_on+0x85/0x110
[  300.447514]  wb_workfn+0x75c/0xf60
[  300.447772]  ? __pfx_wb_workfn+0x10/0x10
[  300.448061]  process_one_work+0x9ca/0x1d70
[  300.448355]  ? __pfx_process_one_work+0x10/0x10
[  300.448672]  ? move_linked_works+0x1bf/0x2c0
[  300.448985]  ? __this_cpu_preempt_check+0x21/0x30
[  300.449320]  ? __pfx_wb_workfn+0x10/0x10
[  300.449603]  ? assign_work+0x1b6/0x3f0
[  300.449886]  worker_thread+0x6ac/0xed0
[  300.450163]  ? __pfx_worker_thread+0x10/0x10
[  300.450495]  kthread+0x41a/0x570
[  300.450735]  ? calculate_sigpending+0x8d/0xb0
[  300.451046]  ? __pfx_kthread+0x10/0x10
[  300.451313]  ret_from_fork+0x781/0xbe0
[  300.451580]  ? __pfx_ret_from_fork+0x10/0x10
[  300.451885]  ? native_load_tls+0x16/0x50
[  300.452153]  ? __sanitizer_cov_trace_const_cmp8+0x1c/0x30
[  300.452527]  ? __switch_to+0x81e/0x1110
[  300.452804]  ? __pfx_kthread+0x10/0x10
[  300.453072]  ret_from_fork_asm+0x1a/0x30
[  300.453366]  </TASK>
[  300.453534] INFO: task kworker/u8:3:54 blocked for more than 147 seconds.
[  300.453988]       Not tainted 7.0.0-rc3-next-20260311-next-2026031 #1
[  300.454451] "echo 0 > /proc/sys/kernel/hung_task_timeout_secs" disables this message.
[  300.455009] task:kworker/u8:3    state:D stack:0     pid:54    tgid:54    ppid:2      task_flags:0x4248160 flags:0x00080000
[  300.455815] Workqueue: writeback wb_workfn (flush-8:0)
[  300.456180] Call Trace:
[  300.456361]  <TASK>
[  300.456519]  __schedule+0xf7f/0x4910
[  300.456783]  ? __pfx___schedule+0x10/0x10
[  300.457064]  ? lock_release+0x14f/0x2d0
[  300.457336]  ? kthread_data+0x61/0xd0
[  300.457606]  ? wait_transaction_locked+0x196/0x240
[  300.457949]  schedule+0xf6/0x3d0
[  300.458183]  wait_transaction_locked+0x1bb/0x240
[  300.458525]  ? wait_transaction_locked+0x196/0x240
[  300.458869]  ? __pfx_wait_transaction_locked+0x10/0x10
[  300.459235]  ? check_noncircular+0x80/0x150
[  300.459526]  ? __pfx_autoremove_wake_function+0x10/0x10
[  300.459895]  ? __this_cpu_preempt_check+0x21/0x30
[  300.460231]  ? lockdep_unlock+0x62/0xd0
[  300.460511]  add_transaction_credits+0x121/0x1000
[  300.460843]  ? __pfx_add_transaction_credits+0x10/0x10
[  300.461206]  ? __this_cpu_preempt_check+0x21/0x30
[  300.461537]  ? lock_acquire+0x1c1/0x330
[  300.461814]  ? __kasan_check_write+0x18/0x20
[  300.462123]  start_this_handle+0x457/0x1550
[  300.462444]  ? __pfx_start_this_handle+0x10/0x10
[  300.462776]  ? kasan_save_track+0x18/0x40
[  300.463071]  ? jbd2__journal_start+0x253/0x6c0
[  300.463388]  ? debug_smp_processor_id+0x20/0x30
[  300.463717]  ? rcu_is_watching+0x19/0xc0
[  300.464002]  ? kmem_cache_alloc_noprof+0x4d4/0x6c0
[  300.464349]  jbd2__journal_start+0x397/0x6c0
[  300.464662]  __ext4_journal_start_sb+0x451/0x650
[  300.464994]  ? __sanitizer_cov_trace_const_cmp4+0x1a/0x20
[  300.465374]  ? ext4_do_writepages+0x11a6/0x3b30
[  300.465699]  ext4_do_writepages+0x11a6/0x3b30
[  300.466008]  ? __this_cpu_preempt_check+0x21/0x30
[  300.466339]  ? _raw_spin_unlock_irqrestore+0x35/0x70
[  300.466716]  ? __lock_acquire+0x412/0x2210
[  300.467017]  ? __pfx_ext4_do_writepages+0x10/0x10
[  300.467357]  ? __this_cpu_preempt_check+0x21/0x30
[  300.467691]  ? lock_is_held_type+0xef/0x150
[  300.467994]  ext4_writepages+0x3e1/0x870
[  300.468280]  ? ext4_writepages+0x3e1/0x870
[  300.468578]  ? __pfx_ext4_writepages+0x10/0x10
[  300.468916]  ? __pfx_ext4_writepages+0x10/0x10
[  300.469235]  do_writepages+0x255/0x5b0
[  300.469510]  __writeback_single_inode+0x121/0x1390
[  300.469851]  ? _raw_spin_unlock+0x31/0x60
[  300.470136]  ? __sanitizer_cov_trace_const_cmp8+0x1c/0x30
[  300.470531]  ? wbc_attach_and_unlock_inode.part.0+0x47a/0x890
[  300.470948]  writeback_sb_inodes+0x7d0/0x1d10
[  300.471273]  ? __pfx_writeback_sb_inodes+0x10/0x10
[  300.471613]  ? __lock_acquire+0x412/0x2210
[  300.471916]  ? kvm_clock_get_cycles+0x43/0x70
[  300.472256]  ? __sanitizer_cov_trace_const_cmp8+0x1c/0x30
[  300.472655]  __writeback_inodes_wb+0xc8/0x280
[  300.472972]  wb_writeback+0x6fe/0xb20
[  300.473247]  ? __pfx_wb_writeback+0x10/0x10
[  300.473556]  ? __sanitizer_cov_trace_cmp4+0x1a/0x20
[  300.473906]  ? get_nr_dirty_inodes+0x12c/0x1b0
[  300.474222]  ? lockdep_hardirqs_on+0x85/0x110
[  300.474550]  wb_workfn+0x75c/0xf60
[  300.474805]  ? try_to_wake_up+0x188/0x15f0
[  300.475105]  ? __pfx_wb_workfn+0x10/0x10
[  300.475393]  process_one_work+0x9ca/0x1d70
[  300.475696]  ? __pfx_process_one_work+0x10/0x10
[  300.476021]  ? move_linked_works+0x1bf/0x2c0
[  300.476334]  ? __this_cpu_preempt_check+0x21/0x30
[  300.476673]  ? __pfx_wb_workfn+0x10/0x10
[  300.476955]  ? assign_work+0x1b6/0x3f0
[  300.477228]  worker_thread+0x6ac/0xed0
[  300.477497]  ? lockdep_hardirqs_on+0x85/0x110
[  300.477811]  ? __pfx_worker_thread+0x10/0x10
[  300.478114]  kthread+0x41a/0x570
[  300.478352]  ? calculate_sigpending+0x8d/0xb0
[  300.478677]  ? __pfx_kthread+0x10/0x10
[  300.478941]  ret_from_fork+0x781/0xbe0
[  300.479213]  ? __pfx_ret_from_fork+0x10/0x10
[  300.479513]  ? native_load_tls+0x16/0x50
[  300.479795]  ? __sanitizer_cov_trace_const_cmp8+0x1c/0x30
[  300.480173]  ? __switch_to+0x81e/0x1110
[  300.480443]  ? __pfx_kthread+0x10/0x10
[  300.480716]  ret_from_fork_asm+0x1a/0x30
[  300.481010]  </TASK>
[  300.481177] INFO: task kworker/u8:5:79 blocked for more than 147 seconds.
[  300.481642]       Not tainted 7.0.0-rc3-next-20260311-next-2026031 #1
[  300.482074] "echo 0 > /proc/sys/kernel/hung_task_timeout_secs" disables this message.
[  300.482612] task:kworker/u8:5    state:D stack:0     pid:79    tgid:79    ppid:2      task_flags:0x4248060 flags:0x00080000
[  300.483381] Workqueue: writeback wb_workfn (flush-8:0)
[  300.483744] Call Trace:
[  300.483922]  <TASK>
[  300.484083]  __schedule+0xf7f/0x4910
[  300.484347]  ? __pfx___schedule+0x10/0x10
[  300.484633]  ? lock_release+0x14f/0x2d0
[  300.484909]  ? kthread_data+0x61/0xd0
[  300.485178]  ? wait_transaction_locked+0x196/0x240
[  300.485510]  schedule+0xf6/0x3d0
[  300.485744]  wait_transaction_locked+0x1bb/0x240
[  300.486075]  ? wait_transaction_locked+0x196/0x240
[  300.486432]  ? __pfx_wait_transaction_locked+0x10/0x10
[  300.486801]  ? __pfx_autoremove_wake_function+0x10/0x10
[  300.487174]  ? kasan_save_stack+0x40/0x60
[  300.487479]  add_transaction_credits+0x121/0x1000
[  300.487816]  ? kthread+0x41a/0x570
[  300.488064]  ? __pfx_add_transaction_credits+0x10/0x10
[  300.488425]  ? __this_cpu_preempt_check+0x21/0x30
[  300.488762]  ? lock_acquire+0x1c1/0x330
[  300.489048]  ? __kasan_check_write+0x18/0x20
[  300.489357]  start_this_handle+0x457/0x1550
[  300.489674]  ? __pfx_start_this_handle+0x10/0x10
[  300.490006]  ? kasan_save_track+0x18/0x40
[  300.490295]  ? jbd2__journal_start+0x253/0x6c0
[  300.490637]  ? debug_smp_processor_id+0x20/0x30
[  300.490958]  ? rcu_is_watching+0x19/0xc0
[  300.491236]  ? kmem_cache_alloc_noprof+0x4d4/0x6c0
[  300.491574]  jbd2__journal_start+0x397/0x6c0
[  300.491886]  __ext4_journal_start_sb+0x451/0x650
[  300.492215]  ? __sanitizer_cov_trace_const_cmp4+0x1a/0x20
[  300.492591]  ? ext4_do_writepages+0x11a6/0x3b30
[  300.492926]  ext4_do_writepages+0x11a6/0x3b30
[  300.493248]  ? __lock_acquire+0x412/0x2210
[  300.493550]  ? __pfx_ext4_do_writepages+0x10/0x10
[  300.493896]  ? __this_cpu_preempt_check+0x21/0x30
[  300.494225]  ? lock_is_held_type+0xef/0x150
[  300.494537]  ext4_writepages+0x3e1/0x870
[  300.494820]  ? ext4_writepages+0x3e1/0x870
[  300.495111]  ? __pfx_ext4_writepages+0x10/0x10
[  300.495437]  ? __pfx_ext4_writepages+0x10/0x10
[  300.495765]  do_writepages+0x255/0x5b0
[  300.496039]  __writeback_single_inode+0x121/0x1390
[  300.496370]  ? _raw_spin_unlock+0x31/0x60
[  300.496651]  ? __sanitizer_cov_trace_const_cmp8+0x1c/0x30
[  300.497023]  ? wbc_attach_and_unlock_inode.part.0+0x47a/0x890
[  300.497431]  writeback_sb_inodes+0x7d0/0x1d10
[  300.497757]  ? __pfx_writeback_sb_inodes+0x10/0x10
[  300.498092]  ? __lock_acquire+0x412/0x2210
[  300.498437]  ? __sanitizer_cov_trace_const_cmp8+0x1c/0x30
[  300.498826]  __writeback_inodes_wb+0xc8/0x280
[  300.499138]  wb_writeback+0x6fe/0xb20
[  300.499403]  ? __pfx_wb_writeback+0x10/0x10
[  300.499705]  ? __sanitizer_cov_trace_cmp4+0x1a/0x20
[  300.500049]  ? get_nr_dirty_inodes+0x12c/0x1b0
[  300.500357]  ? lockdep_hardirqs_on+0x85/0x110
[  300.500667]  wb_workfn+0x75c/0xf60
[  300.500920]  ? __pfx_wb_workfn+0x10/0x10
[  300.501213]  process_one_work+0x9ca/0x1d70
[  300.501508]  ? __pfx_wb_workfn+0x10/0x10
[  300.501798]  ? __pfx_process_one_work+0x10/0x10
[  300.502119]  ? move_linked_works+0x1bf/0x2c0
[  300.502435]  ? __this_cpu_preempt_check+0x21/0x30
[  300.502770]  ? __pfx_wb_workfn+0x10/0x10
[  300.503054]  ? assign_work+0x1b6/0x3f0
[  300.503324]  worker_thread+0x6ac/0xed0
[  300.503596]  ? __pfx_worker_thread+0x10/0x10
[  300.503908]  kthread+0x41a/0x570
[  300.504142]  ? calculate_sigpending+0x8d/0xb0
[  300.504450]  ? __pfx_kthread+0x10/0x10
[  300.504719]  ret_from_fork+0x781/0xbe0
[  300.504984]  ? __pfx_ret_from_fork+0x10/0x10
[  300.505291]  ? native_load_tls+0x16/0x50
[  300.505561]  ? __sanitizer_cov_trace_const_cmp8+0x1c/0x30
[  300.505938]  ? __switch_to+0x81e/0x1110
[  300.506215]  ? __pfx_kthread+0x10/0x10
[  300.506495]  ret_from_fork_asm+0x1a/0x30
[  300.506788]  </TASK>
[  300.506953] INFO: task jbd2/sda-8:100 blocked for more than 147 seconds.
[  300.507418]       Not tainted 7.0.0-rc3-next-20260311-next-2026031 #1
[  300.507858] "echo 0 > /proc/sys/kernel/hung_task_timeout_secs" disables this message.
[  300.508398] task:jbd2/sda-8      state:D stack:0     pid:100   tgid:100   ppid:2      task_flags:0x240040 flags:0x00080000
[  300.509154] Call Trace:
[  300.509334]  <TASK>
[  300.509495]  __schedule+0xf7f/0x4910
[  300.509764]  ? __pfx___schedule+0x10/0x10
[  300.510062]  ? lock_release+0x14f/0x2d0
[  300.510348]  schedule+0xf6/0x3d0
[  300.510606]  jbd2_journal_wait_updates+0x146/0x270
[  300.510957]  ? __pfx_jbd2_journal_wait_updates+0x10/0x10
[  300.511326]  ? __pfx_autoremove_wake_function+0x10/0x10
[  300.511695]  ? lock_release+0x14f/0x2d0
[  300.511974]  jbd2_journal_commit_transaction+0x7aa/0x6350
[  300.512357]  ? hrtimer_start_range_ns+0x6ed/0x18f0
[  300.512704]  ? hrtimer_start_range_ns+0x6ed/0x18f0
[  300.513042]  ? __lock_acquire+0x412/0x2210
[  300.513341]  ? __pfx_jbd2_journal_commit_transaction+0x10/0x10
[  300.513761]  ? do_raw_spin_lock+0x140/0x280
[  300.514056]  ? __pfx_do_raw_spin_lock+0x10/0x10
[  300.514377]  ? lock_acquire+0x1c1/0x330
[  300.514677]  ? __this_cpu_preempt_check+0x21/0x30
[  300.515010]  ? _raw_spin_unlock_irqrestore+0x35/0x70
[  300.515356]  ? lockdep_hardirqs_on+0x85/0x110
[  300.515670]  ? _raw_spin_unlock_irqrestore+0x45/0x70
[  300.516012]  ? __sanitizer_cov_trace_const_cmp4+0x1a/0x20
[  300.516387]  ? __timer_delete_sync+0x21e/0x300
[  300.516701]  ? __this_cpu_preempt_check+0x21/0x30
[  300.517035]  ? lock_release+0x14f/0x2d0
[  300.517317]  kjournald2+0x203/0x790
[  300.517576]  ? __pfx_kjournald2+0x10/0x10
[  300.517863]  ? lockdep_hardirqs_on+0x85/0x110
[  300.518166]  ? __pfx_autoremove_wake_function+0x10/0x10
[  300.518554]  ? __sanitizer_cov_trace_const_cmp1+0x1e/0x30
[  300.518933]  ? __kthread_parkme+0x1bc/0x260
[  300.519237]  ? __pfx_kjournald2+0x10/0x10
[  300.519526]  kthread+0x41a/0x570
[  300.519762]  ? calculate_sigpending+0x8d/0xb0
[  300.520080]  ? __pfx_kthread+0x10/0x10
[  300.520357]  ret_from_fork+0x781/0xbe0
[  300.520631]  ? __pfx_ret_from_fork+0x10/0x10
[  300.520951]  ? native_load_tls+0x16/0x50
[  300.521233]  ? __sanitizer_cov_trace_const_cmp8+0x1c/0x30
[  300.521617]  ? __switch_to+0x81e/0x1110
[  300.521902]  ? __pfx_kthread+0x10/0x10
[  300.522173]  ret_from_fork_asm+0x1a/0x30
[  300.522489]  </TASK>
[  300.522660] INFO: task auditd:238 blocked for more than 147 seconds.
[  300.523100]       Not tainted 7.0.0-rc3-next-20260311-next-2026031 #1
[  300.523546] "echo 0 > /proc/sys/kernel/hung_task_timeout_secs" disables this message.
[  300.524090] task:auditd          state:D stack:0     pid:238   tgid:238   ppid:1      task_flags:0x400140 flags:0x00080000
[  300.524850] Call Trace:
[  300.525032]  <TASK>
[  300.525195]  __schedule+0xf7f/0x4910
[  300.525462]  ? __pfx___schedule+0x10/0x10
[  300.525752]  ? lock_release+0x14f/0x2d0
[  300.526031]  ? wait_transaction_locked+0x196/0x240
[  300.526369]  schedule+0xf6/0x3d0
[  300.526627]  wait_transaction_locked+0x1bb/0x240
[  300.526951]  ? wait_transaction_locked+0x196/0x240
[  300.527282]  ? __pfx_wait_transaction_locked+0x10/0x10
[  300.527642]  ? __pfx_autoremove_wake_function+0x10/0x10
[  300.528015]  add_transaction_credits+0x121/0x1000
[  300.528344]  ? do_syscall_64+0xc1/0x1130
[  300.528632]  ? __pfx_add_transaction_credits+0x10/0x10
[  300.528983]  ? __this_cpu_preempt_check+0x21/0x30
[  300.529313]  ? lock_acquire+0x1c1/0x330
[  300.529598]  ? __kasan_check_write+0x18/0x20
[  300.529916]  start_this_handle+0x457/0x1550
[  300.530217]  ? __pfx_start_this_handle+0x10/0x10
[  300.530563]  ? kasan_save_track+0x18/0x40
[  300.530852]  ? jbd2__journal_start+0x198/0x6c0
[  300.531177]  ? debug_smp_processor_id+0x20/0x30
[  300.531501]  ? rcu_is_watching+0x19/0xc0
[  300.531790]  ? kmem_cache_alloc_noprof+0x4d4/0x6c0
[  300.532139]  jbd2__journal_start+0x397/0x6c0
[  300.532454]  __ext4_journal_start_sb+0x451/0x650
[  300.532789]  ? ext4_dirty_inode+0xb3/0x140
[  300.533080]  ? __pfx_ext4_dirty_inode+0x10/0x10
[  300.533410]  ext4_dirty_inode+0xb3/0x140
[  300.533699]  ? rcu_is_watching+0x19/0xc0
[  300.533982]  __mark_inode_dirty+0x1de/0x1630
[  300.534302]  file_update_time_flags+0x482/0x510
[  300.534657]  file_modified+0x43/0x60
[  300.534911]  ext4_buffered_write_iter+0x101/0x460
[  300.535252]  ext4_file_write_iter+0xb19/0x1e50
[  300.535574]  ? __pfx_ext4_file_write_iter+0x10/0x10
[  300.535917]  ? __this_cpu_preempt_check+0x21/0x30
[  300.536244]  ? lock_is_held_type+0xef/0x150
[  300.536541]  vfs_write+0xc6d/0x11f0
[  300.536802]  ? __pfx_ext4_file_write_iter+0x10/0x10
[  300.537143]  ? __pfx_vfs_write+0x10/0x10
[  300.537430]  ? mutex_lock_nested+0x1f/0x30
[  300.537722]  ksys_write+0x14e/0x280
[  300.537976]  ? __pfx_ksys_write+0x10/0x10
[  300.538269]  __x64_sys_write+0x7b/0xc0
[  300.538555]  x64_sys_call+0x1704/0x21c0
[  300.538836]  do_syscall_64+0xc1/0x1130
[  300.539113]  entry_SYSCALL_64_after_hwframe+0x76/0x7e
[  300.539474] RIP: 0033:0x7fed2f73ebcf
[  300.539738] RSP: 002b:00007ffca719f140 EFLAGS: 00000293 ORIG_RAX: 0000000000000001
[  300.540268] RAX: ffffffffffffffda RBX: 00000000000000f0 RCX: 00007fed2f73ebcf
[  300.540760] RDX: 00000000000000f0 RSI: 0000557c32e760d0 RDI: 0000000000000005
[  300.541252] RBP: 0000557c32e760d0 R08: 0000000000000000 R09: 00007fed2f7b14e0
[  300.541746] R10: 00007fed2f7b13e0 R11: 0000000000000293 R12: 00000000000000f0
[  300.542242] R13: 0000557c32e6c2a0 R14: 00000000000000f0 R15: 00007fed2f7f69e0
[  300.542764]  </TASK>
[  300.542935] INFO: task rs:main Q:Reg:341 blocked for more than 147 seconds.
[  300.543411]       Not tainted 7.0.0-rc3-next-20260311-next-2026031 #1
[  300.543852] "echo 0 > /proc/sys/kernel/hung_task_timeout_secs" disables this message.
[  300.544385] task:rs:main Q:Reg   state:D stack:0     pid:341   tgid:301   ppid:1      task_flags:0x400040 flags:0x00080000
[  300.545127] Call Trace:
[  300.545303]  <TASK>
[  300.545461]  __schedule+0xf7f/0x4910
[  300.545725]  ? __pfx___schedule+0x10/0x10
[  300.546005]  ? lock_release+0x14f/0x2d0
[  300.546281]  ? wait_transaction_locked+0x196/0x240
[  300.546635]  schedule+0xf6/0x3d0
[  300.546879]  wait_transaction_locked+0x1bb/0x240
[  300.547201]  ? wait_transaction_locked+0x196/0x240
[  300.547537]  ? __pfx_wait_transaction_locked+0x10/0x10
[  300.547899]  ? __pfx_autoremove_wake_function+0x10/0x10
[  300.548273]  add_transaction_credits+0x121/0x1000
[  300.548611]  ? do_syscall_64+0xc1/0x1130
[  300.548897]  ? __pfx_add_transaction_credits+0x10/0x10
[  300.549257]  ? __this_cpu_preempt_check+0x21/0x30
[  300.549599]  ? lock_acquire+0x1c1/0x330
[  300.549891]  ? __kasan_check_write+0x18/0x20
[  300.550206]  start_this_handle+0x457/0x1550
[  300.550521]  ? __pfx_start_this_handle+0x10/0x10
[  300.550850]  ? kasan_save_track+0x18/0x40
[  300.551151]  ? jbd2__journal_start+0x198/0x6c0
[  300.551461]  ? debug_smp_processor_id+0x20/0x30
[  300.551784]  ? rcu_is_watching+0x19/0xc0
[  300.552066]  ? kmem_cache_alloc_noprof+0x4d4/0x6c0
[  300.552407]  jbd2__journal_start+0x397/0x6c0
[  300.552714]  __ext4_journal_start_sb+0x451/0x650
[  300.553044]  ? ext4_dirty_inode+0xb3/0x140
[  300.553329]  ? __pfx_ext4_dirty_inode+0x10/0x10
[  300.553651]  ext4_dirty_inode+0xb3/0x140
[  300.553924]  ? rcu_is_watching+0x19/0xc0
[  300.554203]  __mark_inode_dirty+0x1de/0x1630
[  300.554530]  file_update_time_flags+0x482/0x510
[  300.554868]  file_modified+0x43/0x60
[  300.555123]  ext4_buffered_write_iter+0x101/0x460
[  300.555454]  ext4_file_write_iter+0xb19/0x1e50
[  300.555779]  ? __pfx_ext4_file_write_iter+0x10/0x10
[  300.556127]  ? __this_cpu_preempt_check+0x21/0x30
[  300.556454]  ? lock_is_held_type+0xef/0x150
[  300.556752]  vfs_write+0xc6d/0x11f0
[  300.557003]  ? __pfx_ext4_file_write_iter+0x10/0x10
[  300.557379]  ? __pfx_vfs_write+0x10/0x10
[  300.557681]  ? mutex_lock_nested+0x1f/0x30
[  300.557979]  ksys_write+0x14e/0x280
[  300.558236]  ? __pfx_ksys_write+0x10/0x10
[  300.558547]  ? seqcount_lockdep_reader_access.constprop.0+0xc0/0xd0
[  300.558992]  ? ktime_get_coarse_real_ts64+0xad/0xf0
[  300.559341]  __x64_sys_write+0x7b/0xc0
[  300.559622]  x64_sys_call+0x1704/0x21c0
[  300.559894]  do_syscall_64+0xc1/0x1130
[  300.560169]  entry_SYSCALL_64_after_hwframe+0x76/0x7e
[  300.560519] RIP: 0033:0x7fd85b73ebcf
[  300.560772] RSP: 002b:00007fd85a732890 EFLAGS: 00000293 ORIG_RAX: 0000000000000001
[  300.561289] RAX: ffffffffffffffda RBX: 00007fd854004190 RCX: 00007fd85b73ebcf
[  300.561771] RDX: 0000000000000056 RSI: 00007fd854004430 RDI: 0000000000000008
[  300.562256] RBP: 00007fd854004430 R08: 0000000000000000 R09: 0000000000000000
[  300.562751] R10: 000000000000000a R11: 0000000000000293 R12: 0000000000000000
[  300.563242] R13: 0000563e7ba46e00 R14: 00007fd854004190 R15: 0000000000000056
[  300.563740]  </TASK>
[  300.563906] Future hung task reports are suppressed, see sysctl kernel.hung_task_warnings
[  300.564469] 
[  300.564469] Showing all locks held in the system:
[  300.564901] 3 locks held by systemd/744:
[  300.565181]  #0: ff1100001022e408 (sb_writers#3){.+.+}-{0:0}, at: filename_rmdir+0x2e6/0x560
[  300.565797]  #1: ff1100001c843d40 (&type->i_mutex_dir_key#3/1){+.+.}-{4:4}, at: filename_rmdir+0x332/0x560
[  300.566492]  #2: ff1100001c842a20 (&type->i_mutex_dir_key#3){++++}-{4:4}, at: vfs_rmdir+0xfc/0x880
[  300.567140] 3 locks held by systemd/745:
[  300.567417]  #0: ff1100001022e408 (sb_writers#3){.+.+}-{0:0}, at: filename_rmdir+0x2e6/0x560
[  300.568034]  #1: ff1100001c8476a0 (&type->i_mutex_dir_key#3/1){+.+.}-{4:4}, at: filename_rmdir+0x332/0x560
[  300.568732]  #2: ff1100001c846d10 (&type->i_mutex_dir_key#3){++++}-{4:4}, at: vfs_rmdir+0xfc/0x880
[  300.569373] 4 locks held by kworker/u8:0/12:
[  300.569674]  #0: ff1100000bdf6948 ((wq_completion)writeback){+.+.}-{0:0}, at: process_one_work+0x1434/0x1d70
[  300.570365]  #1: ff1100000b5a7ce8 ((work_completion)(&(&wb->dwork)->work)){+.+.}-{0:0}, at: process_one_work+0x8eb/0x1d70
[  300.571161]  #2: ff1100001022e0e0 (&type->s_umount_key#39){++++}-{4:4}, at: super_trylock_shared+0x2b/0x110
[  300.571852]  #3: ff1100001022ab98 (&sbi->s_writepages_rwsem){++++}-{0:0}, at: do_writepages+0x255/0x5b0
[  300.572517] 1 lock held by khungtaskd/33:
[  300.572803]  #0: ffffffff87697d20 (rcu_read_lock){....}-{1:3}, at: debug_show_all_locks+0x3b/0x1f0
[  300.573442] 4 locks held by kworker/u8:1/35:
[  300.573750]  #0: ff1100000bdf6948 ((wq_completion)writeback){+.+.}-{0:0}, at: process_one_work+0x1434/0x1d70
[  300.574455]  #1: ff1100000beafce8 ((work_completion)(&(&wb->dwork)->work)){+.+.}-{0:0}, at: process_one_work+0x8eb/0x1d70
[  300.575231]  #2: ff1100001022e0e0 (&type->s_umount_key#39){++++}-{4:4}, at: super_trylock_shared+0x2b/0x110
[  300.575915]  #3: ff1100001022ab98 (&sbi->s_writepages_rwsem){++++}-{0:0}, at: do_writepages+0x255/0x5b0
[  300.576559] 4 locks held by kworker/u8:2/37:
[  300.576860]  #0: ff1100000bdf6948 ((wq_completion)writeback){+.+.}-{0:0}, at: process_one_work+0x1434/0x1d70
[  300.577542]  #1: ff1100000bed7ce8 ((work_completion)(&(&wb->dwork)->work)){+.+.}-{0:0}, at: process_one_work+0x8eb/0x1d70
[  300.578305]  #2: ff1100001022e0e0 (&type->s_umount_key#39){++++}-{4:4}, at: super_trylock_shared+0x2b/0x110
[  300.579002]  #3: ff1100001022ab98 (&sbi->s_writepages_rwsem){++++}-{0:0}, at: do_writepages+0x255/0x5b0
[  300.579676] 4 locks held by kworker/u8:3/54:
[  300.579971]  #0: ff1100000bdf6948 ((wq_completion)writeback){+.+.}-{0:0}, at: process_one_work+0x1434/0x1d70
[  300.580665]  #1: ff1100000c87fce8 ((work_completion)(&(&wb->dwork)->work)){+.+.}-{0:0}, at: process_one_work+0x8eb/0x1d70
[  300.581486]  #2: ff1100001022e0e0 (&type->s_umount_key#39){++++}-{4:4}, at: super_trylock_shared+0x2b/0x110
[  300.582238]  #3: ff1100001022ab98 (&sbi->s_writepages_rwsem){++++}-{0:0}, at: do_writepages+0x255/0x5b0
[  300.582967] 4 locks held by kworker/u8:5/79:
[  300.583294]  #0: ff1100000bdf6948 ((wq_completion)writeback){+.+.}-{0:0}, at: process_one_work+0x1434/0x1d70
[  300.584054]  #1: ff1100000e677ce8 ((work_completion)(&(&wb->dwork)->work)){+.+.}-{0:0}, at: process_one_work+0x8eb/0x1d70
[  300.584889]  #2: ff1100001022e0e0 (&type->s_umount_key#39){++++}-{4:4}, at: super_trylock_shared+0x2b/0x110
[  300.585646]  #3: ff1100001022ab98 (&sbi->s_writepages_rwsem){++++}-{0:0}, at: do_writepages+0x255/0x5b0
[  300.586364] 3 locks held by auditd/238:
[  300.586675]  #0: ff110000158aaef8 (&f->f_pos_lock){+.+.}-{4:4}, at: fdget_pos+0x2b5/0x390
[  300.587316]  #1: ff1100001022e408 (sb_writers#3){.+.+}-{0:0}, at: ksys_write+0x14e/0x280
[  300.587948]  #2: ff11000016f9bd40 (&sb->s_type->i_mutex_key#10){++++}-{4:4}, at: ext4_buffered_write_iter+0xb8/0x460
[  300.588757] 2 locks held by in:imjournal/340:
[  300.589090]  #0: ff1100001022e408 (sb_writers#3){.+.+}-{0:0}, at: path_openat+0x1939/0x2f70
[  300.589733]  #1: ff1100001eb83d40 (&type->i_mutex_dir_key#3){++++}-{4:4}, at: path_openat+0xf5d/0x2f70
[  300.590468] 3 locks held by rs:main Q:Reg/341:
[  300.590814]  #0: ff110000150c0638 (&f->f_pos_lock){+.+.}-{4:4}, at: fdget_pos+0x2b5/0x390
[  300.591450]  #1: ff1100001022e408 (sb_writers#3){.+.+}-{0:0}, at: ksys_write+0x14e/0x280
[  300.592079]  #2: ff1100001cab2a20 (&sb->s_type->i_mutex_key#10){++++}-{4:4}, at: ext4_buffered_write_iter+0xb8/0x460
[  300.592827] 3 locks held by repro/723:
[  300.593090]  #0: ff1100001022e408 (sb_writers#3){.+.+}-{0:0}, at: filename_rmdir+0x2e6/0x560
[  300.593698]  #1: ff110000255cd9f0 (&type->i_mutex_dir_key#3/1){+.+.}-{4:4}, at: filename_rmdir+0x332/0x560
[  300.594393]  #2: ff1100001022e5f8 (sb_internal){.+.+}-{0:0}, at: evict+0x371/0xae0
[  300.594966] 3 locks held by repro/730:
[  300.595229]  #0: ff11000014e4c638 (&f->f_pos_lock){+.+.}-{4:4}, at: fdget_pos+0x2b5/0x390
[  300.595817]  #1: ff11000025689700 (&type->i_mutex_dir_key#3){++++}-{4:4}, at: iterate_dir+0x1a0/0xb00
[  300.596466]  #2: ff1100001022e408 (sb_writers#3){.+.+}-{0:0}, at: iterate_dir+0x879/0xb00
[  300.597049] 3 locks held by repro/731:
[  300.597308]  #0: ff1100001379fb38 (&f->f_pos_lock){+.+.}-{4:4}, at: fdget_pos+0x2b5/0x390
[  300.597877]  #1: ff1100002568d9f0 (&type->i_mutex_dir_key#3){++++}-{4:4}, at: iterate_dir+0x1a0/0xb00
[  300.598592]  #2: ff1100001022e408 (sb_writers#3){.+.+}-{0:0}, at: iterate_dir+0x879/0xb00
[  300.599256] 3 locks held by repro/734:
[  300.599552]  #0: ff1100001022e408 (sb_writers#3){.+.+}-{0:0}, at: filename_create+0x122/0x460
[  300.600235]  #1: ff110000255733b0 (&type->i_mutex_dir_key#3/1){+.+.}-{4:4}, at: filename_create+0x1e6/0x460
[  300.601008]  #2: ff110000101ac950 (jbd2_handle){++++}-{0:0}, at: start_this_handle+0x1042/0x1550
[  300.601697] 2 locks held by repro/736:
[  300.601982]  #0: ff1100001022e408 (sb_writers#3){.+.+}-{0:0}, at: filename_create+0x122/0x460
[  300.602658]  #1: ff11000025570d70 (&type->i_mutex_dir_key#3/1){+.+.}-{4:4}, at: filename_create+0x1e6/0x460
[  300.603418] 2 locks held by repro/737:
[  300.603710]  #0: ff1100001022e408 (sb_writers#3){.+.+}-{0:0}, at: filename_create+0x122/0x460
[  300.604367]  #1: ff11000025655060 (&type->i_mutex_dir_key#3/1){+.+.}-{4:4}, at: filename_create+0x1e6/0x460
[  300.605120] 2 locks held by repro/738:
[  300.605402]  #0: ff1100001022e408 (sb_writers#3){.+.+}-{0:0}, at: filename_create+0x122/0x460
[  300.606064]  #1: ff11000025652a20 (&type->i_mutex_dir_key#3/1){+.+.}-{4:4}, at: filename_create+0x1e6/0x460
[  300.606837] 2 locks held by repro/739:
[  300.607125]  #0: ff1100001022e408 (sb_writers#3){.+.+}-{0:0}, at: filename_create+0x122/0x460
[  300.607797]  #1: ff11000025656d10 (&type->i_mutex_dir_key#3/1){+.+.}-{4:4}, at: filename_create+0x1e6/0x460
[  300.608504] 
[  300.608625] =============================================
[  300.608625] 
