c[?7l[2J[0mSeaBIOS (version rel-1.16.0-0-gd239552ce722-prebuilt.qemu.org)


iPXE (http://ipxe.org) 00:03.0 CA00 PCI2.10 PnP PMM+7FF91000+7FEF1000 CA00
Press Ctrl-B to configure iPXE (PCI 00:03.0)...                                                                               


Booting from ROM...
c[?7l[2J[    0.000000] Linux version 6.9.0-rc1-ac6727189c07+ (root@p-mtlsx) (gcc (GCC) 11.5.0 20240719 (Red Hat 11.5.0-2), GNU ld version 2.35.2-54.el9) #1 SMP PREEMPT_DYNAMIC Fri Oct 18 23:21:16 CST 2024
[    0.000000] Command line: console=ttyS0 root=/dev/sda earlyprintk=serial net.ifnames=0 plymouth.enable=0
[    0.000000] KERNEL supported cpus:
[    0.000000]   Intel GenuineIntel
[    0.000000]   AMD AuthenticAMD
[    0.000000]   Hygon HygonGenuine
[    0.000000]   Centaur CentaurHauls
[    0.000000]   zhaoxin   Shanghai  
[    0.000000] x86/split lock detection: #DB: warning on user-space bus_locks
[    0.000000] BIOS-provided physical RAM map:
[    0.000000] BIOS-e820: [mem 0x0000000000000000-0x000000000009fbff] usable
[    0.000000] BIOS-e820: [mem 0x000000000009fc00-0x000000000009ffff] reserved
[    0.000000] BIOS-e820: [mem 0x00000000000f0000-0x00000000000fffff] reserved
[    0.000000] BIOS-e820: [mem 0x0000000000100000-0x000000007ffdffff] usable
[    0.000000] BIOS-e820: [mem 0x000000007ffe0000-0x000000007fffffff] reserved
[    0.000000] BIOS-e820: [mem 0x00000000feffc000-0x00000000feffffff] reserved
[    0.000000] BIOS-e820: [mem 0x00000000fffc0000-0x00000000ffffffff] reserved
[    0.000000] printk: legacy bootconsole [earlyser0] enabled
[    0.000000] NX (Execute Disable) protection: active
[    0.000000] APIC: Static calls initialized
[    0.000000] SMBIOS 2.8 present.
[    0.000000] DMI: QEMU Standard PC (i440FX + PIIX, 1996), BIOS rel-1.16.0-0-gd239552ce722-prebuilt.qemu.org 04/01/2014
[    0.000000] Hypervisor detected: KVM
[    0.000000] kvm-clock: Using msrs 4b564d01 and 4b564d00
[    0.000013] kvm-clock: using sched offset of 1389305060 cycles
[    0.000996] clocksource: kvm-clock: mask: 0xffffffffffffffff max_cycles: 0x1cd42e4dffb, max_idle_ns: 881590591483 ns
[    0.003803] tsc: Detected 2380.800 MHz processor
[    0.022015] last_pfn = 0x7ffe0 max_arch_pfn = 0x400000000
[    0.022809] MTRR map: 4 entries (3 fixed + 1 variable; max 19), built from 8 variable MTRRs
[    0.024134] x86/PAT: Configuration [0-7]: WB  WC  UC- UC  WB  WP  UC- WT  
[    0.043206] found SMP MP-table at [mem 0x000f5ba0-0x000f5baf]
[    0.043994] Using GB pages for direct mapping
[    0.047779] ACPI: Early table checksum verification disabled
[    0.048458] ACPI: RSDP 0x00000000000F59C0 000014 (v00 BOCHS )
[    0.049110] ACPI: RSDT 0x000000007FFE1951 000034 (v01 BOCHS  BXPC     00000001 BXPC 00000001)
[    0.050164] ACPI: FACP 0x000000007FFE17FD 000074 (v01 BOCHS  BXPC     00000001 BXPC 00000001)
[    0.051388] ACPI: DSDT 0x000000007FFE0040 0017BD (v01 BOCHS  BXPC     00000001 BXPC 00000001)
[    0.052604] ACPI: FACS 0x000000007FFE0000 000040
[    0.053281] ACPI: APIC 0x000000007FFE1871 000080 (v01 BOCHS  BXPC     00000001 BXPC 00000001)
[    0.054499] ACPI: HPET 0x000000007FFE18F1 000038 (v01 BOCHS  BXPC     00000001 BXPC 00000001)
[    0.055927] ACPI: WAET 0x000000007FFE1929 000028 (v01 BOCHS  BXPC     00000001 BXPC 00000001)
[    0.057202] ACPI: Reserving FACP table memory at [mem 0x7ffe17fd-0x7ffe1870]
[    0.058050] ACPI: Reserving DSDT table memory at [mem 0x7ffe0040-0x7ffe17fc]
[    0.058797] ACPI: Reserving FACS table memory at [mem 0x7ffe0000-0x7ffe003f]
[    0.059540] ACPI: Reserving APIC table memory at [mem 0x7ffe1871-0x7ffe18f0]
[    0.060262] ACPI: Reserving HPET table memory at [mem 0x7ffe18f1-0x7ffe1928]
[    0.060989] ACPI: Reserving WAET table memory at [mem 0x7ffe1929-0x7ffe1950]
[    0.062651] No NUMA configuration found
[    0.063060] Faking a node at [mem 0x0000000000000000-0x000000007ffdffff]
[    0.063781] NODE_DATA(0) allocated [mem 0x7ffb4e00-0x7ffdfdff]
[    0.066948] Zone ranges:
[    0.067236]   DMA      [mem 0x0000000000001000-0x0000000000ffffff]
[    0.067889]   DMA32    [mem 0x0000000001000000-0x000000007ffdffff]
[    0.068524]   Normal   empty
[    0.068828]   Device   empty
[    0.069133] Movable zone start for each node
[    0.069591] Early memory node ranges
[    0.069982]   node   0: [mem 0x0000000000001000-0x000000000009efff]
[    0.070660]   node   0: [mem 0x0000000000100000-0x000000007ffdffff]
[    0.071650] Initmem setup node 0 [mem 0x0000000000001000-0x000000007ffdffff]
[    0.073641] On node 0, zone DMA: 1 pages in unavailable ranges
[    0.074862] On node 0, zone DMA: 97 pages in unavailable ranges
[    0.150293] On node 0, zone DMA32: 32 pages in unavailable ranges
[    0.775719] kasan: KernelAddressSanitizer initialized
[    0.777337] ACPI: PM-Timer IO Port: 0x608
[    0.778082] ACPI: LAPIC_NMI (acpi_id[0xff] dfl dfl lint[0x1])
[    0.779171] IOAPIC[0]: apic_id 0, version 17, address 0xfec00000, GSI 0-23
[    0.780390] ACPI: INT_SRC_OVR (bus 0 bus_irq 0 global_irq 2 dfl dfl)
[    0.781467] ACPI: INT_SRC_OVR (bus 0 bus_irq 5 global_irq 5 high level)
[    0.782585] ACPI: INT_SRC_OVR (bus 0 bus_irq 9 global_irq 9 high level)
[    0.783705] ACPI: INT_SRC_OVR (bus 0 bus_irq 10 global_irq 10 high level)
[    0.784850] ACPI: INT_SRC_OVR (bus 0 bus_irq 11 global_irq 11 high level)
[    0.786021] ACPI: Using ACPI (MADT) for SMP configuration information
[    0.787109] ACPI: HPET id: 0x8086a201 base: 0xfed00000
[    0.788004] TSC deadline timer available
[    0.788676] CPU topo: Max. logical packages:   1
[    0.789460] CPU topo: Max. logical dies:       1
[    0.790241] CPU topo: Max. dies per package:   1
[    0.791030] CPU topo: Max. threads per core:   1
[    0.791805] CPU topo: Num. cores per package:     2
[    0.792635] CPU topo: Num. threads per package:   2
[    0.793458] CPU topo: Allowing 2 present CPUs plus 0 hotplug CPUs
[    0.794584] kvm-guest: APIC: eoi() replaced with kvm_guest_apic_eoi_write()
[    0.795847] kvm-guest: KVM setup pv remote TLB flush
[    0.796699] kvm-guest: setup PV sched yield
[    0.797519] PM: hibernation: Registered nosave memory: [mem 0x00000000-0x00000fff]
[    0.798804] PM: hibernation: Registered nosave memory: [mem 0x0009f000-0x0009ffff]
[    0.800078] PM: hibernation: Registered nosave memory: [mem 0x000a0000-0x000effff]
[    0.801345] PM: hibernation: Registered nosave memory: [mem 0x000f0000-0x000fffff]
[    0.802625] [mem 0x80000000-0xfeffbfff] available for PCI devices
[    0.803654] Booting paravirtualized kernel on KVM
[    0.804474] clocksource: refined-jiffies: mask: 0xffffffff max_cycles: 0xffffffff, max_idle_ns: 7645519600211568 ns
[    0.806252] setup_percpu: NR_CPUS:8192 nr_cpumask_bits:2 nr_cpu_ids:2 nr_node_ids:1
[    0.810028] percpu: Embedded 84 pages/cpu s307200 r8192 d28672 u1048576
[    0.811686] kvm-guest: PV spinlocks enabled
[    0.812423] PV qspinlock hash table entries: 256 (order: 0, 4096 bytes, linear)
[    0.813688] Kernel command line: net.ifnames=0 console=ttyS0 root=/dev/sda earlyprintk=serial net.ifnames=0 plymouth.enable=0
[    0.816577] random: crng init done
[    0.819641] Dentry cache hash table entries: 262144 (order: 9, 2097152 bytes, linear)
[    0.822567] Inode-cache hash table entries: 131072 (order: 8, 1048576 bytes, linear)
[    0.824514] Fallback order for Node 0: 0 
[    0.824547] Built 1 zonelists, mobility grouping on.  Total pages: 515808
[    0.826357] Policy zone: DMA32
[    0.826865] mem auto-init: stack:off, heap alloc:off, heap free:off
[    0.827900] stackdepot: allocating hash table via alloc_large_system_hash
[    0.829028] stackdepot hash table entries: 1048576 (order: 12, 16777216 bytes, linear)
[    0.957345] Memory: 1563724K/2096632K available (75776K kernel code, 14273K rwdata, 16916K rodata, 15096K init, 68640K bss, 532652K reserved, 0K cma-reserved)
[    0.960654] SLUB: HWalign=64, Order=0-3, MinObjects=0, CPUs=2, Nodes=1
[    0.961201] kmemleak: Kernel memory leak detector disabled
[    0.962031] ftrace: allocating 71098 entries in 278 pages
[    1.019455] ftrace: allocated 278 pages with 4 groups
[    1.027109] Dynamic Preempt: voluntary
[    1.028984] Running RCU self tests
[    1.029428] Running RCU synchronous self tests
[    1.030019] rcu: Preemptible hierarchical RCU implementation.
[    1.030737] rcu: 	RCU lockdep checking is enabled.
[    1.031339] rcu: 	RCU restricting CPUs from NR_CPUS=8192 to nr_cpu_ids=2.
[    1.032243] 	Trampoline variant of Tasks RCU enabled.
[    1.032862] 	Rude variant of Tasks RCU enabled.
[    1.033430] 	Tracing variant of Tasks RCU enabled.
[    1.034036] rcu: RCU calculated value of scheduler-enlistment delay is 25 jiffies.
[    1.034977] rcu: Adjusting geometry for rcu_fanout_leaf=16, nr_cpu_ids=2
[    1.035940] Running RCU synchronous self tests
[    1.036504] RCU Tasks: Setting shift to 1 and lim to 1 rcu_task_cb_adjust=1.
[    1.037391] RCU Tasks Rude: Setting shift to 1 and lim to 1 rcu_task_cb_adjust=1.
[    1.038331] RCU Tasks Trace: Setting shift to 1 and lim to 1 rcu_task_cb_adjust=1.
[    1.111450] NR_IRQS: 524544, nr_irqs: 440, preallocated irqs: 16
[    1.112581] rcu: srcu_init: Setting srcu_struct sizes based on contention.
[    1.121561] Console: colour VGA+ 80x25
[    1.121932] printk: legacy console [ttyS0] enabled
[    1.121932] printk: legacy console [ttyS0] enabled
[    1.122728] printk: legacy bootconsole [earlyser0] disabled
[    1.122728] printk: legacy bootconsole [earlyser0] disabled
[    1.124018] Lock dependency validator: Copyright (c) 2006 Red Hat, Inc., Ingo Molnar
[    1.125080] ... MAX_LOCKDEP_SUBCLASSES:  8
[    1.125762] ... MAX_LOCK_DEPTH:          48
[    1.126462] ... MAX_LOCKDEP_KEYS:        8192
[    1.127190] ... CLASSHASH_SIZE:          4096
[    1.127910] ... MAX_LOCKDEP_ENTRIES:     524288
[    1.128666] ... MAX_LOCKDEP_CHAINS:      524288
[    1.129416] ... CHAINHASH_SIZE:          262144
[    1.130168]  memory used by lock dependency info: 54145 kB
[    1.131069]  memory used for stack traces: 4224 kB
[    1.131853]  per task-struct memory footprint: 1920 bytes
[    1.132732] ACPI: Core revision 20230628
[    1.133862] clocksource: hpet: mask: 0xffffffff max_cycles: 0xffffffff, max_idle_ns: 19112604467 ns
[    1.134828] APIC: Switch to symmetric I/O mode setup
[    1.135366] x2apic enabled
[    1.135953] APIC: Switched APIC routing to: physical x2apic
[    1.136392] kvm-guest: APIC: send_IPI_mask() replaced with kvm_send_ipi_mask()
[    1.136962] kvm-guest: APIC: send_IPI_mask_allbutself() replaced with kvm_send_ipi_mask_allbutself()
[    1.137663] kvm-guest: setup PV IPIs
[    1.139052] ..TIMER: vector=0x30 apic1=0 pin1=2 apic2=-1 pin2=-1
[    1.139539] clocksource: tsc-early: mask: 0xffffffffffffffff max_cycles: 0x22515dbcb04, max_idle_ns: 440795204659 ns
[    1.140372] Calibrating delay loop (skipped) preset value.. 4761.60 BogoMIPS (lpj=9523200)
[    1.144687] x86/cpu: User Mode Instruction Prevention (UMIP) activated
[    1.146057] Last level iTLB entries: 4KB 0, 2MB 0, 4MB 0
[    1.146684] Last level dTLB entries: 4KB 0, 2MB 0, 4MB 0, 1GB 0
[    1.148458] Spectre V1 : Mitigation: usercopy/swapgs barriers and __user pointer sanitization
[    1.149157] Spectre V2 : WARNING: Unprivileged eBPF is enabled with eIBRS on, data leaks possible via Spectre v2 BHB attacks!
[    1.150009] Spectre V2 : Mitigation: Enhanced / Automatic IBRS
[    1.150446] Spectre V2 : Spectre v2 / SpectreRSB mitigation: Filling RSB on context switch
[    1.151053] Spectre V2 : Spectre v2 / PBRSB-eIBRS: Retire a single CALL on VMEXIT
[    1.151607] Spectre V2 : mitigation: Enabling conditional Indirect Branch Prediction Barrier
[    1.152234] Speculative Store Bypass: Mitigation: Speculative Store Bypass disabled via prctl
[    1.152359] MMIO Stale Data: Unknown: No mitigations
[    1.152720] x86/fpu: Supporting XSAVE feature 0x001: 'x87 floating point registers'
[    1.153193] x86/fpu: Supporting XSAVE feature 0x002: 'SSE registers'
[    1.153583] x86/fpu: Supporting XSAVE feature 0x004: 'AVX registers'
[    1.153976] x86/fpu: Supporting XSAVE feature 0x200: 'Protection Keys User registers'
[    1.154457] x86/fpu: xstate_offset[2]:  576, xstate_sizes[2]:  256
[    1.154835] x86/fpu: xstate_offset[9]:  832, xstate_sizes[9]:    8
[    1.155214] x86/fpu: Enabled xstate features 0x207, context size is 840 bytes, using 'compacted' format.
[    1.376098] Freeing SMP alternatives memory: 56K
[    1.376387] pid_max: default: 32768 minimum: 301
[    1.378357] LSM: initializing lsm=capability,yama,ima,evm
[    1.379456] Yama: becoming mindful.
[    1.381806] Mount-cache hash table entries: 4096 (order: 3, 32768 bytes, linear)
[    1.383107] Mountpoint-cache hash table entries: 4096 (order: 3, 32768 bytes, linear)
[    1.391194] Running RCU synchronous self tests
[    1.391937] Running RCU synchronous self tests
[    1.394433] smpboot: CPU0: Genuine Intel(R) 0000 @ (family: 0x6, model: 0xac, stepping: 0x0)
[    1.396996] Running RCU Tasks wait API self tests
[    1.500569] Running RCU Tasks Rude wait API self tests
[    1.501305] Running RCU Tasks Trace wait API self tests
[    1.501890] Performance Events: Meteorlake Hybrid events, full-width counters, Intel PMU driver.
[    1.503987] ------------[ cut here ]------------
[    1.504368] WARNING: CPU: 0 PID: 1 at arch/x86/events/intel/core.c:4795 intel_pmu_cpu_starting+0x152f/0x1c90
[    1.505243] Modules linked in:
[    1.505527] CPU: 0 PID: 1 Comm: swapper/0 Not tainted 6.9.0-rc1-ac6727189c07+ #1
[    1.506217] Hardware name: QEMU Standard PC (i440FX + PIIX, 1996), BIOS rel-1.16.0-0-gd239552ce722-prebuilt.qemu.org 04/01/2014
[    1.507210] RIP: 0010:intel_pmu_cpu_starting+0x152f/0x1c90
[    1.507708] Code: 03 80 3c 11 00 0f 85 26 06 00 00 48 8b 85 28 ff ff ff 48 89 98 38 14 00 00 4c 89 b8 e8 13 00 00 e9 d1 fc ff ff e8 f1 6d 60 00 <0f> 0b 48 8b 85 08 ff ff ff 48 8d b8 48 14 00 00 48 b8 00 00 00 00
[    1.508384] RSP: 0000:ffff88800d83fa50 EFLAGS: 00010293
[    1.508838] RAX: 0000000000000000 RBX: 0000000000000000 RCX: ffffffff81034b11
[    1.509420] RDX: ffff88800d3b0000 RSI: ffffffff81035bbf RDI: 0000000000000001
[    1.510019] RBP: ffff88800d83fb80 R08: 0000000000000000 R09: fffffbfff0f3c5ec
[    1.510618] R10: 0000000000000000 R11: 0000000000000001 R12: 0000000000000000
[    1.511212] R13: 0000000000000068 R14: ffffffff81009aa0 R15: 0000000000000000
[    1.511814] FS:  0000000000000000(0000) GS:ffff88806c600000(0000) knlGS:0000000000000000
[    1.512367] CS:  0010 DS: 0000 ES: 0000 CR0: 0000000080050033
[    1.512859] CR2: ffff88800cc01000 CR3: 0000000006c7e001 CR4: 0000000000770ef0
[    1.513434] DR0: 0000000000000000 DR1: 0000000000000000 DR2: 0000000000000000
[    1.514053] DR3: 0000000000000000 DR6: 00000000ffff07f0 DR7: 0000000000000400
[    1.514698] PKRU: 55555554
[    1.514972] Call Trace:
[    1.515199]  <TASK>
[    1.515407]  ? show_regs+0xa8/0xc0
[    1.515783]  ? __warn+0xee/0x380
[    1.516129]  ? report_bug+0x25e/0x4b0
[    1.516369]  ? intel_pmu_cpu_starting+0x152f/0x1c90
[    1.516832]  ? report_bug+0x2cb/0x4b0
[    1.517177]  ? intel_pmu_cpu_starting+0x152f/0x1c90
[    1.517628]  ? handle_bug+0xa2/0x130
[    1.518004]  ? exc_invalid_op+0x3c/0x80
[    1.518364]  ? asm_exc_invalid_op+0x1f/0x30
[    1.518743]  ? __pfx_x86_pmu_starting_cpu+0x10/0x10
[    1.519171]  ? intel_pmu_cpu_starting+0x481/0x1c90
[    1.519586]  ? intel_pmu_cpu_starting+0x152f/0x1c90
[    1.520001]  ? intel_pmu_cpu_starting+0x152f/0x1c90
[    1.520373]  ? __pfx___lock_acquire+0x10/0x10
[    1.520768]  ? __pfx___lock_acquire+0x10/0x10
[    1.521134]  ? __pfx_intel_pmu_cpu_starting+0x10/0x10
[    1.521549]  ? debug_smp_processor_id+0x20/0x30
[    1.521944]  ? __pfx_intel_pmu_cpu_starting+0x10/0x10
[    1.522382]  ? __pfx_x86_pmu_starting_cpu+0x10/0x10
[    1.522818]  x86_pmu_starting_cpu+0x2e/0x50
[    1.523184]  cpuhp_invoke_callback+0x3cf/0x9d0
[    1.523594]  cpuhp_issue_call+0x1a8/0x8b0
[    1.523949]  ? __pfx_lock_acquire+0x10/0x10
[    1.524307]  ? __sanitizer_cov_trace_const_cmp8+0x1c/0x30
[    1.524369]  ? cpuhp_issue_call+0x1fa/0x8b0
[    1.524750]  __cpuhp_setup_state_cpuslocked+0x302/0x8b0
[    1.525210]  ? __pfx_x86_pmu_dying_cpu+0x10/0x10
[    1.525602]  ? x86_pmu_prepare_cpu+0xc3/0xf0
[    1.525972]  ? __pfx_x86_pmu_dying_cpu+0x10/0x10
[    1.526367]  ? __pfx_x86_pmu_starting_cpu+0x10/0x10
[    1.526799]  __cpuhp_setup_state+0x105/0x310
[    1.527193]  ? __pfx_init_hw_perf_events+0x10/0x10
[    1.527638]  init_hw_perf_events+0x64a/0xaa0
[    1.528017]  ? __pfx_init_hw_perf_events+0x10/0x10
[    1.528371]  do_one_initcall+0x104/0x610
[    1.528731]  ? __this_cpu_preempt_check+0x21/0x30
[    1.529160]  ? __pfx_do_one_initcall+0x10/0x10
[    1.529560]  ? debug_smp_processor_id+0x20/0x30
[    1.529960]  ? rcu_is_watching+0x19/0xc0
[    1.530303]  kernel_init_freeable+0x8e4/0xeb0
[    1.530692]  ? __pfx_kernel_init+0x10/0x10
[    1.531071]  kernel_init+0x28/0x2e0
[    1.531390]  ? __pfx_kernel_init+0x10/0x10
[    1.531738]  ret_from_fork+0x56/0x90
[    1.532066]  ? __pfx_kernel_init+0x10/0x10
[    1.532372]  ret_from_fork_asm+0x1a/0x30
[    1.532749]  </TASK>
[    1.532944] irq event stamp: 2253
[    1.533233] hardirqs last  enabled at (2261): [<ffffffff8143cb14>] console_unlock+0x224/0x240
[    1.533970] hardirqs last disabled at (2268): [<ffffffff8143caf9>] console_unlock+0x209/0x240
[    1.534661] softirqs last  enabled at (2234): [<ffffffff812706f7>] __irq_exit_rcu+0xa7/0x110
[    1.535395] softirqs last disabled at (2227): [<ffffffff812706f7>] __irq_exit_rcu+0xa7/0x110
[    1.536130] ---[ end trace 0000000000000000 ]---
[    1.536436] Callback from call_rcu_tasks_trace() invoked.
[    1.537137] signal: max sigframe size: 3632
[    1.537966] rcu: Hierarchical SRCU implementation.
[    1.538402] rcu: 	Max phase no-delay instances is 1000.
[    1.545608] NMI watchdog: Perf NMI watchdog permanently disabled
[    1.546695] smp: Bringing up secondary CPUs ...
[    1.548708] smpboot: x86: Booting SMP configuration:
[    1.549224] .... node  #0, CPUs:      #1
[    1.549515] smp: Brought up 1 node, 2 CPUs
[    1.549599] smpboot: Total of 2 processors activated (9523.20 BogoMIPS)
[    1.565549] devtmpfs: initialized
[    1.566024] x86/mm: Memory block size: 128MB
[    1.590240] Running RCU synchronous self tests
[    1.592378] Running RCU synchronous self tests
[    1.592778] clocksource: jiffies: mask: 0xffffffff max_cycles: 0xffffffff, max_idle_ns: 7645041785100000 ns
[    1.593853] futex hash table entries: 512 (order: 4, 65536 bytes, linear)
[    1.597190] pinctrl core: initialized pinctrl subsystem
[    1.600745] 
[    1.601034] *************************************************************
[    1.602159] **     NOTICE NOTICE NOTICE NOTICE NOTICE NOTICE NOTICE    **
[    1.603283] **                                                         **
[    1.604437] **  IOMMU DebugFS SUPPORT HAS BEEN ENABLED IN THIS KERNEL  **
[    1.605622] **                                                         **
[    1.606540] ** This means that this kernel is built to expose internal **
[    1.607644] ** IOMMU data structures, which may compromise security on **
[    1.608367] ** your system.                                            **
[    1.609494] **                                                         **
[    1.610618] ** If you see this message and you are not debugging the   **
[    1.611749] ** kernel, report this immediately to your vendor!         **
[    1.612375] **                                                         **
[    1.613737] **     NOTICE NOTICE NOTICE NOTICE NOTICE NOTICE NOTICE    **
[    1.615127] *************************************************************
[    1.616162] Callback from call_rcu_tasks_rude() invoked.
[    1.616162] PM: RTC time: 15:25:51, date: 2024-10-18
[    1.624474] NET: Registered PF_NETLINK/PF_ROUTE protocol family
[    1.629496] DMA: preallocated 256 KiB GFP_KERNEL pool for atomic allocations
[    1.630951] DMA: preallocated 256 KiB GFP_KERNEL|GFP_DMA pool for atomic allocations
[    1.632425] DMA: preallocated 256 KiB GFP_KERNEL|GFP_DMA32 pool for atomic allocations
[    1.634361] audit: initializing netlink subsys (disabled)
[    1.636541] audit: type=2000 audit(1729265151.312:1): state=initialized audit_enabled=0 res=1
[    1.644270] thermal_sys: Registered thermal governor 'fair_share'
[    1.644293] thermal_sys: Registered thermal governor 'bang_bang'
[    1.644381] thermal_sys: Registered thermal governor 'step_wise'
[    1.645350] thermal_sys: Registered thermal governor 'user_space'
[    1.646584] cpuidle: using governor ladder
[    1.648521] cpuidle: using governor menu
[    1.649880] acpiphp: ACPI Hot Plug PCI Controller Driver version: 0.5
[    1.654295] PCI: Using configuration type 1 for base access
[    1.656572] kprobes: kprobe jump-optimization is enabled. All kprobes are optimized if possible.
[    1.804521] Callback from call_rcu_tasks() invoked.
[    1.901526] HugeTLB: registered 1.00 GiB page size, pre-allocated 0 pages
[    1.902476] HugeTLB: 16380 KiB vmemmap can be freed for a 1.00 GiB page
[    1.903402] HugeTLB: registered 2.00 MiB page size, pre-allocated 0 pages
[    1.904299] HugeTLB: 28 KiB vmemmap can be freed for a 2.00 MiB page
[    1.907219] Demotion targets for Node 0: null
[    1.915534] ACPI: Added _OSI(Module Device)
[    1.916076] ACPI: Added _OSI(Processor Device)
[    1.916368] ACPI: Added _OSI(3.0 _SCP Extensions)
[    1.916954] ACPI: Added _OSI(Processor Aggregator Device)
[    1.970442] ACPI: 1 ACPI AML tables successfully acquired and loaded
[    1.978829] ACPI: _OSC evaluation for CPUs failed, trying _PDC
[    1.985251] ACPI: Interpreter enabled
[    1.985868] ACPI: PM: (supports S0 S3 S4 S5)
[    1.986266] ACPI: Using IOAPIC for interrupt routing
[    1.986892] PCI: Using host bridge windows from ACPI; if necessary, use "pci=nocrs" and report a bug
[    1.988000] PCI: Using E820 reservations for host bridge windows
[    1.993227] ACPI: Enabled 2 GPEs in block 00 to 0F
[    2.096513] ACPI: PCI Root Bridge [PCI0] (domain 0000 [bus 00-ff])
[    2.097183] acpi PNP0A03:00: _OSC: OS supports [ASPM ClockPM Segments MSI EDR HPX-Type3]
[    2.097886] acpi PNP0A03:00: _OSC: not requesting OS control; OS requires [ExtendedConfig ASPM ClockPM MSI]
[    2.099081] acpi PNP0A03:00: fail to add MMCONFIG information, can't access extended configuration space under this bridge
[    2.111291] acpiphp: Slot [3] registered
[    2.112001] acpiphp: Slot [4] registered
[    2.112693] acpiphp: Slot [5] registered
[    2.113257] acpiphp: Slot [6] registered
[    2.113826] acpiphp: Slot [7] registered
[    2.114386] acpiphp: Slot [8] registered
[    2.114997] acpiphp: Slot [9] registered
[    2.115556] acpiphp: Slot [10] registered
[    2.116136] acpiphp: Slot [11] registered
[    2.116594] acpiphp: Slot [12] registered
[    2.117147] acpiphp: Slot [13] registered
[    2.117619] acpiphp: Slot [14] registered
[    2.118108] acpiphp: Slot [15] registered
[    2.118600] acpiphp: Slot [16] registered
[    2.119120] acpiphp: Slot [17] registered
[    2.119600] acpiphp: Slot [18] registered
[    2.120083] acpiphp: Slot [19] registered
[    2.120605] acpiphp: Slot [20] registered
[    2.121122] acpiphp: Slot [21] registered
[    2.121606] acpiphp: Slot [22] registered
[    2.122285] acpiphp: Slot [23] registered
[    2.123311] acpiphp: Slot [24] registered
[    2.124137] acpiphp: Slot [25] registered
[    2.124717] acpiphp: Slot [26] registered
[    2.125272] acpiphp: Slot [27] registered
[    2.125862] acpiphp: Slot [28] registered
[    2.126539] acpiphp: Slot [29] registered
[    2.127029] acpiphp: Slot [30] registered
[    2.127519] acpiphp: Slot [31] registered
[    2.127927] PCI host bridge to bus 0000:00
[    2.128204] pci_bus 0000:00: root bus resource [io  0x0000-0x0cf7 window]
[    2.128366] pci_bus 0000:00: root bus resource [io  0x0d00-0xffff window]
[    2.128805] pci_bus 0000:00: root bus resource [mem 0x000a0000-0x000bffff window]
[    2.129289] pci_bus 0000:00: root bus resource [mem 0x80000000-0xfebfffff window]
[    2.129757] pci_bus 0000:00: root bus resource [mem 0x100000000-0x17fffffff window]
[    2.130239] pci_bus 0000:00: root bus resource [bus 00-ff]
[    2.130858] pci 0000:00:00.0: [8086:1237] type 00 class 0x060000 conventional PCI endpoint
[    2.150653] pci 0000:00:01.0: [8086:7000] type 00 class 0x060100 conventional PCI endpoint
[    2.153757] pci 0000:00:01.1: [8086:7010] type 00 class 0x010180 conventional PCI endpoint
[    2.156148] pci 0000:00:01.1: BAR 4 [io  0xc040-0xc04f]
[    2.156845] pci 0000:00:01.1: BAR 0 [io  0x01f0-0x01f7]: legacy IDE quirk
[    2.157271] pci 0000:00:01.1: BAR 1 [io  0x03f6]: legacy IDE quirk
[    2.157651] pci 0000:00:01.1: BAR 2 [io  0x0170-0x0177]: legacy IDE quirk
[    2.158071] pci 0000:00:01.1: BAR 3 [io  0x0376]: legacy IDE quirk
[    2.159095] pci 0000:00:01.3: [8086:7113] type 00 class 0x068000 conventional PCI endpoint
[    2.159902] pci 0000:00:01.3: quirk: [io  0x0600-0x063f] claimed by PIIX4 ACPI
[    2.160443] pci 0000:00:01.3: quirk: [io  0x0700-0x070f] claimed by PIIX4 SMB
[    2.161471] pci 0000:00:02.0: [1234:1111] type 00 class 0x030000 conventional PCI endpoint
[    2.164680] pci 0000:00:02.0: BAR 0 [mem 0xfd000000-0xfdffffff pref]
[    2.167161] pci 0000:00:02.0: BAR 2 [mem 0xfebf0000-0xfebf0fff]
[    2.171525] pci 0000:00:02.0: ROM [mem 0xfebe0000-0xfebeffff pref]
[    2.172336] pci 0000:00:02.0: Video device with shadowed ROM at [mem 0x000c0000-0x000dffff]
[    2.191750] pci 0000:00:03.0: [8086:100e] type 00 class 0x020000 conventional PCI endpoint
[    2.192996] pci 0000:00:03.0: BAR 0 [mem 0xfebc0000-0xfebdffff]
[    2.193931] pci 0000:00:03.0: BAR 1 [io  0xc000-0xc03f]
[    2.196643] pci 0000:00:03.0: ROM [mem 0xfeb80000-0xfebbffff pref]
[    2.232555] ACPI: PCI: Interrupt link LNKA configured for IRQ 10
[    2.236900] ACPI: PCI: Interrupt link LNKB configured for IRQ 10
[    2.239814] ACPI: PCI: Interrupt link LNKC configured for IRQ 11
[    2.243058] ACPI: PCI: Interrupt link LNKD configured for IRQ 11
[    2.244606] ACPI: PCI: Interrupt link LNKS configured for IRQ 9
[    2.252757] iommu: Default domain type: Translated
[    2.253192] iommu: DMA domain TLB invalidation policy: lazy mode
[    2.260145] SCSI subsystem initialized
[    2.261196] ACPI: bus type USB registered
[    2.261741] usbcore: registered new interface driver usbfs
[    2.263697] usbcore: registered new interface driver hub
[    2.264238] usbcore: registered new device driver usb
[    2.264741] pps_core: LinuxPPS API ver. 1 registered
[    2.265059] pps_core: Software ver. 5.3.6 - Copyright 2005-2007 Rodolfo Giometti <giometti@linux.it>
[    2.265676] PTP clock support registered
[    2.267100] EDAC MC: Ver: 3.0.0
[    2.271713] NetLabel: Initializing
[    2.271965] NetLabel:  domain hash size = 128
[    2.272239] NetLabel:  protocols = UNLABELED CIPSOv4 CALIPSO
[    2.272612] NetLabel:  unlabeled traffic allowed by default
[    2.273796] PCI: Using ACPI for IRQ routing
[    2.274548] pci 0000:00:02.0: vgaarb: setting as boot VGA device
[    2.274986] pci 0000:00:02.0: vgaarb: bridge control possible
[    2.275437] pci 0000:00:02.0: vgaarb: VGA device added: decodes=io+mem,owns=io+mem,locks=none
[    2.276102] vgaarb: loaded
[    2.277254] hpet0: at MMIO 0xfed00000, IRQs 2, 8, 0
[    2.277711] hpet0: 3 comparators, 64-bit 100.000000 MHz counter
[    2.281052] clocksource: Switched to clocksource kvm-clock
[    2.283988] VFS: Disk quotas dquot_6.6.0
[    2.284353] VFS: Dquot-cache hash table entries: 512 (order 0, 4096 bytes)
[    2.285254] pnp: PnP ACPI init
[    2.291536] pnp: PnP ACPI: found 6 devices
[    2.316763] clocksource: acpi_pm: mask: 0xffffff max_cycles: 0xffffff, max_idle_ns: 2085701024 ns
[    2.318021] NET: Registered PF_INET protocol family
[    2.318645] IP idents hash table entries: 32768 (order: 6, 262144 bytes, linear)
[    2.321569] tcp_listen_portaddr_hash hash table entries: 1024 (order: 4, 73728 bytes, linear)
[    2.322223] Table-perturb hash table entries: 65536 (order: 6, 262144 bytes, linear)
[    2.322887] TCP established hash table entries: 16384 (order: 5, 131072 bytes, linear)
[    2.324052] TCP bind hash table entries: 16384 (order: 9, 2359296 bytes, linear)
[    2.326850] TCP: Hash tables configured (established 16384 bind 16384)
[    2.327655] UDP hash table entries: 1024 (order: 5, 163840 bytes, linear)
[    2.328331] UDP-Lite hash table entries: 1024 (order: 5, 163840 bytes, linear)
[    2.329560] NET: Registered PF_UNIX/PF_LOCAL protocol family
[    2.331960] RPC: Registered named UNIX socket transport module.
[    2.332538] RPC: Registered udp transport module.
[    2.333008] RPC: Registered tcp transport module.
[    2.333455] RPC: Registered tcp-with-tls transport module.
[    2.333924] RPC: Registered tcp NFSv4.1 backchannel transport module.
[    2.334494] pci_bus 0000:00: resource 4 [io  0x0000-0x0cf7 window]
[    2.335018] pci_bus 0000:00: resource 5 [io  0x0d00-0xffff window]
[    2.335532] pci_bus 0000:00: resource 6 [mem 0x000a0000-0x000bffff window]
[    2.336051] pci_bus 0000:00: resource 7 [mem 0x80000000-0xfebfffff window]
[    2.336570] pci_bus 0000:00: resource 8 [mem 0x100000000-0x17fffffff window]
[    2.337942] pci 0000:00:01.0: PIIX3: Enabling Passive Release
[    2.338532] pci 0000:00:00.0: Limiting direct PCI/PCI transfers
[    2.339208] PCI: CLS 0 bytes, default 64
[    2.340925] ACPI: bus type thunderbolt registered
[    2.341965] clocksource: tsc: mask: 0xffffffffffffffff max_cycles: 0x22515dbcb04, max_idle_ns: 440795204659 ns
[    4.309725] Initialise system trusted keyrings
[    4.310379] Key type blacklist registered
[    4.311488] workingset: timestamp_bits=36 max_order=19 bucket_order=0
[    4.312649] zbud: loaded
[    4.317069] squashfs: version 4.0 (2009/01/31) Phillip Lougher
[    4.320618] NFS: Registering the id_resolver key type
[    4.321125] Key type id_resolver registered
[    4.321500] Key type id_legacy registered
[    4.321958] nfs4filelayout_init: NFSv4 File Layout Driver Registering...
[    4.322594] nfs4flexfilelayout_init: NFSv4 Flexfile Layout Driver Registering...
[    4.323765] fuse: init (API version 7.40)
[    4.325083] SGI XFS with ACLs, security attributes, realtime, quota, no debug enabled
[    4.328043] 9p: Installing v9fs 9p2000 file system support
[    4.349125] Key type asymmetric registered
[    4.349565] Asymmetric key parser 'x509' registered
[    4.350330] Block layer SCSI generic (bsg) driver version 0.4 loaded (major 243)
[    4.351541] io scheduler mq-deadline registered
[    4.352110] io scheduler bfq registered
[    4.353986] shpchp: Standard Hot Plug PCI Controller Driver version: 0.4
[    4.356291] IPMI message handler: version 39.2
[    4.356973] ipmi device interface
[    4.361335] input: Power Button as /devices/LNXSYSTM:00/LNXPWRBN:00/input/input0
[    4.363061] ACPI: button: Power Button [PWRF]
[    4.366442] ERST DBG: ERST support is disabled.
[    4.385237] Serial: 8250/16550 driver, 32 ports, IRQ sharing enabled
[    4.388325] 00:04: ttyS0 at I/O 0x3f8 (irq = 4, base_baud = 115200) is a 16550A
[    4.448285] Linux agpgart interface v0.103
[    4.452640] ACPI: bus type drm_connector registered
[    4.493480] brd: module loaded
[    4.520162] loop: module loaded
[    4.537081] scsi host0: ata_piix
[    4.540115] scsi host1: ata_piix
[    4.541490] ata1: PATA max MWDMA2 cmd 0x1f0 ctl 0x3f6 bmdma 0xc040 irq 14 lpm-pol 0
[    4.542296] ata2: PATA max MWDMA2 cmd 0x170 ctl 0x376 bmdma 0xc048 irq 15 lpm-pol 0
[    4.547952] tun: Universal TUN/TAP device driver, 1.6
[    4.549106] e100: Intel(R) PRO/100 Network Driver
[    4.549548] e100: Copyright(c) 1999-2006 Intel Corporation
[    4.550153] e1000: Intel(R) PRO/1000 Network Driver
[    4.550555] e1000: Copyright (c) 1999-2006 Intel Corporation.
[    4.703490] ata2: found unknown device (class 0)
[    4.704421] ata1: found unknown device (class 0)
[    4.706210] ata1.00: ATA-7: QEMU HARDDISK, 2.5+, max UDMA/100
[    4.707457] ata1.00: 17196647 sectors, multi 16: LBA48 
[    4.708384] ata2.00: ATAPI: QEMU DVD-ROM, 2.5+, max UDMA/100
[    4.712622] scsi 0:0:0:0: Direct-Access     ATA      QEMU HARDDISK    2.5+ PQ: 0 ANSI: 5
[    4.717589] sd 0:0:0:0: [sda] 17196647 512-byte logical blocks: (8.80 GB/8.20 GiB)
[    4.718505] sd 0:0:0:0: Attached scsi generic sg0 type 0
[    4.719370] sd 0:0:0:0: [sda] Write Protect is off
[    4.720107] sd 0:0:0:0: [sda] Write cache: enabled, read cache: enabled, doesn't support DPO or FUA
[    4.721622] scsi 1:0:0:0: CD-ROM            QEMU     QEMU DVD-ROM     2.5+ PQ: 0 ANSI: 5
[    4.723351] sd 0:0:0:0: [sda] Preferred minimum I/O size 512 bytes
[    4.731500] sd 0:0:0:0: [sda] Attached SCSI disk
[    4.749264] scsi 1:0:0:0: Attached scsi generic sg1 type 5
[    6.558737] ACPI: \_SB_.LNKC: Enabled at IRQ 11
[    6.891353] e1000 0000:00:03.0 eth0: (PCI:33MHz:32-bit) 52:54:00:12:34:56
[    6.891863] e1000 0000:00:03.0 eth0: Intel(R) PRO/1000 Network Connection
[    6.892531] e1000e: Intel(R) PRO/1000 Network Driver
[    6.892849] e1000e: Copyright(c) 1999 - 2015 Intel Corporation.
[    6.893370] igb: Intel(R) Gigabit Ethernet Network Driver
[    6.893713] igb: Copyright (c) 2007-2014 Intel Corporation.
[    6.894330] PPP generic driver version 2.4.2
[    6.896197] VFIO - User Level meta-driver version: 0.3
[    6.898989] usbcore: registered new interface driver uas
[    6.899529] usbcore: registered new interface driver usb-storage
[    6.900373] i8042: PNP: PS/2 Controller [PNP0303:KBD,PNP0f13:MOU] at 0x60,0x64 irq 1,12
[    6.903082] serio: i8042 KBD port at 0x60,0x64 irq 1
[    6.903925] serio: i8042 AUX port at 0x60,0x64 irq 12
[    6.907478] mousedev: PS/2 mouse device common for all mice
[    6.910399] input: AT Translated Set 2 keyboard as /devices/platform/i8042/serio0/input/input1
[    6.912021] rtc_cmos 00:05: RTC can wake from S4
[    6.915334] input: VirtualPS/2 VMware VMMouse as /devices/platform/i8042/serio1/input/input4
[    6.917972] rtc_cmos 00:05: registered as rtc0
[    6.918484] rtc_cmos 00:05: setting system clock to 2024-10-18T15:25:56 UTC (1729265156)
[    6.919743] input: VirtualPS/2 VMware VMMouse as /devices/platform/i8042/serio1/input/input3
[    6.919917] rtc_cmos 00:05: alarms up to one day, y3k, 242 bytes nvram, hpet irqs
[    6.921178] i2c_dev: i2c /dev entries driver
[    6.921802] device-mapper: core: CONFIG_IMA_DISABLE_HTABLE is disabled. Duplicate IMA measurements will not be recorded in the IMA log.
[    6.922867] device-mapper: uevent: version 1.0.3
[    6.924189] device-mapper: ioctl: 4.48.0-ioctl (2023-03-01) initialised: dm-devel@lists.linux.dev
[    6.924974] intel_pstate: CPU model not supported
[    6.925815] sdhci: Secure Digital Host Controller Interface driver
[    6.926353] sdhci: Copyright(c) Pierre Ossman
[    6.926999] sdhci-pltfm: SDHCI platform and OF driver helper
[    6.927751] ledtrig-cpu: registered to indicate activity on CPUs
[    6.929371] drop_monitor: Initializing network drop monitor service
[    6.930630] NET: Registered PF_INET6 protocol family
[    6.938709] Segment Routing with IPv6
[    6.939225] In-situ OAM (IOAM) with IPv6
[    6.939732] NET: Registered PF_PACKET protocol family
[    6.940599] 9pnet: Installing 9P2000 support
[    6.941194] Key type dns_resolver registered
[    6.944941] IPI shorthand broadcast: enabled
[    7.037183] sched_clock: Marking stable (7012012342, 23244438)->(7071214780, -35958000)
[    7.039377] Timer migration: 1 hierarchy levels; 8 children per group; 1 crossnode level
[    7.040749] registered taskstats version 1
[    7.041940] Loading compiled-in X.509 certificates
[    7.128195] Key type .fscrypt registered
[    7.128590] Key type fscrypt-provisioning registered
[    7.134208] Key type encrypted registered
[    7.134664] ima: No TPM chip found, activating TPM-bypass!
[    7.135149] ima: Allocated hash algorithm: sha1
[    7.135714] ima: No architecture policies found
[    7.136396] evm: Initialising EVM extended attributes:
[    7.136831] evm: security.selinux
[    7.137116] evm: security.SMACK64
[    7.137394] evm: security.SMACK64EXEC
[    7.137696] evm: security.SMACK64TRANSMUTE
[    7.138045] evm: security.SMACK64MMAP
[    7.138344] evm: security.apparmor
[    7.138638] evm: security.ima
[    7.138885] evm: security.capability
[    7.139203] evm: HMAC attrs: 0x1
[    7.144808] PM:   Magic number: 12:343:437
[    7.146701] RAS: Correctable Errors collector initialized.
[    7.149289] clk: Disabling unused clocks
[    7.149670] PM: genpd: Disabling unused power domains
[    7.152356] md: Waiting for all devices to be available before autodetect
[    7.152725] md: If you don't use raid, use raid=noautodetect
[    7.153050] md: Autodetecting RAID arrays.
[    7.153307] md: autorun ...
[    7.153476] md: ... autorun DONE.
[    7.180590] EXT4-fs (sda): mounted filesystem 088740a9-c8b4-422c-999d-a804eb68a4da ro with ordered data mode. Quota mode: none.
[    7.181710] VFS: Mounted root (ext4 filesystem) readonly on device 8:0.
[    7.186584] devtmpfs: mounted
[    7.241842] Freeing unused decrypted memory: 2028K
[    7.251902] Freeing unused kernel image (initmem) memory: 15096K
[    7.252303] Write protecting the kernel read-only data: 94208k
[    7.255390] Freeing unused kernel image (rodata/data gap) memory: 1516K
[    7.347928] x86/mm: Checked W+X mappings: passed, no W+X pages found.
[    7.348424] Run /sbin/init as init process
[    7.623532] systemd[1]: systemd 252-15.el9 running in system mode (+PAM +AUDIT +SELINUX -APPARMOR +IMA +SMACK +SECCOMP +GCRYPT +GNUTLS +OPENSSL +ACL +BLKID +CURL +ELFUTILS -FIDO2 +IDN2 -IDN -IPTC +KMOD +LIBCRYPTSETUP +LIBFDISK +PCRE2 -PWQUALITY +P11KIT -QRENCODE +TPM2 +BZIP2 +LZ4 +XZ +ZLIB +ZSTD -BPF_FRAMEWORK +XKBCOMMON +UTMP +SYSVINIT default-hierarchy=unified)
[    7.626100] systemd[1]: Detected virtualization kvm.
[    7.626490] systemd[1]: Detected architecture x86-64.

Welcome to [0;31mCentOS Stream 9[0m!

[    7.634005] systemd[1]: Hostname set to <test>.
[    8.388457] systemd-rc-local-generator[126]: /etc/rc.d/rc.local is not marked executable, skipping.
[    8.955985] systemd[1]: Queued start job for default target Multi-User System.
[    8.991364] systemd[1]: Created slice Virtual Machine and Container Slice.
[[0;32m  OK  [0m] Created slice [0;1;39mVirtual Machine and Container Slice[0m.
[    9.002388] systemd[1]: Created slice Slice /system/getty.
[[0;32m  OK  [0m] Created slice [0;1;39mSlice /system/getty[0m.
[    9.008464] systemd[1]: Created slice Slice /system/modprobe.
[[0;32m  OK  [0m] Created slice [0;1;39mSlice /system/modprobe[0m.
[    9.013806] systemd[1]: Created slice Slice /system/serial-getty.
[[0;32m  OK  [0m] Created slice [0;1;39mSlice /system/serial-getty[0m.
[    9.019455] systemd[1]: Created slice Slice /system/sshd-keygen.
[[0;32m  OK  [0m] Created slice [0;1;39mSlice /system/sshd-keygen[0m.
[    9.024598] systemd[1]: Created slice User and Session Slice.
[[0;32m  OK  [0m] Created slice [0;1;39mUser and Session Slice[0m.
[    9.027534] systemd[1]: Started Forward Password Requests to Wall Directory Watch.
[[0;32m  OK  [0m] Started [0;1;39mForward Password R…uests to Wall Directory Watch[0m.
[    9.031516] systemd[1]: Set up automount Arbitrary Executable File Formats File System Automount Point.
[[0;32m  OK  [0m] Set up automount [0;1;39mArbitrary…s File System Automount Point[0m.
[    9.033164] systemd[1]: Reached target Local Integrity Protected Volumes.
[[0;32m  OK  [0m] Reached target [0;1;39mLocal Integrity Protected Volumes[0m.
[    9.034498] systemd[1]: Reached target Slice Units.
[[0;32m  OK  [0m] Reached target [0;1;39mSlice Units[0m.
[    9.035505] systemd[1]: Reached target Swaps.
[[0;32m  OK  [0m] Reached target [0;1;39mSwaps[0m.
[    9.036861] systemd[1]: Reached target Local Verity Protected Volumes.
[[0;32m  OK  [0m] Reached target [0;1;39mLocal Verity Protected Volumes[0m.
[    9.039560] systemd[1]: Listening on Device-mapper event daemon FIFOs.
[[0;32m  OK  [0m] Listening on [0;1;39mDevice-mapper event daemon FIFOs[0m.
[    9.043810] systemd[1]: Listening on LVM2 poll daemon socket.
[[0;32m  OK  [0m] Listening on [0;1;39mLVM2 poll daemon socket[0m.
[    9.045856] systemd[1]: multipathd control socket was skipped because of an unmet condition check (ConditionPathExists=/etc/multipath.conf).
[    9.177809] systemd[1]: Listening on RPCbind Server Activation Socket.
[[0;32m  OK  [0m] Listening on [0;1;39mRPCbind Server Activation Socket[0m.
[    9.179920] systemd[1]: Reached target RPC Port Mapper.
[[0;32m  OK  [0m] Reached target [0;1;39mRPC Port Mapper[0m.
[    9.184932] systemd[1]: Listening on Process Core Dump Socket.
[[0;32m  OK  [0m] Listening on [0;1;39mProcess Core Dump Socket[0m.
[    9.187101] systemd[1]: Listening on initctl Compatibility Named Pipe.
[[0;32m  OK  [0m] Listening on [0;1;39minitctl Compatibility Named Pipe[0m.
[    9.189543] systemd[1]: Listening on Journal Socket (/dev/log).
[[0;32m  OK  [0m] Listening on [0;1;39mJournal Socket (/dev/log)[0m.
[    9.191683] systemd[1]: Listening on Journal Socket.
[[0;32m  OK  [0m] Listening on [0;1;39mJournal Socket[0m.
[    9.193845] systemd[1]: Listening on udev Control Socket.
[[0;32m  OK  [0m] Listening on [0;1;39mudev Control Socket[0m.
[    9.196014] systemd[1]: Listening on udev Kernel Socket.
[[0;32m  OK  [0m] Listening on [0;1;39mudev Kernel Socket[0m.
[    9.248300] systemd[1]: Mounting Huge Pages File System...
         Mounting [0;1;39mHuge Pages File System[0m...
[    9.277626] systemd[1]: Mounting POSIX Message Queue File System...
         Mounting [0;1;39mPOSIX Message Queue File System[0m...
[    9.299187] systemd[1]: Mounting Kernel Debug File System...
         Mounting [0;1;39mKernel Debug File System[0m...
[    9.339895] systemd[1]: Mounting Kernel Trace File System...
         Mounting [0;1;39mKernel Trace File System[0m...
[    9.341478] systemd[1]: Kernel Module supporting RPCSEC_GSS was skipped because of an unmet condition check (ConditionPathExists=/etc/krb5.keytab).
[    9.342435] systemd[1]: Create List of Static Device Nodes was skipped because of an unmet condition check (ConditionFileNotEmpty=/lib/modules/6.9.0-rc1-ac6727189c07+/modules.devname).
[    9.365577] systemd[1]: Starting Monitoring of LVM2 mirrors, snapshots etc. using dmeventd or progress polling...
         Starting [0;1;39mMonitoring of LVM…meventd or progress polling[0m...
[    9.413159] systemd[1]: Starting Load Kernel Module configfs...
         Starting [0;1;39mLoad Kernel Module configfs[0m...
[    9.456967] systemd[1]: Starting Load Kernel Module drm...
         Starting [0;1;39mLoad Kernel Module drm[0m...
[    9.536225] systemd[1]: Starting Load Kernel Module fuse...
         Starting [0;1;39mLoad Kernel Module fuse[0m...
[    9.564092] systemd[1]: Starting Read and set NIS domainname from /etc/sysconfig/network...
         Starting [0;1;39mRead and set NIS …from /etc/sysconfig/network[0m...
[    9.628666] systemd[1]: Starting Journal Service...
         Starting [0;1;39mJournal Service[0m...
[    9.659387] systemd[1]: Starting Load Kernel Modules...
         Starting [0;1;39mLoad Kernel Modules[0m...
[    9.716667] systemd[1]: Starting Generate network units from Kernel command line...
         Starting [0;1;39mGenerate network …ts from Kernel command line[0m...
[    9.788164] systemd[1]: Starting Remount Root and Kernel File Systems...
         Starting [0;1;39mRemount Root and Kernel File Systems[0m...
[    9.790557] systemd[1]: Repartition Root Disk was skipped because no trigger condition checks were met.
[    9.837275] systemd[1]: Starting Coldplug All udev Devices...
         Starting [0;1;39mColdplug All udev Devices[0m...
[    9.874782] systemd[1]: Mounted Huge Pages File System.
[[0;32m  OK  [0m] Mounted [0;1;39mHuge Pages File System[0m.
[    9.882155] systemd[1]: Mounted POSIX Message Queue File System.
[[0;32m  OK  [0m] Mounted [0;1;39mPOSIX Message Queue File System[0m.
[    9.889188] systemd[1]: Mounted Kernel Debug File System.
[[0;32m  OK  [0m] Mounted [0;1;39mKernel Debug File System[0m.
[    9.896627] systemd[1]: Mounted Kernel Trace File System.
[[0;32m  OK  [0m] Mounted [0;1;39mKernel Trace File System[0m.
[    9.904423] systemd[1]: Started Journal Service.
[[0;32m  OK  [0m] Started [0;1;39mJournal Service[0m.
[[0;32m  OK  [0m] Finished [0;1;39mMonitoring of LVM… dmeventd or progress polling[0m.
[[0;32m  OK  [0m] Finished [0;1;39mLoad Kernel Module configfs[0m.
[[0;32m  OK  [0m] Finished [0;1;39mLoad Kernel Module drm[0m.
[[0;32m  OK  [0m] Finished [0;1;39mLoad Kernel Module fuse[0m.
[    9.963643] EXT4-fs (sda): re-mounted 088740a9-c8b4-422c-999d-a804eb68a4da r/w. Quota mode: none.
[[0;32m  OK  [0m] Finished [0;1;39mRead and set NIS …e from /etc/sysconfig/network[0m.
[[0;1;31mFAILED[0m] Failed to start [0;1;39mLoad Kernel Modules[0m.
See 'systemctl status systemd-modules-load.service' for details.
[[0;32m  OK  [0m] Finished [0;1;39mGenerate network units from Kernel command line[0m.
[[0;32m  OK  [0m] Finished [0;1;39mRemount Root and Kernel File Systems[0m.
[[0;32m  OK  [0m] Reached target [0;1;39mPreparation for Network[0m.
         Mounting [0;1;39mFUSE Control File System[0m...
         Mounting [0;1;39mKernel Configuration File System[0m...
         Starting [0;1;39mFlush Journal to Persistent Storage[0m...
         Starting [0;1;39mLoad/Save Random Seed[0m...
[   10.159980] systemd-journald[147]: Received client request to flush runtime journal.
         Starting [0;1;39mApply Kernel Variables[0m...
         Starting [0;1;39mCreate Static Device Nodes in /dev[0m...
         Starting [0;1;39mSetup Virtual Console[0m...
[[0;32m  OK  [0m] Mounted [0;1;39mFUSE Control File System[0m.
[[0;32m  OK  [0m] Mounted [0;1;39mKernel Configuration File System[0m.
[[0;32m  OK  [0m] Finished [0;1;39mFlush Journal to Persistent Storage[0m.
[[0;32m  OK  [0m] Finished [0;1;39mLoad/Save Random Seed[0m.
[[0;32m  OK  [0m] Finished [0;1;39mApply Kernel Variables[0m.
[[0;32m  OK  [0m] Finished [0;1;39mCreate Static Device Nodes in /dev[0m.
         Starting [0;1;39mRule-based Manage…for Device Events and Files[0m...
[[0;32m  OK  [0m] Started [0;1;39mRule-based Manager for Device Events and Files[0m.
         Starting [0;1;39mAuto-connect to s…E devices found during boot[0m...
[[0;32m  OK  [0m] Finished [0;1;39mAuto-connect to s…VME devices found during boot[0m.
[[0;32m  OK  [0m] Finished [0;1;39mColdplug All udev Devices[0m.
         Starting [0;1;39mWait for udev To …plete Device Initialization[0m...
[[0;32m  OK  [0m] Finished [0;1;39mSetup Virtual Console[0m.
[[0;32m  OK  [0m] Started [0;1;39mDispatch Password …ts to Console Directory Watch[0m.
[[0;32m  OK  [0m] Reached target [0;1;39mLocal Encrypted Volumes[0m.
[[0;32m  OK  [0m] Reached target [0;1;39mPath Units[0m.
[[0;32m  OK  [0m] Found device [0;1;39m/dev/ttyS0[0m.
[[0;32m  OK  [0m] Listening on [0;1;39mLoad/Save RF …itch Status /dev/rfkill Watch[0m.
[[0;32m  OK  [0m] Finished [0;1;39mWait for udev To Complete Device Initialization[0m.
[[0;32m  OK  [0m] Reached target [0;1;39mPreparation for Local File Systems[0m.
[[0;32m  OK  [0m] Reached target [0;1;39mLocal File Systems[0m.
         Starting [0;1;39mTell Plymouth To Write Out Runtime Data[0m...
         Starting [0;1;39mAutomatic Boot Loader Update[0m...
         Starting [0;1;39mCreate Volatile Files and Directories[0m...
[[0;32m  OK  [0m] Finished [0;1;39mTell Plymouth To Write Out Runtime Data[0m.
[[0;32m  OK  [0m] Finished [0;1;39mAutomatic Boot Loader Update[0m.
[[0;32m  OK  [0m] Finished [0;1;39mCreate Volatile Files and Directories[0m.
         Mounting [0;1;39mRPC Pipe File System[0m...
         Starting [0;1;39mSecurity Auditing Service[0m...
         Starting [0;1;39mRPC Bind[0m...
[[0;32m  OK  [0m] Mounted [0;1;39mRPC Pipe File System[0m.
[[0;32m  OK  [0m] Reached target [0;1;39mrpc_pipefs.target[0m.
[[0;32m  OK  [0m] Started [0;1;39mRPC Bind[0m.
[[0;32m  OK  [0m] Started [0;1;39mSecurity Auditing Service[0m.
         Starting [0;1;39mRecord System Boot/Shutdown in UTMP[0m...
[[0;32m  OK  [0m] Finished [0;1;39mRecord System Boot/Shutdown in UTMP[0m.
[[0;32m  OK  [0m] Reached target [0;1;39mSystem Initialization[0m.
[[0;32m  OK  [0m] Started [0;1;39mDaily rotation of log files[0m.
[[0;32m  OK  [0m] Started [0;1;39mUpdates mlocate database every day[0m.
[[0;32m  OK  [0m] Started [0;1;39mDaily Cleanup of Temporary Directories[0m.
[[0;32m  OK  [0m] Started [0;1;39mdaily update of the root trust anchor for DNSSEC[0m.
[[0;32m  OK  [0m] Reached target [0;1;39mTimer Units[0m.
[[0;32m  OK  [0m] Listening on [0;1;39mD-Bus System Message Bus Socket[0m.
[[0;32m  OK  [0m] Listening on [0;1;39mOpen-iSCSI iscsid Socket[0m.
[[0;32m  OK  [0m] Listening on [0;1;39mOpen-iSCSI iscsiuio Socket[0m.
[[0;32m  OK  [0m] Listening on [0;1;39mSSSD Kerberos…ache Manager responder socket[0m.
[[0;32m  OK  [0m] Listening on [0;1;39mLibvirt interface local socket[0m.
[[0;32m  OK  [0m] Listening on [0;1;39mVirtual machine lock manager socket[0m.
[[0;32m  OK  [0m] Listening on [0;1;39mVirtual machine log manager socket[0m.
[[0;32m  OK  [0m] Listening on [0;1;39mLibvirt network local socket[0m.
[[0;32m  OK  [0m] Listening on [0;1;39mLibvirt nodedev local socket[0m.
[[0;32m  OK  [0m] Listening on [0;1;39mLibvirt nwfilter local socket[0m.
[[0;32m  OK  [0m] Listening on [0;1;39mLibvirt proxy local socket[0m.
[[0;32m  OK  [0m] Listening on [0;1;39mLibvirt qemu local socket[0m.
[[0;32m  OK  [0m] Listening on [0;1;39mLibvirt qemu admin socket[0m.
[[0;32m  OK  [0m] Listening on [0;1;39mLibvirt qemu local read-only socket[0m.
[[0;32m  OK  [0m] Listening on [0;1;39mLibvirt secret local socket[0m.
[[0;32m  OK  [0m] Listening on [0;1;39mLibvirt storage local socket[0m.
[[0;32m  OK  [0m] Reached target [0;1;39mSocket Units[0m.
         Starting [0;1;39mD-Bus System Message Bus[0m...
[[0;32m  OK  [0m] Started [0;1;39mD-Bus System Message Bus[0m.
[[0;32m  OK  [0m] Reached target [0;1;39mBasic System[0m.
         Starting [0;1;39mNetwork Manager[0m...
         Starting [0;1;39mNTP client/server[0m...
         Starting [0;1;39mRestore /run/initramfs on shutdown[0m...
[[0;32m  OK  [0m] Started [0;1;39mirqbalance daemon[0m.
[[0;32m  OK  [0m] Started [0;1;39mlibstoragemgmt plug-in server daemon[0m.
[[0;32m  OK  [0m] Started [0;1;39mMachine Check Exception Logging Daemon[0m.
[[0;32m  OK  [0m] Reached target [0;1;39msshd-keygen.target[0m.
[[0;32m  OK  [0m] Reached target [0;1;39mUser and Group Name Lookups[0m.
         Starting [0;1;39mUser Login Management[0m...
         Starting [0;1;39mVirtual Machine a…tainer Registration Service[0m...
         Starting [0;1;39mupdate of the roo…NSSEC validation in unbound[0m...
         Starting [0;1;39mRotate log files[0m...
[[0;32m  OK  [0m] Started [0;1;39mUpdate a database for mlocate[0m.
[[0;32m  OK  [0m] Finished [0;1;39mRestore /run/initramfs on shutdown[0m.
[[0;32m  OK  [0m] Started [0;1;39mVirtual Machine an…ontainer Registration Service[0m.
[[0;32m  OK  [0m] Started [0;1;39mNTP client/server[0m.
[[0;32m  OK  [0m] Finished [0;1;39mupdate of the roo… DNSSEC validation in unbound[0m.
[[0;32m  OK  [0m] Started [0;1;39mUser Login Management[0m.
         Starting [0;1;39mHostname Service[0m...
[[0;32m  OK  [0m] Finished [0;1;39mRotate log files[0m.
[[0;32m  OK  [0m] Started [0;1;39mHostname Service[0m.
         Starting [0;1;39mNetwork Manager Script Dispatcher Service[0m...
[[0;32m  OK  [0m] Started [0;1;39mNetwork Manager Script Dispatcher Service[0m.
[   16.395608] e1000: eth0 NIC Link is Up 1000 Mbps Full Duplex, Flow Control: RX
[[0;32m  OK  [0m] Started [0;1;39mNetwork Manager[0m.
[[0;32m  OK  [0m] Reached target [0;1;39mNetwork[0m.
[[0;32m  OK  [0m] Reached target [0;1;39mNetwork is Online[0m.
         Starting [0;1;39mGSSAPI Proxy Daemon[0m...
         Starting [0;1;39mNotify NFS peers of a restart[0m...
         Starting [0;1;39mSystem Logging Service[0m...
         Starting [0;1;39mOpenSSH server daemon[0m...
         Starting [0;1;39mDynamic System Tuning Daemon[0m...
[[0;32m  OK  [0m] Started [0;1;39mGSSAPI Proxy Daemon[0m.
[[0;32m  OK  [0m] Started [0;1;39mNotify NFS peers of a restart[0m.
[[0;32m  OK  [0m] Reached target [0;1;39mNFS client services[0m.
[[0;32m  OK  [0m] Reached target [0;1;39mPreparation for Remote File Systems[0m.
[[0;32m  OK  [0m] Reached target [0;1;39mRemote File Systems[0m.
         Starting [0;1;39mPermit User Sessions[0m...
         Starting [0;1;39mVirtualization qemu daemon[0m...
[[0;32m  OK  [0m] Started [0;1;39mOpenSSH server daemon[0m.
[[0;32m  OK  [0m] Finished [0;1;39mPermit User Sessions[0m.
[[0;32m  OK  [0m] Started [0;1;39mDeferred execution scheduler[0m.
[[0;32m  OK  [0m] Started [0;1;39mCommand Scheduler[0m.
         Starting [0;1;39mHold until boot process finishes up[0m...
         Starting [0;1;39mTerminate Plymouth Boot Screen[0m...
[[0;32m  OK  [0m] Started [0;1;39mSystem Logging Service[0m.
[[0;32m  OK  [0m] Started [0;1;39mVirtualization qemu daemon[0m.
[[0;32m  OK  [0m] Finished [0;1;39mHold until boot process finishes up[0m.
[[0;32m  OK  [0m] Finished [0;1;39mTerminate Plymouth Boot Screen[0m.
[[0;32m  OK  [0m] Started [0;1;39mGetty on tty1[0m.
[[0;32m  OK  [0m] Started [0;1;39mSerial Getty on ttyS0[0m.
[[0;32m  OK  [0m] Reached target [0;1;39mLogin Prompts[0m.
         Starting [0;1;39mAuthorization Manager[0m...
[[0;32m  OK  [0m] Started [0;1;39mAuthorization Manager[0m.
[[0;32m  OK  [0m] Started [0;1;39mDynamic System Tuning Daemon[0m.
[[0;32m  OK  [0m] Reached target [0;1;39mMulti-User System[0m.
         Starting [0;1;39mRecord Runlevel Change in UTMP[0m...
[[0;32m  OK  [0m] Finished [0;1;39mRecord Runlevel Change in UTMP[0m.

CentOS Stream 9
Kernel 6.9.0-rc1-ac6727189c07+ on an x86_64

Activate the web console with: systemctl enable --now cockpit.socket

test login: [   29.627841] program repro is using a deprecated SCSI ioctl, please convert it to SG_IO
[   29.628460] ata1.00: invalid multi_count 32 ignored
[   90.243390] ata1: lost interrupt (Status 0x58)
[   90.403609] ata1: found unknown device (class 0)
[   90.412957] program repro is using a deprecated SCSI ioctl, please convert it to SG_IO
[   90.414707] ata1.00: invalid multi_count 32 ignored
[  151.667726] ata1: lost interrupt (Status 0x58)
[  151.827585] ata1: found unknown device (class 0)
[  151.835700] program repro is using a deprecated SCSI ioctl, please convert it to SG_IO
[  151.847596] ata1.00: invalid multi_count 32 ignored
[  213.123361] ata1: lost interrupt (Status 0x58)
[  213.283391] ata1: found unknown device (class 0)
[  213.288450] program repro is using a deprecated SCSI ioctl, please convert it to SG_IO
[  213.289214] ata1.00: invalid multi_count 32 ignored
[  274.547607] ata1: lost interrupt (Status 0x58)
[  274.548371] ata1.00: limiting speed to MWDMA1:PIO4
[  274.707529] ata1: found unknown device (class 0)
[  274.714019] program repro is using a deprecated SCSI ioctl, please convert it to SG_IO
[  274.715052] ata1.00: invalid multi_count 32 ignored
[  335.995384] ata1: lost interrupt (Status 0x58)
[  336.155565] ata1: found unknown device (class 0)
[  336.162198] program repro is using a deprecated SCSI ioctl, please convert it to SG_IO
[  336.169969] ata1.00: invalid multi_count 32 ignored
[  397.439513] ata1: lost interrupt (Status 0x58)
[  397.599528] ata1: found unknown device (class 0)
[  397.607185] program repro is using a deprecated SCSI ioctl, please convert it to SG_IO
[  397.634265] ata1.00: invalid multi_count 32 ignored
[  458.883336] ata1: lost interrupt (Status 0x58)
[  459.043475] ata1: found unknown device (class 0)
[  459.051155] program repro is using a deprecated SCSI ioctl, please convert it to SG_IO
[  459.053030] ata1.00: invalid multi_count 32 ignored
[  520.307381] ata1: lost interrupt (Status 0x58)
[  520.467488] ata1: found unknown device (class 0)
[  520.472692] program repro is using a deprecated SCSI ioctl, please convert it to SG_IO
[  520.496549] ata1.00: invalid multi_count 32 ignored
[  581.747341] ata1: lost interrupt (Status 0x58)
[  581.907515] ata1: found unknown device (class 0)
[  581.915768] program repro is using a deprecated SCSI ioctl, please convert it to SG_IO
[  581.945580] ata1.00: invalid multi_count 32 ignored
[  643.203448] ata1: lost interrupt (Status 0x58)
[  643.363480] ata1: found unknown device (class 0)
[  643.368722] program repro is using a deprecated SCSI ioctl, please convert it to SG_IO
[  643.384461] ata1.00: invalid multi_count 32 ignored
[  704.635364] ata1: lost interrupt (Status 0x58)
[  704.795447] ata1: found unknown device (class 0)
[  704.801475] program repro is using a deprecated SCSI ioctl, please convert it to SG_IO
[  704.802146] ata1.00: invalid multi_count 32 ignored
[  766.067333] ata1: lost interrupt (Status 0x58)
[  766.227453] ata1: found unknown device (class 0)
[  766.232008] program repro is using a deprecated SCSI ioctl, please convert it to SG_IO
[  766.233546] ata1.00: invalid multi_count 32 ignored
[  827.523390] ata1: lost interrupt (Status 0x58)
[  827.683402] ata1: found unknown device (class 0)
[  827.688324] program repro is using a deprecated SCSI ioctl, please convert it to SG_IO
[  827.708260] ata1.00: invalid multi_count 32 ignored
[  888.963360] ata1: lost interrupt (Status 0x58)
[  889.123414] ata1: found unknown device (class 0)
[  889.127808] program repro is using a deprecated SCSI ioctl, please convert it to SG_IO
[  889.148880] ata1.00: invalid multi_count 32 ignored
[  950.403424] ata1: lost interrupt (Status 0x58)
[  950.563489] ata1: found unknown device (class 0)
[  950.569065] program repro is using a deprecated SCSI ioctl, please convert it to SG_IO
[  950.589010] ata1.00: invalid multi_count 32 ignored
[ 1011.843338] ata1: lost interrupt (Status 0x58)
[ 1012.003447] ata1: found unknown device (class 0)
[ 1012.009035] program repro is using a deprecated SCSI ioctl, please convert it to SG_IO
[ 1012.037530] ata1.00: invalid multi_count 32 ignored
[ 1073.267385] ata1: lost interrupt (Status 0x58)
[ 1073.427477] ata1: found unknown device (class 0)
[ 1073.431930] program repro is using a deprecated SCSI ioctl, please convert it to SG_IO
[ 1073.432716] ata1.00: invalid multi_count 32 ignored
[ 1134.723465] ata1: lost interrupt (Status 0x58)
[ 1134.883370] ata1: found unknown device (class 0)
[ 1134.892759] program repro is using a deprecated SCSI ioctl, please convert it to SG_IO
[ 1134.911035] ata1.00: invalid multi_count 32 ignored
[ 1196.155420] ata1: lost interrupt (Status 0x58)
[ 1196.315465] ata1: found unknown device (class 0)
[ 1196.320553] program repro is using a deprecated SCSI ioctl, please convert it to SG_IO
[ 1196.356358] ata1.00: invalid multi_count 32 ignored
[ 1257.603333] ata1: lost interrupt (Status 0x58)
[ 1257.763468] ata1: found unknown device (class 0)
[ 1257.769965] program repro is using a deprecated SCSI ioctl, please convert it to SG_IO
[ 1257.789185] ata1.00: invalid multi_count 32 ignored
[ 1319.027361] ata1: lost interrupt (Status 0x58)
[ 1319.187513] ata1: found unknown device (class 0)
[ 1319.193486] program repro is using a deprecated SCSI ioctl, please convert it to SG_IO
[ 1319.194428] ata1.00: invalid multi_count 32 ignored
[ 1380.483347] ata1: lost interrupt (Status 0x58)
[ 1380.643478] ata1: found unknown device (class 0)
[ 1380.648863] program repro is using a deprecated SCSI ioctl, please convert it to SG_IO
[ 1380.682861] ata1.00: invalid multi_count 32 ignored
[ 1441.907434] ata1: lost interrupt (Status 0x58)
[ 1442.067482] ata1: found unknown device (class 0)
[ 1442.073829] program repro is using a deprecated SCSI ioctl, please convert it to SG_IO
[ 1442.099816] ata1.00: invalid multi_count 32 ignored
[ 1503.347348] ata1: lost interrupt (Status 0x58)
[ 1503.507508] ata1: found unknown device (class 0)
[ 1503.513043] program repro is using a deprecated SCSI ioctl, please convert it to SG_IO
[ 1503.520053] ata1.00: invalid multi_count 32 ignored
[ 1564.791454] ata1: lost interrupt (Status 0x58)
[ 1564.951494] ata1: found unknown device (class 0)
[ 1564.959376] program repro is using a deprecated SCSI ioctl, please convert it to SG_IO
[ 1564.962741] ata1.00: invalid multi_count 32 ignored
[ 1626.243341] ata1: lost interrupt (Status 0x58)
[ 1626.403455] ata1: found unknown device (class 0)
[ 1626.407743] program repro is using a deprecated SCSI ioctl, please convert it to SG_IO
[ 1626.413063] ata1.00: invalid multi_count 32 ignored
[ 1687.679474] ata1: lost interrupt (Status 0x58)
[ 1687.839463] ata1: found unknown device (class 0)
[ 1687.844386] program repro is using a deprecated SCSI ioctl, please convert it to SG_IO
[ 1687.862390] ata1.00: invalid multi_count 32 ignored
[ 1749.123330] ata1: lost interrupt (Status 0x58)
[ 1749.283421] ata1: found unknown device (class 0)
[ 1749.287545] program repro is using a deprecated SCSI ioctl, please convert it to SG_IO
[ 1749.293580] ata1.00: invalid multi_count 32 ignored
[ 1810.551390] ata1: lost interrupt (Status 0x58)
[ 1810.711468] ata1: found unknown device (class 0)
[ 1810.718268] program repro is using a deprecated SCSI ioctl, please convert it to SG_IO
[ 1810.742445] ata1.00: invalid multi_count 32 ignored
[ 1872.003355] ata1: lost interrupt (Status 0x58)
[ 1872.163473] ata1: found unknown device (class 0)
[ 1872.168181] program repro is using a deprecated SCSI ioctl, please convert it to SG_IO
[ 1872.177013] ata1.00: invalid multi_count 32 ignored
[ 1933.427386] ata1: lost interrupt (Status 0x58)
[ 1933.587459] ata1: found unknown device (class 0)
[ 1933.591903] program repro is using a deprecated SCSI ioctl, please convert it to SG_IO
[ 1933.601617] ata1.00: invalid multi_count 32 ignored
[ 1994.883349] ata1: lost interrupt (Status 0x58)
[ 1995.043367] ata1: found unknown device (class 0)
[ 1995.047567] program repro is using a deprecated SCSI ioctl, please convert it to SG_IO
[ 1995.048257] ata1.00: invalid multi_count 32 ignored
[ 2056.323362] ata1: lost interrupt (Status 0x58)
[ 2056.483458] ata1: found unknown device (class 0)
[ 2056.487741] program repro is using a deprecated SCSI ioctl, please convert it to SG_IO
[ 2056.488862] ata1.00: invalid multi_count 32 ignored
[ 2117.747348] ata1: lost interrupt (Status 0x58)
[ 2117.907439] ata1: found unknown device (class 0)
[ 2117.911905] program repro is using a deprecated SCSI ioctl, please convert it to SG_IO
[ 2117.921596] ata1.00: invalid multi_count 32 ignored
