c[?7l[2J[0mSeaBIOS (version rel-1.16.0-0-gd239552ce722-prebuilt.qemu.org)


iPXE (http://ipxe.org) 00:03.0 CA00 PCI2.10 PnP PMM+7FF91000+7FEF1000 CA00
Press Ctrl-B to configure iPXE (PCI 00:03.0)...                                                                               


Booting from ROM...
c[?7l[2J[    0.000000] Linux version 6.14.0-b3f9d748911e+ (root@p-arls02) (gcc (GCC) 11.5.0 20240719 (Red Hat 11.5.0-5), GNU ld version 2.35.2-63.el9) #1 SMP PREEMPT_DYNAMIC Thu Mar 27 18:35:20 CST 2025
[    0.000000] Command line: console=ttyS0 root=/dev/sda earlyprintk=serial net.ifnames=0 plymouth.enable=0
[    0.000000] KERNEL supported cpus:
[    0.000000]   Intel GenuineIntel
[    0.000000]   AMD AuthenticAMD
[    0.000000]   Hygon HygonGenuine
[    0.000000]   Centaur CentaurHauls
[    0.000000]   zhaoxin   Shanghai  
[    0.000000] x86/split lock detection: #DB: warning on user-space bus_locks
[    0.000000] BIOS-provided physical RAM map:
[    0.000000] BIOS-e820: [mem 0x0000000000000000-0x000000000009fbff] usable
[    0.000000] BIOS-e820: [mem 0x000000000009fc00-0x000000000009ffff] reserved
[    0.000000] BIOS-e820: [mem 0x00000000000f0000-0x00000000000fffff] reserved
[    0.000000] BIOS-e820: [mem 0x0000000000100000-0x000000007ffdffff] usable
[    0.000000] BIOS-e820: [mem 0x000000007ffe0000-0x000000007fffffff] reserved
[    0.000000] BIOS-e820: [mem 0x00000000feffc000-0x00000000feffffff] reserved
[    0.000000] BIOS-e820: [mem 0x00000000fffc0000-0x00000000ffffffff] reserved
[    0.000000] printk: legacy bootconsole [earlyser0] enabled
[    0.000000] NX (Execute Disable) protection: active
[    0.000000] APIC: Static calls initialized
[    0.000000] SMBIOS 2.8 present.
[    0.000000] DMI: QEMU Standard PC (i440FX + PIIX, 1996), BIOS rel-1.16.0-0-gd239552ce722-prebuilt.qemu.org 04/01/2014
[    0.000000] DMI: Memory slots populated: 1/1
[    0.000000] Hypervisor detected: KVM
[    0.000000] kvm-clock: Using msrs 4b564d01 and 4b564d00
[    0.000002] kvm-clock: using sched offset of 826228290 cycles
[    0.000373] clocksource: kvm-clock: mask: 0xffffffffffffffff max_cycles: 0x1cd42e4dffb, max_idle_ns: 881590591483 ns
[    0.001564] tsc: Detected 1267.200 MHz processor
[    0.007291] last_pfn = 0x7ffe0 max_arch_pfn = 0x400000000
[    0.007705] MTRR map: 4 entries (3 fixed + 1 variable; max 19), built from 8 variable MTRRs
[    0.008309] x86/PAT: Configuration [0-7]: WB  WC  UC- UC  WB  WP  UC- WT  
[    0.017430] found SMP MP-table at [mem 0x000f5ba0-0x000f5baf]
[    0.017878] Using GB pages for direct mapping
[    0.020284] ACPI: Early table checksum verification disabled
[    0.020699] ACPI: RSDP 0x00000000000F59C0 000014 (v00 BOCHS )
[    0.021136] ACPI: RSDT 0x000000007FFE1951 000034 (v01 BOCHS  BXPC     00000001 BXPC 00000001)
[    0.021784] ACPI: FACP 0x000000007FFE17FD 000074 (v01 BOCHS  BXPC     00000001 BXPC 00000001)
[    0.022429] ACPI: DSDT 0x000000007FFE0040 0017BD (v01 BOCHS  BXPC     00000001 BXPC 00000001)
[    0.023061] ACPI: FACS 0x000000007FFE0000 000040
[    0.023401] ACPI: APIC 0x000000007FFE1871 000080 (v01 BOCHS  BXPC     00000001 BXPC 00000001)
[    0.024041] ACPI: HPET 0x000000007FFE18F1 000038 (v01 BOCHS  BXPC     00000001 BXPC 00000001)
[    0.024680] ACPI: WAET 0x000000007FFE1929 000028 (v01 BOCHS  BXPC     00000001 BXPC 00000001)
[    0.025311] ACPI: Reserving FACP table memory at [mem 0x7ffe17fd-0x7ffe1870]
[    0.025825] ACPI: Reserving DSDT table memory at [mem 0x7ffe0040-0x7ffe17fc]
[    0.026337] ACPI: Reserving FACS table memory at [mem 0x7ffe0000-0x7ffe003f]
[    0.026856] ACPI: Reserving APIC table memory at [mem 0x7ffe1871-0x7ffe18f0]
[    0.027366] ACPI: Reserving HPET table memory at [mem 0x7ffe18f1-0x7ffe1928]
[    0.027876] ACPI: Reserving WAET table memory at [mem 0x7ffe1929-0x7ffe1950]
[    0.028803] No NUMA configuration found
[    0.029074] Faking a node at [mem 0x0000000000000000-0x000000007ffdffff]
[    0.029578] NODE_DATA(0) allocated [mem 0x7ffb4fc0-0x7ffdfc7f]
[    0.030529] Zone ranges:
[    0.030720]   DMA      [mem 0x0000000000001000-0x0000000000ffffff]
[    0.031161]   DMA32    [mem 0x0000000001000000-0x000000007ffdffff]
[    0.031609]   Normal   empty
[    0.031820]   Device   empty
[    0.032034] Movable zone start for each node
[    0.032355] Early memory node ranges
[    0.032617]   node   0: [mem 0x0000000000001000-0x000000000009efff]
[    0.033075]   node   0: [mem 0x0000000000100000-0x000000007ffdffff]
[    0.033538] Initmem setup node 0 [mem 0x0000000000001000-0x000000007ffdffff]
[    0.035077] On node 0, zone DMA: 1 pages in unavailable ranges
[    0.035764] On node 0, zone DMA: 97 pages in unavailable ranges
[    0.100186] On node 0, zone DMA32: 32 pages in unavailable ranges
[    0.533477] kasan: KernelAddressSanitizer initialized
[    0.534151] ACPI: PM-Timer IO Port: 0x608
[    0.534477] ACPI: LAPIC_NMI (acpi_id[0xff] dfl dfl lint[0x1])
[    0.534966] IOAPIC[0]: apic_id 0, version 17, address 0xfec00000, GSI 0-23
[    0.535502] ACPI: INT_SRC_OVR (bus 0 bus_irq 0 global_irq 2 dfl dfl)
[    0.535963] ACPI: INT_SRC_OVR (bus 0 bus_irq 5 global_irq 5 high level)
[    0.536440] ACPI: INT_SRC_OVR (bus 0 bus_irq 9 global_irq 9 high level)
[    0.536923] ACPI: INT_SRC_OVR (bus 0 bus_irq 10 global_irq 10 high level)
[    0.537415] ACPI: INT_SRC_OVR (bus 0 bus_irq 11 global_irq 11 high level)
[    0.537920] ACPI: Using ACPI (MADT) for SMP configuration information
[    0.538389] ACPI: HPET id: 0x8086a201 base: 0xfed00000
[    0.538777] TSC deadline timer available
[    0.539067] CPU topo: Max. logical packages:   1
[    0.539404] CPU topo: Max. logical dies:       1
[    0.539742] CPU topo: Max. dies per package:   1
[    0.540082] CPU topo: Max. threads per core:   1
[    0.540418] CPU topo: Num. cores per package:     2
[    0.540780] CPU topo: Num. threads per package:   2
[    0.541135] CPU topo: Allowing 2 present CPUs plus 0 hotplug CPUs
[    0.541635] kvm-guest: APIC: eoi() replaced with kvm_guest_apic_eoi_write()
[    0.542181] kvm-guest: KVM setup pv remote TLB flush
[    0.542565] kvm-guest: setup PV sched yield
[    0.542904] PM: hibernation: Registered nosave memory: [mem 0x00000000-0x00000fff]
[    0.543453] PM: hibernation: Registered nosave memory: [mem 0x0009f000-0x0009ffff]
[    0.544023] PM: hibernation: Registered nosave memory: [mem 0x000a0000-0x000effff]
[    0.544571] PM: hibernation: Registered nosave memory: [mem 0x000f0000-0x000fffff]
[    0.545123] [mem 0x80000000-0xfeffbfff] available for PCI devices
[    0.545572] Booting paravirtualized kernel on KVM
[    0.545934] clocksource: refined-jiffies: mask: 0xffffffff max_cycles: 0xffffffff, max_idle_ns: 7645519600211568 ns
[    0.546723] setup_percpu: NR_CPUS:8192 nr_cpumask_bits:2 nr_cpu_ids:2 nr_node_ids:1
[    0.550002] percpu: Embedded 85 pages/cpu s311296 r8192 d28672 u1048576
[    0.550670] kvm-guest: PV spinlocks enabled
[    0.550994] PV qspinlock hash table entries: 256 (order: 0, 4096 bytes, linear)
[    0.551558] Kernel command line: net.ifnames=0 console=ttyS0 root=/dev/sda earlyprintk=serial net.ifnames=0 plymouth.enable=0
[    0.552678] random: crng init done
[    0.552934] printk: log buffer data + meta data: 262144 + 917504 = 1179648 bytes
[    0.555870] Dentry cache hash table entries: 262144 (order: 9, 2097152 bytes, linear)
[    0.557271] Inode-cache hash table entries: 131072 (order: 8, 1048576 bytes, linear)
[    0.558166] Fallback order for Node 0: 0 
[    0.558177] Built 1 zonelists, mobility grouping on.  Total pages: 524158
[    0.558969] Policy zone: DMA32
[    0.559197] mem auto-init: stack:off, heap alloc:off, heap free:off
[    0.559656] stackdepot: allocating hash table via alloc_large_system_hash
[    0.560160] stackdepot hash table entries: 1048576 (order: 12, 16777216 bytes, linear)
[    0.637647] SLUB: HWalign=64, Order=0-3, MinObjects=0, CPUs=2, Nodes=1
[    0.638151] kmemleak: Kernel memory leak detector disabled
[    0.638687] ftrace: allocating 74118 entries in 290 pages
[    0.772992] ftrace: allocated 290 pages with 3 groups
[    0.777866] Dynamic Preempt: voluntary
[    0.778528] Running RCU self tests
[    0.778773] Running RCU synchronous self tests
[    0.779094] rcu: Preemptible hierarchical RCU implementation.
[    0.779506] rcu: 	RCU lockdep checking is enabled.
[    0.779848] rcu: 	RCU restricting CPUs from NR_CPUS=8192 to nr_cpu_ids=2.
[    0.780334] 	Trampoline variant of Tasks RCU enabled.
[    0.780697] 	Rude variant of Tasks RCU enabled.
[    0.781020] 	Tracing variant of Tasks RCU enabled.
[    0.781363] rcu: RCU calculated value of scheduler-enlistment delay is 25 jiffies.
[    0.781903] rcu: Adjusting geometry for rcu_fanout_leaf=16, nr_cpu_ids=2
[    0.782436] Running RCU synchronous self tests
[    0.782762] RCU Tasks: Setting shift to 1 and lim to 1 rcu_task_cb_adjust=1 rcu_task_cpu_ids=2.
[    0.783392] RCU Tasks Rude: Setting shift to 1 and lim to 1 rcu_task_cb_adjust=1 rcu_task_cpu_ids=2.
[    0.784053] RCU Tasks Trace: Setting shift to 1 and lim to 1 rcu_task_cb_adjust=1 rcu_task_cpu_ids=2.
[    0.839479] NR_IRQS: 524544, nr_irqs: 440, preallocated irqs: 16
[    0.840415] rcu: srcu_init: Setting srcu_struct sizes based on contention.
[    0.847065] Console: colour VGA+ 80x25
[    0.847439] printk: legacy console [ttyS0] enabled
[    0.847439] printk: legacy console [ttyS0] enabled
[    0.848170] printk: legacy bootconsole [earlyser0] disabled
[    0.848170] printk: legacy bootconsole [earlyser0] disabled
[    0.849003] Lock dependency validator: Copyright (c) 2006 Red Hat, Inc., Ingo Molnar
[    0.849581] ... MAX_LOCKDEP_SUBCLASSES:  8
[    0.849891] ... MAX_LOCK_DEPTH:          48
[    0.850209] ... MAX_LOCKDEP_KEYS:        8192
[    0.850539] ... CLASSHASH_SIZE:          4096
[    0.850866] ... MAX_LOCKDEP_ENTRIES:     524288
[    0.851213] ... MAX_LOCKDEP_CHAINS:      524288
[    0.851564] ... CHAINHASH_SIZE:          262144
[    0.851903]  memory used by lock dependency info: 54145 kB
[    0.852310]  memory used for stack traces: 4224 kB
[    0.852669]  per task-struct memory footprint: 1920 bytes
[    0.853153] ACPI: Core revision 20240827
[    0.853808] clocksource: hpet: mask: 0xffffffff max_cycles: 0xffffffff, max_idle_ns: 19112604467 ns
[    0.854651] APIC: Switch to symmetric I/O mode setup
[    0.855191] x2apic enabled
[    0.855764] APIC: Switched APIC routing to: physical x2apic
[    0.856184] kvm-guest: APIC: send_IPI_mask() replaced with kvm_send_ipi_mask()
[    0.856735] kvm-guest: APIC: send_IPI_mask_allbutself() replaced with kvm_send_ipi_mask_allbutself()
[    0.857410] kvm-guest: setup PV IPIs
[    0.858611] ..TIMER: vector=0x30 apic1=0 pin1=2 apic2=-1 pin2=-1
[    0.859076] clocksource: tsc-early: mask: 0xffffffffffffffff max_cycles: 0x12441513526, max_idle_ns: 440795239872 ns
[    0.859864] Calibrating delay loop (skipped) preset value.. 2534.40 BogoMIPS (lpj=5068800)
[    0.860605] CPU0: Thermal monitoring enabled (TM1)
[    0.860982] x86/cpu: User Mode Instruction Prevention (UMIP) activated
[    0.861563] Last level iTLB entries: 4KB 0, 2MB 0, 4MB 0
[    0.861959] Last level dTLB entries: 4KB 0, 2MB 0, 4MB 0, 1GB 0
[    0.862414] Spectre V1 : Mitigation: usercopy/swapgs barriers and __user pointer sanitization
[    0.863886] Spectre V2 : WARNING: Unprivileged eBPF is enabled with eIBRS on, data leaks possible via Spectre v2 BHB attacks!
[    0.864706] Spectre V2 : Spectre BHI mitigation: SW BHB clearing on syscall and VM exit
[    0.865272] Spectre V2 : Mitigation: Enhanced / Automatic IBRS
[    0.865686] Spectre V2 : Spectre v2 / SpectreRSB mitigation: Filling RSB on context switch
[    0.866267] Spectre V2 : Spectre v2 / PBRSB-eIBRS: Retire a single CALL on VMEXIT
[    0.866797] Spectre V2 : mitigation: Enabling conditional Indirect Branch Prediction Barrier
[    0.867856] Speculative Store Bypass: Mitigation: Speculative Store Bypass disabled via prctl
[    0.868462] MMIO Stale Data: Unknown: No mitigations
[    0.868851] x86/fpu: Supporting XSAVE feature 0x001: 'x87 floating point registers'
[    0.869413] x86/fpu: Supporting XSAVE feature 0x002: 'SSE registers'
[    0.869876] x86/fpu: Supporting XSAVE feature 0x004: 'AVX registers'
[    0.870341] x86/fpu: Supporting XSAVE feature 0x200: 'Protection Keys User registers'
[    0.870913] x86/fpu: xstate_offset[2]:  576, xstate_sizes[2]:  256
[    0.871367] x86/fpu: xstate_offset[9]:  832, xstate_sizes[9]:    8
[    0.871852] x86/fpu: Enabled xstate features 0x207, context size is 840 bytes, using 'compacted' format.
[    0.999849] Freeing SMP alternatives memory: 60K
[    0.999860] pid_max: default: 32768 minimum: 301
[    1.000369] LSM: initializing lsm=capability,yama,ima,evm
[    1.000860] Yama: becoming mindful.
[    1.001531] Mount-cache hash table entries: 4096 (order: 3, 32768 bytes, linear)
[    1.002095] Mountpoint-cache hash table entries: 4096 (order: 3, 32768 bytes, linear)
[    1.004387] Running RCU synchronous self tests
[    1.004729] Running RCU synchronous self tests
[    1.005392] smpboot: CPU0: Genuine Intel(R) 0000 @ (family: 0x6, model: 0xc6, stepping: 0x0)
[    1.006867] Running RCU Tasks wait API self tests
[    1.108034] Running RCU Tasks Rude wait API self tests
[    1.108462] Running RCU Tasks Trace wait API self tests
[    1.108892] Performance Events: unsupported p6 CPU model 198 no PMU driver, software events only.
[    1.109615] signal: max sigframe size: 3632
[    1.110089] rcu: Hierarchical SRCU implementation.
[    1.110425] rcu: 	Max phase no-delay instances is 1000.
[    1.111012] Timer migration: 1 hierarchy levels; 8 children per group; 1 crossnode level
[    1.113201] NMI watchdog: Perf NMI watchdog permanently disabled
[    1.115909] Callback from call_rcu_tasks_trace() invoked.
[    1.116398] smp: Bringing up secondary CPUs ...
[    1.124048] smpboot: x86: Booting SMP configuration:
[    1.124511] .... node  #0, CPUs:      #1
[    1.124815] smp: Brought up 1 node, 2 CPUs
[    1.124815] smpboot: Total of 2 processors activated (5068.80 BogoMIPS)
[    1.125556] Memory: 1550084K/2096632K available (78465K kernel code, 15285K rwdata, 18216K rodata, 15952K init, 68812K bss, 539512K reserved, 0K cma-reserved)
[    1.130453] devtmpfs: initialized
[    1.130453] x86/mm: Memory block size: 128MB
[    1.140401] Running RCU synchronous self tests
[    1.140777] Running RCU synchronous self tests
[    1.141126] clocksource: jiffies: mask: 0xffffffff max_cycles: 0xffffffff, max_idle_ns: 7645041785100000 ns
[    1.141126] futex hash table entries: 512 (order: 4, 65536 bytes, linear)
[    1.141563] pinctrl core: initialized pinctrl subsystem
[    1.144732] 
[    1.144844] *************************************************************
[    1.145316] **     NOTICE NOTICE NOTICE NOTICE NOTICE NOTICE NOTICE    **
[    1.145788] **                                                         **
[    1.146256] **  IOMMU DebugFS SUPPORT HAS BEEN ENABLED IN THIS KERNEL  **
[    1.146725] **                                                         **
[    1.147195] ** This means that this kernel is built to expose internal **
[    1.147663] ** IOMMU data structures, which may compromise security on **
[    1.147855] ** your system.                                            **
[    1.148324] **                                                         **
[    1.148795] ** If you see this message and you are not debugging the   **
[    1.149268] ** kernel, report this immediately to your vendor!         **
[    1.149734] **                                                         **
[    1.150210] **     NOTICE NOTICE NOTICE NOTICE NOTICE NOTICE NOTICE    **
[    1.150679] *************************************************************
[    1.151215] PM: RTC time: 10:37:50, date: 2025-03-27
[    1.155957] NET: Registered PF_NETLINK/PF_ROUTE protocol family
[    1.157283] DMA: preallocated 256 KiB GFP_KERNEL pool for atomic allocations
[    1.157793] DMA: preallocated 256 KiB GFP_KERNEL|GFP_DMA pool for atomic allocations
[    1.158353] DMA: preallocated 256 KiB GFP_KERNEL|GFP_DMA32 pool for atomic allocations
[    1.159000] audit: initializing netlink subsys (disabled)
[    1.159898] audit: type=2000 audit(1743071871.930:1): state=initialized audit_enabled=0 res=1
[    1.175992] thermal_sys: Registered thermal governor 'fair_share'
[    1.176006] thermal_sys: Registered thermal governor 'bang_bang'
[    1.176469] thermal_sys: Registered thermal governor 'step_wise'
[    1.176893] thermal_sys: Registered thermal governor 'user_space'
[    1.177433] cpuidle: using governor ladder
[    1.177433] cpuidle: using governor menu
[    1.177433] acpiphp: ACPI Hot Plug PCI Controller Driver version: 0.5
[    1.180525] PCI: Using configuration type 1 for base access
[    1.181192] kprobes: kprobe jump-optimization is enabled. All kprobes are optimized if possible.
[    1.268071] HugeTLB: allocation took 0ms with hugepage_allocation_threads=1
[    1.268779] HugeTLB: registered 1.00 GiB page size, pre-allocated 0 pages
[    1.269266] HugeTLB: 16380 KiB vmemmap can be freed for a 1.00 GiB page
[    1.269738] HugeTLB: registered 2.00 MiB page size, pre-allocated 0 pages
[    1.270224] HugeTLB: 28 KiB vmemmap can be freed for a 2.00 MiB page
[    1.277580] ACPI: Added _OSI(Module Device)
[    1.277915] ACPI: Added _OSI(Processor Device)
[    1.278214] ACPI: Added _OSI(3.0 _SCP Extensions)
[    1.278533] ACPI: Added _OSI(Processor Aggregator Device)
[    1.288168] ACPI: 1 ACPI AML tables successfully acquired and loaded
[    1.293537] ACPI: Interpreter enabled
[    1.293911] ACPI: PM: (supports S0 S3 S4 S5)
[    1.294226] ACPI: Using IOAPIC for interrupt routing
[    1.294666] PCI: Using host bridge windows from ACPI; if necessary, use "pci=nocrs" and report a bug
[    1.295319] PCI: Using E820 reservations for host bridge windows
[    1.296576] ACPI: Enabled 2 GPEs in block 00 to 0F
[    1.321796] ACPI: PCI Root Bridge [PCI0] (domain 0000 [bus 00-ff])
[    1.322297] acpi PNP0A03:00: _OSC: OS supports [ASPM ClockPM Segments MSI EDR HPX-Type3]
[    1.322892] acpi PNP0A03:00: _OSC: not requesting OS control; OS requires [ExtendedConfig ASPM ClockPM MSI]
[    1.323717] acpi PNP0A03:00: fail to add MMCONFIG information, can't access extended configuration space under this bridge
[    1.327085] acpiphp: Slot [3] registered
[    1.327455] acpiphp: Slot [4] registered
[    1.327813] acpiphp: Slot [5] registered
[    1.327951] acpiphp: Slot [6] registered
[    1.328341] acpiphp: Slot [7] registered
[    1.328715] acpiphp: Slot [8] registered
[    1.329093] acpiphp: Slot [9] registered
[    1.329472] acpiphp: Slot [10] registered
[    1.329874] acpiphp: Slot [11] registered
[    1.330257] acpiphp: Slot [12] registered
[    1.330642] acpiphp: Slot [13] registered
[    1.331031] acpiphp: Slot [14] registered
[    1.331434] acpiphp: Slot [15] registered
[    1.331816] acpiphp: Slot [16] registered
[    1.331938] acpiphp: Slot [17] registered
[    1.332321] acpiphp: Slot [18] registered
[    1.332744] acpiphp: Slot [19] registered
[    1.333122] acpiphp: Slot [20] registered
[    1.333505] acpiphp: Slot [21] registered
[    1.333893] acpiphp: Slot [22] registered
[    1.334300] acpiphp: Slot [23] registered
[    1.334700] acpiphp: Slot [24] registered
[    1.335081] acpiphp: Slot [25] registered
[    1.335459] acpiphp: Slot [26] registered
[    1.335874] acpiphp: Slot [27] registered
[    1.336255] acpiphp: Slot [28] registered
[    1.336640] acpiphp: Slot [29] registered
[    1.337023] acpiphp: Slot [30] registered
[    1.337439] acpiphp: Slot [31] registered
[    1.337795] PCI host bridge to bus 0000:00
[    1.338139] pci_bus 0000:00: root bus resource [io  0x0000-0x0cf7 window]
[    1.338652] pci_bus 0000:00: root bus resource [io  0x0d00-0xffff window]
[    1.339148] pci_bus 0000:00: root bus resource [mem 0x000a0000-0x000bffff window]
[    1.339698] pci_bus 0000:00: root bus resource [mem 0x80000000-0xfebfffff window]
[    1.339883] pci_bus 0000:00: root bus resource [mem 0x100000000-0x17fffffff window]
[    1.340494] pci_bus 0000:00: root bus resource [bus 00-ff]
[    1.341020] pci 0000:00:00.0: [8086:1237] type 00 class 0x060000 conventional PCI endpoint
[    1.347659] pci 0000:00:01.0: [8086:7000] type 00 class 0x060100 conventional PCI endpoint
[    1.348786] pci 0000:00:01.1: [8086:7010] type 00 class 0x010180 conventional PCI endpoint
[    1.349911] pci 0000:00:01.1: BAR 4 [io  0xc040-0xc04f]
[    1.350323] pci 0000:00:01.1: BAR 0 [io  0x01f0-0x01f7]: legacy IDE quirk
[    1.350816] pci 0000:00:01.1: BAR 1 [io  0x03f6]: legacy IDE quirk
[    1.351265] pci 0000:00:01.1: BAR 2 [io  0x0170-0x0177]: legacy IDE quirk
[    1.351760] pci 0000:00:01.1: BAR 3 [io  0x0376]: legacy IDE quirk
[    1.352212] pci 0000:00:01.3: [8086:7113] type 00 class 0x068000 conventional PCI endpoint
[    1.353065] pci 0000:00:01.3: quirk: [io  0x0600-0x063f] claimed by PIIX4 ACPI
[    1.353596] pci 0000:00:01.3: quirk: [io  0x0700-0x070f] claimed by PIIX4 SMB
[    1.354447] pci 0000:00:02.0: [1234:1111] type 00 class 0x030000 conventional PCI endpoint
[    1.356638] pci 0000:00:02.0: BAR 0 [mem 0xfd000000-0xfdffffff pref]
[    1.357227] pci 0000:00:02.0: BAR 2 [mem 0xfebf0000-0xfebf0fff]
[    1.357685] pci 0000:00:02.0: ROM [mem 0xfebe0000-0xfebeffff pref]
[    1.358477] pci 0000:00:02.0: Video device with shadowed ROM at [mem 0x000c0000-0x000dffff]
[    1.366870] pci 0000:00:03.0: [8086:100e] type 00 class 0x020000 conventional PCI endpoint
[    1.368917] pci 0000:00:03.0: BAR 0 [mem 0xfebc0000-0xfebdffff]
[    1.369393] pci 0000:00:03.0: BAR 1 [io  0xc000-0xc03f]
[    1.369808] pci 0000:00:03.0: ROM [mem 0xfeb80000-0xfebbffff pref]
[    1.386800] ACPI: PCI: Interrupt link LNKA configured for IRQ 10
[    1.387997] ACPI: PCI: Interrupt link LNKB configured for IRQ 10
[    1.389050] ACPI: PCI: Interrupt link LNKC configured for IRQ 11
[    1.390065] ACPI: PCI: Interrupt link LNKD configured for IRQ 11
[    1.390786] ACPI: PCI: Interrupt link LNKS configured for IRQ 9
[    1.403922] iommu: Default domain type: Translated
[    1.404388] iommu: DMA domain TLB invalidation policy: lazy mode
[    1.407546] SCSI subsystem initialized
[    1.408517] ACPI: bus type USB registered
[    1.409013] usbcore: registered new interface driver usbfs
[    1.409488] usbcore: registered new interface driver hub
[    1.409929] usbcore: registered new device driver usb
[    1.410679] pps_core: LinuxPPS API ver. 1 registered
[    1.411047] pps_core: Software ver. 5.3.6 - Copyright 2005-2007 Rodolfo Giometti <giometti@linux.it>
[    1.411728] PTP clock support registered
[    1.412391] EDAC MC: Ver: 3.0.0
[    1.416270] NetLabel: Initializing
[    1.416535] NetLabel:  domain hash size = 128
[    1.416875] NetLabel:  protocols = UNLABELED CIPSOv4 CALIPSO
[    1.417464] NetLabel:  unlabeled traffic allowed by default
[    1.418568] PCI: Using ACPI for IRQ routing
[    1.419340] pci 0000:00:02.0: vgaarb: setting as boot VGA device
[    1.419804] pci 0000:00:02.0: vgaarb: bridge control possible
[    1.419849] pci 0000:00:02.0: vgaarb: VGA device added: decodes=io+mem,owns=io+mem,locks=none
[    1.419859] vgaarb: loaded
[    1.420989] hpet0: at MMIO 0xfed00000, IRQs 2, 8, 0
[    1.421372] hpet0: 3 comparators, 64-bit 100.000000 MHz counter
[    1.425362] clocksource: Switched to clocksource kvm-clock
[    3.030121] VFS: Disk quotas dquot_6.6.0
[    3.030475] VFS: Dquot-cache hash table entries: 512 (order 0, 4096 bytes)
[    3.033593] pnp: PnP ACPI init
[    3.036824] pnp: PnP ACPI: found 6 devices
[    3.039028] Callback from call_rcu_tasks() invoked.
[    3.052951] clocksource: acpi_pm: mask: 0xffffff max_cycles: 0xffffff, max_idle_ns: 2085701024 ns
[    3.054085] NET: Registered PF_INET protocol family
[    3.054788] IP idents hash table entries: 32768 (order: 6, 262144 bytes, linear)
[    3.057006] tcp_listen_portaddr_hash hash table entries: 1024 (order: 4, 73728 bytes, linear)
[    3.057687] Table-perturb hash table entries: 65536 (order: 6, 262144 bytes, linear)
[    3.058280] TCP established hash table entries: 16384 (order: 5, 131072 bytes, linear)
[    3.059404] TCP bind hash table entries: 16384 (order: 9, 2359296 bytes, linear)
[    3.062464] TCP: Hash tables configured (established 16384 bind 16384)
[    3.063214] UDP hash table entries: 1024 (order: 6, 262144 bytes, linear)
[    3.063940] UDP-Lite hash table entries: 1024 (order: 6, 262144 bytes, linear)
[    3.064954] NET: Registered PF_UNIX/PF_LOCAL protocol family
[    3.066851] RPC: Registered named UNIX socket transport module.
[    3.067315] RPC: Registered udp transport module.
[    3.067634] RPC: Registered tcp transport module.
[    3.067967] RPC: Registered tcp-with-tls transport module.
[    3.068352] RPC: Registered tcp NFSv4.1 backchannel transport module.
[    3.068848] pci_bus 0000:00: resource 4 [io  0x0000-0x0cf7 window]
[    3.069295] pci_bus 0000:00: resource 5 [io  0x0d00-0xffff window]
[    3.069737] pci_bus 0000:00: resource 6 [mem 0x000a0000-0x000bffff window]
[    3.070227] pci_bus 0000:00: resource 7 [mem 0x80000000-0xfebfffff window]
[    3.070720] pci_bus 0000:00: resource 8 [mem 0x100000000-0x17fffffff window]
[    3.071536] pci 0000:00:01.0: PIIX3: Enabling Passive Release
[    3.071967] pci 0000:00:00.0: Limiting direct PCI/PCI transfers
[    3.072474] PCI: CLS 0 bytes, default 64
[    3.072937] ACPI: bus type thunderbolt registered
[    3.073668] clocksource: tsc: mask: 0xffffffffffffffff max_cycles: 0x12441513526, max_idle_ns: 440795239872 ns
[    3.082239] Initialise system trusted keyrings
[    3.082701] Key type blacklist registered
[    3.083241] workingset: timestamp_bits=36 max_order=19 bucket_order=0
[    3.085801] squashfs: version 4.0 (2009/01/31) Phillip Lougher
[    3.088372] NFS: Registering the id_resolver key type
[    3.088761] Key type id_resolver registered
[    3.089065] Key type id_legacy registered
[    3.089403] nfs4filelayout_init: NFSv4 File Layout Driver Registering...
[    3.089913] nfs4flexfilelayout_init: NFSv4 Flexfile Layout Driver Registering...
[    3.090811] fuse: init (API version 7.43)
[    3.091964] SGI XFS with ACLs, security attributes, realtime, quota, no debug enabled
[    3.093983] 9p: Installing v9fs 9p2000 file system support
[    3.105130] Key type asymmetric registered
[    3.105445] Asymmetric key parser 'x509' registered
[    3.105939] Block layer SCSI generic (bsg) driver version 0.4 loaded (major 242)
[    3.106894] io scheduler mq-deadline registered
[    3.107404] io scheduler bfq registered
[    3.108639] ledtrig-cpu: registered to indicate activity on CPUs
[    3.110256] IPMI message handler: version 39.2
[    3.110648] ipmi device interface
[    3.112694] input: Power Button as /devices/LNXSYSTM:00/LNXPWRBN:00/input/input0
[    3.114149] ACPI: button: Power Button [PWRF]
[    3.116351] ERST DBG: ERST support is disabled.
[    3.118061] Serial: 8250/16550 driver, 32 ports, IRQ sharing enabled
[    3.120439] 00:04: ttyS0 at I/O 0x3f8 (irq = 4, base_baud = 115200) is a 16550A
[    3.149326] Linux agpgart interface v0.103
[    3.152412] ACPI: bus type drm_connector registered
[    3.173946] brd: module loaded
[    3.185469] loop: module loaded
[    3.198133] scsi host0: ata_piix
[    3.199929] scsi host1: ata_piix
[    3.200479] ata1: PATA max MWDMA2 cmd 0x1f0 ctl 0x3f6 bmdma 0xc040 irq 14 lpm-pol 0
[    3.201005] ata2: PATA max MWDMA2 cmd 0x170 ctl 0x376 bmdma 0xc048 irq 15 lpm-pol 0
[    3.203687] tun: Universal TUN/TAP device driver, 1.6
[    3.204862] e100: Intel(R) PRO/100 Network Driver
[    3.205252] e100: Copyright(c) 1999-2006 Intel Corporation
[    3.205729] e1000: Intel(R) PRO/1000 Network Driver
[    3.206074] e1000: Copyright (c) 1999-2006 Intel Corporation.
[    3.355242] ata2: found unknown device (class 0)
[    3.356000] ata1: found unknown device (class 0)
[    3.356855] ata1.00: ATA-7: QEMU HARDDISK, 2.5+, max UDMA/100
[    3.357272] ata1.00: 17196647 sectors, multi 16: LBA48 
[    3.358014] ata2.00: ATAPI: QEMU DVD-ROM, 2.5+, max UDMA/100
[    3.360080] scsi 0:0:0:0: Direct-Access     ATA      QEMU HARDDISK    2.5+ PQ: 0 ANSI: 5
[    3.362376] sd 0:0:0:0: Attached scsi generic sg0 type 0
[    3.363022] sd 0:0:0:0: [sda] 17196647 512-byte logical blocks: (8.80 GB/8.20 GiB)
[    3.363787] sd 0:0:0:0: [sda] Write Protect is off
[    3.364285] sd 0:0:0:0: [sda] Write cache: enabled, read cache: enabled, doesn't support DPO or FUA
[    3.364313] scsi 1:0:0:0: CD-ROM            QEMU     QEMU DVD-ROM     2.5+ PQ: 0 ANSI: 5
[    3.365003] sd 0:0:0:0: [sda] Preferred minimum I/O size 512 bytes
[    3.390984] sd 0:0:0:0: [sda] Attached SCSI disk
[    3.396366] scsi 1:0:0:0: Attached scsi generic sg1 type 5
[    3.646374] ACPI: \_SB_.LNKC: Enabled at IRQ 11
[    3.956328] e1000 0000:00:03.0 eth0: (PCI:33MHz:32-bit) 52:54:00:12:34:56
[    3.956884] e1000 0000:00:03.0 eth0: Intel(R) PRO/1000 Network Connection
[    3.957476] e1000e: Intel(R) PRO/1000 Network Driver
[    3.957826] e1000e: Copyright(c) 1999 - 2015 Intel Corporation.
[    3.958316] igb: Intel(R) Gigabit Ethernet Network Driver
[    3.958699] igb: Copyright (c) 2007-2014 Intel Corporation.
[    3.959266] PPP generic driver version 2.4.2
[    3.962582] VFIO - User Level meta-driver version: 0.3
[    3.964079] usbcore: registered new interface driver uas
[    3.964515] usbcore: registered new interface driver usb-storage
[    3.965190] i8042: PNP: PS/2 Controller [PNP0303:KBD,PNP0f13:MOU] at 0x60,0x64 irq 1,12
[    3.966719] serio: i8042 KBD port at 0x60,0x64 irq 1
[    3.967166] serio: i8042 AUX port at 0x60,0x64 irq 12
[    3.968807] mousedev: PS/2 mouse device common for all mice
[    3.970467] input: AT Translated Set 2 keyboard as /devices/platform/i8042/serio0/input/input1
[    3.971548] rtc_cmos 00:05: RTC can wake from S4
[    3.973388] input: VirtualPS/2 VMware VMMouse as /devices/platform/i8042/serio1/input/input4
[    3.973630] rtc_cmos 00:05: registered as rtc0
[    3.974406] rtc_cmos 00:05: setting system clock to 2025-03-27T10:37:53 UTC (1743071873)
[    3.975344] rtc_cmos 00:05: alarms up to one day, y3k, 242 bytes nvram, hpet irqs
[    3.975464] input: VirtualPS/2 VMware VMMouse as /devices/platform/i8042/serio1/input/input3
[    3.975925] i2c_dev: i2c /dev entries driver
[    3.977018] device-mapper: core: CONFIG_IMA_DISABLE_HTABLE is disabled. Duplicate IMA measurements will not be recorded in the IMA log.
[    3.977935] device-mapper: uevent: version 1.0.3
[    3.978764] device-mapper: ioctl: 4.49.0-ioctl (2025-01-17) initialised: dm-devel@lists.linux.dev
[    3.979468] intel_pstate: CPU model not supported
[    3.980022] sdhci: Secure Digital Host Controller Interface driver
[    3.980470] sdhci: Copyright(c) Pierre Ossman
[    3.980908] sdhci-pltfm: SDHCI platform and OF driver helper
[    3.981815] drop_monitor: Initializing network drop monitor service
[    3.982663] NET: Registered PF_INET6 protocol family
[    3.994846] Segment Routing with IPv6
[    3.995310] In-situ OAM (IOAM) with IPv6
[    3.995708] NET: Registered PF_PACKET protocol family
[    3.996713] 9pnet: Installing 9P2000 support
[    3.997193] Key type dns_resolver registered
[    3.999099] IPI shorthand broadcast: enabled
[    4.073867] sched_clock: Marking stable (4056017086, 14922698)->(4097182881, -26243097)
[    4.075865] registered taskstats version 1
[    4.077097] Loading compiled-in X.509 certificates
[    4.120289] Demotion targets for Node 0: null
[    4.122286] Key type .fscrypt registered
[    4.122578] Key type fscrypt-provisioning registered
[    4.126449] Key type encrypted registered
[    4.126839] ima: No TPM chip found, activating TPM-bypass!
[    4.127280] ima: Allocated hash algorithm: sha1
[    4.127671] ima: No architecture policies found
[    4.128129] evm: Initialising EVM extended attributes:
[    4.128501] evm: security.selinux
[    4.128737] evm: security.SMACK64
[    4.128980] evm: security.SMACK64EXEC
[    4.129249] evm: security.SMACK64TRANSMUTE
[    4.129543] evm: security.SMACK64MMAP
[    4.129804] evm: security.apparmor
[    4.130046] evm: security.ima
[    4.130263] evm: security.capability
[    4.130523] evm: HMAC attrs: 0x1
[    4.132785] PM:   Magic number: 1:651:629
[    4.134089] RAS: Correctable Errors collector initialized.
[    4.135470] clk: Disabling unused clocks
[    4.135850] PM: genpd: Disabling unused power domains
[    4.137108] md: Waiting for all devices to be available before autodetect
[    4.137441] md: If you don't use raid, use raid=noautodetect
[    4.137719] md: Autodetecting RAID arrays.
[    4.137928] md: autorun ...
[    4.138070] md: ... autorun DONE.
[    4.150370] EXT4-fs (sda): INFO: recovery required on readonly filesystem
[    4.150771] EXT4-fs (sda): write access will be enabled during recovery
[    4.224373] EXT4-fs (sda): recovery complete
[    4.233016] EXT4-fs (sda): mounted filesystem 088740a9-c8b4-422c-999d-a804eb68a4da ro with ordered data mode. Quota mode: none.
[    4.233700] VFS: Mounted root (ext4 filesystem) readonly on device 8:0.
[    4.255606] devtmpfs: mounted
[    4.275572] Freeing unused decrypted memory: 2028K
[    4.288301] Freeing unused kernel image (initmem) memory: 15952K
[    4.288790] Write protecting the kernel read-only data: 98304k
[    4.291951] Freeing unused kernel image (text/rodata gap) memory: 1404K
[    4.292548] Freeing unused kernel image (rodata/data gap) memory: 216K
[    4.343977] x86/mm: Checked W+X mappings: passed, no W+X pages found.
[    4.344319] Run /sbin/init as init process
[    4.619907] systemd[1]: systemd 252-15.el9 running in system mode (+PAM +AUDIT +SELINUX -APPARMOR +IMA +SMACK +SECCOMP +GCRYPT +GNUTLS +OPENSSL +ACL +BLKID +CURL +ELFUTILS -FIDO2 +IDN2 -IDN -IPTC +KMOD +LIBCRYPTSETUP +LIBFDISK +PCRE2 -PWQUALITY +P11KIT -QRENCODE +TPM2 +BZIP2 +LZ4 +XZ +ZLIB +ZSTD -BPF_FRAMEWORK +XKBCOMMON +UTMP +SYSVINIT default-hierarchy=unified)
[    4.621342] systemd[1]: Detected virtualization kvm.
[    4.621597] systemd[1]: Detected architecture x86-64.

Welcome to [0;31mCentOS Stream 9[0m!

[    4.630065] systemd[1]: Hostname set to <test>.
[    4.880739] systemd-rc-local-generator[123]: /etc/rc.d/rc.local is not marked executable, skipping.
[    5.267663] systemd[1]: Queued start job for default target Multi-User System.
[    5.309761] systemd[1]: Created slice Virtual Machine and Container Slice.
[[0;32m  OK  [0m] Created slice [0;1;39mVirtual Machine and Container Slice[0m.
[    5.314534] systemd[1]: Created slice Slice /system/getty.
[[0;32m  OK  [0m] Created slice [0;1;39mSlice /system/getty[0m.
[    5.316999] systemd[1]: Created slice Slice /system/modprobe.
[[0;32m  OK  [0m] Created slice [0;1;39mSlice /system/modprobe[0m.
[    5.319552] systemd[1]: Created slice Slice /system/serial-getty.
[[0;32m  OK  [0m] Created slice [0;1;39mSlice /system/serial-getty[0m.
[    5.322168] systemd[1]: Created slice Slice /system/sshd-keygen.
[[0;32m  OK  [0m] Created slice [0;1;39mSlice /system/sshd-keygen[0m.
[    5.324415] systemd[1]: Created slice User and Session Slice.
[[0;32m  OK  [0m] Created slice [0;1;39mUser and Session Slice[0m.
[    5.325781] systemd[1]: Started Forward Password Requests to Wall Directory Watch.
[[0;32m  OK  [0m] Started [0;1;39mForward Password R…uests to Wall Directory Watch[0m.
[    5.327890] systemd[1]: Set up automount Arbitrary Executable File Formats File System Automount Point.
[[0;32m  OK  [0m] Set up automount [0;1;39mArbitrary…s File System Automount Point[0m.
[    5.329219] systemd[1]: Reached target Local Integrity Protected Volumes.
[[0;32m  OK  [0m] Reached target [0;1;39mLocal Integrity Protected Volumes[0m.
[    5.330341] systemd[1]: Reached target Slice Units.
[[0;32m  OK  [0m] Reached target [0;1;39mSlice Units[0m.
[    5.331307] systemd[1]: Reached target Swaps.
[[0;32m  OK  [0m] Reached target [0;1;39mSwaps[0m.
[    5.332163] systemd[1]: Reached target Local Verity Protected Volumes.
[[0;32m  OK  [0m] Reached target [0;1;39mLocal Verity Protected Volumes[0m.
[    5.333678] systemd[1]: Listening on Device-mapper event daemon FIFOs.
[[0;32m  OK  [0m] Listening on [0;1;39mDevice-mapper event daemon FIFOs[0m.
[    5.335321] systemd[1]: Listening on LVM2 poll daemon socket.
[[0;32m  OK  [0m] Listening on [0;1;39mLVM2 poll daemon socket[0m.
[    5.336268] systemd[1]: multipathd control socket was skipped because of an unmet condition check (ConditionPathExists=/etc/multipath.conf).
[    5.378633] systemd[1]: Listening on RPCbind Server Activation Socket.
[[0;32m  OK  [0m] Listening on [0;1;39mRPCbind Server Activation Socket[0m.
[    5.379985] systemd[1]: Reached target RPC Port Mapper.
[[0;32m  OK  [0m] Reached target [0;1;39mRPC Port Mapper[0m.
[    5.383164] systemd[1]: Listening on Process Core Dump Socket.
[[0;32m  OK  [0m] Listening on [0;1;39mProcess Core Dump Socket[0m.
[    5.384485] systemd[1]: Listening on initctl Compatibility Named Pipe.
[[0;32m  OK  [0m] Listening on [0;1;39minitctl Compatibility Named Pipe[0m.
[    5.386224] systemd[1]: Listening on Journal Socket (/dev/log).
[[0;32m  OK  [0m] Listening on [0;1;39mJournal Socket (/dev/log)[0m.
[    5.387632] systemd[1]: Listening on Journal Socket.
[[0;32m  OK  [0m] Listening on [0;1;39mJournal Socket[0m.
[    5.389077] systemd[1]: Listening on udev Control Socket.
[[0;32m  OK  [0m] Listening on [0;1;39mudev Control Socket[0m.
[    5.390397] systemd[1]: Listening on udev Kernel Socket.
[[0;32m  OK  [0m] Listening on [0;1;39mudev Kernel Socket[0m.
[    5.396798] systemd[1]: Mounting Huge Pages File System...
         Mounting [0;1;39mHuge Pages File System[0m...
[    5.401936] systemd[1]: Mounting POSIX Message Queue File System...
         Mounting [0;1;39mPOSIX Message Queue File System[0m...
[    5.412046] systemd[1]: Mounting Kernel Debug File System...
         Mounting [0;1;39mKernel Debug File System[0m...
[    5.418131] systemd[1]: Mounting Kernel Trace File System...
         Mounting [0;1;39mKernel Trace File System[0m...
[    5.423302] systemd[1]: Kernel Module supporting RPCSEC_GSS was skipped because of an unmet condition check (ConditionPathExists=/etc/krb5.keytab).
[    5.424011] systemd[1]: Create List of Static Device Nodes was skipped because of an unmet condition check (ConditionFileNotEmpty=/lib/modules/6.14.0-b3f9d748911e+/modules.devname).
[    5.430188] systemd[1]: Starting Monitoring of LVM2 mirrors, snapshots etc. using dmeventd or progress polling...
         Starting [0;1;39mMonitoring of LVM…meventd or progress polling[0m...
[    5.438013] systemd[1]: Starting Load Kernel Module configfs...
         Starting [0;1;39mLoad Kernel Module configfs[0m...
[    5.444043] systemd[1]: Starting Load Kernel Module drm...
         Starting [0;1;39mLoad Kernel Module drm[0m...
[    5.454117] systemd[1]: Starting Load Kernel Module fuse...
         Starting [0;1;39mLoad Kernel Module fuse[0m...
[    5.467218] systemd[1]: Starting Read and set NIS domainname from /etc/sysconfig/network...
         Starting [0;1;39mRead and set NIS …from /etc/sysconfig/network[0m...
[    5.491747] systemd[1]: Starting Journal Service...
         Starting [0;1;39mJournal Service[0m...
[    5.507374] systemd[1]: Starting Load Kernel Modules...
         Starting [0;1;39mLoad Kernel Modules[0m...
[    5.516408] systemd[1]: Starting Generate network units from Kernel command line...
         Starting [0;1;39mGenerate network …ts from Kernel command line[0m...
[    5.551946] systemd[1]: Starting Remount Root and Kernel File Systems...
         Starting [0;1;39mRemount Root and Kernel File Systems[0m...
[    5.553407] systemd[1]: Repartition Root Disk was skipped because no trigger condition checks were met.
[    5.567663] systemd[1]: Starting Coldplug All udev Devices...
         Starting [0;1;39mColdplug All udev Devices[0m...
[    5.590509] systemd[1]: Mounted Huge Pages File System.
[[0;32m  OK  [0m] Mounted [0;1;39mHuge Pages File System[0m.
[    5.595334] systemd[1]: Mounted POSIX Message Queue File System.
[[0;32m  OK  [0m] Mounted [0;1;39mPOSIX Message Queue File System[0m.
[    5.599418] systemd[1]: Mounted Kernel Debug File System.
[[0;32m  OK  [0m] Mounted [0;1;39mKernel Debug File System[0m.
[    5.600868] systemd[1]: Mounted Kernel Trace File System.
[[0;32m  OK  [0m] Mounted [0;1;39mKernel Trace File System[0m.
[    5.604957] EXT4-fs (sda): re-mounted 088740a9-c8b4-422c-999d-a804eb68a4da r/w.
[    5.606733] systemd[1]: Finished Monitoring of LVM2 mirrors, snapshots etc. using dmeventd or progress polling.
[[0;32m  OK  [0m] Finished [0;1;39mMonitoring of LVM… dmeventd or progress polling[0m.
[    5.615394] systemd[1]: modprobe@configfs.service: Deactivated successfully.
[    5.617015] systemd[1]: Finished Load Kernel Module configfs.
[[0;32m  OK  [0m] Finished [0;1;39mLoad Kernel Module configfs[0m.
[    5.619213] systemd[1]: modprobe@drm.service: Deactivated successfully.
[    5.620400] systemd[1]: Finished Load Kernel Module drm.
[[0;32m  OK  [0m] Finished [0;1;39mLoad Kernel Module drm[0m.
[    5.622830] systemd[1]: modprobe@fuse.service: Deactivated successfully.
[    5.624083] systemd[1]: Finished Load Kernel Module fuse.
[[0;32m  OK  [0m] Finished [0;1;39mLoad Kernel Module fuse[0m.
[    5.626257] systemd[1]: Finished Read and set NIS domainname from /etc/sysconfig/network.
[[0;32m  OK  [0m] Finished [0;1;39mRead and set NIS …e from /etc/sysconfig/network[0m.
[    5.628732] systemd[1]: systemd-modules-load.service: Main process exited, code=exited, status=1/FAILURE
[    5.629842] systemd[1]: systemd-modules-load.service: Failed with result 'exit-code'.
[    5.632444] systemd[1]: Failed to start Load Kernel Modules.
[[0;1;31mFAILED[0m] Failed to start [0;1;39mLoad Kernel Modules[0m.
See 'systemctl status systemd-modules-load.service' for details.
[    5.635502] systemd[1]: Finished Generate network units from Kernel command line.
[[0;32m  OK  [0m] Finished [0;1;39mGenerate network units from Kernel command line[0m.
[    5.637701] systemd[1]: Finished Remount Root and Kernel File Systems.
[[0;32m  OK  [0m] Finished [0;1;39mRemount Root and Kernel File Systems[0m.
[    5.640097] systemd[1]: Reached target Preparation for Network.
[[0;32m  OK  [0m] Reached target [0;1;39mPreparation for Network[0m.
[    5.659266] systemd[1]: Mounting FUSE Control File System...
         Mounting [0;1;39mFUSE Control File System[0m...
[    5.671956] systemd[1]: Mounting Kernel Configuration File System...
         Mounting [0;1;39mKernel Configuration File System[0m...
[    5.673155] systemd[1]: Special handling of early boot iSCSI sessions was skipped because of an unmet condition check (ConditionDirectoryNotEmpty=/sys/class/iscsi_session).
[    5.674019] systemd[1]: First Boot Wizard was skipped because of an unmet condition check (ConditionFirstBoot=yes).
[    5.681507] systemd[1]: Rebuild Hardware Database was skipped because of an unmet condition check (ConditionNeedsUpdate=/etc).
[    5.688090] systemd[1]: Starting Load/Save Random Seed...
         Starting [0;1;39mLoad/Save Random Seed[0m...
[    5.732151] systemd[1]: Starting Apply Kernel Variables...
         Starting [0;1;39mApply Kernel Variables[0m...
[    5.733335] systemd[1]: Create System Users was skipped because no trigger condition checks were met.
[    5.742777] systemd[1]: Starting Create Static Device Nodes in /dev...
         Starting [0;1;39mCreate Static Device Nodes in /dev[0m...
[    5.753654] systemd[1]: Starting Setup Virtual Console...
         Starting [0;1;39mSetup Virtual Console[0m...
[    5.759883] systemd[1]: Started Journal Service.
[[0;32m  OK  [0m] Started [0;1;39mJournal Service[0m.
[[0;32m  OK  [0m] Mounted [0;1;39mFUSE Control File System[0m.
[[0;32m  OK  [0m] Mounted [0;1;39mKernel Configuration File System[0m.
         Starting [0;1;39mFlush Journal to Persistent Storage[0m...
[[0;32m  OK  [0m] Finished [0;1;39mLoad/Save Random Seed[0m.
[    5.832989] systemd-journald[149]: Received client request to flush runtime journal.
[[0;32m  OK  [0m] Finished [0;1;39mFlush Journal to Persistent Storage[0m.
[[0;32m  OK  [0m] Finished [0;1;39mApply Kernel Variables[0m.
[[0;32m  OK  [0m] Finished [0;1;39mCreate Static Device Nodes in /dev[0m.
         Starting [0;1;39mRule-based Manage…for Device Events and Files[0m...
[[0;32m  OK  [0m] Started [0;1;39mRule-based Manager for Device Events and Files[0m.
         Starting [0;1;39mAuto-connect to s…E devices found during boot[0m...
[[0;32m  OK  [0m] Finished [0;1;39mColdplug All udev Devices[0m.
[[0;32m  OK  [0m] Finished [0;1;39mSetup Virtual Console[0m.
[[0;32m  OK  [0m] Finished [0;1;39mAuto-connect to s…VME devices found during boot[0m.
[[0;32m  OK  [0m] Started [0;1;39mDispatch Password …ts to Console Directory Watch[0m.
[[0;32m  OK  [0m] Reached target [0;1;39mLocal Encrypted Volumes[0m.
[[0;32m  OK  [0m] Reached target [0;1;39mPath Units[0m.
         Starting [0;1;39mWait for udev To …plete Device Initialization[0m...
[[0;32m  OK  [0m] Found device [0;1;39m/dev/ttyS0[0m.
[[0;32m  OK  [0m] Listening on [0;1;39mLoad/Save RF …itch Status /dev/rfkill Watch[0m.
[[0;32m  OK  [0m] Finished [0;1;39mWait for udev To Complete Device Initialization[0m.
[[0;32m  OK  [0m] Reached target [0;1;39mPreparation for Local File Systems[0m.
[[0;32m  OK  [0m] Reached target [0;1;39mLocal File Systems[0m.
         Starting [0;1;39mTell Plymouth To Write Out Runtime Data[0m...
         Starting [0;1;39mAutomatic Boot Loader Update[0m...
         Starting [0;1;39mCreate Volatile Files and Directories[0m...
[[0;32m  OK  [0m] Finished [0;1;39mTell Plymouth To Write Out Runtime Data[0m.
[[0;32m  OK  [0m] Finished [0;1;39mAutomatic Boot Loader Update[0m.
[[0;32m  OK  [0m] Finished [0;1;39mCreate Volatile Files and Directories[0m.
         Mounting [0;1;39mRPC Pipe File System[0m...
         Starting [0;1;39mSecurity Auditing Service[0m...
         Starting [0;1;39mRPC Bind[0m...
[[0;32m  OK  [0m] Mounted [0;1;39mRPC Pipe File System[0m.
[[0;32m  OK  [0m] Reached target [0;1;39mrpc_pipefs.target[0m.
[[0;32m  OK  [0m] Started [0;1;39mRPC Bind[0m.
[[0;32m  OK  [0m] Started [0;1;39mSecurity Auditing Service[0m.
         Starting [0;1;39mRecord System Boot/Shutdown in UTMP[0m...
[[0;32m  OK  [0m] Finished [0;1;39mRecord System Boot/Shutdown in UTMP[0m.
[[0;32m  OK  [0m] Reached target [0;1;39mSystem Initialization[0m.
[[0;32m  OK  [0m] Started [0;1;39mDaily rotation of log files[0m.
[[0;32m  OK  [0m] Started [0;1;39mUpdates mlocate database every day[0m.
[[0;32m  OK  [0m] Started [0;1;39mDaily Cleanup of Temporary Directories[0m.
[[0;32m  OK  [0m] Started [0;1;39mdaily update of the root trust anchor for DNSSEC[0m.
[[0;32m  OK  [0m] Reached target [0;1;39mTimer Units[0m.
[[0;32m  OK  [0m] Listening on [0;1;39mD-Bus System Message Bus Socket[0m.
[[0;32m  OK  [0m] Listening on [0;1;39mOpen-iSCSI iscsid Socket[0m.
[[0;32m  OK  [0m] Listening on [0;1;39mOpen-iSCSI iscsiuio Socket[0m.
[[0;32m  OK  [0m] Listening on [0;1;39mSSSD Kerberos…ache Manager responder socket[0m.
[[0;32m  OK  [0m] Listening on [0;1;39mLibvirt interface local socket[0m.
[[0;32m  OK  [0m] Listening on [0;1;39mVirtual machine lock manager socket[0m.
[[0;32m  OK  [0m] Listening on [0;1;39mVirtual machine log manager socket[0m.
[[0;32m  OK  [0m] Listening on [0;1;39mLibvirt network local socket[0m.
[[0;32m  OK  [0m] Listening on [0;1;39mLibvirt nodedev local socket[0m.
[[0;32m  OK  [0m] Listening on [0;1;39mLibvirt nwfilter local socket[0m.
[[0;32m  OK  [0m] Listening on [0;1;39mLibvirt proxy local socket[0m.
[[0;32m  OK  [0m] Listening on [0;1;39mLibvirt qemu local socket[0m.
[[0;32m  OK  [0m] Listening on [0;1;39mLibvirt qemu admin socket[0m.
[[0;32m  OK  [0m] Listening on [0;1;39mLibvirt qemu local read-only socket[0m.
[[0;32m  OK  [0m] Listening on [0;1;39mLibvirt secret local socket[0m.
[[0;32m  OK  [0m] Listening on [0;1;39mLibvirt storage local socket[0m.
[[0;32m  OK  [0m] Reached target [0;1;39mSocket Units[0m.
         Starting [0;1;39mD-Bus System Message Bus[0m...
[[0;32m  OK  [0m] Started [0;1;39mD-Bus System Message Bus[0m.
[[0;32m  OK  [0m] Reached target [0;1;39mBasic System[0m.
         Starting [0;1;39mNetwork Manager[0m...
         Starting [0;1;39mNTP client/server[0m...
         Starting [0;1;39mRestore /run/initramfs on shutdown[0m...
[[0;32m  OK  [0m] Started [0;1;39mirqbalance daemon[0m.
[[0;32m  OK  [0m] Started [0;1;39mlibstoragemgmt plug-in server daemon[0m.
[[0;32m  OK  [0m] Started [0;1;39mMachine Check Exception Logging Daemon[0m.
[[0;32m  OK  [0m] Reached target [0;1;39msshd-keygen.target[0m.
[[0;32m  OK  [0m] Reached target [0;1;39mUser and Group Name Lookups[0m.
         Starting [0;1;39mUser Login Management[0m...
         Starting [0;1;39mVirtual Machine a…tainer Registration Service[0m...
         Starting [0;1;39mupdate of the roo…NSSEC validation in unbound[0m...
         Starting [0;1;39mRotate log files[0m...
[[0;32m  OK  [0m] Started [0;1;39mUpdate a database for mlocate[0m.
[[0;32m  OK  [0m] Started [0;1;39mNTP client/server[0m.
[[0;32m  OK  [0m] Finished [0;1;39mRestore /run/initramfs on shutdown[0m.
[[0;32m  OK  [0m] Started [0;1;39mVirtual Machine an…ontainer Registration Service[0m.
         Starting [0;1;39mHostname Service[0m...
[[0;32m  OK  [0m] Started [0;1;39mUser Login Management[0m.
[[0;32m  OK  [0m] Finished [0;1;39mupdate of the roo… DNSSEC validation in unbound[0m.
[[0;32m  OK  [0m] Started [0;1;39mHostname Service[0m.
[[0;32m  OK  [0m] Finished [0;1;39mRotate log files[0m.
         Starting [0;1;39mNetwork Manager Script Dispatcher Service[0m...
[[0;32m  OK  [0m] Started [0;1;39mNetwork Manager Script Dispatcher Service[0m.
[    9.063201] e1000: eth0 NIC Link is Up 1000 Mbps Full Duplex, Flow Control: RX
[[0;32m  OK  [0m] Started [0;1;39mNetwork Manager[0m.
[[0;32m  OK  [0m] Reached target [0;1;39mNetwork[0m.
[[0;32m  OK  [0m] Reached target [0;1;39mNetwork is Online[0m.
         Starting [0;1;39mGSSAPI Proxy Daemon[0m...
         Starting [0;1;39mNotify NFS peers of a restart[0m...
         Starting [0;1;39mSystem Logging Service[0m...
         Starting [0;1;39mOpenSSH server daemon[0m...
         Starting [0;1;39mDynamic System Tuning Daemon[0m...
[[0;32m  OK  [0m] Started [0;1;39mNotify NFS peers of a restart[0m.
[[0;32m  OK  [0m] Started [0;1;39mGSSAPI Proxy Daemon[0m.
[[0;32m  OK  [0m] Reached target [0;1;39mNFS client services[0m.
[[0;32m  OK  [0m] Reached target [0;1;39mPreparation for Remote File Systems[0m.
[[0;32m  OK  [0m] Reached target [0;1;39mRemote File Systems[0m.
         Starting [0;1;39mPermit User Sessions[0m...
         Starting [0;1;39mVirtualization qemu daemon[0m...
[[0;32m  OK  [0m] Started [0;1;39mOpenSSH server daemon[0m.
[[0;32m  OK  [0m] Finished [0;1;39mPermit User Sessions[0m.
[[0;32m  OK  [0m] Started [0;1;39mSystem Logging Service[0m.
[[0;32m  OK  [0m] Started [0;1;39mDeferred execution scheduler[0m.
[[0;32m  OK  [0m] Started [0;1;39mCommand Scheduler[0m.
         Starting [0;1;39mHold until boot process finishes up[0m...
         Starting [0;1;39mTerminate Plymouth Boot Screen[0m...
[[0;32m  OK  [0m] Finished [0;1;39mHold until boot process finishes up[0m.
[[0;32m  OK  [0m] Started [0;1;39mGetty on tty1[0m.
[[0;32m  OK  [0m] Started [0;1;39mSerial Getty on ttyS0[0m.
[[0;32m  OK  [0m] Reached target [0;1;39mLogin Prompts[0m.
[[0;32m  OK  [0m] Finished [0;1;39mTerminate Plymouth Boot Screen[0m.
[[0;32m  OK  [0m] Started [0;1;39mVirtualization qemu daemon[0m.
         Starting [0;1;39mAuthorization Manager[0m...
[[0;32m  OK  [0m] Started [0;1;39mAuthorization Manager[0m.
[[0;32m  OK  [0m] Started [0;1;39mDynamic System Tuning Daemon[0m.
[[0;32m  OK  [0m] Reached target [0;1;39mMulti-User System[0m.
         Starting [0;1;39mRecord Runlevel Change in UTMP[0m...
[[0;32m  OK  [0m] Finished [0;1;39mRecord Runlevel Change in UTMP[0m.

CentOS Stream 9
Kernel 6.14.0-b3f9d748911e+ on an x86_64

Activate the web console with: systemctl enable --now cockpit.socket

test login: [   18.858127] loop0: detected capacity change from 0 to 128
[   18.859583] loop2: detected capacity change from 0 to 128
[   18.867056] loop4: detected capacity change from 0 to 128
[   18.878357] loop1: detected capacity change from 0 to 128
[   18.883891] loop3: detected capacity change from 0 to 128
[   18.921967] loop3: detected capacity change from 128 to 0
[   18.922503] 
[   18.922594] ======================================================
[   18.922878] WARNING: possible circular locking dependency detected
[   18.923164] 6.14.0-b3f9d748911e+ #1 Not tainted
[   18.923395] ------------------------------------------------------
[   18.923684] repro/741 is trying to acquire lock:
[   18.923905] ffffffff87e3b6e8 (uevent_sock_mutex){+.+.}-{4:4}, at: kobject_uevent_env+0x92c/0x14a0
[   18.924356] 
[   18.924356] but task is already holding lock:
[   18.924631] ffff8880109fa7a8 (&q->q_usage_counter(io)#20){++++}-{0:0}, at: blk_mq_freeze_queue_nomemsave+0x1f/0x40
[   18.925132] 
[   18.925132] which lock already depends on the new lock.
[   18.925132] 
[   18.925512] 
[   18.925512] the existing dependency chain (in reverse order) is:
[   18.925861] 
[   18.925861] -> #2 (&q->q_usage_counter(io)#20){++++}-{0:0}:
[   18.926201]        blk_alloc_queue+0x64c/0x790
[   18.926429]        blk_mq_alloc_queue+0x18d/0x2a0
[   18.926662]        __blk_mq_alloc_disk+0x34/0x100
[   18.926894]        loop_add+0x4bb/0xbc0
[   18.927106]        loop_init+0x133/0x1a0
[   18.927325]        do_one_initcall+0x114/0x5f0
[   18.927551]        kernel_init_freeable+0xab0/0xeb0
[   18.927797]        kernel_init+0x28/0x2f0
[   18.928006]        ret_from_fork+0x56/0x90
[   18.928218]        ret_from_fork_asm+0x1a/0x30
[   18.928441] 
[   18.928441] -> #1 (fs_reclaim){+.+.}-{0:0}:
[   18.928717]        fs_reclaim_acquire+0x116/0x160
[   18.928955]        kmem_cache_alloc_node_noprof+0x50/0x430
[   18.929222]        __alloc_skb+0x2d8/0x3a0
[   18.929430]        alloc_uevent_skb+0x86/0x230
[   18.929649]        kobject_uevent_env+0xaa3/0x14a0
[   18.929884]        kobject_synth_uevent+0x7d4/0x8a0
[   18.930122]        store_uevent+0x1f/0x40
[   18.930332]        module_attr_store+0x60/0x90
[   18.930553]        sysfs_kf_write+0x11f/0x180
[   18.930773]        kernfs_fop_write_iter+0x40e/0x630
[   18.931009]        vfs_write+0xc60/0x1140
[   18.931211]        ksys_write+0x14f/0x280
[   18.931409]        __x64_sys_write+0x7b/0xc0
[   18.931622]        x64_sys_call+0x16bf/0x2150
[   18.931840]        do_syscall_64+0x6d/0x140
[   18.932047]        entry_SYSCALL_64_after_hwframe+0x76/0x7e
[   18.932324] 
[   18.932324] -> #0 (uevent_sock_mutex){+.+.}-{4:4}:
[   18.932629]        __lock_acquire+0x2ff8/0x5d60
[   18.932861]        lock_acquire+0x1bd/0x550
[   18.933066]        __mutex_lock+0x17c/0x1620
[   18.933284]        mutex_lock_nested+0x1f/0x30
[   18.933506]        kobject_uevent_env+0x92c/0x14a0
[   18.933742]        kobject_uevent+0x24/0x30
[   18.933953]        loop_set_status+0x9b0/0xb70
[   18.934175]        lo_ioctl+0x75f/0x2850
[   18.934374]        blkdev_ioctl+0x2a3/0x6a0
[   18.934585]        __x64_sys_ioctl+0x1ba/0x220
[   18.934815]        x64_sys_call+0x1233/0x2150
[   18.935037]        do_syscall_64+0x6d/0x140
[   18.935247]        entry_SYSCALL_64_after_hwframe+0x76/0x7e
[   18.935512] 
[   18.935512] other info that might help us debug this:
[   18.935512] 
[   18.935880] Chain exists of:
[   18.935880]   uevent_sock_mutex --> fs_reclaim --> &q->q_usage_counter(io)#20
[   18.935880] 
[   18.936420]  Possible unsafe locking scenario:
[   18.936420] 
[   18.936698]        CPU0                    CPU1
[   18.936917]        ----                    ----
[   18.937140]   lock(&q->q_usage_counter(io)#20);
[   18.937374]                                lock(fs_reclaim);
[   18.937646]                                lock(&q->q_usage_counter(io)#20);
[   18.937981]   lock(uevent_sock_mutex);
[   18.938166] 
[   18.938166]  *** DEADLOCK ***
[   18.938166] 
[   18.938447] 3 locks held by repro/741:
[   18.938628]  #0: ffff888010a35b68 (&lo->lo_mutex){+.+.}-{4:4}, at: loop_set_status+0x33/0xb70
[   18.939038]  #1: ffff8880109fa7a8 (&q->q_usage_counter(io)#20){++++}-{0:0}, at: blk_mq_freeze_queue_nomemsave+0x1f/0x40
[   18.939548]  #2: ffff8880109fa7e0 (&q->q_usage_counter(queue)#7){+.+.}-{0:0}, at: blk_mq_freeze_queue_nomemsave+0x1f/0x40
[   18.940068] 
[   18.940068] stack backtrace:
[   18.940292] CPU: 1 UID: 0 PID: 741 Comm: repro Not tainted 6.14.0-b3f9d748911e+ #1
[   18.940299] Hardware name: QEMU Standard PC (i440FX + PIIX, 1996), BIOS rel-1.16.0-0-gd239552ce722-prebuilt.qemu.org 04/01/2014
[   18.940308] Call Trace:
[   18.940316]  <TASK>
[   18.940320]  dump_stack_lvl+0xea/0x150
[   18.940337]  dump_stack+0x19/0x20
[   18.940343]  print_circular_bug+0x47f/0x750
[   18.940360]  check_noncircular+0x2f4/0x3e0
[   18.940372]  ? __pfx_check_noncircular+0x10/0x10
[   18.940387]  ? __kasan_check_write+0x18/0x20
[   18.940401]  ? add_lock_to_list+0x67/0x340
[   18.940413]  __lock_acquire+0x2ff8/0x5d60
[   18.940425]  ? __pfx___lock_acquire+0x10/0x10
[   18.940431]  ? __sanitizer_cov_trace_const_cmp4+0x1a/0x20
[   18.940446]  ? number+0x995/0xca0
[   18.940460]  lock_acquire+0x1bd/0x550
[   18.940466]  ? kobject_uevent_env+0x92c/0x14a0
[   18.940477]  ? __pfx_lock_acquire+0x10/0x10
[   18.940491]  __mutex_lock+0x17c/0x1620
[   18.940499]  ? kobject_uevent_env+0x92c/0x14a0
[   18.940509]  ? kobject_uevent_env+0x92c/0x14a0
[   18.940520]  ? __pfx___mutex_lock+0x10/0x10
[   18.940530]  ? __sanitizer_cov_trace_cmp8+0x1c/0x30
[   18.940540]  ? add_uevent_var+0x239/0x310
[   18.940550]  ? __pfx_add_uevent_var+0x10/0x10
[   18.940564]  mutex_lock_nested+0x1f/0x30
[   18.940572]  ? mutex_lock_nested+0x1f/0x30
[   18.940581]  kobject_uevent_env+0x92c/0x14a0
[   18.940594]  kobject_uevent+0x24/0x30
[   18.940603]  loop_set_status+0x9b0/0xb70
[   18.940614]  lo_ioctl+0x75f/0x2850
[   18.940627]  ? __pfx___lock_acquire+0x10/0x10
[   18.940637]  ? __pfx_lo_ioctl+0x10/0x10
[   18.940647]  ? __kasan_check_read+0x15/0x20
[   18.940656]  ? mark_lock.part.0+0xf3/0x17b0
[   18.940661]  ? mark_lock.part.0+0xf3/0x17b0
[   18.940671]  ? __pfx_mark_lock.part.0+0x10/0x10
[   18.940677]  ? __pfx_mark_lock.part.0+0x10/0x10
[   18.940683]  ? __pfx_lock_release+0x10/0x10
[   18.940689]  ? __sanitizer_cov_trace_const_cmp4+0x1a/0x20
[   18.940708]  ? __sanitizer_cov_trace_switch+0x58/0xa0
[   18.940719]  ? blkdev_common_ioctl+0x1cb/0x2130
[   18.940729]  ? __sanitizer_cov_trace_switch+0x58/0xa0
[   18.940741]  ? __pfx_blkdev_common_ioctl+0x10/0x10
[   18.940752]  ? __pfx_do_vfs_ioctl+0x10/0x10
[   18.940765]  ? __this_cpu_preempt_check+0x21/0x30
[   18.940774]  ? lock_release+0x441/0x870
[   18.940785]  ? __pfx_lo_ioctl+0x10/0x10
[   18.940794]  blkdev_ioctl+0x2a3/0x6a0
[   18.940804]  ? __pfx_blkdev_ioctl+0x10/0x10
[   18.940813]  ? ktime_get_coarse_real_ts64+0xb6/0x100
[   18.940830]  ? __pfx_blkdev_ioctl+0x10/0x10
[   18.940840]  __x64_sys_ioctl+0x1ba/0x220
[   18.940852]  x64_sys_call+0x1233/0x2150
[   18.940861]  do_syscall_64+0x6d/0x140
[   18.940869]  entry_SYSCALL_64_after_hwframe+0x76/0x7e
[   18.940878] RIP: 0033:0x7f68d803ee5d
[   18.940890] Code: ff c3 66 2e 0f 1f 84 00 00 00 00 00 90 f3 0f 1e fa 48 89 f8 48 89 f7 48 89 d6 48 89 ca 4d 89 c2 4d 89 c8 4c 8b 4c 24 08 0f 05 <48> 3d 01 f0 ff ff 73 01 c3 48 8b 0d 93 af 1b 00 f7 d8 64 89 01 48
[   18.940896] RSP: 002b:00007ffe960f5008 EFLAGS: 00000283 ORIG_RAX: 0000000000000010
[   18.940906] RAX: ffffffffffffffda RBX: 0000000000000000 RCX: 00007f68d803ee5d
[   18.940910] RDX: 00000000200018c0 RSI: 0000000000004c04 RDI: 0000000000000003
[   18.940914] RBP: 00007ffe960f5020 R08: 0023706f6f6c2f76 R09: 00007ffe960f5020
[   18.940919] R10: 000000000000000f R11: 0000000000000283 R12: 00007ffe960f5178
[   18.940923] R13: 000000000040345d R14: 0000000000412e08 R15: 00007f68d838b000
[   18.940933]  </TASK>
[   18.944345] repro: attempt to access beyond end of device
[   18.944345] loop3: rw=0, sector=1, nr_sectors = 1 limit=0
[   18.951913] loop5: detected capacity change from 0 to 128
[   18.973766] loop6: detected capacity change from 0 to 128
[   18.977522] FAT-fs (loop3): bread failed, FSINFO block (sector = 1)
[   19.041484] loop7: detected capacity change from 0 to 128
