c[?7l[2J[0mSeaBIOS (version rel-1.16.0-0-gd239552ce722-prebuilt.qemu.org)


iPXE (http://ipxe.org) 00:03.0 CA00 PCI2.10 PnP PMM+7FF91000+7FEF1000 CA00
Press Ctrl-B to configure iPXE (PCI 00:03.0)...                                                                               


Booting from ROM..c[?7l[2J[    0.000000] Linux version 6.11.0-rc4-0aa04373bca5+ (root@p-adls01) (gcc (GCC) 11.5.0 20240719 (Red Hat 11.5.0-2), GNU ld version 2.35.2-54.el9) #1 SMP PREEMPT_DYNAMIC Sat Oct 19 01:08:41 CST 2024
[    0.000000] Command line: console=ttyS0 root=/dev/sda earlyprintk=serial net.ifnames=0 plymouth.enable=0
[    0.000000] KERNEL supported cpus:
[    0.000000]   Intel GenuineIntel
[    0.000000]   AMD AuthenticAMD
[    0.000000]   Hygon HygonGenuine
[    0.000000]   Centaur CentaurHauls
[    0.000000]   zhaoxin   Shanghai  
[    0.000000] BIOS-provided physical RAM map:
[    0.000000] BIOS-e820: [mem 0x0000000000000000-0x000000000009fbff] usable
[    0.000000] BIOS-e820: [mem 0x000000000009fc00-0x000000000009ffff] reserved
[    0.000000] BIOS-e820: [mem 0x00000000000f0000-0x00000000000fffff] reserved
[    0.000000] BIOS-e820: [mem 0x0000000000100000-0x000000007ffdffff] usable
[    0.000000] BIOS-e820: [mem 0x000000007ffe0000-0x000000007fffffff] reserved
[    0.000000] BIOS-e820: [mem 0x00000000feffc000-0x00000000feffffff] reserved
[    0.000000] BIOS-e820: [mem 0x00000000fffc0000-0x00000000ffffffff] reserved
[    0.000000] printk: legacy bootconsole [earlyser0] enabled
[    0.000000] NX (Execute Disable) protection: active
[    0.000000] APIC: Static calls initialized
[    0.000000] SMBIOS 2.8 present.
[    0.000000] DMI: QEMU Standard PC (i440FX + PIIX, 1996), BIOS rel-1.16.0-0-gd239552ce722-prebuilt.qemu.org 04/01/2014
[    0.000000] DMI: Memory slots populated: 1/1
[    0.000000] Hypervisor detected: KVM
[    0.000000] kvm-clock: Using msrs 4b564d01 and 4b564d00
[    0.000002] kvm-clock: using sched offset of 688786563 cycles
[    0.000379] clocksource: kvm-clock: mask: 0xffffffffffffffff max_cycles: 0x1cd42e4dffb, max_idle_ns: 881590591483 ns
[    0.001554] tsc: Detected 3609.600 MHz processor
[    0.008314] last_pfn = 0x7ffe0 max_arch_pfn = 0x400000000
[    0.008777] MTRR map: 4 entries (3 fixed + 1 variable; max 19), built from 8 variable MTRRs
[    0.009377] x86/PAT: Configuration [0-7]: WB  WC  UC- UC  WB  WP  UC- WT  
[    0.018734] found SMP MP-table at [mem 0x000f5ba0-0x000f5baf]
[    0.019201] Using GB pages for direct mapping
[    0.021947] ACPI: Early table checksum verification disabled
[    0.022388] ACPI: RSDP 0x00000000000F59C0 000014 (v00 BOCHS )
[    0.022815] ACPI: RSDT 0x000000007FFE1951 000034 (v01 BOCHS  BXPC     00000001 BXPC 00000001)
[    0.023440] ACPI: FACP 0x000000007FFE17FD 000074 (v01 BOCHS  BXPC     00000001 BXPC 00000001)
[    0.024068] ACPI: DSDT 0x000000007FFE0040 0017BD (v01 BOCHS  BXPC     00000001 BXPC 00000001)
[    0.024692] ACPI: FACS 0x000000007FFE0000 000040
[    0.025035] ACPI: APIC 0x000000007FFE1871 000080 (v01 BOCHS  BXPC     00000001 BXPC 00000001)
[    0.025658] ACPI: HPET 0x000000007FFE18F1 000038 (v01 BOCHS  BXPC     00000001 BXPC 00000001)
[    0.026278] ACPI: WAET 0x000000007FFE1929 000028 (v01 BOCHS  BXPC     00000001 BXPC 00000001)
[    0.026898] ACPI: Reserving FACP table memory at [mem 0x7ffe17fd-0x7ffe1870]
[    0.027403] ACPI: Reserving DSDT table memory at [mem 0x7ffe0040-0x7ffe17fc]
[    0.027907] ACPI: Reserving FACS table memory at [mem 0x7ffe0000-0x7ffe003f]
[    0.028411] ACPI: Reserving APIC table memory at [mem 0x7ffe1871-0x7ffe18f0]
[    0.028918] ACPI: Reserving HPET table memory at [mem 0x7ffe18f1-0x7ffe1928]
[    0.029422] ACPI: Reserving WAET table memory at [mem 0x7ffe1929-0x7ffe1950]
[    0.030361] No NUMA configuration found
[    0.030639] Faking a node at [mem 0x0000000000000000-0x000000007ffdffff]
[    0.031140] NODE_DATA(0) allocated [mem 0x7ffb4e00-0x7ffdfdff]
[    0.033115] Zone ranges:
[    0.033303]   DMA      [mem 0x0000000000001000-0x0000000000ffffff]
[    0.033748]   DMA32    [mem 0x0000000001000000-0x000000007ffdffff]
[    0.034193]   Normal   empty
[    0.034403]   Device   empty
[    0.034614] Movable zone start for each node
[    0.034924] Early memory node ranges
[    0.035180]   node   0: [mem 0x0000000000001000-0x000000000009efff]
[    0.035630]   node   0: [mem 0x0000000000100000-0x000000007ffdffff]
[    0.036080] Initmem setup node 0 [mem 0x0000000000001000-0x000000007ffdffff]
[    0.036938] On node 0, zone DMA: 1 pages in unavailable ranges
[    0.037662] On node 0, zone DMA: 97 pages in unavailable ranges
[    0.078825] On node 0, zone DMA32: 32 pages in unavailable ranges
[    0.310489] kasan: KernelAddressSanitizer initialized
[    0.311129] ACPI: PM-Timer IO Port: 0x608
[    0.311443] ACPI: LAPIC_NMI (acpi_id[0xff] dfl dfl lint[0x1])
[    0.311910] IOAPIC[0]: apic_id 0, version 17, address 0xfec00000, GSI 0-23
[    0.312431] ACPI: INT_SRC_OVR (bus 0 bus_irq 0 global_irq 2 dfl dfl)
[    0.312889] ACPI: INT_SRC_OVR (bus 0 bus_irq 5 global_irq 5 high level)
[    0.313363] ACPI: INT_SRC_OVR (bus 0 bus_irq 9 global_irq 9 high level)
[    0.313837] ACPI: INT_SRC_OVR (bus 0 bus_irq 10 global_irq 10 high level)
[    0.314324] ACPI: INT_SRC_OVR (bus 0 bus_irq 11 global_irq 11 high level)
[    0.314820] ACPI: Using ACPI (MADT) for SMP configuration information
[    0.315280] ACPI: HPET id: 0x8086a201 base: 0xfed00000
[    0.315655] TSC deadline timer available
[    0.315940] CPU topo: Max. logical packages:   1
[    0.316270] CPU topo: Max. logical dies:       1
[    0.316602] CPU topo: Max. dies per package:   1
[    0.316936] CPU topo: Max. threads per core:   1
[    0.317266] CPU topo: Num. cores per package:     2
[    0.317614] CPU topo: Num. threads per package:   2
[    0.317962] CPU topo: Allowing 2 present CPUs plus 0 hotplug CPUs
[    0.318437] kvm-guest: APIC: eoi() replaced with kvm_guest_apic_eoi_write()
[    0.318952] kvm-guest: KVM setup pv remote TLB flush
[    0.319308] kvm-guest: setup PV sched yield
[    0.319643] PM: hibernation: Registered nosave memory: [mem 0x00000000-0x00000fff]
[    0.320187] PM: hibernation: Registered nosave memory: [mem 0x0009f000-0x0009ffff]
[    0.320729] PM: hibernation: Registered nosave memory: [mem 0x000a0000-0x000effff]
[    0.321268] PM: hibernation: Registered nosave memory: [mem 0x000f0000-0x000fffff]
[    0.321809] [mem 0x80000000-0xfeffbfff] available for PCI devices
[    0.322245] Booting paravirtualized kernel on KVM
[    0.322585] clocksource: refined-jiffies: mask: 0xffffffff max_cycles: 0xffffffff, max_idle_ns: 7645519600211568 ns
[    0.323338] setup_percpu: NR_CPUS:8192 nr_cpumask_bits:2 nr_cpu_ids:2 nr_node_ids:1
[    0.325106] percpu: Embedded 85 pages/cpu s311296 r8192 d28672 u1048576
[    0.325730] kvm-guest: PV spinlocks enabled
[    0.326041] PV qspinlock hash table entries: 256 (order: 0, 4096 bytes, linear)
[    0.326574] Kernel command line: net.ifnames=0 console=ttyS0 root=/dev/sda earlyprintk=serial net.ifnames=0 plymouth.enable=0
[    0.327609] random: crng init done
[    0.329050] Dentry cache hash table entries: 262144 (order: 9, 2097152 bytes, linear)
[    0.330305] Inode-cache hash table entries: 131072 (order: 8, 1048576 bytes, linear)
[    0.331115] Fallback order for Node 0: 0 
[    0.331125] Built 1 zonelists, mobility grouping on.  Total pages: 524158
[    0.331867] Policy zone: DMA32
[    0.332081] mem auto-init: stack:off, heap alloc:off, heap free:off
[    0.332516] stackdepot: allocating hash table via alloc_large_system_hash
[    0.332988] stackdepot hash table entries: 1048576 (order: 12, 16777216 bytes, linear)
[    0.398556] SLUB: HWalign=64, Order=0-3, MinObjects=0, CPUs=2, Nodes=1
[    0.399038] kmemleak: Kernel memory leak detector disabled
[    0.399579] ftrace: allocating 72137 entries in 282 pages
[    0.420645] ftrace: allocated 282 pages with 4 groups
[    0.424270] Dynamic Preempt: voluntary
[    0.425205] Running RCU self tests
[    0.425444] Running RCU synchronous self tests
[    0.425760] rcu: Preemptible hierarchical RCU implementation.
[    0.426154] rcu: 	RCU lockdep checking is enabled.
[    0.426482] rcu: 	RCU restricting CPUs from NR_CPUS=8192 to nr_cpu_ids=2.
[    0.426949] 	Trampoline variant of Tasks RCU enabled.
[    0.427296] 	Rude variant of Tasks RCU enabled.
[    0.427609] 	Tracing variant of Tasks RCU enabled.
[    0.427938] rcu: RCU calculated value of scheduler-enlistment delay is 25 jiffies.
[    0.428460] rcu: Adjusting geometry for rcu_fanout_leaf=16, nr_cpu_ids=2
[    0.428987] Running RCU synchronous self tests
[    0.429295] RCU Tasks: Setting shift to 1 and lim to 1 rcu_task_cb_adjust=1.
[    0.429780] RCU Tasks Rude: Setting shift to 1 and lim to 1 rcu_task_cb_adjust=1.
[    0.430295] RCU Tasks Trace: Setting shift to 1 and lim to 1 rcu_task_cb_adjust=1.
[    0.474404] NR_IRQS: 524544, nr_irqs: 440, preallocated irqs: 16
[    0.475504] rcu: srcu_init: Setting srcu_struct sizes based on contention.
[    0.482636] Console: colour VGA+ 80x25
[    0.482990] printk: legacy console [ttyS0] enabled
[    0.482990] printk: legacy console [ttyS0] enabled
[    0.483674] printk: legacy bootconsole [earlyser0] disabled
[    0.483674] printk: legacy bootconsole [earlyser0] disabled
[    0.484481] Lock dependency validator: Copyright (c) 2006 Red Hat, Inc., Ingo Molnar
[    0.485029] ... MAX_LOCKDEP_SUBCLASSES:  8
[    0.485325] ... MAX_LOCK_DEPTH:          48
[    0.485626] ... MAX_LOCKDEP_KEYS:        8192
[    0.485940] ... CLASSHASH_SIZE:          4096
[    0.486253] ... MAX_LOCKDEP_ENTRIES:     524288
[    0.486578] ... MAX_LOCKDEP_CHAINS:      524288
[    0.486903] ... CHAINHASH_SIZE:          262144
[    0.487229]  memory used by lock dependency info: 54145 kB
[    0.487620]  memory used for stack traces: 4224 kB
[    0.487963]  per task-struct memory footprint: 1920 bytes
[    0.488463] ACPI: Core revision 20240322
[    0.489285] clocksource: hpet: mask: 0xffffffff max_cycles: 0xffffffff, max_idle_ns: 19112604467 ns
[    0.490148] APIC: Switch to symmetric I/O mode setup
[    0.490647] x2apic enabled
[    0.491194] APIC: Switched APIC routing to: physical x2apic
[    0.491598] kvm-guest: APIC: send_IPI_mask() replaced with kvm_send_ipi_mask()
[    0.492118] kvm-guest: APIC: send_IPI_mask_allbutself() replaced with kvm_send_ipi_mask_allbutself()
[    0.492767] kvm-guest: setup PV IPIs
[    0.494175] ..TIMER: vector=0x30 apic1=0 pin1=2 apic2=-1 pin2=-1
[    0.494625] clocksource: tsc-early: mask: 0xffffffffffffffff max_cycles: 0x3407c077a8d, max_idle_ns: 440795342283 ns
[    0.495385] Calibrating delay loop (skipped) preset value.. 7219.20 BogoMIPS (lpj=14438400)
[    0.496070] x86/cpu: User Mode Instruction Prevention (UMIP) activated
[    0.496629] Last level iTLB entries: 4KB 0, 2MB 0, 4MB 0
[    0.497009] Last level dTLB entries: 4KB 0, 2MB 0, 4MB 0, 1GB 0
[    0.497444] Spectre V1 : Mitigation: usercopy/swapgs barriers and __user pointer sanitization
[    0.499417] Spectre V2 : WARNING: Unprivileged eBPF is enabled with eIBRS on, data leaks possible via Spectre v2 BHB attacks!
[    0.500207] Spectre V2 : Spectre BHI mitigation: SW BHB clearing on syscall and VM exit
[    0.500772] Spectre V2 : Mitigation: Enhanced / Automatic IBRS
[    0.501189] Spectre V2 : Spectre v2 / SpectreRSB mitigation: Filling RSB on context switch
[    0.501779] Spectre V2 : Spectre v2 / PBRSB-eIBRS: Retire a single CALL on VMEXIT
[    0.502314] Spectre V2 : mitigation: Enabling conditional Indirect Branch Prediction Barrier
[    0.502915] Speculative Store Bypass: Mitigation: Speculative Store Bypass disabled via prctl
[    0.503378] Register File Data Sampling: Vulnerable: No microcode
[    0.503881] x86/fpu: Supporting XSAVE feature 0x001: 'x87 floating point registers'
[    0.504480] x86/fpu: Supporting XSAVE feature 0x002: 'SSE registers'
[    0.504979] x86/fpu: Supporting XSAVE feature 0x004: 'AVX registers'
[    0.505486] x86/fpu: Supporting XSAVE feature 0x200: 'Protection Keys User registers'
[    0.506098] x86/fpu: xstate_offset[2]:  576, xstate_sizes[2]:  256
[    0.506585] x86/fpu: xstate_offset[9]:  832, xstate_sizes[9]:    8
[    0.507377] x86/fpu: Enabled xstate features 0x207, context size is 840 bytes, using 'compacted' format.
[    0.631751] Freeing SMP alternatives memory: 56K
[    0.632149] pid_max: default: 32768 minimum: 301
[    0.632761] LSM: initializing lsm=capability,yama,ima,evm
[    0.633204] Yama: becoming mindful.
[    0.633861] Mount-cache hash table entries: 4096 (order: 3, 32768 bytes, linear)
[    0.634413] Mountpoint-cache hash table entries: 4096 (order: 3, 32768 bytes, linear)
[    0.637417] Running RCU synchronous self tests
[    0.637780] Running RCU synchronous self tests
[    0.639713] smpboot: CPU0: 12th Gen Intel(R) Core(TM) i7-12700K (family: 0x6, model: 0x97, stepping: 0x2)
[    0.641448] Running RCU Tasks wait API self tests
[    0.743474] Running RCU Tasks Rude wait API self tests
[    0.743972] Running RCU Tasks Trace wait API self tests
[    0.744417] Performance Events: unsupported p6 CPU model 151 no PMU driver, software events only.
[    0.745158] signal: max sigframe size: 3632
[    0.745668] rcu: Hierarchical SRCU implementation.
[    0.746030] rcu: 	Max phase no-delay instances is 1000.
[    0.746654] Timer migration: 1 hierarchy levels; 8 children per group; 1 crossnode level
[    0.750890] NMI watchdog: Perf NMI watchdog permanently disabled
[    0.751404] Callback from call_rcu_tasks_trace() invoked.
[    0.752010] smp: Bringing up secondary CPUs ...
[    0.753098] smpboot: x86: Booting SMP configuration:
[    0.753492] .... node  #0, CPUs:      #1
[    0.755430] smp: Brought up 1 node, 2 CPUs
[    0.756051] smpboot: Total of 2 processors activated (14438.40 BogoMIPS)
[    0.756693] Memory: 1556820K/2096632K available (75776K kernel code, 14451K rwdata, 17188K rodata, 15328K init, 68232K bss, 532604K reserved, 0K cma-reserved)
[    0.759785] devtmpfs: initialized
[    0.760108] x86/mm: Memory block size: 128MB
[    0.770016] Running RCU synchronous self tests
[    0.770016] Running RCU synchronous self tests
[    0.771411] clocksource: jiffies: mask: 0xffffffff max_cycles: 0xffffffff, max_idle_ns: 7645041785100000 ns
[    0.772110] futex hash table entries: 512 (order: 4, 65536 bytes, linear)
[    0.773167] pinctrl core: initialized pinctrl subsystem
[    0.773167] 
[    0.773167] *************************************************************
[    0.775383] **     NOTICE NOTICE NOTICE NOTICE NOTICE NOTICE NOTICE    **
[    0.776024] **                                                         **
[    0.776024] **  IOMMU DebugFS SUPPORT HAS BEEN ENABLED IN THIS KERNEL  **
[    0.776024] **                                                         **
[    0.776024] ** This means that this kernel is built to expose internal **
[    0.776024] ** IOMMU data structures, which may compromise security on **
[    0.776024] ** your system.                                            **
[    0.776024] **                                                         **
[    0.776381] ** If you see this message and you are not debugging the   **
[    0.776877] ** kernel, report this immediately to your vendor!         **
[    0.777373] **                                                         **
[    0.777868] **     NOTICE NOTICE NOTICE NOTICE NOTICE NOTICE NOTICE    **
[    0.778365] *************************************************************
[    0.778921] PM: RTC time: 17:12:03, date: 2024-10-18
[    0.782411] NET: Registered PF_NETLINK/PF_ROUTE protocol family
[    0.784294] DMA: preallocated 256 KiB GFP_KERNEL pool for atomic allocations
[    0.784839] DMA: preallocated 256 KiB GFP_KERNEL|GFP_DMA pool for atomic allocations
[    0.785423] DMA: preallocated 256 KiB GFP_KERNEL|GFP_DMA32 pool for atomic allocations
[    0.786119] audit: initializing netlink subsys (disabled)
[    0.787463] audit: type=2000 audit(1729271523.754:1): state=initialized audit_enabled=0 res=1
[    0.792844] thermal_sys: Registered thermal governor 'fair_share'
[    0.792853] thermal_sys: Registered thermal governor 'bang_bang'
[    0.793333] thermal_sys: Registered thermal governor 'step_wise'
[    0.793789] thermal_sys: Registered thermal governor 'user_space'
[    0.794328] cpuidle: using governor ladder
[    0.794328] cpuidle: using governor menu
[    0.795684] acpiphp: ACPI Hot Plug PCI Controller Driver version: 0.5
[    0.797787] PCI: Using configuration type 1 for base access
[    0.798503] kprobes: kprobe jump-optimization is enabled. All kprobes are optimized if possible.
[    0.902982] Callback from call_rcu_tasks_rude() invoked.
[    0.903838] HugeTLB: registered 1.00 GiB page size, pre-allocated 0 pages
[    0.904356] HugeTLB: 16380 KiB vmemmap can be freed for a 1.00 GiB page
[    0.904843] HugeTLB: registered 2.00 MiB page size, pre-allocated 0 pages
[    0.905339] HugeTLB: 28 KiB vmemmap can be freed for a 2.00 MiB page
[    0.913331] ACPI: Added _OSI(Module Device)
[    0.913686] ACPI: Added _OSI(Processor Device)
[    0.914025] ACPI: Added _OSI(3.0 _SCP Extensions)
[    0.914381] ACPI: Added _OSI(Processor Aggregator Device)
[    0.943391] ACPI: 1 ACPI AML tables successfully acquired and loaded
[    0.957410] ACPI: Interpreter enabled
[    0.957896] ACPI: PM: (supports S0 S3 S4 S5)
[    0.958226] ACPI: Using IOAPIC for interrupt routing
[    0.958733] PCI: Using host bridge windows from ACPI; if necessary, use "pci=nocrs" and report a bug
[    0.959376] PCI: Using E820 reservations for host bridge windows
[    0.961664] ACPI: Enabled 2 GPEs in block 00 to 0F
[    1.023236] ACPI: PCI Root Bridge [PCI0] (domain 0000 [bus 00-ff])
[    1.023405] acpi PNP0A03:00: _OSC: OS supports [ASPM ClockPM Segments MSI EDR HPX-Type3]
[    1.024001] acpi PNP0A03:00: _OSC: not requesting OS control; OS requires [ExtendedConfig ASPM ClockPM MSI]
[    1.024988] acpi PNP0A03:00: fail to add MMCONFIG information, can't access extended configuration space under this bridge
[    1.033347] acpiphp: Slot [3] registered
[    1.033881] acpiphp: Slot [4] registered
[    1.034398] acpiphp: Slot [5] registered
[    1.034935] acpiphp: Slot [6] registered
[    1.035478] acpiphp: Slot [7] registered
[    1.035997] acpiphp: Slot [8] registered
[    1.036511] acpiphp: Slot [9] registered
[    1.037026] acpiphp: Slot [10] registered
[    1.037565] acpiphp: Slot [11] registered
[    1.038090] acpiphp: Slot [12] registered
[    1.038617] acpiphp: Slot [13] registered
[    1.039147] acpiphp: Slot [14] registered
[    1.039628] acpiphp: Slot [15] registered
[    1.040158] acpiphp: Slot [16] registered
[    1.040690] acpiphp: Slot [17] registered
[    1.041212] acpiphp: Slot [18] registered
[    1.041750] acpiphp: Slot [19] registered
[    1.042272] acpiphp: Slot [20] registered
[    1.042799] acpiphp: Slot [21] registered
[    1.043325] acpiphp: Slot [22] registered
[    1.043622] acpiphp: Slot [23] registered
[    1.044148] acpiphp: Slot [24] registered
[    1.044673] acpiphp: Slot [25] registered
[    1.045194] acpiphp: Slot [26] registered
[    1.045738] acpiphp: Slot [27] registered
[    1.046259] acpiphp: Slot [28] registered
[    1.046785] acpiphp: Slot [29] registered
[    1.047311] acpiphp: Slot [30] registered
[    1.047615] acpiphp: Slot [31] registered
[    1.048037] PCI host bridge to bus 0000:00
[    1.048455] pci_bus 0000:00: root bus resource [io  0x0000-0x0cf7 window]
[    1.048961] pci_bus 0000:00: root bus resource [io  0x0d00-0xffff window]
[    1.049466] pci_bus 0000:00: root bus resource [mem 0x000a0000-0x000bffff window]
[    1.050011] pci_bus 0000:00: root bus resource [mem 0x80000000-0xfebfffff window]
[    1.050560] pci_bus 0000:00: root bus resource [mem 0x100000000-0x17fffffff window]
[    1.051118] pci_bus 0000:00: root bus resource [bus 00-ff]
[    1.051525] pci 0000:00:00.0: [8086:1237] type 00 class 0x060000 conventional PCI endpoint
[    1.071265] pci 0000:00:01.0: [8086:7000] type 00 class 0x060100 conventional PCI endpoint
[    1.073296] pci 0000:00:01.1: [8086:7010] type 00 class 0x010180 conventional PCI endpoint
[    1.075191] pci 0000:00:01.1: BAR 4 [io  0xc040-0xc04f]
[    1.075863] pci 0000:00:01.1: BAR 0 [io  0x01f0-0x01f7]: legacy IDE quirk
[    1.076359] pci 0000:00:01.1: BAR 1 [io  0x03f6]: legacy IDE quirk
[    1.076806] pci 0000:00:01.1: BAR 2 [io  0x0170-0x0177]: legacy IDE quirk
[    1.077295] pci 0000:00:01.1: BAR 3 [io  0x0376]: legacy IDE quirk
[    1.078369] pci 0000:00:01.3: [8086:7113] type 00 class 0x068000 conventional PCI endpoint
[    1.079302] pci 0000:00:01.3: quirk: [io  0x0600-0x063f] claimed by PIIX4 ACPI
[    1.079382] pci 0000:00:01.3: quirk: [io  0x0700-0x070f] claimed by PIIX4 SMB
[    1.080476] pci 0000:00:02.0: [1234:1111] type 00 class 0x030000 conventional PCI endpoint
[    1.091767] pci 0000:00:02.0: BAR 0 [mem 0xfd000000-0xfdffffff pref]
[    1.093961] pci 0000:00:02.0: BAR 2 [mem 0xfebf0000-0xfebf0fff]
[    1.097387] pci 0000:00:02.0: ROM [mem 0xfebe0000-0xfebeffff pref]
[    1.098220] pci 0000:00:02.0: Video device with shadowed ROM at [mem 0x000c0000-0x000dffff]
[    1.118471] pci 0000:00:03.0: [8086:100e] type 00 class 0x020000 conventional PCI endpoint
[    1.119626] pci 0000:00:03.0: BAR 0 [mem 0xfebc0000-0xfebdffff]
[    1.120549] pci 0000:00:03.0: BAR 1 [io  0xc000-0xc03f]
[    1.123293] pci 0000:00:03.0: ROM [mem 0xfeb80000-0xfebbffff pref]
[    1.155821] ACPI: PCI: Interrupt link LNKA configured for IRQ 10
[    1.158223] ACPI: PCI: Interrupt link LNKB configured for IRQ 10
[    1.160521] ACPI: PCI: Interrupt link LNKC configured for IRQ 11
[    1.162736] ACPI: PCI: Interrupt link LNKD configured for IRQ 11
[    1.163911] ACPI: PCI: Interrupt link LNKS configured for IRQ 9
[    1.171370] iommu: Default domain type: Translated
[    1.171370] iommu: DMA domain TLB invalidation policy: lazy mode
[    1.175378] SCSI subsystem initialized
[    1.175378] ACPI: bus type USB registered
[    1.175378] usbcore: registered new interface driver usbfs
[    1.175378] usbcore: registered new interface driver hub
[    1.175461] usbcore: registered new device driver usb
[    1.176173] pps_core: LinuxPPS API ver. 1 registered
[    1.176550] pps_core: Software ver. 5.3.6 - Copyright 2005-2007 Rodolfo Giometti <giometti@linux.it>
[    1.177302] PTP clock support registered
[    1.179370] EDAC MC: Ver: 3.0.0
[    1.182478] NetLabel: Initializing
[    1.182760] NetLabel:  domain hash size = 128
[    1.183088] NetLabel:  protocols = UNLABELED CIPSOv4 CALIPSO
[    1.183610] NetLabel:  unlabeled traffic allowed by default
[    1.184854] PCI: Using ACPI for IRQ routing
[    1.185587] pci 0000:00:02.0: vgaarb: setting as boot VGA device
[    1.186060] pci 0000:00:02.0: vgaarb: bridge control possible
[    1.186489] pci 0000:00:02.0: vgaarb: VGA device added: decodes=io+mem,owns=io+mem,locks=none
[    1.187119] vgaarb: loaded
[    1.187957] hpet0: at MMIO 0xfed00000, IRQs 2, 8, 0
[    1.188348] hpet0: 3 comparators, 64-bit 100.000000 MHz counter
[    1.205421] clocksource: Switched to clocksource kvm-clock
[    1.211113] VFS: Disk quotas dquot_6.6.0
[    1.211617] VFS: Dquot-cache hash table entries: 512 (order 0, 4096 bytes)
[    1.214441] pnp: PnP ACPI init
[    1.220730] pnp: PnP ACPI: found 6 devices
[    1.243418] clocksource: acpi_pm: mask: 0xffffff max_cycles: 0xffffff, max_idle_ns: 2085701024 ns
[    1.244695] NET: Registered PF_INET protocol family
[    1.245461] IP idents hash table entries: 32768 (order: 6, 262144 bytes, linear)
[    1.247678] tcp_listen_portaddr_hash hash table entries: 1024 (order: 4, 73728 bytes, linear)
[    1.248378] Table-perturb hash table entries: 65536 (order: 6, 262144 bytes, linear)
[    1.249022] TCP established hash table entries: 16384 (order: 5, 131072 bytes, linear)
[    1.250028] TCP bind hash table entries: 16384 (order: 9, 2359296 bytes, linear)
[    1.252641] TCP: Hash tables configured (established 16384 bind 16384)
[    1.253332] UDP hash table entries: 1024 (order: 5, 163840 bytes, linear)
[    1.253983] UDP-Lite hash table entries: 1024 (order: 5, 163840 bytes, linear)
[    1.254964] NET: Registered PF_UNIX/PF_LOCAL protocol family
[    1.256538] RPC: Registered named UNIX socket transport module.
[    1.257004] RPC: Registered udp transport module.
[    1.257354] RPC: Registered tcp transport module.
[    1.257703] RPC: Registered tcp-with-tls transport module.
[    1.258112] RPC: Registered tcp NFSv4.1 backchannel transport module.
[    1.258604] pci_bus 0000:00: resource 4 [io  0x0000-0x0cf7 window]
[    1.259066] pci_bus 0000:00: resource 5 [io  0x0d00-0xffff window]
[    1.259541] pci_bus 0000:00: resource 6 [mem 0x000a0000-0x000bffff window]
[    1.260050] pci_bus 0000:00: resource 7 [mem 0x80000000-0xfebfffff window]
[    1.260558] pci_bus 0000:00: resource 8 [mem 0x100000000-0x17fffffff window]
[    1.261563] pci 0000:00:01.0: PIIX3: Enabling Passive Release
[    1.262002] pci 0000:00:00.0: Limiting direct PCI/PCI transfers
[    1.262521] PCI: CLS 0 bytes, default 64
[    1.262951] ACPI: bus type thunderbolt registered
[    1.263685] clocksource: tsc: mask: 0xffffffffffffffff max_cycles: 0x3407c077a8d, max_idle_ns: 440795342283 ns
[    2.980766] Initialise system trusted keyrings
[    2.981283] Key type blacklist registered
[    2.981996] workingset: timestamp_bits=36 max_order=19 bucket_order=0
[    2.982554] zbud: loaded
[    2.985328] squashfs: version 4.0 (2009/01/31) Phillip Lougher
[    2.988501] NFS: Registering the id_resolver key type
[    2.988924] Key type id_resolver registered
[    2.989251] Key type id_legacy registered
[    2.989627] nfs4filelayout_init: NFSv4 File Layout Driver Registering...
[    2.990192] nfs4flexfilelayout_init: NFSv4 Flexfile Layout Driver Registering...
[    2.991149] fuse: init (API version 7.40)
[    2.992165] SGI XFS with ACLs, security attributes, realtime, quota, no debug enabled
[    2.994450] 9p: Installing v9fs 9p2000 file system support
[    3.006476] Key type asymmetric registered
[    3.006836] Asymmetric key parser 'x509' registered
[    3.007395] Block layer SCSI generic (bsg) driver version 0.4 loaded (major 243)
[    3.008549] io scheduler mq-deadline registered
[    3.008999] io scheduler bfq registered
[    3.010386] shpchp: Standard Hot Plug PCI Controller Driver version: 0.4
[    3.011967] IPMI message handler: version 39.2
[    3.012428] ipmi device interface
[    3.014837] input: Power Button as /devices/LNXSYSTM:00/LNXPWRBN:00/input/input0
[    3.016181] ACPI: button: Power Button [PWRF]
[    3.018544] ERST DBG: ERST support is disabled.
[    3.020436] Serial: 8250/16550 driver, 32 ports, IRQ sharing enabled
[    3.022642] 00:04: ttyS0 at I/O 0x3f8 (irq = 4, base_baud = 115200) is a 16550A
[    3.031478] Callback from call_rcu_tasks() invoked.
[    3.059774] Linux agpgart interface v0.103
[    3.062604] ACPI: bus type drm_connector registered
[    3.089066] brd: module loaded
[    3.106086] loop: module loaded
[    3.117858] scsi host0: ata_piix
[    3.119644] scsi host1: ata_piix
[    3.120538] ata1: PATA max MWDMA2 cmd 0x1f0 ctl 0x3f6 bmdma 0xc040 irq 14 lpm-pol 0
[    3.121098] ata2: PATA max MWDMA2 cmd 0x170 ctl 0x376 bmdma 0xc048 irq 15 lpm-pol 0
[    3.124776] tun: Universal TUN/TAP device driver, 1.6
[    3.125592] e100: Intel(R) PRO/100 Network Driver
[    3.125947] e100: Copyright(c) 1999-2006 Intel Corporation
[    3.126436] e1000: Intel(R) PRO/1000 Network Driver
[    3.126791] e1000: Copyright (c) 1999-2006 Intel Corporation.
[    3.279627] ata1: found unknown device (class 0)
[    3.280581] ata1.00: ATA-7: QEMU HARDDISK, 2.5+, max UDMA/100
[    3.281052] ata1.00: 17196647 sectors, multi 16: LBA48 
[    3.282929] scsi 0:0:0:0: Direct-Access     ATA      QEMU HARDDISK    2.5+ PQ: 0 ANSI: 5
[    3.283581] ata2: found unknown device (class 0)
[    3.284431] ata2.00: ATAPI: QEMU DVD-ROM, 2.5+, max UDMA/100
[    3.286967] sd 0:0:0:0: [sda] 17196647 512-byte logical blocks: (8.80 GB/8.20 GiB)
[    3.287745] sd 0:0:0:0: Attached scsi generic sg0 type 0
[    3.288597] sd 0:0:0:0: [sda] Write Protect is off
[    3.289060] sd 0:0:0:0: [sda] Write cache: enabled, read cache: enabled, doesn't support DPO or FUA
[    3.290403] scsi 1:0:0:0: CD-ROM            QEMU     QEMU DVD-ROM     2.5+ PQ: 0 ANSI: 5
[    3.291296] sd 0:0:0:0: [sda] Preferred minimum I/O size 512 bytes
[    3.313983] scsi 1:0:0:0: Attached scsi generic sg1 type 5
[    3.320516] sd 0:0:0:0: [sda] Attached SCSI disk
[    4.919430] ACPI: \_SB_.LNKC: Enabled at IRQ 11
[    5.248043] e1000 0000:00:03.0 eth0: (PCI:33MHz:32-bit) 52:54:00:12:34:56
[    5.248617] e1000 0000:00:03.0 eth0: Intel(R) PRO/1000 Network Connection
[    5.249256] e1000e: Intel(R) PRO/1000 Network Driver
[    5.249632] e1000e: Copyright(c) 1999 - 2015 Intel Corporation.
[    5.250191] igb: Intel(R) Gigabit Ethernet Network Driver
[    5.250600] igb: Copyright (c) 2007-2014 Intel Corporation.
[    5.251589] PPP generic driver version 2.4.2
[    5.253132] VFIO - User Level meta-driver version: 0.3
[    5.254797] usbcore: registered new interface driver uas
[    5.255528] usbcore: registered new interface driver usb-storage
[    5.256666] i8042: PNP: PS/2 Controller [PNP0303:KBD,PNP0f13:MOU] at 0x60,0x64 irq 1,12
[    5.258885] serio: i8042 KBD port at 0x60,0x64 irq 1
[    5.259579] serio: i8042 AUX port at 0x60,0x64 irq 12
[    5.262306] mousedev: PS/2 mouse device common for all mice
[    5.265067] rtc_cmos 00:05: RTC can wake from S4
[    5.267801] input: AT Translated Set 2 keyboard as /devices/platform/i8042/serio0/input/input1
[    5.268607] rtc_cmos 00:05: registered as rtc0
[    5.269204] rtc_cmos 00:05: setting system clock to 2024-10-18T17:12:07 UTC (1729271527)
[    5.270302] rtc_cmos 00:05: alarms up to one day, y3k, 242 bytes nvram, hpet irqs
[    5.271063] i2c_dev: i2c /dev entries driver
[    5.271378] input: VirtualPS/2 VMware VMMouse as /devices/platform/i8042/serio1/input/input4
[    5.272224] device-mapper: core: CONFIG_IMA_DISABLE_HTABLE is disabled. Duplicate IMA measurements will not be recorded in the IMA log.
[    5.273183] device-mapper: uevent: version 1.0.3
[    5.274016] input: VirtualPS/2 VMware VMMouse as /devices/platform/i8042/serio1/input/input3
[    5.274081] device-mapper: ioctl: 4.48.0-ioctl (2023-03-01) initialised: dm-devel@lists.linux.dev
[    5.275620] intel_pstate: CPU model not supported
[    5.276270] sdhci: Secure Digital Host Controller Interface driver
[    5.276743] sdhci: Copyright(c) Pierre Ossman
[    5.277238] sdhci-pltfm: SDHCI platform and OF driver helper
[    5.277771] ledtrig-cpu: registered to indicate activity on CPUs
[    5.278835] drop_monitor: Initializing network drop monitor service
[    5.279759] NET: Registered PF_INET6 protocol family
[    5.284516] Segment Routing with IPv6
[    5.284900] In-situ OAM (IOAM) with IPv6
[    5.285290] NET: Registered PF_PACKET protocol family
[    5.285967] 9pnet: Installing 9P2000 support
[    5.286618] Key type dns_resolver registered
[    5.289391] IPI shorthand broadcast: enabled
[    5.346092] sched_clock: Marking stable (5328006522, 15379370)->(5357697481, -14311589)
[    5.349398] registered taskstats version 1
[    5.350342] Loading compiled-in X.509 certificates
[    5.408968] Demotion targets for Node 0: null
[    5.411022] Key type .fscrypt registered
[    5.411344] Key type fscrypt-provisioning registered
[    5.415745] Key type encrypted registered
[    5.416128] ima: No TPM chip found, activating TPM-bypass!
[    5.416583] ima: Allocated hash algorithm: sha1
[    5.417030] ima: No architecture policies found
[    5.417596] evm: Initialising EVM extended attributes:
[    5.417995] evm: security.selinux
[    5.418254] evm: security.SMACK64
[    5.418512] evm: security.SMACK64EXEC
[    5.418796] evm: security.SMACK64TRANSMUTE
[    5.419114] evm: security.SMACK64MMAP
[    5.419417] evm: security.apparmor
[    5.419683] evm: security.ima
[    5.419916] evm: security.capability
[    5.420194] evm: HMAC attrs: 0x1
[    5.424091] PM:   Magic number: 12:349:239
[    5.425564] RAS: Correctable Errors collector initialized.
[    5.426923] clk: Disabling unused clocks
[    5.427277] PM: genpd: Disabling unused power domains
[    5.428487] md: Waiting for all devices to be available before autodetect
[    5.428812] md: If you don't use raid, use raid=noautodetect
[    5.429089] md: Autodetecting RAID arrays.
[    5.429304] md: autorun ...
[    5.429446] md: ... autorun DONE.
[    5.443361] EXT4-fs (sda): mounted filesystem 088740a9-c8b4-422c-999d-a804eb68a4da ro with ordered data mode. Quota mode: none.
[    5.444217] VFS: Mounted root (ext4 filesystem) readonly on device 8:0.
[    5.448452] devtmpfs: mounted
[    5.470183] Freeing unused decrypted memory: 2028K
[    5.474474] Freeing unused kernel image (initmem) memory: 15328K
[    5.474867] Write protecting the kernel read-only data: 94208k
[    5.477044] Freeing unused kernel image (rodata/data gap) memory: 1244K
[    5.538998] x86/mm: Checked W+X mappings: passed, no W+X pages found.
[    5.539378] Run /sbin/init as init process
[    5.670510] systemd[1]: systemd 252-15.el9 running in system mode (+PAM +AUDIT +SELINUX -APPARMOR +IMA +SMACK +SECCOMP +GCRYPT +GNUTLS +OPENSSL +ACL +BLKID +CURL +ELFUTILS -FIDO2 +IDN2 -IDN -IPTC +KMOD +LIBCRYPTSETUP +LIBFDISK +PCRE2 -PWQUALITY +P11KIT -QRENCODE +TPM2 +BZIP2 +LZ4 +XZ +ZLIB +ZSTD -BPF_FRAMEWORK +XKBCOMMON +UTMP +SYSVINIT default-hierarchy=unified)
[    5.672092] systemd[1]: Detected virtualization kvm.
[    5.672352] systemd[1]: Detected architecture x86-64.

Welcome to [0;31mCentOS Stream 9[0m!

[    5.676563] systemd[1]: Hostname set to <test>.
[    5.975128] systemd-rc-local-generator[125]: /etc/rc.d/rc.local is not marked executable, skipping.
[    6.267250] systemd[1]: Queued start job for default target Multi-User System.
[    6.294768] systemd[1]: Created slice Virtual Machine and Container Slice.
[[0;32m  OK  [0m] Created slice [0;1;39mVirtual Machine and Container Slice[0m.
[    6.300317] systemd[1]: Created slice Slice /system/getty.
[[0;32m  OK  [0m] Created slice [0;1;39mSlice /system/getty[0m.
[    6.303236] systemd[1]: Created slice Slice /system/modprobe.
[[0;32m  OK  [0m] Created slice [0;1;39mSlice /system/modprobe[0m.
[    6.306092] systemd[1]: Created slice Slice /system/serial-getty.
[[0;32m  OK  [0m] Created slice [0;1;39mSlice /system/serial-getty[0m.
[    6.309296] systemd[1]: Created slice Slice /system/sshd-keygen.
[[0;32m  OK  [0m] Created slice [0;1;39mSlice /system/sshd-keygen[0m.
[    6.312067] systemd[1]: Created slice User and Session Slice.
[[0;32m  OK  [0m] Created slice [0;1;39mUser and Session Slice[0m.
[    6.313299] systemd[1]: Started Forward Password Requests to Wall Directory Watch.
[[0;32m  OK  [0m] Started [0;1;39mForward Password R…uests to Wall Directory Watch[0m.
[    6.315634] systemd[1]: Set up automount Arbitrary Executable File Formats File System Automount Point.
[[0;32m  OK  [0m] Set up automount [0;1;39mArbitrary…s File System Automount Point[0m.
[    6.316831] systemd[1]: Reached target Local Integrity Protected Volumes.
[[0;32m  OK  [0m] Reached target [0;1;39mLocal Integrity Protected Volumes[0m.
[    6.317810] systemd[1]: Reached target Slice Units.
[[0;32m  OK  [0m] Reached target [0;1;39mSlice Units[0m.
[    6.318559] systemd[1]: Reached target Swaps.
[[0;32m  OK  [0m] Reached target [0;1;39mSwaps[0m.
[    6.319264] systemd[1]: Reached target Local Verity Protected Volumes.
[[0;32m  OK  [0m] Reached target [0;1;39mLocal Verity Protected Volumes[0m.
[    6.320575] systemd[1]: Listening on Device-mapper event daemon FIFOs.
[[0;32m  OK  [0m] Listening on [0;1;39mDevice-mapper event daemon FIFOs[0m.
[    6.322227] systemd[1]: Listening on LVM2 poll daemon socket.
[[0;32m  OK  [0m] Listening on [0;1;39mLVM2 poll daemon socket[0m.
[    6.323272] systemd[1]: multipathd control socket was skipped because of an unmet condition check (ConditionPathExists=/etc/multipath.conf).
[    6.378686] systemd[1]: Listening on RPCbind Server Activation Socket.
[[0;32m  OK  [0m] Listening on [0;1;39mRPCbind Server Activation Socket[0m.
[    6.379760] systemd[1]: Reached target RPC Port Mapper.
[[0;32m  OK  [0m] Reached target [0;1;39mRPC Port Mapper[0m.
[    6.383125] systemd[1]: Listening on Process Core Dump Socket.
[[0;32m  OK  [0m] Listening on [0;1;39mProcess Core Dump Socket[0m.
[    6.384515] systemd[1]: Listening on initctl Compatibility Named Pipe.
[[0;32m  OK  [0m] Listening on [0;1;39minitctl Compatibility Named Pipe[0m.
[    6.386125] systemd[1]: Listening on Journal Socket (/dev/log).
[[0;32m  OK  [0m] Listening on [0;1;39mJournal Socket (/dev/log)[0m.
[    6.387612] systemd[1]: Listening on Journal Socket.
[[0;32m  OK  [0m] Listening on [0;1;39mJournal Socket[0m.
[    6.389086] systemd[1]: Listening on udev Control Socket.
[[0;32m  OK  [0m] Listening on [0;1;39mudev Control Socket[0m.
[    6.390278] systemd[1]: Listening on udev Kernel Socket.
[[0;32m  OK  [0m] Listening on [0;1;39mudev Kernel Socket[0m.
[    6.398222] systemd[1]: Mounting Huge Pages File System...
         Mounting [0;1;39mHuge Pages File System[0m...
[    6.407016] systemd[1]: Mounting POSIX Message Queue File System...
         Mounting [0;1;39mPOSIX Message Queue File System[0m...
[    6.417788] systemd[1]: Mounting Kernel Debug File System...
         Mounting [0;1;39mKernel Debug File System[0m...
[    6.427828] systemd[1]: Mounting Kernel Trace File System...
         Mounting [0;1;39mKernel Trace File System[0m...
[    6.430234] systemd[1]: Kernel Module supporting RPCSEC_GSS was skipped because of an unmet condition check (ConditionPathExists=/etc/krb5.keytab).
[    6.431047] systemd[1]: Create List of Static Device Nodes was skipped because of an unmet condition check (ConditionFileNotEmpty=/lib/modules/6.11.0-rc4-0aa04373bca5+/modules.devname).
[    6.439053] systemd[1]: Starting Monitoring of LVM2 mirrors, snapshots etc. using dmeventd or progress polling...
         Starting [0;1;39mMonitoring of LVM…meventd or progress polling[0m...
[    6.447426] systemd[1]: Starting Load Kernel Module configfs...
         Starting [0;1;39mLoad Kernel Module configfs[0m...
[    6.455538] systemd[1]: Starting Load Kernel Module drm...
         Starting [0;1;39mLoad Kernel Module drm[0m...
[    6.476031] systemd[1]: Starting Load Kernel Module fuse...
         Starting [0;1;39mLoad Kernel Module fuse[0m...
[    6.488233] systemd[1]: Starting Read and set NIS domainname from /etc/sysconfig/network...
         Starting [0;1;39mRead and set NIS …from /etc/sysconfig/network[0m...
[    6.507299] systemd[1]: Starting Journal Service...
         Starting [0;1;39mJournal Service[0m...
[    6.517104] systemd[1]: Starting Load Kernel Modules...
         Starting [0;1;39mLoad Kernel Modules[0m...
[    6.539135] systemd[1]: Starting Generate network units from Kernel command line...
         Starting [0;1;39mGenerate network …ts from Kernel command line[0m...
[    6.579846] systemd[1]: Starting Remount Root and Kernel File Systems...
         Starting [0;1;39mRemount Root and Kernel File Systems[0m...
[    6.581162] systemd[1]: Repartition Root Disk was skipped because no trigger condition checks were met.
[    6.636155] systemd[1]: Starting Coldplug All udev Devices...
         Starting [0;1;39mColdplug All udev Devices[0m...
[    6.655288] systemd[1]: Mounted Huge Pages File System.
[[0;32m  OK  [0m] Mounted [0;1;39mHuge Pages File System[0m.
[    6.660329] systemd[1]: Mounted POSIX Message Queue File System.
[[0;32m  OK  [0m] Mounted [0;1;39mPOSIX Message Queue File System[0m.
[    6.664018] systemd[1]: Mounted Kernel Debug File System.
[[0;32m  OK  [0m] Mounted [0;1;39mKernel Debug File System[0m.
[    6.665361] systemd[1]: Mounted Kernel Trace File System.
[[0;32m  OK  [0m] Mounted [0;1;39mKernel Trace File System[0m.
[    6.669157] systemd[1]: Finished Monitoring of LVM2 mirrors, snapshots etc. using dmeventd or progress polling.
[    6.673457] EXT4-fs (sda): warning: mounting fs with errors, running e2fsck is recommended
[[0;32m  OK  [0m] Finished [0;1;39mMonitoring of LVM… dmeventd or progress polling[0m.
[    6.678812] systemd[1]: modprobe@configfs.service: Deactivated successfully.
[    6.679529] EXT4-fs (sda): re-mounted 088740a9-c8b4-422c-999d-a804eb68a4da r/w. Quota mode: none.
[    6.681274] systemd[1]: Finished Load Kernel Module configfs.
[[0;32m  OK  [0m] Finished [0;1;39mLoad Kernel Module configfs[0m.
[    6.685140] systemd[1]: Started Journal Service.
[[0;32m  OK  [0m] Started [0;1;39mJournal Service[0m.
[[0;32m  OK  [0m] Finished [0;1;39mLoad Kernel Module drm[0m.
[[0;32m  OK  [0m] Finished [0;1;39mLoad Kernel Module fuse[0m.
[[0;32m  OK  [0m] Finished [0;1;39mRead and set NIS …e from /etc/sysconfig/network[0m.
[[0;1;31mFAILED[0m] Failed to start [0;1;39mLoad Kernel Modules[0m.
See 'systemctl status systemd-modules-load.service' for details.
[[0;32m  OK  [0m] Finished [0;1;39mGenerate network units from Kernel command line[0m.
[[0;32m  OK  [0m] Finished [0;1;39mRemount Root and Kernel File Systems[0m.
[[0;32m  OK  [0m] Reached target [0;1;39mPreparation for Network[0m.
         Mounting [0;1;39mFUSE Control File System[0m...
         Mounting [0;1;39mKernel Configuration File System[0m...
         Starting [0;1;39mFlush Journal to Persistent Storage[0m...
         Starting [0;1;39mLoad/Save Random Seed[0m...
[    6.832662] systemd-journald[147]: Received client request to flush runtime journal.
         Starting [0;1;39mApply Kernel Variables[0m...
         Starting [0;1;39mCreate Static Device Nodes in /dev[0m...
         Starting [0;1;39mSetup Virtual Console[0m...
[[0;32m  OK  [0m] Mounted [0;1;39mFUSE Control File System[0m.
[[0;32m  OK  [0m] Mounted [0;1;39mKernel Configuration File System[0m.
[[0;32m  OK  [0m] Finished [0;1;39mFlush Journal to Persistent Storage[0m.
[[0;32m  OK  [0m] Finished [0;1;39mLoad/Save Random Seed[0m.
[[0;32m  OK  [0m] Finished [0;1;39mApply Kernel Variables[0m.
[[0;32m  OK  [0m] Finished [0;1;39mCreate Static Device Nodes in /dev[0m.
         Starting [0;1;39mRule-based Manage…for Device Events and Files[0m...
[[0;32m  OK  [0m] Started [0;1;39mRule-based Manager for Device Events and Files[0m.
         Starting [0;1;39mAuto-connect to s…E devices found during boot[0m...
[[0;32m  OK  [0m] Finished [0;1;39mAuto-connect to s…VME devices found during boot[0m.
[[0;32m  OK  [0m] Finished [0;1;39mColdplug All udev Devices[0m.
         Starting [0;1;39mWait for udev To …plete Device Initialization[0m...
[[0;32m  OK  [0m] Finished [0;1;39mSetup Virtual Console[0m.
[[0;32m  OK  [0m] Started [0;1;39mDispatch Password …ts to Console Directory Watch[0m.
[[0;32m  OK  [0m] Reached target [0;1;39mLocal Encrypted Volumes[0m.
[[0;32m  OK  [0m] Reached target [0;1;39mPath Units[0m.
[[0;32m  OK  [0m] Found device [0;1;39m/dev/ttyS0[0m.
[[0;32m  OK  [0m] Listening on [0;1;39mLoad/Save RF …itch Status /dev/rfkill Watch[0m.
[[0;32m  OK  [0m] Finished [0;1;39mWait for udev To Complete Device Initialization[0m.
[[0;32m  OK  [0m] Reached target [0;1;39mPreparation for Local File Systems[0m.
[[0;32m  OK  [0m] Reached target [0;1;39mLocal File Systems[0m.
         Starting [0;1;39mTell Plymouth To Write Out Runtime Data[0m...
         Starting [0;1;39mAutomatic Boot Loader Update[0m...
         Starting [0;1;39mCreate Volatile Files and Directories[0m...
[[0;32m  OK  [0m] Finished [0;1;39mTell Plymouth To Write Out Runtime Data[0m.
[[0;32m  OK  [0m] Finished [0;1;39mAutomatic Boot Loader Update[0m.
[[0;32m  OK  [0m] Finished [0;1;39mCreate Volatile Files and Directories[0m.
         Mounting [0;1;39mRPC Pipe File System[0m...
         Starting [0;1;39mSecurity Auditing Service[0m...
         Starting [0;1;39mRPC Bind[0m...
[[0;32m  OK  [0m] Mounted [0;1;39mRPC Pipe File System[0m.
[[0;32m  OK  [0m] Reached target [0;1;39mrpc_pipefs.target[0m.
[[0;32m  OK  [0m] Started [0;1;39mRPC Bind[0m.
[[0;32m  OK  [0m] Started [0;1;39mSecurity Auditing Service[0m.
         Starting [0;1;39mRecord System Boot/Shutdown in UTMP[0m...
[[0;32m  OK  [0m] Finished [0;1;39mRecord System Boot/Shutdown in UTMP[0m.
[[0;32m  OK  [0m] Reached target [0;1;39mSystem Initialization[0m.
[[0;32m  OK  [0m] Started [0;1;39mDaily rotation of log files[0m.
[[0;32m  OK  [0m] Started [0;1;39mUpdates mlocate database every day[0m.
[[0;32m  OK  [0m] Started [0;1;39mDaily Cleanup of Temporary Directories[0m.
[[0;32m  OK  [0m] Started [0;1;39mdaily update of the root trust anchor for DNSSEC[0m.
[[0;32m  OK  [0m] Reached target [0;1;39mTimer Units[0m.
[[0;32m  OK  [0m] Listening on [0;1;39mD-Bus System Message Bus Socket[0m.
[[0;32m  OK  [0m] Listening on [0;1;39mOpen-iSCSI iscsid Socket[0m.
[[0;32m  OK  [0m] Listening on [0;1;39mOpen-iSCSI iscsiuio Socket[0m.
[[0;32m  OK  [0m] Listening on [0;1;39mSSSD Kerberos…ache Manager responder socket[0m.
[[0;32m  OK  [0m] Listening on [0;1;39mLibvirt interface local socket[0m.
[[0;32m  OK  [0m] Listening on [0;1;39mVirtual machine lock manager socket[0m.
[[0;32m  OK  [0m] Listening on [0;1;39mVirtual machine log manager socket[0m.
[[0;32m  OK  [0m] Listening on [0;1;39mLibvirt network local socket[0m.
[[0;32m  OK  [0m] Listening on [0;1;39mLibvirt nodedev local socket[0m.
[[0;32m  OK  [0m] Listening on [0;1;39mLibvirt nwfilter local socket[0m.
[[0;32m  OK  [0m] Listening on [0;1;39mLibvirt proxy local socket[0m.
[[0;32m  OK  [0m] Listening on [0;1;39mLibvirt qemu local socket[0m.
[[0;32m  OK  [0m] Listening on [0;1;39mLibvirt qemu admin socket[0m.
[[0;32m  OK  [0m] Listening on [0;1;39mLibvirt qemu local read-only socket[0m.
[[0;32m  OK  [0m] Listening on [0;1;39mLibvirt secret local socket[0m.
[[0;32m  OK  [0m] Listening on [0;1;39mLibvirt storage local socket[0m.
[[0;32m  OK  [0m] Reached target [0;1;39mSocket Units[0m.
         Starting [0;1;39mD-Bus System Message Bus[0m...
[[0;32m  OK  [0m] Started [0;1;39mD-Bus System Message Bus[0m.
[[0;32m  OK  [0m] Reached target [0;1;39mBasic System[0m.
         Starting [0;1;39mNetwork Manager[0m...
         Starting [0;1;39mNTP client/server[0m...
         Starting [0;1;39mRestore /run/initramfs on shutdown[0m...
[[0;32m  OK  [0m] Started [0;1;39mirqbalance daemon[0m.
[[0;32m  OK  [0m] Started [0;1;39mlibstoragemgmt plug-in server daemon[0m.
[[0;32m  OK  [0m] Started [0;1;39mMachine Check Exception Logging Daemon[0m.
[[0;32m  OK  [0m] Reached target [0;1;39msshd-keygen.target[0m.
[[0;32m  OK  [0m] Reached target [0;1;39mUser and Group Name Lookups[0m.
         Starting [0;1;39mUser Login Management[0m...
         Starting [0;1;39mVirtual Machine a…tainer Registration Service[0m...
         Starting [0;1;39mupdate of the roo…NSSEC validation in unbound[0m...
         Starting [0;1;39mRotate log files[0m...
[[0;32m  OK  [0m] Started [0;1;39mUpdate a database for mlocate[0m.
[[0;32m  OK  [0m] Started [0;1;39mNTP client/server[0m.
[[0;32m  OK  [0m] Finished [0;1;39mRestore /run/initramfs on shutdown[0m.
[[0;32m  OK  [0m] Started [0;1;39mVirtual Machine an…ontainer Registration Service[0m.
         Starting [0;1;39mHostname Service[0m...
[[0;32m  OK  [0m] Started [0;1;39mUser Login Management[0m.
[[0;32m  OK  [0m] Finished [0;1;39mupdate of the roo… DNSSEC validation in unbound[0m.
[[0;32m  OK  [0m] Started [0;1;39mHostname Service[0m.
         Starting [0;1;39mNetwork Manager Script Dispatcher Service[0m...
[[0;32m  OK  [0m] Finished [0;1;39mRotate log files[0m.
[[0;32m  OK  [0m] Started [0;1;39mNetwork Manager Script Dispatcher Service[0m.
[   10.499591] e1000: eth0 NIC Link is Up 1000 Mbps Full Duplex, Flow Control: RX
[[0;32m  OK  [0m] Started [0;1;39mNetwork Manager[0m.
[[0;32m  OK  [0m] Reached target [0;1;39mNetwork[0m.
[[0;32m  OK  [0m] Reached target [0;1;39mNetwork is Online[0m.
         Starting [0;1;39mGSSAPI Proxy Daemon[0m...
         Starting [0;1;39mNotify NFS peers of a restart[0m...
         Starting [0;1;39mSystem Logging Service[0m...
         Starting [0;1;39mOpenSSH server daemon[0m...
         Starting [0;1;39mDynamic System Tuning Daemon[0m...
[[0;32m  OK  [0m] Started [0;1;39mNotify NFS peers of a restart[0m.
[[0;32m  OK  [0m] Started [0;1;39mGSSAPI Proxy Daemon[0m.
[[0;32m  OK  [0m] Reached target [0;1;39mNFS client services[0m.
[[0;32m  OK  [0m] Reached target [0;1;39mPreparation for Remote File Systems[0m.
[[0;32m  OK  [0m] Reached target [0;1;39mRemote File Systems[0m.
         Starting [0;1;39mPermit User Sessions[0m...
         Starting [0;1;39mVirtualization qemu daemon[0m...
[[0;32m  OK  [0m] Started [0;1;39mOpenSSH server daemon[0m.
[[0;32m  OK  [0m] Finished [0;1;39mPermit User Sessions[0m.
[[0;32m  OK  [0m] Started [0;1;39mDeferred execution scheduler[0m.
[[0;32m  OK  [0m] Started [0;1;39mCommand Scheduler[0m.
         Starting [0;1;39mHold until boot process finishes up[0m...
         Starting [0;1;39mTerminate Plymouth Boot Screen[0m...
[[0;32m  OK  [0m] Started [0;1;39mSystem Logging Service[0m.
[[0;32m  OK  [0m] Finished [0;1;39mHold until boot process finishes up[0m.
[[0;32m  OK  [0m] Started [0;1;39mGetty on tty1[0m.
[[0;32m  OK  [0m] Started [0;1;39mSerial Getty on ttyS0[0m.
[[0;32m  OK  [0m] Reached target [0;1;39mLogin Prompts[0m.
[[0;32m  OK  [0m] Started [0;1;39mVirtualization qemu daemon[0m.
[[0;32m  OK  [0m] Finished [0;1;39mTerminate Plymouth Boot Screen[0m.
         Starting [0;1;39mAuthorization Manager[0m...
[[0;32m  OK  [0m] Started [0;1;39mAuthorization Manager[0m.
[[0;32m  OK  [0m] Started [0;1;39mDynamic System Tuning Daemon[0m.
[[0;32m  OK  [0m] Reached target [0;1;39mMulti-User System[0m.
         Starting [0;1;39mRecord Runlevel Change in UTMP[0m...
[[0;32m  OK  [0m] Finished [0;1;39mRecord Runlevel Change in UTMP[0m.

CentOS Stream 9
Kernel 6.11.0-rc4-0aa04373bca5+ on an x86_64

Activate the web console with: systemctl enable --now cockpit.socket

test login: [   30.183708] ata1: lost interrupt (Status 0x58)
[   30.499588] ata1: found unknown device (class 0)
[   40.679470] ata1: lost interrupt (Status 0x58)
[   40.991563] ata1: found unknown device (class 0)
[   51.191532] ata1: lost interrupt (Status 0x58)
[   51.507602] ata1: found unknown device (class 0)
[   61.687659] ata1: lost interrupt (Status 0x58)
[   61.844965] ata1.00: limiting speed to MWDMA1:PIO4
[   62.003709] ata1: found unknown device (class 0)
[   72.183640] ata1: lost interrupt (Status 0x58)
[   72.499599] ata1: found unknown device (class 0)
[   82.679593] ata1: lost interrupt (Status 0x58)
[   82.837434] ata1.00: limiting speed to PIO4
[   82.995696] ata1: found unknown device (class 0)
[   93.175598] ata1: lost interrupt (Status 0x58)
[   93.342116] ata1.00: limiting speed to PIO3
[   93.499684] ata1: found unknown device (class 0)
[  103.671600] ata1: lost interrupt (Status 0x58)
[  103.840763] ata1.00: limiting speed to PIO0
[  103.999711] ata1: found unknown device (class 0)
[  114.151623] ata1: lost interrupt (Status 0x58)
[  114.467707] ata1: found unknown device (class 0)
[  124.647684] ata1: lost interrupt (Status 0x58)
[  124.967610] ata1: found unknown device (class 0)
[  135.159482] ata1: lost interrupt (Status 0x58)
[  135.475599] ata1: found unknown device (class 0)
[  145.655606] ata1: lost interrupt (Status 0x58)
[  145.971560] ata1: found unknown device (class 0)
[  156.391624] ata1: lost interrupt (Status 0x58)
[  156.711574] ata1: found unknown device (class 0)
[  166.895524] ata1: lost interrupt (Status 0x58)
[  167.211688] ata1: found unknown device (class 0)
[  177.383659] ata1: lost interrupt (Status 0x58)
[  177.699679] ata1: found unknown device (class 0)
[  187.879550] ata1: lost interrupt (Status 0x58)
[  188.195713] ata1: found unknown device (class 0)
[  198.375646] ata1: lost interrupt (Status 0x58)
[  198.691718] ata1: found unknown device (class 0)
[  208.887650] ata1: lost interrupt (Status 0x58)
[  209.203754] ata1: found unknown device (class 0)
[  219.375551] ata1: lost interrupt (Status 0x58)
[  219.691709] ata1: found unknown device (class 0)
[  229.875637] ata1: lost interrupt (Status 0x58)
[  230.191576] ata1: found unknown device (class 0)
[  240.375581] ata1: lost interrupt (Status 0x58)
[  240.691633] ata1: found unknown device (class 0)
[  250.871433] ata1: lost interrupt (Status 0x58)
[  251.187692] ata1: found unknown device (class 0)
[  261.367578] ata1: lost interrupt (Status 0x58)
[  261.687559] ata1: found unknown device (class 0)
[  271.855546] ata1: lost interrupt (Status 0x58)
[  272.171674] ata1: found unknown device (class 0)
[  282.343526] ata1: lost interrupt (Status 0x58)
[  282.659620] ata1: found unknown device (class 0)
[  292.855561] ata1: lost interrupt (Status 0x58)
[  293.171612] ata1: found unknown device (class 0)
[  303.335599] ata1: lost interrupt (Status 0x58)
[  303.651789] ata1: found unknown device (class 0)
[  313.847530] ata1: lost interrupt (Status 0x58)
[  314.163688] ata1: found unknown device (class 0)
[  316.871586] EXT4-fs (sda): error count since last fsck: 8
[  316.872187] EXT4-fs (sda): initial error at time 1699515630: ext4_mb_release_inode_pa:5364
[  316.872632] EXT4-fs (sda): last error at time 1699515808: mb_free_blocks:1917: block 1286144
[  324.343525] ata1: lost interrupt (Status 0x58)
[  324.659577] ata1: found unknown device (class 0)
[  334.835584] ata1: lost interrupt (Status 0x58)
[  335.151726] ata1: found unknown device (class 0)
[  345.319652] ata1: lost interrupt (Status 0x58)
[  345.635600] ata1: found unknown device (class 0)
[  355.831577] ata1: lost interrupt (Status 0x58)
[  356.147679] ata1: found unknown device (class 0)
[  366.311682] ata1: lost interrupt (Status 0x58)
[  366.635687] ata1: found unknown device (class 0)
[  376.807651] ata1: lost interrupt (Status 0x58)
[  377.127605] ata1: found unknown device (class 0)
[  387.319588] ata1: lost interrupt (Status 0x58)
[  387.635611] ata1: found unknown device (class 0)
[  397.815632] ata1: lost interrupt (Status 0x58)
[  398.135618] ata1: found unknown device (class 0)
[  408.311669] ata1: lost interrupt (Status 0x58)
[  408.635580] ata1: found unknown device (class 0)
[  418.791623] ata1: lost interrupt (Status 0x58)
[  419.107592] ata1: found unknown device (class 0)
[  429.287664] ata1: lost interrupt (Status 0x58)
[  429.607603] ata1: found unknown device (class 0)
[  439.783488] ata1: lost interrupt (Status 0x58)
[  440.099627] ata1: found unknown device (class 0)
[  450.295517] ata1: lost interrupt (Status 0x58)
[  450.611701] ata1: found unknown device (class 0)
[  460.783575] ata1: lost interrupt (Status 0x58)
[  461.111575] ata1: found unknown device (class 0)
[  471.287458] ata1: lost interrupt (Status 0x58)
[  471.603696] ata1: found unknown device (class 0)
[  481.783528] ata1: lost interrupt (Status 0x58)
[  482.099613] ata1: found unknown device (class 0)
[  492.263481] ata1: lost interrupt (Status 0x58)
[  492.579623] ata1: found unknown device (class 0)
[  502.775547] ata1: lost interrupt (Status 0x58)
[  503.091643] ata1: found unknown device (class 0)
[  513.255628] ata1: lost interrupt (Status 0x58)
[  513.571594] ata1: found unknown device (class 0)
[  523.763468] ata1: lost interrupt (Status 0x58)
[  524.083663] ata1: found unknown device (class 0)
[  534.263564] ata1: lost interrupt (Status 0x58)
[  534.579637] ata1: found unknown device (class 0)
[  544.759536] ata1: lost interrupt (Status 0x58)
[  545.075662] ata1: found unknown device (class 0)
[  555.255700] ata1: lost interrupt (Status 0x58)
[  555.583607] ata1: found unknown device (class 0)
[  565.735625] ata1: lost interrupt (Status 0x58)
[  566.055537] ata1: found unknown device (class 0)
[  576.231634] ata1: lost interrupt (Status 0x58)
[  576.547693] ata1: found unknown device (class 0)
[  586.743460] ata1: lost interrupt (Status 0x58)
[  587.059523] ata1: found unknown device (class 0)
[  597.239608] ata1: lost interrupt (Status 0x58)
[  597.559581] ata1: found unknown device (class 0)
[  607.719531] ata1: lost interrupt (Status 0x58)
[  608.035619] ata1: found unknown device (class 0)
[  618.231535] ata1: lost interrupt (Status 0x58)
[  618.547763] ata1: found unknown device (class 0)
[  628.727528] ata1: lost interrupt (Status 0x58)
[  629.043624] ata1: found unknown device (class 0)
[  639.223563] ata1: lost interrupt (Status 0x58)
[  639.543729] ata1: found unknown device (class 0)
[  649.703647] ata1: lost interrupt (Status 0x58)
[  650.023696] ata1: found unknown device (class 0)
[  660.215609] ata1: lost interrupt (Status 0x58)
[  660.531706] ata1: found unknown device (class 0)
[  670.695519] ata1: lost interrupt (Status 0x58)
[  671.011718] ata1: found unknown device (class 0)
[  681.207534] ata1: lost interrupt (Status 0x58)
[  681.527688] ata1: found unknown device (class 0)
[  691.703703] ata1: lost interrupt (Status 0x58)
[  692.019574] ata1: found unknown device (class 0)
[  702.199627] ata1: lost interrupt (Status 0x58)
[  702.515672] ata1: found unknown device (class 0)
[  712.695638] ata1: lost interrupt (Status 0x58)
[  713.011537] ata1: found unknown device (class 0)
[  723.179629] ata1: lost interrupt (Status 0x58)
[  723.495597] ata1: found unknown device (class 0)
[  733.671588] ata1: lost interrupt (Status 0x58)
[  733.987589] ata1: found unknown device (class 0)
[  744.183520] ata1: lost interrupt (Status 0x58)
[  744.499741] ata1: found unknown device (class 0)
[  754.663617] ata1: lost interrupt (Status 0x58)
[  754.979687] ata1: found unknown device (class 0)
[  765.175493] ata1: lost interrupt (Status 0x58)
[  765.495742] ata1: found unknown device (class 0)
[  775.655550] ata1: lost interrupt (Status 0x58)
[  775.971767] ata1: found unknown device (class 0)
[  786.151548] ata1: lost interrupt (Status 0x58)
[  786.467639] ata1: found unknown device (class 0)
[  796.663526] ata1: lost interrupt (Status 0x58)
[  796.979568] ata1: found unknown device (class 0)
[  807.159572] ata1: lost interrupt (Status 0x58)
[  807.475694] ata1: found unknown device (class 0)
[  817.655654] ata1: lost interrupt (Status 0x58)
[  817.975669] ata1: found unknown device (class 0)
[  828.135646] ata1: lost interrupt (Status 0x58)
[  828.451628] ata1: found unknown device (class 0)
[  838.647626] ata1: lost interrupt (Status 0x58)
[  838.975668] ata1: found unknown device (class 0)
[  849.139560] ata1: lost interrupt (Status 0x58)
[  849.455639] ata1: found unknown device (class 0)
[  859.639629] ata1: lost interrupt (Status 0x58)
[  859.955678] ata1: found unknown device (class 0)
[  870.119645] ata1: lost interrupt (Status 0x58)
[  870.435707] ata1: found unknown device (class 0)
[  880.631521] ata1: lost interrupt (Status 0x58)
[  880.947626] ata1: found unknown device (class 0)
[  890.311621] INFO: task in:imjournal:325 blocked for more than 147 seconds.
[  890.312062]       Not tainted 6.11.0-rc4-0aa04373bca5+ #1
[  890.312347] "echo 0 > /proc/sys/kernel/hung_task_timeout_secs" disables this message.
[  890.312749] task:in:imjournal    state:D stack:0     pid:325   tgid:308   ppid:1      flags:0x00004002
[  890.313241] Call Trace:
[  890.313375]  <TASK>
[  890.313499]  __schedule+0xb9f/0x2eb0
[  890.313718]  ? __pfx___schedule+0x10/0x10
[  890.313929]  ? lock_release+0x441/0x870
[  890.314142]  ? __pfx_lock_release+0x10/0x10
[  890.314366]  ? __this_cpu_preempt_check+0x21/0x30
[  890.314613]  ? _raw_spin_unlock_irqrestore+0x35/0x70
[  890.314883]  schedule+0xf6/0x3f0
[  890.315062]  io_schedule+0xce/0x150
[  890.315251]  bit_wait_io+0x1f/0x100
[  890.315472]  __wait_on_bit+0x68/0x1b0
[  890.315667]  ? __pfx_bit_wait_io+0x10/0x10
[  890.315888]  out_of_line_wait_on_bit+0xe6/0x120
[  890.316128]  ? __pfx_out_of_line_wait_on_bit+0x10/0x10
[  890.316398]  ? __pfx_wake_bit_function+0x10/0x10
[  890.316642]  ? __might_sleep+0xa3/0x170
[  890.316852]  do_get_write_access+0x83b/0x1010
[  890.317097]  jbd2_journal_get_write_access+0x1e4/0x270
[  890.317368]  __ext4_journal_get_write_access+0x72/0x3b0
[  890.317645]  ext4_setent+0xa8/0x4f0
[  890.317838]  ext4_rename+0xe1f/0x2ad0
[  890.318040]  ? __pfx_ext4_rename+0x10/0x10
[  890.318285]  ? down_write_nested+0x15a/0x210
[  890.318513]  ? __pfx_down_write_nested+0x10/0x10
[  890.318763]  ext4_rename2+0x1e3/0x2a0
[  890.318963]  ? __pfx_ext4_rename2+0x10/0x10
[  890.319185]  vfs_rename+0x1176/0x1a80
[  890.319408]  ? __pfx_vfs_rename+0x10/0x10
[  890.319625]  ? __sanitizer_cov_trace_const_cmp4+0x1a/0x20
[  890.319906]  ? lookup_dcache+0x72/0x150
[  890.320110]  ? __sanitizer_cov_trace_const_cmp4+0x1a/0x20
[  890.320388]  ? security_path_rename+0x166/0x240
[  890.320634]  do_renameat2+0xb57/0xd70
[  890.320838]  ? __pfx_do_renameat2+0x10/0x10
[  890.321060]  ? __sanitizer_cov_trace_const_cmp4+0x1a/0x20
[  890.321337]  ? __virt_addr_valid+0x10a/0x5f0
[  890.321568]  ? __check_object_size+0x43/0x8f0
[  890.321802]  ? __sanitizer_cov_trace_const_cmp8+0x1c/0x30
[  890.322095]  __x64_sys_rename+0x87/0xb0
[  890.322302]  x64_sys_call+0x1eb4/0x20d0
[  890.322509]  do_syscall_64+0x6d/0x140
[  890.322710]  entry_SYSCALL_64_after_hwframe+0x76/0x7e
[  890.322975] RIP: 0033:0x7f438087068b
[  890.323168] RSP: 002b:00007f437f9feb78 EFLAGS: 00000246 ORIG_RAX: 0000000000000052
[  890.323566] RAX: ffffffffffffffda RBX: 00007f4370003cf0 RCX: 00007f438087068b
[  890.323925] RDX: 00000000ffffffff RSI: 000055ced4432550 RDI: 00007f437f9feb80
[  890.324283] RBP: 00007f4370000c10 R08: 0000000000000000 R09: 0000000000000000
[  890.324642] R10: 0000000000000040 R11: 0000000000000246 R12: 00007f437f9feb80
[  890.325000] R13: 00007f437f9ffc18 R14: 00007f437f9ffc20 R15: 00007f43700071d0
[  890.325372]  </TASK>
[  890.325510] 
[  890.325510] Showing all locks held in the system:
[  890.325826] 4 locks held by kworker/u8:0/11:
[  890.326049]  #0: ffff88801205f948 ((wq_completion)ext4-rsv-conversion){+.+.}-{0:0}, at: process_one_work+0x11e1/0x1af0
[  890.326596]  #1: ffff88800d8cfd78 ((work_completion)(&ei->i_rsv_conversion_work)){+.+.}-{0:0}, at: process_one_work+0x8a0/0x1af0
[  890.327186]  #2: ffff888012158958 (jbd2_handle){++++}-{0:0}, at: start_this_handle+0x107b/0x1590
[  890.327653]  #3: ffff888023ade598 (&ei->i_data_sem){++++}-{3:3}, at: ext4_map_blocks+0x739/0x1830
[  890.328118] 1 lock held by khungtaskd/33:
[  890.328326]  #0: ffffffff86e5c360 (rcu_read_lock){....}-{1:2}, at: debug_show_all_locks+0x71/0x370
[  890.328789] 3 locks held by kworker/u8:3/52:
[  890.329011]  #0: ffff88800db95148 ((wq_completion)writeback){+.+.}-{0:0}, at: process_one_work+0x11e1/0x1af0
[  890.329515]  #1: ffff88800ec27d78 ((work_completion)(&(&wb->dwork)->work)){+.+.}-{0:0}, at: process_one_work+0x8a0/0x1af0
[  890.330059]  #2: ffff88800d3760e0 (&type->s_umount_key#52){.+.+}-{3:3}, at: super_trylock_shared+0x2b/0x110
[  890.330552] 5 locks held by kworker/0:3/156:
[  890.330772]  #0: ffff88800d05ad48 ((wq_completion)events){+.+.}-{0:0}, at: process_one_work+0x11e1/0x1af0
[  890.331252]  #1: ffff88801456fd78 ((work_completion)(&(&ap->scsi_rescan_task)->work)){+.+.}-{0:0}, at: process_one_work+0x8a0/0x1af0
[  890.331854]  #2: ffff88800fec4430 (&ap->scsi_scan_mutex){+.+.}-{3:3}, at: ata_scsi_dev_rescan+0x42/0x470
[  890.332334]  #3: ffff88800fe84378 (&dev->mutex){....}-{3:3}, at: scsi_rescan_device+0x33/0x360
[  890.332774]  #4: ffff88800fea3e00 (&q->limits_lock){+.+.}-{3:3}, at: sd_revalidate_disk.isra.0+0x593/0xaf10
[  890.333266] 5 locks held by in:imjournal/325:
[  890.333487]  #0: ffff88801215c408 (sb_writers#3){.+.+}-{0:0}, at: do_renameat2+0x39f/0xd70
[  890.333907]  #1: ffff88801afbe708 (&type->i_mutex_dir_key#3/1){+.+.}-{3:3}, at: do_renameat2+0xc51/0xd70
[  890.334388]  #2: ffff888023add338 (&sb->s_type->i_mutex_key#8){++++}-{3:3}, at: lock_two_nondirectories+0xe3/0x1f0
[  890.334913]  #3: ffff888023ade708 (&sb->s_type->i_mutex_key#8/4){+.+.}-{3:3}, at: lock_two_nondirectories+0x176/0x1f0
[  890.335461]  #4: ffff888012158958 (jbd2_handle){++++}-{0:0}, at: start_this_handle+0x107b/0x1590
[  890.335912] 
[  890.335999] =============================================
[  890.335999] 
[  891.111578] ata1: lost interrupt (Status 0x58)
[  891.427605] ata1: found unknown device (class 0)
[  901.623556] ata1: lost interrupt (Status 0x58)
[  901.939745] ata1: found unknown device (class 0)
[  912.119614] ata1: lost interrupt (Status 0x58)
[  912.435701] ata1: found unknown device (class 0)
[  922.615527] ata1: lost interrupt (Status 0x58)
[  922.931710] ata1: found unknown device (class 0)
[  933.111590] ata1: lost interrupt (Status 0x58)
[  933.435670] ata1: found unknown device (class 0)
[  943.603640] ata1: lost interrupt (Status 0x58)
[  943.919717] ata1: found unknown device (class 0)
[  954.087671] ata1: lost interrupt (Status 0x58)
[  954.403705] ata1: found unknown device (class 0)
[  964.583665] ata1: lost interrupt (Status 0x58)
[  964.903682] ata1: found unknown device (class 0)
[  975.079549] ata1: lost interrupt (Status 0x58)
[  975.399765] ata1: found unknown device (class 0)
[  985.583555] ata1: lost interrupt (Status 0x58)
[  985.903600] ata1: found unknown device (class 0)
[  996.087523] ata1: lost interrupt (Status 0x58)
[  996.403716] ata1: found unknown device (class 0)
[ 1006.583628] ata1: lost interrupt (Status 0x58)
[ 1006.899665] ata1: found unknown device (class 0)
[ 1017.063523] ata1: lost interrupt (Status 0x58)
[ 1017.379613] ata1: found unknown device (class 0)
[ 1027.559682] ata1: lost interrupt (Status 0x58)
[ 1027.883612] ata1: found unknown device (class 0)
[ 1038.055573] ata1: lost interrupt (Status 0x58)
[ 1038.371623] ata1: found unknown device (class 0)
[ 1048.567626] ata1: lost interrupt (Status 0x58)
[ 1048.883693] ata1: found unknown device (class 0)
[ 1059.047516] ata1: lost interrupt (Status 0x58)
[ 1059.363623] ata1: found unknown device (class 0)
[ 1069.551531] ata1: lost interrupt (Status 0x58)
[ 1069.867619] ata1: found unknown device (class 0)
[ 1080.039647] ata1: lost interrupt (Status 0x58)
[ 1080.359614] ata1: found unknown device (class 0)
[ 1090.551650] ata1: lost interrupt (Status 0x58)
[ 1090.871620] ata1: found unknown device (class 0)
[ 1101.047673] ata1: lost interrupt (Status 0x58)
[ 1101.363738] ata1: found unknown device (class 0)
[ 1111.547562] ata1: lost interrupt (Status 0x58)
[ 1111.867704] ata1: found unknown device (class 0)
[ 1122.031686] ata1: lost interrupt (Status 0x58)
[ 1122.351616] ata1: found unknown device (class 0)
[ 1132.531552] ata1: lost interrupt (Status 0x58)
[ 1132.847596] ata1: found unknown device (class 0)
[ 1143.015651] ata1: lost interrupt (Status 0x58)
[ 1143.331760] ata1: found unknown device (class 0)
[ 1153.519679] ata1: lost interrupt (Status 0x58)
[ 1153.839573] ata1: found unknown device (class 0)
[ 1164.015578] ata1: lost interrupt (Status 0x58)
[ 1164.335576] ata1: found unknown device (class 0)
[ 1174.511639] ata1: lost interrupt (Status 0x58)
[ 1174.827689] ata1: found unknown device (class 0)
[ 1185.011622] ata1: lost interrupt (Status 0x58)
[ 1185.331707] ata1: found unknown device (class 0)
[ 1195.503684] ata1: lost interrupt (Status 0x58)
[ 1195.827754] ata1: found unknown device (class 0)
[ 1206.007524] ata1: lost interrupt (Status 0x58)
[ 1206.323508] ata1: found unknown device (class 0)
[ 1216.503731] ata1: lost interrupt (Status 0x58)
[ 1216.823746] ata1: found unknown device (class 0)
[ 1226.991538] ata1: lost interrupt (Status 0x58)
[ 1227.307595] ata1: found unknown device (class 0)
[ 1237.495473] ata1: lost interrupt (Status 0x58)
[ 1237.811675] ata1: found unknown device (class 0)
[ 1247.991626] ata1: lost interrupt (Status 0x58)
[ 1248.307607] ata1: found unknown device (class 0)
[ 1258.471699] ata1: lost interrupt (Status 0x58)
[ 1258.787695] ata1: found unknown device (class 0)
[ 1268.983525] ata1: lost interrupt (Status 0x58)
[ 1269.299697] ata1: found unknown device (class 0)
[ 1279.463658] ata1: lost interrupt (Status 0x58)
[ 1279.779700] ata1: found unknown device (class 0)
[ 1289.975589] ata1: lost interrupt (Status 0x58)
[ 1290.291739] ata1: found unknown device (class 0)
[ 1300.455647] ata1: lost interrupt (Status 0x58)
[ 1300.771612] ata1: found unknown device (class 0)
[ 1310.967531] ata1: lost interrupt (Status 0x58)
[ 1311.287756] ata1: found unknown device (class 0)
[ 1321.447658] ata1: lost interrupt (Status 0x58)
[ 1321.763692] ata1: found unknown device (class 0)
[ 1331.959538] ata1: lost interrupt (Status 0x58)
[ 1332.275606] ata1: found unknown device (class 0)
[ 1332.679414] INFO: task in:imjournal:325 blocked for more than 147 seconds.
[ 1332.679827]       Not tainted 6.11.0-rc4-0aa04373bca5+ #1
[ 1332.680105] "echo 0 > /proc/sys/kernel/hung_task_timeout_secs" disables this message.
[ 1332.680477] task:in:imjournal    state:D stack:0     pid:325   tgid:308   ppid:1      flags:0x00004002
[ 1332.680933] Call Trace:
[ 1332.681063]  <TASK>
[ 1332.681181]  __schedule+0xb9f/0x2eb0
[ 1332.681384]  ? __pfx___schedule+0x10/0x10
[ 1332.681591]  ? lock_release+0x441/0x870
[ 1332.681794]  ? __pfx_lock_release+0x10/0x10
[ 1332.682013]  ? __pfx___blk_flush_plug+0x10/0x10
[ 1332.682253]  ? lockdep_hardirqs_on+0x89/0x110
[ 1332.682482]  schedule+0xf6/0x3f0
[ 1332.682656]  io_schedule+0xce/0x150
[ 1332.682841]  rq_qos_wait+0x1c5/0x310
[ 1332.683030]  ? __pfx_wbt_cleanup_cb+0x10/0x10
[ 1332.683264]  ? __pfx_rq_qos_wait+0x10/0x10
[ 1332.683511]  ? __pfx_lock_release+0x10/0x10
[ 1332.683727]  ? __pfx_rq_qos_wake_function+0x10/0x10
[ 1332.683977]  ? __pfx_wbt_inflight_cb+0x10/0x10
[ 1332.684209]  ? do_raw_spin_unlock+0x15c/0x210
[ 1332.684439]  wbt_wait+0x1ec/0x400
[ 1332.684617]  ? __pfx_wbt_wait+0x10/0x10
[ 1332.684818]  ? __pfx_dd_bio_merge+0x10/0x10
[ 1332.685035]  ? __pfx_wbt_wait+0x10/0x10
[ 1332.685235]  __rq_qos_throttle+0x5f/0xb0
[ 1332.685441]  blk_mq_submit_bio+0x9cf/0x24a0
[ 1332.685656]  ? __kasan_check_read+0x15/0x20
[ 1332.685878]  ? __pfx_blk_mq_submit_bio+0x10/0x10
[ 1332.686115]  ? __pfx_mark_lock.part.0+0x10/0x10
[ 1332.686346]  ? ext4_alloc_da_blocks+0x1e4/0x290
[ 1332.686579]  ? ext4_rename+0x1791/0x2ad0
[ 1332.686789]  ? __this_cpu_preempt_check+0x21/0x30
[ 1332.687030]  ? lock_release+0x441/0x870
[ 1332.687234]  __submit_bio+0x18d/0x500
[ 1332.687443]  ? __pfx___submit_bio+0x10/0x10
[ 1332.687661]  ? __this_cpu_preempt_check+0x21/0x30
[ 1332.687901]  ? seqcount_lockdep_reader_access.constprop.0+0xb4/0xd0
[ 1332.688218]  ? __sanitizer_cov_trace_const_cmp1+0x1e/0x30
[ 1332.688490]  ? kvm_clock_get_cycles+0x43/0x70
[ 1332.688722]  submit_bio_noacct_nocheck+0x6a0/0xcc0
[ 1332.688971]  ? __pfx_submit_bio_noacct_nocheck+0x10/0x10
[ 1332.689250]  submit_bio_noacct+0x633/0x1d70
[ 1332.689473]  submit_bio+0xce/0x480
[ 1332.689658]  ext4_io_submit+0xb0/0x150
[ 1332.689855]  ext4_do_writepages+0x11a8/0x2f20
[ 1332.690100]  ? __pfx_ext4_do_writepages+0x10/0x10
[ 1332.690345]  ? __this_cpu_preempt_check+0x21/0x30
[ 1332.690587]  ? lock_is_held_type+0xef/0x150
[ 1332.690807]  ext4_writepages+0x35c/0x7c0
[ 1332.691012]  ? __pfx_ext4_writepages+0x10/0x10
[ 1332.691243]  ? lock_release+0x441/0x870
[ 1332.691467]  ? do_raw_spin_unlock+0x15c/0x210
[ 1332.691693]  ? __pfx_ext4_writepages+0x10/0x10
[ 1332.691924]  do_writepages+0x1c3/0x8a0
[ 1332.692123]  ? __pfx_lock_release+0x10/0x10
[ 1332.692338]  ? __pfx_do_writepages+0x10/0x10
[ 1332.692561]  ? do_raw_spin_unlock+0x15c/0x210
[ 1332.692788]  ? _raw_spin_unlock+0x31/0x60
[ 1332.692994]  ? __sanitizer_cov_trace_const_cmp8+0x1c/0x30
[ 1332.693264]  ? wbc_attach_and_unlock_inode+0x5a9/0x950
[ 1332.693530]  filemap_fdatawrite_wbc+0x15a/0x1c0
[ 1332.693762]  __filemap_fdatawrite_range+0xd7/0x120
[ 1332.694009]  ? __pfx___filemap_fdatawrite_range+0x10/0x10
[ 1332.694313]  ? debug_smp_processor_id+0x20/0x30
[ 1332.694547]  filemap_flush+0x2d/0x40
[ 1332.694736]  ext4_alloc_da_blocks+0x1e4/0x290
[ 1332.694963]  ext4_rename+0x1791/0x2ad0
[ 1332.695164]  ? __pfx_ext4_rename+0x10/0x10
[ 1332.695418]  ? down_write_nested+0x15a/0x210
[ 1332.695640]  ? __pfx_down_write_nested+0x10/0x10
[ 1332.695881]  ext4_rename2+0x1e3/0x2a0
[ 1332.696075]  ? __pfx_ext4_rename2+0x10/0x10
[ 1332.696291]  vfs_rename+0x1176/0x1a80
[ 1332.696492]  ? __pfx_vfs_rename+0x10/0x10
[ 1332.696703]  ? __sanitizer_cov_trace_const_cmp4+0x1a/0x20
[ 1332.696974]  ? lookup_dcache+0x72/0x150
[ 1332.697175]  ? __sanitizer_cov_trace_const_cmp4+0x1a/0x20
[ 1332.697445]  ? security_path_rename+0x166/0x240
[ 1332.697683]  do_renameat2+0xb57/0xd70
[ 1332.697882]  ? __pfx_do_renameat2+0x10/0x10
[ 1332.698098]  ? __sanitizer_cov_trace_const_cmp4+0x1a/0x20
[ 1332.698369]  ? __virt_addr_valid+0x10a/0x5f0
[ 1332.698592]  ? __check_object_size+0x43/0x8f0
[ 1332.698821]  ? __sanitizer_cov_trace_const_cmp8+0x1c/0x30
[ 1332.699107]  __x64_sys_rename+0x87/0xb0
[ 1332.699312]  x64_sys_call+0x1eb4/0x20d0
[ 1332.699521]  do_syscall_64+0x6d/0x140
[ 1332.699717]  entry_SYSCALL_64_after_hwframe+0x76/0x7e
[ 1332.699972] RIP: 0033:0x7f438087068b
[ 1332.700161] RSP: 002b:00007f437f9feb78 EFLAGS: 00000246 ORIG_RAX: 0000000000000052
[ 1332.700536] RAX: ffffffffffffffda RBX: 00007f43700134f0 RCX: 00007f438087068b
[ 1332.700886] RDX: 00000000ffffffff RSI: 000055ced4432550 RDI: 00007f437f9feb80
[ 1332.701236] RBP: 00007f4370000c10 R08: 0000000000000000 R09: 0000000000000000
[ 1332.701587] R10: 0000000000000008 R11: 0000000000000246 R12: 00007f437f9feb80
[ 1332.701937] R13: 00007f437f9ffc18 R14: 00007f437f9ffc20 R15: 00007f4370013510
[ 1332.702300]  </TASK>
[ 1332.702430] 
[ 1332.702430] Showing all locks held in the system:
[ 1332.702739] 1 lock held by khungtaskd/33:
[ 1332.702942]  #0: ffffffff86e5c360 (rcu_read_lock){....}-{1:2}, at: debug_show_all_locks+0x71/0x370
[ 1332.703414] 3 locks held by kworker/u8:3/52:
[ 1332.703631]  #0: ffff88800db95148 ((wq_completion)writeback){+.+.}-{0:0}, at: process_one_work+0x11e1/0x1af0
[ 1332.704126]  #1: ffff88800ec27d78 ((work_completion)(&(&wb->dwork)->work)){+.+.}-{0:0}, at: process_one_work+0x8a0/0x1af0
[ 1332.704669]  #2: ffff88800d3760e0 (&type->s_umount_key#52){.+.+}-{3:3}, at: super_trylock_shared+0x2b/0x110
[ 1332.705162] 4 locks held by kworker/0:3/156:
[ 1332.705379]  #0: ffff88800d05ad48 ((wq_completion)events){+.+.}-{0:0}, at: process_one_work+0x11e1/0x1af0
[ 1332.705858]  #1: ffff88801456fd78 ((work_completion)(&(&ap->scsi_rescan_task)->work)){+.+.}-{0:0}, at: process_one_work+0x8a0/0x1af0
[ 1332.706451]  #2: ffff88800fec4430 (&ap->scsi_scan_mutex){+.+.}-{3:3}, at: ata_scsi_dev_rescan+0x42/0x470
[ 1332.706929]  #3: ffff88800fe84378 (&dev->mutex){....}-{3:3}, at: scsi_rescan_device+0x33/0x360
[ 1332.707371] 5 locks held by in:imjournal/325:
[ 1332.707606]  #0: ffff88801215c408 (sb_writers#3){.+.+}-{0:0}, at: do_renameat2+0x39f/0xd70
[ 1332.708026]  #1: ffff88801afbe708 (&type->i_mutex_dir_key#3/1){+.+.}-{3:3}, at: do_renameat2+0xc51/0xd70
[ 1332.708506]  #2: ffff888023b2d338 (&sb->s_type->i_mutex_key#8){++++}-{3:3}, at: lock_two_nondirectories+0x117/0x1f0
[ 1332.709033]  #3: ffff888023b2f0f0 (&sb->s_type->i_mutex_key#8/4){+.+.}-{3:3}, at: lock_two_nondirectories+0x176/0x1f0
[ 1332.709567]  #4: ffff88801215ab98 (&sbi->s_writepages_rwsem){++++}-{0:0}, at: do_writepages+0x1c3/0x8a0
[ 1332.710040] 
[ 1332.710126] =============================================
[ 1332.710126] 
[ 1342.439653] ata1: lost interrupt (Status 0x58)
[ 1342.755562] ata1: found unknown device (class 0)
[ 1352.951516] ata1: lost interrupt (Status 0x58)
[ 1353.267645] ata1: found unknown device (class 0)
[ 1363.447577] ata1: lost interrupt (Status 0x58)
[ 1363.775591] ata1: found unknown device (class 0)
[ 1373.927626] ata1: lost interrupt (Status 0x58)
[ 1374.243614] ata1: found unknown device (class 0)
[ 1384.439629] ata1: lost interrupt (Status 0x58)
[ 1384.755533] ata1: found unknown device (class 0)
[ 1394.935697] ata1: lost interrupt (Status 0x58)
[ 1395.255721] ata1: found unknown device (class 0)
[ 1405.427705] ata1: lost interrupt (Status 0x58)
[ 1405.743693] ata1: found unknown device (class 0)
[ 1415.911678] ata1: lost interrupt (Status 0x58)
[ 1416.227760] ata1: found unknown device (class 0)
[ 1426.423613] ata1: lost interrupt (Status 0x58)
[ 1426.751676] ata1: found unknown device (class 0)
[ 1436.915432] ata1: lost interrupt (Status 0x58)
[ 1437.235766] ata1: found unknown device (class 0)
[ 1447.399640] ata1: lost interrupt (Status 0x58)
[ 1447.715688] ata1: found unknown device (class 0)
[ 1457.911610] ata1: lost interrupt (Status 0x58)
[ 1458.231720] ata1: found unknown device (class 0)
[ 1468.399433] ata1: lost interrupt (Status 0x58)
[ 1468.719626] ata1: found unknown device (class 0)
[ 1478.903530] ata1: lost interrupt (Status 0x58)
[ 1479.219585] ata1: found unknown device (class 0)
[ 1489.383605] ata1: lost interrupt (Status 0x58)
[ 1489.699685] ata1: found unknown device (class 0)
[ 1499.895690] ata1: lost interrupt (Status 0x58)
[ 1500.215732] ata1: found unknown device (class 0)
[ 1510.375520] ata1: lost interrupt (Status 0x58)
[ 1510.691678] ata1: found unknown device (class 0)
[ 1520.871654] ata1: lost interrupt (Status 0x58)
[ 1521.187696] ata1: found unknown device (class 0)
[ 1531.367441] ata1: lost interrupt (Status 0x58)
[ 1531.683705] ata1: found unknown device (class 0)
[ 1541.863680] ata1: lost interrupt (Status 0x58)
[ 1542.179690] ata1: found unknown device (class 0)
[ 1552.375527] ata1: lost interrupt (Status 0x58)
[ 1552.691700] ata1: found unknown device (class 0)
[ 1562.871532] ata1: lost interrupt (Status 0x58)
[ 1563.191606] ata1: found unknown device (class 0)
[ 1573.351647] ata1: lost interrupt (Status 0x58)
[ 1573.667685] ata1: found unknown device (class 0)
[ 1583.847568] ata1: lost interrupt (Status 0x58)
[ 1584.163602] ata1: found unknown device (class 0)
[ 1594.359628] ata1: lost interrupt (Status 0x58)
[ 1594.675685] ata1: found unknown device (class 0)
[ 1604.839685] ata1: lost interrupt (Status 0x58)
[ 1605.163603] ata1: found unknown device (class 0)
[ 1615.351627] ata1: lost interrupt (Status 0x58)
[ 1615.667674] ata1: found unknown device (class 0)
[ 1625.847514] ata1: lost interrupt (Status 0x58)
[ 1626.163713] ata1: found unknown device (class 0)
[ 1636.335596] ata1: lost interrupt (Status 0x58)
[ 1636.651625] ata1: found unknown device (class 0)
[ 1646.823713] ata1: lost interrupt (Status 0x58)
[ 1647.139639] ata1: found unknown device (class 0)
[ 1657.319683] ata1: lost interrupt (Status 0x58)
[ 1657.639743] ata1: found unknown device (class 0)
[ 1667.831449] ata1: lost interrupt (Status 0x58)
[ 1668.147738] ata1: found unknown device (class 0)
[ 1678.327660] ata1: lost interrupt (Status 0x58)
[ 1678.643616] ata1: found unknown device (class 0)
[ 1688.815587] ata1: lost interrupt (Status 0x58)
[ 1689.131628] ata1: found unknown device (class 0)
[ 1699.319680] ata1: lost interrupt (Status 0x58)
[ 1699.639756] ata1: found unknown device (class 0)
[ 1709.815614] ata1: lost interrupt (Status 0x58)
[ 1710.131608] ata1: found unknown device (class 0)
[ 1720.311691] ata1: lost interrupt (Status 0x58)
[ 1720.627745] ata1: found unknown device (class 0)
[ 1730.807463] ata1: lost interrupt (Status 0x58)
[ 1731.123675] ata1: found unknown device (class 0)
[ 1741.299660] ata1: lost interrupt (Status 0x58)
[ 1741.619538] ata1: found unknown device (class 0)
[ 1751.799516] ata1: lost interrupt (Status 0x58)
[ 1752.115688] ata1: found unknown device (class 0)
[ 1762.279633] ata1: lost interrupt (Status 0x58)
[ 1762.595669] ata1: found unknown device (class 0)
[ 1772.775640] ata1: lost interrupt (Status 0x58)
[ 1773.091610] ata1: found unknown device (class 0)
[ 1783.271497] ata1: lost interrupt (Status 0x58)
[ 1783.595573] ata1: found unknown device (class 0)
[ 1793.783667] ata1: lost interrupt (Status 0x58)
[ 1794.111578] ata1: found unknown device (class 0)
[ 1804.263525] ata1: lost interrupt (Status 0x58)
[ 1804.579611] ata1: found unknown device (class 0)
[ 1814.771652] ata1: lost interrupt (Status 0x58)
[ 1815.087678] ata1: found unknown device (class 0)
[ 1825.271608] ata1: lost interrupt (Status 0x58)
[ 1825.591735] ata1: found unknown device (class 0)
[ 1835.763613] ata1: lost interrupt (Status 0x58)
[ 1836.091770] ata1: found unknown device (class 0)
[ 1846.247573] ata1: lost interrupt (Status 0x58)
[ 1846.567653] ata1: found unknown device (class 0)
[ 1856.759650] ata1: lost interrupt (Status 0x58)
[ 1857.075594] ata1: found unknown device (class 0)
[ 1867.251688] ata1: lost interrupt (Status 0x58)
[ 1867.567741] ata1: found unknown device (class 0)
[ 1877.735523] ata1: lost interrupt (Status 0x58)
[ 1878.051628] ata1: found unknown device (class 0)
[ 1888.247633] ata1: lost interrupt (Status 0x58)
[ 1888.563704] ata1: found unknown device (class 0)
[ 1898.727641] ata1: lost interrupt (Status 0x58)
[ 1899.043672] ata1: found unknown device (class 0)
[ 1909.239665] ata1: lost interrupt (Status 0x58)
[ 1909.559608] ata1: found unknown device (class 0)
[ 1919.727483] ata1: lost interrupt (Status 0x58)
[ 1920.051629] ata1: found unknown device (class 0)
[ 1930.219495] ata1: lost interrupt (Status 0x58)
[ 1930.535608] ata1: found unknown device (class 0)
[ 1940.727680] ata1: lost interrupt (Status 0x58)
[ 1941.047608] ata1: found unknown device (class 0)
[ 1951.219641] ata1: lost interrupt (Status 0x58)
[ 1951.535761] ata1: found unknown device (class 0)
[ 1961.719635] ata1: lost interrupt (Status 0x58)
[ 1962.043589] ata1: found unknown device (class 0)
[ 1972.215666] ata1: lost interrupt (Status 0x58)
[ 1972.539696] ata1: found unknown device (class 0)
[ 1982.711431] ata1: lost interrupt (Status 0x58)
[ 1983.027585] ata1: found unknown device (class 0)
[ 1993.207697] ata1: lost interrupt (Status 0x58)
[ 1993.531704] ata1: found unknown device (class 0)
[ 2003.703521] ata1: lost interrupt (Status 0x58)
[ 2004.019627] ata1: found unknown device (class 0)
[ 2014.199523] ata1: lost interrupt (Status 0x58)
[ 2014.515602] ata1: found unknown device (class 0)
[ 2024.695615] ata1: lost interrupt (Status 0x58)
[ 2025.011674] ata1: found unknown device (class 0)
[ 2035.191491] ata1: lost interrupt (Status 0x58)
[ 2035.503553] ata1: found unknown device (class 0)
[ 2045.671675] ata1: lost interrupt (Status 0x58)
[ 2045.987699] ata1: found unknown device (class 0)
[ 2056.183526] ata1: lost interrupt (Status 0x58)
[ 2056.499701] ata1: found unknown device (class 0)
[ 2066.671537] ata1: lost interrupt (Status 0x58)
[ 2066.987739] ata1: found unknown device (class 0)
[ 2077.175684] ata1: lost interrupt (Status 0x58)
[ 2077.487680] ata1: found unknown device (class 0)
[ 2087.671523] ata1: lost interrupt (Status 0x58)
[ 2087.991738] ata1: found unknown device (class 0)
[ 2098.159505] ata1: lost interrupt (Status 0x58)
[ 2098.479670] ata1: found unknown device (class 0)
[ 2108.647595] ata1: lost interrupt (Status 0x58)
[ 2108.963712] ata1: found unknown device (class 0)
[ 2119.159578] ata1: lost interrupt (Status 0x58)
