c[?7l[2J[0mSeaBIOS (version rel-1.16.0-0-gd239552ce722-prebuilt.qemu.org)


iPXE (http://ipxe.org) 00:03.0 CA00 PCI2.10 PnP PMM+7FF91000+7FEF1000 CA00
Press Ctrl-B to configure iPXE (PCI 00:03.0)...                                                                               


Booting from ROM..c[?7l[2J[0m.[    0.000000] Linux version 6.10.0-b3ce7a30847a+ (root@p-adls01) (gcc (GCC) 11.5.0 20240719 (Red Hat 11.5.0-2), GNU ld version 2.35.2-54.el9) #1 SMP PREEMPT_DYNAMIC Tue Oct  1 12:50:02 CST 2024
[    0.000000] Command line: console=ttyS0 root=/dev/sda earlyprintk=serial net.ifnames=0 plymouth.enable=0
[    0.000000] KERNEL supported cpus:
[    0.000000]   Intel GenuineIntel
[    0.000000]   AMD AuthenticAMD
[    0.000000]   Hygon HygonGenuine
[    0.000000]   Centaur CentaurHauls
[    0.000000]   zhaoxin   Shanghai  
[    0.000000] BIOS-provided physical RAM map:
[    0.000000] BIOS-e820: [mem 0x0000000000000000-0x000000000009fbff] usable
[    0.000000] BIOS-e820: [mem 0x000000000009fc00-0x000000000009ffff] reserved
[    0.000000] BIOS-e820: [mem 0x00000000000f0000-0x00000000000fffff] reserved
[    0.000000] BIOS-e820: [mem 0x0000000000100000-0x000000007ffdffff] usable
[    0.000000] BIOS-e820: [mem 0x000000007ffe0000-0x000000007fffffff] reserved
[    0.000000] BIOS-e820: [mem 0x00000000feffc000-0x00000000feffffff] reserved
[    0.000000] BIOS-e820: [mem 0x00000000fffc0000-0x00000000ffffffff] reserved
[    0.000000] printk: legacy bootconsole [earlyser0] enabled
[    0.000000] NX (Execute Disable) protection: active
[    0.000000] APIC: Static calls initialized
[    0.000000] SMBIOS 2.8 present.
[    0.000000] DMI: QEMU Standard PC (i440FX + PIIX, 1996), BIOS rel-1.16.0-0-gd239552ce722-prebuilt.qemu.org 04/01/2014
[    0.000000] DMI: Memory slots populated: 1/1
[    0.000000] Hypervisor detected: KVM
[    0.000000] kvm-clock: Using msrs 4b564d01 and 4b564d00
[    0.000002] kvm-clock: using sched offset of 696589039 cycles
[    0.000381] clocksource: kvm-clock: mask: 0xffffffffffffffff max_cycles: 0x1cd42e4dffb, max_idle_ns: 881590591483 ns
[    0.001561] tsc: Detected 3609.600 MHz processor
[    0.008074] last_pfn = 0x7ffe0 max_arch_pfn = 0x400000000
[    0.008519] MTRR map: 4 entries (3 fixed + 1 variable; max 19), built from 8 variable MTRRs
[    0.009109] x86/PAT: Configuration [0-7]: WB  WC  UC- UC  WB  WP  UC- WT  
[    0.018266] found SMP MP-table at [mem 0x000f5ba0-0x000f5baf]
[    0.018733] Using GB pages for direct mapping
[    0.021335] ACPI: Early table checksum verification disabled
[    0.021775] ACPI: RSDP 0x00000000000F59C0 000014 (v00 BOCHS )
[    0.022193] ACPI: RSDT 0x000000007FFE1951 000034 (v01 BOCHS  BXPC     00000001 BXPC 00000001)
[    0.022810] ACPI: FACP 0x000000007FFE17FD 000074 (v01 BOCHS  BXPC     00000001 BXPC 00000001)
[    0.023428] ACPI: DSDT 0x000000007FFE0040 0017BD (v01 BOCHS  BXPC     00000001 BXPC 00000001)
[    0.024039] ACPI: FACS 0x000000007FFE0000 000040
[    0.024375] ACPI: APIC 0x000000007FFE1871 000080 (v01 BOCHS  BXPC     00000001 BXPC 00000001)
[    0.024986] ACPI: HPET 0x000000007FFE18F1 000038 (v01 BOCHS  BXPC     00000001 BXPC 00000001)
[    0.025596] ACPI: WAET 0x000000007FFE1929 000028 (v01 BOCHS  BXPC     00000001 BXPC 00000001)
[    0.026204] ACPI: Reserving FACP table memory at [mem 0x7ffe17fd-0x7ffe1870]
[    0.026706] ACPI: Reserving DSDT table memory at [mem 0x7ffe0040-0x7ffe17fc]
[    0.027203] ACPI: Reserving FACS table memory at [mem 0x7ffe0000-0x7ffe003f]
[    0.027698] ACPI: Reserving APIC table memory at [mem 0x7ffe1871-0x7ffe18f0]
[    0.028192] ACPI: Reserving HPET table memory at [mem 0x7ffe18f1-0x7ffe1928]
[    0.028688] ACPI: Reserving WAET table memory at [mem 0x7ffe1929-0x7ffe1950]
[    0.029615] No NUMA configuration found
[    0.029888] Faking a node at [mem 0x0000000000000000-0x000000007ffdffff]
[    0.030385] NODE_DATA(0) allocated [mem 0x7ffb4e00-0x7ffdfdff]
[    0.032235] Zone ranges:
[    0.032417]   DMA      [mem 0x0000000000001000-0x0000000000ffffff]
[    0.032857]   DMA32    [mem 0x0000000001000000-0x000000007ffdffff]
[    0.033294]   Normal   empty
[    0.033502]   Device   empty
[    0.033710] Movable zone start for each node
[    0.034016] Early memory node ranges
[    0.034269]   node   0: [mem 0x0000000000001000-0x000000000009efff]
[    0.034714]   node   0: [mem 0x0000000000100000-0x000000007ffdffff]
[    0.035158] Initmem setup node 0 [mem 0x0000000000001000-0x000000007ffdffff]
[    0.036226] On node 0, zone DMA: 1 pages in unavailable ranges
[    0.036916] On node 0, zone DMA: 97 pages in unavailable ranges
[    0.085873] On node 0, zone DMA32: 32 pages in unavailable ranges
[    0.261236] kasan: KernelAddressSanitizer initialized
[    0.261864] ACPI: PM-Timer IO Port: 0x608
[    0.262177] ACPI: LAPIC_NMI (acpi_id[0xff] dfl dfl lint[0x1])
[    0.262643] IOAPIC[0]: apic_id 0, version 17, address 0xfec00000, GSI 0-23
[    0.263151] ACPI: INT_SRC_OVR (bus 0 bus_irq 0 global_irq 2 dfl dfl)
[    0.263602] ACPI: INT_SRC_OVR (bus 0 bus_irq 5 global_irq 5 high level)
[    0.264068] ACPI: INT_SRC_OVR (bus 0 bus_irq 9 global_irq 9 high level)
[    0.264535] ACPI: INT_SRC_OVR (bus 0 bus_irq 10 global_irq 10 high level)
[    0.265014] ACPI: INT_SRC_OVR (bus 0 bus_irq 11 global_irq 11 high level)
[    0.265503] ACPI: Using ACPI (MADT) for SMP configuration information
[    0.265956] ACPI: HPET id: 0x8086a201 base: 0xfed00000
[    0.266329] TSC deadline timer available
[    0.266611] CPU topo: Max. logical packages:   1
[    0.266936] CPU topo: Max. logical dies:       1
[    0.267261] CPU topo: Max. dies per package:   1
[    0.267589] CPU topo: Max. threads per core:   1
[    0.267914] CPU topo: Num. cores per package:     2
[    0.268258] CPU topo: Num. threads per package:   2
[    0.268600] CPU topo: Allowing 2 present CPUs plus 0 hotplug CPUs
[    0.269073] kvm-guest: APIC: eoi() replaced with kvm_guest_apic_eoi_write()
[    0.269587] kvm-guest: KVM setup pv remote TLB flush
[    0.269937] kvm-guest: setup PV sched yield
[    0.270267] PM: hibernation: Registered nosave memory: [mem 0x00000000-0x00000fff]
[    0.270805] PM: hibernation: Registered nosave memory: [mem 0x0009f000-0x0009ffff]
[    0.271336] PM: hibernation: Registered nosave memory: [mem 0x000a0000-0x000effff]
[    0.271866] PM: hibernation: Registered nosave memory: [mem 0x000f0000-0x000fffff]
[    0.272400] [mem 0x80000000-0xfeffbfff] available for PCI devices
[    0.272830] Booting paravirtualized kernel on KVM
[    0.273164] clocksource: refined-jiffies: mask: 0xffffffff max_cycles: 0xffffffff, max_idle_ns: 7645519600211568 ns
[    0.273907] setup_percpu: NR_CPUS:8192 nr_cpumask_bits:2 nr_cpu_ids:2 nr_node_ids:1
[    0.276029] percpu: Embedded 84 pages/cpu s307200 r8192 d28672 u1048576
[    0.276630] kvm-guest: PV spinlocks enabled
[    0.276934] PV qspinlock hash table entries: 256 (order: 0, 4096 bytes, linear)
[    0.277461] Kernel command line: net.ifnames=0 console=ttyS0 root=/dev/sda earlyprintk=serial net.ifnames=0 plymouth.enable=0
[    0.278480] random: crng init done
[    0.279773] Dentry cache hash table entries: 262144 (order: 9, 2097152 bytes, linear)
[    0.281138] Inode-cache hash table entries: 131072 (order: 8, 1048576 bytes, linear)
[    0.281926] Fallback order for Node 0: 0 
[    0.281936] Built 1 zonelists, mobility grouping on.  Total pages: 524158
[    0.282668] Policy zone: DMA32
[    0.282878] mem auto-init: stack:off, heap alloc:off, heap free:off
[    0.283302] stackdepot: allocating hash table via alloc_large_system_hash
[    0.283765] stackdepot hash table entries: 1048576 (order: 12, 16777216 bytes, linear)
[    0.339546] Memory: 1563724K/2096632K available (75776K kernel code, 14465K rwdata, 17176K rodata, 15320K init, 68228K bss, 532652K reserved, 0K cma-reserved)
[    0.341916] SLUB: HWalign=64, Order=0-3, MinObjects=0, CPUs=2, Nodes=1
[    0.342367] kmemleak: Kernel memory leak detector disabled
[    0.342902] ftrace: allocating 71949 entries in 282 pages
[    0.362578] ftrace: allocated 282 pages with 4 groups
[    0.366096] Dynamic Preempt: voluntary
[    0.366965] Running RCU self tests
[    0.367204] Running RCU synchronous self tests
[    0.367520] rcu: Preemptible hierarchical RCU implementation.
[    0.367918] rcu: 	RCU lockdep checking is enabled.
[    0.368249] rcu: 	RCU restricting CPUs from NR_CPUS=8192 to nr_cpu_ids=2.
[    0.368719] 	Trampoline variant of Tasks RCU enabled.
[    0.369069] 	Rude variant of Tasks RCU enabled.
[    0.369382] 	Tracing variant of Tasks RCU enabled.
[    0.369714] rcu: RCU calculated value of scheduler-enlistment delay is 25 jiffies.
[    0.370236] rcu: Adjusting geometry for rcu_fanout_leaf=16, nr_cpu_ids=2
[    0.370765] Running RCU synchronous self tests
[    0.371075] RCU Tasks: Setting shift to 1 and lim to 1 rcu_task_cb_adjust=1.
[    0.371564] RCU Tasks Rude: Setting shift to 1 and lim to 1 rcu_task_cb_adjust=1.
[    0.372084] RCU Tasks Trace: Setting shift to 1 and lim to 1 rcu_task_cb_adjust=1.
[    0.412603] NR_IRQS: 524544, nr_irqs: 440, preallocated irqs: 16
[    0.413625] rcu: srcu_init: Setting srcu_struct sizes based on contention.
[    0.420684] Console: colour VGA+ 80x25
[    0.421006] printk: legacy console [ttyS0] enabled
[    0.421006] printk: legacy console [ttyS0] enabled
[    0.421673] printk: legacy bootconsole [earlyser0] disabled
[    0.421673] printk: legacy bootconsole [earlyser0] disabled
[    0.422463] Lock dependency validator: Copyright (c) 2006 Red Hat, Inc., Ingo Molnar
[    0.422999] ... MAX_LOCKDEP_SUBCLASSES:  8
[    0.423288] ... MAX_LOCK_DEPTH:          48
[    0.423583] ... MAX_LOCKDEP_KEYS:        8192
[    0.423890] ... CLASSHASH_SIZE:          4096
[    0.424197] ... MAX_LOCKDEP_ENTRIES:     524288
[    0.424516] ... MAX_LOCKDEP_CHAINS:      524288
[    0.424835] ... CHAINHASH_SIZE:          262144
[    0.425153]  memory used by lock dependency info: 54145 kB
[    0.425537]  memory used for stack traces: 4224 kB
[    0.425873]  per task-struct memory footprint: 1920 bytes
[    0.426363] ACPI: Core revision 20240322
[    0.427159] clocksource: hpet: mask: 0xffffffff max_cycles: 0xffffffff, max_idle_ns: 19112604467 ns
[    0.427997] APIC: Switch to symmetric I/O mode setup
[    0.428486] x2apic enabled
[    0.429026] APIC: Switched APIC routing to: physical x2apic
[    0.429421] kvm-guest: APIC: send_IPI_mask() replaced with kvm_send_ipi_mask()
[    0.429935] kvm-guest: APIC: send_IPI_mask_allbutself() replaced with kvm_send_ipi_mask_allbutself()
[    0.430578] kvm-guest: setup PV IPIs
[    0.431942] ..TIMER: vector=0x30 apic1=0 pin1=2 apic2=-1 pin2=-1
[    0.432413] clocksource: tsc-early: mask: 0xffffffffffffffff max_cycles: 0x3407c077a8d, max_idle_ns: 440795342283 ns
[    0.433161] Calibrating delay loop (skipped) preset value.. 7219.20 BogoMIPS (lpj=14438400)
[    0.433831] x86/cpu: User Mode Instruction Prevention (UMIP) activated
[    0.434375] Last level iTLB entries: 4KB 0, 2MB 0, 4MB 0
[    0.434751] Last level dTLB entries: 4KB 0, 2MB 0, 4MB 0, 1GB 0
[    0.435178] Spectre V1 : Mitigation: usercopy/swapgs barriers and __user pointer sanitization
[    0.435770] Spectre V2 : WARNING: Unprivileged eBPF is enabled with eIBRS on, data leaks possible via Spectre v2 BHB attacks!
[    0.437192] Spectre V2 : Spectre BHI mitigation: SW BHB clearing on syscall and VM exit
[    0.437758] Spectre V2 : Mitigation: Enhanced / Automatic IBRS
[    0.438170] Spectre V2 : Spectre v2 / SpectreRSB mitigation: Filling RSB on context switch
[    0.438748] Spectre V2 : Spectre v2 / PBRSB-eIBRS: Retire a single CALL on VMEXIT
[    0.439285] Spectre V2 : mitigation: Enabling conditional Indirect Branch Prediction Barrier
[    0.439879] Speculative Store Bypass: Mitigation: Speculative Store Bypass disabled via prctl
[    0.441151] Register File Data Sampling: Vulnerable: No microcode
[    0.441609] x86/fpu: Supporting XSAVE feature 0x001: 'x87 floating point registers'
[    0.442163] x86/fpu: Supporting XSAVE feature 0x002: 'SSE registers'
[    0.442624] x86/fpu: Supporting XSAVE feature 0x004: 'AVX registers'
[    0.443086] x86/fpu: Supporting XSAVE feature 0x200: 'Protection Keys User registers'
[    0.443659] x86/fpu: xstate_offset[2]:  576, xstate_sizes[2]:  256
[    0.444110] x86/fpu: xstate_offset[9]:  832, xstate_sizes[9]:    8
[    0.444560] x86/fpu: Enabled xstate features 0x207, context size is 840 bytes, using 'compacted' format.
[    0.563505] Freeing SMP alternatives memory: 56K
[    0.563929] pid_max: default: 32768 minimum: 301
[    0.564553] LSM: initializing lsm=capability,yama,ima,evm
[    0.565000] Yama: becoming mindful.
[    0.565541] Mount-cache hash table entries: 4096 (order: 3, 32768 bytes, linear)
[    0.566096] Mountpoint-cache hash table entries: 4096 (order: 3, 32768 bytes, linear)
[    0.569310] Running RCU synchronous self tests
[    0.569655] Running RCU synchronous self tests
[    0.570428] smpboot: CPU0: 12th Gen Intel(R) Core(TM) i7-12700K (family: 0x6, model: 0x97, stepping: 0x2)
[    0.572377] Running RCU Tasks wait API self tests
[    0.673285] Running RCU Tasks Rude wait API self tests
[    0.674013] Running RCU Tasks Trace wait API self tests
[    0.674678] Performance Events: unsupported p6 CPU model 151 no PMU driver, software events only.
[    0.675789] signal: max sigframe size: 3632
[    0.676568] rcu: Hierarchical SRCU implementation.
[    0.677126] rcu: 	Max phase no-delay instances is 1000.
[    0.681279] Callback from call_rcu_tasks_trace() invoked.
[    0.682744] NMI watchdog: Perf NMI watchdog permanently disabled
[    0.683798] smp: Bringing up secondary CPUs ...
[    0.685638] smpboot: x86: Booting SMP configuration:
[    0.686230] .... node  #0, CPUs:      #1
[    0.686414] smp: Brought up 1 node, 2 CPUs
[    0.686414] smpboot: Total of 2 processors activated (14438.40 BogoMIPS)
[    0.691229] devtmpfs: initialized
[    0.691229] x86/mm: Memory block size: 128MB
[    0.706274] Running RCU synchronous self tests
[    0.706840] Running RCU synchronous self tests
[    0.707385] clocksource: jiffies: mask: 0xffffffff max_cycles: 0xffffffff, max_idle_ns: 7645041785100000 ns
[    0.707385] futex hash table entries: 512 (order: 4, 65536 bytes, linear)
[    0.710043] pinctrl core: initialized pinctrl subsystem
[    0.713190] 
[    0.713190] *************************************************************
[    0.713190] **     NOTICE NOTICE NOTICE NOTICE NOTICE NOTICE NOTICE    **
[    0.713190] **                                                         **
[    0.713190] **  IOMMU DebugFS SUPPORT HAS BEEN ENABLED IN THIS KERNEL  **
[    0.713680] **                                                         **
[    0.714207] ** This means that this kernel is built to expose internal **
[    0.714720] ** IOMMU data structures, which may compromise security on **
[    0.715232] ** your system.                                            **
[    0.715744] **                                                         **
[    0.716256] ** If you see this message and you are not debugging the   **
[    0.716767] ** kernel, report this immediately to your vendor!         **
[    0.717152] **                                                         **
[    0.717665] **     NOTICE NOTICE NOTICE NOTICE NOTICE NOTICE NOTICE    **
[    0.718183] *************************************************************
[    0.718762] PM: RTC time: 06:15:36, date: 2024-10-18
[    0.722587] NET: Registered PF_NETLINK/PF_ROUTE protocol family
[    0.724442] DMA: preallocated 256 KiB GFP_KERNEL pool for atomic allocations
[    0.724989] DMA: preallocated 256 KiB GFP_KERNEL|GFP_DMA pool for atomic allocations
[    0.725175] DMA: preallocated 256 KiB GFP_KERNEL|GFP_DMA32 pool for atomic allocations
[    0.725873] audit: initializing netlink subsys (disabled)
[    0.726328] audit: type=2000 audit(1729232136.566:1): state=initialized audit_enabled=0 res=1
[    0.730986] thermal_sys: Registered thermal governor 'fair_share'
[    0.730994] thermal_sys: Registered thermal governor 'bang_bang'
[    0.731461] thermal_sys: Registered thermal governor 'step_wise'
[    0.731916] thermal_sys: Registered thermal governor 'user_space'
[    0.732444] cpuidle: using governor ladder
[    0.733168] cpuidle: using governor menu
[    0.733737] acpiphp: ACPI Hot Plug PCI Controller Driver version: 0.5
[    0.735311] PCI: Using configuration type 1 for base access
[    0.736227] kprobes: kprobe jump-optimization is enabled. All kprobes are optimized if possible.
[    0.888266] HugeTLB: registered 1.00 GiB page size, pre-allocated 0 pages
[    0.888797] HugeTLB: 16380 KiB vmemmap can be freed for a 1.00 GiB page
[    0.889154] HugeTLB: registered 2.00 MiB page size, pre-allocated 0 pages
[    0.889642] HugeTLB: 28 KiB vmemmap can be freed for a 2.00 MiB page
[    0.890501] Callback from call_rcu_tasks_rude() invoked.
[    0.891591] Demotion targets for Node 0: null
[    0.895461] ACPI: Added _OSI(Module Device)
[    0.895783] ACPI: Added _OSI(Processor Device)
[    0.896110] ACPI: Added _OSI(3.0 _SCP Extensions)
[    0.896453] ACPI: Added _OSI(Processor Aggregator Device)
[    0.924299] ACPI: 1 ACPI AML tables successfully acquired and loaded
[    0.931925] ACPI: Interpreter enabled
[    0.932378] ACPI: PM: (supports S0 S3 S4 S5)
[    0.932695] ACPI: Using IOAPIC for interrupt routing
[    0.933165] PCI: Using host bridge windows from ACPI; if necessary, use "pci=nocrs" and report a bug
[    0.933820] PCI: Using E820 reservations for host bridge windows
[    0.936002] ACPI: Enabled 2 GPEs in block 00 to 0F
[    0.996034] ACPI: PCI Root Bridge [PCI0] (domain 0000 [bus 00-ff])
[    0.996556] acpi PNP0A03:00: _OSC: OS supports [ASPM ClockPM Segments MSI EDR HPX-Type3]
[    0.997153] acpi PNP0A03:00: _OSC: not requesting OS control; OS requires [ExtendedConfig ASPM ClockPM MSI]
[    0.998130] acpi PNP0A03:00: fail to add MMCONFIG information, can't access extended configuration space under this bridge
[    1.006253] acpiphp: Slot [3] registered
[    1.006771] acpiphp: Slot [4] registered
[    1.007280] acpiphp: Slot [5] registered
[    1.007797] acpiphp: Slot [6] registered
[    1.008319] acpiphp: Slot [7] registered
[    1.008843] acpiphp: Slot [8] registered
[    1.009364] acpiphp: Slot [9] registered
[    1.009872] acpiphp: Slot [10] registered
[    1.010653] acpiphp: Slot [11] registered
[    1.011187] acpiphp: Slot [12] registered
[    1.011699] acpiphp: Slot [13] registered
[    1.012214] acpiphp: Slot [14] registered
[    1.012740] acpiphp: Slot [15] registered
[    1.013254] acpiphp: Slot [16] registered
[    1.013768] acpiphp: Slot [17] registered
[    1.014279] acpiphp: Slot [18] registered
[    1.014821] acpiphp: Slot [19] registered
[    1.015339] acpiphp: Slot [20] registered
[    1.015847] acpiphp: Slot [21] registered
[    1.016364] acpiphp: Slot [22] registered
[    1.016898] acpiphp: Slot [23] registered
[    1.017367] acpiphp: Slot [24] registered
[    1.017882] acpiphp: Slot [25] registered
[    1.018390] acpiphp: Slot [26] registered
[    1.018921] acpiphp: Slot [27] registered
[    1.019436] acpiphp: Slot [28] registered
[    1.019950] acpiphp: Slot [29] registered
[    1.020458] acpiphp: Slot [30] registered
[    1.020992] acpiphp: Slot [31] registered
[    1.021268] PCI host bridge to bus 0000:00
[    1.021577] pci_bus 0000:00: root bus resource [io  0x0000-0x0cf7 window]
[    1.022076] pci_bus 0000:00: root bus resource [io  0x0d00-0xffff window]
[    1.022573] pci_bus 0000:00: root bus resource [mem 0x000a0000-0x000bffff window]
[    1.023122] pci_bus 0000:00: root bus resource [mem 0x80000000-0xfebfffff window]
[    1.023667] pci_bus 0000:00: root bus resource [mem 0x100000000-0x17fffffff window]
[    1.024226] pci_bus 0000:00: root bus resource [bus 00-ff]
[    1.024852] pci 0000:00:00.0: [8086:1237] type 00 class 0x060000 conventional PCI endpoint
[    1.043443] pci 0000:00:01.0: [8086:7000] type 00 class 0x060100 conventional PCI endpoint
[    1.045942] pci 0000:00:01.1: [8086:7010] type 00 class 0x010180 conventional PCI endpoint
[    1.047752] pci 0000:00:01.1: BAR 4 [io  0xc040-0xc04f]
[    1.048633] pci 0000:00:01.1: BAR 0 [io  0x01f0-0x01f7]: legacy IDE quirk
[    1.049127] pci 0000:00:01.1: BAR 1 [io  0x03f6]: legacy IDE quirk
[    1.049156] pci 0000:00:01.1: BAR 2 [io  0x0170-0x0177]: legacy IDE quirk
[    1.049648] pci 0000:00:01.1: BAR 3 [io  0x0376]: legacy IDE quirk
[    1.050715] pci 0000:00:01.3: [8086:7113] type 00 class 0x068000 conventional PCI endpoint
[    1.051648] pci 0000:00:01.3: quirk: [io  0x0600-0x063f] claimed by PIIX4 ACPI
[    1.052178] pci 0000:00:01.3: quirk: [io  0x0700-0x070f] claimed by PIIX4 SMB
[    1.053245] pci 0000:00:02.0: [1234:1111] type 00 class 0x030000 conventional PCI endpoint
[    1.057495] pci 0000:00:02.0: BAR 0 [mem 0xfd000000-0xfdffffff pref]
[    1.059742] pci 0000:00:02.0: BAR 2 [mem 0xfebf0000-0xfebf0fff]
[    1.063372] pci 0000:00:02.0: ROM [mem 0xfebe0000-0xfebeffff pref]
[    1.064239] pci 0000:00:02.0: Video device with shadowed ROM at [mem 0x000c0000-0x000dffff]
[    1.084032] pci 0000:00:03.0: [8086:100e] type 00 class 0x020000 conventional PCI endpoint
[    1.085155] pci 0000:00:03.0: BAR 0 [mem 0xfebc0000-0xfebdffff]
[    1.086073] pci 0000:00:03.0: BAR 1 [io  0xc000-0xc03f]
[    1.088728] pci 0000:00:03.0: ROM [mem 0xfeb80000-0xfebbffff pref]
[    1.120657] ACPI: PCI: Interrupt link LNKA configured for IRQ 10
[    1.122906] ACPI: PCI: Interrupt link LNKB configured for IRQ 10
[    1.125060] ACPI: PCI: Interrupt link LNKC configured for IRQ 11
[    1.126829] ACPI: PCI: Interrupt link LNKD configured for IRQ 11
[    1.127954] ACPI: PCI: Interrupt link LNKS configured for IRQ 9
[    1.132989] iommu: Default domain type: Translated
[    1.133155] iommu: DMA domain TLB invalidation policy: lazy mode
[    1.136992] SCSI subsystem initialized
[    1.138290] ACPI: bus type USB registered
[    1.138813] usbcore: registered new interface driver usbfs
[    1.139336] usbcore: registered new interface driver hub
[    1.139808] usbcore: registered new device driver usb
[    1.140516] pps_core: LinuxPPS API ver. 1 registered
[    1.140881] pps_core: Software ver. 5.3.6 - Copyright 2005-2007 Rodolfo Giometti <giometti@linux.it>
[    1.141222] PTP clock support registered
[    1.142004] EDAC MC: Ver: 3.0.0
[    1.146669] NetLabel: Initializing
[    1.146945] NetLabel:  domain hash size = 128
[    1.147267] NetLabel:  protocols = UNLABELED CIPSOv4 CALIPSO
[    1.147902] NetLabel:  unlabeled traffic allowed by default
[    1.149155] PCI: Using ACPI for IRQ routing
[    1.149932] pci 0000:00:02.0: vgaarb: setting as boot VGA device
[    1.150396] pci 0000:00:02.0: vgaarb: bridge control possible
[    1.150817] pci 0000:00:02.0: vgaarb: VGA device added: decodes=io+mem,owns=io+mem,locks=none
[    1.151435] vgaarb: loaded
[    1.152494] hpet0: at MMIO 0xfed00000, IRQs 2, 8, 0
[    1.152875] hpet0: 3 comparators, 64-bit 100.000000 MHz counter
[    1.157777] clocksource: Switched to clocksource kvm-clock
[    1.160293] VFS: Disk quotas dquot_6.6.0
[    1.160637] VFS: Dquot-cache hash table entries: 512 (order 0, 4096 bytes)
[    1.164925] pnp: PnP ACPI init
[    1.170789] pnp: PnP ACPI: found 6 devices
[    1.193313] clocksource: acpi_pm: mask: 0xffffff max_cycles: 0xffffff, max_idle_ns: 2085701024 ns
[    1.196194] NET: Registered PF_INET protocol family
[    1.197049] IP idents hash table entries: 32768 (order: 6, 262144 bytes, linear)
[    1.199241] tcp_listen_portaddr_hash hash table entries: 1024 (order: 4, 73728 bytes, linear)
[    1.199934] Table-perturb hash table entries: 65536 (order: 6, 262144 bytes, linear)
[    1.200553] TCP established hash table entries: 16384 (order: 5, 131072 bytes, linear)
[    1.201532] TCP bind hash table entries: 16384 (order: 9, 2359296 bytes, linear)
[    1.205636] TCP: Hash tables configured (established 16384 bind 16384)
[    1.206366] UDP hash table entries: 1024 (order: 5, 163840 bytes, linear)
[    1.206925] UDP-Lite hash table entries: 1024 (order: 5, 163840 bytes, linear)
[    1.207895] NET: Registered PF_UNIX/PF_LOCAL protocol family
[    1.209531] RPC: Registered named UNIX socket transport module.
[    1.209983] RPC: Registered udp transport module.
[    1.210321] RPC: Registered tcp transport module.
[    1.210657] RPC: Registered tcp-with-tls transport module.
[    1.211047] RPC: Registered tcp NFSv4.1 backchannel transport module.
[    1.211568] pci_bus 0000:00: resource 4 [io  0x0000-0x0cf7 window]
[    1.212014] pci_bus 0000:00: resource 5 [io  0x0d00-0xffff window]
[    1.212464] pci_bus 0000:00: resource 6 [mem 0x000a0000-0x000bffff window]
[    1.212955] pci_bus 0000:00: resource 7 [mem 0x80000000-0xfebfffff window]
[    1.213445] pci_bus 0000:00: resource 8 [mem 0x100000000-0x17fffffff window]
[    1.214416] pci 0000:00:01.0: PIIX3: Enabling Passive Release
[    1.214838] pci 0000:00:00.0: Limiting direct PCI/PCI transfers
[    1.215351] PCI: CLS 0 bytes, default 64
[    1.215778] ACPI: bus type thunderbolt registered
[    1.216514] clocksource: tsc: mask: 0xffffffffffffffff max_cycles: 0x3407c077a8d, max_idle_ns: 440795342283 ns
[    2.687244] Initialise system trusted keyrings
[    2.688079] Key type blacklist registered
[    2.688933] workingset: timestamp_bits=36 max_order=19 bucket_order=0
[    2.689520] zbud: loaded
[    2.693249] squashfs: version 4.0 (2009/01/31) Phillip Lougher
[    2.696441] NFS: Registering the id_resolver key type
[    2.696870] Key type id_resolver registered
[    2.697192] Key type id_legacy registered
[    2.697569] nfs4filelayout_init: NFSv4 File Layout Driver Registering...
[    2.698119] nfs4flexfilelayout_init: NFSv4 Flexfile Layout Driver Registering...
[    2.699100] fuse: init (API version 7.40)
[    2.700225] SGI XFS with ACLs, security attributes, realtime, quota, no debug enabled
[    2.702478] 9p: Installing v9fs 9p2000 file system support
[    2.714307] Key type asymmetric registered
[    2.714668] Asymmetric key parser 'x509' registered
[    2.715255] Callback from call_rcu_tasks() invoked.
[    2.715313] Block layer SCSI generic (bsg) driver version 0.4 loaded (major 243)
[    2.716703] io scheduler mq-deadline registered
[    2.717147] io scheduler bfq registered
[    2.718571] shpchp: Standard Hot Plug PCI Controller Driver version: 0.4
[    2.720162] IPMI message handler: version 39.2
[    2.720594] ipmi device interface
[    2.723018] input: Power Button as /devices/LNXSYSTM:00/LNXPWRBN:00/input/input0
[    2.724250] ACPI: button: Power Button [PWRF]
[    2.726432] ERST DBG: ERST support is disabled.
[    2.728265] Serial: 8250/16550 driver, 32 ports, IRQ sharing enabled
[    2.730362] 00:04: ttyS0 at I/O 0x3f8 (irq = 4, base_baud = 115200) is a 16550A
[    2.773072] Linux agpgart interface v0.103
[    2.776192] ACPI: bus type drm_connector registered
[    2.805749] brd: module loaded
[    2.824112] loop: module loaded
[    2.834688] scsi host0: ata_piix
[    2.836444] scsi host1: ata_piix
[    2.837298] ata1: PATA max MWDMA2 cmd 0x1f0 ctl 0x3f6 bmdma 0xc040 irq 14 lpm-pol 0
[    2.837872] ata2: PATA max MWDMA2 cmd 0x170 ctl 0x376 bmdma 0xc048 irq 15 lpm-pol 0
[    2.842904] tun: Universal TUN/TAP device driver, 1.6
[    2.843791] e100: Intel(R) PRO/100 Network Driver
[    2.844167] e100: Copyright(c) 1999-2006 Intel Corporation
[    2.844656] e1000: Intel(R) PRO/1000 Network Driver
[    2.845024] e1000: Copyright (c) 1999-2006 Intel Corporation.
[    2.995261] ata2: found unknown device (class 0)
[    2.996192] ata1: found unknown device (class 0)
[    2.997637] ata1.00: ATA-7: QEMU HARDDISK, 2.5+, max UDMA/100
[    2.998232] ata1.00: 17196647 sectors, multi 16: LBA48 
[    2.999078] ata2.00: ATAPI: QEMU DVD-ROM, 2.5+, max UDMA/100
[    3.001547] scsi 0:0:0:0: Direct-Access     ATA      QEMU HARDDISK    2.5+ PQ: 0 ANSI: 5
[    3.004827] sd 0:0:0:0: Attached scsi generic sg0 type 0
[    3.005772] sd 0:0:0:0: [sda] 17196647 512-byte logical blocks: (8.80 GB/8.20 GiB)
[    3.006429] sd 0:0:0:0: [sda] Write Protect is off
[    3.010178] sd 0:0:0:0: [sda] Write cache: enabled, read cache: enabled, doesn't support DPO or FUA
[    3.010975] sd 0:0:0:0: [sda] Preferred minimum I/O size 512 bytes
[    3.012067] scsi 1:0:0:0: CD-ROM            QEMU     QEMU DVD-ROM     2.5+ PQ: 0 ANSI: 5
[    3.037468] scsi 1:0:0:0: Attached scsi generic sg1 type 5
[    3.039916] sd 0:0:0:0: [sda] Attached SCSI disk
[    4.566046] ACPI: \_SB_.LNKC: Enabled at IRQ 11
[    4.895216] e1000 0000:00:03.0 eth0: (PCI:33MHz:32-bit) 52:54:00:12:34:56
[    4.895805] e1000 0000:00:03.0 eth0: Intel(R) PRO/1000 Network Connection
[    4.896715] e1000e: Intel(R) PRO/1000 Network Driver
[    4.897097] e1000e: Copyright(c) 1999 - 2015 Intel Corporation.
[    4.897643] igb: Intel(R) Gigabit Ethernet Network Driver
[    4.898046] igb: Copyright (c) 2007-2014 Intel Corporation.
[    4.898696] PPP generic driver version 2.4.2
[    4.900153] VFIO - User Level meta-driver version: 0.3
[    4.901977] usbcore: registered new interface driver uas
[    4.902486] usbcore: registered new interface driver usb-storage
[    4.903290] i8042: PNP: PS/2 Controller [PNP0303:KBD,PNP0f13:MOU] at 0x60,0x64 irq 1,12
[    4.904978] serio: i8042 KBD port at 0x60,0x64 irq 1
[    4.905430] serio: i8042 AUX port at 0x60,0x64 irq 12
[    4.907632] mousedev: PS/2 mouse device common for all mice
[    4.909638] input: AT Translated Set 2 keyboard as /devices/platform/i8042/serio0/input/input1
[    4.912304] input: VirtualPS/2 VMware VMMouse as /devices/platform/i8042/serio1/input/input4
[    4.913639] rtc_cmos 00:05: RTC can wake from S4
[    4.914735] input: VirtualPS/2 VMware VMMouse as /devices/platform/i8042/serio1/input/input3
[    4.917005] rtc_cmos 00:05: registered as rtc0
[    4.917411] rtc_cmos 00:05: setting system clock to 2024-10-18T06:15:40 UTC (1729232140)
[    4.918395] rtc_cmos 00:05: alarms up to one day, y3k, 242 bytes nvram, hpet irqs
[    4.919021] i2c_dev: i2c /dev entries driver
[    4.919469] device-mapper: core: CONFIG_IMA_DISABLE_HTABLE is disabled. Duplicate IMA measurements will not be recorded in the IMA log.
[    4.920370] device-mapper: uevent: version 1.0.3
[    4.921276] device-mapper: ioctl: 4.48.0-ioctl (2023-03-01) initialised: dm-devel@lists.linux.dev
[    4.921922] intel_pstate: CPU model not supported
[    4.922530] sdhci: Secure Digital Host Controller Interface driver
[    4.922967] sdhci: Copyright(c) Pierre Ossman
[    4.923444] sdhci-pltfm: SDHCI platform and OF driver helper
[    4.924058] ledtrig-cpu: registered to indicate activity on CPUs
[    4.925105] drop_monitor: Initializing network drop monitor service
[    4.926023] NET: Registered PF_INET6 protocol family
[    4.930112] Segment Routing with IPv6
[    4.930506] In-situ OAM (IOAM) with IPv6
[    4.930958] NET: Registered PF_PACKET protocol family
[    4.931618] 9pnet: Installing 9P2000 support
[    4.932083] Key type dns_resolver registered
[    4.934383] IPI shorthand broadcast: enabled
[    4.989997] sched_clock: Marking stable (4972005936, 15051110)->(5001225907, -14168861)
[    4.991417] Timer migration: 1 hierarchy levels; 8 children per group; 1 crossnode level
[    4.992448] registered taskstats version 1
[    4.993406] Loading compiled-in X.509 certificates
[    5.046544] Demotion targets for Node 0: null
[    5.048286] Key type .fscrypt registered
[    5.048585] Key type fscrypt-provisioning registered
[    5.052624] Key type encrypted registered
[    5.053006] ima: No TPM chip found, activating TPM-bypass!
[    5.053442] ima: Allocated hash algorithm: sha1
[    5.053878] ima: No architecture policies found
[    5.054435] evm: Initialising EVM extended attributes:
[    5.054820] evm: security.selinux
[    5.055088] evm: security.SMACK64
[    5.055341] evm: security.SMACK64EXEC
[    5.055618] evm: security.SMACK64TRANSMUTE
[    5.055975] evm: security.SMACK64MMAP
[    5.056256] evm: security.apparmor
[    5.056515] evm: security.ima
[    5.056742] evm: security.capability
[    5.057012] evm: HMAC attrs: 0x1
[    5.061146] PM:   Magic number: 12:730:266
[    5.062618] RAS: Correctable Errors collector initialized.
[    5.064431] clk: Disabling unused clocks
[    5.064788] PM: genpd: Disabling unused power domains
[    5.066189] md: Waiting for all devices to be available before autodetect
[    5.066522] md: If you don't use raid, use raid=noautodetect
[    5.066804] md: Autodetecting RAID arrays.
[    5.067020] md: autorun ...
[    5.067187] md: ... autorun DONE.
[    5.086181] EXT4-fs (sda): mounted filesystem 088740a9-c8b4-422c-999d-a804eb68a4da ro with ordered data mode. Quota mode: none.
[    5.086876] VFS: Mounted root (ext4 filesystem) readonly on device 8:0.
[    5.089815] devtmpfs: mounted
[    5.111076] Freeing unused decrypted memory: 2028K
[    5.118758] Freeing unused kernel image (initmem) memory: 15320K
[    5.119203] Write protecting the kernel read-only data: 94208k
[    5.121724] Freeing unused kernel image (rodata/data gap) memory: 1256K
[    5.179228] x86/mm: Checked W+X mappings: passed, no W+X pages found.
[    5.179615] Run /sbin/init as init process
[    5.345129] systemd[1]: systemd 252-15.el9 running in system mode (+PAM +AUDIT +SELINUX -APPARMOR +IMA +SMACK +SECCOMP +GCRYPT +GNUTLS +OPENSSL +ACL +BLKID +CURL +ELFUTILS -FIDO2 +IDN2 -IDN -IPTC +KMOD +LIBCRYPTSETUP +LIBFDISK +PCRE2 -PWQUALITY +P11KIT -QRENCODE +TPM2 +BZIP2 +LZ4 +XZ +ZLIB +ZSTD -BPF_FRAMEWORK +XKBCOMMON +UTMP +SYSVINIT default-hierarchy=unified)
[    5.346671] systemd[1]: Detected virtualization kvm.
[    5.346930] systemd[1]: Detected architecture x86-64.

Welcome to [0;31mCentOS Stream 9[0m!

[    5.354713] systemd[1]: Hostname set to <test>.
[    5.559029] systemd-rc-local-generator[126]: /etc/rc.d/rc.local is not marked executable, skipping.
[    5.905933] systemd[1]: Queued start job for default target Multi-User System.
[    5.950501] systemd[1]: Created slice Virtual Machine and Container Slice.
[[0;32m  OK  [0m] Created slice [0;1;39mVirtual Machine and Container Slice[0m.
[    5.956003] systemd[1]: Created slice Slice /system/getty.
[[0;32m  OK  [0m] Created slice [0;1;39mSlice /system/getty[0m.
[    5.959168] systemd[1]: Created slice Slice /system/modprobe.
[[0;32m  OK  [0m] Created slice [0;1;39mSlice /system/modprobe[0m.
[    5.962221] systemd[1]: Created slice Slice /system/serial-getty.
[[0;32m  OK  [0m] Created slice [0;1;39mSlice /system/serial-getty[0m.
[    5.965265] systemd[1]: Created slice Slice /system/sshd-keygen.
[[0;32m  OK  [0m] Created slice [0;1;39mSlice /system/sshd-keygen[0m.
[    5.968374] systemd[1]: Created slice User and Session Slice.
[[0;32m  OK  [0m] Created slice [0;1;39mUser and Session Slice[0m.
[    5.969841] systemd[1]: Started Forward Password Requests to Wall Directory Watch.
[[0;32m  OK  [0m] Started [0;1;39mForward Password R…uests to Wall Directory Watch[0m.
[    5.972456] systemd[1]: Set up automount Arbitrary Executable File Formats File System Automount Point.
[[0;32m  OK  [0m] Set up automount [0;1;39mArbitrary…s File System Automount Point[0m.
[    5.973987] systemd[1]: Reached target Local Integrity Protected Volumes.
[[0;32m  OK  [0m] Reached target [0;1;39mLocal Integrity Protected Volumes[0m.
[    5.975196] systemd[1]: Reached target Slice Units.
[[0;32m  OK  [0m] Reached target [0;1;39mSlice Units[0m.
[    5.976137] systemd[1]: Reached target Swaps.
[[0;32m  OK  [0m] Reached target [0;1;39mSwaps[0m.
[    5.977059] systemd[1]: Reached target Local Verity Protected Volumes.
[[0;32m  OK  [0m] Reached target [0;1;39mLocal Verity Protected Volumes[0m.
[    5.978681] systemd[1]: Listening on Device-mapper event daemon FIFOs.
[[0;32m  OK  [0m] Listening on [0;1;39mDevice-mapper event daemon FIFOs[0m.
[    5.980693] systemd[1]: Listening on LVM2 poll daemon socket.
[[0;32m  OK  [0m] Listening on [0;1;39mLVM2 poll daemon socket[0m.
[    5.981835] systemd[1]: multipathd control socket was skipped because of an unmet condition check (ConditionPathExists=/etc/multipath.conf).
[    6.033828] systemd[1]: Listening on RPCbind Server Activation Socket.
[[0;32m  OK  [0m] Listening on [0;1;39mRPCbind Server Activation Socket[0m.
[    6.034880] systemd[1]: Reached target RPC Port Mapper.
[[0;32m  OK  [0m] Reached target [0;1;39mRPC Port Mapper[0m.
[    6.037833] systemd[1]: Listening on Process Core Dump Socket.
[[0;32m  OK  [0m] Listening on [0;1;39mProcess Core Dump Socket[0m.
[    6.039222] systemd[1]: Listening on initctl Compatibility Named Pipe.
[[0;32m  OK  [0m] Listening on [0;1;39minitctl Compatibility Named Pipe[0m.
[    6.040827] systemd[1]: Listening on Journal Socket (/dev/log).
[[0;32m  OK  [0m] Listening on [0;1;39mJournal Socket (/dev/log)[0m.
[    6.042605] systemd[1]: Listening on Journal Socket.
[[0;32m  OK  [0m] Listening on [0;1;39mJournal Socket[0m.
[    6.044161] systemd[1]: Listening on udev Control Socket.
[[0;32m  OK  [0m] Listening on [0;1;39mudev Control Socket[0m.
[    6.045404] systemd[1]: Listening on udev Kernel Socket.
[[0;32m  OK  [0m] Listening on [0;1;39mudev Kernel Socket[0m.
[    6.053348] systemd[1]: Mounting Huge Pages File System...
         Mounting [0;1;39mHuge Pages File System[0m...
[    6.061608] systemd[1]: Mounting POSIX Message Queue File System...
         Mounting [0;1;39mPOSIX Message Queue File System[0m...
[    6.073946] systemd[1]: Mounting Kernel Debug File System...
         Mounting [0;1;39mKernel Debug File System[0m...
[    6.082112] systemd[1]: Mounting Kernel Trace File System...
         Mounting [0;1;39mKernel Trace File System[0m...
[    6.083903] systemd[1]: Kernel Module supporting RPCSEC_GSS was skipped because of an unmet condition check (ConditionPathExists=/etc/krb5.keytab).
[    6.084739] systemd[1]: Create List of Static Device Nodes was skipped because of an unmet condition check (ConditionFileNotEmpty=/lib/modules/6.10.0-b3ce7a30847a+/modules.devname).
[    6.092340] systemd[1]: Starting Monitoring of LVM2 mirrors, snapshots etc. using dmeventd or progress polling...
         Starting [0;1;39mMonitoring of LVM…meventd or progress polling[0m...
[    6.103906] systemd[1]: Starting Load Kernel Module configfs...
         Starting [0;1;39mLoad Kernel Module configfs[0m...
[    6.117778] systemd[1]: Starting Load Kernel Module drm...
         Starting [0;1;39mLoad Kernel Module drm[0m...
[    6.134352] systemd[1]: Starting Load Kernel Module fuse...
         Starting [0;1;39mLoad Kernel Module fuse[0m...
[    6.148373] systemd[1]: Starting Read and set NIS domainname from /etc/sysconfig/network...
         Starting [0;1;39mRead and set NIS …from /etc/sysconfig/network[0m...
[    6.163796] systemd[1]: Starting Journal Service...
         Starting [0;1;39mJournal Service[0m...
[    6.178656] systemd[1]: Starting Load Kernel Modules...
         Starting [0;1;39mLoad Kernel Modules[0m...
[    6.196291] systemd[1]: Starting Generate network units from Kernel command line...
         Starting [0;1;39mGenerate network …ts from Kernel command line[0m...
[    6.240251] systemd[1]: Starting Remount Root and Kernel File Systems...
         Starting [0;1;39mRemount Root and Kernel File Systems[0m...
[    6.243912] systemd[1]: Repartition Root Disk was skipped because no trigger condition checks were met.
[    6.279544] systemd[1]: Starting Coldplug All udev Devices...
         Starting [0;1;39mColdplug All udev Devices[0m...
[    6.295914] systemd[1]: Mounted Huge Pages File System.
[[0;32m  OK  [0m] Mounted [0;1;39mHuge Pages File System[0m.
[    6.300340] systemd[1]: Mounted POSIX Message Queue File System.
[[0;32m  OK  [0m] Mounted [0;1;39mPOSIX Message Queue File System[0m.
[    6.301748] systemd[1]: Mounted Kernel Debug File System.
[[0;32m  OK  [0m] Mounted [0;1;39mKernel Debug File System[0m.
[    6.308007] systemd[1]: Mounted Kernel Trace File System.
[    6.308281] EXT4-fs (sda): warning: mounting fs with errors, running e2fsck is recommended
[[0;32m  OK  [0m] Mounted [0;1;39mKernel Trace File System[0m.
[    6.315704] systemd[1]: Finished Monitoring of LVM2 mirrors, snapshots etc. using dmeventd or progress polling.
[[0;32m  OK  [0m] Finished [0;1;39mMonitoring of LVM… dmeventd or progress polling[0m.
[    6.316825] EXT4-fs (sda): re-mounted 088740a9-c8b4-422c-999d-a804eb68a4da r/w. Quota mode: none.
[    6.327003] systemd[1]: modprobe@configfs.service: Deactivated successfully.
[    6.328575] systemd[1]: Finished Load Kernel Module configfs.
[[0;32m  OK  [0m] Finished [0;1;39mLoad Kernel Module configfs[0m.
[    6.332789] systemd[1]: modprobe@drm.service: Deactivated successfully.
[    6.334644] systemd[1]: Finished Load Kernel Module drm.
[[0;32m  OK  [0m] Finished [0;1;39mLoad Kernel Module drm[0m.
[    6.338046] systemd[1]: modprobe@fuse.service: Deactivated successfully.
[    6.345356] systemd[1]: Finished Load Kernel Module fuse.
[[0;32m  OK  [0m] Finished [0;1;39mLoad Kernel Module fuse[0m.
[    6.351173] systemd[1]: Finished Read and set NIS domainname from /etc/sysconfig/network.
[[0;32m  OK  [0m] Finished [0;1;39mRead and set NIS …e from /etc/sysconfig/network[0m.
[    6.352901] systemd[1]: systemd-modules-load.service: Main process exited, code=exited, status=1/FAILURE
[    6.354067] systemd[1]: systemd-modules-load.service: Failed with result 'exit-code'.
[    6.359467] systemd[1]: Failed to start Load Kernel Modules.
[[0;1;31mFAILED[0m] Failed to start [0;1;39mLoad Kernel Modules[0m.
See 'systemctl status systemd-modules-load.service' for details.
[    6.363734] systemd[1]: Started Journal Service.
[[0;32m  OK  [0m] Started [0;1;39mJournal Service[0m.
[[0;32m  OK  [0m] Finished [0;1;39mGenerate network units from Kernel command line[0m.
[[0;32m  OK  [0m] Finished [0;1;39mRemount Root and Kernel File Systems[0m.
[[0;32m  OK  [0m] Reached target [0;1;39mPreparation for Network[0m.
         Mounting [0;1;39mFUSE Control File System[0m...
         Mounting [0;1;39mKernel Configuration File System[0m...
         Starting [0;1;39mFlush Journal to Persistent Storage[0m...
         Starting [0;1;39mLoad/Save Random Seed[0m...
         Starting [0;1;39mApply Kernel Variables[0m...
         Starting [0;1;39mCreate Static Device Nodes in /dev[0m...
[    6.513152] systemd-journald[147]: Received client request to flush runtime journal.
         Starting [0;1;39mSetup Virtual Console[0m...
[[0;32m  OK  [0m] Mounted [0;1;39mFUSE Control File System[0m.
[[0;32m  OK  [0m] Mounted [0;1;39mKernel Configuration File System[0m.
[[0;32m  OK  [0m] Finished [0;1;39mFlush Journal to Persistent Storage[0m.
[[0;32m  OK  [0m] Finished [0;1;39mLoad/Save Random Seed[0m.
[[0;32m  OK  [0m] Finished [0;1;39mApply Kernel Variables[0m.
[[0;32m  OK  [0m] Finished [0;1;39mCreate Static Device Nodes in /dev[0m.
         Starting [0;1;39mRule-based Manage…for Device Events and Files[0m...
[[0;32m  OK  [0m] Started [0;1;39mRule-based Manager for Device Events and Files[0m.
         Starting [0;1;39mAuto-connect to s…E devices found during boot[0m...
[[0;32m  OK  [0m] Finished [0;1;39mAuto-connect to s…VME devices found during boot[0m.
[[0;32m  OK  [0m] Finished [0;1;39mColdplug All udev Devices[0m.
         Starting [0;1;39mWait for udev To …plete Device Initialization[0m...
[[0;32m  OK  [0m] Finished [0;1;39mSetup Virtual Console[0m.
[[0;32m  OK  [0m] Started [0;1;39mDispatch Password …ts to Console Directory Watch[0m.
[[0;32m  OK  [0m] Reached target [0;1;39mLocal Encrypted Volumes[0m.
[[0;32m  OK  [0m] Reached target [0;1;39mPath Units[0m.
[[0;32m  OK  [0m] Found device [0;1;39m/dev/ttyS0[0m.
[[0;32m  OK  [0m] Listening on [0;1;39mLoad/Save RF …itch Status /dev/rfkill Watch[0m.
[[0;32m  OK  [0m] Finished [0;1;39mWait for udev To Complete Device Initialization[0m.
[[0;32m  OK  [0m] Reached target [0;1;39mPreparation for Local File Systems[0m.
[[0;32m  OK  [0m] Reached target [0;1;39mLocal File Systems[0m.
         Starting [0;1;39mTell Plymouth To Write Out Runtime Data[0m...
         Starting [0;1;39mAutomatic Boot Loader Update[0m...
         Starting [0;1;39mCreate Volatile Files and Directories[0m...
[[0;32m  OK  [0m] Finished [0;1;39mTell Plymouth To Write Out Runtime Data[0m.
[[0;32m  OK  [0m] Finished [0;1;39mAutomatic Boot Loader Update[0m.
[[0;32m  OK  [0m] Finished [0;1;39mCreate Volatile Files and Directories[0m.
         Mounting [0;1;39mRPC Pipe File System[0m...
         Starting [0;1;39mSecurity Auditing Service[0m...
         Starting [0;1;39mRPC Bind[0m...
[[0;32m  OK  [0m] Mounted [0;1;39mRPC Pipe File System[0m.
[[0;32m  OK  [0m] Reached target [0;1;39mrpc_pipefs.target[0m.
[[0;32m  OK  [0m] Started [0;1;39mRPC Bind[0m.
[[0;32m  OK  [0m] Started [0;1;39mSecurity Auditing Service[0m.
         Starting [0;1;39mRecord System Boot/Shutdown in UTMP[0m...
[[0;32m  OK  [0m] Finished [0;1;39mRecord System Boot/Shutdown in UTMP[0m.
[[0;32m  OK  [0m] Reached target [0;1;39mSystem Initialization[0m.
[[0;32m  OK  [0m] Started [0;1;39mDaily rotation of log files[0m.
[[0;32m  OK  [0m] Started [0;1;39mUpdates mlocate database every day[0m.
[[0;32m  OK  [0m] Started [0;1;39mDaily Cleanup of Temporary Directories[0m.
[[0;32m  OK  [0m] Started [0;1;39mdaily update of the root trust anchor for DNSSEC[0m.
[[0;32m  OK  [0m] Reached target [0;1;39mTimer Units[0m.
[[0;32m  OK  [0m] Listening on [0;1;39mD-Bus System Message Bus Socket[0m.
[[0;32m  OK  [0m] Listening on [0;1;39mOpen-iSCSI iscsid Socket[0m.
[[0;32m  OK  [0m] Listening on [0;1;39mOpen-iSCSI iscsiuio Socket[0m.
[[0;32m  OK  [0m] Listening on [0;1;39mSSSD Kerberos…ache Manager responder socket[0m.
[[0;32m  OK  [0m] Listening on [0;1;39mLibvirt interface local socket[0m.
[[0;32m  OK  [0m] Listening on [0;1;39mVirtual machine lock manager socket[0m.
[[0;32m  OK  [0m] Listening on [0;1;39mVirtual machine log manager socket[0m.
[[0;32m  OK  [0m] Listening on [0;1;39mLibvirt network local socket[0m.
[[0;32m  OK  [0m] Listening on [0;1;39mLibvirt nodedev local socket[0m.
[[0;32m  OK  [0m] Listening on [0;1;39mLibvirt nwfilter local socket[0m.
[[0;32m  OK  [0m] Listening on [0;1;39mLibvirt proxy local socket[0m.
[[0;32m  OK  [0m] Listening on [0;1;39mLibvirt qemu local socket[0m.
[[0;32m  OK  [0m] Listening on [0;1;39mLibvirt qemu admin socket[0m.
[[0;32m  OK  [0m] Listening on [0;1;39mLibvirt qemu local read-only socket[0m.
[[0;32m  OK  [0m] Listening on [0;1;39mLibvirt secret local socket[0m.
[[0;32m  OK  [0m] Listening on [0;1;39mLibvirt storage local socket[0m.
[[0;32m  OK  [0m] Reached target [0;1;39mSocket Units[0m.
         Starting [0;1;39mD-Bus System Message Bus[0m...
[[0;32m  OK  [0m] Started [0;1;39mD-Bus System Message Bus[0m.
[[0;32m  OK  [0m] Reached target [0;1;39mBasic System[0m.
         Starting [0;1;39mNetwork Manager[0m...
         Starting [0;1;39mNTP client/server[0m...
         Starting [0;1;39mRestore /run/initramfs on shutdown[0m...
[[0;32m  OK  [0m] Started [0;1;39mirqbalance daemon[0m.
[[0;32m  OK  [0m] Started [0;1;39mlibstoragemgmt plug-in server daemon[0m.
[[0;32m  OK  [0m] Started [0;1;39mMachine Check Exception Logging Daemon[0m.
[[0;32m  OK  [0m] Reached target [0;1;39msshd-keygen.target[0m.
[[0;32m  OK  [0m] Reached target [0;1;39mUser and Group Name Lookups[0m.
         Starting [0;1;39mUser Login Management[0m...
         Starting [0;1;39mVirtual Machine a…tainer Registration Service[0m...
         Starting [0;1;39mupdate of the roo…NSSEC validation in unbound[0m...
         Starting [0;1;39mRotate log files[0m...
[[0;32m  OK  [0m] Started [0;1;39mUpdate a database for mlocate[0m.
[[0;32m  OK  [0m] Finished [0;1;39mRestore /run/initramfs on shutdown[0m.
[[0;32m  OK  [0m] Started [0;1;39mVirtual Machine an…ontainer Registration Service[0m.
[[0;32m  OK  [0m] Started [0;1;39mNTP client/server[0m.
         Starting [0;1;39mHostname Service[0m...
[[0;32m  OK  [0m] Finished [0;1;39mupdate of the roo… DNSSEC validation in unbound[0m.
[[0;32m  OK  [0m] Started [0;1;39mUser Login Management[0m.
[[0;32m  OK  [0m] Finished [0;1;39mRotate log files[0m.
[[0;32m  OK  [0m] Started [0;1;39mHostname Service[0m.
         Starting [0;1;39mNetwork Manager Script Dispatcher Service[0m...
[[0;32m  OK  [0m] Started [0;1;39mNetwork Manager Script Dispatcher Service[0m.
[   10.195284] e1000: eth0 NIC Link is Up 1000 Mbps Full Duplex, Flow Control: RX
[[0;32m  OK  [0m] Started [0;1;39mNetwork Manager[0m.
[[0;32m  OK  [0m] Reached target [0;1;39mNetwork[0m.
[[0;32m  OK  [0m] Reached target [0;1;39mNetwork is Online[0m.
         Starting [0;1;39mGSSAPI Proxy Daemon[0m...
         Starting [0;1;39mNotify NFS peers of a restart[0m...
         Starting [0;1;39mSystem Logging Service[0m...
         Starting [0;1;39mOpenSSH server daemon[0m...
         Starting [0;1;39mDynamic System Tuning Daemon[0m...
[[0;32m  OK  [0m] Started [0;1;39mNotify NFS peers of a restart[0m.
[[0;32m  OK  [0m] Started [0;1;39mGSSAPI Proxy Daemon[0m.
[[0;32m  OK  [0m] Reached target [0;1;39mNFS client services[0m.
[[0;32m  OK  [0m] Reached target [0;1;39mPreparation for Remote File Systems[0m.
[[0;32m  OK  [0m] Reached target [0;1;39mRemote File Systems[0m.
         Starting [0;1;39mPermit User Sessions[0m...
         Starting [0;1;39mVirtualization qemu daemon[0m...
[[0;32m  OK  [0m] Started [0;1;39mOpenSSH server daemon[0m.
[[0;32m  OK  [0m] Started [0;1;39mSystem Logging Service[0m.
[[0;32m  OK  [0m] Finished [0;1;39mPermit User Sessions[0m.
[[0;32m  OK  [0m] Started [0;1;39mDeferred execution scheduler[0m.
[[0;32m  OK  [0m] Started [0;1;39mCommand Scheduler[0m.
         Starting [0;1;39mHold until boot process finishes up[0m...
         Starting [0;1;39mTerminate Plymouth Boot Screen[0m...
[[0;32m  OK  [0m] Started [0;1;39mVirtualization qemu daemon[0m.
[[0;32m  OK  [0m] Finished [0;1;39mHold until boot process finishes up[0m.
[[0;32m  OK  [0m] Finished [0;1;39mTerminate Plymouth Boot Screen[0m.
[[0;32m  OK  [0m] Started [0;1;39mGetty on tty1[0m.
[[0;32m  OK  [0m] Started [0;1;39mSerial Getty on ttyS0[0m.
[[0;32m  OK  [0m] Reached target [0;1;39mLogin Prompts[0m.
         Starting [0;1;39mAuthorization Manager[0m...
[[0;32m  OK  [0m] Started [0;1;39mAuthorization Manager[0m.
[[0;32m  OK  [0m] Started [0;1;39mDynamic System Tuning Daemon[0m.
[[0;32m  OK  [0m] Reached target [0;1;39mMulti-User System[0m.
         Starting [0;1;39mRecord Runlevel Change in UTMP[0m...
[[0;32m  OK  [0m] Finished [0;1;39mRecord Runlevel Change in UTMP[0m.

CentOS Stream 9
Kernel 6.10.0-b3ce7a30847a+ on an x86_64

Activate the web console with: systemctl enable --now cockpit.socket

test login: [   30.383258] ata1: lost interrupt (Status 0x58)
[   30.703314] ata1: found unknown device (class 0)
[   40.895272] ata1: lost interrupt (Status 0x58)
[   41.215281] ata1: found unknown device (class 0)
[   51.391124] ata1: lost interrupt (Status 0x58)
[   51.711287] ata1: found unknown device (class 0)
[   61.887196] ata1: lost interrupt (Status 0x58)
[   62.044968] ata1.00: limiting speed to MWDMA1:PIO4
[   62.203310] ata1: found unknown device (class 0)
[   72.383224] ata1: lost interrupt (Status 0x58)
[   72.707257] ata1: found unknown device (class 0)
[   82.879125] ata1: lost interrupt (Status 0x58)
[   83.040174] ata1.00: limiting speed to PIO4
[   83.199343] ata1: found unknown device (class 0)
[   93.359383] ata1: lost interrupt (Status 0x58)
[   93.527425] ata1.00: limiting speed to PIO3
[   93.687303] ata1: found unknown device (class 0)
[  103.871309] ata1: lost interrupt (Status 0x58)
[  104.040773] ata1.00: limiting speed to PIO0
[  104.199201] ata1: found unknown device (class 0)
[  114.607203] ata1: lost interrupt (Status 0x58)
[  114.927427] ata1: found unknown device (class 0)
[  125.111165] ata1: lost interrupt (Status 0x58)
[  125.431323] ata1: found unknown device (class 0)
[  135.615210] ata1: lost interrupt (Status 0x58)
[  135.939420] ata1: found unknown device (class 0)
[  146.111206] ata1: lost interrupt (Status 0x58)
[  146.431367] ata1: found unknown device (class 0)
[  156.599138] ata1: lost interrupt (Status 0x58)
[  156.915395] ata1: found unknown device (class 0)
[  167.103227] ata1: lost interrupt (Status 0x58)
[  167.423253] ata1: found unknown device (class 0)
[  177.587254] ata1: lost interrupt (Status 0x58)
[  177.907381] ata1: found unknown device (class 0)
[  188.079378] ata1: lost interrupt (Status 0x58)
[  188.419410] ata1: found unknown device (class 0)
[  198.591198] ata1: lost interrupt (Status 0x58)
[  198.907380] ata1: found unknown device (class 0)
[  209.071239] ata1: lost interrupt (Status 0x58)
[  209.411258] ata1: found unknown device (class 0)
[  219.583126] ata1: lost interrupt (Status 0x58)
[  219.903208] ata1: found unknown device (class 0)
[  230.087218] ata1: lost interrupt (Status 0x58)
[  230.403271] ata1: found unknown device (class 0)
[  240.575155] ata1: lost interrupt (Status 0x58)
[  240.895272] ata1: found unknown device (class 0)
[  251.055220] ata1: lost interrupt (Status 0x58)
[  251.375281] ata1: found unknown device (class 0)
[  261.567170] ata1: lost interrupt (Status 0x58)
[  261.895286] ata1: found unknown device (class 0)
[  272.063148] ata1: lost interrupt (Status 0x58)
[  272.403291] ata1: found unknown device (class 0)
[  282.559155] ata1: lost interrupt (Status 0x58)
[  282.883245] ata1: found unknown device (class 0)
[  293.055167] ata1: lost interrupt (Status 0x58)
[  293.387291] ata1: found unknown device (class 0)
[  303.551158] ata1: lost interrupt (Status 0x58)
[  303.871300] ata1: found unknown device (class 0)
[  314.031112] ata1: lost interrupt (Status 0x58)
[  314.367204] ata1: found unknown device (class 0)
[  316.815627] EXT4-fs (sda): error count since last fsck: 8
[  316.816325] EXT4-fs (sda): initial error at time 1699515630: ext4_mb_release_inode_pa:5364
[  316.816993] EXT4-fs (sda): last error at time 1699515808: mb_free_blocks:1917: block 1286144
[  324.539182] ata1: lost interrupt (Status 0x58)
[  324.891169] ata1: found unknown device (class 0)
[  335.039168] ata1: lost interrupt (Status 0x58)
[  335.363264] ata1: found unknown device (class 0)
[  345.535131] ata1: lost interrupt (Status 0x58)
[  345.859275] ata1: found unknown device (class 0)
[  356.031161] ata1: lost interrupt (Status 0x58)
[  356.359245] ata1: found unknown device (class 0)
[  366.527158] ata1: lost interrupt (Status 0x58)
[  366.855212] ata1: found unknown device (class 0)
[  377.015186] ata1: lost interrupt (Status 0x58)
[  377.339210] ata1: found unknown device (class 0)
[  387.519149] ata1: lost interrupt (Status 0x58)
[  387.839315] ata1: found unknown device (class 0)
[  398.015139] ata1: lost interrupt (Status 0x58)
[  398.331298] ata1: found unknown device (class 0)
[  408.507173] ata1: lost interrupt (Status 0x58)
[  408.879303] ata1: found unknown device (class 0)
[  418.991104] ata1: lost interrupt (Status 0x58)
[  419.323283] ata1: found unknown device (class 0)
[  429.487190] ata1: lost interrupt (Status 0x58)
[  429.803191] ata1: found unknown device (class 0)
[  439.983146] ata1: lost interrupt (Status 0x58)
[  440.307228] ata1: found unknown device (class 0)
[  450.495245] ata1: lost interrupt (Status 0x58)
[  450.811415] ata1: found unknown device (class 0)
[  460.991212] ata1: lost interrupt (Status 0x58)
[  461.307364] ata1: found unknown device (class 0)
[  471.471283] ata1: lost interrupt (Status 0x58)
[  471.791403] ata1: found unknown device (class 0)
[  481.975181] ata1: lost interrupt (Status 0x58)
[  482.287187] ata1: found unknown device (class 0)
[  492.471281] ata1: lost interrupt (Status 0x58)
[  492.787278] ata1: found unknown device (class 0)
[  502.959198] ata1: lost interrupt (Status 0x58)
[  503.275332] ata1: found unknown device (class 0)
[  513.463158] ata1: lost interrupt (Status 0x58)
[  513.791177] ata1: found unknown device (class 0)
[  523.951155] ata1: lost interrupt (Status 0x58)
[  524.271412] ata1: found unknown device (class 0)
[  534.447222] ata1: lost interrupt (Status 0x58)
[  534.771232] ata1: found unknown device (class 0)
[  544.955222] ata1: lost interrupt (Status 0x58)
[  545.275343] ata1: found unknown device (class 0)
[  555.447285] ata1: lost interrupt (Status 0x58)
[  555.783185] ata1: found unknown device (class 0)
[  565.935258] ata1: lost interrupt (Status 0x58)
[  566.263401] ata1: found unknown device (class 0)
[  576.447265] ata1: lost interrupt (Status 0x58)
[  576.767421] ata1: found unknown device (class 0)
[  586.931376] ata1: lost interrupt (Status 0x58)
[  587.247309] ata1: found unknown device (class 0)
[  597.439199] ata1: lost interrupt (Status 0x58)
[  597.759302] ata1: found unknown device (class 0)
[  607.935192] ata1: lost interrupt (Status 0x58)
[  608.255186] ata1: found unknown device (class 0)
[  618.431252] ata1: lost interrupt (Status 0x58)
[  618.743301] ata1: found unknown device (class 0)
[  628.927218] ata1: lost interrupt (Status 0x58)
[  629.243234] ata1: found unknown device (class 0)
[  639.407165] ata1: lost interrupt (Status 0x58)
[  639.739413] ata1: found unknown device (class 0)
[  649.903287] ata1: lost interrupt (Status 0x58)
[  650.219297] ata1: found unknown device (class 0)
[  660.415233] ata1: lost interrupt (Status 0x58)
[  660.731338] ata1: found unknown device (class 0)
[  670.911195] ata1: lost interrupt (Status 0x58)
[  671.247315] ata1: found unknown device (class 0)
[  681.391233] ata1: lost interrupt (Status 0x58)
[  681.707442] ata1: found unknown device (class 0)
[  691.887268] ata1: lost interrupt (Status 0x58)
[  692.207361] ata1: found unknown device (class 0)
[  702.383361] ata1: lost interrupt (Status 0x58)
[  702.699302] ata1: found unknown device (class 0)
[  712.895236] ata1: lost interrupt (Status 0x58)
[  713.219249] ata1: found unknown device (class 0)
[  723.391278] ata1: lost interrupt (Status 0x58)
[  723.711355] ata1: found unknown device (class 0)
[  733.887345] ata1: lost interrupt (Status 0x58)
[  734.211343] ata1: found unknown device (class 0)
[  744.375226] ata1: lost interrupt (Status 0x58)
[  744.691241] ata1: found unknown device (class 0)
[  754.879162] ata1: lost interrupt (Status 0x58)
[  755.203310] ata1: found unknown device (class 0)
[  765.359327] ata1: lost interrupt (Status 0x58)
[  765.675270] ata1: found unknown device (class 0)
[  775.871367] ata1: lost interrupt (Status 0x58)
[  776.191319] ata1: found unknown device (class 0)
[  786.359275] ata1: lost interrupt (Status 0x58)
[  786.679433] ata1: found unknown device (class 0)
[  796.863157] ata1: lost interrupt (Status 0x58)
[  797.191260] ata1: found unknown device (class 0)
[  807.359196] ata1: lost interrupt (Status 0x58)
[  807.687256] ata1: found unknown device (class 0)
[  817.847290] ata1: lost interrupt (Status 0x58)
[  818.167337] ata1: found unknown device (class 0)
[  828.335177] ata1: lost interrupt (Status 0x58)
[  828.655421] ata1: found unknown device (class 0)
[  838.847260] ata1: lost interrupt (Status 0x58)
[  839.167309] ata1: found unknown device (class 0)
[  849.343201] ata1: lost interrupt (Status 0x58)
[  849.655256] ata1: found unknown device (class 0)
[  859.839219] ata1: lost interrupt (Status 0x58)
[  860.155318] ata1: found unknown device (class 0)
[  870.319356] ata1: lost interrupt (Status 0x58)
[  870.635304] ata1: found unknown device (class 0)
[  880.831266] ata1: lost interrupt (Status 0x58)
[  881.151314] ata1: found unknown device (class 0)
[  891.323278] ata1: lost interrupt (Status 0x58)
[  891.647433] ata1: found unknown device (class 0)
[  901.819363] ata1: lost interrupt (Status 0x58)
[  902.139406] ata1: found unknown device (class 0)
[  912.303131] ata1: lost interrupt (Status 0x58)
[  912.619265] ata1: found unknown device (class 0)
[  922.799223] ata1: lost interrupt (Status 0x58)
[  923.119453] ata1: found unknown device (class 0)
[  933.311331] ata1: lost interrupt (Status 0x58)
[  933.627240] ata1: found unknown device (class 0)
[  943.791295] ata1: lost interrupt (Status 0x58)
[  944.127318] ata1: found unknown device (class 0)
[  954.287208] ata1: lost interrupt (Status 0x58)
[  954.603408] ata1: found unknown device (class 0)
[  964.799149] ata1: lost interrupt (Status 0x58)
[  965.119263] ata1: found unknown device (class 0)
[  975.287219] ata1: lost interrupt (Status 0x58)
[  975.603308] ata1: found unknown device (class 0)
[  985.791334] ata1: lost interrupt (Status 0x58)
[  986.111197] ata1: found unknown device (class 0)
[  996.271223] ata1: lost interrupt (Status 0x58)
[  996.587273] ata1: found unknown device (class 0)
[ 1006.783207] ata1: lost interrupt (Status 0x58)
[ 1007.099357] ata1: found unknown device (class 0)
[ 1017.279184] ata1: lost interrupt (Status 0x58)
[ 1017.603241] ata1: found unknown device (class 0)
[ 1027.775125] ata1: lost interrupt (Status 0x58)
[ 1028.091293] ata1: found unknown device (class 0)
[ 1038.271400] ata1: lost interrupt (Status 0x58)
[ 1038.587383] ata1: found unknown device (class 0)
[ 1048.767258] ata1: lost interrupt (Status 0x58)
[ 1049.087299] ata1: found unknown device (class 0)
[ 1059.247298] ata1: lost interrupt (Status 0x58)
[ 1059.563440] ata1: found unknown device (class 0)
[ 1069.743123] ata1: lost interrupt (Status 0x58)
[ 1070.063272] ata1: found unknown device (class 0)
[ 1080.255272] ata1: lost interrupt (Status 0x58)
[ 1080.567242] ata1: found unknown device (class 0)
[ 1090.735356] ata1: lost interrupt (Status 0x58)
[ 1091.055279] ata1: found unknown device (class 0)
[ 1101.247214] ata1: lost interrupt (Status 0x58)
[ 1101.567372] ata1: found unknown device (class 0)
[ 1111.727239] ata1: lost interrupt (Status 0x58)
[ 1112.047202] ata1: found unknown device (class 0)
[ 1122.239256] ata1: lost interrupt (Status 0x58)
[ 1122.559329] ata1: found unknown device (class 0)
[ 1132.731221] ata1: lost interrupt (Status 0x58)
[ 1133.047449] ata1: found unknown device (class 0)
[ 1143.231346] ata1: lost interrupt (Status 0x58)
[ 1143.555398] ata1: found unknown device (class 0)
[ 1153.727219] ata1: lost interrupt (Status 0x58)
[ 1154.051366] ata1: found unknown device (class 0)
[ 1164.207115] ata1: lost interrupt (Status 0x58)
[ 1164.527269] ata1: found unknown device (class 0)
[ 1174.703238] ata1: lost interrupt (Status 0x58)
[ 1175.019269] ata1: found unknown device (class 0)
[ 1185.215255] ata1: lost interrupt (Status 0x58)
[ 1185.531318] ata1: found unknown device (class 0)
[ 1195.695219] ata1: lost interrupt (Status 0x58)
[ 1196.011373] ata1: found unknown device (class 0)
[ 1206.207406] ata1: lost interrupt (Status 0x58)
[ 1206.531395] ata1: found unknown device (class 0)
[ 1216.687270] ata1: lost interrupt (Status 0x58)
[ 1217.011272] ata1: found unknown device (class 0)
[ 1227.199350] ata1: lost interrupt (Status 0x58)
[ 1227.527313] ata1: found unknown device (class 0)
[ 1237.691407] ata1: lost interrupt (Status 0x58)
[ 1238.003325] ata1: found unknown device (class 0)
[ 1248.175400] ata1: lost interrupt (Status 0x58)
[ 1248.499404] ata1: found unknown device (class 0)
[ 1258.687101] ata1: lost interrupt (Status 0x58)
[ 1259.011228] ata1: found unknown device (class 0)
[ 1269.183112] ata1: lost interrupt (Status 0x58)
[ 1269.499374] ata1: found unknown device (class 0)
[ 1279.679270] ata1: lost interrupt (Status 0x58)
[ 1279.999455] ata1: found unknown device (class 0)
[ 1290.159275] ata1: lost interrupt (Status 0x58)
[ 1290.487362] ata1: found unknown device (class 0)
[ 1300.671353] ata1: lost interrupt (Status 0x58)
[ 1300.991382] ata1: found unknown device (class 0)
[ 1311.167146] ata1: lost interrupt (Status 0x58)
[ 1311.487215] ata1: found unknown device (class 0)
[ 1321.663130] ata1: lost interrupt (Status 0x58)
[ 1321.979265] ata1: found unknown device (class 0)
[ 1332.159124] ata1: lost interrupt (Status 0x58)
[ 1332.491268] ata1: found unknown device (class 0)
[ 1342.647350] ata1: lost interrupt (Status 0x58)
[ 1342.971294] ata1: found unknown device (class 0)
[ 1353.151192] ata1: lost interrupt (Status 0x58)
[ 1353.479354] ata1: found unknown device (class 0)
[ 1363.631163] ata1: lost interrupt (Status 0x58)
[ 1363.983447] ata1: found unknown device (class 0)
[ 1374.143278] ata1: lost interrupt (Status 0x58)
[ 1374.467291] ata1: found unknown device (class 0)
[ 1384.639168] ata1: lost interrupt (Status 0x58)
[ 1384.955210] ata1: found unknown device (class 0)
[ 1395.119410] ata1: lost interrupt (Status 0x58)
[ 1395.443264] ata1: found unknown device (class 0)
[ 1405.627154] ata1: lost interrupt (Status 0x58)
[ 1405.943320] ata1: found unknown device (class 0)
[ 1416.127155] ata1: lost interrupt (Status 0x58)
[ 1416.443410] ata1: found unknown device (class 0)
[ 1426.623244] ata1: lost interrupt (Status 0x58)
[ 1426.943252] ata1: found unknown device (class 0)
[ 1437.119275] ata1: lost interrupt (Status 0x58)
[ 1437.435407] ata1: found unknown device (class 0)
[ 1447.599264] ata1: lost interrupt (Status 0x58)
[ 1447.915405] ata1: found unknown device (class 0)
[ 1458.095224] ata1: lost interrupt (Status 0x58)
[ 1458.411246] ata1: found unknown device (class 0)
[ 1468.591253] ata1: lost interrupt (Status 0x58)
[ 1468.915220] ata1: found unknown device (class 0)
[ 1479.103140] ata1: lost interrupt (Status 0x58)
[ 1479.431216] ata1: found unknown device (class 0)
[ 1489.583298] ata1: lost interrupt (Status 0x58)
[ 1489.907446] ata1: found unknown device (class 0)
[ 1500.095164] ata1: lost interrupt (Status 0x58)
[ 1500.423320] ata1: found unknown device (class 0)
[ 1510.575114] ata1: lost interrupt (Status 0x58)
[ 1510.891246] ata1: found unknown device (class 0)
[ 1521.071291] ata1: lost interrupt (Status 0x58)
[ 1521.387347] ata1: found unknown device (class 0)
[ 1531.583579] ata1: lost interrupt (Status 0x58)
[ 1531.911209] ata1: found unknown device (class 0)
[ 1542.079151] ata1: lost interrupt (Status 0x58)
[ 1542.407246] ata1: found unknown device (class 0)
[ 1552.575296] ata1: lost interrupt (Status 0x58)
[ 1552.891433] ata1: found unknown device (class 0)
[ 1563.071267] ata1: lost interrupt (Status 0x58)
[ 1563.387357] ata1: found unknown device (class 0)
[ 1573.567198] ata1: lost interrupt (Status 0x58)
[ 1573.883378] ata1: found unknown device (class 0)
[ 1584.063310] ata1: lost interrupt (Status 0x58)
[ 1584.379236] ata1: found unknown device (class 0)
[ 1594.559293] ata1: lost interrupt (Status 0x58)
[ 1594.875334] ata1: found unknown device (class 0)
[ 1605.055208] ata1: lost interrupt (Status 0x58)
[ 1605.371417] ata1: found unknown device (class 0)
[ 1615.551166] ata1: lost interrupt (Status 0x58)
[ 1615.871339] ata1: found unknown device (class 0)
[ 1626.039207] ata1: lost interrupt (Status 0x58)
[ 1626.359265] ata1: found unknown device (class 0)
[ 1636.543294] ata1: lost interrupt (Status 0x58)
[ 1636.859345] ata1: found unknown device (class 0)
[ 1647.023370] ata1: lost interrupt (Status 0x58)
[ 1647.339364] ata1: found unknown device (class 0)
[ 1657.519127] ata1: lost interrupt (Status 0x58)
[ 1657.835281] ata1: found unknown device (class 0)
[ 1668.031297] ata1: lost interrupt (Status 0x58)
[ 1668.347255] ata1: found unknown device (class 0)
[ 1678.527247] ata1: lost interrupt (Status 0x58)
[ 1678.847441] ata1: found unknown device (class 0)
[ 1689.015309] ata1: lost interrupt (Status 0x58)
[ 1689.331366] ata1: found unknown device (class 0)
[ 1699.519218] ata1: lost interrupt (Status 0x58)
[ 1699.835299] ata1: found unknown device (class 0)
[ 1710.007275] ata1: lost interrupt (Status 0x58)
[ 1710.323447] ata1: found unknown device (class 0)
[ 1720.495142] ata1: lost interrupt (Status 0x58)
[ 1720.811273] ata1: found unknown device (class 0)
[ 1730.991237] ata1: lost interrupt (Status 0x58)
[ 1731.307383] ata1: found unknown device (class 0)
[ 1741.487122] ata1: lost interrupt (Status 0x58)
[ 1741.803296] ata1: found unknown device (class 0)
[ 1751.999258] ata1: lost interrupt (Status 0x58)
[ 1752.319316] ata1: found unknown device (class 0)
[ 1762.495274] ata1: lost interrupt (Status 0x58)
[ 1762.811386] ata1: found unknown device (class 0)
[ 1772.983275] ata1: lost interrupt (Status 0x58)
[ 1773.299371] ata1: found unknown device (class 0)
[ 1783.479206] ata1: lost interrupt (Status 0x58)
[ 1783.795317] ata1: found unknown device (class 0)
[ 1793.979196] ata1: lost interrupt (Status 0x58)
[ 1794.295370] ata1: found unknown device (class 0)
[ 1804.471334] ata1: lost interrupt (Status 0x58)
[ 1804.787362] ata1: found unknown device (class 0)
[ 1814.959264] ata1: lost interrupt (Status 0x58)
[ 1815.275429] ata1: found unknown device (class 0)
[ 1825.463368] ata1: lost interrupt (Status 0x58)
[ 1825.791292] ata1: found unknown device (class 0)
[ 1835.959201] ata1: lost interrupt (Status 0x58)
[ 1836.275359] ata1: found unknown device (class 0)
[ 1846.447286] ata1: lost interrupt (Status 0x58)
[ 1846.763357] ata1: found unknown device (class 0)
[ 1856.943207] ata1: lost interrupt (Status 0x58)
[ 1857.259269] ata1: found unknown device (class 0)
[ 1867.447207] ata1: lost interrupt (Status 0x58)
[ 1867.771310] ata1: found unknown device (class 0)
[ 1877.951226] ata1: lost interrupt (Status 0x58)
[ 1878.275289] ata1: found unknown device (class 0)
[ 1888.431368] ata1: lost interrupt (Status 0x58)
[ 1888.747333] ata1: found unknown device (class 0)
[ 1898.943196] ata1: lost interrupt (Status 0x58)
[ 1899.259312] ata1: found unknown device (class 0)
[ 1909.431136] ata1: lost interrupt (Status 0x58)
[ 1909.751415] ata1: found unknown device (class 0)
[ 1919.935262] ata1: lost interrupt (Status 0x58)
[ 1920.251312] ata1: found unknown device (class 0)
[ 1930.415285] ata1: lost interrupt (Status 0x58)
[ 1930.731368] ata1: found unknown device (class 0)
[ 1940.927346] ata1: lost interrupt (Status 0x58)
[ 1941.247306] ata1: found unknown device (class 0)
[ 1951.423192] ata1: lost interrupt (Status 0x58)
[ 1951.739470] ata1: found unknown device (class 0)
[ 1961.919279] ata1: lost interrupt (Status 0x58)
[ 1962.235303] ata1: found unknown device (class 0)
[ 1972.399282] ata1: lost interrupt (Status 0x58)
[ 1972.719277] ata1: found unknown device (class 0)
[ 1982.911126] ata1: lost interrupt (Status 0x58)
[ 1983.231310] ata1: found unknown device (class 0)
[ 1993.407228] ata1: lost interrupt (Status 0x58)
[ 1993.727423] ata1: found unknown device (class 0)
[ 2003.887279] ata1: lost interrupt (Status 0x58)
[ 2004.203284] ata1: found unknown device (class 0)
[ 2014.383302] ata1: lost interrupt (Status 0x58)
[ 2014.699286] ata1: found unknown device (class 0)
[ 2024.879334] ata1: lost interrupt (Status 0x58)
[ 2025.195376] ata1: found unknown device (class 0)
[ 2035.391283] ata1: lost interrupt (Status 0x58)
[ 2035.711327] ata1: found unknown device (class 0)
[ 2045.883376] ata1: lost interrupt (Status 0x58)
[ 2046.199428] ata1: found unknown device (class 0)
[ 2056.383165] ata1: lost interrupt (Status 0x58)
[ 2056.699280] ata1: found unknown device (class 0)
[ 2066.883326] ata1: lost interrupt (Status 0x58)
[ 2067.199421] ata1: found unknown device (class 0)
[ 2077.367383] ata1: lost interrupt (Status 0x58)
[ 2077.683451] ata1: found unknown device (class 0)
[ 2087.871376] ata1: lost interrupt (Status 0x58)
[ 2088.195451] ata1: found unknown device (class 0)
[ 2098.351236] ata1: lost interrupt (Status 0x58)
[ 2098.679264] ata1: found unknown device (class 0)
[ 2108.863312] ata1: lost interrupt (Status 0x58)
[ 2109.179332] ata1: found unknown device (class 0)
