c[?7l[2J[0mSeaBIOS (version rel-1.16.3-0-ga6ed6b701f0a-prebuilt.qemu.org)


iPXE (http://ipxe.org) 00:03.0 CA00 PCI2.10 PnP PMM+7EFD0D60+7EF30D60 CA00
Press Ctrl-B to configure iPXE (PCI 00:03.0)...                                                                               


Booting from ROM..c[?7l[2J[    0.000000] Linux version 6.19.0-rc5-9e995c573b63+ (root@gnr-800442) (gcc (GCC) 11.5.0 20240719 (Red Hat 11.5.0-14), GNU ld version 2.35.2-66.el9) #1 SMP PREEMPT_DYNAMIC Tue Jan 27 18:01:35 CST 2026
[    0.000000] Command line: console=ttyS0 root=/dev/sda earlyprintk=serial net.ifnames=0 thunderbolt.dyndbg
[    0.000000] KERNEL supported cpus:
[    0.000000]   Intel GenuineIntel
[    0.000000]   AMD AuthenticAMD
[    0.000000]   Hygon HygonGenuine
[    0.000000]   Centaur CentaurHauls
[    0.000000]   zhaoxin   Shanghai  
[    0.000000] x86/CPU: Model not found in latest microcode list
[    0.000000] x86/split lock detection: #DB: warning on user-space bus_locks
[    0.000000] BIOS-provided physical RAM map:
[    0.000000] BIOS-e820: [mem 0x0000000000000000-0x000000000009fbff] usable
[    0.000000] BIOS-e820: [mem 0x000000000009fc00-0x000000000009ffff] reserved
[    0.000000] BIOS-e820: [mem 0x00000000000f0000-0x00000000000fffff] reserved
[    0.000000] BIOS-e820: [mem 0x0000000000100000-0x000000007ffdffff] usable
[    0.000000] BIOS-e820: [mem 0x000000007ffe0000-0x000000007fffffff] reserved
[    0.000000] BIOS-e820: [mem 0x00000000feffc000-0x00000000feffffff] reserved
[    0.000000] BIOS-e820: [mem 0x00000000fffc0000-0x00000000ffffffff] reserved
[    0.000000] printk: legacy bootconsole [earlyser0] enabled
[    0.000000] NX (Execute Disable) protection: active
[    0.000000] APIC: Static calls initialized
[    0.000000] SMBIOS 3.0.0 present.
[    0.000000] DMI: QEMU Standard PC (i440FX + PIIX, 1996), BIOS rel-1.16.3-0-ga6ed6b701f0a-prebuilt.qemu.org 04/01/2014
[    0.000000] DMI: Memory slots populated: 1/1
[    0.000000] Hypervisor detected: KVM
[    0.000000] last_pfn = 0x7ffe0 max_arch_pfn = 0x10000000000
[    0.000000] kvm-clock: Using msrs 4b564d01 and 4b564d00
[    0.000003] kvm-clock: using sched offset of 724033096 cycles
[    0.000483] clocksource: kvm-clock: mask: 0xffffffffffffffff max_cycles: 0x1cd42e4dffb, max_idle_ns: 881590591483 ns
[    0.001970] tsc: Detected 2500.000 MHz processor
[    0.011165] last_pfn = 0x7ffe0 max_arch_pfn = 0x10000000000
[    0.011701] MTRR map: 4 entries (3 fixed + 1 variable; max 19), built from 8 variable MTRRs
[    0.012475] x86/PAT: Configuration [0-7]: WB  WC  UC- UC  WB  WP  UC- WT  
[    0.018439] found SMP MP-table at [mem 0x000f5480-0x000f548f]
[    0.019004] Using GB pages for direct mapping
[    0.021759] ACPI: Early table checksum verification disabled
[    0.022283] ACPI: RSDP 0x00000000000F52A0 000014 (v00 BOCHS )
[    0.022829] ACPI: RSDT 0x000000007FFE1C9B 000034 (v01 BOCHS  BXPC     00000001 BXPC 00000001)
[    0.023648] ACPI: FACP 0x000000007FFE1B47 000074 (v01 BOCHS  BXPC     00000001 BXPC 00000001)
[    0.024471] ACPI: DSDT 0x000000007FFE0040 001B07 (v01 BOCHS  BXPC     00000001 BXPC 00000001)
[    0.025281] ACPI: FACS 0x000000007FFE0000 000040
[    0.025720] ACPI: APIC 0x000000007FFE1BBB 000080 (v03 BOCHS  BXPC     00000001 BXPC 00000001)
[    0.026527] ACPI: HPET 0x000000007FFE1C3B 000038 (v01 BOCHS  BXPC     00000001 BXPC 00000001)
[    0.027338] ACPI: WAET 0x000000007FFE1C73 000028 (v01 BOCHS  BXPC     00000001 BXPC 00000001)
[    0.028135] ACPI: Reserving FACP table memory at [mem 0x7ffe1b47-0x7ffe1bba]
[    0.028773] ACPI: Reserving DSDT table memory at [mem 0x7ffe0040-0x7ffe1b46]
[    0.029421] ACPI: Reserving FACS table memory at [mem 0x7ffe0000-0x7ffe003f]
[    0.030074] ACPI: Reserving APIC table memory at [mem 0x7ffe1bbb-0x7ffe1c3a]
[    0.030721] ACPI: Reserving HPET table memory at [mem 0x7ffe1c3b-0x7ffe1c72]
[    0.031376] ACPI: Reserving WAET table memory at [mem 0x7ffe1c73-0x7ffe1c9a]
[    0.032621] No NUMA configuration found
[    0.032978] Faking a node at [mem 0x0000000000000000-0x000000007ffdffff]
[    0.033632] NODE_DATA(0) allocated [mem 0x7ffb4ec0-0x7ffdfcbf]
[    0.035273] Zone ranges:
[    0.035527]   DMA      [mem 0x0000000000001000-0x0000000000ffffff]
[    0.036105]   DMA32    [mem 0x0000000001000000-0x000000007ffdffff]
[    0.036665]   Normal   empty
[    0.036930]   Device   empty
[    0.037207] Movable zone start for each node
[    0.037610] Early memory node ranges
[    0.037937]   node   0: [mem 0x0000000000001000-0x000000000009efff]
[    0.038513]   node   0: [mem 0x0000000000100000-0x000000007ffdffff]
[    0.039082] Initmem setup node 0 [mem 0x0000000000001000-0x000000007ffdffff]
[    0.039968] On node 0, zone DMA: 1 pages in unavailable ranges
[    0.040700] On node 0, zone DMA: 97 pages in unavailable ranges
[    0.070004] On node 0, zone DMA32: 32 pages in unavailable ranges
[    0.123789] KernelAddressSanitizer initialized (generic)
[    0.124559] ACPI: PM-Timer IO Port: 0x608
[    0.124956] ACPI: LAPIC_NMI (acpi_id[0xff] dfl dfl lint[0x1])
[    0.125542] IOAPIC[0]: apic_id 0, version 17, address 0xfec00000, GSI 0-23
[    0.126141] ACPI: INT_SRC_OVR (bus 0 bus_irq 0 global_irq 2 dfl dfl)
[    0.126671] ACPI: INT_SRC_OVR (bus 0 bus_irq 5 global_irq 5 high level)
[    0.127237] ACPI: INT_SRC_OVR (bus 0 bus_irq 9 global_irq 9 high level)
[    0.127794] ACPI: INT_SRC_OVR (bus 0 bus_irq 10 global_irq 10 high level)
[    0.128386] ACPI: INT_SRC_OVR (bus 0 bus_irq 11 global_irq 11 high level)
[    0.128978] ACPI: Using ACPI (MADT) for SMP configuration information
[    0.129526] ACPI: HPET id: 0x8086a201 base: 0xfed00000
[    0.129963] TSC deadline timer available
[    0.130333] CPU topo: Max. logical packages:   1
[    0.130747] CPU topo: Max. logical dies:       1
[    0.131181] CPU topo: Max. dies per package:   1
[    0.131613] CPU topo: Max. threads per core:   1
[    0.132041] CPU topo: Num. cores per package:     2
[    0.132483] CPU topo: Num. threads per package:   2
[    0.132918] CPU topo: Allowing 2 present CPUs plus 0 hotplug CPUs
[    0.133515] kvm-guest: APIC: eoi() replaced with kvm_guest_apic_eoi_write()
[    0.134187] kvm-guest: KVM setup pv remote TLB flush
[    0.134643] kvm-guest: setup PV sched yield
[    0.135072] PM: hibernation: Registered nosave memory: [mem 0x00000000-0x00000fff]
[    0.135758] PM: hibernation: Registered nosave memory: [mem 0x0009f000-0x000fffff]
[    0.136447] [mem 0x80000000-0xfeffbfff] available for PCI devices
[    0.136996] Booting paravirtualized kernel on KVM
[    0.137430] clocksource: refined-jiffies: mask: 0xffffffff max_cycles: 0xffffffff, max_idle_ns: 7645519600211568 ns
[    0.138395] setup_percpu: NR_CPUS:8192 nr_cpumask_bits:2 nr_cpu_ids:2 nr_node_ids:1
[    0.139547] percpu: Embedded 81 pages/cpu s294912 r8192 d28672 u1048576
[    0.140358] kvm-guest: PV spinlocks enabled
[    0.140756] PV qspinlock hash table entries: 256 (order: 0, 4096 bytes, linear)
[    0.141448] Kernel command line: net.ifnames=0 console=ttyS0 root=/dev/sda earlyprintk=serial net.ifnames=0 thunderbolt.dyndbg
[    0.142777] random: crng init done
[    0.143098] printk: log buffer data + meta data: 262144 + 917504 = 1179648 bytes
[    0.144178] Dentry cache hash table entries: 262144 (order: 9, 2097152 bytes, linear)
[    0.145259] Inode-cache hash table entries: 131072 (order: 8, 1048576 bytes, linear)
[    0.146286] Fallback order for Node 0: 0 
[    0.146297] Built 1 zonelists, mobility grouping on.  Total pages: 524158
[    0.147268] Policy zone: DMA32
[    0.147543] mem auto-init: stack:off, heap alloc:off, heap free:off
[    0.148109] stackdepot: allocating hash table via alloc_large_system_hash
[    0.148720] stackdepot hash table entries: 1048576 (order: 12, 16777216 bytes, linear)
[    0.152362] stackdepot: allocating space for 8192 stack pools via memblock
[    0.186723] SLUB: HWalign=64, Order=0-3, MinObjects=0, CPUs=2, Nodes=1
[    0.187338] kmemleak: Kernel memory leak detector disabled
[    0.223926] ftrace: allocating 75281 entries in 296 pages
[    0.224430] ftrace: allocated 296 pages with 3 groups
[    0.229282] Dynamic Preempt: voluntary
[    0.230135] Running RCU self tests
[    0.230447] Running RCU synchronous self tests
[    0.230848] rcu: Preemptible hierarchical RCU implementation.
[    0.231375] rcu: 	RCU lockdep checking is enabled.
[    0.231807] rcu: 	RCU restricting CPUs from NR_CPUS=8192 to nr_cpu_ids=2.
[    0.232425] 	Trampoline variant of Tasks RCU enabled.
[    0.232873] 	Rude variant of Tasks RCU enabled.
[    0.233285] 	Tracing variant of Tasks RCU enabled.
[    0.233708] rcu: RCU calculated value of scheduler-enlistment delay is 25 jiffies.
[    0.234381] rcu: Adjusting geometry for rcu_fanout_leaf=16, nr_cpu_ids=2
[    0.235061] Running RCU synchronous self tests
[    0.235463] RCU Tasks: Setting shift to 1 and lim to 1 rcu_task_cb_adjust=1 rcu_task_cpu_ids=2.
[    0.236240] RCU Tasks Rude: Setting shift to 1 and lim to 1 rcu_task_cb_adjust=1 rcu_task_cpu_ids=2.
[    0.237050] RCU Tasks Trace: Setting shift to 1 and lim to 1 rcu_task_cb_adjust=1 rcu_task_cpu_ids=2.
[    0.317304] NR_IRQS: 524544, nr_irqs: 440, preallocated irqs: 16
[    0.318475] rcu: srcu_init: Setting srcu_struct sizes based on contention.
[    0.327494] Console: colour VGA+ 80x25
[    0.327897] printk: legacy console [ttyS0] enabled
[    0.327897] printk: legacy console [ttyS0] enabled
[    0.328770] printk: legacy bootconsole [earlyser0] disabled
[    0.328770] printk: legacy bootconsole [earlyser0] disabled
[    0.329773] Lock dependency validator: Copyright (c) 2006 Red Hat, Inc., Ingo Molnar
[    0.330470] ... MAX_LOCKDEP_SUBCLASSES:  8
[    0.330841] ... MAX_LOCK_DEPTH:          48
[    0.331230] ... MAX_LOCKDEP_KEYS:        8192
[    0.331631] ... CLASSHASH_SIZE:          4096
[    0.332032] ... MAX_LOCKDEP_ENTRIES:     32768
[    0.332439] ... MAX_LOCKDEP_CHAINS:      65536
[    0.332843] ... CHAINHASH_SIZE:          32768
[    0.333255]  memory used by lock dependency info: 6429 kB
[    0.333743]  memory used for stack traces: 4224 kB
[    0.334186]  per task-struct memory footprint: 1920 bytes
[    0.334752] ACPI: Core revision 20250807
[    0.335552] clocksource: hpet: mask: 0xffffffff max_cycles: 0xffffffff, max_idle_ns: 19112604467 ns
[    0.336543] APIC: Switch to symmetric I/O mode setup
[    0.337180] x2apic enabled
[    0.337839] APIC: Switched APIC routing to: physical x2apic
[    0.338353] kvm-guest: APIC: send_IPI_mask() replaced with kvm_send_ipi_mask()
[    0.339013] kvm-guest: APIC: send_IPI_mask_allbutself() replaced with kvm_send_ipi_mask_allbutself()
[    0.339848] kvm-guest: setup PV IPIs
[    0.341322] ..TIMER: vector=0x30 apic1=0 pin1=2 apic2=-1 pin2=-1
[    0.341841] clocksource: tsc-early: mask: 0xffffffffffffffff max_cycles: 0x240939f1bb2, max_idle_ns: 440795263295 ns
[    0.342784] Calibrating delay loop (skipped) preset value.. 5000.00 BogoMIPS (lpj=10000000)
[    0.343674] x86/cpu: User Mode Instruction Prevention (UMIP) activated
[    0.344306] Last level iTLB entries: 4KB 0, 2MB 0, 4MB 0
[    0.346803] Last level dTLB entries: 4KB 0, 2MB 0, 4MB 0, 1GB 0
[    0.347403] mitigations: Enabled attack vectors: user_kernel, user_user, guest_host, guest_guest, SMT mitigations: auto
[    0.348397] Speculative Store Bypass: Mitigation: Speculative Store Bypass disabled via prctl
[    0.349165] Spectre V2 : Mitigation: Enhanced / Automatic IBRS
[    0.349688] ITS: Mitigation: Aligned branch/return thunks
[    0.350192] Spectre V1 : Mitigation: usercopy/swapgs barriers and __user pointer sanitization
[    0.350777] Spectre V2 : WARNING: Unprivileged eBPF is enabled with eIBRS on, data leaks possible via Spectre v2 BHB attacks!
[    0.351806] Spectre V2 : Spectre v2 / PBRSB-eIBRS: Retire a single CALL on VMEXIT
[    0.352449] Spectre V2 : mitigation: Enabling conditional Indirect Branch Prediction Barrier
[    0.353187] active return thunk: its_return_thunk
[    0.353607] Spectre V2 : Spectre BHI mitigation: SW BHB clearing on syscall and VM exit
[    0.354847] x86/fpu: Supporting XSAVE feature 0x001: 'x87 floating point registers'
[    0.355554] x86/fpu: Supporting XSAVE feature 0x002: 'SSE registers'
[    0.356127] x86/fpu: Supporting XSAVE feature 0x004: 'AVX registers'
[    0.356689] x86/fpu: Supporting XSAVE feature 0x020: 'AVX-512 opmask'
[    0.357267] x86/fpu: Supporting XSAVE feature 0x040: 'AVX-512 Hi256'
[    0.357826] x86/fpu: Supporting XSAVE feature 0x080: 'AVX-512 ZMM_Hi256'
[    0.358430] x86/fpu: Supporting XSAVE feature 0x200: 'Protection Keys User registers'
[    0.358783] x86/fpu: Supporting XSAVE feature 0x20000: 'AMX Tile config'
[    0.359396] x86/fpu: Supporting XSAVE feature 0x40000: 'AMX Tile data'
[    0.359978] x86/fpu: xstate_offset[2]:  576, xstate_sizes[2]:  256
[    0.360537] x86/fpu: xstate_offset[5]:  832, xstate_sizes[5]:   64
[    0.361086] x86/fpu: xstate_offset[6]:  896, xstate_sizes[6]:  512
[    0.361642] x86/fpu: xstate_offset[7]: 1408, xstate_sizes[7]: 1024
[    0.362779] x86/fpu: xstate_offset[9]: 2432, xstate_sizes[9]:    8
[    0.363346] x86/fpu: xstate_offset[17]: 2496, xstate_sizes[17]:   64
[    0.363922] x86/fpu: xstate_offset[18]: 2560, xstate_sizes[18]: 8192
[    0.364488] x86/fpu: Enabled xstate features 0x602e7, context size is 10752 bytes, using 'compacted' format.
[    0.539228] Freeing SMP alternatives memory: 64K
[    0.539655] pid_max: default: 32768 minimum: 301
[    0.540421] Yama: becoming mindful.
[    0.541167] Mount-cache hash table entries: 4096 (order: 3, 32768 bytes, linear)
[    0.541843] Mountpoint-cache hash table entries: 4096 (order: 3, 32768 bytes, linear)
[    0.544156] Running RCU synchronous self tests
[    0.544556] Running RCU synchronous self tests
[    0.545258] smpboot: CPU0: Intel GENUINE INTEL(R) XEON(R) (family: 0x6, model: 0xad, stepping: 0x0)
[    0.546772] Performance Events: PEBS fmt0-, Granite Rapids events, 
[    0.546772] core: The event 0x400 is not supported as a normal event.
[    0.546772] core: The event 0x8000 is not supported as a normal event.
[    0.546772] core: The event 0x8100 is not supported as a normal event.
[    0.546781] core: The event 0x8200 is not supported as a normal event.
[    0.547360] core: The event 0x8300 is not supported as a normal event.
[    0.547948] core: The event 0x8400 is not supported as a normal event.
[    0.548528] core: The event 0x8500 is not supported as a normal event.
[    0.549110] core: The event 0x8600 is not supported as a normal event.
[    0.549690] core: The event 0x8700 is not supported as a normal event.
[    0.550299] full-width counters, Intel PMU driver.
[    0.550759] ... version:                   2
[    0.550778] ... bit width:                 48
[    0.551163] ... generic counters:          8
[    0.551544] ... generic bitmap:            00000000000000ff
[    0.552030] ... fixed-purpose counters:    3
[    0.552408] ... fixed-purpose bitmap:      0000000000000007
[    0.552891] ... value mask:                0000ffffffffffff
[    0.553371] ... max period:                00007fffffffffff
[    0.553861] ... global_ctrl mask:          00000007000000ff
[    0.554898] signal: max sigframe size: 11952
[    0.555455] rcu: Hierarchical SRCU implementation.
[    0.555892] rcu: 	Max phase no-delay instances is 1000.
[    0.556575] Timer migration: 1 hierarchy levels; 8 children per group; 1 crossnode level
[    0.582825] smp: Bringing up secondary CPUs ...
[    0.583839] smpboot: x86: Booting SMP configuration:
[    0.584308] .... node  #0, CPUs:      #1
[    0.584744] smp: Brought up 1 node, 2 CPUs
[    0.586790] smpboot: Total of 2 processors activated (10000.00 BogoMIPS)
[    0.588493] Memory: 1591816K/2096632K available (80930K kernel code, 15558K rwdata, 18820K rodata, 16420K init, 20848K bss, 493188K reserved, 0K cma-reserved)
[    0.591022] devtmpfs: initialized
[    0.591889] x86/mm: Memory block size: 128MB
[    0.603260] Running RCU synchronous self tests
[    0.603689] Running RCU synchronous self tests
[    0.604195] Running RCU Tasks wait API self tests
[    0.604195] Running RCU Tasks Rude wait API self tests
[    0.606793] Running RCU Tasks Trace wait API self tests
[    0.626811] clocksource: jiffies: mask: 0xffffffff max_cycles: 0xffffffff, max_idle_ns: 7645041785100000 ns
[    0.627726] posixtimers hash table entries: 1024 (order: 5, 73728 bytes, linear)
[    0.630817] futex hash table entries: 512 (65536 bytes on 1 NUMA nodes, total 64 KiB, linear).
[    0.634065] 
[    0.634237] *************************************************************
[    0.634781] **     NOTICE NOTICE NOTICE NOTICE NOTICE NOTICE NOTICE    **
[    0.635393] **                                                         **
[    0.635997] **  IOMMU DebugFS SUPPORT HAS BEEN ENABLED IN THIS KERNEL  **
[    0.636605] **                                                         **
[    0.637215] ** This means that this kernel is built to expose internal **
[    0.637808] ** IOMMU data structures, which may compromise security on **
[    0.638410] ** your system.                                            **
[    0.638778] **                                                         **
[    0.639375] ** If you see this message and you are not debugging the   **
[    0.639976] ** kernel, report this immediately to your vendor!         **
[    0.640568] **                                                         **
[    0.641170] **     NOTICE NOTICE NOTICE NOTICE NOTICE NOTICE NOTICE    **
[    0.641777] *************************************************************
[    0.642456] PM: RTC time: 10:03:18, date: 2026-01-27
[    0.645465] NET: Registered PF_NETLINK/PF_ROUTE protocol family
[    0.647729] DMA: preallocated 256 KiB GFP_KERNEL pool for atomic allocations
[    0.648400] DMA: preallocated 256 KiB GFP_KERNEL|GFP_DMA pool for atomic allocations
[    0.649115] DMA: preallocated 256 KiB GFP_KERNEL|GFP_DMA32 pool for atomic allocations
[    0.649913] audit: initializing netlink subsys (disabled)
[    0.650821] audit: type=2000 audit(1769508198.485:1): state=initialized audit_enabled=0 res=1
[    0.652710] thermal_sys: Registered thermal governor 'fair_share'
[    0.652721] thermal_sys: Registered thermal governor 'bang_bang'
[    0.652721] thermal_sys: Registered thermal governor 'step_wise'
[    0.652721] thermal_sys: Registered thermal governor 'user_space'
[    0.654794] cpuidle: using governor ladder
[    0.655785] cpuidle: using governor menu
[    0.655933] acpiphp: ACPI Hot Plug PCI Controller Driver version: 0.5
[    0.655933] PCI: Using configuration type 1 for base access
[    0.659163] kprobes: kprobe jump-optimization is enabled. All kprobes are optimized if possible.
[    0.659997] Callback from call_rcu_tasks_trace() invoked.
[    0.797425] HugeTLB: registered 1.00 GiB page size, pre-allocated 0 pages
[    0.798048] HugeTLB: 16380 KiB vmemmap can be freed for a 1.00 GiB page
[    0.798653] HugeTLB: registered 2.00 MiB page size, pre-allocated 0 pages
[    0.798780] HugeTLB: 28 KiB vmemmap can be freed for a 2.00 MiB page
[    0.812889] ACPI: Added _OSI(Module Device)
[    0.813290] ACPI: Added _OSI(Processor Device)
[    0.813697] ACPI: Added _OSI(Processor Aggregator Device)
[    0.833307] ACPI: 1 ACPI AML tables successfully acquired and loaded
[    0.840718] ACPI: Interpreter enabled
[    0.841177] ACPI: PM: (supports S0 S3 S4 S5)
[    0.841547] ACPI: Using IOAPIC for interrupt routing
[    0.842054] PCI: Using host bridge windows from ACPI; if necessary, use "pci=nocrs" and report a bug
[    0.842778] PCI: Using E820 reservations for host bridge windows
[    0.844661] ACPI: Enabled 2 GPEs in block 00 to 0F
[    0.892371] ACPI: PCI Root Bridge [PCI0] (domain 0000 [bus 00-ff])
[    0.892958] acpi PNP0A03:00: _OSC: OS supports [ASPM ClockPM Segments MSI EDR HPX-Type3]
[    0.893684] acpi PNP0A03:00: _OSC: not requesting OS control; OS requires [ExtendedConfig ASPM ClockPM MSI]
[    0.894720] acpi PNP0A03:00: fail to add MMCONFIG information, can't access extended configuration space under this bridge
[    0.900620] acpiphp: Slot [3] registered
[    0.901139] acpiphp: Slot [4] registered
[    0.901667] acpiphp: Slot [5] registered
[    0.902174] acpiphp: Slot [6] registered
[    0.902704] acpiphp: Slot [7] registered
[    0.903192] acpiphp: Slot [8] registered
[    0.903729] acpiphp: Slot [9] registered
[    0.904259] acpiphp: Slot [10] registered
[    0.904784] acpiphp: Slot [11] registered
[    0.905326] acpiphp: Slot [12] registered
[    0.905847] acpiphp: Slot [13] registered
[    0.906380] acpiphp: Slot [14] registered
[    0.906906] acpiphp: Slot [15] registered
[    0.907444] acpiphp: Slot [16] registered
[    0.907966] acpiphp: Slot [17] registered
[    0.908493] acpiphp: Slot [18] registered
[    0.909017] acpiphp: Slot [19] registered
[    0.909549] acpiphp: Slot [20] registered
[    0.910069] acpiphp: Slot [21] registered
[    0.910598] acpiphp: Slot [22] registered
[    0.910942] acpiphp: Slot [23] registered
[    0.911467] acpiphp: Slot [24] registered
[    0.911998] acpiphp: Slot [25] registered
[    0.912523] acpiphp: Slot [26] registered
[    0.913054] acpiphp: Slot [27] registered
[    0.913587] acpiphp: Slot [28] registered
[    0.914115] acpiphp: Slot [29] registered
[    0.914636] acpiphp: Slot [30] registered
[    0.914936] acpiphp: Slot [31] registered
[    0.915371] PCI host bridge to bus 0000:00
[    0.915811] pci_bus 0000:00: root bus resource [io  0x0000-0x0cf7 window]
[    0.916417] pci_bus 0000:00: root bus resource [io  0x0d00-0xffff window]
[    0.917031] pci_bus 0000:00: root bus resource [mem 0x000a0000-0x000bffff window]
[    0.917701] pci_bus 0000:00: root bus resource [mem 0x80000000-0xfebfffff window]
[    0.918362] pci_bus 0000:00: root bus resource [mem 0x100000000-0x17fffffff window]
[    0.918782] pci_bus 0000:00: root bus resource [bus 00-ff]
[    0.919401] pci 0000:00:00.0: [8086:1237] type 00 class 0x060000 conventional PCI endpoint
[    0.921869] pci 0000:00:01.0: [8086:7000] type 00 class 0x060100 conventional PCI endpoint
[    0.924120] pci 0000:00:01.1: [8086:7010] type 00 class 0x010180 conventional PCI endpoint
[    0.925386] pci 0000:00:01.1: BAR 4 [io  0xc040-0xc04f]
[    0.925888] pci 0000:00:01.1: BAR 0 [io  0x01f0-0x01f7]: legacy IDE quirk
[    0.926496] pci 0000:00:01.1: BAR 1 [io  0x03f6]: legacy IDE quirk
[    0.926780] pci 0000:00:01.1: BAR 2 [io  0x0170-0x0177]: legacy IDE quirk
[    0.927388] pci 0000:00:01.1: BAR 3 [io  0x0376]: legacy IDE quirk
[    0.929185] pci 0000:00:01.3: [8086:7113] type 00 class 0x068000 conventional PCI endpoint
[    0.930218] pci 0000:00:01.3: quirk: [io  0x0600-0x063f] claimed by PIIX4 ACPI
[    0.930785] pci 0000:00:01.3: quirk: [io  0x0700-0x070f] claimed by PIIX4 SMB
[    0.932582] pci 0000:00:02.0: [1234:1111] type 00 class 0x030000 conventional PCI endpoint
[    0.934437] pci 0000:00:02.0: BAR 0 [mem 0xfd000000-0xfdffffff pref]
[    0.934795] pci 0000:00:02.0: BAR 2 [mem 0xfebf0000-0xfebf0fff]
[    0.935345] pci 0000:00:02.0: ROM [mem 0xfebe0000-0xfebeffff pref]
[    0.935993] pci 0000:00:02.0: Video device with shadowed ROM at [mem 0x000c0000-0x000dffff]
[    0.937828] pci 0000:00:03.0: [8086:100e] type 00 class 0x020000 conventional PCI endpoint
[    0.939223] pci 0000:00:03.0: BAR 0 [mem 0xfebc0000-0xfebdffff]
[    0.939728] pci 0000:00:03.0: BAR 1 [io  0xc000-0xc03f]
[    0.940178] pci 0000:00:03.0: ROM [mem 0xfeb80000-0xfebbffff pref]
[    0.967492] ACPI: PCI: Interrupt link LNKA configured for IRQ 10
[    0.969189] ACPI: PCI: Interrupt link LNKB configured for IRQ 10
[    0.970832] ACPI: PCI: Interrupt link LNKC configured for IRQ 11
[    0.972460] ACPI: PCI: Interrupt link LNKD configured for IRQ 11
[    0.973459] ACPI: PCI: Interrupt link LNKS configured for IRQ 9
[    0.977947] iommu: Default domain type: Translated
[    0.978399] iommu: DMA domain TLB invalidation policy: lazy mode
[    0.981285] SCSI subsystem initialized
[    0.983236] ACPI: bus type USB registered
[    0.983875] usbcore: registered new interface driver usbfs
[    0.984487] usbcore: registered new interface driver hub
[    0.985035] usbcore: registered new device driver usb
[    0.986081] pps_core: LinuxPPS API ver. 1 registered
[    0.986544] pps_core: Software ver. 5.3.6 - Copyright 2005-2007 Rodolfo Giometti <giometti@linux.it>
[    0.986814] PTP clock support registered
[    0.991032] EDAC MC: Ver: 3.0.0
[    0.995030] NetLabel: Initializing
[    0.995376] NetLabel:  domain hash size = 128
[    0.995782] NetLabel:  protocols = UNLABELED CIPSOv4 CALIPSO
[    0.996419] NetLabel:  unlabeled traffic allowed by default
[    0.997458] PCI: Using ACPI for IRQ routing
[    0.998232] pci 0000:00:02.0: vgaarb: setting as boot VGA device
[    0.998772] pci 0000:00:02.0: vgaarb: bridge control possible
[    0.998772] pci 0000:00:02.0: vgaarb: VGA device added: decodes=io+mem,owns=io+mem,locks=none
[    0.998783] vgaarb: loaded
[    0.999464] hpet0: at MMIO 0xfed00000, IRQs 2, 8, 0
[    0.999918] hpet0: 3 comparators, 64-bit 100.000000 MHz counter
[    1.002965] clocksource: Switched to clocksource kvm-clock
[    4.122696] VFS: Disk quotas dquot_6.6.0
[    4.123098] VFS: Dquot-cache hash table entries: 512 (order 0, 4096 bytes)
[    4.125181] pnp: PnP ACPI init
[    4.130025] pnp: PnP ACPI: found 6 devices
[    4.151484] clocksource: acpi_pm: mask: 0xffffff max_cycles: 0xffffff, max_idle_ns: 2085701024 ns
[    4.152805] NET: Registered PF_INET protocol family
[    4.153384] IP idents hash table entries: 32768 (order: 6, 262144 bytes, linear)
[    4.155631] tcp_listen_portaddr_hash hash table entries: 1024 (order: 5, 73728 bytes, linear)
[    4.156458] Table-perturb hash table entries: 65536 (order: 6, 262144 bytes, linear)
[    4.157245] TCP established hash table entries: 16384 (order: 5, 131072 bytes, linear)
[    4.158220] TCP bind hash table entries: 16384 (order: 10, 2359296 bytes, linear)
[    4.159864] TCP: Hash tables configured (established 16384 bind 16384)
[    4.160558] UDP hash table entries: 1024 (order: 6, 262144 bytes, linear)
[    4.161253] UDP-Lite hash table entries: 1024 (order: 6, 262144 bytes, linear)
[    4.162222] NET: Registered PF_UNIX/PF_LOCAL protocol family
[    4.164105] RPC: Registered named UNIX socket transport module.
[    4.164671] RPC: Registered udp transport module.
[    4.165099] RPC: Registered tcp transport module.
[    4.165527] RPC: Registered tcp-with-tls transport module.
[    4.166018] RPC: Registered tcp NFSv4.1 backchannel transport module.
[    4.166601] pci_bus 0000:00: resource 4 [io  0x0000-0x0cf7 window]
[    4.167155] pci_bus 0000:00: resource 5 [io  0x0d00-0xffff window]
[    4.167723] pci_bus 0000:00: resource 6 [mem 0x000a0000-0x000bffff window]
[    4.168338] pci_bus 0000:00: resource 7 [mem 0x80000000-0xfebfffff window]
[    4.168938] pci_bus 0000:00: resource 8 [mem 0x100000000-0x17fffffff window]
[    4.169975] pci 0000:00:01.0: PIIX3: Enabling Passive Release
[    4.170507] pci 0000:00:00.0: Limiting direct PCI/PCI transfers
[    4.171128] PCI: CLS 0 bytes, default 64
[    4.171575] ACPI: bus type thunderbolt registered
[    4.172428] clocksource: tsc: mask: 0xffffffffffffffff max_cycles: 0x240939f1bb2, max_idle_ns: 440795263295 ns
[    4.181118] Initialise system trusted keyrings
[    4.181630] Key type blacklist registered
[    4.182612] workingset: timestamp_bits=36 max_order=19 bucket_order=0
[    4.185108] squashfs: version 4.0 (2009/01/31) Phillip Lougher
[    4.188080] NFS: Registering the id_resolver key type
[    4.188590] Key type id_resolver registered
[    4.188971] Key type id_legacy registered
[    4.189390] nfs4filelayout_init: NFSv4 File Layout Driver Registering...
[    4.190016] nfs4flexfilelayout_init: NFSv4 Flexfile Layout Driver Registering...
[    4.191276] fuse: init (API version 7.45)
[    4.192768] SGI XFS with ACLs, security attributes, realtime, quota, no debug enabled
[    4.195428] 9p: Installing v9fs 9p2000 file system support
[    4.196196] Callback from call_rcu_tasks() invoked.
[    4.211897] Key type asymmetric registered
[    4.212302] Asymmetric key parser 'x509' registered
[    4.212878] Block layer SCSI generic (bsg) driver version 0.4 loaded (major 241)
[    4.214388] io scheduler mq-deadline registered
[    4.214952] io scheduler bfq registered
[    4.216377] ledtrig-cpu: registered to indicate activity on CPUs
[    4.218508] IPMI message handler: version 39.2
[    4.219006] ipmi device interface
[    4.221820] input: Power Button as /devices/LNXSYSTM:00/LNXPWRBN:00/input/input0
[    4.223085] ACPI: button: Power Button [PWRF]
[    4.225737] ERST DBG: ERST support is disabled.
[    4.228082] Serial: 8250/16550 driver, 32 ports, IRQ sharing enabled
[    4.230031] 00:04: ttyS0 at I/O 0x3f8 (irq = 4, base_baud = 115200) is a 16550A
[    4.272868] Linux agpgart interface v0.103
[    4.276972] ACPI: bus type drm_connector registered
[    4.311865] brd: module loaded
[    4.332266] loop: module loaded
[    4.346386] scsi host0: ata_piix
[    4.348735] scsi host1: ata_piix
[    4.349647] ata1: PATA max MWDMA2 cmd 0x1f0 ctl 0x3f6 bmdma 0xc040 irq 14 lpm-pol 0
[    4.350351] ata2: PATA max MWDMA2 cmd 0x170 ctl 0x376 bmdma 0xc048 irq 15 lpm-pol 0
[    4.354216] tun: Universal TUN/TAP device driver, 1.6
[    4.355371] e100: Intel(R) PRO/100 Network Driver
[    4.355855] e100: Copyright(c) 1999-2006 Intel Corporation
[    4.356508] e1000: Intel(R) PRO/1000 Network Driver
[    4.356948] e1000: Copyright (c) 1999-2006 Intel Corporation.
[    4.503951] ata1: found unknown device (class 0)
[    4.504954] ata1.00: ATA-7: QEMU HARDDISK, 2.5+, max UDMA/100
[    4.505510] ata1.00: 17196647 sectors, multi 16: LBA48 
[    4.507099] scsi 0:0:0:0: Direct-Access     ATA      QEMU HARDDISK    2.5+ PQ: 0 ANSI: 5
[    4.507943] ata2: found unknown device (class 0)
[    4.510299] ata2.00: ATAPI: QEMU DVD-ROM, 2.5+, max UDMA/100
[    4.512973] sd 0:0:0:0: [sda] 17196647 512-byte logical blocks: (8.80 GB/8.20 GiB)
[    4.514084] sd 0:0:0:0: Attached scsi generic sg0 type 0
[    4.514809] sd 0:0:0:0: [sda] Write Protect is off
[    4.515473] sd 0:0:0:0: [sda] Write cache: enabled, read cache: enabled, doesn't support DPO or FUA
[    4.516532] scsi 1:0:0:0: CD-ROM            QEMU     QEMU DVD-ROM     2.5+ PQ: 0 ANSI: 5
[    4.516596] sd 0:0:0:0: [sda] Preferred minimum I/O size 512 bytes
[    4.539052] scsi 1:0:0:0: Attached scsi generic sg1 type 5
[    4.540411] sd 0:0:0:0: [sda] Attached SCSI disk
[    5.265013] ACPI: \_SB_.LNKC: Enabled at IRQ 11
[    5.580271] e1000 0000:00:03.0 eth0: (PCI:33MHz:32-bit) 52:54:00:12:34:56
[    5.580910] e1000 0000:00:03.0 eth0: Intel(R) PRO/1000 Network Connection
[    5.581705] e1000e: Intel(R) PRO/1000 Network Driver
[    5.582155] e1000e: Copyright(c) 1999 - 2015 Intel Corporation.
[    5.582837] igb: Intel(R) Gigabit Ethernet Network Driver
[    5.583324] igb: Copyright (c) 2007-2014 Intel Corporation.
[    5.584243] PPP generic driver version 2.4.2
[    5.586180] VFIO - User Level meta-driver version: 0.3
[    5.588244] usbcore: registered new interface driver uas
[    5.588894] usbcore: registered new interface driver usb-storage
[    5.589721] i8042: PNP: PS/2 Controller [PNP0303:KBD,PNP0f13:MOU] at 0x60,0x64 irq 1,12
[    5.591765] serio: i8042 KBD port at 0x60,0x64 irq 1
[    5.592300] serio: i8042 AUX port at 0x60,0x64 irq 12
[    5.594253] mousedev: PS/2 mouse device common for all mice
[    5.596484] input: AT Translated Set 2 keyboard as /devices/platform/i8042/serio0/input/input1
[    5.598150] rtc_cmos 00:05: RTC can wake from S4
[    5.601203] rtc_cmos 00:05: registered as rtc0
[    5.601706] rtc_cmos 00:05: setting system clock to 2026-01-27T10:03:23 UTC (1769508203)
[    5.602783] rtc_cmos 00:05: alarms up to one day, y3k, 242 bytes nvram, hpet irqs
[    5.603540] i2c_dev: i2c /dev entries driver
[    5.604109] device-mapper: core: CONFIG_IMA_DISABLE_HTABLE is disabled. Duplicate IMA measurements will not be recorded in the IMA log.
[    5.605364] device-mapper: uevent: version 1.0.3
[    5.606429] input: VirtualPS/2 VMware VMMouse as /devices/platform/i8042/serio1/input/input4
[    5.608070] device-mapper: ioctl: 4.50.0-ioctl (2025-04-28) initialised: dm-devel@lists.linux.dev
[    5.608950] intel_pstate: CPU model not supported
[    5.609751] sdhci: Secure Digital Host Controller Interface driver
[    5.610104] input: VirtualPS/2 VMware VMMouse as /devices/platform/i8042/serio1/input/input3
[    5.610318] sdhci: Copyright(c) Pierre Ossman
[    5.610532] sdhci-pltfm: SDHCI platform and OF driver helper
[    5.612706] drop_monitor: Initializing network drop monitor service
[    5.613674] NET: Registered PF_INET6 protocol family
[    5.616078] Segment Routing with IPv6
[    5.616504] In-situ OAM (IOAM) with IPv6
[    5.616923] NET: Registered PF_PACKET protocol family
[    5.618135] 9pnet: Installing 9P2000 support
[    5.618660] Key type dns_resolver registered
[    5.621121] IPI shorthand broadcast: enabled
[    5.686979] sched_clock: Marking stable (5664006094, 19670832)->(5692567531, -8890605)
[    5.689083] registered taskstats version 1
[    5.690186] Loading compiled-in X.509 certificates
[    5.778346] Demotion targets for Node 0: null
[    5.780372] Key type .fscrypt registered
[    5.780786] Key type fscrypt-provisioning registered
[    5.789847] Key type encrypted registered
[    5.790267] ima: No TPM chip found, activating TPM-bypass!
[    5.790790] ima: Allocated hash algorithm: sha1
[    5.791268] ima: No architecture policies found
[    5.791888] evm: Initialising EVM extended attributes:
[    5.792358] evm: security.selinux
[    5.792657] evm: security.SMACK64
[    5.792966] evm: security.SMACK64EXEC
[    5.793293] evm: security.SMACK64TRANSMUTE
[    5.793656] evm: security.SMACK64MMAP
[    5.793986] evm: security.apparmor
[    5.794291] evm: security.ima
[    5.794556] evm: security.capability
[    5.794872] evm: HMAC attrs: 0x1
[    5.798576] PM:   Magic number: 10:570:73
[    5.800172] RAS: Correctable Errors collector initialized.
[    5.800912] clk: Disabling unused clocks
[    5.801351] PM: genpd: Disabling unused power domains
[    5.802723] check access for rdinit=/init failed: -2, ignoring
[    5.803153] md: Waiting for all devices to be available before autodetect
[    5.803559] md: If you don't use raid, use raid=noautodetect
[    5.803957] md: Autodetecting RAID arrays.
[    5.804225] md: autorun ...
[    5.804406] md: ... autorun DONE.
[    5.816016] EXT4-fs (sda): INFO: recovery required on readonly filesystem
[    5.816456] EXT4-fs (sda): write access will be enabled during recovery
[    5.885396] EXT4-fs (sda): recovery complete
[    5.889180] EXT4-fs (sda): mounted filesystem 088740a9-c8b4-422c-999d-a804eb68a4da ro with ordered data mode. Quota mode: none.
[    5.889983] VFS: Mounted root (ext4 filesystem) readonly on device 8:0.
[    5.893823] devtmpfs: mounted
[    5.915925] Freeing unused decrypted memory: 2036K
[    5.921915] Freeing unused kernel image (initmem) memory: 16420K
[    5.922396] Write protecting the kernel read-only data: 102400k
[    5.925872] Freeing unused kernel image (text/rodata gap) memory: 988K
[    5.928030] Freeing unused kernel image (rodata/data gap) memory: 1660K
[    7.141924] x86/mm: Checked W+X mappings: passed, no W+X pages found.
[    7.142631] Run /sbin/init as init process
[    7.362907] systemd[1]: systemd 252-15.el9 running in system mode (+PAM +AUDIT +SELINUX -APPARMOR +IMA +SMACK +SECCOMP +GCRYPT +GNUTLS +OPENSSL +ACL +BLKID +CURL +ELFUTILS -FIDO2 +IDN2 -IDN -IPTC +KMOD +LIBCRYPTSETUP +LIBFDISK +PCRE2 -PWQUALITY +P11KIT -QRENCODE +TPM2 +BZIP2 +LZ4 +XZ +ZLIB +ZSTD -BPF_FRAMEWORK +XKBCOMMON +UTMP +SYSVINIT default-hierarchy=unified)
[    7.364868] systemd[1]: Detected virtualization kvm.
[    7.365208] systemd[1]: Detected architecture x86-64.

Welcome to [0;31mCentOS Stream 9[0m!

[    7.372994] systemd[1]: Hostname set to <test>.
[    7.575591] systemd-rc-local-generator[119]: /etc/rc.d/rc.local is not marked executable, skipping.
[    8.056437] systemd[1]: Queued start job for default target Multi-User System.
[    8.074453] systemd[1]: Created slice Virtual Machine and Container Slice.
[[0;32m  OK  [0m] Created slice [0;1;39mVirtual Machine and Container Slice[0m.
[    8.079725] systemd[1]: Created slice Slice /system/getty.
[[0;32m  OK  [0m] Created slice [0;1;39mSlice /system/getty[0m.
[    8.082723] systemd[1]: Created slice Slice /system/modprobe.
[[0;32m  OK  [0m] Created slice [0;1;39mSlice /system/modprobe[0m.
[    8.085643] systemd[1]: Created slice Slice /system/serial-getty.
[[0;32m  OK  [0m] Created slice [0;1;39mSlice /system/serial-getty[0m.
[    8.088700] systemd[1]: Created slice Slice /system/sshd-keygen.
[[0;32m  OK  [0m] Created slice [0;1;39mSlice /system/sshd-keygen[0m.
[    8.091430] systemd[1]: Created slice User and Session Slice.
[[0;32m  OK  [0m] Created slice [0;1;39mUser and Session Slice[0m.
[    8.092782] systemd[1]: Started Forward Password Requests to Wall Directory Watch.
[[0;32m  OK  [0m] Started [0;1;39mForward Password R…uests to Wall Directory Watch[0m.
[    8.094979] systemd[1]: Set up automount Arbitrary Executable File Formats File System Automount Point.
[[0;32m  OK  [0m] Set up automount [0;1;39mArbitrary…s File System Automount Point[0m.
[    8.096529] systemd[1]: Reached target Local Integrity Protected Volumes.
[[0;32m  OK  [0m] Reached target [0;1;39mLocal Integrity Protected Volumes[0m.
[    8.097667] systemd[1]: Reached target Slice Units.
[[0;32m  OK  [0m] Reached target [0;1;39mSlice Units[0m.
[    8.098538] systemd[1]: Reached target Swaps.
[[0;32m  OK  [0m] Reached target [0;1;39mSwaps[0m.
[    8.099349] systemd[1]: Reached target Local Verity Protected Volumes.
[[0;32m  OK  [0m] Reached target [0;1;39mLocal Verity Protected Volumes[0m.
[    8.100766] systemd[1]: Listening on Device-mapper event daemon FIFOs.
[[0;32m  OK  [0m] Listening on [0;1;39mDevice-mapper event daemon FIFOs[0m.
[    8.102365] systemd[1]: Listening on LVM2 poll daemon socket.
[[0;32m  OK  [0m] Listening on [0;1;39mLVM2 poll daemon socket[0m.
[    8.103498] systemd[1]: multipathd control socket was skipped because of an unmet condition check (ConditionPathExists=/etc/multipath.conf).
[    8.148576] systemd[1]: Listening on RPCbind Server Activation Socket.
[[0;32m  OK  [0m] Listening on [0;1;39mRPCbind Server Activation Socket[0m.
[    8.149788] systemd[1]: Reached target RPC Port Mapper.
[[0;32m  OK  [0m] Reached target [0;1;39mRPC Port Mapper[0m.
[    8.153646] systemd[1]: Listening on Process Core Dump Socket.
[[0;32m  OK  [0m] Listening on [0;1;39mProcess Core Dump Socket[0m.
[    8.155034] systemd[1]: Listening on initctl Compatibility Named Pipe.
[[0;32m  OK  [0m] Listening on [0;1;39minitctl Compatibility Named Pipe[0m.
[    8.157269] systemd[1]: Listening on Journal Socket (/dev/log).
[[0;32m  OK  [0m] Listening on [0;1;39mJournal Socket (/dev/log)[0m.
[    8.158795] systemd[1]: Listening on Journal Socket.
[[0;32m  OK  [0m] Listening on [0;1;39mJournal Socket[0m.
[    8.160354] systemd[1]: Listening on udev Control Socket.
[[0;32m  OK  [0m] Listening on [0;1;39mudev Control Socket[0m.
[    8.161747] systemd[1]: Listening on udev Kernel Socket.
[[0;32m  OK  [0m] Listening on [0;1;39mudev Kernel Socket[0m.
[    8.168137] systemd[1]: Mounting Huge Pages File System...
         Mounting [0;1;39mHuge Pages File System[0m...
[    8.175900] systemd[1]: Mounting POSIX Message Queue File System...
         Mounting [0;1;39mPOSIX Message Queue File System[0m...
[    8.183179] systemd[1]: Mounting Kernel Debug File System...
         Mounting [0;1;39mKernel Debug File System[0m...
[    8.195370] systemd[1]: Mounting Kernel Trace File System...
         Mounting [0;1;39mKernel Trace File System[0m...
[    8.197149] systemd[1]: Kernel Module supporting RPCSEC_GSS was skipped because of an unmet condition check (ConditionPathExists=/etc/krb5.keytab).
[    8.198057] systemd[1]: Create List of Static Device Nodes was skipped because of an unmet condition check (ConditionFileNotEmpty=/lib/modules/6.19.0-rc5-9e995c573b63+/modules.devname).
[    8.204955] systemd[1]: Starting Monitoring of LVM2 mirrors, snapshots etc. using dmeventd or progress polling...
         Starting [0;1;39mMonitoring of LVM…meventd or progress polling[0m...
[    8.215972] systemd[1]: Starting Load Kernel Module configfs...
         Starting [0;1;39mLoad Kernel Module configfs[0m...
[    8.223487] systemd[1]: Starting Load Kernel Module drm...
         Starting [0;1;39mLoad Kernel Module drm[0m...
[    8.239537] systemd[1]: Starting Load Kernel Module fuse...
         Starting [0;1;39mLoad Kernel Module fuse[0m...
[    8.265249] systemd[1]: Starting Read and set NIS domainname from /etc/sysconfig/network...
         Starting [0;1;39mRead and set NIS …from /etc/sysconfig/network[0m...
[    8.287808] systemd[1]: Starting Journal Service...
         Starting [0;1;39mJournal Service[0m...
[    8.296610] systemd[1]: Starting Load Kernel Modules...
         Starting [0;1;39mLoad Kernel Modules[0m...
[    8.308009] systemd[1]: Starting Generate network units from Kernel command line...
         Starting [0;1;39mGenerate network …ts from Kernel command line[0m...
[    8.322186] systemd[1]: Starting Remount Root and Kernel File Systems...
         Starting [0;1;39mRemount Root and Kernel File Systems[0m...
[    8.331512] systemd[1]: Repartition Root Disk was skipped because no trigger condition checks were met.
[    8.356627] systemd[1]: Starting Coldplug All udev Devices...
         Starting [0;1;39mColdplug All udev Devices[0m...
[    8.375918] systemd[1]: Mounted Huge Pages File System.
[[0;32m  OK  [0m] Mounted [0;1;39mHuge Pages File System[0m.
[    8.377371] systemd[1]: Mounted POSIX Message Queue File System.
[[0;32m  OK  [0m] Mounted [0;1;39mPOSIX Message Queue File System[0m.
[    8.380673] systemd[1]: Mounted Kernel Debug File System.
[[0;32m  OK  [0m] Mounted [0;1;39mKernel Debug File System[0m.
[    8.384804] systemd[1]: Mounted Kernel Trace File System.
[[0;32m  OK  [0m] Mounted [0;1;39mKernel Trace File System[0m.
[    8.387307] systemd[1]: Finished Monitoring of LVM2 mirrors, snapshots etc. using dmeventd or progress polling.
[[0;32m  OK  [0m] Finished [0;1;39mMonitoring of LVM… dmeventd or progress polling[0m.
[    8.395121] systemd[1]: modprobe@configfs.service: Deactivated successfully.
[    8.397396] systemd[1]: Finished Load Kernel Module configfs.
[[0;32m  OK  [0m] Finished [0;1;39mLoad Kernel Module configfs[0m.
[    8.401155] systemd[1]: modprobe@drm.service: Deactivated successfully.
[    8.402640] systemd[1]: Finished Load Kernel Module drm.
[[0;32m  OK  [0m] Finished [0;1;39mLoad Kernel Module drm[0m.
[    8.405303] EXT4-fs (sda): re-mounted 088740a9-c8b4-422c-999d-a804eb68a4da r/w.
[    8.407624] systemd[1]: modprobe@fuse.service: Deactivated successfully.
[    8.412972] systemd[1]: Finished Load Kernel Module fuse.
[[0;32m  OK  [0m] Finished [0;1;39mLoad Kernel Module fuse[0m.
[    8.419834] systemd[1]: Finished Read and set NIS domainname from /etc/sysconfig/network.
[[0;32m  OK  [0m] Finished [0;1;39mRead and set NIS …e from /etc/sysconfig/network[0m.
[    8.421850] systemd[1]: systemd-modules-load.service: Main process exited, code=exited, status=1/FAILURE
[    8.423224] systemd[1]: systemd-modules-load.service: Failed with result 'exit-code'.
[    8.424956] systemd[1]: Failed to start Load Kernel Modules.
[[0;1;31mFAILED[0m] Failed to start [0;1;39mLoad Kernel Modules[0m.
See 'systemctl status systemd-modules-load.service' for details.
[    8.428817] systemd[1]: Finished Generate network units from Kernel command line.
[[0;32m  OK  [0m] Finished [0;1;39mGenerate network units from Kernel command line[0m.
[    8.431440] systemd[1]: Finished Remount Root and Kernel File Systems.
[[0;32m  OK  [0m] Finished [0;1;39mRemount Root and Kernel File Systems[0m.
[    8.434257] systemd[1]: Reached target Preparation for Network.
[[0;32m  OK  [0m] Reached target [0;1;39mPreparation for Network[0m.
[    8.444548] systemd[1]: Mounting FUSE Control File System...
         Mounting [0;1;39mFUSE Control File System[0m...
[    8.488099] systemd[1]: Mounting Kernel Configuration File System...
         Mounting [0;1;39mKernel Configuration File System[0m...
[    8.489301] systemd[1]: Special handling of early boot iSCSI sessions was skipped because of an unmet condition check (ConditionDirectoryNotEmpty=/sys/class/iscsi_session).
[    8.490289] systemd[1]: First Boot Wizard was skipped because of an unmet condition check (ConditionFirstBoot=yes).
[    8.499926] systemd[1]: Rebuild Hardware Database was skipped because of an unmet condition check (ConditionNeedsUpdate=/etc).
[    8.506636] systemd[1]: Starting Load/Save Random Seed...
         Starting [0;1;39mLoad/Save Random Seed[0m...
[    8.513572] systemd[1]: Starting Apply Kernel Variables...
         Starting [0;1;39mApply Kernel Variables[0m...
[    8.518419] systemd[1]: Create System Users was skipped because no trigger condition checks were met.
[    8.544086] systemd[1]: Starting Create Static Device Nodes in /dev...
         Starting [0;1;39mCreate Static Device Nodes in /dev[0m...
[    8.571894] systemd[1]: Starting Setup Virtual Console...
         Starting [0;1;39mSetup Virtual Console[0m...
[    8.588708] systemd[1]: Started Journal Service.
[[0;32m  OK  [0m] Started [0;1;39mJournal Service[0m.
[[0;32m  OK  [0m] Mounted [0;1;39mFUSE Control File System[0m.
[[0;32m  OK  [0m] Mounted [0;1;39mKernel Configuration File System[0m.
[[0;32m  OK  [0m] Finished [0;1;39mLoad/Save Random Seed[0m.
[[0;32m  OK  [0m] Finished [0;1;39mApply Kernel Variables[0m.
         Starting [0;1;39mFlush Journal to Persistent Storage[0m...
[    8.701551] systemd-journald[143]: Received client request to flush runtime journal.
[[0;32m  OK  [0m] Finished [0;1;39mCreate Static Device Nodes in /dev[0m.
[[0;32m  OK  [0m] Finished [0;1;39mFlush Journal to Persistent Storage[0m.
         Starting [0;1;39mRule-based Manage…for Device Events and Files[0m...
[[0;32m  OK  [0m] Started [0;1;39mRule-based Manager for Device Events and Files[0m.
         Starting [0;1;39mAuto-connect to s…E devices found during boot[0m...
[[0;32m  OK  [0m] Finished [0;1;39mAuto-connect to s…VME devices found during boot[0m.
[[0;32m  OK  [0m] Finished [0;1;39mColdplug All udev Devices[0m.
         Starting [0;1;39mWait for udev To …plete Device Initialization[0m...
[[0;32m  OK  [0m] Finished [0;1;39mSetup Virtual Console[0m.
         Starting [0;1;39mShow Plymouth Boot Screen[0m...
[2J[3J[-1;-1f[[0;32m  OK  [0m] Started [0;1;39mShow Plymouth Boot Screen[0m.
[[0;32m  OK  [0m] Started [0;1;39mForward Password R…s to Plymouth Directory Watch[0m.
[[0;32m  OK  [0m] Reached target [0;1;39mLocal Encrypted Volumes[0m.
[[0;32m  OK  [0m] Reached target [0;1;39mPath Units[0m.
[[0;32m  OK  [0m] Found device [0;1;39m/dev/ttyS0[0m.
[[0;32m  OK  [0m] Listening on [0;1;39mLoad/Save RF …itch Status /dev/rfkill Watch[0m.
[[0;32m  OK  [0m] Finished [0;1;39mWait for udev To Complete Device Initialization[0m.
[[0;32m  OK  [0m] Reached target [0;1;39mPreparation for Local File Systems[0m.
[[0;32m  OK  [0m] Reached target [0;1;39mLocal File Systems[0m.
         Starting [0;1;39mTell Plymouth To Write Out Runtime Data[0m...
         Starting [0;1;39mAutomatic Boot Loader Update[0m...
         Starting [0;1;39mCreate Volatile Files and Directories[0m...
[[0;32m  OK  [0m] Finished [0;1;39mTell Plymouth To Write Out Runtime Data[0m.
[[0;32m  OK  [0m] Finished [0;1;39mAutomatic Boot Loader Update[0m.
[[0;32m  OK  [0m] Finished [0;1;39mCreate Volatile Files and Directories[0m.
         Mounting [0;1;39mRPC Pipe File System[0m...
         Starting [0;1;39mSecurity Auditing Service[0m...
         Starting [0;1;39mRPC Bind[0m...
[[0;32m  OK  [0m] Mounted [0;1;39mRPC Pipe File System[0m.
[[0;32m  OK  [0m] Reached target [0;1;39mrpc_pipefs.target[0m.
[[0;32m  OK  [0m] Started [0;1;39mRPC Bind[0m.
[[0;32m  OK  [0m] Started [0;1;39mSecurity Auditing Service[0m.
         Starting [0;1;39mRecord System Boot/Shutdown in UTMP[0m...
[[0;32m  OK  [0m] Finished [0;1;39mRecord System Boot/Shutdown in UTMP[0m.
[[0;32m  OK  [0m] Reached target [0;1;39mSystem Initialization[0m.
[[0;32m  OK  [0m] Started [0;1;39mDaily rotation of log files[0m.
[[0;32m  OK  [0m] Started [0;1;39mUpdates mlocate database every day[0m.
[[0;32m  OK  [0m] Started [0;1;39mDaily Cleanup of Temporary Directories[0m.
[[0;32m  OK  [0m] Started [0;1;39mdaily update of the root trust anchor for DNSSEC[0m.
[[0;32m  OK  [0m] Reached target [0;1;39mTimer Units[0m.
[[0;32m  OK  [0m] Listening on [0;1;39mD-Bus System Message Bus Socket[0m.
[[0;32m  OK  [0m] Listening on [0;1;39mOpen-iSCSI iscsid Socket[0m.
[[0;32m  OK  [0m] Listening on [0;1;39mOpen-iSCSI iscsiuio Socket[0m.
[[0;32m  OK  [0m] Listening on [0;1;39mSSSD Kerberos…ache Manager responder socket[0m.
[[0;32m  OK  [0m] Listening on [0;1;39mLibvirt interface local socket[0m.
[[0;32m  OK  [0m] Listening on [0;1;39mVirtual machine lock manager socket[0m.
[[0;32m  OK  [0m] Listening on [0;1;39mVirtual machine log manager socket[0m.
[[0;32m  OK  [0m] Listening on [0;1;39mLibvirt network local socket[0m.
[[0;32m  OK  [0m] Listening on [0;1;39mLibvirt nodedev local socket[0m.
[[0;32m  OK  [0m] Listening on [0;1;39mLibvirt nwfilter local socket[0m.
[[0;32m  OK  [0m] Listening on [0;1;39mLibvirt proxy local socket[0m.
[[0;32m  OK  [0m] Listening on [0;1;39mLibvirt qemu local socket[0m.
[[0;32m  OK  [0m] Listening on [0;1;39mLibvirt qemu admin socket[0m.
[[0;32m  OK  [0m] Listening on [0;1;39mLibvirt qemu local read-only socket[0m.
[[0;32m  OK  [0m] Listening on [0;1;39mLibvirt secret local socket[0m.
[[0;32m  OK  [0m] Listening on [0;1;39mLibvirt storage local socket[0m.
[[0;32m  OK  [0m] Reached target [0;1;39mSocket Units[0m.
         Starting [0;1;39mD-Bus System Message Bus[0m...
[[0;32m  OK  [0m] Started [0;1;39mD-Bus System Message Bus[0m.
[[0;32m  OK  [0m] Reached target [0;1;39mBasic System[0m.
         Starting [0;1;39mNetwork Manager[0m...
         Starting [0;1;39mNTP client/server[0m...
         Starting [0;1;39mRestore /run/initramfs on shutdown[0m...
[[0;32m  OK  [0m] Started [0;1;39mirqbalance daemon[0m.
[[0;32m  OK  [0m] Started [0;1;39mlibstoragemgmt plug-in server daemon[0m.
[[0;32m  OK  [0m] Started [0;1;39mMachine Check Exception Logging Daemon[0m.
[[0;32m  OK  [0m] Reached target [0;1;39msshd-keygen.target[0m.
[[0;32m  OK  [0m] Reached target [0;1;39mUser and Group Name Lookups[0m.
         Starting [0;1;39mUser Login Management[0m...
         Starting [0;1;39mVirtual Machine a…tainer Registration Service[0m...
[[0;32m  OK  [0m] Finished [0;1;39mRestore /run/initramfs on shutdown[0m.
[[0;32m  OK  [0m] Started [0;1;39mVirtual Machine an…ontainer Registration Service[0m.
         Starting [0;1;39mHostname Service[0m...
[[0;32m  OK  [0m] Started [0;1;39mUser Login Management[0m.
[[0;32m  OK  [0m] Started [0;1;39mNTP client/server[0m.
[[0;32m  OK  [0m] Started [0;1;39mHostname Service[0m.
         Starting [0;1;39mNetwork Manager Script Dispatcher Service[0m...
[[0;32m  OK  [0m] Started [0;1;39mNetwork Manager Script Dispatcher Service[0m.
[   12.131902] e1000: eth0 NIC Link is Up 1000 Mbps Full Duplex, Flow Control: RX
[[0;32m  OK  [0m] Started [0;1;39mNetwork Manager[0m.
[[0;32m  OK  [0m] Reached target [0;1;39mNetwork[0m.
[[0;32m  OK  [0m] Reached target [0;1;39mNetwork is Online[0m.
         Starting [0;1;39mGSSAPI Proxy Daemon[0m...
         Starting [0;1;39mNotify NFS peers of a restart[0m...
         Starting [0;1;39mSystem Logging Service[0m...
         Starting [0;1;39mOpenSSH server daemon[0m...
         Starting [0;1;39mDynamic System Tuning Daemon[0m...
[[0;32m  OK  [0m] Started [0;1;39mNotify NFS peers of a restart[0m.
[[0;32m  OK  [0m] Started [0;1;39mOpenSSH server daemon[0m.
[[0;32m  OK  [0m] Started [0;1;39mGSSAPI Proxy Daemon[0m.
[[0;32m  OK  [0m] Reached target [0;1;39mNFS client services[0m.
[[0;32m  OK  [0m] Reached target [0;1;39mPreparation for Remote File Systems[0m.
[[0;32m  OK  [0m] Reached target [0;1;39mRemote File Systems[0m.
         Starting [0;1;39mPermit User Sessions[0m...
         Starting [0;1;39mVirtualization qemu daemon[0m...
[[0;32m  OK  [0m] Finished [0;1;39mPermit User Sessions[0m.
[[0;32m  OK  [0m] Started [0;1;39mDeferred execution scheduler[0m.
[[0;32m  OK  [0m] Started [0;1;39mCommand Scheduler[0m.
         Starting [0;1;39mHold until boot process finishes up[0m...
         Starting [0;1;39mTerminate Plymouth Boot Screen[0m...
[[0;32m  OK  [0m] Started [0;1;39mSystem Logging Service[0m.

CentOS Stream 9
Kernel 6.19.0-rc5-9e995c573b63+ on an x86_64

Activate the web console with: systemctl enable --now cockpit.socket

test login: 