|0210_144836|cmd=cd /root/linux-next|
|0210_144836|git log df5d6180169ae06a2eac57e33b077ad6f6252440 check_result:commit df5d6180169ae06a2eac57e33b077ad6f6252440|
|0210_144836|git log a64dcfb451e254085a7daee5fe51bf22959d52d3 check_result:commit a64dcfb451e254085a7daee5fe51bf22959d52d3|
|0210_144836|There was old bisect log:git bisect start
# status: waiting for both good and bad commits
# bad: [2014c95afecee3e76ca4a56956a936e23283f05b] Linux 6.14-rc1
git bisect bad 2014c95afecee3e76ca4a56956a936e23283f05b
# status: waiting for good commit(s), bad commit known
# good: [f40ddce88593482919761f74910f42f4b84c004b] Linux 5.11
git bisect good f40ddce88593482919761f74910f42f4b84c004b
# good: [36289a03bcd3aabdf66de75cb6d1b4ee15726438] Merge tag 'v6.3-p1' of git://git.kernel.org/pub/scm/linux/kernel/git/herbert/crypto-2.6
git bisect good 36289a03bcd3aabdf66de75cb6d1b4ee15726438
# good: [bd736f38c014ba70ba7ec3bdc6af6fe5368d6612] Merge tag 'tty-6.8-rc1' of git://git.kernel.org/pub/scm/linux/kernel/git/gregkh/tty
git bisect good bd736f38c014ba70ba7ec3bdc6af6fe5368d6612
# good: [af65ea42bd1d28d818b74b9b3b4f8da7ada9f88b] Merge branch 'tap-tun-harden-by-dropping-short-frame'
git bisect good af65ea42bd1d28d818b74b9b3b4f8da7ada9f88b
# good: [7d7560666515855f67df6b0a78fecf2007d35dcc] Merge tag 'pwm/for-6.13-rc1' of git://git.kernel.org/pub/scm/linux/kernel/git/ukleinek/linux
git bisect good 7d7560666515855f67df6b0a78fecf2007d35dcc
# bad: [af215c980c1fbf1ca01675b128b0dd194745b880] Merge tag 'drm-fixes-2024-12-20' of https://gitlab.freedesktop.org/drm/kernel
git bisect bad af215c980c1fbf1ca01675b128b0dd194745b880
# good: [28eb75e178d389d325f1666e422bc13bbbb9804c] Merge tag 'drm-next-2024-11-21' of https://gitlab.freedesktop.org/drm/kernel
git bisect good 28eb75e178d389d325f1666e422bc13bbbb9804c
# good: [7536c1a50ea592967b0db8292b44d4b86bca35bc] Merge tag 'dmaengine-6.13-rc1' of git://git.kernel.org/pub/scm/linux/kernel/git/vkoul/dmaengine
git bisect good 7536c1a50ea592967b0db8292b44d4b86bca35bc
# bad: [9d0ad045533ee37a208991ac5baaf6641e60a9ed] Merge tag 'ceph-for-6.13-rc1' of https://github.com/ceph/ceph-client
git bisect bad 9d0ad045533ee37a208991ac5baaf6641e60a9ed
# bad: [a0c1ca3934ddffe4f3f2a2bd860283a7b0ca5439] Merge tag 'staging-6.13-rc1' of git://git.kernel.org/pub/scm/linux/kernel/git/gregkh/staging
git bisect bad a0c1ca3934ddffe4f3f2a2bd860283a7b0ca5439
# bad: [93e064ce854abfacdeb0ac526a13ad29d093e813] Merge tag 'modules-6.13-rc1-v2' of git://git.kernel.org/pub/scm/linux/kernel/git/modules/linux
git bisect bad 93e064ce854abfacdeb0ac526a13ad29d093e813
# good: [448ecd5771e255629bef0fb16c9b78c4bbd7bd56] Merge tag 'for-v6.13' of git://git.kernel.org/pub/scm/linux/kernel/git/sre/linux-power-supply
git bisect good 448ecd5771e255629bef0fb16c9b78c4bbd7bd56
# bad: [7af08b57bcb9ebf78675c50069c54125c0a8b795] Merge tag 'trace-v6.13-2' of git://git.kernel.org/pub/scm/linux/kernel/git/trace/linux-trace
git bisect bad 7af08b57bcb9ebf78675c50069c54125c0a8b795
# good: [5dfd7d940094e1a1ec974d90f6d28162d372b56b] Merge branch 'bnxt_en-bug-fixes'
git bisect good 5dfd7d940094e1a1ec974d90f6d28162d372b56b
# good: [04f5cb48995d51deed0af71aaba1b8699511313f] Documentation: tls_offload: fix typos and grammar
git bisect good 04f5cb48995d51deed0af71aaba1b8699511313f
# good: [86f419707c26e802287963f73c27bdaa4b21977e] Merge tag 'spi-fix-v6.13-merge-window' of git://git.kernel.org/pub/scm/linux/kernel/git/broonie/spi
git bisect good 86f419707c26e802287963f73c27bdaa4b21977e
# good: [98bf0fbb65226809a8df4d1948c5b6cf0c91590f] tracing: Remove conditional locking from __DO_TRACE()
git bisect good 98bf0fbb65226809a8df4d1948c5b6cf0c91590f
# good: [2bd9b57d04df417f31ef54448477c212fcdd14fc] tracing: Use guard() rather than scoped_guard()
git bisect good 2bd9b57d04df417f31ef54448477c212fcdd14fc
# bad: [65ae975e97d5aab3ee9dc5ec701b12090572ed43] Merge tag 'net-6.13-rc1' of git://git.kernel.org/pub/scm/linux/kernel/git/netdev/net
git bisect bad 65ae975e97d5aab3ee9dc5ec701b12090572ed43
# bad: [f6d7695b5ae22092fa2cc42529bb7462f7e0c4ad] ipmr: fix build with clang and DEBUG_NET disabled.
git bisect bad f6d7695b5ae22092fa2cc42529bb7462f7e0c4ad
# first bad commit: [f6d7695b5ae22092fa2cc42529bb7462f7e0c4ad] ipmr: fix build with clang and DEBUG_NET disabled., will clean it|
|0210_144836|cmd=git bisect reset|
|0210_144842|cmd=git checkout -f df5d6180169ae06a2eac57e33b077ad6f6252440|
|0210_144843|cmd=cd /root/linux-next|
|0210_144843||/var/www/html/bzimage/bzImage_df5d6180169ae06a2eac57e33b077ad6f6252440| exist, no need make|
|0210_144843|/root/image/centos9_3.img -> /root/image/centos9_2.img|
|0210_144854|Run /var/www/html/bzimage/bzImage_df5d6180169ae06a2eac57e33b077ad6f6252440 with image:/root/image/centos9_2.img in local port:10022, 1 time|
|0210_144917|It takes 22 seconds to find login:test login: |
|0210_144917|Boot 1 time: takes 22 seconds to boot up.|
|0210_144917|cmd=ssh -o ConnectTimeout=1 -o 'StrictHostKeyChecking no' -p 10022 localhost 'rm -rf file*'|
|0210_144918|cmd=scp -o 'StrictHostKeyChecking no' -P 10022 /root/bzimage_bisect/repro.sh root@localhost:/root/repro.sh|
|0210_144920|cmd=scp -o 'StrictHostKeyChecking no' -P 10022 /root/syzkaller/workdir/crashes/a832a8487a0e4d69018c8175486f8415cb33c9c6/repro.cprog root@localhost:/root/repro.c|
|0210_144921|ssh -o ConnectTimeout=1 -o 'StrictHostKeyChecking no' -p 10022 localhost 'chmod 755 /root/repro.sh'|
|0210_144922|ssh -o ConnectTimeout=1 -o 'StrictHostKeyChecking no' -p 10022 localhost '/root/repro.sh'|
|0210_144932|/var/www/html/bzimage/bzImage_df5d6180169ae06a2eac57e33b077ad6f6252440 contained madvise_unlock:[   27.087342] WARNING: CPU: 1 PID: 727 at ./include/linux/rwsem.h:203 madvise_unlock+0x17e/0x1a0
[   27.091057] RIP: 0010:madvise_unlock+0x17e/0x1a0
[   27.099921]  ? madvise_unlock+0x17e/0x1a0
[   27.100459]  ? madvise_unlock+0x17e/0x1a0
[   27.100731]  ? madvise_unlock+0x17f/0x1a0
[   27.101816]  ? madvise_unlock+0x171/0x1a0
[   27.102089]  ? madvise_unlock+0x17e/0x1a0
[   27.102360]  ? madvise_unlock+0x17e/0x1a0
[   27.102642]  ? madvise_unlock+0x17e/0x1a0
[   27.113959] [<ffffffff81e87854>] madvise_unlock+0xd4/0x1a0
[   27.115689]  ? madvise_unlock+0xd4/0x1a0
[   27.115731]  ? madvise_unlock+0xd4/0x1a0
[   27.115752]  ? madvise_unlock+0x17f/0x1a0
[   27.115826]  ? madvise_unlock+0x17e/0x1a0
[   27.115841]  madvise_unlock+0xd4/0x1a0
[   27.141970]  ? madvise_unlock+0x17e/0x1a0
[   27.142606]  madvise_unlock+0xd4/0x1a0, FAIL|
|0210_144932|Found time:27 in /var/www/html/bzimage/0210_144836_madvise_unlock/df5d6180169ae06a2eac57e33b077ad6f6252440_dmesg.log|
|0210_144932|Logic: |<=25: +25|25-100 +180|>100 +1800| Set TIME:207|
|0210_144932|-END- commit df5d6180169ae06a2eac57e33b077ad6f6252440 FAIL bad|
|0210_144932|cmd=rm -rf /var/www/html//syzkaller/2025_02_10/a832a8487a0e4d69018c8175486f8415cb33c9c6|
|0210_144932|cmd=mkdir -p /var/www/html//syzkaller/2025_02_10/a832a8487a0e4d69018c8175486f8415cb33c9c6|
|0210_144932|cmd=cp -rf /root/syzkaller/workdir/crashes/a832a8487a0e4d69018c8175486f8415cb33c9c6/repro.cprog /var/www/html//syzkaller/2025_02_10/a832a8487a0e4d69018c8175486f8415cb33c9c6/repro.c|
|0210_144932|gcc -pthread /var/www/html//syzkaller/2025_02_10/a832a8487a0e4d69018c8175486f8415cb33c9c6/repro.c -o /var/www/html//syzkaller/2025_02_10/a832a8487a0e4d69018c8175486f8415cb33c9c6/repro|
|0210_144932|cmd=cp -rf /root/syzkaller/workdir/crashes/a832a8487a0e4d69018c8175486f8415cb33c9c6/description /var/www/html//syzkaller/2025_02_10/a832a8487a0e4d69018c8175486f8415cb33c9c6|
|0210_144932|cp -rf /root/syzkaller/workdir/crashes/a832a8487a0e4d69018c8175486f8415cb33c9c6/mount_* /var/www/html/bzimage/0210_144836_madvise_unlock/|
|0210_144935|wget https://raw.githubusercontent.com/xupengfe/kconfig_diff/main/config-5.18rc4i_kvm -O /var/www/html/bzimage/0210_144836_madvise_unlock/kconfig_origin:0|
|0210_144935|cmd=cd /root/linux-next|
|0210_144935|nohup /root/bzimage_bisect/make_bz.sh -k /root/linux-next -m a64dcfb451e254085a7daee5fe51bf22959d52d3 -d /var/www/html/bzimage -o /tmp/kernel|
|0210_153117|/root/image/centos9_3.img -> /root/image/centos9_2.img|
|0210_153142|Run /var/www/html/bzimage/bzImage_a64dcfb451e254085a7daee5fe51bf22959d52d3 with image:/root/image/centos9_2.img in local port:10022, 1 time|
|0210_153203|It takes 20 seconds to find login:test login: |
|0210_153203|Boot 1 time: takes 20 seconds to boot up.|
|0210_153203|cmd=ssh -o ConnectTimeout=1 -o 'StrictHostKeyChecking no' -p 10022 localhost 'rm -rf file*'|
|0210_153204|cmd=scp -o 'StrictHostKeyChecking no' -P 10022 /root/bzimage_bisect/repro.sh root@localhost:/root/repro.sh|
|0210_153206|cmd=scp -o 'StrictHostKeyChecking no' -P 10022 /root/syzkaller/workdir/crashes/a832a8487a0e4d69018c8175486f8415cb33c9c6/repro.cprog root@localhost:/root/repro.c|
|0210_153207|ssh -o ConnectTimeout=1 -o 'StrictHostKeyChecking no' -p 10022 localhost 'chmod 755 /root/repro.sh'|
|0210_153208|ssh -o ConnectTimeout=1 -o 'StrictHostKeyChecking no' -p 10022 localhost '/root/repro.sh'|
|0210_153535|/var/www/html/bzimage/bzImage_a64dcfb451e254085a7daee5fe51bf22959d52d3 didn't contain madvise_unlock: in dmesg, pass|
|0210_153535|Start commit a64dcfb451e254085a7daee5fe51bf22959d52d3 PASS good|
|0210_153535|cmd=git checkout -f df5d6180169ae06a2eac57e33b077ad6f6252440|
|0210_153536|cmd=git bisect start|
|0210_153536|cmd=git bisect bad df5d6180169ae06a2eac57e33b077ad6f6252440|
|0210_153536|Bisect first start commit:a64dcfb451e254085a7daee5fe51bf22959d52d3|
|0210_153536|git bisect good a64dcfb451e254085a7daee5fe51bf22959d52d3|
|0210_153538|nohup /root/bzimage_bisect/make_bz.sh -k /root/linux-next -m 045cdeb6e813195d6314df60cf8da35e13918909 -d /var/www/html/bzimage -o /tmp/kernel|
|0210_161529|/root/image/centos9_3.img -> /root/image/centos9_2.img|
|0210_161552|Run /var/www/html/bzimage/bzImage_045cdeb6e813195d6314df60cf8da35e13918909 with image:/root/image/centos9_2.img in local port:10022, 1 time|
|0210_161610|It takes 18 seconds to find login:test login: |
|0210_161610|Boot 1 time: takes 18 seconds to boot up.|
|0210_161610|cmd=ssh -o ConnectTimeout=1 -o 'StrictHostKeyChecking no' -p 10022 localhost 'rm -rf file*'|
|0210_161611|cmd=scp -o 'StrictHostKeyChecking no' -P 10022 /root/bzimage_bisect/repro.sh root@localhost:/root/repro.sh|
|0210_161613|cmd=scp -o 'StrictHostKeyChecking no' -P 10022 /root/syzkaller/workdir/crashes/a832a8487a0e4d69018c8175486f8415cb33c9c6/repro.cprog root@localhost:/root/repro.c|
|0210_161614|ssh -o ConnectTimeout=1 -o 'StrictHostKeyChecking no' -p 10022 localhost 'chmod 755 /root/repro.sh'|
|0210_161615|ssh -o ConnectTimeout=1 -o 'StrictHostKeyChecking no' -p 10022 localhost '/root/repro.sh'|
|0210_161942|/var/www/html/bzimage/bzImage_045cdeb6e813195d6314df60cf8da35e13918909 contained madvise_unlock:[   22.401359] WARNING: CPU: 1 PID: 728 at ./include/linux/rwsem.h:203 madvise_unlock+0x17e/0x1a0
[   22.403338] RIP: 0010:madvise_unlock+0x17e/0x1a0
[   22.410535]  ? madvise_unlock+0x17e/0x1a0
[   22.411042]  ? madvise_unlock+0x17e/0x1a0
[   22.411302]  ? madvise_unlock+0x17f/0x1a0
[   22.412351]  ? madvise_unlock+0x171/0x1a0
[   22.412607]  ? madvise_unlock+0x17e/0x1a0
[   22.412868]  ? madvise_unlock+0x17e/0x1a0
[   22.413129]  ? madvise_unlock+0x17e/0x1a0
[   22.423618] [<ffffffff81e83744>] madvise_unlock+0xd4/0x1a0
[   22.425264]  ? madvise_unlock+0xd4/0x1a0
[   22.425303]  ? madvise_unlock+0xd4/0x1a0
[   22.425320]  ? madvise_unlock+0x17f/0x1a0
[   22.425375]  ? madvise_unlock+0x17e/0x1a0
[   22.425387]  madvise_unlock+0xd4/0x1a0
[   22.449617]  ? madvise_unlock+0x17e/0x1a0
[   22.449871]  madvise_unlock+0xd4/0x1a0, FAIL|
|0210_161942|git bisect bad 045cdeb6e813195d6314df60cf8da35e13918909|
|0210_161943|nohup /root/bzimage_bisect/make_bz.sh -k /root/linux-next -m 64f138f53e2a1b21cd88a49b3505b9dbc3f5c916 -d /var/www/html/bzimage -o /tmp/kernel|
|0210_165947|/root/image/centos9_3.img -> /root/image/centos9_2.img|
|0210_170012|Run /var/www/html/bzimage/bzImage_64f138f53e2a1b21cd88a49b3505b9dbc3f5c916 with image:/root/image/centos9_2.img in local port:10022, 1 time|
|0210_170028|It takes 16 seconds to find login:test login: |
|0210_170028|Boot 1 time: takes 16 seconds to boot up.|
|0210_170028|cmd=ssh -o ConnectTimeout=1 -o 'StrictHostKeyChecking no' -p 10022 localhost 'rm -rf file*'|
|0210_170029|cmd=scp -o 'StrictHostKeyChecking no' -P 10022 /root/bzimage_bisect/repro.sh root@localhost:/root/repro.sh|
|0210_170031|cmd=scp -o 'StrictHostKeyChecking no' -P 10022 /root/syzkaller/workdir/crashes/a832a8487a0e4d69018c8175486f8415cb33c9c6/repro.cprog root@localhost:/root/repro.c|
|0210_170032|ssh -o ConnectTimeout=1 -o 'StrictHostKeyChecking no' -p 10022 localhost 'chmod 755 /root/repro.sh'|
|0210_170033|ssh -o ConnectTimeout=1 -o 'StrictHostKeyChecking no' -p 10022 localhost '/root/repro.sh'|
|0210_170400|/var/www/html/bzimage/bzImage_64f138f53e2a1b21cd88a49b3505b9dbc3f5c916 contained madvise_unlock:[   20.316974] WARNING: CPU: 1 PID: 730 at ./include/linux/rwsem.h:203 madvise_unlock+0x17e/0x1a0
[   20.319500] RIP: 0010:madvise_unlock+0x17e/0x1a0
[   20.327351]  ? madvise_unlock+0x17e/0x1a0
[   20.327889]  ? madvise_unlock+0x17e/0x1a0
[   20.328166]  ? madvise_unlock+0x17f/0x1a0
[   20.329279]  ? madvise_unlock+0x171/0x1a0
[   20.329542]  ? madvise_unlock+0x17e/0x1a0
[   20.329833]  ? madvise_unlock+0x17e/0x1a0
[   20.330139]  ? madvise_unlock+0x17e/0x1a0
[   20.341419] [<ffffffff81e82f04>] madvise_unlock+0xd4/0x1a0
[   20.343147]  ? madvise_unlock+0xd4/0x1a0
[   20.343189]  ? madvise_unlock+0xd4/0x1a0
[   20.343208]  ? madvise_unlock+0x17f/0x1a0
[   20.343271]  ? madvise_unlock+0x17e/0x1a0
[   20.343283]  madvise_unlock+0xd4/0x1a0
[   20.368906]  ? madvise_unlock+0x17e/0x1a0
[   20.369165]  madvise_unlock+0xd4/0x1a0, FAIL|
|0210_170400|git bisect bad 64f138f53e2a1b21cd88a49b3505b9dbc3f5c916|
|0210_170401|nohup /root/bzimage_bisect/make_bz.sh -k /root/linux-next -m eea451e3e130e787a6acf15736b8b46ffd9af3f9 -d /var/www/html/bzimage -o /tmp/kernel|
|0210_174351|/root/image/centos9_3.img -> /root/image/centos9_2.img|
|0210_174416|Run /var/www/html/bzimage/bzImage_eea451e3e130e787a6acf15736b8b46ffd9af3f9 with image:/root/image/centos9_2.img in local port:10022, 1 time|
|0210_174435|It takes 18 seconds to find login:test login: |
|0210_174435|Boot 1 time: takes 18 seconds to boot up.|
|0210_174435|cmd=ssh -o ConnectTimeout=1 -o 'StrictHostKeyChecking no' -p 10022 localhost 'rm -rf file*'|
|0210_174436|cmd=scp -o 'StrictHostKeyChecking no' -P 10022 /root/bzimage_bisect/repro.sh root@localhost:/root/repro.sh|
|0210_174437|cmd=scp -o 'StrictHostKeyChecking no' -P 10022 /root/syzkaller/workdir/crashes/a832a8487a0e4d69018c8175486f8415cb33c9c6/repro.cprog root@localhost:/root/repro.c|
|0210_174439|ssh -o ConnectTimeout=1 -o 'StrictHostKeyChecking no' -p 10022 localhost 'chmod 755 /root/repro.sh'|
|0210_174439|ssh -o ConnectTimeout=1 -o 'StrictHostKeyChecking no' -p 10022 localhost '/root/repro.sh'|
|0210_174806|/var/www/html/bzimage/bzImage_eea451e3e130e787a6acf15736b8b46ffd9af3f9 contained madvise_unlock:[   22.312626] WARNING: CPU: 1 PID: 729 at ./include/linux/rwsem.h:203 madvise_unlock+0x17e/0x1a0
[   22.315887] RIP: 0010:madvise_unlock+0x17e/0x1a0
[   22.324938]  ? madvise_unlock+0x17e/0x1a0
[   22.325499]  ? madvise_unlock+0x17e/0x1a0
[   22.325781]  ? madvise_unlock+0x17f/0x1a0
[   22.326904]  ? madvise_unlock+0x171/0x1a0
[   22.327185]  ? madvise_unlock+0x17e/0x1a0
[   22.327463]  ? madvise_unlock+0x17e/0x1a0
[   22.327749]  ? madvise_unlock+0x17e/0x1a0
[   22.339383] [<ffffffff81e82f04>] madvise_unlock+0xd4/0x1a0
[   22.341183]  ? madvise_unlock+0xd4/0x1a0
[   22.341226]  ? madvise_unlock+0xd4/0x1a0
[   22.341245]  ? madvise_unlock+0x17f/0x1a0
[   22.341312]  ? madvise_unlock+0x17e/0x1a0
[   22.341326]  madvise_unlock+0xd4/0x1a0
[   22.367389]  ? madvise_unlock+0x17e/0x1a0
[   22.367667]  madvise_unlock+0xd4/0x1a0, FAIL|
|0210_174806|git bisect bad eea451e3e130e787a6acf15736b8b46ffd9af3f9|
|0210_174807|nohup /root/bzimage_bisect/make_bz.sh -k /root/linux-next -m 2e0e56a1c54f1148b0d53f382a1fa115cf13c442 -d /var/www/html/bzimage -o /tmp/kernel|
|0210_182850|/root/image/centos9_3.img -> /root/image/centos9_2.img|
|0210_182913|Run /var/www/html/bzimage/bzImage_2e0e56a1c54f1148b0d53f382a1fa115cf13c442 with image:/root/image/centos9_2.img in local port:10022, 1 time|
|0210_182928|It takes 15 seconds to find login:test login: |
|0210_182928|Boot 1 time: takes 15 seconds to boot up.|
|0210_182928|cmd=ssh -o ConnectTimeout=1 -o 'StrictHostKeyChecking no' -p 10022 localhost 'rm -rf file*'|
|0210_182929|cmd=scp -o 'StrictHostKeyChecking no' -P 10022 /root/bzimage_bisect/repro.sh root@localhost:/root/repro.sh|
|0210_182931|cmd=scp -o 'StrictHostKeyChecking no' -P 10022 /root/syzkaller/workdir/crashes/a832a8487a0e4d69018c8175486f8415cb33c9c6/repro.cprog root@localhost:/root/repro.c|
|0210_182932|ssh -o ConnectTimeout=1 -o 'StrictHostKeyChecking no' -p 10022 localhost 'chmod 755 /root/repro.sh'|
|0210_182932|ssh -o ConnectTimeout=1 -o 'StrictHostKeyChecking no' -p 10022 localhost '/root/repro.sh'|
|0210_183259|/var/www/html/bzimage/bzImage_2e0e56a1c54f1148b0d53f382a1fa115cf13c442 didn't contain madvise_unlock: in dmesg, pass|
|0210_183300|git bisect good 2e0e56a1c54f1148b0d53f382a1fa115cf13c442|
|0210_183301|nohup /root/bzimage_bisect/make_bz.sh -k /root/linux-next -m 7f3085bfcfa2c04f3e833d492ee0989e405d3571 -d /var/www/html/bzimage -o /tmp/kernel|
|0210_191257|/root/image/centos9_3.img -> /root/image/centos9_2.img|
|0210_191321|Run /var/www/html/bzimage/bzImage_7f3085bfcfa2c04f3e833d492ee0989e405d3571 with image:/root/image/centos9_2.img in local port:10022, 1 time|
|0210_191339|It takes 18 seconds to find login:test login: |
|0210_191339|Boot 1 time: takes 18 seconds to boot up.|
|0210_191339|cmd=ssh -o ConnectTimeout=1 -o 'StrictHostKeyChecking no' -p 10022 localhost 'rm -rf file*'|
|0210_191340|cmd=scp -o 'StrictHostKeyChecking no' -P 10022 /root/bzimage_bisect/repro.sh root@localhost:/root/repro.sh|
|0210_191341|cmd=scp -o 'StrictHostKeyChecking no' -P 10022 /root/syzkaller/workdir/crashes/a832a8487a0e4d69018c8175486f8415cb33c9c6/repro.cprog root@localhost:/root/repro.c|
|0210_191343|ssh -o ConnectTimeout=1 -o 'StrictHostKeyChecking no' -p 10022 localhost 'chmod 755 /root/repro.sh'|
|0210_191343|ssh -o ConnectTimeout=1 -o 'StrictHostKeyChecking no' -p 10022 localhost '/root/repro.sh'|
|0210_191711|/var/www/html/bzimage/bzImage_7f3085bfcfa2c04f3e833d492ee0989e405d3571 contained madvise_unlock:[   22.763390] WARNING: CPU: 0 PID: 727 at ./include/linux/rwsem.h:203 madvise_unlock+0x17e/0x1a0
[   22.765393] RIP: 0010:madvise_unlock+0x17e/0x1a0
[   22.773863]  ? madvise_unlock+0x17e/0x1a0
[   22.774668]  ? madvise_unlock+0x17e/0x1a0
[   22.775076]  ? madvise_unlock+0x17f/0x1a0
[   22.776191]  ? madvise_unlock+0x171/0x1a0
[   22.776462]  ? madvise_unlock+0x17e/0x1a0
[   22.776731]  ? madvise_unlock+0x17e/0x1a0
[   22.777001]  ? madvise_unlock+0x17e/0x1a0
[   22.788701] [<ffffffff81e826d4>] madvise_unlock+0xd4/0x1a0
[   22.790409]  ? madvise_unlock+0xd4/0x1a0
[   22.790448]  ? madvise_unlock+0xd4/0x1a0
[   22.790467]  ? madvise_unlock+0x17f/0x1a0
[   22.790535]  ? madvise_unlock+0x17e/0x1a0
[   22.790548]  madvise_unlock+0xd4/0x1a0
[   22.816643]  ? madvise_unlock+0x17e/0x1a0
[   22.816915]  madvise_unlock+0xd4/0x1a0, FAIL|
|0210_191711|git bisect bad 7f3085bfcfa2c04f3e833d492ee0989e405d3571|
|0210_191712|nohup /root/bzimage_bisect/make_bz.sh -k /root/linux-next -m 0d4c8cf7c76aa8c2725e2e7f0e4c504b8cef8304 -d /var/www/html/bzimage -o /tmp/kernel|
|0210_195718|/root/image/centos9_3.img -> /root/image/centos9_2.img|
|0210_195744|Run /var/www/html/bzimage/bzImage_0d4c8cf7c76aa8c2725e2e7f0e4c504b8cef8304 with image:/root/image/centos9_2.img in local port:10022, 1 time|
|0210_195802|It takes 18 seconds to find login:test login: |
|0210_195802|Boot 1 time: takes 18 seconds to boot up.|
|0210_195802|cmd=ssh -o ConnectTimeout=1 -o 'StrictHostKeyChecking no' -p 10022 localhost 'rm -rf file*'|
|0210_195803|cmd=scp -o 'StrictHostKeyChecking no' -P 10022 /root/bzimage_bisect/repro.sh root@localhost:/root/repro.sh|
|0210_195805|cmd=scp -o 'StrictHostKeyChecking no' -P 10022 /root/syzkaller/workdir/crashes/a832a8487a0e4d69018c8175486f8415cb33c9c6/repro.cprog root@localhost:/root/repro.c|
|0210_195806|ssh -o ConnectTimeout=1 -o 'StrictHostKeyChecking no' -p 10022 localhost 'chmod 755 /root/repro.sh'|
|0210_195807|ssh -o ConnectTimeout=1 -o 'StrictHostKeyChecking no' -p 10022 localhost '/root/repro.sh'|
|0210_200134|/var/www/html/bzimage/bzImage_0d4c8cf7c76aa8c2725e2e7f0e4c504b8cef8304 didn't contain madvise_unlock: in dmesg, pass|
|0210_200134|git bisect good 0d4c8cf7c76aa8c2725e2e7f0e4c504b8cef8304|
|0210_200135|nohup /root/bzimage_bisect/make_bz.sh -k /root/linux-next -m ec6d101ee12d0c08387da3f83ef76eea830d6eb3 -d /var/www/html/bzimage -o /tmp/kernel|
|0210_204143|/root/image/centos9_3.img -> /root/image/centos9_2.img|
|0210_204210|Run /var/www/html/bzimage/bzImage_ec6d101ee12d0c08387da3f83ef76eea830d6eb3 with image:/root/image/centos9_2.img in local port:10022, 1 time|
|0210_204226|It takes 16 seconds to find login:test login: |
|0210_204226|Boot 1 time: takes 16 seconds to boot up.|
|0210_204226|cmd=ssh -o ConnectTimeout=1 -o 'StrictHostKeyChecking no' -p 10022 localhost 'rm -rf file*'|
|0210_204227|cmd=scp -o 'StrictHostKeyChecking no' -P 10022 /root/bzimage_bisect/repro.sh root@localhost:/root/repro.sh|
|0210_204229|cmd=scp -o 'StrictHostKeyChecking no' -P 10022 /root/syzkaller/workdir/crashes/a832a8487a0e4d69018c8175486f8415cb33c9c6/repro.cprog root@localhost:/root/repro.c|
|0210_204230|ssh -o ConnectTimeout=1 -o 'StrictHostKeyChecking no' -p 10022 localhost 'chmod 755 /root/repro.sh'|
|0210_204231|ssh -o ConnectTimeout=1 -o 'StrictHostKeyChecking no' -p 10022 localhost '/root/repro.sh'|
|0210_204558|/var/www/html/bzimage/bzImage_ec6d101ee12d0c08387da3f83ef76eea830d6eb3 contained madvise_unlock:[   20.881581] WARNING: CPU: 1 PID: 729 at ./include/linux/rwsem.h:203 madvise_unlock+0x17e/0x1a0
[   20.885061] RIP: 0010:madvise_unlock+0x17e/0x1a0
[   20.894487]  ? madvise_unlock+0x17e/0x1a0
[   20.895103]  ? madvise_unlock+0x17e/0x1a0
[   20.895408]  ? madvise_unlock+0x17f/0x1a0
[   20.896628]  ? madvise_unlock+0x171/0x1a0
[   20.896935]  ? madvise_unlock+0x17e/0x1a0
[   20.897247]  ? madvise_unlock+0x17e/0x1a0
[   20.897555]  ? madvise_unlock+0x17e/0x1a0
[   20.909735] [<ffffffff81e81f74>] madvise_unlock+0xd4/0x1a0
[   20.911596]  ? madvise_unlock+0xd4/0x1a0
[   20.911639]  ? madvise_unlock+0xd4/0x1a0
[   20.911660]  ? madvise_unlock+0x17f/0x1a0
[   20.911734]  ? madvise_unlock+0x17e/0x1a0
[   20.911748]  madvise_unlock+0xd4/0x1a0
[   20.939620]  ? madvise_unlock+0x17e/0x1a0
[   20.939918]  madvise_unlock+0xd4/0x1a0, FAIL|
|0210_204558|git bisect bad ec6d101ee12d0c08387da3f83ef76eea830d6eb3|
|0210_204559|nohup /root/bzimage_bisect/make_bz.sh -k /root/linux-next -m ab79819e5bab002356d69cad60f51b8ccd22e6fc -d /var/www/html/bzimage -o /tmp/kernel|
|0210_212531|/root/image/centos9_3.img -> /root/image/centos9_2.img|
|0210_212556|Run /var/www/html/bzimage/bzImage_ab79819e5bab002356d69cad60f51b8ccd22e6fc with image:/root/image/centos9_2.img in local port:10022, 1 time|
|0210_212615|It takes 19 seconds to find login:test login: |
|0210_212615|Boot 1 time: takes 19 seconds to boot up.|
|0210_212615|cmd=ssh -o ConnectTimeout=1 -o 'StrictHostKeyChecking no' -p 10022 localhost 'rm -rf file*'|
|0210_212617|cmd=scp -o 'StrictHostKeyChecking no' -P 10022 /root/bzimage_bisect/repro.sh root@localhost:/root/repro.sh|
|0210_212618|cmd=scp -o 'StrictHostKeyChecking no' -P 10022 /root/syzkaller/workdir/crashes/a832a8487a0e4d69018c8175486f8415cb33c9c6/repro.cprog root@localhost:/root/repro.c|
|0210_212620|ssh -o ConnectTimeout=1 -o 'StrictHostKeyChecking no' -p 10022 localhost 'chmod 755 /root/repro.sh'|
|0210_212620|ssh -o ConnectTimeout=1 -o 'StrictHostKeyChecking no' -p 10022 localhost '/root/repro.sh'|
|0210_212947|/var/www/html/bzimage/bzImage_ab79819e5bab002356d69cad60f51b8ccd22e6fc didn't contain madvise_unlock: in dmesg, pass|
|0210_212947|git bisect good ab79819e5bab002356d69cad60f51b8ccd22e6fc|
|0210_212948|nohup /root/bzimage_bisect/make_bz.sh -k /root/linux-next -m a4d5a73cdc1467a40fd90376a52fbd14d5bbf8c5 -d /var/www/html/bzimage -o /tmp/kernel|
|0210_221007|/root/image/centos9_3.img -> /root/image/centos9_2.img|
|0210_221031|Run /var/www/html/bzimage/bzImage_a4d5a73cdc1467a40fd90376a52fbd14d5bbf8c5 with image:/root/image/centos9_2.img in local port:10022, 1 time|
|0210_221050|It takes 19 seconds to find login:test login: |
|0210_221050|Boot 1 time: takes 19 seconds to boot up.|
|0210_221050|cmd=ssh -o ConnectTimeout=1 -o 'StrictHostKeyChecking no' -p 10022 localhost 'rm -rf file*'|
|0210_221051|cmd=scp -o 'StrictHostKeyChecking no' -P 10022 /root/bzimage_bisect/repro.sh root@localhost:/root/repro.sh|
|0210_221052|cmd=scp -o 'StrictHostKeyChecking no' -P 10022 /root/syzkaller/workdir/crashes/a832a8487a0e4d69018c8175486f8415cb33c9c6/repro.cprog root@localhost:/root/repro.c|
|0210_221054|ssh -o ConnectTimeout=1 -o 'StrictHostKeyChecking no' -p 10022 localhost 'chmod 755 /root/repro.sh'|
|0210_221054|ssh -o ConnectTimeout=1 -o 'StrictHostKeyChecking no' -p 10022 localhost '/root/repro.sh'|
|0210_221421|/var/www/html/bzimage/bzImage_a4d5a73cdc1467a40fd90376a52fbd14d5bbf8c5 didn't contain madvise_unlock: in dmesg, pass|
|0210_221421|git bisect good a4d5a73cdc1467a40fd90376a52fbd14d5bbf8c5|
|0210_221422|nohup /root/bzimage_bisect/make_bz.sh -k /root/linux-next -m 415553982a1ed7cacb4b24f8cb6e617544838e6f -d /var/www/html/bzimage -o /tmp/kernel|
|0210_225414|/root/image/centos9_3.img -> /root/image/centos9_2.img|
|0210_225441|Run /var/www/html/bzimage/bzImage_415553982a1ed7cacb4b24f8cb6e617544838e6f with image:/root/image/centos9_2.img in local port:10022, 1 time|
|0210_225501|It takes 19 seconds to find login:test login: |
|0210_225501|Boot 1 time: takes 19 seconds to boot up.|
|0210_225501|cmd=ssh -o ConnectTimeout=1 -o 'StrictHostKeyChecking no' -p 10022 localhost 'rm -rf file*'|
|0210_225502|cmd=scp -o 'StrictHostKeyChecking no' -P 10022 /root/bzimage_bisect/repro.sh root@localhost:/root/repro.sh|
|0210_225503|cmd=scp -o 'StrictHostKeyChecking no' -P 10022 /root/syzkaller/workdir/crashes/a832a8487a0e4d69018c8175486f8415cb33c9c6/repro.cprog root@localhost:/root/repro.c|
|0210_225505|ssh -o ConnectTimeout=1 -o 'StrictHostKeyChecking no' -p 10022 localhost 'chmod 755 /root/repro.sh'|
|0210_225505|ssh -o ConnectTimeout=1 -o 'StrictHostKeyChecking no' -p 10022 localhost '/root/repro.sh'|
|0210_225832|/var/www/html/bzimage/bzImage_415553982a1ed7cacb4b24f8cb6e617544838e6f contained madvise_unlock:[   23.432487] WARNING: CPU: 1 PID: 728 at ./include/linux/rwsem.h:203 madvise_unlock+0x17e/0x1a0
[   23.435580] RIP: 0010:madvise_unlock+0x17e/0x1a0
[   23.444663]  ? madvise_unlock+0x17e/0x1a0
[   23.445248]  ? madvise_unlock+0x17e/0x1a0
[   23.445551]  ? madvise_unlock+0x17f/0x1a0
[   23.446756]  ? madvise_unlock+0x171/0x1a0
[   23.447059]  ? madvise_unlock+0x17e/0x1a0
[   23.447364]  ? madvise_unlock+0x17e/0x1a0
[   23.447756]  ? madvise_unlock+0x17e/0x1a0
[   23.459888] [<ffffffff81e81f74>] madvise_unlock+0xd4/0x1a0
[   23.461753]  ? madvise_unlock+0xd4/0x1a0
[   23.461799]  ? madvise_unlock+0xd4/0x1a0
[   23.461820]  ? madvise_unlock+0x17f/0x1a0
[   23.461894]  ? madvise_unlock+0x17e/0x1a0
[   23.461911]  madvise_unlock+0xd4/0x1a0
[   23.489792]  ? madvise_unlock+0x17e/0x1a0
[   23.490089]  madvise_unlock+0xd4/0x1a0, FAIL|
|0210_225832|git bisect bad 415553982a1ed7cacb4b24f8cb6e617544838e6f|
|0210_225833|nohup /root/bzimage_bisect/make_bz.sh -k /root/linux-next -m ec68fbd9e99f7d320bc7e949df36ad93ac16a141 -d /var/www/html/bzimage -o /tmp/kernel|
|0210_233856|/root/image/centos9_3.img -> /root/image/centos9_2.img|
|0210_233920|Run /var/www/html/bzimage/bzImage_ec68fbd9e99f7d320bc7e949df36ad93ac16a141 with image:/root/image/centos9_2.img in local port:10022, 1 time|
|0210_233939|It takes 19 seconds to find login:test login: |
|0210_233939|Boot 1 time: takes 19 seconds to boot up.|
|0210_233939|cmd=ssh -o ConnectTimeout=1 -o 'StrictHostKeyChecking no' -p 10022 localhost 'rm -rf file*'|
|0210_233940|cmd=scp -o 'StrictHostKeyChecking no' -P 10022 /root/bzimage_bisect/repro.sh root@localhost:/root/repro.sh|
|0210_233942|cmd=scp -o 'StrictHostKeyChecking no' -P 10022 /root/syzkaller/workdir/crashes/a832a8487a0e4d69018c8175486f8415cb33c9c6/repro.cprog root@localhost:/root/repro.c|
|0210_233943|ssh -o ConnectTimeout=1 -o 'StrictHostKeyChecking no' -p 10022 localhost 'chmod 755 /root/repro.sh'|
|0210_233944|ssh -o ConnectTimeout=1 -o 'StrictHostKeyChecking no' -p 10022 localhost '/root/repro.sh'|
|0210_234311|/var/www/html/bzimage/bzImage_ec68fbd9e99f7d320bc7e949df36ad93ac16a141 contained madvise_unlock:[   23.304738] WARNING: CPU: 0 PID: 729 at ./include/linux/rwsem.h:203 madvise_unlock+0x17e/0x1a0
[   23.308190] RIP: 0010:madvise_unlock+0x17e/0x1a0
[   23.316013]  ? madvise_unlock+0x17e/0x1a0
[   23.316536]  ? madvise_unlock+0x17e/0x1a0
[   23.316804]  ? madvise_unlock+0x17f/0x1a0
[   23.317873]  ? madvise_unlock+0x171/0x1a0
[   23.318158]  ? madvise_unlock+0x17e/0x1a0
[   23.318431]  ? madvise_unlock+0x17e/0x1a0
[   23.318700]  ? madvise_unlock+0x17e/0x1a0
[   23.329441] [<ffffffff81e81f74>] madvise_unlock+0xd4/0x1a0
[   23.331106]  ? madvise_unlock+0xd4/0x1a0
[   23.331142]  ? madvise_unlock+0xd4/0x1a0
[   23.331159]  ? madvise_unlock+0x17f/0x1a0
[   23.331224]  ? madvise_unlock+0x17e/0x1a0
[   23.331236]  madvise_unlock+0xd4/0x1a0
[   23.356459]  ? madvise_unlock+0x17e/0x1a0
[   23.356726]  madvise_unlock+0xd4/0x1a0, FAIL|
|0210_234311|git bisect bad ec68fbd9e99f7d320bc7e949df36ad93ac16a141|
|0210_234312|nohup /root/bzimage_bisect/make_bz.sh -k /root/linux-next -m f19c9d7b57cf13a0b1c6cc30411ff563368cdfc7 -d /var/www/html/bzimage -o /tmp/kernel|
|0211_002239|/root/image/centos9_3.img -> /root/image/centos9_2.img|
|0211_002303|Run /var/www/html/bzimage/bzImage_f19c9d7b57cf13a0b1c6cc30411ff563368cdfc7 with image:/root/image/centos9_2.img in local port:10022, 1 time|
|0211_002323|It takes 19 seconds to find login:test login: |
|0211_002323|Boot 1 time: takes 19 seconds to boot up.|
|0211_002323|cmd=ssh -o ConnectTimeout=1 -o 'StrictHostKeyChecking no' -p 10022 localhost 'rm -rf file*'|
|0211_002324|cmd=scp -o 'StrictHostKeyChecking no' -P 10022 /root/bzimage_bisect/repro.sh root@localhost:/root/repro.sh|
|0211_002325|cmd=scp -o 'StrictHostKeyChecking no' -P 10022 /root/syzkaller/workdir/crashes/a832a8487a0e4d69018c8175486f8415cb33c9c6/repro.cprog root@localhost:/root/repro.c|
|0211_002327|ssh -o ConnectTimeout=1 -o 'StrictHostKeyChecking no' -p 10022 localhost 'chmod 755 /root/repro.sh'|
|0211_002327|ssh -o ConnectTimeout=1 -o 'StrictHostKeyChecking no' -p 10022 localhost '/root/repro.sh'|
|0211_002654|/var/www/html/bzimage/bzImage_f19c9d7b57cf13a0b1c6cc30411ff563368cdfc7 didn't contain madvise_unlock: in dmesg, pass|
|0211_002654|git bisect good f19c9d7b57cf13a0b1c6cc30411ff563368cdfc7|
|0211_002654|Bisect PASS: find bad commit: ec68fbd9e99f7d320bc7e949df36ad93ac16a141 is the first bad commit
commit ec68fbd9e99f7d320bc7e949df36ad93ac16a141
Author: SeongJae Park <sj@kernel.org>
Date:   Wed Feb 5 22:15:17 2025 -0800

    mm/madvise: remove redundant mmap_lock operations from process_madvise()
    
    Optimize redundant mmap lock operations from process_madvise() by directly
    doing the mmap locking first, and then the remaining works for all ranges
    in the loop.
    
    Link: https://lkml.kernel.org/r/20250206061517.2958-5-sj@kernel.org
    Signed-off-by: SeongJae Park <sj@kernel.org>
    Reviewed-by: Shakeel Butt <shakeel.butt@linux.dev>
    Reviewed-by: Liam R. Howlett <howlett@gmail.com>
    Reviewed-by: Lorenzo Stoakes <lorenzo.stoakes@oracle.com>
    Cc: David Hildenbrand <david@redhat.com>
    Cc: Davidlohr Bueso <dave@stgolabs.net>
    Cc: Vlastimil Babka <vbabka@suse.cz>
    Signed-off-by: Andrew Morton <akpm@linux-foundation.org>

 mm/madvise.c | 26 ++++++++++++++++++++++++--
 1 file changed, 24 insertions(+), 2 deletions(-)|
|0211_002654|cmd=git bisect log >> /var/www/html/bzimage/bi.log|
|0211_002654|cmd=git bisect log >> /var/www/html/bzimage/0210_144836_madvise_unlock/bisect.log|
git bisect start
# status: waiting for both good and bad commits
# bad: [df5d6180169ae06a2eac57e33b077ad6f6252440] Add linux-next specific files for 20250210
git bisect bad df5d6180169ae06a2eac57e33b077ad6f6252440
# status: waiting for good commit(s), bad commit known
# good: [a64dcfb451e254085a7daee5fe51bf22959d52d3] Linux 6.14-rc2
git bisect good a64dcfb451e254085a7daee5fe51bf22959d52d3
# bad: [045cdeb6e813195d6314df60cf8da35e13918909] Merge branch 'for-next' of git://git.kernel.org/pub/scm/linux/kernel/git/wireless/wireless-next.git
git bisect bad 045cdeb6e813195d6314df60cf8da35e13918909
# bad: [64f138f53e2a1b21cd88a49b3505b9dbc3f5c916] Merge branch 'for-next' of git://git.kernel.org/pub/scm/linux/kernel/git/geert/linux-m68k.git
git bisect bad 64f138f53e2a1b21cd88a49b3505b9dbc3f5c916
# bad: [eea451e3e130e787a6acf15736b8b46ffd9af3f9] Merge branch 'mm-everything' of git://git.kernel.org/pub/scm/linux/kernel/git/akpm/mm
git bisect bad eea451e3e130e787a6acf15736b8b46ffd9af3f9
# good: [2e0e56a1c54f1148b0d53f382a1fa115cf13c442] Merge branch 'urgent' of git://git.kernel.org/pub/scm/linux/kernel/git/efi/efi.git
git bisect good 2e0e56a1c54f1148b0d53f382a1fa115cf13c442
# bad: [7f3085bfcfa2c04f3e833d492ee0989e405d3571] mm/hugetlb: remove redundant __ClearPageReserved
git bisect bad 7f3085bfcfa2c04f3e833d492ee0989e405d3571
# good: [0d4c8cf7c76aa8c2725e2e7f0e4c504b8cef8304] fs/dax: always remove DAX page-cache entries when breaking layouts
git bisect good 0d4c8cf7c76aa8c2725e2e7f0e4c504b8cef8304
# bad: [ec6d101ee12d0c08387da3f83ef76eea830d6eb3] mm/swap_state.c: optimize the code in clear_shadow_from_swap_cache()
git bisect bad ec6d101ee12d0c08387da3f83ef76eea830d6eb3
# good: [ab79819e5bab002356d69cad60f51b8ccd22e6fc] mm/gup: don't allow FOLL_LONGTERM pinning of FS DAX pages
git bisect good ab79819e5bab002356d69cad60f51b8ccd22e6fc
# good: [a4d5a73cdc1467a40fd90376a52fbd14d5bbf8c5] mm/madvise: split out madvise input validity check
git bisect good a4d5a73cdc1467a40fd90376a52fbd14d5bbf8c5
# bad: [415553982a1ed7cacb4b24f8cb6e617544838e6f] mm-madvise-remove-redundant-mmap_lock-operations-from-process_madvise-fix
git bisect bad 415553982a1ed7cacb4b24f8cb6e617544838e6f
# bad: [ec68fbd9e99f7d320bc7e949df36ad93ac16a141] mm/madvise: remove redundant mmap_lock operations from process_madvise()
git bisect bad ec68fbd9e99f7d320bc7e949df36ad93ac16a141
# good: [f19c9d7b57cf13a0b1c6cc30411ff563368cdfc7] mm/madvise: split out madvise() behavior execution
git bisect good f19c9d7b57cf13a0b1c6cc30411ff563368cdfc7
# first bad commit: [ec68fbd9e99f7d320bc7e949df36ad93ac16a141] mm/madvise: remove redundant mmap_lock operations from process_madvise()
|0211_002654|nohup /root/bzimage_bisect/make_bz.sh -k /root/linux-next -m df5d6180169ae06a2eac57e33b077ad6f6252440 -b ec68fbd9e99f7d320bc7e949df36ad93ac16a141 -d /var/www/html/bzimage -o /tmp/kernel -f /var/www/html/bzimage/bzImage_df5d6180169ae06a2eac57e33b077ad6f6252440_ec68fbd9e99f7d320bc7e949df36ad93ac16a141_revert|
|0211_010638|1st base commit:a64dcfb451e254085a7daee5fe51bf22959d52d3!|
|0211_010638|/root/image/centos9_3.img -> /root/image/centos9_2.img|
|0211_010705|Run /var/www/html/bzimage/bzImage_df5d6180169ae06a2eac57e33b077ad6f6252440_ec68fbd9e99f7d320bc7e949df36ad93ac16a141_revert with image:/root/image/centos9_2.img in local port:10022, 1 time|
|0211_010724|It takes 19 seconds to find login:test login: |
|0211_010724|Boot 1 time: takes 19 seconds to boot up.|
|0211_010724|cmd=ssh -o ConnectTimeout=1 -o 'StrictHostKeyChecking no' -p 10022 localhost 'rm -rf file*'|
|0211_010725|cmd=scp -o 'StrictHostKeyChecking no' -P 10022 /root/bzimage_bisect/repro.sh root@localhost:/root/repro.sh|
|0211_010727|cmd=scp -o 'StrictHostKeyChecking no' -P 10022 /root/syzkaller/workdir/crashes/a832a8487a0e4d69018c8175486f8415cb33c9c6/repro.cprog root@localhost:/root/repro.c|
|0211_010728|ssh -o ConnectTimeout=1 -o 'StrictHostKeyChecking no' -p 10022 localhost 'chmod 755 /root/repro.sh'|
|0211_010729|ssh -o ConnectTimeout=1 -o 'StrictHostKeyChecking no' -p 10022 localhost '/root/repro.sh'|
|0211_011056|/var/www/html/bzimage/bzImage_df5d6180169ae06a2eac57e33b077ad6f6252440_ec68fbd9e99f7d320bc7e949df36ad93ac16a141_revert didn't contain madvise_unlock: in dmesg, pass|
|0211_011056|Bisect successfully! df5d6180169ae06a2eac57e33b077ad6f6252440_ec68fbd9e99f7d320bc7e949df36ad93ac16a141_revert bzimage passed!|
|0211_011056|cmd=cd /root/linux-next|
|0211_011056|ISSUE:a832a8487a0e4d69018c8175486f8415cb33c9c6  EMAIL status after check:Email_not_sent|
