c[?7l[2J[0mSeaBIOS (version rel-1.16.0-0-gd239552ce722-prebuilt.qemu.org)


iPXE (http://ipxe.org) 00:03.0 CA00 PCI2.10 PnP PMM+7FF91000+7FEF1000 CA00
Press Ctrl-B to configure iPXE (PCI 00:03.0)...                                                                               


Booting from ROM...
c[?7l[2J[    0.000000] Linux version 6.12.0-rc4-8acdd0e7bfad+ (root@p-mtlp04) (gcc (GCC) 11.5.0 20240719 (Red Hat 11.5.0-2), GNU ld version 2.35.2-54.el9) #1 SMP PREEMPT_DYNAMIC Wed Oct 30 03:31:38 CST 2024
[    0.000000] Command line: console=ttyS0 root=/dev/sda earlyprintk=serial net.ifnames=0 plymouth.enable=0
[    0.000000] KERNEL supported cpus:
[    0.000000]   Intel GenuineIntel
[    0.000000]   AMD AuthenticAMD
[    0.000000]   Hygon HygonGenuine
[    0.000000]   Centaur CentaurHauls
[    0.000000]   zhaoxin   Shanghai  
[    0.000000] x86/split lock detection: #DB: warning on user-space bus_locks
[    0.000000] BIOS-provided physical RAM map:
[    0.000000] BIOS-e820: [mem 0x0000000000000000-0x000000000009fbff] usable
[    0.000000] BIOS-e820: [mem 0x000000000009fc00-0x000000000009ffff] reserved
[    0.000000] BIOS-e820: [mem 0x00000000000f0000-0x00000000000fffff] reserved
[    0.000000] BIOS-e820: [mem 0x0000000000100000-0x000000007ffdffff] usable
[    0.000000] BIOS-e820: [mem 0x000000007ffe0000-0x000000007fffffff] reserved
[    0.000000] BIOS-e820: [mem 0x00000000feffc000-0x00000000feffffff] reserved
[    0.000000] BIOS-e820: [mem 0x00000000fffc0000-0x00000000ffffffff] reserved
[    0.000000] printk: legacy bootconsole [earlyser0] enabled
[    0.000000] NX (Execute Disable) protection: active
[    0.000000] APIC: Static calls initialized
[    0.000000] SMBIOS 2.8 present.
[    0.000000] DMI: QEMU Standard PC (i440FX + PIIX, 1996), BIOS rel-1.16.0-0-gd239552ce722-prebuilt.qemu.org 04/01/2014
[    0.000000] DMI: Memory slots populated: 1/1
[    0.000000] Hypervisor detected: KVM
[    0.000000] kvm-clock: Using msrs 4b564d01 and 4b564d00
[    0.000005] kvm-clock: using sched offset of 1152010339 cycles
[    0.000567] clocksource: kvm-clock: mask: 0xffffffffffffffff max_cycles: 0x1cd42e4dffb, max_idle_ns: 881590591483 ns
[    0.002309] tsc: Detected 2995.200 MHz processor
[    0.011705] last_pfn = 0x7ffe0 max_arch_pfn = 0x400000000
[    0.012325] MTRR map: 4 entries (3 fixed + 1 variable; max 19), built from 8 variable MTRRs
[    0.013199] x86/PAT: Configuration [0-7]: WB  WC  UC- UC  WB  WP  UC- WT  
[    0.025892] found SMP MP-table at [mem 0x000f5ba0-0x000f5baf]
[    0.026566] Using GB pages for direct mapping
[    0.030381] ACPI: Early table checksum verification disabled
[    0.031003] ACPI: RSDP 0x00000000000F59C0 000014 (v00 BOCHS )
[    0.031648] ACPI: RSDT 0x000000007FFE1951 000034 (v01 BOCHS  BXPC     00000001 BXPC 00000001)
[    0.032604] ACPI: FACP 0x000000007FFE17FD 000074 (v01 BOCHS  BXPC     00000001 BXPC 00000001)
[    0.033546] ACPI: DSDT 0x000000007FFE0040 0017BD (v01 BOCHS  BXPC     00000001 BXPC 00000001)
[    0.034477] ACPI: FACS 0x000000007FFE0000 000040
[    0.034991] ACPI: APIC 0x000000007FFE1871 000080 (v01 BOCHS  BXPC     00000001 BXPC 00000001)
[    0.035937] ACPI: HPET 0x000000007FFE18F1 000038 (v01 BOCHS  BXPC     00000001 BXPC 00000001)
[    0.036888] ACPI: WAET 0x000000007FFE1929 000028 (v01 BOCHS  BXPC     00000001 BXPC 00000001)
[    0.037819] ACPI: Reserving FACP table memory at [mem 0x7ffe17fd-0x7ffe1870]
[    0.038597] ACPI: Reserving DSDT table memory at [mem 0x7ffe0040-0x7ffe17fc]
[    0.039372] ACPI: Reserving FACS table memory at [mem 0x7ffe0000-0x7ffe003f]
[    0.040156] ACPI: Reserving APIC table memory at [mem 0x7ffe1871-0x7ffe18f0]
[    0.040931] ACPI: Reserving HPET table memory at [mem 0x7ffe18f1-0x7ffe1928]
[    0.041703] ACPI: Reserving WAET table memory at [mem 0x7ffe1929-0x7ffe1950]
[    0.043101] No NUMA configuration found
[    0.043513] Faking a node at [mem 0x0000000000000000-0x000000007ffdffff]
[    0.044256] NODE_DATA(0) allocated [mem 0x7ffb5180-0x7ffdfdff]
[    0.045493] Zone ranges:
[    0.045769]   DMA      [mem 0x0000000000001000-0x0000000000ffffff]
[    0.046419]   DMA32    [mem 0x0000000001000000-0x000000007ffdffff]
[    0.047074]   Normal   empty
[    0.047384]   Device   empty
[    0.047694] Movable zone start for each node
[    0.048149] Early memory node ranges
[    0.048530]   node   0: [mem 0x0000000000001000-0x000000000009efff]
[    0.049192]   node   0: [mem 0x0000000000100000-0x000000007ffdffff]
[    0.049852] Initmem setup node 0 [mem 0x0000000000001000-0x000000007ffdffff]
[    0.051201] On node 0, zone DMA: 1 pages in unavailable ranges
[    0.052255] On node 0, zone DMA: 97 pages in unavailable ranges
[    0.112085] On node 0, zone DMA32: 32 pages in unavailable ranges
[    0.435897] kasan: KernelAddressSanitizer initialized
[    0.436814] ACPI: PM-Timer IO Port: 0x608
[    0.437298] ACPI: LAPIC_NMI (acpi_id[0xff] dfl dfl lint[0x1])
[    0.437999] IOAPIC[0]: apic_id 0, version 17, address 0xfec00000, GSI 0-23
[    0.438768] ACPI: INT_SRC_OVR (bus 0 bus_irq 0 global_irq 2 dfl dfl)
[    0.439425] ACPI: INT_SRC_OVR (bus 0 bus_irq 5 global_irq 5 high level)
[    0.440096] ACPI: INT_SRC_OVR (bus 0 bus_irq 9 global_irq 9 high level)
[    0.440772] ACPI: INT_SRC_OVR (bus 0 bus_irq 10 global_irq 10 high level)
[    0.441522] ACPI: INT_SRC_OVR (bus 0 bus_irq 11 global_irq 11 high level)
[    0.442251] ACPI: Using ACPI (MADT) for SMP configuration information
[    0.442912] ACPI: HPET id: 0x8086a201 base: 0xfed00000
[    0.443453] TSC deadline timer available
[    0.443864] CPU topo: Max. logical packages:   1
[    0.444337] CPU topo: Max. logical dies:       1
[    0.444811] CPU topo: Max. dies per package:   1
[    0.445322] CPU topo: Max. threads per core:   1
[    0.445834] CPU topo: Num. cores per package:     2
[    0.446368] CPU topo: Num. threads per package:   2
[    0.446907] CPU topo: Allowing 2 present CPUs plus 0 hotplug CPUs
[    0.447638] kvm-guest: APIC: eoi() replaced with kvm_guest_apic_eoi_write()
[    0.448431] kvm-guest: KVM setup pv remote TLB flush
[    0.448984] kvm-guest: setup PV sched yield
[    0.449495] PM: hibernation: Registered nosave memory: [mem 0x00000000-0x00000fff]
[    0.450254] PM: hibernation: Registered nosave memory: [mem 0x0009f000-0x0009ffff]
[    0.451024] PM: hibernation: Registered nosave memory: [mem 0x000a0000-0x000effff]
[    0.451786] PM: hibernation: Registered nosave memory: [mem 0x000f0000-0x000fffff]
[    0.452559] [mem 0x80000000-0xfeffbfff] available for PCI devices
[    0.453176] Booting paravirtualized kernel on KVM
[    0.453659] clocksource: refined-jiffies: mask: 0xffffffff max_cycles: 0xffffffff, max_idle_ns: 7645519600211568 ns
[    0.454723] setup_percpu: NR_CPUS:8192 nr_cpumask_bits:2 nr_cpu_ids:2 nr_node_ids:1
[    0.457483] percpu: Embedded 85 pages/cpu s311296 r8192 d28672 u1048576
[    0.458369] kvm-guest: PV spinlocks enabled
[    0.458804] PV qspinlock hash table entries: 256 (order: 0, 4096 bytes, linear)
[    0.459552] Kernel command line: net.ifnames=0 console=ttyS0 root=/dev/sda earlyprintk=serial net.ifnames=0 plymouth.enable=0
[    0.461011] random: crng init done
[    0.463056] Dentry cache hash table entries: 262144 (order: 9, 2097152 bytes, linear)
[    0.464544] Inode-cache hash table entries: 131072 (order: 8, 1048576 bytes, linear)
[    0.465734] Fallback order for Node 0: 0 
[    0.465749] Built 1 zonelists, mobility grouping on.  Total pages: 524158
[    0.466931] Policy zone: DMA32
[    0.467245] mem auto-init: stack:off, heap alloc:off, heap free:off
[    0.467857] stackdepot: allocating hash table via alloc_large_system_hash
[    0.468527] stackdepot hash table entries: 1048576 (order: 12, 16777216 bytes, linear)
[    0.555397] SLUB: HWalign=64, Order=0-3, MinObjects=0, CPUs=2, Nodes=1
[    0.556092] kmemleak: Kernel memory leak detector disabled
[    0.556784] ftrace: allocating 72395 entries in 283 pages
[    0.585582] ftrace: allocated 283 pages with 5 groups
[    0.590158] Dynamic Preempt: voluntary
[    0.590998] Running RCU self tests
[    0.591340] Running RCU synchronous self tests
[    0.591777] rcu: Preemptible hierarchical RCU implementation.
[    0.592338] rcu: 	RCU lockdep checking is enabled.
[    0.592800] rcu: 	RCU restricting CPUs from NR_CPUS=8192 to nr_cpu_ids=2.
[    0.593457] 	Trampoline variant of Tasks RCU enabled.
[    0.593946] 	Rude variant of Tasks RCU enabled.
[    0.594389] 	Tracing variant of Tasks RCU enabled.
[    0.594853] rcu: RCU calculated value of scheduler-enlistment delay is 25 jiffies.
[    0.595609] rcu: Adjusting geometry for rcu_fanout_leaf=16, nr_cpu_ids=2
[    0.596332] Running RCU synchronous self tests
[    0.596758] RCU Tasks: Setting shift to 1 and lim to 1 rcu_task_cb_adjust=1 rcu_task_cpu_ids=2.
[    0.597592] RCU Tasks Rude: Setting shift to 1 and lim to 1 rcu_task_cb_adjust=1 rcu_task_cpu_ids=2.
[    0.598465] RCU Tasks Trace: Setting shift to 1 and lim to 1 rcu_task_cb_adjust=1 rcu_task_cpu_ids=2.
[    0.634000] NR_IRQS: 524544, nr_irqs: 440, preallocated irqs: 16
[    0.635186] rcu: srcu_init: Setting srcu_struct sizes based on contention.
[    0.644494] Console: colour VGA+ 80x25
[    0.644966] printk: legacy console [ttyS0] enabled
[    0.644966] printk: legacy console [ttyS0] enabled
[    0.645916] printk: legacy bootconsole [earlyser0] disabled
[    0.645916] printk: legacy bootconsole [earlyser0] disabled
[    0.647029] Lock dependency validator: Copyright (c) 2006 Red Hat, Inc., Ingo Molnar
[    0.647789] ... MAX_LOCKDEP_SUBCLASSES:  8
[    0.648202] ... MAX_LOCK_DEPTH:          48
[    0.648627] ... MAX_LOCKDEP_KEYS:        8192
[    0.649069] ... CLASSHASH_SIZE:          4096
[    0.649506] ... MAX_LOCKDEP_ENTRIES:     524288
[    0.649961] ... MAX_LOCKDEP_CHAINS:      524288
[    0.650414] ... CHAINHASH_SIZE:          262144
[    0.650868]  memory used by lock dependency info: 54145 kB
[    0.651414]  memory used for stack traces: 4224 kB
[    0.651892]  per task-struct memory footprint: 1920 bytes
[    0.652541] ACPI: Core revision 20240827
[    0.653404] clocksource: hpet: mask: 0xffffffff max_cycles: 0xffffffff, max_idle_ns: 19112604467 ns
[    0.654507] APIC: Switch to symmetric I/O mode setup
[    0.655194] x2apic enabled
[    0.655916] APIC: Switched APIC routing to: physical x2apic
[    0.656491] kvm-guest: APIC: send_IPI_mask() replaced with kvm_send_ipi_mask()
[    0.657218] kvm-guest: APIC: send_IPI_mask_allbutself() replaced with kvm_send_ipi_mask_allbutself()
[    0.658136] kvm-guest: setup PV IPIs
[    0.659875] ..TIMER: vector=0x30 apic1=0 pin1=2 apic2=-1 pin2=-1
[    0.660531] clocksource: tsc-early: mask: 0xffffffffffffffff max_cycles: 0x2b2c8ec87c7, max_idle_ns: 440795278598 ns
[    0.661617] Calibrating delay loop (skipped) preset value.. 5990.40 BogoMIPS (lpj=11980800)
[    0.665750] x86/cpu: User Mode Instruction Prevention (UMIP) activated
[    0.666517] Last level iTLB entries: 4KB 0, 2MB 0, 4MB 0
[    0.667054] Last level dTLB entries: 4KB 0, 2MB 0, 4MB 0, 1GB 0
[    0.667680] Spectre V1 : Mitigation: usercopy/swapgs barriers and __user pointer sanitization
[    0.668528] Spectre V2 : WARNING: Unprivileged eBPF is enabled with eIBRS on, data leaks possible via Spectre v2 BHB attacks!
[    0.669607] Spectre V2 : Spectre BHI mitigation: SW BHB clearing on syscall and VM exit
[    0.670402] Spectre V2 : Mitigation: Enhanced / Automatic IBRS
[    0.670985] Spectre V2 : Spectre v2 / SpectreRSB mitigation: Filling RSB on context switch
[    0.671812] Spectre V2 : Spectre v2 / PBRSB-eIBRS: Retire a single CALL on VMEXIT
[    0.672566] Spectre V2 : mitigation: Enabling conditional Indirect Branch Prediction Barrier
[    0.673612] Speculative Store Bypass: Mitigation: Speculative Store Bypass disabled via prctl
[    0.674417] MMIO Stale Data: Unknown: No mitigations
[    0.674925] x86/fpu: Supporting XSAVE feature 0x001: 'x87 floating point registers'
[    0.675667] x86/fpu: Supporting XSAVE feature 0x002: 'SSE registers'
[    0.676279] x86/fpu: Supporting XSAVE feature 0x004: 'AVX registers'
[    0.676891] x86/fpu: Supporting XSAVE feature 0x200: 'Protection Keys User registers'
[    0.677607] x86/fpu: xstate_offset[2]:  576, xstate_sizes[2]:  256
[    0.678210] x86/fpu: xstate_offset[9]:  832, xstate_sizes[9]:    8
[    0.678811] x86/fpu: Enabled xstate features 0x207, context size is 840 bytes, using 'compacted' format.
[    0.845240] Freeing SMP alternatives memory: 56K
[    0.845614] pid_max: default: 32768 minimum: 301
[    0.846650] LSM: initializing lsm=capability,yama,ima,evm
[    0.848325] Yama: becoming mindful.
[    0.851068] Mount-cache hash table entries: 4096 (order: 3, 32768 bytes, linear)
[    0.853642] Mountpoint-cache hash table entries: 4096 (order: 3, 32768 bytes, linear)
[    0.860067] Running RCU synchronous self tests
[    0.860644] Running RCU synchronous self tests
[    0.862030] smpboot: CPU0: Intel(R) Core(TM) Ultra 7 155H (family: 0x6, model: 0xaa, stepping: 0x4)
[    0.864730] Running RCU Tasks wait API self tests
[    0.965781] Running RCU Tasks Rude wait API self tests
[    0.966600] Running RCU Tasks Trace wait API self tests
[    0.967193] Performance Events: unsupported p6 CPU model 170 no PMU driver, software events only.
[    0.968181] signal: max sigframe size: 3632
[    0.968874] rcu: Hierarchical SRCU implementation.
[    0.969360] rcu: 	Max phase no-delay instances is 1000.
[    0.970044] Timer migration: 1 hierarchy levels; 8 children per group; 1 crossnode level
[    0.973397] NMI watchdog: Perf NMI watchdog permanently disabled
[    0.973684] Callback from call_rcu_tasks_trace() invoked.
[    0.974574] smp: Bringing up secondary CPUs ...
[    0.975966] smpboot: x86: Booting SMP configuration:
[    0.976508] .... node  #0, CPUs:      #1
[    0.977711] smp: Brought up 1 node, 2 CPUs
[    0.978539] smpboot: Total of 2 processors activated (11980.80 BogoMIPS)
[    0.979576] Memory: 1552196K/2096632K available (77824K kernel code, 14997K rwdata, 17780K rodata, 15492K init, 69564K bss, 537212K reserved, 0K cma-reserved)
[    0.982466] devtmpfs: initialized
[    0.982634] x86/mm: Memory block size: 128MB
[    0.994671] Running RCU synchronous self tests
[    0.994671] Running RCU synchronous self tests
[    0.994671] clocksource: jiffies: mask: 0xffffffff max_cycles: 0xffffffff, max_idle_ns: 7645041785100000 ns
[    0.995351] futex hash table entries: 512 (order: 4, 65536 bytes, linear)
[    0.997687] pinctrl core: initialized pinctrl subsystem
[    0.999082] 
[    1.001649] *************************************************************
[    1.001649] **     NOTICE NOTICE NOTICE NOTICE NOTICE NOTICE NOTICE    **
[    1.001649] **                                                         **
[    1.001649] **  IOMMU DebugFS SUPPORT HAS BEEN ENABLED IN THIS KERNEL  **
[    1.002268] **                                                         **
[    1.002941] ** This means that this kernel is built to expose internal **
[    1.003612] ** IOMMU data structures, which may compromise security on **
[    1.004282] ** your system.                                            **
[    1.004973] **                                                         **
[    1.005605] ** If you see this message and you are not debugging the   **
[    1.006294] ** kernel, report this immediately to your vendor!         **
[    1.006966] **                                                         **
[    1.007637] **     NOTICE NOTICE NOTICE NOTICE NOTICE NOTICE NOTICE    **
[    1.008308] *************************************************************
[    1.009073] PM: RTC time: 19:36:36, date: 2024-10-29
[    1.014360] NET: Registered PF_NETLINK/PF_ROUTE protocol family
[    1.016710] DMA: preallocated 256 KiB GFP_KERNEL pool for atomic allocations
[    1.017718] DMA: preallocated 256 KiB GFP_KERNEL|GFP_DMA pool for atomic allocations
[    1.018765] DMA: preallocated 256 KiB GFP_KERNEL|GFP_DMA32 pool for atomic allocations
[    1.020270] audit: initializing netlink subsys (disabled)
[    1.021799] audit: type=2000 audit(1730230596.476:1): state=initialized audit_enabled=0 res=1
[    1.026804] thermal_sys: Registered thermal governor 'fair_share'
[    1.026815] thermal_sys: Registered thermal governor 'bang_bang'
[    1.027580] thermal_sys: Registered thermal governor 'step_wise'
[    1.028308] thermal_sys: Registered thermal governor 'user_space'
[    1.029153] cpuidle: using governor ladder
[    1.030046] cpuidle: using governor menu
[    1.030389] acpiphp: ACPI Hot Plug PCI Controller Driver version: 0.5
[    1.032322] PCI: Using configuration type 1 for base access
[    1.033835] kprobes: kprobe jump-optimization is enabled. All kprobes are optimized if possible.
[    1.172734] HugeTLB: registered 1.00 GiB page size, pre-allocated 0 pages
[    1.173489] HugeTLB: 16380 KiB vmemmap can be freed for a 1.00 GiB page
[    1.173610] HugeTLB: registered 2.00 MiB page size, pre-allocated 0 pages
[    1.174346] HugeTLB: 28 KiB vmemmap can be freed for a 2.00 MiB page
[    1.188136] ACPI: Added _OSI(Module Device)
[    1.188635] ACPI: Added _OSI(Processor Device)
[    1.189124] ACPI: Added _OSI(3.0 _SCP Extensions)
[    1.189639] ACPI: Added _OSI(Processor Aggregator Device)
[    1.205886] ACPI: 1 ACPI AML tables successfully acquired and loaded
[    1.213334] ACPI: Interpreter enabled
[    1.213761] ACPI: PM: (supports S0 S3 S4 S5)
[    1.214240] ACPI: Using IOAPIC for interrupt routing
[    1.214876] PCI: Using host bridge windows from ACPI; if necessary, use "pci=nocrs" and report a bug
[    1.215813] PCI: Using E820 reservations for host bridge windows
[    1.217854] ACPI: Enabled 2 GPEs in block 00 to 0F
[    1.260890] ACPI: PCI Root Bridge [PCI0] (domain 0000 [bus 00-ff])
[    1.261637] acpi PNP0A03:00: _OSC: OS supports [ASPM ClockPM Segments MSI EDR HPX-Type3]
[    1.262550] acpi PNP0A03:00: _OSC: not requesting OS control; OS requires [ExtendedConfig ASPM ClockPM MSI]
[    1.263839] acpi PNP0A03:00: fail to add MMCONFIG information, can't access extended configuration space under this bridge
[    1.270596] acpiphp: Slot [3] registered
[    1.271209] acpiphp: Slot [4] registered
[    1.271813] acpiphp: Slot [5] registered
[    1.272428] acpiphp: Slot [6] registered
[    1.273079] acpiphp: Slot [7] registered
[    1.273742] acpiphp: Slot [8] registered
[    1.274341] acpiphp: Slot [9] registered
[    1.274954] acpiphp: Slot [10] registered
[    1.275587] acpiphp: Slot [11] registered
[    1.276201] acpiphp: Slot [12] registered
[    1.276814] acpiphp: Slot [13] registered
[    1.277446] acpiphp: Slot [14] registered
[    1.277784] acpiphp: Slot [15] registered
[    1.278403] acpiphp: Slot [16] registered
[    1.279049] acpiphp: Slot [17] registered
[    1.279678] acpiphp: Slot [18] registered
[    1.280321] acpiphp: Slot [19] registered
[    1.280970] acpiphp: Slot [20] registered
[    1.281571] acpiphp: Slot [21] registered
[    1.281755] acpiphp: Slot [22] registered
[    1.282392] acpiphp: Slot [23] registered
[    1.283013] acpiphp: Slot [24] registered
[    1.283624] acpiphp: Slot [25] registered
[    1.284238] acpiphp: Slot [26] registered
[    1.285654] acpiphp: Slot [27] registered
[    1.286323] acpiphp: Slot [28] registered
[    1.286935] acpiphp: Slot [29] registered
[    1.287536] acpiphp: Slot [30] registered
[    1.288238] acpiphp: Slot [31] registered
[    1.288788] PCI host bridge to bus 0000:00
[    1.289320] pci_bus 0000:00: root bus resource [io  0x0000-0x0cf7 window]
[    1.289611] pci_bus 0000:00: root bus resource [io  0x0d00-0xffff window]
[    1.290370] pci_bus 0000:00: root bus resource [mem 0x000a0000-0x000bffff window]
[    1.291202] pci_bus 0000:00: root bus resource [mem 0x80000000-0xfebfffff window]
[    1.292059] pci_bus 0000:00: root bus resource [mem 0x100000000-0x17fffffff window]
[    1.292912] pci_bus 0000:00: root bus resource [bus 00-ff]
[    1.293708] pci 0000:00:00.0: [8086:1237] type 00 class 0x060000 conventional PCI endpoint
[    1.305098] pci 0000:00:01.0: [8086:7000] type 00 class 0x060100 conventional PCI endpoint
[    1.307112] pci 0000:00:01.1: [8086:7010] type 00 class 0x010180 conventional PCI endpoint
[    1.309612] pci 0000:00:01.1: BAR 4 [io  0xc040-0xc04f]
[    1.311018] pci 0000:00:01.1: BAR 0 [io  0x01f0-0x01f7]: legacy IDE quirk
[    1.311810] pci 0000:00:01.1: BAR 1 [io  0x03f6]: legacy IDE quirk
[    1.312499] pci 0000:00:01.1: BAR 2 [io  0x0170-0x0177]: legacy IDE quirk
[    1.313248] pci 0000:00:01.1: BAR 3 [io  0x0376]: legacy IDE quirk
[    1.314232] pci 0000:00:01.3: [8086:7113] type 00 class 0x068000 conventional PCI endpoint
[    1.315610] pci 0000:00:01.3: quirk: [io  0x0600-0x063f] claimed by PIIX4 ACPI
[    1.316426] pci 0000:00:01.3: quirk: [io  0x0700-0x070f] claimed by PIIX4 SMB
[    1.317787] pci 0000:00:02.0: [1234:1111] type 00 class 0x030000 conventional PCI endpoint
[    1.322176] pci 0000:00:02.0: BAR 0 [mem 0xfd000000-0xfdffffff pref]
[    1.328630] pci 0000:00:02.0: BAR 2 [mem 0xfebf0000-0xfebf0fff]
[    1.337596] pci 0000:00:02.0: ROM [mem 0xfebe0000-0xfebeffff pref]
[    1.339044] pci 0000:00:02.0: Video device with shadowed ROM at [mem 0x000c0000-0x000dffff]
[    1.351674] pci 0000:00:03.0: [8086:100e] type 00 class 0x020000 conventional PCI endpoint
[    1.353289] pci 0000:00:03.0: BAR 0 [mem 0xfebc0000-0xfebdffff]
[    1.354297] pci 0000:00:03.0: BAR 1 [io  0xc000-0xc03f]
[    1.357889] pci 0000:00:03.0: ROM [mem 0xfeb80000-0xfebbffff pref]
[    1.383477] ACPI: PCI: Interrupt link LNKA configured for IRQ 10
[    1.385441] ACPI: PCI: Interrupt link LNKB configured for IRQ 10
[    1.386689] ACPI: PCI: Interrupt link LNKC configured for IRQ 11
[    1.388402] ACPI: PCI: Interrupt link LNKD configured for IRQ 11
[    1.389594] ACPI: PCI: Interrupt link LNKS configured for IRQ 9
[    1.394723] iommu: Default domain type: Translated
[    1.395306] iommu: DMA domain TLB invalidation policy: lazy mode
[    1.400084] SCSI subsystem initialized
[    1.401449] ACPI: bus type USB registered
[    1.401856] usbcore: registered new interface driver usbfs
[    1.402694] usbcore: registered new interface driver hub
[    1.403382] usbcore: registered new device driver usb
[    1.404371] pps_core: LinuxPPS API ver. 1 registered
[    1.404950] pps_core: Software ver. 5.3.6 - Copyright 2005-2007 Rodolfo Giometti <giometti@linux.it>
[    1.405692] PTP clock support registered
[    1.406848] EDAC MC: Ver: 3.0.0
[    1.412238] NetLabel: Initializing
[    1.412666] NetLabel:  domain hash size = 128
[    1.413170] NetLabel:  protocols = UNLABELED CIPSOv4 CALIPSO
[    1.413887] NetLabel:  unlabeled traffic allowed by default
[    1.415500] PCI: Using ACPI for IRQ routing
[    1.416573] pci 0000:00:02.0: vgaarb: setting as boot VGA device
[    1.417279] pci 0000:00:02.0: vgaarb: bridge control possible
[    1.417596] pci 0000:00:02.0: vgaarb: VGA device added: decodes=io+mem,owns=io+mem,locks=none
[    1.417612] vgaarb: loaded
[    1.419131] hpet0: at MMIO 0xfed00000, IRQs 2, 8, 0
[    1.419717] hpet0: 3 comparators, 64-bit 100.000000 MHz counter
[    1.424149] clocksource: Switched to clocksource kvm-clock
[    1.431333] VFS: Disk quotas dquot_6.6.0
[    1.431870] VFS: Dquot-cache hash table entries: 512 (order 0, 4096 bytes)
[    1.434355] pnp: PnP ACPI init
[    1.441206] pnp: PnP ACPI: found 6 devices
[    1.464983] clocksource: acpi_pm: mask: 0xffffff max_cycles: 0xffffff, max_idle_ns: 2085701024 ns
[    1.466744] NET: Registered PF_INET protocol family
[    1.467756] IP idents hash table entries: 32768 (order: 6, 262144 bytes, linear)
[    1.470772] tcp_listen_portaddr_hash hash table entries: 1024 (order: 4, 73728 bytes, linear)
[    1.471883] Table-perturb hash table entries: 65536 (order: 6, 262144 bytes, linear)
[    1.473062] TCP established hash table entries: 16384 (order: 5, 131072 bytes, linear)
[    1.474742] TCP bind hash table entries: 16384 (order: 9, 2359296 bytes, linear)
[    1.479569] TCP: Hash tables configured (established 16384 bind 16384)
[    1.480647] UDP hash table entries: 1024 (order: 5, 163840 bytes, linear)
[    1.481642] UDP-Lite hash table entries: 1024 (order: 5, 163840 bytes, linear)
[    1.483169] NET: Registered PF_UNIX/PF_LOCAL protocol family
[    1.485354] RPC: Registered named UNIX socket transport module.
[    1.486121] RPC: Registered udp transport module.
[    1.486695] RPC: Registered tcp transport module.
[    1.487249] RPC: Registered tcp-with-tls transport module.
[    1.487891] RPC: Registered tcp NFSv4.1 backchannel transport module.
[    1.488696] pci_bus 0000:00: resource 4 [io  0x0000-0x0cf7 window]
[    1.489432] pci_bus 0000:00: resource 5 [io  0x0d00-0xffff window]
[    1.490180] pci_bus 0000:00: resource 6 [mem 0x000a0000-0x000bffff window]
[    1.491011] pci_bus 0000:00: resource 7 [mem 0x80000000-0xfebfffff window]
[    1.491875] pci_bus 0000:00: resource 8 [mem 0x100000000-0x17fffffff window]
[    1.493190] pci 0000:00:01.0: PIIX3: Enabling Passive Release
[    1.493934] pci 0000:00:00.0: Limiting direct PCI/PCI transfers
[    1.494905] PCI: CLS 0 bytes, default 64
[    1.495682] ACPI: bus type thunderbolt registered
[    1.496873] clocksource: tsc: mask: 0xffffffffffffffff max_cycles: 0x2b2c8ec87c7, max_idle_ns: 440795278598 ns
[    4.252401] Initialise system trusted keyrings
[    4.253091] Key type blacklist registered
[    4.253985] workingset: timestamp_bits=36 max_order=19 bucket_order=0
[    4.254747] zbud: loaded
[    4.257557] squashfs: version 4.0 (2009/01/31) Phillip Lougher
[    4.260126] NFS: Registering the id_resolver key type
[    4.260698] Key type id_resolver registered
[    4.261142] Key type id_legacy registered
[    4.261639] nfs4filelayout_init: NFSv4 File Layout Driver Registering...
[    4.262436] nfs4flexfilelayout_init: NFSv4 Flexfile Layout Driver Registering...
[    4.263549] fuse: init (API version 7.41)
[    4.264699] SGI XFS with ACLs, security attributes, realtime, quota, no debug enabled
[    4.267633] 9p: Installing v9fs 9p2000 file system support
[    4.284762] Key type asymmetric registered
[    4.285248] Asymmetric key parser 'x509' registered
[    4.286168] Block layer SCSI generic (bsg) driver version 0.4 loaded (major 243)
[    4.287561] io scheduler mq-deadline registered
[    4.288198] io scheduler bfq registered
[    4.289644] ledtrig-cpu: registered to indicate activity on CPUs
[    4.290796] shpchp: Standard Hot Plug PCI Controller Driver version: 0.4
[    4.292492] IPMI message handler: version 39.2
[    4.293067] ipmi device interface
[    4.296119] input: Power Button as /devices/LNXSYSTM:00/LNXPWRBN:00/input/input0
[    4.297606] ACPI: button: Power Button [PWRF]
[    4.300842] ERST DBG: ERST support is disabled.
[    4.302825] Serial: 8250/16550 driver, 32 ports, IRQ sharing enabled
[    4.305043] 00:04: ttyS0 at I/O 0x3f8 (irq = 4, base_baud = 115200) is a 16550A
[    4.343285] Linux agpgart interface v0.103
[    4.350967] ACPI: bus type drm_connector registered
[    4.382027] Callback from call_rcu_tasks() invoked.
[    4.391851] brd: module loaded
[    4.420757] loop: module loaded
[    4.442485] scsi host0: ata_piix
[    4.444575] scsi host1: ata_piix
[    4.445524] ata1: PATA max MWDMA2 cmd 0x1f0 ctl 0x3f6 bmdma 0xc040 irq 14 lpm-pol 0
[    4.446496] ata2: PATA max MWDMA2 cmd 0x170 ctl 0x376 bmdma 0xc048 irq 15 lpm-pol 0
[    4.451961] tun: Universal TUN/TAP device driver, 1.6
[    4.453369] e100: Intel(R) PRO/100 Network Driver
[    4.454039] e100: Copyright(c) 1999-2006 Intel Corporation
[    4.454822] e1000: Intel(R) PRO/1000 Network Driver
[    4.455420] e1000: Copyright (c) 1999-2006 Intel Corporation.
[    4.602464] ata1: found unknown device (class 0)
[    4.605457] ata2: found unknown device (class 0)
[    4.607972] ata2.00: ATAPI: QEMU DVD-ROM, 2.5+, max UDMA/100
[    4.610040] ata1.00: ATA-7: QEMU HARDDISK, 2.5+, max UDMA/100
[    4.611211] ata1.00: 17196647 sectors, multi 16: LBA48 
[    4.615428] scsi 0:0:0:0: Direct-Access     ATA      QEMU HARDDISK    2.5+ PQ: 0 ANSI: 5
[    4.620538] sd 0:0:0:0: Attached scsi generic sg0 type 0
[    4.622102] sd 0:0:0:0: [sda] 17196647 512-byte logical blocks: (8.80 GB/8.20 GiB)
[    4.624451] scsi 1:0:0:0: CD-ROM            QEMU     QEMU DVD-ROM     2.5+ PQ: 0 ANSI: 5
[    4.625827] sd 0:0:0:0: [sda] Write Protect is off
[    4.628487] sd 0:0:0:0: [sda] Write cache: enabled, read cache: enabled, doesn't support DPO or FUA
[    4.630344] sd 0:0:0:0: [sda] Preferred minimum I/O size 512 bytes
[    4.652304] scsi 1:0:0:0: Attached scsi generic sg1 type 5
[    4.663179] sd 0:0:0:0: [sda] Attached SCSI disk
[    5.265241] ACPI: \_SB_.LNKC: Enabled at IRQ 11
[    5.586860] e1000 0000:00:03.0 eth0: (PCI:33MHz:32-bit) 52:54:00:12:34:56
[    5.587668] e1000 0000:00:03.0 eth0: Intel(R) PRO/1000 Network Connection
[    5.588511] e1000e: Intel(R) PRO/1000 Network Driver
[    5.589068] e1000e: Copyright(c) 1999 - 2015 Intel Corporation.
[    5.589913] igb: Intel(R) Gigabit Ethernet Network Driver
[    5.590513] igb: Copyright (c) 2007-2014 Intel Corporation.
[    5.591314] PPP generic driver version 2.4.2
[    5.594111] VFIO - User Level meta-driver version: 0.3
[    5.596189] usbcore: registered new interface driver uas
[    5.597431] usbcore: registered new interface driver usb-storage
[    5.599277] i8042: PNP: PS/2 Controller [PNP0303:KBD,PNP0f13:MOU] at 0x60,0x64 irq 1,12
[    5.602309] serio: i8042 KBD port at 0x60,0x64 irq 1
[    5.602960] serio: i8042 AUX port at 0x60,0x64 irq 12
[    5.606847] mousedev: PS/2 mouse device common for all mice
[    5.610302] input: AT Translated Set 2 keyboard as /devices/platform/i8042/serio0/input/input1
[    5.610469] rtc_cmos 00:05: RTC can wake from S4
[    5.614174] input: VirtualPS/2 VMware VMMouse as /devices/platform/i8042/serio1/input/input4
[    5.615110] rtc_cmos 00:05: registered as rtc0
[    5.615770] rtc_cmos 00:05: setting system clock to 2024-10-29T19:36:40 UTC (1730230600)
[    5.617215] rtc_cmos 00:05: alarms up to one day, y3k, 242 bytes nvram, hpet irqs
[    5.617238] input: VirtualPS/2 VMware VMMouse as /devices/platform/i8042/serio1/input/input3
[    5.618199] i2c_dev: i2c /dev entries driver
[    5.619643] device-mapper: core: CONFIG_IMA_DISABLE_HTABLE is disabled. Duplicate IMA measurements will not be recorded in the IMA log.
[    5.621053] device-mapper: uevent: version 1.0.3
[    5.622239] device-mapper: ioctl: 4.48.0-ioctl (2023-03-01) initialised: dm-devel@lists.linux.dev
[    5.623244] intel_pstate: CPU model not supported
[    5.624102] sdhci: Secure Digital Host Controller Interface driver
[    5.624775] sdhci: Copyright(c) Pierre Ossman
[    5.625447] sdhci-pltfm: SDHCI platform and OF driver helper
[    5.626851] drop_monitor: Initializing network drop monitor service
[    5.628069] NET: Registered PF_INET6 protocol family
[    5.637294] Segment Routing with IPv6
[    5.637892] In-situ OAM (IOAM) with IPv6
[    5.638446] NET: Registered PF_PACKET protocol family
[    5.639487] 9pnet: Installing 9P2000 support
[    5.640548] Key type dns_resolver registered
[    5.642881] IPI shorthand broadcast: enabled
[    5.685937] sched_clock: Marking stable (5668009294, 17738650)->(5723769219, -38021275)
[    5.688269] registered taskstats version 1
[    5.689429] Loading compiled-in X.509 certificates
[    5.737103] Demotion targets for Node 0: null
[    5.739243] Key type .fscrypt registered
[    5.739638] Key type fscrypt-provisioning registered
[    5.745384] Key type encrypted registered
[    5.745918] ima: No TPM chip found, activating TPM-bypass!
[    5.746503] ima: Allocated hash algorithm: sha1
[    5.747050] ima: No architecture policies found
[    5.747677] evm: Initialising EVM extended attributes:
[    5.748192] evm: security.selinux
[    5.748533] evm: security.SMACK64
[    5.748870] evm: security.SMACK64EXEC
[    5.749244] evm: security.SMACK64TRANSMUTE
[    5.749657] evm: security.SMACK64MMAP
[    5.750072] evm: security.apparmor
[    5.750417] evm: security.ima
[    5.750715] evm: security.capability
[    5.751067] evm: HMAC attrs: 0x1
[    5.753871] PM:   Magic number: 12:801:648
[    5.754427] acpi LNXCPU:01: hash matches
[    5.756040] RAS: Correctable Errors collector initialized.
[    5.757033] clk: Disabling unused clocks
[    5.758114] PM: genpd: Disabling unused power domains
[    5.760174] md: Waiting for all devices to be available before autodetect
[    5.760633] md: If you don't use raid, use raid=noautodetect
[    5.761016] md: Autodetecting RAID arrays.
[    5.761303] md: autorun ...
[    5.761500] md: ... autorun DONE.
[    5.771237] EXT4-fs (sda): mounted filesystem 088740a9-c8b4-422c-999d-a804eb68a4da ro with ordered data mode. Quota mode: none.
[    5.772165] VFS: Mounted root (ext4 filesystem) readonly on device 8:0.
[    5.775396] devtmpfs: mounted
[    5.794786] Freeing unused decrypted memory: 2028K
[    5.804716] Freeing unused kernel image (initmem) memory: 15492K
[    5.805375] Write protecting the kernel read-only data: 96256k
[    5.807745] Freeing unused kernel image (rodata/data gap) memory: 652K
[    5.885412] x86/mm: Checked W+X mappings: passed, no W+X pages found.
[    5.885897] Run /sbin/init as init process
[    6.115433] systemd[1]: systemd 252-15.el9 running in system mode (+PAM +AUDIT +SELINUX -APPARMOR +IMA +SMACK +SECCOMP +GCRYPT +GNUTLS +OPENSSL +ACL +BLKID +CURL +ELFUTILS -FIDO2 +IDN2 -IDN -IPTC +KMOD +LIBCRYPTSETUP +LIBFDISK +PCRE2 -PWQUALITY +P11KIT -QRENCODE +TPM2 +BZIP2 +LZ4 +XZ +ZLIB +ZSTD -BPF_FRAMEWORK +XKBCOMMON +UTMP +SYSVINIT default-hierarchy=unified)
[    6.118327] systemd[1]: Detected virtualization kvm.
[    6.118757] systemd[1]: Detected architecture x86-64.

Welcome to [0;31mCentOS Stream 9[0m!

[    6.128076] systemd[1]: Hostname set to <test>.
[    6.539766] systemd-rc-local-generator[125]: /etc/rc.d/rc.local is not marked executable, skipping.
[    7.033124] systemd[1]: Queued start job for default target Multi-User System.
[    7.056205] systemd[1]: Created slice Virtual Machine and Container Slice.
[[0;32m  OK  [0m] Created slice [0;1;39mVirtual Machine and Container Slice[0m.
[    7.067942] systemd[1]: Created slice Slice /system/getty.
[[0;32m  OK  [0m] Created slice [0;1;39mSlice /system/getty[0m.
[    7.074061] systemd[1]: Created slice Slice /system/modprobe.
[[0;32m  OK  [0m] Created slice [0;1;39mSlice /system/modprobe[0m.
[    7.078670] systemd[1]: Created slice Slice /system/serial-getty.
[[0;32m  OK  [0m] Created slice [0;1;39mSlice /system/serial-getty[0m.
[    7.082710] systemd[1]: Created slice Slice /system/sshd-keygen.
[[0;32m  OK  [0m] Created slice [0;1;39mSlice /system/sshd-keygen[0m.
[    7.086724] systemd[1]: Created slice User and Session Slice.
[[0;32m  OK  [0m] Created slice [0;1;39mUser and Session Slice[0m.
[    7.088697] systemd[1]: Started Forward Password Requests to Wall Directory Watch.
[[0;32m  OK  [0m] Started [0;1;39mForward Password R…uests to Wall Directory Watch[0m.
[    7.091988] systemd[1]: Set up automount Arbitrary Executable File Formats File System Automount Point.
[[0;32m  OK  [0m] Set up automount [0;1;39mArbitrary…s File System Automount Point[0m.
[    7.094088] systemd[1]: Reached target Local Integrity Protected Volumes.
[[0;32m  OK  [0m] Reached target [0;1;39mLocal Integrity Protected Volumes[0m.
[    7.095741] systemd[1]: Reached target Slice Units.
[[0;32m  OK  [0m] Reached target [0;1;39mSlice Units[0m.
[    7.097026] systemd[1]: Reached target Swaps.
[[0;32m  OK  [0m] Reached target [0;1;39mSwaps[0m.
[    7.098269] systemd[1]: Reached target Local Verity Protected Volumes.
[[0;32m  OK  [0m] Reached target [0;1;39mLocal Verity Protected Volumes[0m.
[    7.100340] systemd[1]: Listening on Device-mapper event daemon FIFOs.
[[0;32m  OK  [0m] Listening on [0;1;39mDevice-mapper event daemon FIFOs[0m.
[    7.103031] systemd[1]: Listening on LVM2 poll daemon socket.
[[0;32m  OK  [0m] Listening on [0;1;39mLVM2 poll daemon socket[0m.
[    7.104719] systemd[1]: multipathd control socket was skipped because of an unmet condition check (ConditionPathExists=/etc/multipath.conf).
[    7.198041] systemd[1]: Listening on RPCbind Server Activation Socket.
[[0;32m  OK  [0m] Listening on [0;1;39mRPCbind Server Activation Socket[0m.
[    7.203459] systemd[1]: Reached target RPC Port Mapper.
[[0;32m  OK  [0m] Reached target [0;1;39mRPC Port Mapper[0m.
[    7.211125] systemd[1]: Listening on Process Core Dump Socket.
[[0;32m  OK  [0m] Listening on [0;1;39mProcess Core Dump Socket[0m.
[    7.214446] systemd[1]: Listening on initctl Compatibility Named Pipe.
[[0;32m  OK  [0m] Listening on [0;1;39minitctl Compatibility Named Pipe[0m.
[    7.218569] systemd[1]: Listening on Journal Socket (/dev/log).
[[0;32m  OK  [0m] Listening on [0;1;39mJournal Socket (/dev/log)[0m.
[    7.221097] systemd[1]: Listening on Journal Socket.
[[0;32m  OK  [0m] Listening on [0;1;39mJournal Socket[0m.
[    7.223640] systemd[1]: Listening on udev Control Socket.
[[0;32m  OK  [0m] Listening on [0;1;39mudev Control Socket[0m.
[    7.225585] systemd[1]: Listening on udev Kernel Socket.
[[0;32m  OK  [0m] Listening on [0;1;39mudev Kernel Socket[0m.
[    7.250569] systemd[1]: Mounting Huge Pages File System...
         Mounting [0;1;39mHuge Pages File System[0m...
[    7.266612] systemd[1]: Mounting POSIX Message Queue File System...
         Mounting [0;1;39mPOSIX Message Queue File System[0m...
[    7.282598] systemd[1]: Mounting Kernel Debug File System...
         Mounting [0;1;39mKernel Debug File System[0m...
[    7.298651] systemd[1]: Mounting Kernel Trace File System...
         Mounting [0;1;39mKernel Trace File System[0m...
[    7.300893] systemd[1]: Kernel Module supporting RPCSEC_GSS was skipped because of an unmet condition check (ConditionPathExists=/etc/krb5.keytab).
[    7.302283] systemd[1]: Create List of Static Device Nodes was skipped because of an unmet condition check (ConditionFileNotEmpty=/lib/modules/6.12.0-rc4-8acdd0e7bfad+/modules.devname).
[    7.314453] systemd[1]: Starting Monitoring of LVM2 mirrors, snapshots etc. using dmeventd or progress polling...
         Starting [0;1;39mMonitoring of LVM…meventd or progress polling[0m...
[    7.326059] systemd[1]: Starting Load Kernel Module configfs...
         Starting [0;1;39mLoad Kernel Module configfs[0m...
[    7.337725] systemd[1]: Starting Load Kernel Module drm...
         Starting [0;1;39mLoad Kernel Module drm[0m...
[    7.370657] systemd[1]: Starting Load Kernel Module fuse...
         Starting [0;1;39mLoad Kernel Module fuse[0m...
[    7.384706] systemd[1]: Starting Read and set NIS domainname from /etc/sysconfig/network...
         Starting [0;1;39mRead and set NIS …from /etc/sysconfig/network[0m...
[    7.407306] systemd[1]: Starting Journal Service...
         Starting [0;1;39mJournal Service[0m...
[    7.450578] systemd[1]: Starting Load Kernel Modules...
         Starting [0;1;39mLoad Kernel Modules[0m...
[    7.474691] systemd[1]: Starting Generate network units from Kernel command line...
         Starting [0;1;39mGenerate network …ts from Kernel command line[0m...
[    7.510749] systemd[1]: Starting Remount Root and Kernel File Systems...
         Starting [0;1;39mRemount Root and Kernel File Systems[0m...
[    7.512812] systemd[1]: Repartition Root Disk was skipped because no trigger condition checks were met.
[    7.551219] systemd[1]: Starting Coldplug All udev Devices...
         Starting [0;1;39mColdplug All udev Devices[0m...
[    7.585045] systemd[1]: Mounted Huge Pages File System.
[[0;32m  OK  [0m] Mounted [0;1;39mHuge Pages File System[0m.
[    7.588435] systemd[1]: Mounted POSIX Message Queue File System.
[[0;32m  OK  [0m] Mounted [0;1;39mPOSIX Message Queue File System[0m.
[    7.591805] systemd[1]: Mounted Kernel Debug File System.
[[0;32m  OK  [0m] Mounted [0;1;39mKernel Debug File System[0m.
[    7.594987] systemd[1]: Mounted Kernel Trace File System.
[[0;32m  OK  [0m] Mounted [0;1;39mKernel Trace File System[0m.
[    7.598893] systemd[1]: Finished Monitoring of LVM2 mirrors, snapshots etc. using dmeventd or progress polling.
[[0;32m  OK  [0m] Finished [0;1;39mMonitoring of LVM… dmeventd or progress polling[0m.
[    7.603554] systemd[1]: modprobe@configfs.service: Deactivated successfully.
[    7.605436] systemd[1]: Finished Load Kernel Module configfs.
[[0;32m  OK  [0m] Finished [0;1;39mLoad Kernel Module configfs[0m.
[    7.609550] systemd[1]: modprobe@drm.service: Deactivated successfully.
[    7.611393] systemd[1]: Finished Load Kernel Module drm.
[[0;32m  OK  [0m] Finished [0;1;39mLoad Kernel Module drm[0m.
[    7.614618] systemd[1]: modprobe@fuse.service: Deactivated successfully.
[    7.616512] systemd[1]: Finished Load Kernel Module fuse.
[[0;32m  OK  [0m] Finished [0;1;39mLoad Kernel Module fuse[0m.
[    7.619665] systemd[1]: Finished Read and set NIS domainname from /etc/sysconfig/network.
[[0;32m  OK  [0m] Finished [0;1;39mRead and set NIS …e from /etc/sysconfig/network[0m.
[    7.622479] systemd[1]: systemd-modules-load.service: Main process exited, code=exited, status=1/FAILURE
[    7.624225] systemd[1]: systemd-modules-load.service: Failed with result 'exit-code'.
[    7.626129] systemd[1]: Failed to start Load Kernel Modules.
[[0;1;31mFAILED[0m] Failed to start [0;1;39mLoad Kernel Modules[0m.
See 'systemctl status systemd-modules-load.service' for details.
[    7.630604] systemd[1]: Finished Generate network units from Kernel command line.
[[0;32m  OK  [0m] Finished [0;1;39mGenerate network units from Kernel command line[0m.
[    7.633879] systemd[1]: Reached target Preparation for Network.
[[0;32m  OK  [0m] Reached target [0;1;39mPreparation for Network[0m.
[    7.643320] systemd[1]: Mounting FUSE Control File System...
         Mounting [0;1;39mFUSE Control File System[0m...
[    7.674289] systemd[1]: Mounting Kernel Configuration File System...
         Mounting [0;1;39mKernel Configuration File System[0m...
[    7.754319] systemd[1]: Starting Apply Kernel Variables...
         Starting [0;1;39mApply Kernel Variables[0m...
[    7.763281] systemd[1]: Started Journal Service.
[[0;32m  OK  [0m] Started [0;1;39mJournal Service[0m.
[[0;32m  OK  [0m] Mounted [0;1;39mFUSE Control File System[0m.
[[0;32m  OK  [0m] Mounted [0;1;39mKernel Configuration File System[0m.
[    7.778039] EXT4-fs (sda): re-mounted 088740a9-c8b4-422c-999d-a804eb68a4da r/w. Quota mode: none.
[[0;32m  OK  [0m] Finished [0;1;39mRemount Root and Kernel File Systems[0m.
         Starting [0;1;39mFlush Journal to Persistent Storage[0m...
         Starting [0;1;39mLoad/Save Random Seed[0m...
         Starting [0;1;39mCreate Static Device Nodes in /dev[0m...
         Starting [0;1;39mSetup Virtual Console[0m...
[[0;32m  OK  [0m] Finished [0;1;39mApply Kernel Variables[0m.
[    7.963131] systemd-journald[147]: Received client request to flush runtime journal.
[[0;32m  OK  [0m] Finished [0;1;39mFlush Journal to Persistent Storage[0m.
[[0;32m  OK  [0m] Finished [0;1;39mLoad/Save Random Seed[0m.
[[0;32m  OK  [0m] Finished [0;1;39mCreate Static Device Nodes in /dev[0m.
         Starting [0;1;39mRule-based Manage…for Device Events and Files[0m...
[[0;32m  OK  [0m] Started [0;1;39mRule-based Manager for Device Events and Files[0m.
         Starting [0;1;39mAuto-connect to s…E devices found during boot[0m...
[[0;32m  OK  [0m] Finished [0;1;39mColdplug All udev Devices[0m.
         Starting [0;1;39mWait for udev To …plete Device Initialization[0m...
[[0;32m  OK  [0m] Finished [0;1;39mSetup Virtual Console[0m.
[[0;32m  OK  [0m] Finished [0;1;39mAuto-connect to s…VME devices found during boot[0m.
[[0;32m  OK  [0m] Started [0;1;39mDispatch Password …ts to Console Directory Watch[0m.
[[0;32m  OK  [0m] Reached target [0;1;39mLocal Encrypted Volumes[0m.
[[0;32m  OK  [0m] Reached target [0;1;39mPath Units[0m.
[[0;32m  OK  [0m] Found device [0;1;39m/dev/ttyS0[0m.
[[0;32m  OK  [0m] Listening on [0;1;39mLoad/Save RF …itch Status /dev/rfkill Watch[0m.
[[0;32m  OK  [0m] Finished [0;1;39mWait for udev To Complete Device Initialization[0m.
[[0;32m  OK  [0m] Reached target [0;1;39mPreparation for Local File Systems[0m.
[[0;32m  OK  [0m] Reached target [0;1;39mLocal File Systems[0m.
         Starting [0;1;39mTell Plymouth To Write Out Runtime Data[0m...
         Starting [0;1;39mAutomatic Boot Loader Update[0m...
         Starting [0;1;39mCreate Volatile Files and Directories[0m...
[[0;32m  OK  [0m] Finished [0;1;39mTell Plymouth To Write Out Runtime Data[0m.
[[0;32m  OK  [0m] Finished [0;1;39mAutomatic Boot Loader Update[0m.
[[0;32m  OK  [0m] Finished [0;1;39mCreate Volatile Files and Directories[0m.
         Mounting [0;1;39mRPC Pipe File System[0m...
         Starting [0;1;39mSecurity Auditing Service[0m...
         Starting [0;1;39mRPC Bind[0m...
[[0;32m  OK  [0m] Mounted [0;1;39mRPC Pipe File System[0m.
[[0;32m  OK  [0m] Reached target [0;1;39mrpc_pipefs.target[0m.
[[0;32m  OK  [0m] Started [0;1;39mRPC Bind[0m.
[[0;32m  OK  [0m] Started [0;1;39mSecurity Auditing Service[0m.
         Starting [0;1;39mRecord System Boot/Shutdown in UTMP[0m...
[[0;32m  OK  [0m] Finished [0;1;39mRecord System Boot/Shutdown in UTMP[0m.
[[0;32m  OK  [0m] Reached target [0;1;39mSystem Initialization[0m.
[[0;32m  OK  [0m] Started [0;1;39mDaily rotation of log files[0m.
[[0;32m  OK  [0m] Started [0;1;39mUpdates mlocate database every day[0m.
[[0;32m  OK  [0m] Started [0;1;39mDaily Cleanup of Temporary Directories[0m.
[[0;32m  OK  [0m] Started [0;1;39mdaily update of the root trust anchor for DNSSEC[0m.
[[0;32m  OK  [0m] Reached target [0;1;39mTimer Units[0m.
[[0;32m  OK  [0m] Listening on [0;1;39mD-Bus System Message Bus Socket[0m.
[[0;32m  OK  [0m] Listening on [0;1;39mOpen-iSCSI iscsid Socket[0m.
[[0;32m  OK  [0m] Listening on [0;1;39mOpen-iSCSI iscsiuio Socket[0m.
[[0;32m  OK  [0m] Listening on [0;1;39mSSSD Kerberos…ache Manager responder socket[0m.
[[0;32m  OK  [0m] Listening on [0;1;39mLibvirt interface local socket[0m.
[[0;32m  OK  [0m] Listening on [0;1;39mVirtual machine lock manager socket[0m.
[[0;32m  OK  [0m] Listening on [0;1;39mVirtual machine log manager socket[0m.
[[0;32m  OK  [0m] Listening on [0;1;39mLibvirt network local socket[0m.
[[0;32m  OK  [0m] Listening on [0;1;39mLibvirt nodedev local socket[0m.
[[0;32m  OK  [0m] Listening on [0;1;39mLibvirt nwfilter local socket[0m.
[[0;32m  OK  [0m] Listening on [0;1;39mLibvirt proxy local socket[0m.
[[0;32m  OK  [0m] Listening on [0;1;39mLibvirt qemu local socket[0m.
[[0;32m  OK  [0m] Listening on [0;1;39mLibvirt qemu admin socket[0m.
[[0;32m  OK  [0m] Listening on [0;1;39mLibvirt qemu local read-only socket[0m.
[[0;32m  OK  [0m] Listening on [0;1;39mLibvirt secret local socket[0m.
[[0;32m  OK  [0m] Listening on [0;1;39mLibvirt storage local socket[0m.
[[0;32m  OK  [0m] Reached target [0;1;39mSocket Units[0m.
         Starting [0;1;39mD-Bus System Message Bus[0m...
[[0;32m  OK  [0m] Started [0;1;39mD-Bus System Message Bus[0m.
[[0;32m  OK  [0m] Reached target [0;1;39mBasic System[0m.
         Starting [0;1;39mNetwork Manager[0m...
         Starting [0;1;39mNTP client/server[0m...
         Starting [0;1;39mRestore /run/initramfs on shutdown[0m...
[[0;32m  OK  [0m] Started [0;1;39mirqbalance daemon[0m.
[[0;32m  OK  [0m] Started [0;1;39mlibstoragemgmt plug-in server daemon[0m.
[[0;32m  OK  [0m] Started [0;1;39mMachine Check Exception Logging Daemon[0m.
[[0;32m  OK  [0m] Reached target [0;1;39msshd-keygen.target[0m.
[[0;32m  OK  [0m] Reached target [0;1;39mUser and Group Name Lookups[0m.
         Starting [0;1;39mUser Login Management[0m...
         Starting [0;1;39mVirtual Machine a…tainer Registration Service[0m...
         Starting [0;1;39mupdate of the roo…NSSEC validation in unbound[0m...
         Starting [0;1;39mRotate log files[0m...
[[0;32m  OK  [0m] Started [0;1;39mUpdate a database for mlocate[0m.
[[0;32m  OK  [0m] Finished [0;1;39mRestore /run/initramfs on shutdown[0m.
[[0;32m  OK  [0m] Started [0;1;39mVirtual Machine an…ontainer Registration Service[0m.
         Starting [0;1;39mHostname Service[0m...
[[0;32m  OK  [0m] Finished [0;1;39mupdate of the roo… DNSSEC validation in unbound[0m.
[[0;32m  OK  [0m] Started [0;1;39mNTP client/server[0m.
[[0;32m  OK  [0m] Started [0;1;39mHostname Service[0m.
[[0;32m  OK  [0m] Started [0;1;39mUser Login Management[0m.
         Starting [0;1;39mNetwork Manager Script Dispatcher Service[0m...
[[0;32m  OK  [0m] Started [0;1;39mNetwork Manager Script Dispatcher Service[0m.
[[0;32m  OK  [0m] Finished [0;1;39mRotate log files[0m.
[   12.986536] e1000: eth0 NIC Link is Up 1000 Mbps Full Duplex, Flow Control: RX
[[0;32m  OK  [0m] Started [0;1;39mNetwork Manager[0m.
[[0;32m  OK  [0m] Reached target [0;1;39mNetwork[0m.
[[0;32m  OK  [0m] Reached target [0;1;39mNetwork is Online[0m.
         Starting [0;1;39mGSSAPI Proxy Daemon[0m...
         Starting [0;1;39mNotify NFS peers of a restart[0m...
         Starting [0;1;39mSystem Logging Service[0m...
         Starting [0;1;39mOpenSSH server daemon[0m...
         Starting [0;1;39mDynamic System Tuning Daemon[0m...
[[0;32m  OK  [0m] Started [0;1;39mNotify NFS peers of a restart[0m.
[[0;32m  OK  [0m] Started [0;1;39mGSSAPI Proxy Daemon[0m.
[[0;32m  OK  [0m] Reached target [0;1;39mNFS client services[0m.
[[0;32m  OK  [0m] Reached target [0;1;39mPreparation for Remote File Systems[0m.
[[0;32m  OK  [0m] Reached target [0;1;39mRemote File Systems[0m.
         Starting [0;1;39mPermit User Sessions[0m...
         Starting [0;1;39mVirtualization qemu daemon[0m...
[[0;32m  OK  [0m] Started [0;1;39mOpenSSH server daemon[0m.
[[0;32m  OK  [0m] Started [0;1;39mSystem Logging Service[0m.
[[0;32m  OK  [0m] Finished [0;1;39mPermit User Sessions[0m.
[[0;32m  OK  [0m] Started [0;1;39mDeferred execution scheduler[0m.
[[0;32m  OK  [0m] Started [0;1;39mCommand Scheduler[0m.
         Starting [0;1;39mHold until boot process finishes up[0m...
         Starting [0;1;39mTerminate Plymouth Boot Screen[0m...
[[0;32m  OK  [0m] Finished [0;1;39mHold until boot process finishes up[0m.
[[0;32m  OK  [0m] Started [0;1;39mGetty on tty1[0m.
[[0;32m  OK  [0m] Started [0;1;39mSerial Getty on ttyS0[0m.
[[0;32m  OK  [0m] Reached target [0;1;39mLogin Prompts[0m.
[[0;32m  OK  [0m] Started [0;1;39mVirtualization qemu daemon[0m.
[[0;32m  OK  [0m] Finished [0;1;39mTerminate Plymouth Boot Screen[0m.
         Starting [0;1;39mAuthorization Manager[0m...
[[0;32m  OK  [0m] Started [0;1;39mAuthorization Manager[0m.
[[0;32m  OK  [0m] Started [0;1;39mDynamic System Tuning Daemon[0m.
[[0;32m  OK  [0m] Reached target [0;1;39mMulti-User System[0m.
         Starting [0;1;39mRecord Runlevel Change in UTMP[0m...
[[0;32m  OK  [0m] Finished [0;1;39mRecord Runlevel Change in UTMP[0m.

CentOS Stream 9
Kernel 6.12.0-rc4-8acdd0e7bfad+ on an x86_64

Activate the web console with: systemctl enable --now cockpit.socket

test login: [   24.304327] Adding 124996k swap on ./swap-file.  Priority:0 extents:1 across:124996k 
[   24.539644] repro: page allocation failure: order:1, mode:0x10cc0(GFP_KERNEL|__GFP_NORETRY), nodemask=(null),cpuset=/,mems_allowed=0
[   24.540471] CPU: 0 UID: 0 PID: 733 Comm: repro Not tainted 6.12.0-rc4-8acdd0e7bfad+ #1
[   24.540969] Hardware name: QEMU Standard PC (i440FX + PIIX, 1996), BIOS rel-1.16.0-0-gd239552ce722-prebuilt.qemu.org 04/01/2014
[   24.541672] Call Trace:
[   24.541841]  <TASK>
[   24.541988]  dump_stack_lvl+0x121/0x150
[   24.542283]  dump_stack+0x19/0x20
[   24.542508]  warn_alloc+0x218/0x350
[   24.542761]  ? __pfx_warn_alloc+0x10/0x10
[   24.543038]  ? __alloc_pages_direct_compact+0x130/0xa10
[   24.543400]  ? __pfx___alloc_pages_direct_compact+0x10/0x10
[   24.543763]  ? __drain_all_pages+0x27b/0x480
[   24.544059]  __alloc_pages_slowpath.constprop.0+0x14d6/0x21e0
[   24.544463]  ? __pfx___alloc_pages_slowpath.constprop.0+0x10/0x10
[   24.544858]  ? lock_is_held_type+0xef/0x150
[   24.545145]  ? __pfx_get_page_from_freelist+0x10/0x10
[   24.545485]  ? lock_acquire+0x80/0xb0
[   24.545751]  __alloc_pages_noprof+0x5d4/0x6f0
[   24.546054]  ? __pfx___alloc_pages_noprof+0x10/0x10
[   24.546385]  ? policy_nodemask+0x6b/0x450
[   24.546667]  ? __sanitizer_cov_trace_switch+0x58/0xa0
[   24.547004]  ? policy_nodemask+0xf9/0x450
[   24.547494]  alloc_pages_mpol_noprof+0x30a/0x580
[   24.548029]  ? __pfx_alloc_pages_mpol_noprof+0x10/0x10
[   24.548590]  ? kimage_alloc_pages+0x10a/0x240
[   24.549084]  alloc_pages_noprof+0xa9/0x180
[   24.549546]  kimage_alloc_pages+0x79/0x240
[   24.550001]  kimage_alloc_control_pages+0x1cb/0xa60
[   24.550531]  ? kasan_save_alloc_info+0x3c/0x50
[   24.551021]  ? __pfx_kimage_alloc_control_pages+0x10/0x10
[   24.551583]  ? __sanitizer_cov_trace_const_cmp1+0x1e/0x30
[   24.552166]  do_kexec_load+0x3a6/0x8e0
[   24.552529]  ? __pfx_do_kexec_load+0x10/0x10
[   24.552937]  ? _copy_from_user+0xa4/0xe0
[   24.553335]  __x64_sys_kexec_load+0x1cc/0x240
[   24.553721]  x64_sys_call+0xf0f/0x20d0
[   24.554034]  do_syscall_64+0x6d/0x140
[   24.554345]  entry_SYSCALL_64_after_hwframe+0x76/0x7e
[   24.554756] RIP: 0033:0x7f032763ee5d
[   24.555054] Code: ff c3 66 2e 0f 1f 84 00 00 00 00 00 90 f3 0f 1e fa 48 89 f8 48 89 f7 48 89 d6 48 89 ca 4d 89 c2 4d 89 c8 4c 8b 4c 24 08 0f 05 <48> 3d 01 f0 ff ff 73 01 c3 48 8b 0d 93 af 1b 00 f7 d8 64 89 01 48
[   24.556319] RSP: 002b:00007fff20aef5c8 EFLAGS: 00000207 ORIG_RAX: 00000000000000f6
[   24.556856] RAX: ffffffffffffffda RBX: 0000000000000000 RCX: 00007f032763ee5d
[   24.557350] RDX: 0000000020000040 RSI: 0000000000000009 RDI: 0000000000000000
[   24.557843] RBP: 00007fff20aef5d0 R08: 00007fff20aef040 R09: 00007fff20aef600
[   24.558344] R10: 0000000000000000 R11: 0000000000000207 R12: 00007fff20aef748
[   24.558839] R13: 0000000000401c72 R14: 0000000000403e08 R15: 00007f0327870000
[   24.559360]  </TASK>
[   24.559626] Mem-Info:
[   24.559808] active_anon:117 inactive_anon:13717 isolated_anon:0
[   24.559808]  active_file:18855 inactive_file:26288 isolated_file:0
[   24.559808]  unevictable:0 dirty:339 writeback:0
[   24.559808]  slab_reclaimable:16257 slab_unreclaimable:23504
[   24.559808]  mapped:13244 shmem:1148 pagetables:809
[   24.559808]  sec_pagetables:0 bounce:0
[   24.559808]  kernel_misc_reclaimable:0
[   24.559808]  free:11387 free_pcp:214 free_cma:0
[   24.562600] Node 0 active_anon:468kB inactive_anon:54868kB active_file:75420kB inactive_file:105152kB unevictable:0kB isolated(anon):0kB isolated(file):0kB mapped:52976kB dirty:1356kB writeback:0kB shmem:4592kB shmem_thp:0kB shmem_pmdmapped:0kB anon_thp:0kB writeback_tmp:0kB kernel_stack:5344kB pagetables:3236kB sec_pagetables:0kB all_unreclaimable? no
[   24.564979] Node 0 DMA free:440kB boost:0kB min:440kB low:548kB high:656kB reserved_highatomic:0KB active_anon:0kB inactive_anon:0kB active_file:0kB inactive_file:0kB unevictable:0kB writepending:0kB present:15992kB managed:15360kB mlocked:0kB bounce:0kB free_pcp:0kB local_pcp:0kB free_cma:0kB
[   24.566926] lowmem_reserve[]: 0 1507 0 0 0
[   24.567249] Node 0 DMA32 free:46120kB boost:0kB min:44612kB low:55764kB high:66916kB reserved_highatomic:0KB active_anon:468kB inactive_anon:54868kB active_file:75860kB inactive_file:105264kB unevictable:0kB writepending:1356kB present:2080640kB managed:1562232kB mlocked:0kB bounce:0kB free_pcp:372kB local_pcp:0kB free_cma:0kB
[   24.569400] lowmem_reserve[]: 0 0 0 0 0
[   24.569712] Node 0 DMA: 0*4kB 1*8kB (U) 1*16kB (U) 1*32kB (U) 0*64kB 1*128kB (U) 1*256kB (U) 0*512kB 0*1024kB 0*2048kB 0*4096kB = 440kB
[   24.570877] Node 0 DMA32: 1054*4kB (UME) 132*8kB (UME) 65*16kB (UME) 51*32kB (UME) 25*64kB (UME) 9*128kB (UME) 5*256kB (ME) 3*512kB (ME) 3*1024kB (ME) 3*2048kB (UME) 6*4096kB (M) = 47304kB
[   24.574774] Node 0 hugepages_total=0 hugepages_free=0 hugepages_surp=0 hugepages_size=1048576kB
[   24.575366] Node 0 hugepages_total=0 hugepages_free=0 hugepages_surp=0 hugepages_size=2048kB
[   24.575941] 45925 total pagecache pages
[   24.576211] 0 pages in swap cache
[   24.576446] Free swap  = 124984kB
[   24.576686] Total swap = 124996kB
[   24.576925] 524158 pages RAM
[   24.577138] 0 pages HighMem/MovableOnly
[   24.577407] 129760 pages reserved
[   24.577644] 0 pages cma reserved
[   24.577997] 0 pages hwpoisoned
[   24.640721] kexec: Could not allocate control_code_buffer
[   24.861009] kexec: Could not allocate control_code_buffer
[   25.048812] kexec: Could not allocate control_code_buffer
[   25.244743] kexec: Could not allocate control_code_buffer
[   25.443886] kexec: Could not allocate control_code_buffer
[   25.655110] kexec: Could not allocate control_code_buffer
[   25.861568] kexec: Could not allocate control_code_buffer
[   26.059277] kexec: Could not allocate control_code_buffer
[   26.250039] kexec: Could not allocate control_code_buffer
[   26.448120] kexec: Could not allocate control_code_buffer
[   26.648412] kexec: Could not allocate control_code_buffer
[   26.843822] kexec: Could not allocate control_code_buffer
[   27.042523] kexec: Could not allocate control_code_buffer
[   27.232455] kexec: Could not allocate control_code_buffer
[   27.462552] kexec: Could not allocate control_code_buffer
[   27.691031] kexec: Could not allocate control_code_buffer
[   27.893038] kexec: Could not allocate control_code_buffer
[   28.085717] kexec: Could not allocate control_code_buffer
[   28.293056] kexec: Could not allocate control_code_buffer
[   28.507839] kexec: Could not allocate control_code_buffer
[   28.717099] kexec: Could not allocate control_code_buffer
[   28.918706] kexec: Could not allocate control_code_buffer
[   29.118559] kexec: Could not allocate control_code_buffer
[   29.333450] kexec: Could not allocate control_code_buffer
[   29.541543] kexec: Could not allocate control_code_buffer
[   29.776142] kexec: Could not allocate control_code_buffer
[   29.985501] kexec: Could not allocate control_code_buffer
[   30.200902] kexec: Could not allocate control_code_buffer
[   30.419618] kexec: Could not allocate control_code_buffer
[   30.632251] kexec: Could not allocate control_code_buffer
[   30.846519] kexec: Could not allocate control_code_buffer
[   31.064458] kexec: Could not allocate control_code_buffer
[   31.287011] kexec: Could not allocate control_code_buffer
[   31.497724] kexec: Could not allocate control_code_buffer
[   31.697896] kexec: Could not allocate control_code_buffer
[   31.898764] kexec: Could not allocate control_code_buffer
[   32.104388] kexec: Could not allocate control_code_buffer
[   32.346177] kexec: Could not allocate control_code_buffer
[   32.550695] kexec: Could not allocate control_code_buffer
[   32.743637] kexec: Could not allocate control_code_buffer
[   32.937297] kexec: Could not allocate control_code_buffer
[   33.142203] kexec: Could not allocate control_code_buffer
[   33.352094] kexec: Could not allocate control_code_buffer
[   33.563403] kexec: Could not allocate control_code_buffer
[   33.765971] kexec: Could not allocate control_code_buffer
[   33.982246] kexec: Could not allocate control_code_buffer
[   34.208110] kexec: Could not allocate control_code_buffer
[   34.419469] kexec: Could not allocate control_code_buffer
[   34.563590] warn_alloc: 47 callbacks suppressed
[   34.563606] repro: page allocation failure: order:1, mode:0x10cc0(GFP_KERNEL|__GFP_NORETRY), nodemask=(null),cpuset=/,mems_allowed=0
[   34.564754] CPU: 0 UID: 0 PID: 783 Comm: repro Not tainted 6.12.0-rc4-8acdd0e7bfad+ #1
[   34.565275] Hardware name: QEMU Standard PC (i440FX + PIIX, 1996), BIOS rel-1.16.0-0-gd239552ce722-prebuilt.qemu.org 04/01/2014
[   34.566017] Call Trace:
[   34.566191]  <TASK>
[   34.566355]  dump_stack_lvl+0x121/0x150
[   34.566635]  dump_stack+0x19/0x20
[   34.566872]  warn_alloc+0x218/0x350
[   34.567132]  ? __pfx_warn_alloc+0x10/0x10
[   34.567421]  ? __alloc_pages_direct_compact+0x130/0xa10
[   34.567787]  ? __pfx___alloc_pages_direct_compact+0x10/0x10
[   34.568174]  ? __drain_all_pages+0x27b/0x480
[   34.568500]  __alloc_pages_slowpath.constprop.0+0x14d6/0x21e0
[   34.568913]  ? __pfx___alloc_pages_slowpath.constprop.0+0x10/0x10
[   34.569330]  ? lock_is_held_type+0xef/0x150
[   34.569626]  ? __pfx_get_page_from_freelist+0x10/0x10
[   34.569975]  ? lock_acquire+0x80/0xb0
[   34.570255]  __alloc_pages_noprof+0x5d4/0x6f0
[   34.570570]  ? __pfx___alloc_pages_noprof+0x10/0x10
[   34.570917]  ? __sanitizer_cov_trace_switch+0x58/0xa0
[   34.571265]  ? policy_nodemask+0xf9/0x450
[   34.571553]  alloc_pages_mpol_noprof+0x30a/0x580
[   34.571881]  ? __pfx_alloc_pages_mpol_noprof+0x10/0x10
[   34.572236]  ? sysvec_apic_timer_interrupt+0x6a/0xd0
[   34.572576]  ? asm_sysvec_apic_timer_interrupt+0x1f/0x30
[   34.572953]  alloc_pages_noprof+0xa9/0x180
[   34.573246]  kimage_alloc_pages+0x79/0x240
[   34.573536]  kimage_alloc_control_pages+0x1cb/0xa60
[   34.573872]  ? kasan_save_alloc_info+0x3c/0x50
[   34.574188]  ? __pfx_kimage_alloc_control_pages+0x10/0x10
[   34.574563]  ? __sanitizer_cov_trace_const_cmp1+0x1e/0x30
[   34.574938]  do_kexec_load+0x3a6/0x8e0
[   34.575207]  ? __pfx_do_kexec_load+0x10/0x10
[   34.575514]  ? _copy_from_user+0xa4/0xe0
[   34.575813]  __x64_sys_kexec_load+0x1cc/0x240
[   34.576112]  x64_sys_call+0xf0f/0x20d0
[   34.576382]  do_syscall_64+0x6d/0x140
[   34.576651]  entry_SYSCALL_64_after_hwframe+0x76/0x7e
[   34.576998] RIP: 0033:0x7f032763ee5d
[   34.577256] Code: ff c3 66 2e 0f 1f 84 00 00 00 00 00 90 f3 0f 1e fa 48 89 f8 48 89 f7 48 89 d6 48 89 ca 4d 89 c2 4d 89 c8 4c 8b 4c 24 08 0f 05 <48> 3d 01 f0 ff ff 73 01 c3 48 8b 0d 93 af 1b 00 f7 d8 64 89 01 48
[   34.578470] RSP: 002b:00007fff20aef5c8 EFLAGS: 00000207 ORIG_RAX: 00000000000000f6
[   34.578977] RAX: ffffffffffffffda RBX: 0000000000000000 RCX: 00007f032763ee5d
[   34.579455] RDX: 0000000020000040 RSI: 0000000000000009 RDI: 0000000000000000
[   34.579941] RBP: 00007fff20aef5d0 R08: 00007fff20aef040 R09: 00007fff20aef600
[   34.580425] R10: 0000000000000000 R11: 0000000000000207 R12: 00007fff20aef748
[   34.580898] R13: 0000000000401c72 R14: 0000000000403e08 R15: 00007f0327870000
[   34.581397]  </TASK>
[   34.581607] Mem-Info:
[   34.581793] active_anon:117 inactive_anon:13559 isolated_anon:0
[   34.581793]  active_file:14287 inactive_file:13485 isolated_file:0
[   34.581793]  unevictable:0 dirty:1 writeback:0
[   34.581793]  slab_reclaimable:16258 slab_unreclaimable:22014
[   34.581793]  mapped:12515 shmem:1145 pagetables:790
[   34.581793]  sec_pagetables:0 bounce:0
[   34.581793]  kernel_misc_reclaimable:0
[   34.581793]  free:11979 free_pcp:87 free_cma:0
[   34.584330] Node 0 active_anon:468kB inactive_anon:54236kB active_file:57148kB inactive_file:53940kB unevictable:0kB isolated(anon):0kB isolated(file):0kB mapped:50060kB dirty:4kB writeback:0kB shmem:4580kB shmem_thp:0kB shmem_pmdmapped:0kB anon_thp:0kB writeback_tmp:0kB kernel_stack:5248kB pagetables:3160kB sec_pagetables:0kB all_unreclaimable? no
[   34.586528] Node 0 DMA free:424kB boost:0kB min:440kB low:548kB high:656kB reserved_highatomic:0KB active_anon:0kB inactive_anon:0kB active_file:0kB inactive_file:0kB unevictable:0kB writepending:0kB present:15992kB managed:15360kB mlocked:0kB bounce:0kB free_pcp:0kB local_pcp:0kB free_cma:0kB
[   34.588197] lowmem_reserve[]: 0 1507 0 0 0
[   34.588499] Node 0 DMA32 free:47492kB boost:6144kB min:50756kB low:61908kB high:73060kB reserved_highatomic:0KB active_anon:468kB inactive_anon:54236kB active_file:56688kB inactive_file:53948kB unevictable:0kB writepending:4kB present:2080640kB managed:1562232kB mlocked:0kB bounce:0kB free_pcp:776kB local_pcp:0kB free_cma:0kB
[   34.590441] lowmem_reserve[]: 0 0 0 0 0
[   34.590733] Node 0 DMA: 0*4kB 1*8kB (U) 0*16kB 1*32kB (U) 0*64kB 1*128kB (U) 1*256kB (U) 0*512kB 0*1024kB 0*2048kB 0*4096kB = 424kB
[   34.591567] Node 0 DMA32: 3810*4kB (UM) 996*8kB (UME) 431*16kB (UME) 261*32kB (UME) 104*64kB (UME) 23*128kB (UME) 1*256kB (E) 0*512kB 0*1024kB 0*2048kB 0*4096kB = 48312kB
[   34.592620] Node 0 hugepages_total=0 hugepages_free=0 hugepages_surp=0 hugepages_size=1048576kB
[   34.593185] Node 0 hugepages_total=0 hugepages_free=0 hugepages_surp=0 hugepages_size=2048kB
[   34.593734] 28657 total pagecache pages
[   34.594027] 2 pages in swap cache
[   34.594262] Free swap  = 124472kB
[   34.594491] Total swap = 124996kB
[   34.594720] 524158 pages RAM
[   34.594921] 0 pages HighMem/MovableOnly
[   34.595180] 129760 pages reserved
[   34.595407] 0 pages cma reserved
[   34.595627] 0 pages hwpoisoned
[   34.666052] kexec: Could not allocate control_code_buffer
[   34.909925] kexec: Could not allocate control_code_buffer
[   35.138189] kexec: Could not allocate control_code_buffer
[   35.351224] kexec: Could not allocate control_code_buffer
[   35.564182] kexec: Could not allocate control_code_buffer
[   35.795903] kexec: Could not allocate control_code_buffer
[   36.021437] kexec: Could not allocate control_code_buffer
[   36.233837] kexec: Could not allocate control_code_buffer
[   36.445387] kexec: Could not allocate control_code_buffer
[   36.682015] kexec: Could not allocate control_code_buffer
[   36.909583] kexec: Could not allocate control_code_buffer
[   37.124819] kexec: Could not allocate control_code_buffer
[   37.335821] kexec: Could not allocate control_code_buffer
[   37.555174] kexec: Could not allocate control_code_buffer
[   37.777823] kexec: Could not allocate control_code_buffer
[   38.002686] kexec: Could not allocate control_code_buffer
[   38.250232] kexec: Could not allocate control_code_buffer
[   38.485585] kexec: Could not allocate control_code_buffer
[   38.715756] kexec: Could not allocate control_code_buffer
[   38.932679] kexec: Could not allocate control_code_buffer
[   39.148196] kexec: Could not allocate control_code_buffer
[   39.396645] kexec: Could not allocate control_code_buffer
[   39.640687] kexec: Could not allocate control_code_buffer
[   39.872115] kexec: Could not allocate control_code_buffer
[   40.104357] kexec: Could not allocate control_code_buffer
[   40.336727] kexec: Could not allocate control_code_buffer
[   40.559997] kexec: Could not allocate control_code_buffer
[   40.774851] kexec: Could not allocate control_code_buffer
[   40.999563] kexec: Could not allocate control_code_buffer
[   41.227276] kexec: Could not allocate control_code_buffer
[   41.436905] kexec: Could not allocate control_code_buffer
[   41.649930] kexec: Could not allocate control_code_buffer
[   41.875465] kexec: Could not allocate control_code_buffer
[   42.083826] kexec: Could not allocate control_code_buffer
[   42.284270] kexec: Could not allocate control_code_buffer
[   42.502885] kexec: Could not allocate control_code_buffer
[   42.736255] kexec: Could not allocate control_code_buffer
[   43.038693] kexec: Could not allocate control_code_buffer
[   43.246348] kexec: Could not allocate control_code_buffer
[   43.465407] kexec: Could not allocate control_code_buffer
[   43.786324] kexec: Could not allocate control_code_buffer
[   44.037795] kexec: Could not allocate control_code_buffer
[   44.269009] kexec: Could not allocate control_code_buffer
[   44.504082] kexec: Could not allocate control_code_buffer
[   44.796374] warn_alloc: 43 callbacks suppressed
[   44.796390] repro: page allocation failure: order:1, mode:0x10cc0(GFP_KERNEL|__GFP_NORETRY), nodemask=(null),cpuset=/,mems_allowed=0
[   44.797611] CPU: 0 UID: 0 PID: 831 Comm: repro Not tainted 6.12.0-rc4-8acdd0e7bfad+ #1
[   44.798194] Hardware name: QEMU Standard PC (i440FX + PIIX, 1996), BIOS rel-1.16.0-0-gd239552ce722-prebuilt.qemu.org 04/01/2014
[   44.799007] Call Trace:
[   44.799196]  <TASK>
[   44.799364]  dump_stack_lvl+0x121/0x150
[   44.799664]  dump_stack+0x19/0x20
[   44.799921]  warn_alloc+0x218/0x350
[   44.800202]  ? __pfx_warn_alloc+0x10/0x10
[   44.800518]  ? __alloc_pages_direct_compact+0x130/0xa10
[   44.800921]  ? __pfx___alloc_pages_direct_compact+0x10/0x10
[   44.801334]  ? __drain_all_pages+0x27b/0x480
[   44.801674]  __alloc_pages_slowpath.constprop.0+0x14d6/0x21e0
[   44.802124]  ? __pfx___alloc_pages_slowpath.constprop.0+0x10/0x10
[   44.802575]  ? lock_is_held_type+0xef/0x150
[   44.802899]  ? __pfx_get_page_from_freelist+0x10/0x10
[   44.803280]  ? lock_acquire+0x80/0xb0
[   44.803573]  __alloc_pages_noprof+0x5d4/0x6f0
[   44.803910]  ? trace_hardirqs_on+0x51/0x60
[   44.804241]  ? __pfx___alloc_pages_noprof+0x10/0x10
[   44.804607]  ? asm_sysvec_apic_timer_interrupt+0x1f/0x30
[   44.805008]  ? __sanitizer_cov_trace_switch+0x58/0xa0
[   44.805387]  ? policy_nodemask+0xf9/0x450
[   44.805699]  alloc_pages_mpol_noprof+0x30a/0x580
[   44.806058]  ? __pfx_alloc_pages_mpol_noprof+0x10/0x10
[   44.806449]  ? asm_common_interrupt+0x2b/0x40
[   44.806791]  alloc_pages_noprof+0xa9/0x180
[   44.807107]  kimage_alloc_pages+0x79/0x240
[   44.807421]  kimage_alloc_control_pages+0x1cb/0xa60
[   44.807785]  ? kasan_save_alloc_info+0x3c/0x50
[   44.808127]  ? __pfx_kimage_alloc_control_pages+0x10/0x10
[   44.808526]  ? __sanitizer_cov_trace_const_cmp1+0x1e/0x30
[   44.808932]  do_kexec_load+0x3a6/0x8e0
[   44.809225]  ? __pfx_do_kexec_load+0x10/0x10
[   44.809551]  ? _copy_from_user+0xa4/0xe0
[   44.809866]  __x64_sys_kexec_load+0x1cc/0x240
[   44.810204]  x64_sys_call+0xf0f/0x20d0
[   44.810496]  do_syscall_64+0x6d/0x140
[   44.810779]  entry_SYSCALL_64_after_hwframe+0x76/0x7e
[   44.811158] RIP: 0033:0x7f032763ee5d
[   44.811431] Code: ff c3 66 2e 0f 1f 84 00 00 00 00 00 90 f3 0f 1e fa 48 89 f8 48 89 f7 48 89 d6 48 89 ca 4d 89 c2 4d 89 c8 4c 8b 4c 24 08 0f 05 <48> 3d 01 f0 ff ff 73 01 c3 48 8b 0d 93 af 1b 00 f7 d8 64 89 01 48
[   44.812734] RSP: 002b:00007fff20aef5c8 EFLAGS: 00000207 ORIG_RAX: 00000000000000f6
[   44.813281] RAX: ffffffffffffffda RBX: 0000000000000000 RCX: 00007f032763ee5d
[   44.813797] RDX: 0000000020000040 RSI: 0000000000000009 RDI: 0000000000000000
[   44.814312] RBP: 00007fff20aef5d0 R08: 00007fff20aef040 R09: 00007fff20aef600
[   44.814834] R10: 0000000000000000 R11: 0000000000000207 R12: 00007fff20aef748
[   44.815363] R13: 0000000000401c72 R14: 0000000000403e08 R15: 00007f0327870000
[   44.815891]  </TASK>
[   44.816118] Mem-Info:
[   44.816306] active_anon:457 inactive_anon:11841 isolated_anon:32
[   44.816306]  active_file:2850 inactive_file:2652 isolated_file:0
[   44.816306]  unevictable:0 dirty:3 writeback:5
[   44.816306]  slab_reclaimable:13972 slab_unreclaimable:13919
[   44.816306]  mapped:4850 shmem:400 pagetables:791
[   44.816306]  sec_pagetables:0 bounce:0
[   44.816306]  kernel_misc_reclaimable:0
[   44.816306]  free:22448 free_pcp:0 free_cma:0
[   44.819011] Node 0 active_anon:1828kB inactive_anon:47364kB active_file:11400kB inactive_file:10608kB unevictable:0kB isolated(anon):128kB isolated(file):0kB mapped:19400kB dirty:12kB writeback:20kB shmem:1600kB shmem_thp:0kB shmem_pmdmapped:0kB anon_thp:0kB writeback_tmp:0kB kernel_stack:5248kB pagetables:3164kB sec_pagetables:0kB all_unreclaimable? no
[   44.821180] Node 0 DMA free:424kB boost:0kB min:440kB low:548kB high:656kB reserved_highatomic:0KB active_anon:0kB inactive_anon:0kB active_file:0kB inactive_file:0kB unevictable:0kB writepending:0kB present:15992kB managed:15360kB mlocked:0kB bounce:0kB free_pcp:0kB local_pcp:0kB free_cma:0kB
[   44.823024] lowmem_reserve[]: 0 1507 0 0 0
[   44.823351] Node 0 DMA32 free:89368kB boost:45056kB min:89668kB low:100820kB high:111972kB reserved_highatomic:0KB active_anon:1828kB inactive_anon:47364kB active_file:11400kB inactive_file:10608kB unevictable:0kB writepending:32kB present:2080640kB managed:1562232kB mlocked:0kB bounce:0kB free_pcp:0kB local_pcp:0kB free_cma:0kB
[   44.825374] lowmem_reserve[]: 0 0 0 0 0
[   44.825685] Node 0 DMA: 0*4kB 1*8kB (U) 0*16kB 1*32kB (U) 0*64kB 1*128kB (U) 1*256kB (U) 0*512kB 0*1024kB 0*2048kB 0*4096kB = 424kB
[   44.826629] Node 0 DMA32: 4779*4kB (UME) 1418*8kB (UME) 759*16kB (UME) 470*32kB (UME) 190*64kB (ME) 43*128kB (ME) 6*256kB (ME) 1*512kB (U) 0*1024kB 0*2048kB 3*4096kB (U) = 89644kB
[   44.827847] Node 0 hugepages_total=0 hugepages_free=0 hugepages_surp=0 hugepages_size=1048576kB
[   44.828466] Node 0 hugepages_total=0 hugepages_free=0 hugepages_surp=0 hugepages_size=2048kB
[   44.829066] 6365 total pagecache pages
[   44.829345] 463 pages in swap cache
[   44.829608] Free swap  = 117780kB
[   44.829884] Total swap = 124996kB
[   44.830142] 524158 pages RAM
[   44.830368] 0 pages HighMem/MovableOnly
[   44.830650] 129760 pages reserved
[   44.830899] 0 pages cma reserved
[   44.831144] 0 pages hwpoisoned
[   44.908982] kexec: Could not allocate control_code_buffer
[   45.187226] kexec: Could not allocate control_code_buffer
[   45.425342] kexec: Could not allocate control_code_buffer
[   45.652406] kexec: Could not allocate control_code_buffer
[   45.943982] kexec: Could not allocate control_code_buffer
[   46.182978] kexec: Could not allocate control_code_buffer
[   46.399202] kexec: Could not allocate control_code_buffer
[   46.610491] kexec: Could not allocate control_code_buffer
[   46.853983] kexec: Could not allocate control_code_buffer
[   47.118214] kexec: Could not allocate control_code_buffer
[   47.362736] kexec: Could not allocate control_code_buffer
[   47.675042] kexec: Could not allocate control_code_buffer
[   47.954919] kexec: Could not allocate control_code_buffer
[   48.237131] kexec: Could not allocate control_code_buffer
[   48.489368] kexec: Could not allocate control_code_buffer
[   48.771611] kexec: Could not allocate control_code_buffer
[   49.036674] kexec: Could not allocate control_code_buffer
[   49.297023] kexec: Could not allocate control_code_buffer
[   49.504677] kexec: Could not allocate control_code_buffer
[   49.822489] kexec: Could not allocate control_code_buffer
[   50.092416] kexec: Could not allocate control_code_buffer
[   50.372703] kexec: Could not allocate control_code_buffer
[   50.594292] kexec: Could not allocate control_code_buffer
[   50.823127] kexec: Could not allocate control_code_buffer
[   51.070524] kexec: Could not allocate control_code_buffer
[   51.351579] kexec: Could not allocate control_code_buffer
[   51.602409] kexec: Could not allocate control_code_buffer
[   51.886901] kexec: Could not allocate control_code_buffer
[   52.124424] kexec: Could not allocate control_code_buffer
[   52.392785] kexec: Could not allocate control_code_buffer
[   52.664770] kexec: Could not allocate control_code_buffer
[   52.917729] kexec: Could not allocate control_code_buffer
[   53.149686] kexec: Could not allocate control_code_buffer
[   53.386713] kexec: Could not allocate control_code_buffer
[   53.634534] kexec: Could not allocate control_code_buffer
[   53.903592] kexec: Could not allocate control_code_buffer
[   54.162666] kexec: Could not allocate control_code_buffer
[   54.388350] kexec: Could not allocate control_code_buffer
[   54.621455] kexec: Could not allocate control_code_buffer
[   54.849506] kexec: Could not allocate control_code_buffer
[   55.004793] warn_alloc: 39 callbacks suppressed
[   55.004811] repro: page allocation failure: order:1, mode:0x10cc0(GFP_KERNEL|__GFP_NORETRY), nodemask=(null),cpuset=/,mems_allowed=0
[   55.005930] CPU: 1 UID: 0 PID: 871 Comm: repro Not tainted 6.12.0-rc4-8acdd0e7bfad+ #1
[   55.006404] Hardware name: QEMU Standard PC (i440FX + PIIX, 1996), BIOS rel-1.16.0-0-gd239552ce722-prebuilt.qemu.org 04/01/2014
[   55.007094] Call Trace:
[   55.007225]  <TASK>
[   55.007367]  dump_stack_lvl+0x121/0x150
[   55.007620]  dump_stack+0x19/0x20
[   55.007864]  warn_alloc+0x218/0x350
[   55.008074]  ? __pfx_warn_alloc+0x10/0x10
[   55.008322]  ? __alloc_pages_direct_compact+0x130/0xa10
[   55.008652]  ? __pfx___alloc_pages_direct_compact+0x10/0x10
[   55.009013]  ? __drain_all_pages+0x27b/0x480
[   55.009281]  __alloc_pages_slowpath.constprop.0+0x14d6/0x21e0
[   55.009620]  ? __pfx___alloc_pages_slowpath.constprop.0+0x10/0x10
[   55.009970]  ? lock_is_held_type+0xef/0x150
[   55.010238]  ? __pfx_get_page_from_freelist+0x10/0x10
[   55.010552]  ? lock_acquire+0x80/0xb0
[   55.010810]  __alloc_pages_noprof+0x5d4/0x6f0
[   55.011102]  ? __pfx___alloc_pages_noprof+0x10/0x10
[   55.011430]  ? __kasan_kmalloc+0x88/0xa0
[   55.011656]  ? __kmalloc_cache_noprof+0x1a1/0x3a0
[   55.011938]  ? do_kimage_alloc_init+0x4a/0x380
[   55.012236]  ? __sanitizer_cov_trace_switch+0x58/0xa0
[   55.012568]  ? policy_nodemask+0xf9/0x450
[   55.012806]  alloc_pages_mpol_noprof+0x30a/0x580
[   55.013104]  ? __pfx_alloc_pages_mpol_noprof+0x10/0x10
[   55.013456]  ? kimage_alloc_pages+0x10a/0x240
[   55.013725]  alloc_pages_noprof+0xa9/0x180
[   55.013987]  kimage_alloc_pages+0x79/0x240
[   55.014276]  kimage_alloc_control_pages+0x1cb/0xa60
[   55.014559]  ? kasan_save_alloc_info+0x3c/0x50
[   55.014841]  ? __pfx_kimage_alloc_control_pages+0x10/0x10
[   55.015183]  ? __sanitizer_cov_trace_const_cmp1+0x1e/0x30
[   55.015521]  do_kexec_load+0x3a6/0x8e0
[   55.015788]  ? __pfx_do_kexec_load+0x10/0x10
[   55.016084]  ? _copy_from_user+0xa4/0xe0
[   55.016372]  __x64_sys_kexec_load+0x1cc/0x240
[   55.016667]  x64_sys_call+0xf0f/0x20d0
[   55.016896]  do_syscall_64+0x6d/0x140
[   55.017127]  entry_SYSCALL_64_after_hwframe+0x76/0x7e
[   55.017438] RIP: 0033:0x7f032763ee5d
[   55.017658] Code: ff c3 66 2e 0f 1f 84 00 00 00 00 00 90 f3 0f 1e fa 48 89 f8 48 89 f7 48 89 d6 48 89 ca 4d 89 c2 4d 89 c8 4c 8b 4c 24 08 0f 05 <48> 3d 01 f0 ff ff 73 01 c3 48 8b 0d 93 af 1b 00 f7 d8 64 89 01 48
[   55.018736] RSP: 002b:00007fff20aef5c8 EFLAGS: 00000207 ORIG_RAX: 00000000000000f6
[   55.019185] RAX: ffffffffffffffda RBX: 0000000000000000 RCX: 00007f032763ee5d
[   55.019622] RDX: 0000000020000040 RSI: 0000000000000009 RDI: 0000000000000000
[   55.020067] RBP: 00007fff20aef5d0 R08: 00007fff20aef040 R09: 00007fff20aef600
[   55.020476] R10: 0000000000000000 R11: 0000000000000207 R12: 00007fff20aef748
[   55.020933] R13: 0000000000401c72 R14: 0000000000403e08 R15: 00007f0327870000
[   55.021386]  </TASK>
[   55.021523] Mem-Info:
[   55.021692] active_anon:843 inactive_anon:4344 isolated_anon:2
[   55.021692]  active_file:2787 inactive_file:2582 isolated_file:0
[   55.021692]  unevictable:0 dirty:2 writeback:0
[   55.021692]  slab_reclaimable:12405 slab_unreclaimable:14171
[   55.021692]  mapped:4689 shmem:284 pagetables:772
[   55.021692]  sec_pagetables:0 bounce:0
[   55.021692]  kernel_misc_reclaimable:0
[   55.021692]  free:11173 free_pcp:91 free_cma:0
[   55.023906] Node 0 active_anon:3372kB inactive_anon:17376kB active_file:11148kB inactive_file:10328kB unevictable:0kB isolated(anon):8kB isolated(file):0kB mapped:18756kB dirty:8kB writeback:0kB shmem:1136kB shmem_thp:0kB shmem_pmdmapped:0kB anon_thp:0kB writeback_tmp:0kB kernel_stack:5216kB pagetables:3088kB sec_pagetables:0kB all_unreclaimable? no
[   55.025710] Node 0 DMA free:440kB boost:0kB min:440kB low:548kB high:656kB reserved_highatomic:0KB active_anon:0kB inactive_anon:0kB active_file:0kB inactive_file:0kB unevictable:0kB writepending:0kB present:15992kB managed:15360kB mlocked:0kB bounce:0kB free_pcp:0kB local_pcp:0kB free_cma:0kB
[   55.027220] lowmem_reserve[]: 0 1507 0 0 0
[   55.027492] Node 0 DMA32 free:44252kB boost:24576kB min:69188kB low:80340kB high:91492kB reserved_highatomic:0KB active_anon:3372kB inactive_anon:17788kB active_file:11148kB inactive_file:10328kB unevictable:0kB writepending:256kB present:2080640kB managed:1562232kB mlocked:0kB bounce:0kB free_pcp:404kB local_pcp:0kB free_cma:0kB
[   55.029140] lowmem_reserve[]: 0 0 0 0 0
[   55.029397] Node 0 DMA: 0*4kB 1*8kB (U) 1*16kB (U) 1*32kB (U) 0*64kB 1*128kB (U) 1*256kB (U) 0*512kB 0*1024kB 0*2048kB 0*4096kB = 440kB
[   55.030210] Node 0 DMA32: 4257*4kB (UME) 675*8kB (UME) 356*16kB (UME) 246*32kB (UME) 99*64kB (UME) 16*128kB (UME) 1*256kB (E) 0*512kB 0*1024kB 0*2048kB 0*4096kB = 44636kB
[   55.031178] Node 0 hugepages_total=0 hugepages_free=0 hugepages_surp=0 hugepages_size=1048576kB
[   55.031714] Node 0 hugepages_total=0 hugepages_free=0 hugepages_surp=0 hugepages_size=2048kB
[   55.032206] 7216 total pagecache pages
[   55.032431] 1563 pages in swap cache
[   55.032647] Free swap  = 85344kB
[   55.032853] Total swap = 124996kB
[   55.033055] 524158 pages RAM
[   55.033212] 0 pages HighMem/MovableOnly
[   55.033440] 129760 pages reserved
[   55.033664] 0 pages cma reserved
[   55.033850] 0 pages hwpoisoned
[   55.096930] kexec: Could not allocate control_code_buffer
[   55.319971] kexec: Could not allocate control_code_buffer
[   55.547051] kexec: Could not allocate control_code_buffer
[   55.800814] kexec: Could not allocate control_code_buffer
[   56.050187] kexec: Could not allocate control_code_buffer
[   56.317074] kexec: Could not allocate control_code_buffer
[   56.579079] kexec: Could not allocate control_code_buffer
[   56.847552] kexec: Could not allocate control_code_buffer
[   57.051474] kexec: Could not allocate control_code_buffer
[   57.268895] kexec: Could not allocate control_code_buffer
[   57.557135] kexec: Could not allocate control_code_buffer
[   57.786708] kexec: Could not allocate control_code_buffer
[   58.024329] kexec: Could not allocate control_code_buffer
[   58.265527] kexec: Could not allocate control_code_buffer
[   58.502525] kexec: Could not allocate control_code_buffer
[   58.748580] kexec: Could not allocate control_code_buffer
[   58.973538] kexec: Could not allocate control_code_buffer
[   59.219443] kexec: Could not allocate control_code_buffer
[   59.493366] kexec: Could not allocate control_code_buffer
[   59.733924] kexec: Could not allocate control_code_buffer
[   59.959753] kexec: Could not allocate control_code_buffer
[   60.198694] kexec: Could not allocate control_code_buffer
[   60.458700] kexec: Could not allocate control_code_buffer
[   60.709303] kexec: Could not allocate control_code_buffer
[   60.948906] kexec: Could not allocate control_code_buffer
[   61.188728] kexec: Could not allocate control_code_buffer
[   61.468464] kexec: Could not allocate control_code_buffer
[   61.715270] kexec: Could not allocate control_code_buffer
[   62.287365] kexec: Could not allocate control_code_buffer
[   62.524555] kexec: Could not allocate control_code_buffer
[   62.805633] kexec: Could not allocate control_code_buffer
[   63.131147] kexec: Could not allocate control_code_buffer
[   63.485952] kexec: Could not allocate control_code_buffer
[   63.804139] kexec: Could not allocate control_code_buffer
[   64.127256] kexec: Could not allocate control_code_buffer
[   64.425998] kexec: Could not allocate control_code_buffer
[   64.728122] kexec: Could not allocate control_code_buffer
[   64.989707] kexec: Could not allocate control_code_buffer
[   65.152591] warn_alloc: 37 callbacks suppressed
[   65.152606] repro: page allocation failure: order:1, mode:0x10cc0(GFP_KERNEL|__GFP_NORETRY), nodemask=(null),cpuset=/,mems_allowed=0
[   65.153600] CPU: 1 UID: 0 PID: 909 Comm: repro Not tainted 6.12.0-rc4-8acdd0e7bfad+ #1
[   65.154058] Hardware name: QEMU Standard PC (i440FX + PIIX, 1996), BIOS rel-1.16.0-0-gd239552ce722-prebuilt.qemu.org 04/01/2014
[   65.154705] Call Trace:
[   65.154844]  <TASK>
[   65.154988]  dump_stack_lvl+0x121/0x150
[   65.155232]  dump_stack+0x19/0x20
[   65.155445]  warn_alloc+0x218/0x350
[   65.155695]  ? __pfx_warn_alloc+0x10/0x10
[   65.155953]  ? __alloc_pages_direct_compact+0x4f3/0xa10
[   65.156282]  ? __pfx___alloc_pages_direct_compact+0x10/0x10
[   65.156685]  ? __drain_all_pages+0x27b/0x480
[   65.157148]  __alloc_pages_slowpath.constprop.0+0x14d6/0x21e0
[   65.157576]  ? __pfx___alloc_pages_slowpath.constprop.0+0x10/0x10
[   65.158003]  ? lock_is_held_type+0xef/0x150
[   65.158298]  ? __pfx_get_page_from_freelist+0x10/0x10
[   65.158658]  ? lock_acquire+0x80/0xb0
[   65.158885]  __alloc_pages_noprof+0x5d4/0x6f0
[   65.159169]  ? trace_hardirqs_on+0x51/0x60
[   65.159497]  ? __pfx___alloc_pages_noprof+0x10/0x10
[   65.159838]  ? asm_sysvec_apic_timer_interrupt+0x1f/0x30
[   65.160230]  ? __sanitizer_cov_trace_switch+0x58/0xa0
[   65.160608]  ? policy_nodemask+0xf9/0x450
[   65.160879]  alloc_pages_mpol_noprof+0x30a/0x580
[   65.161238]  ? __pfx_alloc_pages_mpol_noprof+0x10/0x10
[   65.161597]  ? alloc_pages_noprof+0x152/0x180
[   65.161885]  ? alloc_pages_noprof+0x161/0x180
[   65.162147]  alloc_pages_noprof+0xa9/0x180
[   65.162398]  kimage_alloc_pages+0x79/0x240
[   65.162645]  kimage_alloc_control_pages+0x1cb/0xa60
[   65.162930]  ? kasan_save_alloc_info+0x3c/0x50
[   65.163198]  ? __pfx_kimage_alloc_control_pages+0x10/0x10
[   65.163508]  ? __sanitizer_cov_trace_const_cmp1+0x1e/0x30
[   65.163825]  do_kexec_load+0x3a6/0x8e0
[   65.164055]  ? __pfx_do_kexec_load+0x10/0x10
[   65.164309]  ? _copy_from_user+0xa4/0xe0
[   65.164553]  __x64_sys_kexec_load+0x1cc/0x240
[   65.164815]  x64_sys_call+0xf0f/0x20d0
[   65.165039]  do_syscall_64+0x6d/0x140
[   65.165260]  entry_SYSCALL_64_after_hwframe+0x76/0x7e
[   65.165555] RIP: 0033:0x7f032763ee5d
[   65.165769] Code: ff c3 66 2e 0f 1f 84 00 00 00 00 00 90 f3 0f 1e fa 48 89 f8 48 89 f7 48 89 d6 48 89 ca 4d 89 c2 4d 89 c8 4c 8b 4c 24 08 0f 05 <48> 3d 01 f0 ff ff 73 01 c3 48 8b 0d 93 af 1b 00 f7 d8 64 89 01 48
[   65.166787] RSP: 002b:00007fff20aef5c8 EFLAGS: 00000207 ORIG_RAX: 00000000000000f6
[   65.167213] RAX: ffffffffffffffda RBX: 0000000000000000 RCX: 00007f032763ee5d
[   65.167609] RDX: 0000000020000040 RSI: 0000000000000009 RDI: 0000000000000000
[   65.168005] RBP: 00007fff20aef5d0 R08: 00007fff20aef040 R09: 00007fff20aef600
[   65.168402] R10: 0000000000000000 R11: 0000000000000207 R12: 00007fff20aef748
[   65.168802] R13: 0000000000401c72 R14: 0000000000403e08 R15: 00007f0327870000
[   65.169215]  </TASK>
[   65.169401] Mem-Info:
[   65.169549] active_anon:349 inactive_anon:40 isolated_anon:0
[   65.169549]  active_file:1003 inactive_file:713 isolated_file:0
[   65.169549]  unevictable:0 dirty:1 writeback:0
[   65.169549]  slab_reclaimable:11416 slab_unreclaimable:14661
[   65.169549]  mapped:1244 shmem:27 pagetables:782
[   65.169549]  sec_pagetables:0 bounce:0
[   65.169549]  kernel_misc_reclaimable:0
[   65.169549]  free:11157 free_pcp:40 free_cma:0
[   65.171614] Node 0 active_anon:1396kB inactive_anon:160kB active_file:4012kB inactive_file:2852kB unevictable:0kB isolated(anon):0kB isolated(file):0kB mapped:4976kB dirty:4kB writeback:0kB shmem:108kB shmem_thp:0kB shmem_pmdmapped:0kB anon_thp:0kB writeback_tmp:0kB kernel_stack:5216kB pagetables:3128kB sec_pagetables:0kB all_unreclaimable? no
[   65.173363] Node 0 DMA free:424kB boost:0kB min:440kB low:548kB high:656kB reserved_highatomic:0KB active_anon:124kB inactive_anon:0kB active_file:72kB inactive_file:0kB unevictable:0kB writepending:4kB present:15992kB managed:15360kB mlocked:0kB bounce:0kB free_pcp:0kB local_pcp:0kB free_cma:0kB
[   65.174950] lowmem_reserve[]: 0 1507 0 0 0
[   65.175208] Node 0 DMA32 free:44204kB boost:0kB min:44612kB low:55764kB high:66916kB reserved_highatomic:0KB active_anon:1272kB inactive_anon:160kB active_file:3604kB inactive_file:3272kB unevictable:0kB writepending:0kB present:2080640kB managed:1562232kB mlocked:0kB bounce:0kB free_pcp:164kB local_pcp:0kB free_cma:0kB
[   65.176751] lowmem_reserve[]: 0 0 0 0 0
[   65.177034] Node 0 DMA: 16*4kB (U) 1*8kB (U) 0*16kB 1*32kB (U) 1*64kB (U) 0*128kB 1*256kB (U) 0*512kB 0*1024kB 0*2048kB 0*4096kB = 424kB
[   65.177963] Node 0 DMA32: 2132*4kB (UME) 149*8kB (UME) 88*16kB (ME) 101*32kB (UME) 90*64kB (ME) 66*128kB (UME) 24*256kB (UME) 5*512kB (M) 1*1024kB (M) 1*2048kB (U) 1*4096kB (U) = 44440kB
[   65.178955] Node 0 hugepages_total=0 hugepages_free=0 hugepages_surp=0 hugepages_size=1048576kB
[   65.179438] Node 0 hugepages_total=0 hugepages_free=0 hugepages_surp=0 hugepages_size=2048kB
[   65.179909] 1881 total pagecache pages
[   65.180126] 178 pages in swap cache
[   65.180329] Free swap  = 71192kB
[   65.180519] Total swap = 124996kB
[   65.180714] 524158 pages RAM
[   65.180886] 0 pages HighMem/MovableOnly
[   65.181107] 129760 pages reserved
[   65.181301] 0 pages cma reserved
[   65.181492] 0 pages hwpoisoned
[   65.255273] kexec: Could not allocate control_code_buffer
[   65.609564] kexec: Could not allocate control_code_buffer
[   65.852119] kexec: Could not allocate control_code_buffer
[   66.259877] kexec: Could not allocate control_code_buffer
[   66.615306] kexec: Could not allocate control_code_buffer
[   66.912866] kexec: Could not allocate control_code_buffer
[   67.252331] kexec: Could not allocate control_code_buffer
[   67.521429] kexec: Could not allocate control_code_buffer
[   67.752618] kexec: Could not allocate control_code_buffer
[   68.006410] kexec: Could not allocate control_code_buffer
[   68.279693] kexec: Could not allocate control_code_buffer
[   68.573153] kexec: Could not allocate control_code_buffer
[   68.831017] kexec: Could not allocate control_code_buffer
[   69.073280] kexec: Could not allocate control_code_buffer
[   69.383616] kexec: Could not allocate control_code_buffer
[   69.692865] kexec: Could not allocate control_code_buffer
[   70.006686] kexec: Could not allocate control_code_buffer
