c[?7l[2J[0mSeaBIOS (version rel-1.16.0-0-gd239552ce722-prebuilt.qemu.org)


iPXE (http://ipxe.org) 00:03.0 CA00 PCI2.10 PnP PMM+7FF91000+7FEF1000 CA00
Press Ctrl-B to configure iPXE (PCI 00:03.0)...                                                                               


Booting from ROM..c[?7l[2J[0m.[    0.000000] Linux version 6.5.0-rc2-87dc2bb32918+ (root@p-arls02) (gcc (GCC) 11.5.0 20240719 (Red Hat 11.5.0-5), GNU ld version 2.35.2-63.el9) #1 SMP PREEMPT_DYNAMIC Tue Apr 15 22:57:41 CST 2025
[    0.000000] Command line: console=ttyS0 root=/dev/sda earlyprintk=serial net.ifnames=0 plymouth.enable=0
[    0.000000] KERNEL supported cpus:
[    0.000000]   Intel GenuineIntel
[    0.000000]   AMD AuthenticAMD
[    0.000000]   Hygon HygonGenuine
[    0.000000]   Centaur CentaurHauls
[    0.000000]   zhaoxin   Shanghai  
[    0.000000] x86/split lock detection: #DB: warning on user-space bus_locks
[    0.000000] BIOS-provided physical RAM map:
[    0.000000] BIOS-e820: [mem 0x0000000000000000-0x000000000009fbff] usable
[    0.000000] BIOS-e820: [mem 0x000000000009fc00-0x000000000009ffff] reserved
[    0.000000] BIOS-e820: [mem 0x00000000000f0000-0x00000000000fffff] reserved
[    0.000000] BIOS-e820: [mem 0x0000000000100000-0x000000007ffdffff] usable
[    0.000000] BIOS-e820: [mem 0x000000007ffe0000-0x000000007fffffff] reserved
[    0.000000] BIOS-e820: [mem 0x00000000feffc000-0x00000000feffffff] reserved
[    0.000000] BIOS-e820: [mem 0x00000000fffc0000-0x00000000ffffffff] reserved
[    0.000000] printk: bootconsole [earlyser0] enabled
[    0.000000] NX (Execute Disable) protection: active
[    0.000000] SMBIOS 2.8 present.
[    0.000000] DMI: QEMU Standard PC (i440FX + PIIX, 1996), BIOS rel-1.16.0-0-gd239552ce722-prebuilt.qemu.org 04/01/2014
[    0.000000] Hypervisor detected: KVM
[    0.000000] kvm-clock: Using msrs 4b564d01 and 4b564d00
[    0.000005] kvm-clock: using sched offset of 879211699 cycles
[    0.000392] clocksource: kvm-clock: mask: 0xffffffffffffffff max_cycles: 0x1cd42e4dffb, max_idle_ns: 881590591483 ns
[    0.001584] tsc: Detected 1267.200 MHz processor
[    0.005904] last_pfn = 0x7ffe0 max_arch_pfn = 0x400000000
[    0.006332] MTRR map: 4 entries (3 fixed + 1 variable; max 19), built from 8 variable MTRRs
[    0.006941] x86/PAT: Configuration [0-7]: WB  WC  UC- UC  WB  WP  UC- WT  
[    0.016371] found SMP MP-table at [mem 0x000f5ba0-0x000f5baf]
[    0.016835] Using GB pages for direct mapping
[    0.017817] ACPI: Early table checksum verification disabled
[    0.018239] ACPI: RSDP 0x00000000000F59C0 000014 (v00 BOCHS )
[    0.018682] ACPI: RSDT 0x000000007FFE1951 000034 (v01 BOCHS  BXPC     00000001 BXPC 00000001)
[    0.019326] ACPI: FACP 0x000000007FFE17FD 000074 (v01 BOCHS  BXPC     00000001 BXPC 00000001)
[    0.019970] ACPI: DSDT 0x000000007FFE0040 0017BD (v01 BOCHS  BXPC     00000001 BXPC 00000001)
[    0.020604] ACPI: FACS 0x000000007FFE0000 000040
[    0.020952] ACPI: APIC 0x000000007FFE1871 000080 (v01 BOCHS  BXPC     00000001 BXPC 00000001)
[    0.021586] ACPI: HPET 0x000000007FFE18F1 000038 (v01 BOCHS  BXPC     00000001 BXPC 00000001)
[    0.022219] ACPI: WAET 0x000000007FFE1929 000028 (v01 BOCHS  BXPC     00000001 BXPC 00000001)
[    0.022852] ACPI: Reserving FACP table memory at [mem 0x7ffe17fd-0x7ffe1870]
[    0.023367] ACPI: Reserving DSDT table memory at [mem 0x7ffe0040-0x7ffe17fc]
[    0.023881] ACPI: Reserving FACS table memory at [mem 0x7ffe0000-0x7ffe003f]
[    0.024396] ACPI: Reserving APIC table memory at [mem 0x7ffe1871-0x7ffe18f0]
[    0.024910] ACPI: Reserving HPET table memory at [mem 0x7ffe18f1-0x7ffe1928]
[    0.025424] ACPI: Reserving WAET table memory at [mem 0x7ffe1929-0x7ffe1950]
[    0.026354] No NUMA configuration found
[    0.026636] Faking a node at [mem 0x0000000000000000-0x000000007ffdffff]
[    0.027156] NODE_DATA(0) allocated [mem 0x7ffb5000-0x7ffdffff]
[    0.029318] Zone ranges:
[    0.029511]   DMA      [mem 0x0000000000001000-0x0000000000ffffff]
[    0.029961]   DMA32    [mem 0x0000000001000000-0x000000007ffdffff]
[    0.030413]   Normal   empty
[    0.030627]   Device   empty
[    0.030840] Movable zone start for each node
[    0.031157] Early memory node ranges
[    0.031416]   node   0: [mem 0x0000000000001000-0x000000000009efff]
[    0.031873]   node   0: [mem 0x0000000000100000-0x000000007ffdffff]
[    0.032331] Initmem setup node 0 [mem 0x0000000000001000-0x000000007ffdffff]
[    0.033520] On node 0, zone DMA: 1 pages in unavailable ranges
[    0.033799] On node 0, zone DMA: 97 pages in unavailable ranges
[    0.126223] On node 0, zone DMA32: 32 pages in unavailable ranges
[    0.571810] kasan: KernelAddressSanitizer initialized
[    0.572893] ACPI: PM-Timer IO Port: 0x608
[    0.573216] ACPI: LAPIC_NMI (acpi_id[0xff] dfl dfl lint[0x1])
[    0.573695] IOAPIC[0]: apic_id 0, version 17, address 0xfec00000, GSI 0-23
[    0.574225] ACPI: INT_SRC_OVR (bus 0 bus_irq 0 global_irq 2 dfl dfl)
[    0.574695] ACPI: INT_SRC_OVR (bus 0 bus_irq 5 global_irq 5 high level)
[    0.575180] ACPI: INT_SRC_OVR (bus 0 bus_irq 9 global_irq 9 high level)
[    0.575667] ACPI: INT_SRC_OVR (bus 0 bus_irq 10 global_irq 10 high level)
[    0.576167] ACPI: INT_SRC_OVR (bus 0 bus_irq 11 global_irq 11 high level)
[    0.576679] ACPI: Using ACPI (MADT) for SMP configuration information
[    0.577153] ACPI: HPET id: 0x8086a201 base: 0xfed00000
[    0.577544] TSC deadline timer available
[    0.577835] smpboot: Allowing 2 CPUs, 0 hotplug CPUs
[    0.578246] kvm-guest: KVM setup pv remote TLB flush
[    0.578615] kvm-guest: setup PV sched yield
[    0.578953] PM: hibernation: Registered nosave memory: [mem 0x00000000-0x00000fff]
[    0.579514] PM: hibernation: Registered nosave memory: [mem 0x0009f000-0x0009ffff]
[    0.580067] PM: hibernation: Registered nosave memory: [mem 0x000a0000-0x000effff]
[    0.580621] PM: hibernation: Registered nosave memory: [mem 0x000f0000-0x000fffff]
[    0.581179] [mem 0x80000000-0xfeffbfff] available for PCI devices
[    0.581625] Booting paravirtualized kernel on KVM
[    0.581981] clocksource: refined-jiffies: mask: 0xffffffff max_cycles: 0xffffffff, max_idle_ns: 7645519600211568 ns
[    0.582750] setup_percpu: NR_CPUS:8192 nr_cpumask_bits:2 nr_cpu_ids:2 nr_node_ids:1
[    0.585318] percpu: Embedded 82 pages/cpu s299008 r8192 d28672 u1048576
[    0.585931] kvm-guest: PV spinlocks enabled
[    0.586258] PV qspinlock hash table entries: 256 (order: 0, 4096 bytes, linear)
[    0.586816] Kernel command line: net.ifnames=0 console=ttyS0 root=/dev/sda earlyprintk=serial net.ifnames=0 plymouth.enable=0
[    0.587935] random: crng init done
[    0.590053] Dentry cache hash table entries: 262144 (order: 9, 2097152 bytes, linear)
[    0.591382] Inode-cache hash table entries: 131072 (order: 8, 1048576 bytes, linear)
[    0.592223] Fallback order for Node 0: 0 
[    0.592233] Built 1 zonelists, mobility grouping on.  Total pages: 515808
[    0.593002] Policy zone: DMA32
[    0.593221] mem auto-init: stack:off, heap alloc:off, heap free:off
[    0.593665] stackdepot: allocating hash table via alloc_large_system_hash
[    0.630377] stackdepot hash table entries: 1048576 (order: 11, 8388608 bytes, linear)
[    0.683827] Memory: 1562720K/2096632K available (73728K kernel code, 14021K rwdata, 16356K rodata, 14592K init, 81696K bss, 533656K reserved, 0K cma-reserved)
[    0.685971] SLUB: HWalign=64, Order=0-3, MinObjects=0, CPUs=2, Nodes=1
[    0.686432] kmemleak: Kernel memory leak detector disabled
[    0.686949] ftrace: allocating 69270 entries in 271 pages
[    0.713245] ftrace: allocated 271 pages with 5 groups
[    0.717425] Dynamic Preempt: voluntary
[    0.717956] Running RCU self tests
[    0.718200] Running RCU synchronous self tests
[    0.718537] rcu: Preemptible hierarchical RCU implementation.
[    0.718943] rcu: 	RCU lockdep checking is enabled.
[    0.719279] rcu: 	RCU restricting CPUs from NR_CPUS=8192 to nr_cpu_ids=2.
[    0.719756] 	Trampoline variant of Tasks RCU enabled.
[    0.720111] 	Rude variant of Tasks RCU enabled.
[    0.720431] 	Tracing variant of Tasks RCU enabled.
[    0.720765] rcu: RCU calculated value of scheduler-enlistment delay is 25 jiffies.
[    0.721293] rcu: Adjusting geometry for rcu_fanout_leaf=16, nr_cpu_ids=2
[    0.721812] Running RCU synchronous self tests
[    0.748434] NR_IRQS: 524544, nr_irqs: 440, preallocated irqs: 16
[    0.749289] rcu: srcu_init: Setting srcu_struct sizes based on contention.
[    0.755733] Console: colour VGA+ 80x25
[    0.756063] printk: console [ttyS0] enabled
[    0.756063] printk: console [ttyS0] enabled
[    0.756670] printk: bootconsole [earlyser0] disabled
[    0.756670] printk: bootconsole [earlyser0] disabled
[    0.757399] Lock dependency validator: Copyright (c) 2006 Red Hat, Inc., Ingo Molnar
[    0.757960] ... MAX_LOCKDEP_SUBCLASSES:  8
[    0.758261] ... MAX_LOCK_DEPTH:          48
[    0.758571] ... MAX_LOCKDEP_KEYS:        8192
[    0.758907] ... CLASSHASH_SIZE:          4096
[    0.759228] ... MAX_LOCKDEP_ENTRIES:     524288
[    0.759674] ... MAX_LOCKDEP_CHAINS:      524288
[    0.760007] ... CHAINHASH_SIZE:          262144
[    0.760342]  memory used by lock dependency info: 54209 kB
[    0.760745]  memory used for stack traces: 4224 kB
[    0.761097]  per task-struct memory footprint: 1920 bytes
[    0.761577] ACPI: Core revision 20230331
[    0.762213] clocksource: hpet: mask: 0xffffffff max_cycles: 0xffffffff, max_idle_ns: 19112604467 ns
[    0.763048] APIC: Switch to symmetric I/O mode setup
[    0.763660] x2apic enabled
[    0.764024] Switched APIC routing to physical x2apic.
[    0.764402] kvm-guest: setup PV IPIs
[    0.765593] ..TIMER: vector=0x30 apic1=0 pin1=2 apic2=-1 pin2=-1
[    0.766057] clocksource: tsc-early: mask: 0xffffffffffffffff max_cycles: 0x12441513526, max_idle_ns: 440795239872 ns
[    0.766847] Calibrating delay loop (skipped) preset value.. 2534.40 BogoMIPS (lpj=5068800)
[    0.770993] CPU0: Thermal monitoring enabled (TM1)
[    0.771398] x86/cpu: User Mode Instruction Prevention (UMIP) activated
[    0.771972] Last level iTLB entries: 4KB 0, 2MB 0, 4MB 0
[    0.772365] Last level dTLB entries: 4KB 0, 2MB 0, 4MB 0, 1GB 0
[    0.772812] Spectre V1 : Mitigation: usercopy/swapgs barriers and __user pointer sanitization
[    0.773431] Spectre V2 : WARNING: Unprivileged eBPF is enabled with eIBRS on, data leaks possible via Spectre v2 BHB attacks!
[    0.774831] Spectre V2 : Mitigation: Enhanced / Automatic IBRS
[    0.775240] Spectre V2 : Spectre v2 / SpectreRSB mitigation: Filling RSB on context switch
[    0.775812] Spectre V2 : Spectre v2 / PBRSB-eIBRS: Retire a single CALL on VMEXIT
[    0.776334] Spectre V2 : mitigation: Enabling conditional Indirect Branch Prediction Barrier
[    0.776919] Speculative Store Bypass: Mitigation: Speculative Store Bypass disabled via prctl
[    0.777506] MMIO Stale Data: Unknown: No mitigations
[    0.777882] x86/fpu: Supporting XSAVE feature 0x001: 'x87 floating point registers'
[    0.778430] x86/fpu: Supporting XSAVE feature 0x002: 'SSE registers'
[    0.778835] x86/fpu: Supporting XSAVE feature 0x004: 'AVX registers'
[    0.779301] x86/fpu: Supporting XSAVE feature 0x200: 'Protection Keys User registers'
[    0.779861] x86/fpu: xstate_offset[2]:  576, xstate_sizes[2]:  256
[    0.780313] x86/fpu: xstate_offset[9]:  832, xstate_sizes[9]:    8
[    0.780759] x86/fpu: Enabled xstate features 0x207, context size is 840 bytes, using 'compacted' format.
[    0.869134] Freeing SMP alternatives memory: 56K
[    0.869480] pid_max: default: 32768 minimum: 301
[    0.870022] LSM: initializing lsm=capability,yama,integrity
[    0.870438] Yama: becoming mindful.
[    0.870902] Mount-cache hash table entries: 4096 (order: 3, 32768 bytes, linear)
[    0.871433] Mountpoint-cache hash table entries: 4096 (order: 3, 32768 bytes, linear)
[    0.872985] Running RCU synchronous self tests
[    0.873306] Running RCU synchronous self tests
[    0.874726] smpboot: CPU0: Genuine Intel(R) 0000 @ (family: 0x6, model: 0xc6, stepping: 0x0)
[    0.874824] RCU Tasks: Setting shift to 1 and lim to 1 rcu_task_cb_adjust=1.
[    0.874824] RCU Tasks Rude: Setting shift to 1 and lim to 1 rcu_task_cb_adjust=1.
[    0.874824] RCU Tasks Trace: Setting shift to 1 and lim to 1 rcu_task_cb_adjust=1.
[    0.874824] Running RCU-tasks wait API self tests
[    0.975052] Performance Events: unsupported p6 CPU model 198 no PMU driver, software events only.
[    0.975814] signal: max sigframe size: 3632
[    0.976338] rcu: Hierarchical SRCU implementation.
[    0.976662] rcu: 	Max phase no-delay instances is 1000.
[    0.978632] NMI watchdog: Perf NMI watchdog permanently disabled
[    0.979106] smp: Bringing up secondary CPUs ...
[    0.980076] smpboot: x86: Booting SMP configuration:
[    0.980440] .... node  #0, CPUs:      #1
[    0.980750] smp: Brought up 1 node, 2 CPUs
[    0.980750] smpboot: Max logical packages: 1
[    0.982841] smpboot: Total of 2 processors activated (5068.80 BogoMIPS)
[    0.983805] devtmpfs: initialized
[    0.986850] x86/mm: Memory block size: 128MB
[    0.990869] Callback from call_rcu_tasks_trace() invoked.
[    0.995574] Running RCU synchronous self tests
[    0.995650] Running RCU synchronous self tests
[    0.996020] clocksource: jiffies: mask: 0xffffffff max_cycles: 0xffffffff, max_idle_ns: 7645041785100000 ns
[    0.996698] futex hash table entries: 512 (order: 4, 65536 bytes, linear)
[    0.997549] pinctrl core: initialized pinctrl subsystem
[    0.999384] 
[    0.999509] *************************************************************
[    0.999979] **     NOTICE NOTICE NOTICE NOTICE NOTICE NOTICE NOTICE    **
[    1.000450] **                                                         **
[    1.000919] **  IOMMU DebugFS SUPPORT HAS BEEN ENABLED IN THIS KERNEL  **
[    1.001389] **                                                         **
[    1.001864] ** This means that this kernel is built to expose internal **
[    1.002332] ** IOMMU data structures, which may compromise security on **
[    1.002803] ** your system.                                            **
[    1.002836] **                                                         **
[    1.003314] ** If you see this message and you are not debugging the   **
[    1.003785] ** kernel, report this immediately to your vendor!         **
[    1.004264] **                                                         **
[    1.004737] **     NOTICE NOTICE NOTICE NOTICE NOTICE NOTICE NOTICE    **
[    1.005208] *************************************************************
[    1.005747] PM: RTC time: 14:59:44, date: 2025-04-15
[    1.010096] NET: Registered PF_NETLINK/PF_ROUTE protocol family
[    1.011410] DMA: preallocated 256 KiB GFP_KERNEL pool for atomic allocations
[    1.011921] DMA: preallocated 256 KiB GFP_KERNEL|GFP_DMA pool for atomic allocations
[    1.012521] DMA: preallocated 256 KiB GFP_KERNEL|GFP_DMA32 pool for atomic allocations
[    1.013177] audit: initializing netlink subsys (disabled)
[    1.013683] audit: type=2000 audit(1744729185.815:1): state=initialized audit_enabled=0 res=1
[    1.015573] thermal_sys: Registered thermal governor 'fair_share'
[    1.015579] thermal_sys: Registered thermal governor 'bang_bang'
[    1.016007] thermal_sys: Registered thermal governor 'step_wise'
[    1.016433] thermal_sys: Registered thermal governor 'user_space'
[    1.016922] cpuidle: using governor ladder
[    1.017661] cpuidle: using governor menu
[    1.018363] acpiphp: ACPI Hot Plug PCI Controller Driver version: 0.5
[    1.019460] PCI: Using configuration type 1 for base access
[    1.020578] kprobes: kprobe jump-optimization is enabled. All kprobes are optimized if possible.
[    1.114983] HugeTLB: registered 1.00 GiB page size, pre-allocated 0 pages
[    1.115564] HugeTLB: 16380 KiB vmemmap can be freed for a 1.00 GiB page
[    1.116049] HugeTLB: registered 2.00 MiB page size, pre-allocated 0 pages
[    1.116543] HugeTLB: 28 KiB vmemmap can be freed for a 2.00 MiB page
[    1.122825] ACPI: Added _OSI(Module Device)
[    1.122825] ACPI: Added _OSI(Processor Device)
[    1.122834] ACPI: Added _OSI(3.0 _SCP Extensions)
[    1.123182] ACPI: Added _OSI(Processor Aggregator Device)
[    1.133969] ACPI: 1 ACPI AML tables successfully acquired and loaded
[    2.601848] Callback from call_rcu_tasks_rude() invoked.
[    2.629448] ACPI: Interpreter enabled
[    2.629448] ACPI: PM: (supports S0 S3 S4 S5)
[    2.629448] ACPI: Using IOAPIC for interrupt routing
[    2.629597] PCI: Using host bridge windows from ACPI; if necessary, use "pci=nocrs" and report a bug
[    2.630274] PCI: Using E820 reservations for host bridge windows
[    2.631676] ACPI: Enabled 2 GPEs in block 00 to 0F
[    2.655186] ACPI: PCI Root Bridge [PCI0] (domain 0000 [bus 00-ff])
[    2.655703] acpi PNP0A03:00: _OSC: OS supports [ASPM ClockPM Segments MSI EDR HPX-Type3]
[    2.656299] acpi PNP0A03:00: _OSC: not requesting OS control; OS requires [ExtendedConfig ASPM ClockPM MSI]
[    2.657131] acpi PNP0A03:00: fail to add MMCONFIG information, can't access extended configuration space under this bridge
[    2.661105] acpiphp: Slot [3] registered
[    2.661476] acpiphp: Slot [4] registered
[    2.661851] acpiphp: Slot [5] registered
[    2.662246] acpiphp: Slot [6] registered
[    2.662625] acpiphp: Slot [7] registered
[    2.662912] acpiphp: Slot [8] registered
[    2.663304] acpiphp: Slot [9] registered
[    2.663718] acpiphp: Slot [10] registered
[    2.664101] acpiphp: Slot [11] registered
[    2.664493] acpiphp: Slot [12] registered
[    2.664875] acpiphp: Slot [13] registered
[    2.665287] acpiphp: Slot [14] registered
[    2.665671] acpiphp: Slot [15] registered
[    2.666049] acpiphp: Slot [16] registered
[    2.666432] acpiphp: Slot [17] registered
[    2.666839] acpiphp: Slot [18] registered
[    2.667226] acpiphp: Slot [19] registered
[    2.667611] acpiphp: Slot [20] registered
[    2.667996] acpiphp: Slot [21] registered
[    2.668404] acpiphp: Slot [22] registered
[    2.668789] acpiphp: Slot [23] registered
[    2.669167] acpiphp: Slot [24] registered
[    2.669549] acpiphp: Slot [25] registered
[    2.670871] acpiphp: Slot [26] registered
[    2.671308] acpiphp: Slot [27] registered
[    2.671701] acpiphp: Slot [28] registered
[    2.672085] acpiphp: Slot [29] registered
[    2.672496] acpiphp: Slot [30] registered
[    2.672887] acpiphp: Slot [31] registered
[    2.673245] PCI host bridge to bus 0000:00
[    2.673562] pci_bus 0000:00: root bus resource [io  0x0000-0x0cf7 window]
[    2.674068] pci_bus 0000:00: root bus resource [io  0x0d00-0xffff window]
[    2.674581] pci_bus 0000:00: root bus resource [mem 0x000a0000-0x000bffff window]
[    2.678833] pci_bus 0000:00: root bus resource [mem 0x80000000-0xfebfffff window]
[    2.679394] pci_bus 0000:00: root bus resource [mem 0x100000000-0x17fffffff window]
[    2.679963] pci_bus 0000:00: root bus resource [bus 00-ff]
[    2.680544] pci 0000:00:00.0: [8086:1237] type 00 class 0x060000
[    2.687066] pci 0000:00:01.0: [8086:7000] type 00 class 0x060100
[    2.688514] pci 0000:00:01.1: [8086:7010] type 00 class 0x010180
[    2.690397] pci 0000:00:01.1: reg 0x20: [io  0xc040-0xc04f]
[    2.691256] pci 0000:00:01.1: legacy IDE quirk: reg 0x10: [io  0x01f0-0x01f7]
[    2.691766] pci 0000:00:01.1: legacy IDE quirk: reg 0x14: [io  0x03f6]
[    2.692248] pci 0000:00:01.1: legacy IDE quirk: reg 0x18: [io  0x0170-0x0177]
[    2.692769] pci 0000:00:01.1: legacy IDE quirk: reg 0x1c: [io  0x0376]
[    2.693597] pci 0000:00:01.3: [8086:7113] type 00 class 0x068000
[    2.694343] pci 0000:00:01.3: quirk: [io  0x0600-0x063f] claimed by PIIX4 ACPI
[    2.694837] pci 0000:00:01.3: quirk: [io  0x0700-0x070f] claimed by PIIX4 SMB
[    2.695701] pci 0000:00:02.0: [1234:1111] type 00 class 0x030000
[    2.707525] pci 0000:00:02.0: reg 0x10: [mem 0xfd000000-0xfdffffff pref]
[    2.707343] Callback from call_rcu_tasks() invoked.
[    2.710824] pci 0000:00:02.0: reg 0x18: [mem 0xfebf0000-0xfebf0fff]
[    2.714824] pci 0000:00:02.0: reg 0x30: [mem 0xfebe0000-0xfebeffff pref]
[    2.714947] pci 0000:00:02.0: Video device with shadowed ROM at [mem 0x000c0000-0x000dffff]
[    2.720459] pci 0000:00:03.0: [8086:100e] type 00 class 0x020000
[    2.721520] pci 0000:00:03.0: reg 0x10: [mem 0xfebc0000-0xfebdffff]
[    2.722394] pci 0000:00:03.0: reg 0x14: [io  0xc000-0xc03f]
[    2.724690] pci 0000:00:03.0: reg 0x30: [mem 0xfeb80000-0xfebbffff pref]
[    2.741481] ACPI: PCI: Interrupt link LNKA configured for IRQ 10
[    2.742663] ACPI: PCI: Interrupt link LNKB configured for IRQ 10
[    2.743457] ACPI: PCI: Interrupt link LNKC configured for IRQ 11
[    2.744526] ACPI: PCI: Interrupt link LNKD configured for IRQ 11
[    2.745231] ACPI: PCI: Interrupt link LNKS configured for IRQ 9
[    2.751257] iommu: Default domain type: Translated
[    2.751263] iommu: DMA domain TLB invalidation policy: lazy mode
[    2.756716] SCSI subsystem initialized
[    2.757059] ACPI: bus type USB registered
[    2.757059] usbcore: registered new interface driver usbfs
[    2.757059] usbcore: registered new interface driver hub
[    2.757059] usbcore: registered new device driver usb
[    2.757059] pps_core: LinuxPPS API ver. 1 registered
[    2.757059] pps_core: Software ver. 5.3.6 - Copyright 2005-2007 Rodolfo Giometti <giometti@linux.it>
[    2.757732] PTP clock support registered
[    2.758961] EDAC MC: Ver: 3.0.0
[    2.765070] NetLabel: Initializing
[    2.765070] NetLabel:  domain hash size = 128
[    2.765070] NetLabel:  protocols = UNLABELED CIPSOv4 CALIPSO
[    2.765070] NetLabel:  unlabeled traffic allowed by default
[    2.767203] PCI: Using ACPI for IRQ routing
[    2.767697] pci 0000:00:02.0: vgaarb: setting as boot VGA device
[    2.767697] pci 0000:00:02.0: vgaarb: bridge control possible
[    2.767825] pci 0000:00:02.0: vgaarb: VGA device added: decodes=io+mem,owns=io+mem,locks=none
[    2.770834] vgaarb: loaded
[    2.771837] hpet0: at MMIO 0xfed00000, IRQs 2, 8, 0
[    2.772225] hpet0: 3 comparators, 64-bit 100.000000 MHz counter
[    2.778254] clocksource: Switched to clocksource kvm-clock
[    2.778824] VFS: Disk quotas dquot_6.6.0
[    2.778824] VFS: Dquot-cache hash table entries: 512 (order 0, 4096 bytes)
[    2.778824] pnp: PnP ACPI init
[    2.782005] pnp: PnP ACPI: found 6 devices
[    2.795846] clocksource: acpi_pm: mask: 0xffffff max_cycles: 0xffffff, max_idle_ns: 2085701024 ns
[    2.797002] NET: Registered PF_INET protocol family
[    2.797790] IP idents hash table entries: 32768 (order: 6, 262144 bytes, linear)
[    2.800260] tcp_listen_portaddr_hash hash table entries: 1024 (order: 4, 73728 bytes, linear)
[    2.800990] Table-perturb hash table entries: 65536 (order: 6, 262144 bytes, linear)
[    2.801652] TCP established hash table entries: 16384 (order: 5, 131072 bytes, linear)
[    2.802815] TCP bind hash table entries: 16384 (order: 9, 2359296 bytes, linear)
[    2.805479] TCP: Hash tables configured (established 16384 bind 16384)
[    2.806339] UDP hash table entries: 1024 (order: 5, 163840 bytes, linear)
[    2.807036] UDP-Lite hash table entries: 1024 (order: 5, 163840 bytes, linear)
[    2.808018] NET: Registered PF_UNIX/PF_LOCAL protocol family
[    2.809314] RPC: Registered named UNIX socket transport module.
[    2.809778] RPC: Registered udp transport module.
[    2.810141] RPC: Registered tcp transport module.
[    2.810494] RPC: Registered tcp-with-tls transport module.
[    2.810903] RPC: Registered tcp NFSv4.1 backchannel transport module.
[    2.811435] pci_bus 0000:00: resource 4 [io  0x0000-0x0cf7 window]
[    2.811902] pci_bus 0000:00: resource 5 [io  0x0d00-0xffff window]
[    2.812370] pci_bus 0000:00: resource 6 [mem 0x000a0000-0x000bffff window]
[    2.812886] pci_bus 0000:00: resource 7 [mem 0x80000000-0xfebfffff window]
[    2.813418] pci_bus 0000:00: resource 8 [mem 0x100000000-0x17fffffff window]
[    2.814259] pci 0000:00:01.0: PIIX3: Enabling Passive Release
[    2.814705] pci 0000:00:00.0: Limiting direct PCI/PCI transfers
[    2.815224] PCI: CLS 0 bytes, default 64
[    2.816120] ACPI: bus type thunderbolt registered
[    2.816807] clocksource: tsc: mask: 0xffffffffffffffff max_cycles: 0x12441513526, max_idle_ns: 440795239872 ns
[    2.963739] Initialise system trusted keyrings
[    2.964227] Key type blacklist registered
[    2.965093] workingset: timestamp_bits=36 max_order=19 bucket_order=0
[    2.965785] zbud: loaded
[    2.967791] squashfs: version 4.0 (2009/01/31) Phillip Lougher
[    2.970410] NFS: Registering the id_resolver key type
[    2.970819] Key type id_resolver registered
[    2.971131] Key type id_legacy registered
[    2.971470] nfs4filelayout_init: NFSv4 File Layout Driver Registering...
[    2.971984] nfs4flexfilelayout_init: NFSv4 Flexfile Layout Driver Registering...
[    2.973123] fuse: init (API version 7.38)
[    2.974261] SGI XFS with ACLs, security attributes, realtime, quota, no debug enabled
[    2.976446] 9p: Installing v9fs 9p2000 file system support
[    2.983546] Key type asymmetric registered
[    2.983857] Asymmetric key parser 'x509' registered
[    2.984308] Block layer SCSI generic (bsg) driver version 0.4 loaded (major 243)
[    2.985224] io scheduler mq-deadline registered
[    2.985624] io scheduler bfq registered
[    2.987025] shpchp: Standard Hot Plug PCI Controller Driver version: 0.4
[    2.988138] IPMI message handler: version 39.2
[    2.988525] ipmi device interface
[    2.990766] input: Power Button as /devices/LNXSYSTM:00/LNXPWRBN:00/input/input0
[    2.991711] ACPI: button: Power Button [PWRF]
[    2.993720] ERST DBG: ERST support is disabled.
[    2.995816] Serial: 8250/16550 driver, 32 ports, IRQ sharing enabled
[    2.997633] 00:04: ttyS0 at I/O 0x3f8 (irq = 4, base_baud = 115200) is a 16550A
[    3.015003] Linux agpgart interface v0.103
[    3.016658] ACPI: bus type drm_connector registered
[    3.031258] brd: module loaded
[    3.040048] loop: module loaded
[    3.048757] scsi host0: ata_piix
[    3.050441] scsi host1: ata_piix
[    3.051022] ata1: PATA max MWDMA2 cmd 0x1f0 ctl 0x3f6 bmdma 0xc040 irq 14
[    3.051499] ata2: PATA max MWDMA2 cmd 0x170 ctl 0x376 bmdma 0xc048 irq 15
[    3.054614] tun: Universal TUN/TAP device driver, 1.6
[    3.055214] e100: Intel(R) PRO/100 Network Driver
[    3.055554] e100: Copyright(c) 1999-2006 Intel Corporation
[    3.055994] e1000: Intel(R) PRO/1000 Network Driver
[    3.056341] e1000: Copyright (c) 1999-2006 Intel Corporation.
[    3.209261] ata2: found unknown device (class 0)
[    3.210056] ata1: found unknown device (class 0)
[    3.210797] ata2.00: ATAPI: QEMU DVD-ROM, 2.5+, max UDMA/100
[    3.211575] ata1.00: ATA-7: QEMU HARDDISK, 2.5+, max UDMA/100
[    3.211983] ata1.00: 17196647 sectors, multi 16: LBA48 
[    3.213656] scsi 0:0:0:0: Direct-Access     ATA      QEMU HARDDISK    2.5+ PQ: 0 ANSI: 5
[    3.216006] scsi 1:0:0:0: CD-ROM            QEMU     QEMU DVD-ROM     2.5+ PQ: 0 ANSI: 5
[    3.218135] sd 0:0:0:0: [sda] 17196647 512-byte logical blocks: (8.80 GB/8.20 GiB)
[    3.218722] sd 0:0:0:0: [sda] Write Protect is off
[    3.219112] sd 0:0:0:0: [sda] Write cache: enabled, read cache: enabled, doesn't support DPO or FUA
[    3.219797] sd 0:0:0:0: [sda] Preferred minimum I/O size 512 bytes
[    3.225717] sd 0:0:0:0: [sda] Attached SCSI disk
[    3.510355] ACPI: \_SB_.LNKC: Enabled at IRQ 11
[    3.832398] e1000 0000:00:03.0 eth0: (PCI:33MHz:32-bit) 52:54:00:12:34:56
[    3.832948] e1000 0000:00:03.0 eth0: Intel(R) PRO/1000 Network Connection
[    3.833561] e1000e: Intel(R) PRO/1000 Network Driver
[    3.833923] e1000e: Copyright(c) 1999 - 2015 Intel Corporation.
[    3.834460] igb: Intel(R) Gigabit Ethernet Network Driver
[    3.834844] igb: Copyright (c) 2007-2014 Intel Corporation.
[    3.835372] PPP generic driver version 2.4.2
[    3.837016] VFIO - User Level meta-driver version: 0.3
[    3.838711] usbcore: registered new interface driver uas
[    3.839190] usbcore: registered new interface driver usb-storage
[    3.840721] i8042: PNP: PS/2 Controller [PNP0303:KBD,PNP0f13:MOU] at 0x60,0x64 irq 1,12
[    3.842115] serio: i8042 KBD port at 0x60,0x64 irq 1
[    3.842509] serio: i8042 AUX port at 0x60,0x64 irq 12
[    3.844335] mousedev: PS/2 mouse device common for all mice
[    3.845951] input: AT Translated Set 2 keyboard as /devices/platform/i8042/serio0/input/input1
[    3.848039] input: VirtualPS/2 VMware VMMouse as /devices/platform/i8042/serio1/input/input4
[    3.848864] rtc_cmos 00:05: RTC can wake from S4
[    3.849757] input: VirtualPS/2 VMware VMMouse as /devices/platform/i8042/serio1/input/input3
[    3.852122] rtc_cmos 00:05: registered as rtc0
[    3.852509] rtc_cmos 00:05: setting system clock to 2025-04-15T14:59:47 UTC (1744729187)
[    3.853363] rtc_cmos 00:05: alarms up to one day, y3k, 242 bytes nvram, hpet irqs
[    3.853932] i2c_dev: i2c /dev entries driver
[    3.854843] device-mapper: core: CONFIG_IMA_DISABLE_HTABLE is disabled. Duplicate IMA measurements will not be recorded in the IMA log.
[    3.855740] device-mapper: uevent: version 1.0.3
[    3.856827] device-mapper: ioctl: 4.48.0-ioctl (2023-03-01) initialised: dm-devel@redhat.com
[    3.857548] intel_pstate: CPU model not supported
[    3.858082] sdhci: Secure Digital Host Controller Interface driver
[    3.858500] sdhci: Copyright(c) Pierre Ossman
[    3.858894] sdhci-pltfm: SDHCI platform and OF driver helper
[    3.859671] ledtrig-cpu: registered to indicate activity on CPUs
[    3.860518] drop_monitor: Initializing network drop monitor service
[    3.861361] NET: Registered PF_INET6 protocol family
[    3.867545] Segment Routing with IPv6
[    3.867866] In-situ OAM (IOAM) with IPv6
[    3.868222] NET: Registered PF_PACKET protocol family
[    3.868839] 9pnet: Installing 9P2000 support
[    3.869369] Key type dns_resolver registered
[    3.871432] IPI shorthand broadcast: enabled
[    3.943628] sched_clock: Marking stable (3928007758, 13044774)->(3958518539, -17466007)
[    3.945412] registered taskstats version 1
[    3.946620] Loading compiled-in X.509 certificates
[    3.975628] Key type .fscrypt registered
[    3.976138] Key type fscrypt-provisioning registered
[    3.979724] Key type encrypted registered
[    3.980171] ima: No TPM chip found, activating TPM-bypass!
[    3.980580] ima: Allocated hash algorithm: sha1
[    3.980989] ima: No architecture policies found
[    3.981422] evm: Initialising EVM extended attributes:
[    3.981780] evm: security.selinux
[    3.982018] evm: security.SMACK64
[    3.982252] evm: security.SMACK64EXEC
[    3.982513] evm: security.SMACK64TRANSMUTE
[    3.982804] evm: security.SMACK64MMAP
[    3.983065] evm: security.apparmor
[    3.983305] evm: security.ima
[    3.983519] evm: security.capability
[    3.983772] evm: HMAC attrs: 0x1
[    3.985973] PM:   Magic number: 5:43:991
[    3.987842] RAS: Correctable Errors collector initialized.
[    3.989890] clk: Disabling unused clocks
[    3.991000] md: Waiting for all devices to be available before autodetect
[    3.991315] md: If you don't use raid, use raid=noautodetect
[    3.991579] md: Autodetecting RAID arrays.
[    3.991787] md: autorun ...
[    3.991930] md: ... autorun DONE.
[    4.003453] EXT4-fs (sda): INFO: recovery required on readonly filesystem
[    4.003790] EXT4-fs (sda): write access will be enabled during recovery
[    4.198041] EXT4-fs (sda): recovery complete
[    4.206458] EXT4-fs (sda): mounted filesystem 088740a9-c8b4-422c-999d-a804eb68a4da ro with ordered data mode. Quota mode: none.
[    4.207202] VFS: Mounted root (ext4 filesystem) readonly on device 8:0.
[    4.208874] devtmpfs: mounted
[    4.221166] Freeing unused decrypted memory: 2036K
[    4.231444] Freeing unused kernel image (initmem) memory: 14592K
[    4.231808] Write protecting the kernel read-only data: 90112k
[    4.233129] Freeing unused kernel image (rodata/data gap) memory: 28K
[    4.284550] x86/mm: Checked W+X mappings: passed, no W+X pages found.
[    4.284904] Run /sbin/init as init process
[    4.553610] systemd[1]: systemd 252-15.el9 running in system mode (+PAM +AUDIT +SELINUX -APPARMOR +IMA +SMACK +SECCOMP +GCRYPT +GNUTLS +OPENSSL +ACL +BLKID +CURL +ELFUTILS -FIDO2 +IDN2 -IDN -IPTC +KMOD +LIBCRYPTSETUP +LIBFDISK +PCRE2 -PWQUALITY +P11KIT -QRENCODE +TPM2 +BZIP2 +LZ4 +XZ +ZLIB +ZSTD -BPF_FRAMEWORK +XKBCOMMON +UTMP +SYSVINIT default-hierarchy=unified)
[    4.555117] systemd[1]: Detected virtualization kvm.
[    4.555371] systemd[1]: Detected architecture x86-64.

Welcome to [0;31mCentOS Stream 9[0m!

[    4.560228] systemd[1]: Hostname set to <test>.
[    4.873601] systemd-rc-local-generator[116]: /etc/rc.d/rc.local is not marked executable, skipping.
[    5.239898] systemd[1]: Queued start job for default target Multi-User System.
[    5.255720] systemd[1]: Created slice Virtual Machine and Container Slice.
[[0;32m  OK  [0m] Created slice [0;1;39mVirtual Machine and Container Slice[0m.
[    5.259940] systemd[1]: Created slice Slice /system/getty.
[[0;32m  OK  [0m] Created slice [0;1;39mSlice /system/getty[0m.
[    5.262248] systemd[1]: Created slice Slice /system/modprobe.
[[0;32m  OK  [0m] Created slice [0;1;39mSlice /system/modprobe[0m.
[    5.264713] systemd[1]: Created slice Slice /system/serial-getty.
[[0;32m  OK  [0m] Created slice [0;1;39mSlice /system/serial-getty[0m.
[    5.267024] systemd[1]: Created slice Slice /system/sshd-keygen.
[[0;32m  OK  [0m] Created slice [0;1;39mSlice /system/sshd-keygen[0m.
[    5.269122] systemd[1]: Created slice User and Session Slice.
[[0;32m  OK  [0m] Created slice [0;1;39mUser and Session Slice[0m.
[    5.270308] systemd[1]: Started Forward Password Requests to Wall Directory Watch.
[[0;32m  OK  [0m] Started [0;1;39mForward Password R…uests to Wall Directory Watch[0m.
[    5.272316] systemd[1]: Set up automount Arbitrary Executable File Formats File System Automount Point.
[[0;32m  OK  [0m] Set up automount [0;1;39mArbitrary…s File System Automount Point[0m.
[    5.273514] systemd[1]: Reached target Local Integrity Protected Volumes.
[[0;32m  OK  [0m] Reached target [0;1;39mLocal Integrity Protected Volumes[0m.
[    5.274428] systemd[1]: Reached target Slice Units.
[[0;32m  OK  [0m] Reached target [0;1;39mSlice Units[0m.
[    5.275133] systemd[1]: Reached target Swaps.
[[0;32m  OK  [0m] Reached target [0;1;39mSwaps[0m.
[    5.275817] systemd[1]: Reached target Local Verity Protected Volumes.
[[0;32m  OK  [0m] Reached target [0;1;39mLocal Verity Protected Volumes[0m.
[    5.277163] systemd[1]: Listening on Device-mapper event daemon FIFOs.
[[0;32m  OK  [0m] Listening on [0;1;39mDevice-mapper event daemon FIFOs[0m.
[    5.279408] systemd[1]: Listening on LVM2 poll daemon socket.
[[0;32m  OK  [0m] Listening on [0;1;39mLVM2 poll daemon socket[0m.
[    5.280421] systemd[1]: multipathd control socket was skipped because of an unmet condition check (ConditionPathExists=/etc/multipath.conf).
[    5.323131] systemd[1]: Listening on RPCbind Server Activation Socket.
[[0;32m  OK  [0m] Listening on [0;1;39mRPCbind Server Activation Socket[0m.
[    5.324300] systemd[1]: Reached target RPC Port Mapper.
[[0;32m  OK  [0m] Reached target [0;1;39mRPC Port Mapper[0m.
[    5.327608] systemd[1]: Listening on Process Core Dump Socket.
[[0;32m  OK  [0m] Listening on [0;1;39mProcess Core Dump Socket[0m.
[    5.328798] systemd[1]: Listening on initctl Compatibility Named Pipe.
[[0;32m  OK  [0m] Listening on [0;1;39minitctl Compatibility Named Pipe[0m.
[    5.330249] systemd[1]: Listening on Journal Socket (/dev/log).
[[0;32m  OK  [0m] Listening on [0;1;39mJournal Socket (/dev/log)[0m.
[    5.331756] systemd[1]: Listening on Journal Socket.
[[0;32m  OK  [0m] Listening on [0;1;39mJournal Socket[0m.
[    5.333310] systemd[1]: Listening on udev Control Socket.
[[0;32m  OK  [0m] Listening on [0;1;39mudev Control Socket[0m.
[    5.334533] systemd[1]: Listening on udev Kernel Socket.
[[0;32m  OK  [0m] Listening on [0;1;39mudev Kernel Socket[0m.
[    5.341251] systemd[1]: Mounting Huge Pages File System...
         Mounting [0;1;39mHuge Pages File System[0m...
[    5.347306] systemd[1]: Mounting POSIX Message Queue File System...
         Mounting [0;1;39mPOSIX Message Queue File System[0m...
[    5.353909] systemd[1]: Mounting Kernel Debug File System...
         Mounting [0;1;39mKernel Debug File System[0m...
[    5.360621] systemd[1]: Mounting Kernel Trace File System...
         Mounting [0;1;39mKernel Trace File System[0m...
[    5.361834] systemd[1]: Kernel Module supporting RPCSEC_GSS was skipped because of an unmet condition check (ConditionPathExists=/etc/krb5.keytab).
[    5.362656] systemd[1]: Create List of Static Device Nodes was skipped because of an unmet condition check (ConditionFileNotEmpty=/lib/modules/6.5.0-rc2-87dc2bb32918+/modules.devname).
[    5.370023] systemd[1]: Starting Monitoring of LVM2 mirrors, snapshots etc. using dmeventd or progress polling...
         Starting [0;1;39mMonitoring of LVM…meventd or progress polling[0m...
[    5.385929] systemd[1]: Starting Load Kernel Module configfs...
         Starting [0;1;39mLoad Kernel Module configfs[0m...
[    5.392443] systemd[1]: Starting Load Kernel Module drm...
         Starting [0;1;39mLoad Kernel Module drm[0m...
[    5.409437] systemd[1]: Starting Load Kernel Module fuse...
         Starting [0;1;39mLoad Kernel Module fuse[0m...
[    5.417839] systemd[1]: Starting Read and set NIS domainname from /etc/sysconfig/network...
         Starting [0;1;39mRead and set NIS …from /etc/sysconfig/network[0m...
[    5.430154] systemd[1]: Starting Journal Service...
         Starting [0;1;39mJournal Service[0m...
[    5.442745] systemd[1]: Starting Load Kernel Modules...
         Starting [0;1;39mLoad Kernel Modules[0m...
[    5.453657] systemd[1]: Starting Generate network units from Kernel command line...
         Starting [0;1;39mGenerate network …ts from Kernel command line[0m...
[    5.463198] systemd[1]: Starting Remount Root and Kernel File Systems...
         Starting [0;1;39mRemount Root and Kernel File Systems[0m...
[    5.465620] systemd[1]: Repartition Root Disk was skipped because no trigger condition checks were met.
[    5.521805] systemd[1]: Starting Coldplug All udev Devices...
         Starting [0;1;39mColdplug All udev Devices[0m...
[    5.552905] systemd[1]: Mounted Huge Pages File System.
[[0;32m  OK  [0m] Mounted [0;1;39mHuge Pages File System[0m.
[    5.562682] systemd[1]: Mounted POSIX Message Queue File System.
[[0;32m  OK  [0m] Mounted [0;1;39mPOSIX Message Queue File System[0m.
[    5.563998] systemd[1]: Mounted Kernel Debug File System.
[[0;32m  OK  [0m] Mounted [0;1;39mKernel Debug File System[0m.
[    5.565307] systemd[1]: Mounted Kernel Trace File System.
[[0;32m  OK  [0m] Mounted [0;1;39mKernel Trace File System[0m.
[    5.567591] systemd[1]: modprobe@configfs.service: Deactivated successfully.
[    5.580089] systemd[1]: Finished Load Kernel Module configfs.
[[0;32m  OK  [0m] Finished [0;1;39mLoad Kernel Module configfs[0m.
[    5.582940] systemd[1]: modprobe@drm.service: Deactivated successfully.
[    5.584619] systemd[1]: Finished Load Kernel Module drm.
[[0;32m  OK  [0m] Finished [0;1;39mLoad Kernel Module drm[0m.
[    5.590400] systemd[1]: modprobe@fuse.service: Deactivated successfully.
[    5.591531] systemd[1]: Finished Load Kernel Module fuse.
[[0;32m  OK  [0m] Finished [0;1;39mLoad Kernel Module fuse[0m.
[    5.594610] systemd[1]: Finished Read and set NIS domainname from /etc/sysconfig/network.
[[0;32m  OK  [0m] Finished [0;1;39mRead and set NIS …e from /etc/sysconfig/network[0m.
[    5.603085] systemd[1]: systemd-modules-load.service: Main process exited, code=exited, status=1/FAILURE
[    5.604208] systemd[1]: systemd-modules-load.service: Failed with result 'exit-code'.
[    5.606029] systemd[1]: Failed to start Load Kernel Modules.
[[0;1;31mFAILED[0m] Failed to start [0;1;39mLoad Kernel Modules[0m.
See 'systemctl status systemd-modules-load.service' for details.
[    5.613183] systemd[1]: Finished Generate network units from Kernel command line.
[[0;32m  OK  [0m] Finished [0;1;39mGenerate network units from Kernel command line[0m.
[    5.617262] systemd[1]: Finished Monitoring of LVM2 mirrors, snapshots etc. using dmeventd or progress polling.
[[0;32m  OK  [0m] Finished [0;1;39mMonitoring of LVM… dmeventd or progress polling[0m.
[    5.622255] systemd[1]: Reached target Preparation for Network.
[[0;32m  OK  [0m] Reached target [0;1;39mPreparation for Network[0m.
[    5.626650] EXT4-fs (sda): re-mounted 088740a9-c8b4-422c-999d-a804eb68a4da r/w. Quota mode: none.
[    5.649588] systemd[1]: Mounting FUSE Control File System...
         Mounting [0;1;39mFUSE Control File System[0m...
[    5.669510] systemd[1]: Mounting Kernel Configuration File System...
         Mounting [0;1;39mKernel Configuration File System[0m...
[    5.682445] systemd[1]: Starting Apply Kernel Variables...
         Starting [0;1;39mApply Kernel Variables[0m...
[    5.700947] systemd[1]: Started Journal Service.
[[0;32m  OK  [0m] Started [0;1;39mJournal Service[0m.
[[0;32m  OK  [0m] Finished [0;1;39mRemount Root and Kernel File Systems[0m.
[[0;32m  OK  [0m] Mounted [0;1;39mFUSE Control File System[0m.
[[0;32m  OK  [0m] Mounted [0;1;39mKernel Configuration File System[0m.
         Starting [0;1;39mFlush Journal to Persistent Storage[0m...
         Starting [0;1;39mLoad/Save Random Seed[0m...
         Starting [0;1;39mCreate Static Device Nodes in /dev[0m...
         Starting [0;1;39mSetup Virtual Console[0m...
[[0;32m  OK  [0m] Finished [0;1;39mApply Kernel Variables[0m.
[    5.852271] systemd-journald[137]: Received client request to flush runtime journal.
[[0;32m  OK  [0m] Finished [0;1;39mFlush Journal to Persistent Storage[0m.
[[0;32m  OK  [0m] Finished [0;1;39mLoad/Save Random Seed[0m.
[[0;32m  OK  [0m] Finished [0;1;39mCreate Static Device Nodes in /dev[0m.
         Starting [0;1;39mRule-based Manage…for Device Events and Files[0m...
[[0;32m  OK  [0m] Started [0;1;39mRule-based Manager for Device Events and Files[0m.
         Starting [0;1;39mAuto-connect to s…E devices found during boot[0m...
[[0;32m  OK  [0m] Finished [0;1;39mSetup Virtual Console[0m.
[[0;32m  OK  [0m] Finished [0;1;39mAuto-connect to s…VME devices found during boot[0m.
[[0;32m  OK  [0m] Finished [0;1;39mColdplug All udev Devices[0m.
[[0;32m  OK  [0m] Started [0;1;39mDispatch Password …ts to Console Directory Watch[0m.
[[0;32m  OK  [0m] Reached target [0;1;39mLocal Encrypted Volumes[0m.
[[0;32m  OK  [0m] Reached target [0;1;39mPath Units[0m.
         Starting [0;1;39mWait for udev To …plete Device Initialization[0m...
[[0;32m  OK  [0m] Found device [0;1;39m/dev/ttyS0[0m.
[[0;32m  OK  [0m] Listening on [0;1;39mLoad/Save RF …itch Status /dev/rfkill Watch[0m.
[[0;32m  OK  [0m] Finished [0;1;39mWait for udev To Complete Device Initialization[0m.
[[0;32m  OK  [0m] Reached target [0;1;39mPreparation for Local File Systems[0m.
[[0;32m  OK  [0m] Reached target [0;1;39mLocal File Systems[0m.
         Starting [0;1;39mTell Plymouth To Write Out Runtime Data[0m...
         Starting [0;1;39mAutomatic Boot Loader Update[0m...
         Starting [0;1;39mCreate Volatile Files and Directories[0m...
[[0;32m  OK  [0m] Finished [0;1;39mTell Plymouth To Write Out Runtime Data[0m.
[[0;32m  OK  [0m] Finished [0;1;39mAutomatic Boot Loader Update[0m.
[[0;32m  OK  [0m] Finished [0;1;39mCreate Volatile Files and Directories[0m.
         Mounting [0;1;39mRPC Pipe File System[0m...
         Starting [0;1;39mSecurity Auditing Service[0m...
         Starting [0;1;39mRPC Bind[0m...
[[0;32m  OK  [0m] Mounted [0;1;39mRPC Pipe File System[0m.
[[0;32m  OK  [0m] Reached target [0;1;39mrpc_pipefs.target[0m.
[[0;32m  OK  [0m] Started [0;1;39mRPC Bind[0m.
[[0;32m  OK  [0m] Started [0;1;39mSecurity Auditing Service[0m.
         Starting [0;1;39mRecord System Boot/Shutdown in UTMP[0m...
[[0;32m  OK  [0m] Finished [0;1;39mRecord System Boot/Shutdown in UTMP[0m.
[[0;32m  OK  [0m] Reached target [0;1;39mSystem Initialization[0m.
[[0;32m  OK  [0m] Started [0;1;39mDaily rotation of log files[0m.
[[0;32m  OK  [0m] Started [0;1;39mUpdates mlocate database every day[0m.
[[0;32m  OK  [0m] Started [0;1;39mDaily Cleanup of Temporary Directories[0m.
[[0;32m  OK  [0m] Started [0;1;39mdaily update of the root trust anchor for DNSSEC[0m.
[[0;32m  OK  [0m] Reached target [0;1;39mTimer Units[0m.
[[0;32m  OK  [0m] Listening on [0;1;39mD-Bus System Message Bus Socket[0m.
[[0;32m  OK  [0m] Listening on [0;1;39mOpen-iSCSI iscsid Socket[0m.
[[0;32m  OK  [0m] Listening on [0;1;39mOpen-iSCSI iscsiuio Socket[0m.
[[0;32m  OK  [0m] Listening on [0;1;39mSSSD Kerberos…ache Manager responder socket[0m.
[[0;32m  OK  [0m] Listening on [0;1;39mLibvirt interface local socket[0m.
[[0;32m  OK  [0m] Listening on [0;1;39mVirtual machine lock manager socket[0m.
[[0;32m  OK  [0m] Listening on [0;1;39mVirtual machine log manager socket[0m.
[[0;32m  OK  [0m] Listening on [0;1;39mLibvirt network local socket[0m.
[[0;32m  OK  [0m] Listening on [0;1;39mLibvirt nodedev local socket[0m.
[[0;32m  OK  [0m] Listening on [0;1;39mLibvirt nwfilter local socket[0m.
[[0;32m  OK  [0m] Listening on [0;1;39mLibvirt proxy local socket[0m.
[[0;32m  OK  [0m] Listening on [0;1;39mLibvirt qemu local socket[0m.
[[0;32m  OK  [0m] Listening on [0;1;39mLibvirt qemu admin socket[0m.
[[0;32m  OK  [0m] Listening on [0;1;39mLibvirt qemu local read-only socket[0m.
[[0;32m  OK  [0m] Listening on [0;1;39mLibvirt secret local socket[0m.
[[0;32m  OK  [0m] Listening on [0;1;39mLibvirt storage local socket[0m.
[[0;32m  OK  [0m] Reached target [0;1;39mSocket Units[0m.
         Starting [0;1;39mD-Bus System Message Bus[0m...
[[0;32m  OK  [0m] Started [0;1;39mD-Bus System Message Bus[0m.
[[0;32m  OK  [0m] Reached target [0;1;39mBasic System[0m.
[    8.474177] memfd_create() without MFD_EXEC nor MFD_NOEXEC_SEAL, pid=251 'dbus-broker-lau'
         Starting [0;1;39mNetwork Manager[0m...
         Starting [0;1;39mNTP client/server[0m...
         Starting [0;1;39mRestore /run/initramfs on shutdown[0m...
[[0;32m  OK  [0m] Started [0;1;39mirqbalance daemon[0m.
[[0;32m  OK  [0m] Started [0;1;39mlibstoragemgmt plug-in server daemon[0m.
[[0;32m  OK  [0m] Started [0;1;39mMachine Check Exception Logging Daemon[0m.
[[0;32m  OK  [0m] Reached target [0;1;39msshd-keygen.target[0m.
[[0;32m  OK  [0m] Reached target [0;1;39mUser and Group Name Lookups[0m.
         Starting [0;1;39mUser Login Management[0m...
         Starting [0;1;39mVirtual Machine a…tainer Registration Service[0m...
         Starting [0;1;39mupdate of the roo…NSSEC validation in unbound[0m...
         Starting [0;1;39mRotate log files[0m...
[[0;32m  OK  [0m] Started [0;1;39mUpdate a database for mlocate[0m.
[[0;32m  OK  [0m] Finished [0;1;39mRestore /run/initramfs on shutdown[0m.
[[0;32m  OK  [0m] Started [0;1;39mVirtual Machine an…ontainer Registration Service[0m.
[[0;32m  OK  [0m] Started [0;1;39mNTP client/server[0m.
         Starting [0;1;39mHostname Service[0m...
[[0;32m  OK  [0m] Started [0;1;39mUser Login Management[0m.
[[0;32m  OK  [0m] Finished [0;1;39mupdate of the roo… DNSSEC validation in unbound[0m.
[[0;32m  OK  [0m] Finished [0;1;39mRotate log files[0m.
[[0;32m  OK  [0m] Started [0;1;39mHostname Service[0m.
         Starting [0;1;39mNetwork Manager Script Dispatcher Service[0m...
[[0;32m  OK  [0m] Started [0;1;39mNetwork Manager Script Dispatcher Service[0m.
[    9.357349] e1000: eth0 NIC Link is Up 1000 Mbps Full Duplex, Flow Control: RX
[[0;32m  OK  [0m] Started [0;1;39mNetwork Manager[0m.
[[0;32m  OK  [0m] Reached target [0;1;39mNetwork[0m.
[[0;32m  OK  [0m] Reached target [0;1;39mNetwork is Online[0m.
         Starting [0;1;39mGSSAPI Proxy Daemon[0m...
         Starting [0;1;39mNotify NFS peers of a restart[0m...
         Starting [0;1;39mSystem Logging Service[0m...
         Starting [0;1;39mOpenSSH server daemon[0m...
         Starting [0;1;39mDynamic System Tuning Daemon[0m...
[[0;32m  OK  [0m] Started [0;1;39mNotify NFS peers of a restart[0m.
[[0;32m  OK  [0m] Started [0;1;39mGSSAPI Proxy Daemon[0m.
[[0;32m  OK  [0m] Reached target [0;1;39mNFS client services[0m.
[[0;32m  OK  [0m] Reached target [0;1;39mPreparation for Remote File Systems[0m.
[[0;32m  OK  [0m] Reached target [0;1;39mRemote File Systems[0m.
         Starting [0;1;39mPermit User Sessions[0m...
         Starting [0;1;39mVirtualization qemu daemon[0m...
[[0;32m  OK  [0m] Started [0;1;39mOpenSSH server daemon[0m.
[[0;32m  OK  [0m] Finished [0;1;39mPermit User Sessions[0m.
[[0;32m  OK  [0m] Started [0;1;39mDeferred execution scheduler[0m.
[[0;32m  OK  [0m] Started [0;1;39mCommand Scheduler[0m.
         Starting [0;1;39mHold until boot process finishes up[0m...
         Starting [0;1;39mTerminate Plymouth Boot Screen[0m...
[[0;32m  OK  [0m] Started [0;1;39mSystem Logging Service[0m.
[[0;32m  OK  [0m] Finished [0;1;39mHold until boot process finishes up[0m.
[[0;32m  OK  [0m] Started [0;1;39mGetty on tty1[0m.
[[0;32m  OK  [0m] Started [0;1;39mSerial Getty on ttyS0[0m.
[[0;32m  OK  [0m] Reached target [0;1;39mLogin Prompts[0m.
[[0;32m  OK  [0m] Finished [0;1;39mTerminate Plymouth Boot Screen[0m.
[[0;32m  OK  [0m] Started [0;1;39mVirtualization qemu daemon[0m.
         Starting [0;1;39mAuthorization Manager[0m...
[[0;32m  OK  [0m] Started [0;1;39mAuthorization Manager[0m.
[[0;32m  OK  [0m] Started [0;1;39mDynamic System Tuning Daemon[0m.
[[0;32m  OK  [0m] Reached target [0;1;39mMulti-User System[0m.
         Starting [0;1;39mRecord Runlevel Change in UTMP[0m...
[[0;32m  OK  [0m] Finished [0;1;39mRecord Runlevel Change in UTMP[0m.

CentOS Stream 9
Kernel 6.5.0-rc2-87dc2bb32918+ on an x86_64

Activate the web console with: systemctl enable --now cockpit.socket

test login: [   18.846272] ------------[ cut here ]------------
[   18.846519] verifier backtracking bug
[   18.846574] WARNING: CPU: 0 PID: 716 at kernel/bpf/verifier.c:3540 __mark_chain_precision+0x3e37/0x4100
[   18.847196] Modules linked in:
[   18.847358] CPU: 0 PID: 716 Comm: repro Not tainted 6.5.0-rc2-87dc2bb32918+ #1
[   18.847688] Hardware name: QEMU Standard PC (i440FX + PIIX, 1996), BIOS rel-1.16.0-0-gd239552ce722-prebuilt.qemu.org 04/01/2014
[   18.848198] RIP: 0010:__mark_chain_precision+0x3e37/0x4100
[   18.848457] Code: 05 31 ff 89 de e8 d9 a6 e2 ff 84 db 0f 85 59 cd ff ff e8 1c ac e2 ff 48 c7 c7 00 a0 93 85 c6 05 40 06 d6 05 01 e8 09 d7 a6 ff <0f> 0b 41 bc f2 ff ff ff e9 3f cd ff ff e8 27 fb 3f 00 e9 3f ef ff
[   18.849302] RSP: 0018:ffff88801b2bf4b0 EFLAGS: 00010286
[   18.849546] RAX: 0000000000000000 RBX: 0000000000000000 RCX: 0000000000000000
[   18.849862] RDX: ffff8880138c8000 RSI: ffffffff81236200 RDI: ffffffff812361f3
[   18.850191] RBP: ffff88801b2bf630 R08: 0000000000000001 R09: 0000000000000000
[   18.850516] R10: 0000000000000000 R11: 0000000000000001 R12: 0000000000000001
[   18.850845] R13: 0000000000000001 R14: 0000000000000400 R15: dffffc0000000000
[   18.851175] FS:  00007f3692e2f600(0000) GS:ffff88806c400000(0000) knlGS:0000000000000000
[   18.851542] CS:  0010 DS: 0000 ES: 0000 CR0: 0000000080050033
[   18.851810] CR2: 0000000000402010 CR3: 0000000017fe6003 CR4: 0000000000770ef0
[   18.852142] DR0: 0000000000000000 DR1: 0000000000000000 DR2: 0000000000000000
[   18.852471] DR3: 0000000000000000 DR6: 00000000ffff07f0 DR7: 0000000000000400
[   18.852799] PKRU: 55555554
[   18.852936] Call Trace:
[   18.853070]  <TASK>
[   18.853180]  ? show_regs+0x6e/0x80
[   18.853355]  ? __warn+0xef/0x340
[   18.853520]  ? find_bug+0x334/0x4c0
[   18.853706]  ? __mark_chain_precision+0x3e37/0x4100
[   18.853941]  ? report_bug+0x2cb/0x4b0
[   18.854126]  ? handle_bug+0x46/0x90
[   18.854301]  ? exc_invalid_op+0x1d/0x50
[   18.854487]  ? asm_exc_invalid_op+0x1f/0x30
[   18.854697]  ? __warn_printk+0x180/0x2e0
[   18.854888]  ? __warn_printk+0x173/0x2e0
[   18.855077]  ? __mark_chain_precision+0x3e37/0x4100
[   18.855323]  ? __pfx___mark_chain_precision+0x10/0x10
[   18.855559]  ? __pfx_verbose+0x10/0x10
[   18.855741]  ? __pfx_disasm_kfunc_name+0x10/0x10
[   18.855963]  ? __sanitizer_cov_trace_cmp8+0x1c/0x30
[   18.856200]  ? is_branch_taken+0x145/0x12a0
[   18.856406]  do_check_common+0xb8f0/0xc750
[   18.856607]  ? __this_cpu_preempt_check+0x21/0x30
[   18.856838]  ? kasan_quarantine_put+0xa2/0x200
[   18.857085]  ? __pfx_do_check_common+0x10/0x10
[   18.857305]  ? kfree+0x94/0x150
[   18.857470]  ? kvfree+0x5c/0x70
[   18.857632]  ? check_cfg+0x328/0x5b0
[   18.857813]  bpf_check+0x795b/0xc4c0
[   18.858006]  ? __pfx_bpf_check+0x10/0x10
[   18.858198]  ? __this_cpu_preempt_check+0x21/0x30
[   18.858426]  ? lock_release+0x417/0x7e0
[   18.858623]  ? __pfx_lock_release+0x10/0x10
[   18.858828]  ? ktime_get_with_offset+0x87/0x1d0
[   18.859053]  ? __this_cpu_preempt_check+0x21/0x30
[   18.859279]  ? seqcount_lockdep_reader_access.constprop.0+0xb4/0xd0
[   18.859574]  ? lockdep_hardirqs_on+0x8a/0x110
[   18.859784]  ? seqcount_lockdep_reader_access.constprop.0+0xb4/0xd0
[   18.860083]  ? __sanitizer_cov_trace_cmp4+0x1a/0x20
[   18.860310]  ? __sanitizer_cov_trace_const_cmp1+0x1e/0x30
[   18.860559]  ? bpf_obj_name_cpy+0x152/0x1b0
[   18.860759]  bpf_prog_load+0x1712/0x2300
[   18.860954]  ? __pfx_bpf_prog_load+0x10/0x10
[   18.861171]  ? __this_cpu_preempt_check+0x21/0x30
[   18.861392]  ? lock_release+0x417/0x7e0
[   18.861577]  ? __pfx_lock_release+0x10/0x10
[   18.861782]  ? security_bpf+0x9b/0xd0
[   18.861974]  __sys_bpf+0x13d5/0x5460
[   18.862152]  ? __pfx___sys_bpf+0x10/0x10
[   18.862341]  ? __this_cpu_preempt_check+0x21/0x30
[   18.862559]  ? lock_release+0x417/0x7e0
[   18.862745]  ? __pfx_lock_release+0x10/0x10
[   18.862950]  ? ktime_get_coarse_real_ts64+0x4d/0xf0
[   18.863182]  ? lockdep_hardirqs_on+0x8a/0x110
[   18.863394]  ? __audit_syscall_entry+0x39e/0x500
[   18.863619]  __x64_sys_bpf+0x7d/0xc0
[   18.863790]  ? syscall_enter_from_user_mode+0x53/0x70
[   18.864029]  do_syscall_64+0x3c/0x90
[   18.864207]  entry_SYSCALL_64_after_hwframe+0x6e/0xd8
[   18.864441] RIP: 0033:0x7f3692c3ee5d
[   18.864618] Code: ff c3 66 2e 0f 1f 84 00 00 00 00 00 90 f3 0f 1e fa 48 89 f8 48 89 f7 48 89 d6 48 89 ca 4d 89 c2 4d 89 c8 4c 8b 4c 24 08 0f 05 <48> 3d 01 f0 ff ff 73 01 c3 48 8b 0d 93 af 1b 00 f7 d8 64 89 01 48
[   18.865448] RSP: 002b:00007fff7c28d678 EFLAGS: 00000246 ORIG_RAX: 0000000000000141
[   18.865796] RAX: ffffffffffffffda RBX: 0000000000000000 RCX: 00007f3692c3ee5d
[   18.866143] RDX: 0000000000000090 RSI: 00000000200009c0 RDI: 0000000000000005
[   18.866463] RBP: 00007fff7c28d680 R08: 0000000000000000 R09: 0000000000000001
[   18.866781] R10: 00000000ffffffff R11: 0000000000000246 R12: 00007fff7c28d798
[   18.867107] R13: 0000000000401146 R14: 0000000000403e08 R15: 00007f3692e70000
[   18.867438]  </TASK>
[   18.867547] irq event stamp: 5531
[   18.867706] hardirqs last  enabled at (5539): [<ffffffff81408725>] __up_console_sem+0x95/0xb0
[   18.868097] hardirqs last disabled at (5546): [<ffffffff8140870a>] __up_console_sem+0x7a/0xb0
[   18.868487] softirqs last  enabled at (2940): [<ffffffff81253c08>] __irq_exit_rcu+0xa8/0x110
[   18.868883] softirqs last disabled at (2867): [<ffffffff81253c08>] __irq_exit_rcu+0xa8/0x110
[   18.869279] ---[ end trace 0000000000000000 ]---
