c[?7l[2J[0mSeaBIOS (version rel-1.16.0-0-gd239552ce722-prebuilt.qemu.org)


iPXE (http://ipxe.org) 00:03.0 CA00 PCI2.10 PnP PMM+7FF91000+7FEF1000 CA00
Press Ctrl-B to configure iPXE (PCI 00:03.0)...                                                                               


Booting from ROM...
c[?7l[2J[    0.000000] Linux version 5.11.0-f40ddce88593 (root@p-arls02) (gcc (GCC) 11.4.1 20231218 (Red Hat 11.4.1-3), GNU ld version 2.35.2-43.el9) #1 SMP Tue May 14 13:18:05 CST 2024
[    0.000000] Command line: console=ttyS0 root=/dev/sda earlyprintk=serial net.ifnames=0 plymouth.enable=0
[    0.000000] KERNEL supported cpus:
[    0.000000]   Intel GenuineIntel
[    0.000000]   AMD AuthenticAMD
[    0.000000]   Hygon HygonGenuine
[    0.000000]   Centaur CentaurHauls
[    0.000000]   zhaoxin   Shanghai  
[    0.000000] x86/fpu: Supporting XSAVE feature 0x001: 'x87 floating point registers'
[    0.000000] x86/fpu: Supporting XSAVE feature 0x002: 'SSE registers'
[    0.000000] x86/fpu: Supporting XSAVE feature 0x004: 'AVX registers'
[    0.000000] x86/fpu: Supporting XSAVE feature 0x200: 'Protection Keys User registers'
[    0.000000] x86/fpu: xstate_offset[2]:  576, xstate_sizes[2]:  256
[    0.000000] x86/fpu: xstate_offset[9]:  832, xstate_sizes[9]:    8
[    0.000000] x86/fpu: Enabled xstate features 0x207, context size is 840 bytes, using 'compacted' format.
[    0.000000] BIOS-provided physical RAM map:
[    0.000000] BIOS-e820: [mem 0x0000000000000000-0x000000000009fbff] usable
[    0.000000] BIOS-e820: [mem 0x000000000009fc00-0x000000000009ffff] reserved
[    0.000000] BIOS-e820: [mem 0x00000000000f0000-0x00000000000fffff] reserved
[    0.000000] BIOS-e820: [mem 0x0000000000100000-0x000000007ffdffff] usable
[    0.000000] BIOS-e820: [mem 0x000000007ffe0000-0x000000007fffffff] reserved
[    0.000000] BIOS-e820: [mem 0x00000000feffc000-0x00000000feffffff] reserved
[    0.000000] BIOS-e820: [mem 0x00000000fffc0000-0x00000000ffffffff] reserved
[    0.000000] printk: bootconsole [earlyser0] enabled
[    0.000000] NX (Execute Disable) protection: active
[    0.000000] SMBIOS 2.8 present.
[    0.000000] DMI: QEMU Standard PC (i440FX + PIIX, 1996), BIOS rel-1.16.0-0-gd239552ce722-prebuilt.qemu.org 04/01/2014
[    0.000000] Hypervisor detected: KVM
[    0.000000] kvm-clock: Using msrs 4b564d01 and 4b564d00
[    0.000000] kvm-clock: cpu 0, msr 8c01001, primary cpu clock
[    0.000000] kvm-clock: using sched offset of 983579107 cycles
[    0.000414] clocksource: kvm-clock: mask: 0xffffffffffffffff max_cycles: 0x1cd42e4dffb, max_idle_ns: 881590591483 ns
[    0.001596] tsc: Detected 1267.200 MHz processor
[    0.005134] last_pfn = 0x7ffe0 max_arch_pfn = 0x400000000
[    0.005640] x86/PAT: Configuration [0-7]: WB  WC  UC- UC  WB  WP  UC- WT  
[    0.014832] found SMP MP-table at [mem 0x000f5ba0-0x000f5baf]
[    0.015654] check: Scanning 1 areas for low memory corruption
[    0.016084] Using GB pages for direct mapping
[    0.017035] ACPI: Early table checksum verification disabled
[    0.017441] ACPI: RSDP 0x00000000000F59C0 000014 (v00 BOCHS )
[    0.017869] ACPI: RSDT 0x000000007FFE1951 000034 (v01 BOCHS  BXPC     00000001 BXPC 00000001)
[    0.018504] ACPI: FACP 0x000000007FFE17FD 000074 (v01 BOCHS  BXPC     00000001 BXPC 00000001)
[    0.019134] ACPI: DSDT 0x000000007FFE0040 0017BD (v01 BOCHS  BXPC     00000001 BXPC 00000001)
[    0.019768] ACPI: FACS 0x000000007FFE0000 000040
[    0.020113] ACPI: APIC 0x000000007FFE1871 000080 (v01 BOCHS  BXPC     00000001 BXPC 00000001)
[    0.020745] ACPI: HPET 0x000000007FFE18F1 000038 (v01 BOCHS  BXPC     00000001 BXPC 00000001)
[    0.021372] ACPI: WAET 0x000000007FFE1929 000028 (v01 BOCHS  BXPC     00000001 BXPC 00000001)
[    0.022390] No NUMA configuration found
[    0.022677] Faking a node at [mem 0x0000000000000000-0x000000007ffdffff]
[    0.023201] NODE_DATA(0) allocated [mem 0x7ffb5000-0x7ffdffff]
[    0.025120] Zone ranges:
[    0.025301]   DMA      [mem 0x0000000000001000-0x0000000000ffffff]
[    0.025752]   DMA32    [mem 0x0000000001000000-0x000000007ffdffff]
[    0.026200]   Normal   empty
[    0.026413]   Device   empty
[    0.026627] Movable zone start for each node
[    0.026941] Early memory node ranges
[    0.027207]   node   0: [mem 0x0000000000001000-0x000000000009efff]
[    0.027687]   node   0: [mem 0x0000000000100000-0x000000007ffdffff]
[    0.029191] Zeroed struct page in unavailable ranges: 130 pages
[    0.029198] Initmem setup node 0 [mem 0x0000000000001000-0x000000007ffdffff]
[    0.743594] kasan: KernelAddressSanitizer initialized
[    0.744292] ACPI: PM-Timer IO Port: 0x608
[    0.744620] ACPI: LAPIC_NMI (acpi_id[0xff] dfl dfl lint[0x1])
[    0.745100] IOAPIC[0]: apic_id 0, version 17, address 0xfec00000, GSI 0-23
[    0.745670] ACPI: INT_SRC_OVR (bus 0 bus_irq 0 global_irq 2 dfl dfl)
[    0.746150] ACPI: INT_SRC_OVR (bus 0 bus_irq 5 global_irq 5 high level)
[    0.746647] ACPI: INT_SRC_OVR (bus 0 bus_irq 9 global_irq 9 high level)
[    0.747138] ACPI: INT_SRC_OVR (bus 0 bus_irq 10 global_irq 10 high level)
[    0.747662] ACPI: INT_SRC_OVR (bus 0 bus_irq 11 global_irq 11 high level)
[    0.748193] Using ACPI (MADT) for SMP configuration information
[    0.748643] ACPI: HPET id: 0x8086a201 base: 0xfed00000
[    0.749040] TSC deadline timer available
[    0.749341] smpboot: Allowing 2 CPUs, 0 hotplug CPUs
[    0.749740] kvm-guest: KVM setup pv remote TLB flush
[    0.750134] kvm-guest: setup PV sched yield
[    0.750499] PM: hibernation: Registered nosave memory: [mem 0x00000000-0x00000fff]
[    0.751064] PM: hibernation: Registered nosave memory: [mem 0x0009f000-0x0009ffff]
[    0.751616] PM: hibernation: Registered nosave memory: [mem 0x000a0000-0x000effff]
[    0.752178] PM: hibernation: Registered nosave memory: [mem 0x000f0000-0x000fffff]
[    0.752748] [mem 0x80000000-0xfeffbfff] available for PCI devices
[    0.753208] Booting paravirtualized kernel on KVM
[    0.753568] clocksource: refined-jiffies: mask: 0xffffffff max_cycles: 0xffffffff, max_idle_ns: 7645519600211568 ns
[    0.754365] setup_percpu: NR_CPUS:8192 nr_cpumask_bits:2 nr_cpu_ids:2 nr_node_ids:1
[    0.757086] percpu: Embedded 66 pages/cpu s233472 r8192 d28672 u1048576
[    0.757734] kvm-guest: KVM setup async PF for cpu 0
[    0.758095] kvm-guest: stealtime: cpu 0, msr 5e038080
[    0.758475] kvm-guest: PV spinlocks enabled
[    0.758799] PV qspinlock hash table entries: 256 (order: 0, 4096 bytes, linear)
[    0.759363] Built 1 zonelists, mobility grouping on.  Total pages: 515945
[    0.759875] Policy zone: DMA32
[    0.760103] Kernel command line: net.ifnames=0 console=ttyS0 root=/dev/sda earlyprintk=serial net.ifnames=0 plymouth.enable=0
[    0.762828] Dentry cache hash table entries: 262144 (order: 9, 2097152 bytes, linear)
[    0.764680] Inode-cache hash table entries: 131072 (order: 8, 1048576 bytes, linear)
[    0.765385] mem auto-init: stack:off, heap alloc:off, heap free:off
[    0.832600] Memory: 1410636K/2096632K available (63505K kernel code, 13696K rwdata, 13060K rodata, 3696K init, 31548K bss, 685740K reserved, 0K cma-reserved)
[    0.833694] random: get_random_u64 called from __kmem_cache_create+0x2e/0x570 with crng_init=0
[    0.834287] SLUB: HWalign=64, Order=0-3, MinObjects=0, CPUs=2, Nodes=1
[    0.835384] kmemleak: Kernel memory leak detector disabled
[    0.835846] ftrace: allocating 60925 entries in 238 pages
[    0.895760] ftrace: allocated 238 pages with 6 groups
[    0.896797] Running RCU self tests
[    0.897048] rcu: Hierarchical RCU implementation.
[    0.897380] rcu: 	RCU lockdep checking is enabled.
[    0.897739] rcu: 	RCU restricting CPUs from NR_CPUS=8192 to nr_cpu_ids=2.
[    0.898230] 	Trampoline variant of Tasks RCU enabled.
[    0.898600] 	Rude variant of Tasks RCU enabled.
[    0.898932] 	Tracing variant of Tasks RCU enabled.
[    0.899278] rcu: RCU calculated value of scheduler-enlistment delay is 25 jiffies.
[    0.899834] rcu: Adjusting geometry for rcu_fanout_leaf=16, nr_cpu_ids=2
[    0.914454] NR_IRQS: 524544, nr_irqs: 440, preallocated irqs: 16
[    0.921539] Console: colour VGA+ 80x25
[    0.921869] printk: console [ttyS0] enabled
[    0.921869] printk: console [ttyS0] enabled
[    0.922482] printk: bootconsole [earlyser0] disabled
[    0.922482] printk: bootconsole [earlyser0] disabled
[    0.923228] Lock dependency validator: Copyright (c) 2006 Red Hat, Inc., Ingo Molnar
[    0.923814] ... MAX_LOCKDEP_SUBCLASSES:  8
[    0.924129] ... MAX_LOCK_DEPTH:          48
[    0.924450] ... MAX_LOCKDEP_KEYS:        8192
[    0.924787] ... CLASSHASH_SIZE:          4096
[    0.925122] ... MAX_LOCKDEP_ENTRIES:     32768
[    0.925463] ... MAX_LOCKDEP_CHAINS:      65536
[    0.925803] ... CHAINHASH_SIZE:          32768
[    0.926141]  memory used by lock dependency info: 6365 kB
[    0.926560]  memory used for stack traces: 4224 kB
[    0.926926]  per task-struct memory footprint: 1920 bytes
[    0.927406] ACPI: Core revision 20201113
[    0.927998] clocksource: hpet: mask: 0xffffffff max_cycles: 0xffffffff, max_idle_ns: 19112604467 ns
[    0.928838] APIC: Switch to symmetric I/O mode setup
[    0.929377] x2apic enabled
[    0.929761] Switched APIC routing to physical x2apic.
[    0.930136] kvm-guest: setup PV IPIs
[    0.931180] ..TIMER: vector=0x30 apic1=0 pin1=2 apic2=-1 pin2=-1
[    0.931663] clocksource: tsc-early: mask: 0xffffffffffffffff max_cycles: 0x12441513526, max_idle_ns: 440795239872 ns
[    0.932475] Calibrating delay loop (skipped) preset value.. 2534.40 BogoMIPS (lpj=5068800)
[    0.936469] pid_max: default: 32768 minimum: 301
[    0.936960] LSM: Security Framework initializing
[    0.937324] Yama: becoming mindful.
[    0.937769] Mount-cache hash table entries: 4096 (order: 3, 32768 bytes, linear)
[    0.938369] Mountpoint-cache hash table entries: 4096 (order: 3, 32768 bytes, linear)
[    0.940089] x86/cpu: User Mode Instruction Prevention (UMIP) activated
[    0.940542] mce: CPU0: Thermal monitoring enabled (TM1)
[    0.940986] Last level iTLB entries: 4KB 0, 2MB 0, 4MB 0
[    0.941395] Last level dTLB entries: 4KB 0, 2MB 0, 4MB 0, 1GB 0
[    0.941861] Spectre V1 : Mitigation: usercopy/swapgs barriers and __user pointer sanitization
[    0.942508] Spectre V2 : Mitigation: Enhanced IBRS
[    0.942864] Spectre V2 : Spectre v2 / SpectreRSB mitigation: Filling RSB on context switch
[    0.943464] Spectre V2 : mitigation: Enabling conditional Indirect Branch Prediction Barrier
[    0.944468] Speculative Store Bypass: Mitigation: Speculative Store Bypass disabled via prctl and seccomp
[    0.945808] Freeing SMP alternatives memory: 48K
[    0.947800] smpboot: CPU0: Genuine Intel(R) 0000 @ (family: 0x6, model: 0xc6, stepping: 0x0)
[    0.948464] Performance Events: unsupported p6 CPU model 198 no PMU driver, software events only.
[    0.948464] rcu: Hierarchical SRCU implementation.
[    0.948735] NMI watchdog: Perf NMI watchdog permanently disabled
[    0.949430] smp: Bringing up secondary CPUs ...
[    0.950227] x86: Booting SMP configuration:
[    0.950548] .... node  #0, CPUs:      #1
[    0.017249] kvm-clock: cpu 1, msr 8c01041, secondary cpu clock
[    0.951452] kvm-guest: KVM setup async PF for cpu 1
[    0.951452] kvm-guest: stealtime: cpu 1, msr 5e138080
[    0.952570] smp: Brought up 1 node, 2 CPUs
[    0.952892] smpboot: Max logical packages: 1
[    0.953213] smpboot: Total of 2 processors activated (5068.80 BogoMIPS)
[    0.953821] devtmpfs: initialized
[    0.953821] x86/mm: Memory block size: 128MB
[    0.961057] clocksource: jiffies: mask: 0xffffffff max_cycles: 0xffffffff, max_idle_ns: 7645041785100000 ns
[    0.961273] futex hash table entries: 512 (order: 4, 65536 bytes, linear)
[    0.962156] pinctrl core: initialized pinctrl subsystem
[    0.965122] 
[    0.965255] *************************************************************
[    0.965757] **     NOTICE NOTICE NOTICE NOTICE NOTICE NOTICE NOTICE    **
[    0.966253] **                                                         **
[    0.966750] **  IOMMU DebugFS SUPPORT HAS BEEN ENABLED IN THIS KERNEL  **
[    0.967238] **                                                         **
[    0.967726] ** This means that this kernel is built to expose internal **
[    0.968228] ** IOMMU data structures, which may compromise security on **
[    0.968479] ** your system.                                            **
[    0.968961] **                                                         **
[    0.969449] ** If you see this message and you are not debugging the   **
[    0.969928] ** kernel, report this immediately to your vendor!         **
[    0.970414] **                                                         **
[    0.970899] **     NOTICE NOTICE NOTICE NOTICE NOTICE NOTICE NOTICE    **
[    0.971382] *************************************************************
[    0.971943] PM: RTC time: 12:38:34, date: 2025-04-15
[    0.973472] NET: Registered protocol family 16
[    0.974437] DMA: preallocated 256 KiB GFP_KERNEL pool for atomic allocations
[    0.974966] DMA: preallocated 256 KiB GFP_KERNEL|GFP_DMA pool for atomic allocations
[    0.975550] DMA: preallocated 256 KiB GFP_KERNEL|GFP_DMA32 pool for atomic allocations
[    0.976178] audit: initializing netlink subsys (disabled)
[    0.976602] audit: type=2000 audit(1744720715.387:1): state=initialized audit_enabled=0 res=1
[    0.978714] thermal_sys: Registered thermal governor 'fair_share'
[    0.978721] thermal_sys: Registered thermal governor 'bang_bang'
[    0.978721] thermal_sys: Registered thermal governor 'step_wise'
[    0.978721] thermal_sys: Registered thermal governor 'user_space'
[    0.978721] cpuidle: using governor ladder
[    0.978721] cpuidle: using governor menu
[    0.978837] ACPI: bus type PCI registered
[    0.979144] acpiphp: ACPI Hot Plug PCI Controller Driver version: 0.5
[    0.980112] PCI: Using configuration type 1 for base access
[    1.024648] HugeTLB registered 1.00 GiB page size, pre-allocated 0 pages
[    1.025024] HugeTLB registered 2.00 MiB page size, pre-allocated 0 pages
[    1.029195] ACPI: Added _OSI(Module Device)
[    1.029524] ACPI: Added _OSI(Processor Device)
[    1.029852] ACPI: Added _OSI(3.0 _SCP Extensions)
[    1.030199] ACPI: Added _OSI(Processor Aggregator Device)
[    1.030601] ACPI: Added _OSI(Linux-Dell-Video)
[    1.030937] ACPI: Added _OSI(Linux-Lenovo-NV-HDMI-Audio)
[    1.031328] ACPI: Added _OSI(Linux-HPI-Hybrid-Graphics)
[    1.041802] ACPI: 1 ACPI AML tables successfully acquired and loaded
[    1.047783] ACPI: Interpreter enabled
[    1.048187] ACPI: (supports S0 S3 S4 S5)
[    1.048529] ACPI: Using IOAPIC for interrupt routing
[    1.048937] PCI: Using host bridge windows from ACPI; if necessary, use "pci=nocrs" and report a bug
[    1.050496] ACPI: Enabled 2 GPEs in block 00 to 0F
[    1.076441] ACPI: PCI Root Bridge [PCI0] (domain 0000 [bus 00-ff])
[    1.076494] acpi PNP0A03:00: _OSC: OS supports [ASPM ClockPM Segments MSI EDR HPX-Type3]
[    1.077205] acpi PNP0A03:00: fail to add MMCONFIG information, can't access extended PCI configuration space under this bridge.
[    1.080847] acpiphp: Slot [3] registered
[    1.081252] acpiphp: Slot [4] registered
[    1.081638] acpiphp: Slot [5] registered
[    1.082037] acpiphp: Slot [6] registered
[    1.082421] acpiphp: Slot [7] registered
[    1.082802] acpiphp: Slot [8] registered
[    1.083180] acpiphp: Slot [9] registered
[    1.083582] acpiphp: Slot [10] registered
[    1.083966] acpiphp: Slot [11] registered
[    1.084360] acpiphp: Slot [12] registered
[    1.084560] acpiphp: Slot [13] registered
[    1.084968] acpiphp: Slot [14] registered
[    1.085353] acpiphp: Slot [15] registered
[    1.085738] acpiphp: Slot [16] registered
[    1.086136] acpiphp: Slot [17] registered
[    1.086546] acpiphp: Slot [18] registered
[    1.086934] acpiphp: Slot [19] registered
[    1.087322] acpiphp: Slot [20] registered
[    1.087703] acpiphp: Slot [21] registered
[    1.088132] acpiphp: Slot [22] registered
[    1.088515] acpiphp: Slot [23] registered
[    1.088900] acpiphp: Slot [24] registered
[    1.089283] acpiphp: Slot [25] registered
[    1.089683] acpiphp: Slot [26] registered
[    1.090076] acpiphp: Slot [27] registered
[    1.090461] acpiphp: Slot [28] registered
[    1.090887] acpiphp: Slot [29] registered
[    1.091393] acpiphp: Slot [30] registered
[    1.091784] acpiphp: Slot [31] registered
[    1.092134] PCI host bridge to bus 0000:00
[    1.092443] pci_bus 0000:00: root bus resource [io  0x0000-0x0cf7 window]
[    1.092478] pci_bus 0000:00: root bus resource [io  0x0d00-0xffff window]
[    1.092977] pci_bus 0000:00: root bus resource [mem 0x000a0000-0x000bffff window]
[    1.093864] pci_bus 0000:00: root bus resource [mem 0x80000000-0xfebfffff window]
[    1.094422] pci_bus 0000:00: root bus resource [mem 0x100000000-0x17fffffff window]
[    1.094984] pci_bus 0000:00: root bus resource [bus 00-ff]
[    1.095501] pci 0000:00:00.0: [8086:1237] type 00 class 0x060000
[    1.099077] pci 0000:00:01.0: [8086:7000] type 00 class 0x060100
[    1.100871] pci 0000:00:01.1: [8086:7010] type 00 class 0x010180
[    1.102721] pci 0000:00:01.1: reg 0x20: [io  0xc040-0xc04f]
[    1.103830] pci 0000:00:01.1: legacy IDE quirk: reg 0x10: [io  0x01f0-0x01f7]
[    1.104477] pci 0000:00:01.1: legacy IDE quirk: reg 0x14: [io  0x03f6]
[    1.104956] pci 0000:00:01.1: legacy IDE quirk: reg 0x18: [io  0x0170-0x0177]
[    1.105474] pci 0000:00:01.1: legacy IDE quirk: reg 0x1c: [io  0x0376]
[    1.106881] pci 0000:00:01.3: [8086:7113] type 00 class 0x068000
[    1.107615] pci 0000:00:01.3: quirk: [io  0x0600-0x063f] claimed by PIIX4 ACPI
[    1.108148] pci 0000:00:01.3: quirk: [io  0x0700-0x070f] claimed by PIIX4 SMB
[    1.109565] pci 0000:00:02.0: [1234:1111] type 00 class 0x030000
[    1.124838] pci 0000:00:02.0: reg 0x10: [mem 0xfd000000-0xfdffffff pref]
[    1.126964] pci 0000:00:02.0: reg 0x18: [mem 0xfebf0000-0xfebf0fff]
[    1.134628] pci 0000:00:02.0: reg 0x30: [mem 0xfebe0000-0xfebeffff pref]
[    1.139977] pci 0000:00:03.0: [8086:100e] type 00 class 0x020000
[    1.140666] pci 0000:00:03.0: reg 0x10: [mem 0xfebc0000-0xfebdffff]
[    1.141453] pci 0000:00:03.0: reg 0x14: [io  0xc000-0xc03f]
[    1.145894] pci 0000:00:03.0: reg 0x30: [mem 0xfeb80000-0xfebbffff pref]
[    1.160236] ACPI: PCI Interrupt Link [LNKA] (IRQs 5 *10 11)
[    1.161150] ACPI: PCI Interrupt Link [LNKB] (IRQs 5 *10 11)
[    1.162169] ACPI: PCI Interrupt Link [LNKC] (IRQs 5 10 *11)
[    1.163196] ACPI: PCI Interrupt Link [LNKD] (IRQs 5 10 *11)
[    1.163886] ACPI: PCI Interrupt Link [LNKS] (IRQs *9)
[    1.166772] iommu: Default domain type: Translated 
[    1.168603] pci 0000:00:02.0: vgaarb: setting as boot VGA device
[    1.169062] pci 0000:00:02.0: vgaarb: VGA device added: decodes=io+mem,owns=io+mem,locks=none
[    1.169682] pci 0000:00:02.0: vgaarb: bridge control possible
[    1.170107] vgaarb: loaded
[    1.173339] SCSI subsystem initialized
[    1.173681] ACPI: bus type USB registered
[    1.173681] usbcore: registered new interface driver usbfs
[    1.173945] usbcore: registered new interface driver hub
[    1.174415] usbcore: registered new device driver usb
[    1.175107] pps_core: LinuxPPS API ver. 1 registered
[    1.175470] pps_core: Software ver. 5.3.6 - Copyright 2005-2007 Rodolfo Giometti <giometti@linux.it>
[    1.176529] PTP clock support registered
[    1.176964] EDAC MC: Ver: 3.0.0
[    1.182018] NetLabel: Initializing
[    1.182275] NetLabel:  domain hash size = 128
[    1.182597] NetLabel:  protocols = UNLABELED CIPSOv4 CALIPSO
[    1.183183] NetLabel:  unlabeled traffic allowed by default
[    1.183726] PCI: Using ACPI for IRQ routing
[    1.184937] hpet0: at MMIO 0xfed00000, IRQs 2, 8, 0
[    1.185028] hpet0: 3 comparators, 64-bit 100.000000 MHz counter
[    1.188649] clocksource: Switched to clocksource kvm-clock
[    1.323455] VFS: Disk quotas dquot_6.6.0
[    1.323888] VFS: Dquot-cache hash table entries: 512 (order 0, 4096 bytes)
[    1.325080] pnp: PnP ACPI init
[    1.328195] pnp: PnP ACPI: found 6 devices
[    1.342223] clocksource: acpi_pm: mask: 0xffffff max_cycles: 0xffffff, max_idle_ns: 2085701024 ns
[    1.343370] NET: Registered protocol family 2
[    2.548351] tcp_listen_portaddr_hash hash table entries: 1024 (order: 4, 81920 bytes, linear)
[    2.549230] TCP established hash table entries: 16384 (order: 5, 131072 bytes, linear)
[    2.550244] TCP bind hash table entries: 16384 (order: 8, 1179648 bytes, linear)
[    2.553128] TCP: Hash tables configured (established 16384 bind 16384)
[    2.554042] UDP hash table entries: 1024 (order: 5, 163840 bytes, linear)
[    2.555092] UDP-Lite hash table entries: 1024 (order: 5, 163840 bytes, linear)
[    2.556184] NET: Registered protocol family 1
[    2.559158] RPC: Registered named UNIX socket transport module.
[    2.560222] RPC: Registered udp transport module.
[    2.561099] RPC: Registered tcp transport module.
[    2.561930] RPC: Registered tcp NFSv4.1 backchannel transport module.
[    2.563108] pci_bus 0000:00: resource 4 [io  0x0000-0x0cf7 window]
[    2.564187] pci_bus 0000:00: resource 5 [io  0x0d00-0xffff window]
[    2.565312] pci_bus 0000:00: resource 6 [mem 0x000a0000-0x000bffff window]
[    2.566521] pci_bus 0000:00: resource 7 [mem 0x80000000-0xfebfffff window]
[    2.567722] pci_bus 0000:00: resource 8 [mem 0x100000000-0x17fffffff window]
[    2.569562] pci 0000:00:01.0: PIIX3: Enabling Passive Release
[    2.570601] pci 0000:00:00.0: Limiting direct PCI/PCI transfers
[    2.571668] pci 0000:00:01.0: Activating ISA DMA hang workarounds
[    2.572910] pci 0000:00:02.0: Video device with shadowed ROM at [mem 0x000c0000-0x000dffff]
[    2.574404] PCI: CLS 0 bytes, default 64
[    2.576682] clocksource: tsc: mask: 0xffffffffffffffff max_cycles: 0x12441513526, max_idle_ns: 440795239872 ns
[    2.581909] check: Scanning for low memory corruption every 60 seconds
[    2.609465] Initialise system trusted keyrings
[    2.610002] Key type blacklist registered
[    2.611118] workingset: timestamp_bits=36 max_order=19 bucket_order=0
[    2.626157] zbud: loaded
[    2.630926] squashfs: version 4.0 (2009/01/31) Phillip Lougher
[    2.636103] NFS: Registering the id_resolver key type
[    2.636605] Key type id_resolver registered
[    2.636950] Key type id_legacy registered
[    2.637453] nfs4filelayout_init: NFSv4 File Layout Driver Registering...
[    2.638487] fuse: init (API version 7.33)
[    2.639521] SGI XFS with ACLs, security attributes, realtime, quota, no debug enabled
[    2.643494] 9p: Installing v9fs 9p2000 file system support
[    2.652252] Key type asymmetric registered
[    2.652661] Asymmetric key parser 'x509' registered
[    2.653163] Block layer SCSI generic (bsg) driver version 0.4 loaded (major 244)
[    2.654400] io scheduler mq-deadline registered
[    2.655159] io scheduler bfq registered
[    2.657157] shpchp: Standard Hot Plug PCI Controller Driver version: 0.4
[    2.658348] IPMI message handler: version 39.2
[    2.658797] ipmi device interface
[    2.660823] input: Power Button as /devices/LNXSYSTM:00/LNXPWRBN:00/input/input0
[    2.661892] ACPI: Power Button [PWRF]
[    2.663891] ERST DBG: ERST support is disabled.
[    2.665544] Serial: 8250/16550 driver, 32 ports, IRQ sharing enabled
[    2.667132] 00:04: ttyS0 at I/O 0x3f8 (irq = 4, base_baud = 115200) is a 16550A
[    2.689835] Linux agpgart interface v0.103
[    2.711435] brd: module loaded
[    2.727884] loop: module loaded
[    2.736942] scsi host0: ata_piix
[    2.739263] scsi host1: ata_piix
[    2.739803] ata1: PATA max MWDMA2 cmd 0x1f0 ctl 0x3f6 bmdma 0xc040 irq 14
[    2.740337] ata2: PATA max MWDMA2 cmd 0x170 ctl 0x376 bmdma 0xc048 irq 15
[    2.742012] libphy: Fixed MDIO Bus: probed
[    2.743193] tun: Universal TUN/TAP device driver, 1.6
[    2.744419] e100: Intel(R) PRO/100 Network Driver
[    2.744928] e100: Copyright(c) 1999-2006 Intel Corporation
[    2.745449] e1000: Intel(R) PRO/1000 Network Driver
[    2.745842] e1000: Copyright (c) 1999-2006 Intel Corporation.
[    2.901447] ata1.00: ATA-7: QEMU HARDDISK, 2.5+, max UDMA/100
[    2.901927] ata1.00: 17196647 sectors, multi 16: LBA48 
[    2.903028] ata2.00: ATAPI: QEMU DVD-ROM, 2.5+, max UDMA/100
[    2.904696] scsi 0:0:0:0: Direct-Access     ATA      QEMU HARDDISK    2.5+ PQ: 0 ANSI: 5
[    2.906612] scsi 0:0:0:0: Attached scsi generic sg0 type 0
[    2.908390] scsi 1:0:0:0: CD-ROM            QEMU     QEMU DVD-ROM     2.5+ PQ: 0 ANSI: 5
[    2.910177] scsi 1:0:0:0: Attached scsi generic sg1 type 5
[    2.911397] sd 0:0:0:0: [sda] 17196647 512-byte logical blocks: (8.80 GB/8.20 GiB)
[    2.912116] sd 0:0:0:0: [sda] Write Protect is off
[    2.912597] sd 0:0:0:0: [sda] Write cache: enabled, read cache: enabled, doesn't support DPO or FUA
[    2.918180] sd 0:0:0:0: [sda] Attached SCSI disk
[    3.264584] PCI Interrupt Link [LNKC] enabled at IRQ 11
[    3.591946] e1000 0000:00:03.0 eth0: (PCI:33MHz:32-bit) 52:54:00:12:34:56
[    3.592589] e1000 0000:00:03.0 eth0: Intel(R) PRO/1000 Network Connection
[    3.593305] e1000e: Intel(R) PRO/1000 Network Driver
[    3.593694] e1000e: Copyright(c) 1999 - 2015 Intel Corporation.
[    3.594249] igb: Intel(R) Gigabit Ethernet Network Driver
[    3.594668] igb: Copyright (c) 2007-2014 Intel Corporation.
[    3.595305] PPP generic driver version 2.4.2
[    3.597183] VFIO - User Level meta-driver version: 0.3
[    3.597794] ehci_hcd: USB 2.0 'Enhanced' Host Controller (EHCI) Driver
[    3.598314] ehci-pci: EHCI PCI platform driver
[    3.598716] ehci-platform: EHCI generic platform driver
[    3.599146] ohci_hcd: USB 1.1 'Open' Host Controller (OHCI) Driver
[    3.599621] ohci-pci: OHCI PCI platform driver
[    3.600010] ohci-platform: OHCI generic platform driver
[    3.600463] uhci_hcd: USB Universal Host Controller Interface driver
[    3.602122] usbcore: registered new interface driver uas
[    3.602708] usbcore: registered new interface driver usb-storage
[    3.603391] i8042: PNP: PS/2 Controller [PNP0303:KBD,PNP0f13:MOU] at 0x60,0x64 irq 1,12
[    3.605295] serio: i8042 KBD port at 0x60,0x64 irq 1
[    3.605799] serio: i8042 AUX port at 0x60,0x64 irq 12
[    3.607540] mousedev: PS/2 mouse device common for all mice
[    3.610008] input: AT Translated Set 2 keyboard as /devices/platform/i8042/serio0/input/input1
[    3.611732] rtc_cmos 00:05: RTC can wake from S4
[    3.612677] input: VirtualPS/2 VMware VMMouse as /devices/platform/i8042/serio1/input/input4
[    3.614584] input: VirtualPS/2 VMware VMMouse as /devices/platform/i8042/serio1/input/input3
[    3.616099] rtc_cmos 00:05: registered as rtc0
[    3.616530] rtc_cmos 00:05: setting system clock to 2025-04-15T12:38:37 UTC (1744720717)
[    3.617326] rtc_cmos 00:05: alarms up to one day, y3k, 242 bytes nvram, hpet irqs
[    3.617966] i2c /dev entries driver
[    3.618505] device-mapper: uevent: version 1.0.3
[    3.619730] device-mapper: ioctl: 4.43.0-ioctl (2020-10-01) initialised: dm-devel@redhat.com
[    3.620389] intel_pstate: CPU model not supported
[    3.620972] sdhci: Secure Digital Host Controller Interface driver
[    3.621444] sdhci: Copyright(c) Pierre Ossman
[    3.621881] sdhci-pltfm: SDHCI platform and OF driver helper
[    3.622839] ledtrig-cpu: registered to indicate activity on CPUs
[    3.623624] drop_monitor: Initializing network drop monitor service
[    3.625166] NET: Registered protocol family 10
[    3.631708] Segment Routing with IPv6
[    3.632074] NET: Registered protocol family 17
[    3.632854] 9pnet: Installing 9P2000 support
[    3.633304] Key type dns_resolver registered
[    3.634970] IPI shorthand broadcast: enabled
[    3.635446] sched_clock: Marking stable (3621464166, 13249234)->(3640499225, -5785825)
[    3.636451] registered taskstats version 1
[    3.636889] Loading compiled-in X.509 certificates
[    3.638064] zswap: loaded using pool lzo/zbud
[    3.640684] Key type ._fscrypt registered
[    3.641022] Key type .fscrypt registered
[    3.641322] Key type fscrypt-provisioning registered
[    3.643598] Key type encrypted registered
[    3.643997] ima: No TPM chip found, activating TPM-bypass!
[    3.644427] ima: Allocated hash algorithm: sha1
[    3.644936] ima: No architecture policies found
[    3.645403] evm: Initialising EVM extended attributes:
[    3.645793] evm: security.selinux
[    3.646046] evm: security.SMACK64
[    3.646298] evm: security.SMACK64EXEC
[    3.646575] evm: security.SMACK64TRANSMUTE
[    3.646887] evm: security.SMACK64MMAP
[    3.647164] evm: security.apparmor
[    3.647426] evm: security.ima
[    3.647652] evm: security.capability
[    3.647925] evm: HMAC attrs: 0x1
[    3.652363] PM:   Magic number: 5:966:632
[    3.653811] RAS: Correctable Errors collector initialized.
[    3.655420] md: Waiting for all devices to be available before autodetect
[    3.655986] md: If you don't use raid, use raid=noautodetect
[    3.656421] md: Autodetecting RAID arrays.
[    3.656829] md: autorun ...
[    3.657052] md: ... autorun DONE.
[    3.672762] EXT4-fs (sda): INFO: recovery required on readonly filesystem
[    3.673318] EXT4-fs (sda): write access will be enabled during recovery
[    3.805916] random: fast init done
[    3.840564] EXT4-fs (sda): recovery complete
[    3.847054] EXT4-fs (sda): mounted filesystem with ordered data mode. Opts: (null). Quota mode: none.
[    3.848032] VFS: Mounted root (ext4 filesystem) readonly on device 8:0.
[    3.849830] devtmpfs: mounted
[    3.860853] Freeing unused decrypted memory: 2036K
[    3.864112] Freeing unused kernel image (initmem) memory: 3696K
[    3.864678] Write protecting the kernel read-only data: 79872k
[    3.868736] Freeing unused kernel image (text/rodata gap) memory: 2028K
[    3.870885] Freeing unused kernel image (rodata/data gap) memory: 1276K
[    3.927992] x86/mm: Checked W+X mappings: passed, no W+X pages found.
[    3.928574] Run /sbin/init as init process
[    4.227482] systemd[1]: systemd 252-15.el9 running in system mode (+PAM +AUDIT +SELINUX -APPARMOR +IMA +SMACK +SECCOMP +GCRYPT +GNUTLS +OPENSSL +ACL +BLKID +CURL +ELFUTILS -FIDO2 +IDN2 -IDN -IPTC +KMOD +LIBCRYPTSETUP +LIBFDISK +PCRE2 -PWQUALITY +P11KIT -QRENCODE +TPM2 +BZIP2 +LZ4 +XZ +ZLIB +ZSTD -BPF_FRAMEWORK +XKBCOMMON +UTMP +SYSVINIT default-hierarchy=unified)
[    4.229913] systemd[1]: Detected virtualization kvm.
[    4.230310] systemd[1]: Detected architecture x86-64.

Welcome to [0;31mCentOS Stream 9[0m!

[    4.235954] systemd[1]: Hostname set to <test>.
[    4.352725] systemd-rc-local-generator[153]: /etc/rc.d/rc.local is not marked executable, skipping.
[    4.815873] systemd[1]: Queued start job for default target Multi-User System.
[    4.821146] systemd[1]: Created slice Virtual Machine and Container Slice.
[[0;32m  OK  [0m] Created slice [0;1;39mVirtual Machine and Container Slice[0m.
[    4.826007] systemd[1]: Created slice Slice /system/getty.
[[0;32m  OK  [0m] Created slice [0;1;39mSlice /system/getty[0m.
[    4.829761] systemd[1]: Created slice Slice /system/modprobe.
[[0;32m  OK  [0m] Created slice [0;1;39mSlice /system/modprobe[0m.
[    4.832247] systemd[1]: Created slice Slice /system/serial-getty.
[[0;32m  OK  [0m] Created slice [0;1;39mSlice /system/serial-getty[0m.
[    4.834764] systemd[1]: Created slice Slice /system/sshd-keygen.
[[0;32m  OK  [0m] Created slice [0;1;39mSlice /system/sshd-keygen[0m.
[    4.837274] systemd[1]: Created slice User and Session Slice.
[[0;32m  OK  [0m] Created slice [0;1;39mUser and Session Slice[0m.
[    4.838783] systemd[1]: Started Forward Password Requests to Wall Directory Watch.
[[0;32m  OK  [0m] Started [0;1;39mForward Password R…uests to Wall Directory Watch[0m.
[    4.841280] systemd[1]: Set up automount Arbitrary Executable File Formats File System Automount Point.
[[0;32m  OK  [0m] Set up automount [0;1;39mArbitrary…s File System Automount Point[0m.
[    4.842991] systemd[1]: Reached target Local Integrity Protected Volumes.
[[0;32m  OK  [0m] Reached target [0;1;39mLocal Integrity Protected Volumes[0m.
[    4.844307] systemd[1]: Reached target Slice Units.
[[0;32m  OK  [0m] Reached target [0;1;39mSlice Units[0m.
[    4.845613] systemd[1]: Reached target Swaps.
[[0;32m  OK  [0m] Reached target [0;1;39mSwaps[0m.
[    4.846601] systemd[1]: Reached target Local Verity Protected Volumes.
[[0;32m  OK  [0m] Reached target [0;1;39mLocal Verity Protected Volumes[0m.
[    4.848181] systemd[1]: Listening on Device-mapper event daemon FIFOs.
[[0;32m  OK  [0m] Listening on [0;1;39mDevice-mapper event daemon FIFOs[0m.
[    4.850162] systemd[1]: Listening on LVM2 poll daemon socket.
[[0;32m  OK  [0m] Listening on [0;1;39mLVM2 poll daemon socket[0m.
[    4.852369] systemd[1]: multipathd control socket was skipped because of an unmet condition check (ConditionPathExists=/etc/multipath.conf).
[    4.873660] systemd[1]: Listening on RPCbind Server Activation Socket.
[[0;32m  OK  [0m] Listening on [0;1;39mRPCbind Server Activation Socket[0m.
[    4.875273] systemd[1]: Reached target RPC Port Mapper.
[[0;32m  OK  [0m] Reached target [0;1;39mRPC Port Mapper[0m.
[    4.878470] systemd[1]: Listening on Process Core Dump Socket.
[[0;32m  OK  [0m] Listening on [0;1;39mProcess Core Dump Socket[0m.
[    4.879908] systemd[1]: Listening on initctl Compatibility Named Pipe.
[[0;32m  OK  [0m] Listening on [0;1;39minitctl Compatibility Named Pipe[0m.
[    4.881747] systemd[1]: Listening on Journal Socket (/dev/log).
[[0;32m  OK  [0m] Listening on [0;1;39mJournal Socket (/dev/log)[0m.
[    4.883483] systemd[1]: Listening on Journal Socket.
[[0;32m  OK  [0m] Listening on [0;1;39mJournal Socket[0m.
[    4.885548] systemd[1]: Listening on udev Control Socket.
[[0;32m  OK  [0m] Listening on [0;1;39mudev Control Socket[0m.
[    4.887068] systemd[1]: Listening on udev Kernel Socket.
[[0;32m  OK  [0m] Listening on [0;1;39mudev Kernel Socket[0m.
[    4.892773] systemd[1]: Mounting Huge Pages File System...
         Mounting [0;1;39mHuge Pages File System[0m...
[    4.899889] systemd[1]: Mounting POSIX Message Queue File System...
         Mounting [0;1;39mPOSIX Message Queue File System[0m...
[    4.905685] systemd[1]: Mounting Kernel Debug File System...
         Mounting [0;1;39mKernel Debug File System[0m...
[    4.911537] systemd[1]: Mounting Kernel Trace File System...
         Mounting [0;1;39mKernel Trace File System[0m...
[    4.918488] systemd[1]: Kernel Module supporting RPCSEC_GSS was skipped because of an unmet condition check (ConditionPathExists=/etc/krb5.keytab).
[    4.919524] systemd[1]: Create List of Static Device Nodes was skipped because of an unmet condition check (ConditionFileNotEmpty=/lib/modules/5.11.0-f40ddce88593/modules.devname).
[    4.924995] systemd[1]: Starting Monitoring of LVM2 mirrors, snapshots etc. using dmeventd or progress polling...
         Starting [0;1;39mMonitoring of LVM…meventd or progress polling[0m...
[    4.930751] systemd[1]: Starting Load Kernel Module configfs...
         Starting [0;1;39mLoad Kernel Module configfs[0m...
[    4.936021] systemd[1]: Starting Load Kernel Module drm...
         Starting [0;1;39mLoad Kernel Module drm[0m...
[    4.941955] systemd[1]: Starting Load Kernel Module fuse...
         Starting [0;1;39mLoad Kernel Module fuse[0m...
[    4.957669] systemd[1]: Starting Read and set NIS domainname from /etc/sysconfig/network...
         Starting [0;1;39mRead and set NIS …from /etc/sysconfig/network[0m...
[    4.968897] systemd[1]: Starting Journal Service...
         Starting [0;1;39mJournal Service[0m...
[    4.977133] systemd[1]: Starting Load Kernel Modules...
         Starting [0;1;39mLoad Kernel Modules[0m...
[    4.987314] systemd[1]: Starting Generate network units from Kernel command line...
         Starting [0;1;39mGenerate network …ts from Kernel command line[0m...
[    5.004351] systemd[1]: Starting Remount Root and Kernel File Systems...
         Starting [0;1;39mRemount Root and Kernel File Systems[0m...
[    5.007097] systemd[1]: Repartition Root Disk was skipped because no trigger condition checks were met.
[    5.010434] random: lvm: uninitialized urandom read (4 bytes read)
[    5.054346] systemd[1]: Starting Coldplug All udev Devices...
         Starting [0;1;39mColdplug All udev Devices[0m...
[    5.073421] systemd[1]: Mounted Huge Pages File System.
[[0;32m  OK  [0m] Mounted [0;1;39mHuge Pages File System[0m.
[    5.075886] EXT4-fs (sda): re-mounted. Opts: (null). Quota mode: none.
[    5.078959] systemd[1]: Mounted POSIX Message Queue File System.
[[0;32m  OK  [0m] Mounted [0;1;39mPOSIX Message Queue File System[0m.
[    5.088122] systemd[1]: Mounted Kernel Debug File System.
[[0;32m  OK  [0m] Mounted [0;1;39mKernel Debug File System[0m.
[    5.093252] systemd[1]: Mounted Kernel Trace File System.
[[0;32m  OK  [0m] Mounted [0;1;39mKernel Trace File System[0m.
[    5.095626] systemd[1]: modprobe@configfs.service: Deactivated successfully.
[    5.100594] systemd[1]: Finished Load Kernel Module configfs.
[[0;32m  OK  [0m] Finished [0;1;39mLoad Kernel Module configfs[0m.
[    5.106252] systemd[1]: modprobe@drm.service: Deactivated successfully.
[    5.108570] systemd[1]: Finished Load Kernel Module drm.
[[0;32m  OK  [0m] Finished [0;1;39mLoad Kernel Module drm[0m.
[    5.116092] systemd[1]: modprobe@fuse.service: Deactivated successfully.
[    5.121459] systemd[1]: Finished Load Kernel Module fuse.
[[0;32m  OK  [0m] Finished [0;1;39mLoad Kernel Module fuse[0m.
[    5.123801] systemd[1]: Finished Monitoring of LVM2 mirrors, snapshots etc. using dmeventd or progress polling.
[[0;32m  OK  [0m] Finished [0;1;39mMonitoring of LVM… dmeventd or progress polling[0m.
[    5.126473] systemd[1]: Finished Read and set NIS domainname from /etc/sysconfig/network.
[[0;32m  OK  [0m] Finished [0;1;39mRead and set NIS …e from /etc/sysconfig/network[0m.
[    5.128298] systemd[1]: systemd-modules-load.service: Main process exited, code=exited, status=1/FAILURE
[    5.130502] systemd[1]: systemd-modules-load.service: Failed with result 'exit-code'.
[    5.132907] systemd[1]: Failed to start Load Kernel Modules.
[[0;1;31mFAILED[0m] Failed to start [0;1;39mLoad Kernel Modules[0m.
See 'systemctl status systemd-modules-load.service' for details.
[    5.135812] systemd[1]: Finished Generate network units from Kernel command line.
[[0;32m  OK  [0m] Finished [0;1;39mGenerate network units from Kernel command line[0m.
[    5.138875] systemd[1]: Finished Remount Root and Kernel File Systems.
[[0;32m  OK  [0m] Finished [0;1;39mRemount Root and Kernel File Systems[0m.
[    5.141234] systemd[1]: Reached target Preparation for Network.
[[0;32m  OK  [0m] Reached target [0;1;39mPreparation for Network[0m.
[    5.147264] systemd[1]: Mounting FUSE Control File System...
         Mounting [0;1;39mFUSE Control File System[0m...
[    5.154661] systemd[1]: Mounting Kernel Configuration File System...
         Mounting [0;1;39mKernel Configuration File System[0m...
[    5.160783] systemd[1]: Special handling of early boot iSCSI sessions was skipped because of an unmet condition check (ConditionDirectoryNotEmpty=/sys/class/iscsi_session).
[    5.162135] systemd[1]: First Boot Wizard was skipped because of an unmet condition check (ConditionFirstBoot=yes).
[    5.169354] systemd[1]: Rebuild Hardware Database was skipped because of an unmet condition check (ConditionNeedsUpdate=/etc).
[    5.181428] systemd[1]: Starting Load/Save Random Seed...
         Starting [0;1;39mLoad/Save Random Seed[0m...
[    5.200083] systemd[1]: Starting Apply Kernel Variables...
         Starting [0;1;39mApply Kernel Variables[0m...
[    5.206936] systemd[1]: Create System Users was skipped because no trigger condition checks were met.
[    5.216368] systemd[1]: Starting Create Static Device Nodes in /dev...
         Starting [0;1;39mCreate Static Device Nodes in /dev[0m...
[    5.228731] systemd[1]: Starting Setup Virtual Console...
         Starting [0;1;39mSetup Virtual Console[0m...
[    5.249021] systemd[1]: Started Journal Service.
[[0;32m  OK  [0m] Started [0;1;39mJournal Service[0m.
[[0;32m  OK  [0m] Mounted [0;1;39mFUSE Control File System[0m.
[[0;32m  OK  [0m] Mounted [0;1;39mKernel Configuration File System[0m.
         Starting [0;1;39mFlush Journal to Persistent Storage[0m...
[[0;32m  OK  [0m] Finished [0;1;39mApply Kernel Variables[0m.
[    5.310425] systemd-journald[179]: Received client request to flush runtime journal.
[[0;32m  OK  [0m] Finished [0;1;39mFlush Journal to Persistent Storage[0m.
[[0;32m  OK  [0m] Finished [0;1;39mCreate Static Device Nodes in /dev[0m.
         Starting [0;1;39mRule-based Manage…for Device Events and Files[0m...
[[0;32m  OK  [0m] Started [0;1;39mRule-based Manager for Device Events and Files[0m.
         Starting [0;1;39mAuto-connect to s…E devices found during boot[0m...
[[0;32m  OK  [0m] Finished [0;1;39mAuto-connect to s…VME devices found during boot[0m.
[[0;32m  OK  [0m] Finished [0;1;39mSetup Virtual Console[0m.
[[0;32m  OK  [0m] Finished [0;1;39mColdplug All udev Devices[0m.
[[0;32m  OK  [0m] Started [0;1;39mDispatch Password …ts to Console Directory Watch[0m.
[[0;32m  OK  [0m] Reached target [0;1;39mLocal Encrypted Volumes[0m.
[[0;32m  OK  [0m] Reached target [0;1;39mPath Units[0m.
         Starting [0;1;39mWait for udev To …plete Device Initialization[0m...
[[0;32m  OK  [0m] Found device [0;1;39m/dev/ttyS0[0m.
[    6.660684] random: crng init done
[[0;32m  OK  [0m] Finished [0;1;39mLoad/Save Random Seed[0m.
[[0;32m  OK  [0m] Listening on [0;1;39mLoad/Save RF …itch Status /dev/rfkill Watch[0m.
[[0;32m  OK  [0m] Finished [0;1;39mWait for udev To Complete Device Initialization[0m.
[[0;32m  OK  [0m] Reached target [0;1;39mPreparation for Local File Systems[0m.
[[0;32m  OK  [0m] Reached target [0;1;39mLocal File Systems[0m.
         Starting [0;1;39mTell Plymouth To Write Out Runtime Data[0m...
         Starting [0;1;39mAutomatic Boot Loader Update[0m...
         Starting [0;1;39mCreate Volatile Files and Directories[0m...
[[0;32m  OK  [0m] Finished [0;1;39mTell Plymouth To Write Out Runtime Data[0m.
[[0;32m  OK  [0m] Finished [0;1;39mAutomatic Boot Loader Update[0m.
[[0;32m  OK  [0m] Finished [0;1;39mCreate Volatile Files and Directories[0m.
         Mounting [0;1;39mRPC Pipe File System[0m...
         Starting [0;1;39mSecurity Auditing Service[0m...
         Starting [0;1;39mRPC Bind[0m...
[[0;32m  OK  [0m] Mounted [0;1;39mRPC Pipe File System[0m.
[[0;32m  OK  [0m] Reached target [0;1;39mrpc_pipefs.target[0m.
[[0;32m  OK  [0m] Started [0;1;39mRPC Bind[0m.
[[0;32m  OK  [0m] Started [0;1;39mSecurity Auditing Service[0m.
         Starting [0;1;39mRecord System Boot/Shutdown in UTMP[0m...
[[0;32m  OK  [0m] Finished [0;1;39mRecord System Boot/Shutdown in UTMP[0m.
[[0;32m  OK  [0m] Reached target [0;1;39mSystem Initialization[0m.
[[0;32m  OK  [0m] Started [0;1;39mDaily rotation of log files[0m.
[[0;32m  OK  [0m] Started [0;1;39mUpdates mlocate database every day[0m.
[[0;32m  OK  [0m] Started [0;1;39mDaily Cleanup of Temporary Directories[0m.
[[0;32m  OK  [0m] Started [0;1;39mdaily update of the root trust anchor for DNSSEC[0m.
[[0;32m  OK  [0m] Reached target [0;1;39mTimer Units[0m.
[[0;32m  OK  [0m] Listening on [0;1;39mD-Bus System Message Bus Socket[0m.
[[0;32m  OK  [0m] Listening on [0;1;39mOpen-iSCSI iscsid Socket[0m.
[[0;32m  OK  [0m] Listening on [0;1;39mOpen-iSCSI iscsiuio Socket[0m.
[[0;32m  OK  [0m] Listening on [0;1;39mSSSD Kerberos…ache Manager responder socket[0m.
[[0;32m  OK  [0m] Listening on [0;1;39mLibvirt interface local socket[0m.
[[0;32m  OK  [0m] Listening on [0;1;39mVirtual machine lock manager socket[0m.
[[0;32m  OK  [0m] Listening on [0;1;39mVirtual machine log manager socket[0m.
[[0;32m  OK  [0m] Listening on [0;1;39mLibvirt network local socket[0m.
[[0;32m  OK  [0m] Listening on [0;1;39mLibvirt nodedev local socket[0m.
[[0;32m  OK  [0m] Listening on [0;1;39mLibvirt nwfilter local socket[0m.
[[0;32m  OK  [0m] Listening on [0;1;39mLibvirt proxy local socket[0m.
[[0;32m  OK  [0m] Listening on [0;1;39mLibvirt qemu local socket[0m.
[[0;32m  OK  [0m] Listening on [0;1;39mLibvirt qemu admin socket[0m.
[[0;32m  OK  [0m] Listening on [0;1;39mLibvirt qemu local read-only socket[0m.
[[0;32m  OK  [0m] Listening on [0;1;39mLibvirt secret local socket[0m.
[[0;32m  OK  [0m] Listening on [0;1;39mLibvirt storage local socket[0m.
[[0;32m  OK  [0m] Reached target [0;1;39mSocket Units[0m.
         Starting [0;1;39mD-Bus System Message Bus[0m...
[[0;32m  OK  [0m] Started [0;1;39mD-Bus System Message Bus[0m.
[[0;32m  OK  [0m] Reached target [0;1;39mBasic System[0m.
         Starting [0;1;39mNetwork Manager[0m...
         Starting [0;1;39mNTP client/server[0m...
         Starting [0;1;39mRestore /run/initramfs on shutdown[0m...
[[0;32m  OK  [0m] Started [0;1;39mirqbalance daemon[0m.
[[0;32m  OK  [0m] Started [0;1;39mlibstoragemgmt plug-in server daemon[0m.
[[0;32m  OK  [0m] Started [0;1;39mMachine Check Exception Logging Daemon[0m.
[[0;32m  OK  [0m] Reached target [0;1;39msshd-keygen.target[0m.
[[0;32m  OK  [0m] Reached target [0;1;39mUser and Group Name Lookups[0m.
         Starting [0;1;39mUser Login Management[0m...
         Starting [0;1;39mVirtual Machine a…tainer Registration Service[0m...
         Starting [0;1;39mupdate of the roo…NSSEC validation in unbound[0m...
         Starting [0;1;39mRotate log files[0m...
[[0;32m  OK  [0m] Started [0;1;39mUpdate a database for mlocate[0m.
[[0;32m  OK  [0m] Finished [0;1;39mRestore /run/initramfs on shutdown[0m.
[[0;32m  OK  [0m] Started [0;1;39mVirtual Machine an…ontainer Registration Service[0m.
[[0;32m  OK  [0m] Started [0;1;39mNTP client/server[0m.
[[0;32m  OK  [0m] Finished [0;1;39mupdate of the roo… DNSSEC validation in unbound[0m.
         Starting [0;1;39mHostname Service[0m...
[[0;32m  OK  [0m] Finished [0;1;39mRotate log files[0m.
[[0;32m  OK  [0m] Started [0;1;39mUser Login Management[0m.
[[0;32m  OK  [0m] Started [0;1;39mHostname Service[0m.
         Starting [0;1;39mNetwork Manager Script Dispatcher Service[0m...
[[0;32m  OK  [0m] Started [0;1;39mNetwork Manager Script Dispatcher Service[0m.
[    8.832948] e1000: eth0 NIC Link is Up 1000 Mbps Full Duplex, Flow Control: RX
[    8.834282] IPv6: ADDRCONF(NETDEV_CHANGE): eth0: link becomes ready
[[0;32m  OK  [0m] Started [0;1;39mNetwork Manager[0m.
[[0;32m  OK  [0m] Reached target [0;1;39mNetwork[0m.
[[0;32m  OK  [0m] Reached target [0;1;39mNetwork is Online[0m.
         Starting [0;1;39mGSSAPI Proxy Daemon[0m...
         Starting [0;1;39mNotify NFS peers of a restart[0m...
         Starting [0;1;39mSystem Logging Service[0m...
         Starting [0;1;39mOpenSSH server daemon[0m...
         Starting [0;1;39mDynamic System Tuning Daemon[0m...
[[0;32m  OK  [0m] Started [0;1;39mNotify NFS peers of a restart[0m.
[[0;32m  OK  [0m] Started [0;1;39mGSSAPI Proxy Daemon[0m.
[[0;32m  OK  [0m] Reached target [0;1;39mNFS client services[0m.
[[0;32m  OK  [0m] Reached target [0;1;39mPreparation for Remote File Systems[0m.
[[0;32m  OK  [0m] Reached target [0;1;39mRemote File Systems[0m.
         Starting [0;1;39mPermit User Sessions[0m...
         Starting [0;1;39mVirtualization qemu daemon[0m...
[[0;32m  OK  [0m] Started [0;1;39mOpenSSH server daemon[0m.
[[0;32m  OK  [0m] Finished [0;1;39mPermit User Sessions[0m.
[[0;32m  OK  [0m] Started [0;1;39mDeferred execution scheduler[0m.
[[0;32m  OK  [0m] Started [0;1;39mCommand Scheduler[0m.
         Starting [0;1;39mHold until boot process finishes up[0m...
         Starting [0;1;39mTerminate Plymouth Boot Screen[0m...
[[0;32m  OK  [0m] Finished [0;1;39mHold until boot process finishes up[0m.
[[0;32m  OK  [0m] Finished [0;1;39mTerminate Plymouth Boot Screen[0m.
[[0;32m  OK  [0m] Started [0;1;39mGetty on tty1[0m.
[[0;32m  OK  [0m] Started [0;1;39mSerial Getty on ttyS0[0m.
[[0;32m  OK  [0m] Reached target [0;1;39mLogin Prompts[0m.
[[0;32m  OK  [0m] Started [0;1;39mSystem Logging Service[0m.
[[0;32m  OK  [0m] Started [0;1;39mVirtualization qemu daemon[0m.
         Starting [0;1;39mAuthorization Manager[0m...
[[0;32m  OK  [0m] Started [0;1;39mAuthorization Manager[0m.
[[0;32m  OK  [0m] Started [0;1;39mDynamic System Tuning Daemon[0m.
[[0;32m  OK  [0m] Reached target [0;1;39mMulti-User System[0m.
         Starting [0;1;39mRecord Runlevel Change in UTMP[0m...
[[0;32m  OK  [0m] Finished [0;1;39mRecord Runlevel Change in UTMP[0m.

CentOS Stream 9
Kernel 5.11.0-f40ddce88593 on an x86_64

Activate the web console with: systemctl enable --now cockpit.socket

test login: 