c[?7l[2J[0mSeaBIOS (version rel-1.16.3-0-ga6ed6b701f0a-prebuilt.qemu.org)


iPXE (http://ipxe.org) 00:03.0 CA00 PCI2.10 PnP PMM+7EFD0C90+7EF30C90 CA00
Press Ctrl-B to configure iPXE (PCI 00:03.0)...                                                                               


Booting from ROM...
c[?7l[2J[    0.000000] Linux version 6.14.0-06961fbbbd7a+ (root@localhost.localdomain) (gcc (GCC) 11.5.0 20240719 (Red Hat 11.5.0-2), GNU ld version 2.35.2-54.el9) #1 SMP PREEMPT_DYNAMIC Sun Jun  1 19:44:36 CST 2025
[    0.000000] Command line: console=ttyS0 root=/dev/sda earlyprintk=serial net.ifnames=0 thunderbolt.dyndbg
[    0.000000] KERNEL supported cpus:
[    0.000000]   Intel GenuineIntel
[    0.000000]   AMD AuthenticAMD
[    0.000000]   Hygon HygonGenuine
[    0.000000]   Centaur CentaurHauls
[    0.000000]   zhaoxin   Shanghai  
[    0.000000] BIOS-provided physical RAM map:
[    0.000000] BIOS-e820: [mem 0x0000000000000000-0x000000000009fbff] usable
[    0.000000] BIOS-e820: [mem 0x000000000009fc00-0x000000000009ffff] reserved
[    0.000000] BIOS-e820: [mem 0x00000000000f0000-0x00000000000fffff] reserved
[    0.000000] BIOS-e820: [mem 0x0000000000100000-0x000000007ffdffff] usable
[    0.000000] BIOS-e820: [mem 0x000000007ffe0000-0x000000007fffffff] reserved
[    0.000000] BIOS-e820: [mem 0x00000000feffc000-0x00000000feffffff] reserved
[    0.000000] BIOS-e820: [mem 0x00000000fffc0000-0x00000000ffffffff] reserved
[    0.000000] printk: legacy bootconsole [earlyser0] enabled
[    0.000000] NX (Execute Disable) protection: active
[    0.000000] APIC: Static calls initialized
[    0.000000] SMBIOS 2.8 present.
[    0.000000] DMI: QEMU Standard PC (i440FX + PIIX, 1996), BIOS rel-1.16.3-0-ga6ed6b701f0a-prebuilt.qemu.org 04/01/2014
[    0.000000] DMI: Memory slots populated: 1/1
[    0.000000] Hypervisor detected: KVM
[    0.000000] kvm-clock: Using msrs 4b564d01 and 4b564d00
[    0.000004] kvm-clock: using sched offset of 699195899 cycles
[    0.000837] clocksource: kvm-clock: mask: 0xffffffffffffffff max_cycles: 0x1cd42e4dffb, max_idle_ns: 881590591483 ns
[    0.003351] tsc: Detected 2095.076 MHz processor
[    0.013177] last_pfn = 0x7ffe0 max_arch_pfn = 0x400000000
[    0.014054] MTRR map: 4 entries (3 fixed + 1 variable; max 19), built from 8 variable MTRRs
[    0.015373] x86/PAT: Configuration [0-7]: WB  WC  UC- UC  WB  WP  UC- WT  
[    0.027922] found SMP MP-table at [mem 0x000f5480-0x000f548f]
[    0.028816] Using GB pages for direct mapping
[    0.033103] ACPI: Early table checksum verification disabled
[    0.033978] ACPI: RSDP 0x00000000000F52A0 000014 (v00 BOCHS )
[    0.034859] ACPI: RSDT 0x000000007FFE2390 000034 (v01 BOCHS  BXPC     00000001 BXPC 00000001)
[    0.036148] ACPI: FACP 0x000000007FFE223C 000074 (v01 BOCHS  BXPC     00000001 BXPC 00000001)
[    0.037455] ACPI: DSDT 0x000000007FFE0040 0021FC (v01 BOCHS  BXPC     00000001 BXPC 00000001)
[    0.038738] ACPI: FACS 0x000000007FFE0000 000040
[    0.039440] ACPI: APIC 0x000000007FFE22B0 000080 (v03 BOCHS  BXPC     00000001 BXPC 00000001)
[    0.040714] ACPI: HPET 0x000000007FFE2330 000038 (v01 BOCHS  BXPC     00000001 BXPC 00000001)
[    0.042001] ACPI: WAET 0x000000007FFE2368 000028 (v01 BOCHS  BXPC     00000001 BXPC 00000001)
[    0.043289] ACPI: Reserving FACP table memory at [mem 0x7ffe223c-0x7ffe22af]
[    0.044375] ACPI: Reserving DSDT table memory at [mem 0x7ffe0040-0x7ffe223b]
[    0.045481] ACPI: Reserving FACS table memory at [mem 0x7ffe0000-0x7ffe003f]
[    0.046580] ACPI: Reserving APIC table memory at [mem 0x7ffe22b0-0x7ffe232f]
[    0.047670] ACPI: Reserving HPET table memory at [mem 0x7ffe2330-0x7ffe2367]
[    0.048763] ACPI: Reserving WAET table memory at [mem 0x7ffe2368-0x7ffe238f]
[    0.051129] No NUMA configuration found
[    0.051722] Faking a node at [mem 0x0000000000000000-0x000000007ffdffff]
[    0.052833] NODE_DATA(0) allocated [mem 0x7ffb5000-0x7ffdfc7f]
[    0.054473] Zone ranges:
[    0.054892]   DMA      [mem 0x0000000000001000-0x0000000000ffffff]
[    0.055870]   DMA32    [mem 0x0000000001000000-0x000000007ffdffff]
[    0.056821]   Normal   empty
[    0.057295]   Device   empty
[    0.057753] Movable zone start for each node
[    0.058440] Early memory node ranges
[    0.058990]   node   0: [mem 0x0000000000001000-0x000000000009efff]
[    0.059955]   node   0: [mem 0x0000000000100000-0x000000007ffdffff]
[    0.060920] Initmem setup node 0 [mem 0x0000000000001000-0x000000007ffdffff]
[    0.062400] On node 0, zone DMA: 1 pages in unavailable ranges
[    0.063578] On node 0, zone DMA: 97 pages in unavailable ranges
[    0.100712] On node 0, zone DMA32: 32 pages in unavailable ranges
[    0.168985] kasan: KernelAddressSanitizer initialized
[    0.170178] ACPI: PM-Timer IO Port: 0x608
[    0.170811] ACPI: LAPIC_NMI (acpi_id[0xff] dfl dfl lint[0x1])
[    0.171723] IOAPIC[0]: apic_id 0, version 17, address 0xfec00000, GSI 0-23
[    0.172763] ACPI: INT_SRC_OVR (bus 0 bus_irq 0 global_irq 2 dfl dfl)
[    0.173707] ACPI: INT_SRC_OVR (bus 0 bus_irq 5 global_irq 5 high level)
[    0.174688] ACPI: INT_SRC_OVR (bus 0 bus_irq 9 global_irq 9 high level)
[    0.175666] ACPI: INT_SRC_OVR (bus 0 bus_irq 10 global_irq 10 high level)
[    0.176676] ACPI: INT_SRC_OVR (bus 0 bus_irq 11 global_irq 11 high level)
[    0.177696] ACPI: Using ACPI (MADT) for SMP configuration information
[    0.178650] ACPI: HPET id: 0x8086a201 base: 0xfed00000
[    0.179419] TSC deadline timer available
[    0.180006] CPU topo: Max. logical packages:   1
[    0.180694] CPU topo: Max. logical dies:       1
[    0.181387] CPU topo: Max. dies per package:   1
[    0.182089] CPU topo: Max. threads per core:   1
[    0.182785] CPU topo: Num. cores per package:     2
[    0.183517] CPU topo: Num. threads per package:   2
[    0.184253] CPU topo: Allowing 2 present CPUs plus 0 hotplug CPUs
[    0.185251] kvm-guest: APIC: eoi() replaced with kvm_guest_apic_eoi_write()
[    0.186364] kvm-guest: KVM setup pv remote TLB flush
[    0.187148] kvm-guest: setup PV sched yield
[    0.187871] PM: hibernation: Registered nosave memory: [mem 0x00000000-0x00000fff]
[    0.189063] PM: hibernation: Registered nosave memory: [mem 0x0009f000-0x0009ffff]
[    0.190249] PM: hibernation: Registered nosave memory: [mem 0x000a0000-0x000effff]
[    0.191433] PM: hibernation: Registered nosave memory: [mem 0x000f0000-0x000fffff]
[    0.192622] [mem 0x80000000-0xfeffbfff] available for PCI devices
[    0.193589] Booting paravirtualized kernel on KVM
[    0.194333] clocksource: refined-jiffies: mask: 0xffffffff max_cycles: 0xffffffff, max_idle_ns: 7645519600211568 ns
[    0.195942] setup_percpu: NR_CPUS:8192 nr_cpumask_bits:2 nr_cpu_ids:2 nr_node_ids:1
[    0.197702] percpu: Embedded 85 pages/cpu s311296 r8192 d28672 u1048576
[    0.198915] kvm-guest: PV spinlocks enabled
[    0.199574] PV qspinlock hash table entries: 256 (order: 0, 4096 bytes, linear)
[    0.200710] Kernel command line: net.ifnames=0 console=ttyS0 root=/dev/sda earlyprintk=serial net.ifnames=0 thunderbolt.dyndbg
[    0.202803] random: crng init done
[    0.203329] printk: log buffer data + meta data: 262144 + 917504 = 1179648 bytes
[    0.204995] Dentry cache hash table entries: 262144 (order: 9, 2097152 bytes, linear)
[    0.206348] Inode-cache hash table entries: 131072 (order: 8, 1048576 bytes, linear)
[    0.207857] Fallback order for Node 0: 0 
[    0.207879] Built 1 zonelists, mobility grouping on.  Total pages: 524158
[    0.209534] Policy zone: DMA32
[    0.210006] mem auto-init: stack:off, heap alloc:off, heap free:off
[    0.210969] stackdepot: allocating hash table via alloc_large_system_hash
[    0.212017] stackdepot hash table entries: 1048576 (order: 12, 16777216 bytes, linear)
[    0.281139] SLUB: HWalign=64, Order=0-3, MinObjects=0, CPUs=2, Nodes=1
[    0.282153] kmemleak: Kernel memory leak detector disabled
[    0.283079] Kernel/User page tables isolation: enabled
[    0.284157] ftrace: allocating 73606 entries in 288 pages
[    0.496413] ftrace: allocated 288 pages with 2 groups
[    0.503091] Dynamic Preempt: voluntary
[    0.504170] Running RCU self tests
[    0.504673] Running RCU synchronous self tests
[    0.505324] rcu: Preemptible hierarchical RCU implementation.
[    0.506153] rcu: 	RCU lockdep checking is enabled.
[    0.506847] rcu: 	RCU restricting CPUs from NR_CPUS=8192 to nr_cpu_ids=2.
[    0.507831] 	Trampoline variant of Tasks RCU enabled.
[    0.508558] 	Rude variant of Tasks RCU enabled.
[    0.509213] 	Tracing variant of Tasks RCU enabled.
[    0.509909] rcu: RCU calculated value of scheduler-enlistment delay is 25 jiffies.
[    0.510999] rcu: Adjusting geometry for rcu_fanout_leaf=16, nr_cpu_ids=2
[    0.512036] Running RCU synchronous self tests
[    0.512689] RCU Tasks: Setting shift to 1 and lim to 1 rcu_task_cb_adjust=1 rcu_task_cpu_ids=2.
[    0.513945] RCU Tasks Rude: Setting shift to 1 and lim to 1 rcu_task_cb_adjust=1 rcu_task_cpu_ids=2.
[    0.515285] RCU Tasks Trace: Setting shift to 1 and lim to 1 rcu_task_cb_adjust=1 rcu_task_cpu_ids=2.
[    0.598289] NR_IRQS: 524544, nr_irqs: 440, preallocated irqs: 16
[    0.599871] rcu: srcu_init: Setting srcu_struct sizes based on contention.
[    0.612412] Console: colour VGA+ 80x25
[    0.613071] printk: legacy console [ttyS0] enabled
[    0.613071] printk: legacy console [ttyS0] enabled
[    0.614498] printk: legacy bootconsole [earlyser0] disabled
[    0.614498] printk: legacy bootconsole [earlyser0] disabled
[    0.616138] Lock dependency validator: Copyright (c) 2006 Red Hat, Inc., Ingo Molnar
[    0.617292] ... MAX_LOCKDEP_SUBCLASSES:  8
[    0.617907] ... MAX_LOCK_DEPTH:          48
[    0.618538] ... MAX_LOCKDEP_KEYS:        8192
[    0.619195] ... CLASSHASH_SIZE:          4096
[    0.619858] ... MAX_LOCKDEP_ENTRIES:     32768
[    0.620527] ... MAX_LOCKDEP_CHAINS:      65536
[    0.621194] ... CHAINHASH_SIZE:          32768
[    0.621863]  memory used by lock dependency info: 6429 kB
[    0.622668]  memory used for stack traces: 4224 kB
[    0.623390]  per task-struct memory footprint: 1920 bytes
[    0.624325] ACPI: Core revision 20240827
[    0.625562] clocksource: hpet: mask: 0xffffffff max_cycles: 0xffffffff, max_idle_ns: 19112604467 ns
[    0.627398] APIC: Switch to symmetric I/O mode setup
[    0.628452] x2apic enabled
[    0.629485] APIC: Switched APIC routing to: physical x2apic
[    0.630353] kvm-guest: APIC: send_IPI_mask() replaced with kvm_send_ipi_mask()
[    0.631579] kvm-guest: APIC: send_IPI_mask_allbutself() replaced with kvm_send_ipi_mask_allbutself()
[    0.633000] kvm-guest: setup PV IPIs
[    0.635146] ..TIMER: vector=0x30 apic1=0 pin1=2 apic2=-1 pin2=-1
[    0.636195] clocksource: tsc-early: mask: 0xffffffffffffffff max_cycles: 0x1e33052aadd, max_idle_ns: 440795310221 ns
[    0.637828] Calibrating delay loop (skipped) preset value.. 4190.15 BogoMIPS (lpj=8380304)
[    0.639288] x86/cpu: User Mode Instruction Prevention (UMIP) activated
[    0.641962] Last level iTLB entries: 4KB 0, 2MB 0, 4MB 0
[    0.642788] Last level dTLB entries: 4KB 0, 2MB 0, 4MB 0, 1GB 0
[    0.643747] Spectre V1 : Mitigation: usercopy/swapgs barriers and __user pointer sanitization
[    0.645831] Spectre V2 : Spectre BHI mitigation: SW BHB clearing on syscall and VM exit
[    0.647110] Spectre V2 : Mitigation: IBRS
[    0.647758] Spectre V2 : Spectre v2 / SpectreRSB mitigation: Filling RSB on context switch
[    0.649061] Spectre V2 : Spectre v2 / SpectreRSB : Filling RSB on VMEXIT
[    0.649822] RETBleed: Mitigation: IBRS
[    0.650454] Spectre V2 : mitigation: Enabling conditional Indirect Branch Prediction Barrier
[    0.651767] Speculative Store Bypass: Mitigation: Speculative Store Bypass disabled via prctl
[    0.653873] MDS: Mitigation: Clear CPU buffers
[    0.654589] TAA: Mitigation: Clear CPU buffers
[    0.655298] MMIO Stale Data: Mitigation: Clear CPU buffers
[    0.656206] x86/fpu: Supporting XSAVE feature 0x001: 'x87 floating point registers'
[    0.657392] x86/fpu: Supporting XSAVE feature 0x002: 'SSE registers'
[    0.657821] x86/fpu: Supporting XSAVE feature 0x004: 'AVX registers'
[    0.658824] x86/fpu: Supporting XSAVE feature 0x008: 'MPX bounds registers'
[    0.659931] x86/fpu: Supporting XSAVE feature 0x010: 'MPX CSR'
[    0.660883] x86/fpu: Supporting XSAVE feature 0x020: 'AVX-512 opmask'
[    0.661821] x86/fpu: Supporting XSAVE feature 0x040: 'AVX-512 Hi256'
[    0.662809] x86/fpu: Supporting XSAVE feature 0x080: 'AVX-512 ZMM_Hi256'
[    0.663842] x86/fpu: Supporting XSAVE feature 0x200: 'Protection Keys User registers'
[    0.665821] x86/fpu: xstate_offset[2]:  576, xstate_sizes[2]:  256
[    0.666814] x86/fpu: xstate_offset[3]:  832, xstate_sizes[3]:   64
[    0.667773] x86/fpu: xstate_offset[4]:  896, xstate_sizes[4]:   64
[    0.668731] x86/fpu: xstate_offset[5]:  960, xstate_sizes[5]:   64
[    0.669821] x86/fpu: xstate_offset[6]: 1024, xstate_sizes[6]:  512
[    0.670825] x86/fpu: xstate_offset[7]: 1536, xstate_sizes[7]: 1024
[    0.671783] x86/fpu: xstate_offset[9]: 2560, xstate_sizes[9]:    8
[    0.672748] x86/fpu: Enabled xstate features 0x2ff, context size is 2568 bytes, using 'compacted' format.
[    0.991892] Freeing SMP alternatives memory: 56K
[    0.992636] pid_max: default: 32768 minimum: 301
[    0.993823] LSM: initializing lsm=capability,yama,ima,evm
[    0.994928] Yama: becoming mindful.
[    0.996318] Mount-cache hash table entries: 4096 (order: 3, 32768 bytes, linear)
[    0.997471] Mountpoint-cache hash table entries: 4096 (order: 3, 32768 bytes, linear)
[    1.000526] Running RCU synchronous self tests
[    1.001827] Running RCU synchronous self tests
[    1.003041] smpboot: CPU0: Genuine Intel(R) CPU 0000%@ (family: 0x6, model: 0x55, stepping: 0x4)
[    1.005812] Running RCU Tasks wait API self tests
[    1.110265] Running RCU Tasks Rude wait API self tests
[    1.113047] Running RCU Tasks Trace wait API self tests
[    1.114115] Performance Events: Skylake events, 32-deep LBR, full-width counters, Intel PMU driver.
[    1.121932] ... version:                2
[    1.124134] ... bit width:              48
[    1.125848] ... generic registers:      4
[    1.127845] ... value mask:             0000ffffffffffff
[    1.129847] ... max period:             00007fffffffffff
[    1.132376] ... fixed-purpose events:   3
[    1.133834] ... event mask:             000000070000000f
[    1.135574] Callback from call_rcu_tasks_trace() invoked.
[    1.139194] signal: max sigframe size: 3632
[    1.141118] rcu: Hierarchical SRCU implementation.
[    1.141917] rcu: 	Max phase no-delay instances is 1000.
[    1.143665] Timer migration: 1 hierarchy levels; 8 children per group; 1 crossnode level
[    1.157534] smp: Bringing up secondary CPUs ...
[    1.174580] smpboot: x86: Booting SMP configuration:
[    1.177374] .... node  #0, CPUs:      #1
[    1.179338] smp: Brought up 1 node, 2 CPUs
[    1.184043] smpboot: Total of 2 processors activated (8380.30 BogoMIPS)
[    1.189563] Memory: 1604904K/2096632K available (77711K kernel code, 15191K rwdata, 18104K rodata, 15816K init, 21944K bss, 484220K reserved, 0K cma-reserved)
[    1.193875] devtmpfs: initialized
[    1.196230] x86/mm: Memory block size: 128MB
[    1.218641] Running RCU synchronous self tests
[    1.221137] Running RCU synchronous self tests
[    1.221972] clocksource: jiffies: mask: 0xffffffff max_cycles: 0xffffffff, max_idle_ns: 7645041785100000 ns
[    1.225892] futex hash table entries: 512 (order: 4, 65536 bytes, linear)
[    1.231440] pinctrl core: initialized pinctrl subsystem
[    1.237148] 
[    1.237685] *************************************************************
[    1.241830] **     NOTICE NOTICE NOTICE NOTICE NOTICE NOTICE NOTICE    **
[    1.243342] **                                                         **
[    1.244928] **  IOMMU DebugFS SUPPORT HAS BEEN ENABLED IN THIS KERNEL  **
[    1.245826] **                                                         **
[    1.247356] ** This means that this kernel is built to expose internal **
[    1.248926] ** IOMMU data structures, which may compromise security on **
[    1.249825] ** your system.                                            **
[    1.250969] **                                                         **
[    1.252160] ** If you see this message and you are not debugging the   **
[    1.253316] ** kernel, report this immediately to your vendor!         **
[    1.253822] **                                                         **
[    1.254988] **     NOTICE NOTICE NOTICE NOTICE NOTICE NOTICE NOTICE    **
[    1.256121] *************************************************************
[    1.257353] PM: RTC time: 11:46:59, date: 2025-06-01
[    1.263461] NET: Registered PF_NETLINK/PF_ROUTE protocol family
[    1.266954] DMA: preallocated 256 KiB GFP_KERNEL pool for atomic allocations
[    1.268165] DMA: preallocated 256 KiB GFP_KERNEL|GFP_DMA pool for atomic allocations
[    1.269440] DMA: preallocated 256 KiB GFP_KERNEL|GFP_DMA32 pool for atomic allocations
[    1.274054] audit: initializing netlink subsys (disabled)
[    1.278035] audit: type=2000 audit(1748778420.303:1): state=initialized audit_enabled=0 res=1
[    1.278330] thermal_sys: Registered thermal governor 'fair_share'
[    1.278330] thermal_sys: Registered thermal governor 'bang_bang'
[    1.278841] thermal_sys: Registered thermal governor 'step_wise'
[    1.279803] thermal_sys: Registered thermal governor 'user_space'
[    1.281938] cpuidle: using governor ladder
[    1.286528] cpuidle: using governor menu
[    1.287279] acpiphp: ACPI Hot Plug PCI Controller Driver version: 0.5
[    1.290484] PCI: Using configuration type 1 for base access
[    1.292058] kprobes: kprobe jump-optimization is enabled. All kprobes are optimized if possible.
[    1.448748] Callback from call_rcu_tasks() invoked.
[    1.740618] HugeTLB: registered 1.00 GiB page size, pre-allocated 0 pages
[    1.741709] HugeTLB: 16380 KiB vmemmap can be freed for a 1.00 GiB page
[    1.745829] HugeTLB: registered 2.00 MiB page size, pre-allocated 0 pages
[    1.746946] HugeTLB: 28 KiB vmemmap can be freed for a 2.00 MiB page
[    1.761456] ACPI: Added _OSI(Module Device)
[    1.761851] ACPI: Added _OSI(Processor Device)
[    1.762571] ACPI: Added _OSI(3.0 _SCP Extensions)
[    1.763325] ACPI: Added _OSI(Processor Aggregator Device)
[    1.801760] ACPI: 1 ACPI AML tables successfully acquired and loaded
[    1.818157] ACPI: Interpreter enabled
[    1.819020] ACPI: PM: (supports S0 S3 S4 S5)
[    1.819698] ACPI: Using IOAPIC for interrupt routing
[    1.820705] PCI: Using host bridge windows from ACPI; if necessary, use "pci=nocrs" and report a bug
[    1.821824] PCI: Using E820 reservations for host bridge windows
[    1.825358] ACPI: Enabled 2 GPEs in block 00 to 0F
[    1.902283] ACPI: PCI Root Bridge [PCI0] (domain 0000 [bus 00-ff])
[    1.903399] acpi PNP0A03:00: _OSC: OS supports [ASPM ClockPM Segments MSI EDR HPX-Type3]
[    1.904671] acpi PNP0A03:00: _OSC: not requesting OS control; OS requires [ExtendedConfig ASPM ClockPM MSI]
[    1.906135] acpi PNP0A03:00: fail to add MMCONFIG information, can't access extended configuration space under this bridge
[    1.918416] acpiphp: Slot [3] registered
[    1.919419] acpiphp: Slot [4] registered
[    1.920322] acpiphp: Slot [5] registered
[    1.921230] acpiphp: Slot [6] registered
[    1.922101] acpiphp: Slot [7] registered
[    1.923069] acpiphp: Slot [8] registered
[    1.923982] acpiphp: Slot [9] registered
[    1.924902] acpiphp: Slot [10] registered
[    1.925826] acpiphp: Slot [11] registered
[    1.926750] acpiphp: Slot [12] registered
[    1.927677] acpiphp: Slot [13] registered
[    1.928599] acpiphp: Slot [14] registered
[    1.929516] acpiphp: Slot [15] registered
[    1.930099] acpiphp: Slot [16] registered
[    1.931099] acpiphp: Slot [17] registered
[    1.932026] acpiphp: Slot [18] registered
[    1.932963] acpiphp: Slot [19] registered
[    1.933888] acpiphp: Slot [20] registered
[    1.934862] acpiphp: Slot [21] registered
[    1.935786] acpiphp: Slot [22] registered
[    1.936708] acpiphp: Slot [23] registered
[    1.937634] acpiphp: Slot [24] registered
[    1.942107] acpiphp: Slot [25] registered
[    1.943038] acpiphp: Slot [26] registered
[    1.943970] acpiphp: Slot [27] registered
[    1.944896] acpiphp: Slot [28] registered
[    1.945841] acpiphp: Slot [29] registered
[    1.946840] acpiphp: Slot [30] registered
[    1.947763] acpiphp: Slot [31] registered
[    1.948534] PCI host bridge to bus 0000:00
[    1.949308] pci_bus 0000:00: root bus resource [io  0x0000-0x0cf7 window]
[    1.949830] pci_bus 0000:00: root bus resource [io  0x0d00-0xffff window]
[    1.950933] pci_bus 0000:00: root bus resource [mem 0x000a0000-0x000bffff window]
[    1.952141] pci_bus 0000:00: root bus resource [mem 0x80000000-0xfebfffff window]
[    1.953405] pci_bus 0000:00: root bus resource [mem 0x100000000-0x17fffffff window]
[    1.953831] pci_bus 0000:00: root bus resource [bus 00-ff]
[    1.954940] pci 0000:00:00.0: [8086:1237] type 00 class 0x060000 conventional PCI endpoint
[    1.958978] pci 0000:00:01.0: [8086:7000] type 00 class 0x060100 conventional PCI endpoint
[    1.962725] pci 0000:00:01.1: [8086:7010] type 00 class 0x010180 conventional PCI endpoint
[    1.964880] pci 0000:00:01.1: BAR 4 [io  0xc040-0xc04f]
[    1.965778] pci 0000:00:01.1: BAR 0 [io  0x01f0-0x01f7]: legacy IDE quirk
[    1.965827] pci 0000:00:01.1: BAR 1 [io  0x03f6]: legacy IDE quirk
[    1.966812] pci 0000:00:01.1: BAR 2 [io  0x0170-0x0177]: legacy IDE quirk
[    1.967938] pci 0000:00:01.1: BAR 3 [io  0x0376]: legacy IDE quirk
[    1.970859] pci 0000:00:01.3: [8086:7113] type 00 class 0x068000 conventional PCI endpoint
[    1.974095] pci 0000:00:01.3: quirk: [io  0x0600-0x063f] claimed by PIIX4 ACPI
[    1.977902] pci 0000:00:01.3: quirk: [io  0x0700-0x070f] claimed by PIIX4 SMB
[    1.986651] pci 0000:00:02.0: [1234:1111] type 00 class 0x030000 conventional PCI endpoint
[    1.994994] pci 0000:00:02.0: BAR 0 [mem 0xfd000000-0xfdffffff pref]
[    1.996625] pci 0000:00:02.0: BAR 2 [mem 0xfebf0000-0xfebf0fff]
[    1.997887] pci 0000:00:02.0: ROM [mem 0xfebe0000-0xfebeffff pref]
[    1.999828] pci 0000:00:02.0: Video device with shadowed ROM at [mem 0x000c0000-0x000dffff]
[    2.004458] pci 0000:00:03.0: [8086:100e] type 00 class 0x020000 conventional PCI endpoint
[    2.007095] pci 0000:00:03.0: BAR 0 [mem 0xfebc0000-0xfebdffff]
[    2.008063] pci 0000:00:03.0: BAR 1 [io  0xc000-0xc03f]
[    2.008933] pci 0000:00:03.0: ROM [mem 0xfeb80000-0xfebbffff pref]
[    2.049723] ACPI: PCI: Interrupt link LNKA configured for IRQ 10
[    2.051873] ACPI: PCI: Interrupt link LNKB configured for IRQ 10
[    2.054748] ACPI: PCI: Interrupt link LNKC configured for IRQ 11
[    2.057654] ACPI: PCI: Interrupt link LNKD configured for IRQ 11
[    2.062648] ACPI: PCI: Interrupt link LNKS configured for IRQ 9
[    2.070714] iommu: Default domain type: Translated
[    2.071450] iommu: DMA domain TLB invalidation policy: lazy mode
[    2.076198] SCSI subsystem initialized
[    2.077657] ACPI: bus type USB registered
[    2.078085] usbcore: registered new interface driver usbfs
[    2.079044] usbcore: registered new interface driver hub
[    2.079961] usbcore: registered new device driver usb
[    2.081329] pps_core: LinuxPPS API ver. 1 registered
[    2.081824] pps_core: Software ver. 5.3.6 - Copyright 2005-2007 Rodolfo Giometti <giometti@linux.it>
[    2.083260] PTP clock support registered
[    2.084488] EDAC MC: Ver: 3.0.0
[    2.090550] NetLabel: Initializing
[    2.091093] NetLabel:  domain hash size = 128
[    2.091757] NetLabel:  protocols = UNLABELED CIPSOv4 CALIPSO
[    2.092948] NetLabel:  unlabeled traffic allowed by default
[    2.095313] PCI: Using ACPI for IRQ routing
[    2.096651] pci 0000:00:02.0: vgaarb: setting as boot VGA device
[    2.097588] pci 0000:00:02.0: vgaarb: bridge control possible
[    2.097812] pci 0000:00:02.0: vgaarb: VGA device added: decodes=io+mem,owns=io+mem,locks=none
[    2.097825] vgaarb: loaded
[    2.099205] hpet0: at MMIO 0xfed00000, IRQs 2, 8, 0
[    2.100002] hpet0: 3 comparators, 64-bit 100.000000 MHz counter
[    2.107064] clocksource: Switched to clocksource kvm-clock
[    2.117397] VFS: Disk quotas dquot_6.6.0
[    2.118085] VFS: Dquot-cache hash table entries: 512 (order 0, 4096 bytes)
[    2.122664] pnp: PnP ACPI init
[    2.130452] pnp: PnP ACPI: found 6 devices
[    2.160444] clocksource: acpi_pm: mask: 0xffffff max_cycles: 0xffffff, max_idle_ns: 2085701024 ns
[    2.162790] NET: Registered PF_INET protocol family
[    2.163791] IP idents hash table entries: 32768 (order: 6, 262144 bytes, linear)
[    2.176320] tcp_listen_portaddr_hash hash table entries: 1024 (order: 4, 73728 bytes, linear)
[    2.179569] Table-perturb hash table entries: 65536 (order: 6, 262144 bytes, linear)
[    2.182867] TCP established hash table entries: 16384 (order: 5, 131072 bytes, linear)
[    2.186687] TCP bind hash table entries: 16384 (order: 9, 2359296 bytes, linear)
[    2.191511] TCP: Hash tables configured (established 16384 bind 16384)
[    2.193348] UDP hash table entries: 1024 (order: 6, 262144 bytes, linear)
[    2.195233] UDP-Lite hash table entries: 1024 (order: 6, 262144 bytes, linear)
[    2.197197] NET: Registered PF_UNIX/PF_LOCAL protocol family
[    2.199639] RPC: Registered named UNIX socket transport module.
[    2.200642] RPC: Registered udp transport module.
[    2.201407] RPC: Registered tcp transport module.
[    2.202161] RPC: Registered tcp-with-tls transport module.
[    2.203040] RPC: Registered tcp NFSv4.1 backchannel transport module.
[    2.204125] pci_bus 0000:00: resource 4 [io  0x0000-0x0cf7 window]
[    2.205162] pci_bus 0000:00: resource 5 [io  0x0d00-0xffff window]
[    2.206148] pci_bus 0000:00: resource 6 [mem 0x000a0000-0x000bffff window]
[    2.207250] pci_bus 0000:00: resource 7 [mem 0x80000000-0xfebfffff window]
[    2.208348] pci_bus 0000:00: resource 8 [mem 0x100000000-0x17fffffff window]
[    2.210363] pci 0000:00:01.0: PIIX3: Enabling Passive Release
[    2.211305] pci 0000:00:00.0: Limiting direct PCI/PCI transfers
[    2.212452] PCI: CLS 0 bytes, default 64
[    2.214223] ACPI: bus type thunderbolt registered
[    2.215712] clocksource: tsc: mask: 0xffffffffffffffff max_cycles: 0x1e33052aadd, max_idle_ns: 440795310221 ns
[    7.688524] Initialise system trusted keyrings
[    7.689587] Key type blacklist registered
[    7.690884] workingset: timestamp_bits=36 max_order=19 bucket_order=0
[    7.692425] zbud: loaded
[    7.697727] squashfs: version 4.0 (2009/01/31) Phillip Lougher
[    7.702570] NFS: Registering the id_resolver key type
[    7.703363] Key type id_resolver registered
[    7.703996] Key type id_legacy registered
[    7.704769] nfs4filelayout_init: NFSv4 File Layout Driver Registering...
[    7.705893] nfs4flexfilelayout_init: NFSv4 Flexfile Layout Driver Registering...
[    7.707686] fuse: init (API version 7.42)
[    7.709979] SGI XFS with ACLs, security attributes, realtime, quota, no debug enabled
[    7.714722] 9p: Installing v9fs 9p2000 file system support
[    7.745864] Key type asymmetric registered
[    7.746550] Asymmetric key parser 'x509' registered
[    7.747552] Block layer SCSI generic (bsg) driver version 0.4 loaded (major 242)
[    7.749384] io scheduler mq-deadline registered
[    7.750278] io scheduler bfq registered
[    7.752095] ledtrig-cpu: registered to indicate activity on CPUs
[    7.753857] shpchp: Standard Hot Plug PCI Controller Driver version: 0.4
[    7.756147] IPMI message handler: version 39.2
[    7.757100] ipmi device interface
[    7.772607] input: Power Button as /devices/LNXSYSTM:00/LNXPWRBN:00/input/input0
[    7.778597] ACPI: button: Power Button [PWRF]
[    7.786460] ERST DBG: ERST support is disabled.
[    7.791770] Serial: 8250/16550 driver, 32 ports, IRQ sharing enabled
[    7.796715] 00:04: ttyS0 at I/O 0x3f8 (irq = 4, base_baud = 115200) is a 16550A
[    7.857795] Linux agpgart interface v0.103
[    7.863054] ACPI: bus type drm_connector registered
[    7.907871] brd: module loaded
[    7.935050] loop: module loaded
[    7.963491] scsi host0: ata_piix
[    7.971956] scsi host1: ata_piix
[    7.977052] ata1: PATA max MWDMA2 cmd 0x1f0 ctl 0x3f6 bmdma 0xc040 irq 14 lpm-pol 0
[    7.980965] ata2: PATA max MWDMA2 cmd 0x170 ctl 0x376 bmdma 0xc048 irq 15 lpm-pol 0
[    7.992003] tun: Universal TUN/TAP device driver, 1.6
[    7.995015] e100: Intel(R) PRO/100 Network Driver
[    7.996610] e100: Copyright(c) 1999-2006 Intel Corporation
[    7.998259] e1000: Intel(R) PRO/1000 Network Driver
[    7.999418] e1000: Copyright (c) 1999-2006 Intel Corporation.
[    8.035616] ACPI: \_SB_.LNKC: Enabled at IRQ 11
[    8.141590] ata2: found unknown device (class 0)
[    8.145293] ata1: found unknown device (class 0)
[    8.147921] ata2.00: ATAPI: QEMU DVD-ROM, 2.5+, max UDMA/100
[    8.153348] ata1.00: ATA-7: QEMU HARDDISK, 2.5+, max UDMA/100
[    8.154679] ata1.00: 17196647 sectors, multi 16: LBA48 
[    8.163711] scsi 0:0:0:0: Direct-Access     ATA      QEMU HARDDISK    2.5+ PQ: 0 ANSI: 5
[    8.173823] sd 0:0:0:0: Attached scsi generic sg0 type 0
[    8.177765] sd 0:0:0:0: [sda] 17196647 512-byte logical blocks: (8.80 GB/8.20 GiB)
[    8.178951] scsi 1:0:0:0: CD-ROM            QEMU     QEMU DVD-ROM     2.5+ PQ: 0 ANSI: 5
[    8.179718] sd 0:0:0:0: [sda] Write Protect is off
[    8.184576] sd 0:0:0:0: [sda] Write cache: enabled, read cache: enabled, doesn't support DPO or FUA
[    8.186868] sd 0:0:0:0: [sda] Preferred minimum I/O size 512 bytes
[    8.203164] scsi 1:0:0:0: Attached scsi generic sg1 type 5
[    8.232223] sd 0:0:0:0: [sda] Attached SCSI disk
[    8.401697] e1000 0000:00:03.0 eth0: (PCI:33MHz:32-bit) 52:54:00:12:34:56
[    8.403950] e1000 0000:00:03.0 eth0: Intel(R) PRO/1000 Network Connection
[    8.406499] e1000e: Intel(R) PRO/1000 Network Driver
[    8.408122] e1000e: Copyright(c) 1999 - 2015 Intel Corporation.
[    8.410375] igb: Intel(R) Gigabit Ethernet Network Driver
[    8.411724] igb: Copyright (c) 2007-2014 Intel Corporation.
[    8.413444] PPP generic driver version 2.4.2
[    8.416323] VFIO - User Level meta-driver version: 0.3
[    8.419342] usbcore: registered new interface driver uas
[    8.423085] usbcore: registered new interface driver usb-storage
[    8.427911] i8042: PNP: PS/2 Controller [PNP0303:KBD,PNP0f13:MOU] at 0x60,0x64 irq 1,12
[    8.435035] serio: i8042 KBD port at 0x60,0x64 irq 1
[    8.437144] serio: i8042 AUX port at 0x60,0x64 irq 12
[    8.442138] mousedev: PS/2 mouse device common for all mice
[    8.446437] rtc_cmos 00:05: RTC can wake from S4
[    8.446781] input: AT Translated Set 2 keyboard as /devices/platform/i8042/serio0/input/input1
[    8.454071] input: VirtualPS/2 VMware VMMouse as /devices/platform/i8042/serio1/input/input4
[    8.456559] rtc_cmos 00:05: registered as rtc0
[    8.459420] rtc_cmos 00:05: setting system clock to 2025-06-01T11:47:07 UTC (1748778427)
[    8.460101] input: VirtualPS/2 VMware VMMouse as /devices/platform/i8042/serio1/input/input3
[    8.464623] rtc_cmos 00:05: alarms up to one day, y3k, 242 bytes nvram, hpet irqs
[    8.467397] i2c_dev: i2c /dev entries driver
[    8.469252] device-mapper: core: CONFIG_IMA_DISABLE_HTABLE is disabled. Duplicate IMA measurements will not be recorded in the IMA log.
[    8.472521] device-mapper: uevent: version 1.0.3
[    8.474375] device-mapper: ioctl: 4.49.0-ioctl (2025-01-17) initialised: dm-devel@lists.linux.dev
[    8.476400] intel_pstate: CPU model not supported
[    8.477926] sdhci: Secure Digital Host Controller Interface driver
[    8.479298] sdhci: Copyright(c) Pierre Ossman
[    8.480538] sdhci-pltfm: SDHCI platform and OF driver helper
[    8.482755] drop_monitor: Initializing network drop monitor service
[    8.485009] NET: Registered PF_INET6 protocol family
[    8.492676] Segment Routing with IPv6
[    8.493650] In-situ OAM (IOAM) with IPv6
[    8.494670] NET: Registered PF_PACKET protocol family
[    8.496300] 9pnet: Installing 9P2000 support
[    8.497497] Key type dns_resolver registered
[    8.502098] resctrl: No MBM correction factor available
[    8.503408] IPI shorthand broadcast: enabled
[    8.581499] sched_clock: Marking stable (8552009225, 28897160)->(8607603045, -26696660)
[    8.585121] registered taskstats version 1
[    8.586976] Loading compiled-in X.509 certificates
[    8.679522] Demotion targets for Node 0: null
[    8.684487] Key type .fscrypt registered
[    8.686728] Key type fscrypt-provisioning registered
[    8.698370] Key type encrypted registered
[    8.699611] ima: No TPM chip found, activating TPM-bypass!
[    8.701369] ima: Allocated hash algorithm: sha1
[    8.702841] ima: No architecture policies found
[    8.704475] evm: Initialising EVM extended attributes:
[    8.705940] evm: security.selinux
[    8.706887] evm: security.SMACK64
[    8.707832] evm: security.SMACK64EXEC
[    8.708947] evm: security.SMACK64TRANSMUTE
[    8.710112] evm: security.SMACK64MMAP
[    8.711155] evm: security.apparmor
[    8.712128] evm: security.ima
[    8.712993] evm: security.capability
[    8.713825] evm: HMAC attrs: 0x1
[    8.719438] PM:   Magic number: 13:475:781
[    8.724679] RAS: Correctable Errors collector initialized.
[    8.728991] clk: Disabling unused clocks
[    8.731262] PM: genpd: Disabling unused power domains
[    8.735838] md: Waiting for all devices to be available before autodetect
[    8.737715] md: If you don't use raid, use raid=noautodetect
[    8.739148] md: Autodetecting RAID arrays.
[    8.740217] md: autorun ...
[    8.741044] md: ... autorun DONE.
[    8.757022] EXT4-fs (sda): INFO: recovery required on readonly filesystem
[    8.757885] EXT4-fs (sda): write access will be enabled during recovery
[    9.059559] EXT4-fs (sda): recovery complete
[    9.063854] EXT4-fs (sda): mounted filesystem 088740a9-c8b4-422c-999d-a804eb68a4da ro with ordered data mode. Quota mode: none.
[    9.066393] VFS: Mounted root (ext4 filesystem) readonly on device 8:0.
[    9.071677] devtmpfs: mounted
[    9.099297] Freeing unused decrypted memory: 2028K
[    9.108030] Freeing unused kernel image (initmem) memory: 15816K
[    9.109715] Write protecting the kernel read-only data: 96256k
[    9.113369] Freeing unused kernel image (text/rodata gap) memory: 112K
[    9.114777] Freeing unused kernel image (rodata/data gap) memory: 328K
[    9.330704] x86/mm: Checked W+X mappings: passed, no W+X pages found.
[    9.331441] x86/mm: Checking user space page tables
[    9.554800] x86/mm: Checked W+X mappings: passed, no W+X pages found.
[    9.556180] Run /sbin/init as init process
[    9.938536] systemd[1]: systemd 252-15.el9 running in system mode (+PAM +AUDIT +SELINUX -APPARMOR +IMA +SMACK +SECCOMP +GCRYPT +GNUTLS +OPENSSL +ACL +BLKID +CURL +ELFUTILS -FIDO2 +IDN2 -IDN -IPTC +KMOD +LIBCRYPTSETUP +LIBFDISK +PCRE2 -PWQUALITY +P11KIT -QRENCODE +TPM2 +BZIP2 +LZ4 +XZ +ZLIB +ZSTD -BPF_FRAMEWORK +XKBCOMMON +UTMP +SYSVINIT default-hierarchy=unified)
[    9.942397] systemd[1]: Detected virtualization kvm.
[    9.942971] systemd[1]: Detected architecture x86-64.

Welcome to [0;31mCentOS Stream 9[0m!

[    9.956005] systemd[1]: Hostname set to <test>.
[   10.529463] systemd-rc-local-generator[127]: /etc/rc.d/rc.local is not marked executable, skipping.
[   10.987055] systemd[1]: Queued start job for default target Multi-User System.
[   11.030929] systemd[1]: Created slice Virtual Machine and Container Slice.
[[0;32m  OK  [0m] Created slice [0;1;39mVirtual Machine and Container Slice[0m.
[   11.048887] systemd[1]: Created slice Slice /system/getty.
[[0;32m  OK  [0m] Created slice [0;1;39mSlice /system/getty[0m.
[   11.057300] systemd[1]: Created slice Slice /system/modprobe.
[[0;32m  OK  [0m] Created slice [0;1;39mSlice /system/modprobe[0m.
[   11.065480] systemd[1]: Created slice Slice /system/serial-getty.
[[0;32m  OK  [0m] Created slice [0;1;39mSlice /system/serial-getty[0m.
[   11.073981] systemd[1]: Created slice Slice /system/sshd-keygen.
[[0;32m  OK  [0m] Created slice [0;1;39mSlice /system/sshd-keygen[0m.
[   11.082039] systemd[1]: Created slice User and Session Slice.
[[0;32m  OK  [0m] Created slice [0;1;39mUser and Session Slice[0m.
[   11.087406] systemd[1]: Started Forward Password Requests to Wall Directory Watch.
[[0;32m  OK  [0m] Started [0;1;39mForward Password R…uests to Wall Directory Watch[0m.
[   11.095260] systemd[1]: Set up automount Arbitrary Executable File Formats File System Automount Point.
[[0;32m  OK  [0m] Set up automount [0;1;39mArbitrary…s File System Automount Point[0m.
[   11.100850] systemd[1]: Reached target Local Integrity Protected Volumes.
[[0;32m  OK  [0m] Reached target [0;1;39mLocal Integrity Protected Volumes[0m.
[   11.105603] systemd[1]: Reached target Slice Units.
[[0;32m  OK  [0m] Reached target [0;1;39mSlice Units[0m.
[   11.109380] systemd[1]: Reached target Swaps.
[[0;32m  OK  [0m] Reached target [0;1;39mSwaps[0m.
[   11.112708] systemd[1]: Reached target Local Verity Protected Volumes.
[[0;32m  OK  [0m] Reached target [0;1;39mLocal Verity Protected Volumes[0m.
[   11.118044] systemd[1]: Listening on Device-mapper event daemon FIFOs.
[[0;32m  OK  [0m] Listening on [0;1;39mDevice-mapper event daemon FIFOs[0m.
[   11.124161] systemd[1]: Listening on LVM2 poll daemon socket.
[[0;32m  OK  [0m] Listening on [0;1;39mLVM2 poll daemon socket[0m.
[   11.128558] systemd[1]: multipathd control socket was skipped because of an unmet condition check (ConditionPathExists=/etc/multipath.conf).
[   11.391461] systemd[1]: Listening on RPCbind Server Activation Socket.
[[0;32m  OK  [0m] Listening on [0;1;39mRPCbind Server Activation Socket[0m.
[   11.399596] systemd[1]: Reached target RPC Port Mapper.
[[0;32m  OK  [0m] Reached target [0;1;39mRPC Port Mapper[0m.
[   11.415735] systemd[1]: Listening on Process Core Dump Socket.
[[0;32m  OK  [0m] Listening on [0;1;39mProcess Core Dump Socket[0m.
[   11.420382] systemd[1]: Listening on initctl Compatibility Named Pipe.
[[0;32m  OK  [0m] Listening on [0;1;39minitctl Compatibility Named Pipe[0m.
[   11.425481] systemd[1]: Listening on Journal Socket (/dev/log).
[[0;32m  OK  [0m] Listening on [0;1;39mJournal Socket (/dev/log)[0m.
[   11.430245] systemd[1]: Listening on Journal Socket.
[[0;32m  OK  [0m] Listening on [0;1;39mJournal Socket[0m.
[   11.433722] systemd[1]: Listening on udev Control Socket.
[[0;32m  OK  [0m] Listening on [0;1;39mudev Control Socket[0m.
[   11.436429] systemd[1]: Listening on udev Kernel Socket.
[[0;32m  OK  [0m] Listening on [0;1;39mudev Kernel Socket[0m.
[   11.466047] systemd[1]: Mounting Huge Pages File System...
         Mounting [0;1;39mHuge Pages File System[0m...
[   11.488292] systemd[1]: Mounting POSIX Message Queue File System...
         Mounting [0;1;39mPOSIX Message Queue File System[0m...
[   11.505812] systemd[1]: Mounting Kernel Debug File System...
         Mounting [0;1;39mKernel Debug File System[0m...
[   11.559591] systemd[1]: Mounting Kernel Trace File System...
         Mounting [0;1;39mKernel Trace File System[0m...
[   11.567413] systemd[1]: Kernel Module supporting RPCSEC_GSS was skipped because of an unmet condition check (ConditionPathExists=/etc/krb5.keytab).
[   11.573576] systemd[1]: Create List of Static Device Nodes was skipped because of an unmet condition check (ConditionFileNotEmpty=/lib/modules/6.14.0-06961fbbbd7a+/modules.devname).
[   11.594462] systemd[1]: Starting Monitoring of LVM2 mirrors, snapshots etc. using dmeventd or progress polling...
         Starting [0;1;39mMonitoring of LVM…meventd or progress polling[0m...
[   11.611257] systemd[1]: Starting Load Kernel Module configfs...
         Starting [0;1;39mLoad Kernel Module configfs[0m...
[   11.661629] systemd[1]: Starting Load Kernel Module drm...
         Starting [0;1;39mLoad Kernel Module drm[0m...
[   11.691167] systemd[1]: Starting Load Kernel Module fuse...
         Starting [0;1;39mLoad Kernel Module fuse[0m...
[   11.738304] systemd[1]: Starting Read and set NIS domainname from /etc/sysconfig/network...
         Starting [0;1;39mRead and set NIS …from /etc/sysconfig/network[0m...
[   11.805764] systemd[1]: Starting Journal Service...
         Starting [0;1;39mJournal Service[0m...
[   11.866532] systemd[1]: Starting Load Kernel Modules...
         Starting [0;1;39mLoad Kernel Modules[0m...
[   11.883648] systemd[1]: Starting Generate network units from Kernel command line...
         Starting [0;1;39mGenerate network …ts from Kernel command line[0m...
[   11.938183] systemd[1]: Starting Remount Root and Kernel File Systems...
         Starting [0;1;39mRemount Root and Kernel File Systems[0m...
[   11.940936] systemd[1]: Repartition Root Disk was skipped because no trigger condition checks were met.
[   12.009711] systemd[1]: Starting Coldplug All udev Devices...
         Starting [0;1;39mColdplug All udev Devices[0m...
[   12.057889] systemd[1]: Mounted Huge Pages File System.
[[0;32m  OK  [0m] Mounted [0;1;39mHuge Pages File System[0m.
[   12.060693] systemd[1]: Mounted POSIX Message Queue File System.
[[0;32m  OK  [0m] Mounted [0;1;39mPOSIX Message Queue File System[0m.
[   12.067121] systemd[1]: Mounted Kernel Debug File System.
[[0;32m  OK  [0m] Mounted [0;1;39mKernel Debug File System[0m.
[   12.074215] systemd[1]: Mounted Kernel Trace File System.
[[0;32m  OK  [0m] Mounted [0;1;39mKernel Trace File System[0m.
[   12.084370] systemd[1]: Finished Monitoring of LVM2 mirrors, snapshots etc. using dmeventd or progress polling.
[[0;32m  OK  [0m] Finished [0;1;39mMonitoring of LVM… dmeventd or progress polling[0m.
[   12.091744] systemd[1]: modprobe@configfs.service: Deactivated successfully.
[   12.101493] systemd[1]: Finished Load Kernel Module configfs.
[[0;32m  OK  [0m] Finished [0;1;39mLoad Kernel Module configfs[0m.
[   12.105386] EXT4-fs (sda): re-mounted 088740a9-c8b4-422c-999d-a804eb68a4da r/w. Quota mode: none.
[   12.111312] systemd[1]: modprobe@drm.service: Deactivated successfully.
[   12.126165] systemd[1]: Finished Load Kernel Module drm.
[[0;32m  OK  [0m] Finished [0;1;39mLoad Kernel Module drm[0m.
[   12.148180] systemd[1]: modprobe@fuse.service: Deactivated successfully.
[   12.155347] systemd[1]: Finished Load Kernel Module fuse.
[[0;32m  OK  [0m] Finished [0;1;39mLoad Kernel Module fuse[0m.
[   12.164839] systemd[1]: Finished Read and set NIS domainname from /etc/sysconfig/network.
[[0;32m  OK  [0m] Finished [0;1;39mRead and set NIS …e from /etc/sysconfig/network[0m.
[   12.171525] systemd[1]: systemd-modules-load.service: Main process exited, code=exited, status=1/FAILURE
[   12.179285] systemd[1]: systemd-modules-load.service: Failed with result 'exit-code'.
[   12.186894] systemd[1]: Failed to start Load Kernel Modules.
[[0;1;31mFAILED[0m] Failed to start [0;1;39mLoad Kernel Modules[0m.
See 'systemctl status systemd-modules-load.service' for details.
[   12.195719] systemd[1]: Started Journal Service.
[[0;32m  OK  [0m] Started [0;1;39mJournal Service[0m.
[[0;32m  OK  [0m] Finished [0;1;39mGenerate network units from Kernel command line[0m.
[[0;32m  OK  [0m] Finished [0;1;39mRemount Root and Kernel File Systems[0m.
[[0;32m  OK  [0m] Reached target [0;1;39mPreparation for Network[0m.
         Mounting [0;1;39mFUSE Control File System[0m...
         Mounting [0;1;39mKernel Configuration File System[0m...
         Starting [0;1;39mFlush Journal to Persistent Storage[0m...
         Starting [0;1;39mLoad/Save Random Seed[0m...
         Starting [0;1;39mApply Kernel Variables[0m...
         Starting [0;1;39mCreate Static Device Nodes in /dev[0m...
[   12.454705] systemd-journald[149]: Received client request to flush runtime journal.
         Starting [0;1;39mSetup Virtual Console[0m...
[[0;32m  OK  [0m] Mounted [0;1;39mFUSE Control File System[0m.
[[0;32m  OK  [0m] Mounted [0;1;39mKernel Configuration File System[0m.
[[0;32m  OK  [0m] Finished [0;1;39mFlush Journal to Persistent Storage[0m.
[[0;32m  OK  [0m] Finished [0;1;39mLoad/Save Random Seed[0m.
[[0;32m  OK  [0m] Finished [0;1;39mApply Kernel Variables[0m.
[[0;32m  OK  [0m] Finished [0;1;39mCreate Static Device Nodes in /dev[0m.
         Starting [0;1;39mRule-based Manage…for Device Events and Files[0m...
[[0;32m  OK  [0m] Started [0;1;39mRule-based Manager for Device Events and Files[0m.
         Starting [0;1;39mAuto-connect to s…E devices found during boot[0m...
[[0;32m  OK  [0m] Finished [0;1;39mAuto-connect to s…VME devices found during boot[0m.
[[0;32m  OK  [0m] Finished [0;1;39mSetup Virtual Console[0m.
[[0;32m  OK  [0m] Finished [0;1;39mColdplug All udev Devices[0m.
         Starting [0;1;39mShow Plymouth Boot Screen[0m...
         Starting [0;1;39mWait for udev To …plete Device Initialization[0m...
[2J[3J[-1;-1f[[0;32m  OK  [0m] Started [0;1;39mShow Plymouth Boot Screen[0m.
[[0;32m  OK  [0m] Started [0;1;39mForward Password R…s to Plymouth Directory Watch[0m.
[[0;32m  OK  [0m] Reached target [0;1;39mLocal Encrypted Volumes[0m.
[[0;32m  OK  [0m] Reached target [0;1;39mPath Units[0m.
[[0;32m  OK  [0m] Found device [0;1;39m/dev/ttyS0[0m.
[[0m[0;31m*     [0m] A start job is running for Wait for…ice Initialization (5s / no limit)
M[K[[0;32m  OK  [0m] Listening on [0;1;39mLoad/Save RF …itch Status /dev/rfkill Watch[0m.
[K[[0;32m  OK  [0m] Finished [0;1;39mWait for udev To Complete Device Initialization[0m.
[[0;32m  OK  [0m] Reached target [0;1;39mPreparation for Local File Systems[0m.
[[0;32m  OK  [0m] Reached target [0;1;39mLocal File Systems[0m.
         Starting [0;1;39mTell Plymouth To Write Out Runtime Data[0m...
         Starting [0;1;39mAutomatic Boot Loader Update[0m...
         Starting [0;1;39mCreate Volatile Files and Directories[0m...
[[0;32m  OK  [0m] Finished [0;1;39mTell Plymouth To Write Out Runtime Data[0m.
[[0;32m  OK  [0m] Finished [0;1;39mAutomatic Boot Loader Update[0m.
[[0;32m  OK  [0m] Finished [0;1;39mCreate Volatile Files and Directories[0m.
         Mounting [0;1;39mRPC Pipe File System[0m...
         Starting [0;1;39mSecurity Auditing Service[0m...
         Starting [0;1;39mRPC Bind[0m...
[[0;32m  OK  [0m] Mounted [0;1;39mRPC Pipe File System[0m.
[[0;32m  OK  [0m] Reached target [0;1;39mrpc_pipefs.target[0m.
[[0;32m  OK  [0m] Started [0;1;39mRPC Bind[0m.
[[0;32m  OK  [0m] Started [0;1;39mSecurity Auditing Service[0m.
         Starting [0;1;39mRecord System Boot/Shutdown in UTMP[0m...
[[0;32m  OK  [0m] Finished [0;1;39mRecord System Boot/Shutdown in UTMP[0m.
[[0;32m  OK  [0m] Reached target [0;1;39mSystem Initialization[0m.
[[0;32m  OK  [0m] Started [0;1;39mDaily rotation of log files[0m.
[[0;32m  OK  [0m] Started [0;1;39mUpdates mlocate database every day[0m.
[[0;32m  OK  [0m] Started [0;1;39mDaily Cleanup of Temporary Directories[0m.
[[0;32m  OK  [0m] Started [0;1;39mdaily update of the root trust anchor for DNSSEC[0m.
[[0;32m  OK  [0m] Reached target [0;1;39mTimer Units[0m.
[[0;32m  OK  [0m] Listening on [0;1;39mD-Bus System Message Bus Socket[0m.
[[0;32m  OK  [0m] Listening on [0;1;39mOpen-iSCSI iscsid Socket[0m.
[[0;32m  OK  [0m] Listening on [0;1;39mOpen-iSCSI iscsiuio Socket[0m.
[[0;32m  OK  [0m] Listening on [0;1;39mSSSD Kerberos…ache Manager responder socket[0m.
[[0;32m  OK  [0m] Listening on [0;1;39mLibvirt interface local socket[0m.
[[0;32m  OK  [0m] Listening on [0;1;39mVirtual machine lock manager socket[0m.
[[0;32m  OK  [0m] Listening on [0;1;39mVirtual machine log manager socket[0m.
[[0;32m  OK  [0m] Listening on [0;1;39mLibvirt network local socket[0m.
[[0;32m  OK  [0m] Listening on [0;1;39mLibvirt nodedev local socket[0m.
[[0;32m  OK  [0m] Listening on [0;1;39mLibvirt nwfilter local socket[0m.
[[0;32m  OK  [0m] Listening on [0;1;39mLibvirt proxy local socket[0m.
[[0;32m  OK  [0m] Listening on [0;1;39mLibvirt qemu local socket[0m.
[[0;32m  OK  [0m] Listening on [0;1;39mLibvirt qemu admin socket[0m.
[[0;32m  OK  [0m] Listening on [0;1;39mLibvirt qemu local read-only socket[0m.
[[0;32m  OK  [0m] Listening on [0;1;39mLibvirt secret local socket[0m.
[[0;32m  OK  [0m] Listening on [0;1;39mLibvirt storage local socket[0m.
[[0;32m  OK  [0m] Reached target [0;1;39mSocket Units[0m.
         Starting [0;1;39mD-Bus System Message Bus[0m...
[[0;32m  OK  [0m] Started [0;1;39mD-Bus System Message Bus[0m.
[[0;32m  OK  [0m] Reached target [0;1;39mBasic System[0m.
         Starting [0;1;39mNetwork Manager[0m...
         Starting [0;1;39mNTP client/server[0m...
         Starting [0;1;39mRestore /run/initramfs on shutdown[0m...
[[0;32m  OK  [0m] Started [0;1;39mirqbalance daemon[0m.
[[0;32m  OK  [0m] Started [0;1;39mlibstoragemgmt plug-in server daemon[0m.
[[0;32m  OK  [0m] Started [0;1;39mMachine Check Exception Logging Daemon[0m.
[[0;32m  OK  [0m] Reached target [0;1;39msshd-keygen.target[0m.
[[0;32m  OK  [0m] Reached target [0;1;39mUser and Group Name Lookups[0m.
         Starting [0;1;39mUser Login Management[0m...
         Starting [0;1;39mVirtual Machine a…tainer Registration Service[0m...
[[0;32m  OK  [0m] Finished [0;1;39mRestore /run/initramfs on shutdown[0m.
[[0;32m  OK  [0m] Started [0;1;39mVirtual Machine an…ontainer Registration Service[0m.
         Starting [0;1;39mHostname Service[0m...
[[0;32m  OK  [0m] Started [0;1;39mNTP client/server[0m.
[[0;32m  OK  [0m] Started [0;1;39mUser Login Management[0m.
[[0;32m  OK  [0m] Started [0;1;39mHostname Service[0m.
         Starting [0;1;39mNetwork Manager Script Dispatcher Service[0m...
[[0;32m  OK  [0m] Started [0;1;39mNetwork Manager Script Dispatcher Service[0m.
[   19.945180] e1000: eth0 NIC Link is Up 1000 Mbps Full Duplex, Flow Control: RX
[[0;32m  OK  [0m] Started [0;1;39mNetwork Manager[0m.
[[0;32m  OK  [0m] Reached target [0;1;39mNetwork[0m.
[[0;32m  OK  [0m] Reached target [0;1;39mNetwork is Online[0m.
         Starting [0;1;39mGSSAPI Proxy Daemon[0m...
         Starting [0;1;39mNotify NFS peers of a restart[0m...
         Starting [0;1;39mSystem Logging Service[0m...
         Starting [0;1;39mOpenSSH server daemon[0m...
         Starting [0;1;39mDynamic System Tuning Daemon[0m...
[[0;32m  OK  [0m] Started [0;1;39mNotify NFS peers of a restart[0m.
[[0;32m  OK  [0m] Started [0;1;39mGSSAPI Proxy Daemon[0m.
[[0;32m  OK  [0m] Reached target [0;1;39mNFS client services[0m.
[[0;32m  OK  [0m] Reached target [0;1;39mPreparation for Remote File Systems[0m.
[[0;32m  OK  [0m] Reached target [0;1;39mRemote File Systems[0m.
         Starting [0;1;39mPermit User Sessions[0m...
         Starting [0;1;39mVirtualization qemu daemon[0m...
[[0;32m  OK  [0m] Started [0;1;39mOpenSSH server daemon[0m.
[[0;32m  OK  [0m] Finished [0;1;39mPermit User Sessions[0m.
[[0;32m  OK  [0m] Started [0;1;39mDeferred execution scheduler[0m.
[[0;32m  OK  [0m] Started [0;1;39mCommand Scheduler[0m.
         Starting [0;1;39mHold until boot process finishes up[0m...
         Starting [0;1;39mTerminate Plymouth Boot Screen[0m...
[[0;32m  OK  [0m] Started [0;1;39mSystem Logging Service[0m.
[[0;32m  OK  [0m] Started [0;1;39mVirtualization qemu daemon[0m.

CentOS Stream 9
Kernel 6.14.0-06961fbbbd7a+ on an x86_64

Activate the web console with: systemctl enable --now cockpit.socket

test login: [   42.787060] coredump: 818(repro): over core_pipe_limit, skipping core dump
[   42.825260] coredump: 826(repro): over core_pipe_limit, skipping core dump
[   43.279122] coredump: 835(repro): over core_pipe_limit, skipping core dump
[   43.334694] coredump: 844(repro): over core_pipe_limit, skipping core dump
[   43.411695] coredump: 854(repro): over core_pipe_limit, skipping core dump
[   43.552448] coredump: 832(repro): over core_pipe_limit, skipping core dump
[   44.068497] coredump: 862(repro): over core_pipe_limit, skipping core dump
[   45.501011] coredump: 898(repro): over core_pipe_limit, skipping core dump
[   45.549006] coredump: 902(repro): over core_pipe_limit, skipping core dump
[   46.485862] coredump: 919(repro): over core_pipe_limit, skipping core dump
[   48.237012] do_coredump: 1 callbacks suppressed
[   48.237026] coredump: 941(repro): over core_pipe_limit, skipping core dump
[   49.706686] coredump: 1012(repro): over core_pipe_limit, skipping core dump
[   50.229897] coredump: 1002(repro): over core_pipe_limit, skipping core dump
[   52.030686] coredump: 1033(repro): over core_pipe_limit, skipping core dump
[   52.039314] coredump: 1031(repro): over core_pipe_limit, skipping core dump
[   52.195205] coredump: 1028(repro): over core_pipe_limit, skipping core dump
[   53.795243] coredump: 1066(repro): over core_pipe_limit, skipping core dump
[   55.066462] coredump: 1101(repro): over core_pipe_limit, skipping core dump
[   55.672595] coredump: 1121(repro): over core_pipe_limit, skipping core dump
[   55.905317] coredump: 1113(repro): over core_pipe_limit, skipping core dump
[   56.144497] coredump: 1133(repro): over core_pipe_limit, skipping core dump
[   56.489627] coredump: 1127(repro): over core_pipe_limit, skipping core dump
[   57.435384] coredump: 1137(repro): over core_pipe_limit, skipping core dump
[   57.532104] coredump: 1164(repro): over core_pipe_limit, skipping core dump
[   59.214109] coredump: 1201(repro): over core_pipe_limit, skipping core dump
[   60.684517] coredump: 1227(repro): over core_pipe_limit, skipping core dump
[   61.038256] coredump: 1236(repro): over core_pipe_limit, skipping core dump
[   62.869587] coredump: 1273(repro): over core_pipe_limit, skipping core dump
[   62.913284] coredump: 1267(repro): over core_pipe_limit, skipping core dump
[   63.065604] coredump: 1288(repro): over core_pipe_limit, skipping core dump
[   63.143661] coredump: 1297(repro): over core_pipe_limit, skipping core dump
[   64.445881] coredump: 1317(repro): over core_pipe_limit, skipping core dump
[   64.469639] coredump: 1333(repro): over core_pipe_limit, skipping core dump
[   64.598403] coredump: 1358(repro): over core_pipe_limit, skipping core dump
[   65.401539] coredump: 1335(repro): over core_pipe_limit, skipping core dump
[   65.569422] coredump: 1355(repro): over core_pipe_limit, skipping core dump
[   68.339208] coredump: 1411(repro): over core_pipe_limit, skipping core dump
[   69.413662] coredump: 1430(repro): over core_pipe_limit, skipping core dump
[   70.017275] coredump: 1442(repro): over core_pipe_limit, skipping core dump
[   70.385086] coredump: 1439(repro): over core_pipe_limit, skipping core dump
[   73.580012] coredump: 1525(repro): over core_pipe_limit, skipping core dump
[   73.582963] coredump: 1508(repro): over core_pipe_limit, skipping core dump
[   75.433049] coredump: 1549(repro): over core_pipe_limit, skipping core dump
[   75.768535] coredump: 1557(repro): over core_pipe_limit, skipping core dump
[   75.853096] coredump: 1564(repro): over core_pipe_limit, skipping core dump
[   76.023761] coredump: 1596(repro): over core_pipe_limit, skipping core dump
[   78.629992] coredump: 1637(repro): over core_pipe_limit, skipping core dump
[   80.113304] coredump: 1655(repro): over core_pipe_limit, skipping core dump
[   80.349427] coredump: 1669(repro): over core_pipe_limit, skipping core dump
[   80.514360] coredump: 1677(repro): over core_pipe_limit, skipping core dump
[   80.647409] coredump: 1709(repro): over core_pipe_limit, skipping core dump
[   80.868991] coredump: 1689(repro): over core_pipe_limit, skipping core dump
[   80.905009] coredump: 1682(repro): over core_pipe_limit, skipping core dump
[   83.316839] coredump: 1751(repro): over core_pipe_limit, skipping core dump
[   84.251057] coredump: 1764(repro): over core_pipe_limit, skipping core dump
[   85.310780] systemd-journald[149]: Data hash table of /run/log/journal/938775788448454bb5b34822d5730c41/system.journal has a fill level at 75.0 (5442 of 7253 items, 4177920 file size, 767 bytes per hash table item), suggesting rotation.
[   85.314695] systemd-journald[149]: /run/log/journal/938775788448454bb5b34822d5730c41/system.journal: Journal header limits reached or header out-of-date, rotating.
[   86.423809] coredump: 1819(repro): over core_pipe_limit, skipping core dump
[   87.134376] coredump: 1836(repro): over core_pipe_limit, skipping core dump
[   87.444980] coredump: 1832(repro): over core_pipe_limit, skipping core dump
[   89.745503] coredump: 1881(repro): over core_pipe_limit, skipping core dump
[   90.937132] coredump: 1902(repro): over core_pipe_limit, skipping core dump
[   91.089810] coredump: 1927(repro): over core_pipe_limit, skipping core dump
[   91.253008] coredump: 1923(repro): over core_pipe_limit, skipping core dump
[   91.387446] coredump: 1950(repro): over core_pipe_limit, skipping core dump
[   91.623237] coredump: 1962(repro): over core_pipe_limit, skipping core dump
[   91.733104] coredump: 1918(repro): over core_pipe_limit, skipping core dump
[   91.745888] coredump: 1937(repro): over core_pipe_limit, skipping core dump
[   93.034252] coredump: 1970(repro): over core_pipe_limit, skipping core dump
[   93.421071] coredump: 1977(repro): over core_pipe_limit, skipping core dump
[   93.697056] coredump: 1988(repro): over core_pipe_limit, skipping core dump
[   94.190457] coredump: 1990(repro): over core_pipe_limit, skipping core dump
[   96.475121] coredump: 2092(repro): over core_pipe_limit, skipping core dump
[   96.597482] coredump: 2049(repro): over core_pipe_limit, skipping core dump
[   96.731969] coredump: 2051(repro): over core_pipe_limit, skipping core dump
[   97.067669] coredump: 2064(repro): over core_pipe_limit, skipping core dump
[   97.357066] coredump: 2072(repro): over core_pipe_limit, skipping core dump
[   97.453616] coredump: 2086(repro): over core_pipe_limit, skipping core dump
[   98.505226] coredump: 2095(repro): over core_pipe_limit, skipping core dump
[   98.590481] coredump: 2105(repro): over core_pipe_limit, skipping core dump
[   99.069628] coredump: 2120(repro): over core_pipe_limit, skipping core dump
[  103.005157] coredump: 2232(repro): over core_pipe_limit, skipping core dump
[  103.933018] coredump: 2194(repro): over core_pipe_limit, skipping core dump
[  104.694351] coredump: 2239(repro): over core_pipe_limit, skipping core dump
[  104.841052] coredump: 2252(repro): over core_pipe_limit, skipping core dump
[  106.400435] coredump: 2265(repro): over core_pipe_limit, skipping core dump
[  107.116503] coredump: 2301(repro): over core_pipe_limit, skipping core dump
[  107.962200] coredump: 2320(repro): over core_pipe_limit, skipping core dump
[  111.973055] coredump: 2365(repro): over core_pipe_limit, skipping core dump
[  112.465213] coredump: 2391(repro): over core_pipe_limit, skipping core dump
[  112.683869] coredump: 2400(repro): over core_pipe_limit, skipping core dump
[  112.730460] coredump: 2407(repro): over core_pipe_limit, skipping core dump
[  115.833059] coredump: 2466(repro): over core_pipe_limit, skipping core dump
[  115.942883] coredump: 2486(repro): over core_pipe_limit, skipping core dump
[  116.040983] coredump: 2480(repro): over core_pipe_limit, skipping core dump
[  116.409009] coredump: 2489(repro): over core_pipe_limit, skipping core dump
[  116.803975] coredump: 2504(repro): over core_pipe_limit, skipping core dump
[  117.001097] coredump: 2499(repro): over core_pipe_limit, skipping core dump
[  117.053981] coredump: 2494(repro): over core_pipe_limit, skipping core dump
[  118.670188] coredump: 2536(repro): over core_pipe_limit, skipping core dump
[  119.909259] coredump: 2570(repro): over core_pipe_limit, skipping core dump
[  119.942961] coredump: 2576(repro): over core_pipe_limit, skipping core dump
[  120.031261] coredump: 2580(repro): over core_pipe_limit, skipping core dump
[  120.363244] coredump: 2582(repro): over core_pipe_limit, skipping core dump
[  121.831405] coredump: 2632(repro): over core_pipe_limit, skipping core dump
[  122.089013] coredump: 2649(repro): over core_pipe_limit, skipping core dump
[  125.261747] coredump: 2701(repro): over core_pipe_limit, skipping core dump
[  125.429545] coredump: 2707(repro): over core_pipe_limit, skipping core dump
[  125.897324] coredump: 2710(repro): over core_pipe_limit, skipping core dump
[  127.581474] coredump: 2753(repro): over core_pipe_limit, skipping core dump
[  128.817012] coredump: 2762(repro): over core_pipe_limit, skipping core dump
[  128.857135] coredump: 2781(repro): over core_pipe_limit, skipping core dump
[  128.920981] coredump: 2768(repro): over core_pipe_limit, skipping core dump
[  128.944265] coredump: 2778(repro): over core_pipe_limit, skipping core dump
[  130.841976] coredump: 2824(repro): over core_pipe_limit, skipping core dump
[  130.982012] coredump: 2832(repro): over core_pipe_limit, skipping core dump
[  131.070802] coredump: 2855(repro): over core_pipe_limit, skipping core dump
[  131.211930] coredump: 2853(repro): over core_pipe_limit, skipping core dump
[  131.265524] coredump: 2846(repro): over core_pipe_limit, skipping core dump
[  135.212624] coredump: 2917(repro): over core_pipe_limit, skipping core dump
[  135.941780] coredump: 2939(repro): over core_pipe_limit, skipping core dump
[  136.410891] coredump: 2962(repro): over core_pipe_limit, skipping core dump
[  136.519693] coredump: 2982(repro): over core_pipe_limit, skipping core dump
[  136.769051] coredump: 2972(repro): over core_pipe_limit, skipping core dump
[  136.961021] coredump: 2960(repro): over core_pipe_limit, skipping core dump
[  137.335127] coredump: 3011(repro): over core_pipe_limit, skipping core dump
[  137.404955] coredump: 2989(repro): over core_pipe_limit, skipping core dump
[  140.251629] coredump: 3041(repro): over core_pipe_limit, skipping core dump
[  140.375118] coredump: 3047(repro): over core_pipe_limit, skipping core dump
[  140.461361] coredump: 3043(repro): over core_pipe_limit, skipping core dump
[  140.501006] coredump: 3045(repro): over core_pipe_limit, skipping core dump
[  142.147941] coredump: 3092(repro): over core_pipe_limit, skipping core dump
[  142.192359] coredump: 3088(repro): over core_pipe_limit, skipping core dump
[  142.278443] coredump: 3103(repro): over core_pipe_limit, skipping core dump
[  143.205009] coredump: 3124(repro): over core_pipe_limit, skipping core dump
[  144.789284] coredump: 3155(repro): over core_pipe_limit, skipping core dump
[  146.935691] coredump: 3202(repro): over core_pipe_limit, skipping core dump
[  147.694762] coredump: 3219(repro): over core_pipe_limit, skipping core dump
[  148.095363] coredump: 3222(repro): over core_pipe_limit, skipping core dump
[  149.503263] coredump: 3260(repro): over core_pipe_limit, skipping core dump
[  149.553621] coredump: 3291(repro): over core_pipe_limit, skipping core dump
[  149.707247] coredump: 3270(repro): over core_pipe_limit, skipping core dump
[  150.018549] coredump: 3250(repro): over core_pipe_limit, skipping core dump
[  150.108539] coredump: 3263(repro): over core_pipe_limit, skipping core dump
[  150.160233] coredump: 3275(repro): over core_pipe_limit, skipping core dump
[  153.344577] coredump: 3365(repro): over core_pipe_limit, skipping core dump
[  153.401275] coredump: 3356(repro): over core_pipe_limit, skipping core dump
[  153.593680] coredump: 3397(repro): over core_pipe_limit, skipping core dump
[  155.597156] coredump: 3405(repro): over core_pipe_limit, skipping core dump
[  155.713560] coredump: 3410(repro): over core_pipe_limit, skipping core dump
[  156.048183] coredump: 3420(repro): over core_pipe_limit, skipping core dump
[  157.504262] coredump: 3438(repro): over core_pipe_limit, skipping core dump
[  157.770289] coredump: 3457(repro): over core_pipe_limit, skipping core dump
[  157.869013] coredump: 3464(repro): over core_pipe_limit, skipping core dump
[  160.226052] coredump: 3508(repro): over core_pipe_limit, skipping core dump
[  160.270475] coredump: 3510(repro): over core_pipe_limit, skipping core dump
[  161.802634] coredump: 3537(repro): over core_pipe_limit, skipping core dump
[  162.274090] coredump: 3572(repro): over core_pipe_limit, skipping core dump
[  162.463152] coredump: 3548(repro): over core_pipe_limit, skipping core dump
[  162.469001] coredump: 3551(repro): over core_pipe_limit, skipping core dump
[  162.569201] coredump: 3562(repro): over core_pipe_limit, skipping core dump
[  165.893011] coredump: 3630(repro): over core_pipe_limit, skipping core dump
[  165.949078] coredump: 3617(repro): over core_pipe_limit, skipping core dump
[  166.841032] coredump: 3667(repro): over core_pipe_limit, skipping core dump
[  167.019320] coredump: 3655(repro): over core_pipe_limit, skipping core dump
[  167.180996] coredump: 3690(repro): over core_pipe_limit, skipping core dump
[  167.960800] coredump: 3681(repro): over core_pipe_limit, skipping core dump
[  168.297717] coredump: 3708(repro): over core_pipe_limit, skipping core dump
[  168.469063] coredump: 3702(repro): over core_pipe_limit, skipping core dump
[  168.497082] coredump: 3698(repro): over core_pipe_limit, skipping core dump
[  168.513026] coredump: 3692(repro): over core_pipe_limit, skipping core dump
[  173.557003] coredump: 3795(repro): over core_pipe_limit, skipping core dump
[  173.597189] coredump: 3789(repro): over core_pipe_limit, skipping core dump
[  173.798181] coredump: 3815(repro): over core_pipe_limit, skipping core dump
[  174.132989] coredump: 3804(repro): over core_pipe_limit, skipping core dump
[  177.493171] coredump: 3917(repro): over core_pipe_limit, skipping core dump
[  179.024997] coredump: 3899(repro): over core_pipe_limit, skipping core dump
[  179.216764] coredump: 3931(repro): over core_pipe_limit, skipping core dump
[  179.373866] coredump: 3921(repro): over core_pipe_limit, skipping core dump
[  179.577689] coredump: 3950(repro): over core_pipe_limit, skipping core dump
[  179.634210] coredump: 3944(repro): over core_pipe_limit, skipping core dump
[  179.729013] coredump: 3960(repro): over core_pipe_limit, skipping core dump
[  179.871942] coredump: 3956(repro): over core_pipe_limit, skipping core dump
[  180.080531] coredump: 3964(repro): over core_pipe_limit, skipping core dump
[  180.876168] coredump: 3990(repro): over core_pipe_limit, skipping core dump
[  181.042726] systemd-journald[149]: Data hash table of /run/log/journal/938775788448454bb5b34822d5730c41/system.journal has a fill level at 75.0 (5440 of 7253 items, 4177920 file size, 768 bytes per hash table item), suggesting rotation.
[  181.062916] systemd-journald[149]: /run/log/journal/938775788448454bb5b34822d5730c41/system.journal: Journal header limits reached or header out-of-date, rotating.
[  181.454879] coredump: 4005(repro): over core_pipe_limit, skipping core dump
[  184.433928] coredump: 4048(repro): over core_pipe_limit, skipping core dump
[  184.477000] coredump: 4043(repro): over core_pipe_limit, skipping core dump
[  184.899728] coredump: 4075(repro): over core_pipe_limit, skipping core dump
[  185.049801] coredump: 4062(repro): over core_pipe_limit, skipping core dump
[  185.162165] coredump: 4089(repro): over core_pipe_limit, skipping core dump
[  185.174769] coredump: 4095(repro): over core_pipe_limit, skipping core dump
[  185.408985] coredump: 4100(repro): over core_pipe_limit, skipping core dump
[  185.734451] coredump: 4105(repro): over core_pipe_limit, skipping core dump
[  185.741002] coredump: 4107(repro): over core_pipe_limit, skipping core dump
[  185.936992] coredump: 4129(repro): over core_pipe_limit, skipping core dump
[  190.477813] do_coredump: 1 callbacks suppressed
[  190.477828] coredump: 4153(repro): over core_pipe_limit, skipping core dump
[  191.026541] coredump: 4175(repro): over core_pipe_limit, skipping core dump
[  191.429036] coredump: 4183(repro): over core_pipe_limit, skipping core dump
[  191.963123] coredump: 4225(repro): over core_pipe_limit, skipping core dump
[  192.269006] coredump: 4238(repro): over core_pipe_limit, skipping core dump
[  192.508995] coredump: 4254(repro): over core_pipe_limit, skipping core dump
[  192.562388] coredump: 4243(repro): over core_pipe_limit, skipping core dump
[  192.877003] coredump: 4266(repro): over core_pipe_limit, skipping core dump
[  193.005030] coredump: 4275(repro): over core_pipe_limit, skipping core dump
[  193.072992] coredump: 4264(repro): over core_pipe_limit, skipping core dump
[  196.596452] do_coredump: 4 callbacks suppressed
[  196.596466] coredump: 4333(repro): over core_pipe_limit, skipping core dump
[  196.597133] coredump: 4325(repro): over core_pipe_limit, skipping core dump
[  196.764940] coredump: 4341(repro): over core_pipe_limit, skipping core dump
[  198.093013] coredump: 4372(repro): over core_pipe_limit, skipping core dump
[  198.176395] coredump: 4392(repro): over core_pipe_limit, skipping core dump
[  199.219160] coredump: 4405(repro): over core_pipe_limit, skipping core dump
[  200.686397] coredump: 4439(repro): over core_pipe_limit, skipping core dump
[  200.813683] coredump: 4441(repro): over core_pipe_limit, skipping core dump
[  201.476840] coredump: 4454(repro): over core_pipe_limit, skipping core dump
[  201.581002] coredump: 4449(repro): over core_pipe_limit, skipping core dump
[  201.739188] coredump: 4486(repro): over core_pipe_limit, skipping core dump
[  203.645472] coredump: 4508(repro): over core_pipe_limit, skipping core dump
[  203.661019] coredump: 4498(repro): over core_pipe_limit, skipping core dump
[  205.104441] coredump: 4533(repro): over core_pipe_limit, skipping core dump
[  205.144973] coredump: 4543(repro): over core_pipe_limit, skipping core dump
[  206.737052] coredump: 4571(repro): over core_pipe_limit, skipping core dump
[  208.679357] coredump: 4607(repro): over core_pipe_limit, skipping core dump
[  209.937360] coredump: 4637(repro): over core_pipe_limit, skipping core dump
[  210.461440] coredump: 4644(repro): over core_pipe_limit, skipping core dump
[  210.521428] coredump: 4656(repro): over core_pipe_limit, skipping core dump
[  210.660989] coredump: 4662(repro): over core_pipe_limit, skipping core dump
[  211.869362] coredump: 4693(repro): over core_pipe_limit, skipping core dump
[  211.976127] coredump: 4710(repro): over core_pipe_limit, skipping core dump
[  212.333101] coredump: 4698(repro): over core_pipe_limit, skipping core dump
[  212.389860] coredump: 4700(repro): over core_pipe_limit, skipping core dump
[  214.511732] coredump: 4738(repro): over core_pipe_limit, skipping core dump
[  215.509015] coredump: 4765(repro): over core_pipe_limit, skipping core dump
[  215.656421] coredump: 4767(repro): over core_pipe_limit, skipping core dump
[  216.776610] coredump: 4779(repro): over core_pipe_limit, skipping core dump
[  216.974737] coredump: 4797(repro): over core_pipe_limit, skipping core dump
[  217.521722] coredump: 4824(repro): over core_pipe_limit, skipping core dump
[  218.481610] coredump: 4853(repro): over core_pipe_limit, skipping core dump
[  218.575670] coredump: 4840(repro): over core_pipe_limit, skipping core dump
[  218.717755] coredump: 4884(repro): over core_pipe_limit, skipping core dump
[  219.001024] coredump: 4851(repro): over core_pipe_limit, skipping core dump
[  222.193011] coredump: 4900(repro): over core_pipe_limit, skipping core dump
[  223.217951] coredump: 4924(repro): over core_pipe_limit, skipping core dump
[  223.361047] coredump: 4945(repro): over core_pipe_limit, skipping core dump
[  224.151833] coredump: 4998(repro): over core_pipe_limit, skipping core dump
[  224.189375] coredump: 4948(repro): over core_pipe_limit, skipping core dump
[  224.290544] coredump: 4959(repro): over core_pipe_limit, skipping core dump
[  224.372982] coredump: 4982(repro): over core_pipe_limit, skipping core dump
[  224.473293] coredump: 4988(repro): over core_pipe_limit, skipping core dump
[  226.725703] coredump: 5025(repro): over core_pipe_limit, skipping core dump
[  227.986246] coredump: 5071(repro): over core_pipe_limit, skipping core dump
[  228.117074] coredump: 5045(repro): over core_pipe_limit, skipping core dump
[  228.313051] coredump: 5083(repro): over core_pipe_limit, skipping core dump
[  229.517011] coredump: 5090(repro): over core_pipe_limit, skipping core dump
[  230.955134] coredump: 5116(repro): over core_pipe_limit, skipping core dump
[  231.128077] coredump: 5130(repro): over core_pipe_limit, skipping core dump
[  231.142549] coredump: 5144(repro): over core_pipe_limit, skipping core dump
[  233.196525] coredump: 5156(repro): over core_pipe_limit, skipping core dump
[  233.826803] coredump: 5200(repro): over core_pipe_limit, skipping core dump
[  234.442231] coredump: 5211(repro): over core_pipe_limit, skipping core dump
[  236.773339] coredump: 5247(repro): over core_pipe_limit, skipping core dump
[  237.138407] coredump: 5262(repro): over core_pipe_limit, skipping core dump
[  238.045002] coredump: 5287(repro): over core_pipe_limit, skipping core dump
[  238.182383] coredump: 5268(repro): over core_pipe_limit, skipping core dump
[  239.149373] coredump: 5315(repro): over core_pipe_limit, skipping core dump
[  239.284658] coredump: 5325(repro): over core_pipe_limit, skipping core dump
[  240.831653] coredump: 5356(repro): over core_pipe_limit, skipping core dump
[  241.142297] coredump: 5370(repro): over core_pipe_limit, skipping core dump
[  241.341687] coredump: 5383(repro): over core_pipe_limit, skipping core dump
[  243.456991] coredump: 5385(repro): over core_pipe_limit, skipping core dump
[  244.607072] coredump: 5428(repro): over core_pipe_limit, skipping core dump
[  244.718531] coredump: 5430(repro): over core_pipe_limit, skipping core dump
[  244.862408] coredump: 5423(repro): over core_pipe_limit, skipping core dump
[  248.025988] coredump: 5509(repro): over core_pipe_limit, skipping core dump
[  248.268996] coredump: 5505(repro): over core_pipe_limit, skipping core dump
[  248.506702] coredump: 5511(repro): over core_pipe_limit, skipping core dump
[  249.907689] coredump: 5563(repro): over core_pipe_limit, skipping core dump
[  251.126324] coredump: 5574(repro): over core_pipe_limit, skipping core dump
[  252.070685] coredump: 5609(repro): over core_pipe_limit, skipping core dump
