c[?7l[2J[0mSeaBIOS (version rel-1.16.3-0-ga6ed6b701f0a-prebuilt.qemu.org)


iPXE (http://ipxe.org) 00:03.0 CA00 PCI2.10 PnP PMM+7EFD0C90+7EF30C90 CA00
Press Ctrl-B to configure iPXE (PCI 00:03.0)...                                                                               


Booting from ROM...
c[?7l[2J[    0.000000] Linux version 6.14.0-rc7-4476e7f81467+ (root@localhost.localdomain) (gcc (GCC) 11.5.0 20240719 (Red Hat 11.5.0-2), GNU ld version 2.35.2-54.el9) #1 SMP PREEMPT_DYNAMIC Sun Jun  1 20:22:54 CST 2025
[    0.000000] Command line: console=ttyS0 root=/dev/sda earlyprintk=serial net.ifnames=0 thunderbolt.dyndbg
[    0.000000] KERNEL supported cpus:
[    0.000000]   Intel GenuineIntel
[    0.000000]   AMD AuthenticAMD
[    0.000000]   Hygon HygonGenuine
[    0.000000]   Centaur CentaurHauls
[    0.000000]   zhaoxin   Shanghai  
[    0.000000] BIOS-provided physical RAM map:
[    0.000000] BIOS-e820: [mem 0x0000000000000000-0x000000000009fbff] usable
[    0.000000] BIOS-e820: [mem 0x000000000009fc00-0x000000000009ffff] reserved
[    0.000000] BIOS-e820: [mem 0x00000000000f0000-0x00000000000fffff] reserved
[    0.000000] BIOS-e820: [mem 0x0000000000100000-0x000000007ffdffff] usable
[    0.000000] BIOS-e820: [mem 0x000000007ffe0000-0x000000007fffffff] reserved
[    0.000000] BIOS-e820: [mem 0x00000000feffc000-0x00000000feffffff] reserved
[    0.000000] BIOS-e820: [mem 0x00000000fffc0000-0x00000000ffffffff] reserved
[    0.000000] printk: legacy bootconsole [earlyser0] enabled
[    0.000000] NX (Execute Disable) protection: active
[    0.000000] APIC: Static calls initialized
[    0.000000] SMBIOS 2.8 present.
[    0.000000] DMI: QEMU Standard PC (i440FX + PIIX, 1996), BIOS rel-1.16.3-0-ga6ed6b701f0a-prebuilt.qemu.org 04/01/2014
[    0.000000] DMI: Memory slots populated: 1/1
[    0.000000] Hypervisor detected: KVM
[    0.000000] kvm-clock: Using msrs 4b564d01 and 4b564d00
[    0.000004] kvm-clock: using sched offset of 665873628 cycles
[    0.000816] clocksource: kvm-clock: mask: 0xffffffffffffffff max_cycles: 0x1cd42e4dffb, max_idle_ns: 881590591483 ns
[    0.003334] tsc: Detected 2095.076 MHz processor
[    0.013499] last_pfn = 0x7ffe0 max_arch_pfn = 0x400000000
[    0.014397] MTRR map: 4 entries (3 fixed + 1 variable; max 19), built from 8 variable MTRRs
[    0.015721] x86/PAT: Configuration [0-7]: WB  WC  UC- UC  WB  WP  UC- WT  
[    0.027726] found SMP MP-table at [mem 0x000f5480-0x000f548f]
[    0.028628] Using GB pages for direct mapping
[    0.033027] ACPI: Early table checksum verification disabled
[    0.033874] ACPI: RSDP 0x00000000000F52A0 000014 (v00 BOCHS )
[    0.034737] ACPI: RSDT 0x000000007FFE2390 000034 (v01 BOCHS  BXPC     00000001 BXPC 00000001)
[    0.036008] ACPI: FACP 0x000000007FFE223C 000074 (v01 BOCHS  BXPC     00000001 BXPC 00000001)
[    0.037282] ACPI: DSDT 0x000000007FFE0040 0021FC (v01 BOCHS  BXPC     00000001 BXPC 00000001)
[    0.038557] ACPI: FACS 0x000000007FFE0000 000040
[    0.039249] ACPI: APIC 0x000000007FFE22B0 000080 (v03 BOCHS  BXPC     00000001 BXPC 00000001)
[    0.040519] ACPI: HPET 0x000000007FFE2330 000038 (v01 BOCHS  BXPC     00000001 BXPC 00000001)
[    0.041784] ACPI: WAET 0x000000007FFE2368 000028 (v01 BOCHS  BXPC     00000001 BXPC 00000001)
[    0.043040] ACPI: Reserving FACP table memory at [mem 0x7ffe223c-0x7ffe22af]
[    0.044074] ACPI: Reserving DSDT table memory at [mem 0x7ffe0040-0x7ffe223b]
[    0.045107] ACPI: Reserving FACS table memory at [mem 0x7ffe0000-0x7ffe003f]
[    0.046143] ACPI: Reserving APIC table memory at [mem 0x7ffe22b0-0x7ffe232f]
[    0.047177] ACPI: Reserving HPET table memory at [mem 0x7ffe2330-0x7ffe2367]
[    0.048210] ACPI: Reserving WAET table memory at [mem 0x7ffe2368-0x7ffe238f]
[    0.050433] No NUMA configuration found
[    0.051049] Faking a node at [mem 0x0000000000000000-0x000000007ffdffff]
[    0.052175] NODE_DATA(0) allocated [mem 0x7ffb5000-0x7ffdfc7f]
[    0.053834] Zone ranges:
[    0.054229]   DMA      [mem 0x0000000000001000-0x0000000000ffffff]
[    0.055194]   DMA32    [mem 0x0000000001000000-0x000000007ffdffff]
[    0.056161]   Normal   empty
[    0.056625]   Device   empty
[    0.057064] Movable zone start for each node
[    0.057763] Early memory node ranges
[    0.058329]   node   0: [mem 0x0000000000001000-0x000000000009efff]
[    0.059313]   node   0: [mem 0x0000000000100000-0x000000007ffdffff]
[    0.060276] Initmem setup node 0 [mem 0x0000000000001000-0x000000007ffdffff]
[    0.061742] On node 0, zone DMA: 1 pages in unavailable ranges
[    0.062945] On node 0, zone DMA: 97 pages in unavailable ranges
[    0.100253] On node 0, zone DMA32: 32 pages in unavailable ranges
[    0.168407] kasan: KernelAddressSanitizer initialized
[    0.169590] ACPI: PM-Timer IO Port: 0x608
[    0.170213] ACPI: LAPIC_NMI (acpi_id[0xff] dfl dfl lint[0x1])
[    0.171130] IOAPIC[0]: apic_id 0, version 17, address 0xfec00000, GSI 0-23
[    0.172157] ACPI: INT_SRC_OVR (bus 0 bus_irq 0 global_irq 2 dfl dfl)
[    0.173096] ACPI: INT_SRC_OVR (bus 0 bus_irq 5 global_irq 5 high level)
[    0.174072] ACPI: INT_SRC_OVR (bus 0 bus_irq 9 global_irq 9 high level)
[    0.175053] ACPI: INT_SRC_OVR (bus 0 bus_irq 10 global_irq 10 high level)
[    0.176056] ACPI: INT_SRC_OVR (bus 0 bus_irq 11 global_irq 11 high level)
[    0.177072] ACPI: Using ACPI (MADT) for SMP configuration information
[    0.178018] ACPI: HPET id: 0x8086a201 base: 0xfed00000
[    0.178784] TSC deadline timer available
[    0.179370] CPU topo: Max. logical packages:   1
[    0.180052] CPU topo: Max. logical dies:       1
[    0.180769] CPU topo: Max. dies per package:   1
[    0.181498] CPU topo: Max. threads per core:   1
[    0.182217] CPU topo: Num. cores per package:     2
[    0.182982] CPU topo: Num. threads per package:   2
[    0.183747] CPU topo: Allowing 2 present CPUs plus 0 hotplug CPUs
[    0.184766] kvm-guest: APIC: eoi() replaced with kvm_guest_apic_eoi_write()
[    0.185890] kvm-guest: KVM setup pv remote TLB flush
[    0.186682] kvm-guest: setup PV sched yield
[    0.187373] PM: hibernation: Registered nosave memory: [mem 0x00000000-0x00000fff]
[    0.188585] PM: hibernation: Registered nosave memory: [mem 0x0009f000-0x0009ffff]
[    0.189785] PM: hibernation: Registered nosave memory: [mem 0x000a0000-0x000effff]
[    0.190969] PM: hibernation: Registered nosave memory: [mem 0x000f0000-0x000fffff]
[    0.192173] [mem 0x80000000-0xfeffbfff] available for PCI devices
[    0.193095] Booting paravirtualized kernel on KVM
[    0.193811] clocksource: refined-jiffies: mask: 0xffffffff max_cycles: 0xffffffff, max_idle_ns: 7645519600211568 ns
[    0.195394] setup_percpu: NR_CPUS:8192 nr_cpumask_bits:2 nr_cpu_ids:2 nr_node_ids:1
[    0.197140] percpu: Embedded 84 pages/cpu s307200 r8192 d28672 u1048576
[    0.198347] kvm-guest: PV spinlocks enabled
[    0.199002] PV qspinlock hash table entries: 256 (order: 0, 4096 bytes, linear)
[    0.200129] Kernel command line: net.ifnames=0 console=ttyS0 root=/dev/sda earlyprintk=serial net.ifnames=0 thunderbolt.dyndbg
[    0.202247] random: crng init done
[    0.202782] printk: log buffer data + meta data: 262144 + 917504 = 1179648 bytes
[    0.204441] Dentry cache hash table entries: 262144 (order: 9, 2097152 bytes, linear)
[    0.205792] Inode-cache hash table entries: 131072 (order: 8, 1048576 bytes, linear)
[    0.207293] Fallback order for Node 0: 0 
[    0.207316] Built 1 zonelists, mobility grouping on.  Total pages: 524158
[    0.208961] Policy zone: DMA32
[    0.209431] mem auto-init: stack:off, heap alloc:off, heap free:off
[    0.210367] stackdepot: allocating hash table via alloc_large_system_hash
[    0.211377] stackdepot hash table entries: 1048576 (order: 12, 16777216 bytes, linear)
[    0.280426] SLUB: HWalign=64, Order=0-3, MinObjects=0, CPUs=2, Nodes=1
[    0.281490] kmemleak: Kernel memory leak detector disabled
[    0.282432] Kernel/User page tables isolation: enabled
[    0.283540] ftrace: allocating 73585 entries in 288 pages
[    0.313331] ftrace: allocated 288 pages with 2 groups
[    0.318629] Dynamic Preempt: voluntary
[    0.319708] Running RCU self tests
[    0.320227] Running RCU synchronous self tests
[    0.320909] rcu: Preemptible hierarchical RCU implementation.
[    0.321774] rcu: 	RCU lockdep checking is enabled.
[    0.322481] rcu: 	RCU restricting CPUs from NR_CPUS=8192 to nr_cpu_ids=2.
[    0.323463] 	Trampoline variant of Tasks RCU enabled.
[    0.324183] 	Rude variant of Tasks RCU enabled.
[    0.324835] 	Tracing variant of Tasks RCU enabled.
[    0.325521] rcu: RCU calculated value of scheduler-enlistment delay is 25 jiffies.
[    0.326598] rcu: Adjusting geometry for rcu_fanout_leaf=16, nr_cpu_ids=2
[    0.327614] Running RCU synchronous self tests
[    0.328253] RCU Tasks: Setting shift to 1 and lim to 1 rcu_task_cb_adjust=1 rcu_task_cpu_ids=2.
[    0.329496] RCU Tasks Rude: Setting shift to 1 and lim to 1 rcu_task_cb_adjust=1 rcu_task_cpu_ids=2.
[    0.330800] RCU Tasks Trace: Setting shift to 1 and lim to 1 rcu_task_cb_adjust=1 rcu_task_cpu_ids=2.
[    0.413646] NR_IRQS: 524544, nr_irqs: 440, preallocated irqs: 16
[    0.415420] rcu: srcu_init: Setting srcu_struct sizes based on contention.
[    0.428273] Console: colour VGA+ 80x25
[    0.429015] printk: legacy console [ttyS0] enabled
[    0.429015] printk: legacy console [ttyS0] enabled
[    0.430470] printk: legacy bootconsole [earlyser0] disabled
[    0.430470] printk: legacy bootconsole [earlyser0] disabled
[    0.432157] Lock dependency validator: Copyright (c) 2006 Red Hat, Inc., Ingo Molnar
[    0.433329] ... MAX_LOCKDEP_SUBCLASSES:  8
[    0.433965] ... MAX_LOCK_DEPTH:          48
[    0.434613] ... MAX_LOCKDEP_KEYS:        8192
[    0.435285] ... CLASSHASH_SIZE:          4096
[    0.435959] ... MAX_LOCKDEP_ENTRIES:     32768
[    0.436648] ... MAX_LOCKDEP_CHAINS:      65536
[    0.437331] ... CHAINHASH_SIZE:          32768
[    0.438019]  memory used by lock dependency info: 6429 kB
[    0.438848]  memory used for stack traces: 4224 kB
[    0.439587]  per task-struct memory footprint: 1920 bytes
[    0.440561] ACPI: Core revision 20240827
[    0.441908] clocksource: hpet: mask: 0xffffffff max_cycles: 0xffffffff, max_idle_ns: 19112604467 ns
[    0.443833] APIC: Switch to symmetric I/O mode setup
[    0.444910] x2apic enabled
[    0.445981] APIC: Switched APIC routing to: physical x2apic
[    0.446839] kvm-guest: APIC: send_IPI_mask() replaced with kvm_send_ipi_mask()
[    0.448089] kvm-guest: APIC: send_IPI_mask_allbutself() replaced with kvm_send_ipi_mask_allbutself()
[    0.449508] kvm-guest: setup PV IPIs
[    0.451661] ..TIMER: vector=0x30 apic1=0 pin1=2 apic2=-1 pin2=-1
[    0.452713] clocksource: tsc-early: mask: 0xffffffffffffffff max_cycles: 0x1e33052aadd, max_idle_ns: 440795310221 ns
[    0.454359] Calibrating delay loop (skipped) preset value.. 4190.15 BogoMIPS (lpj=8380304)
[    0.458501] x86/cpu: User Mode Instruction Prevention (UMIP) activated
[    0.459674] Last level iTLB entries: 4KB 0, 2MB 0, 4MB 0
[    0.460487] Last level dTLB entries: 4KB 0, 2MB 0, 4MB 0, 1GB 0
[    0.461466] Spectre V1 : Mitigation: usercopy/swapgs barriers and __user pointer sanitization
[    0.462357] Spectre V2 : Spectre BHI mitigation: SW BHB clearing on syscall and VM exit
[    0.463598] Spectre V2 : Mitigation: IBRS
[    0.464220] Spectre V2 : Spectre v2 / SpectreRSB mitigation: Filling RSB on context switch
[    0.465482] Spectre V2 : Spectre v2 / SpectreRSB : Filling RSB on VMEXIT
[    0.466351] RETBleed: Mitigation: IBRS
[    0.466973] Spectre V2 : mitigation: Enabling conditional Indirect Branch Prediction Barrier
[    0.468310] Speculative Store Bypass: Mitigation: Speculative Store Bypass disabled via prctl
[    0.470408] MDS: Mitigation: Clear CPU buffers
[    0.471127] TAA: Mitigation: Clear CPU buffers
[    0.471833] MMIO Stale Data: Mitigation: Clear CPU buffers
[    0.472754] x86/fpu: Supporting XSAVE feature 0x001: 'x87 floating point registers'
[    0.473946] x86/fpu: Supporting XSAVE feature 0x002: 'SSE registers'
[    0.474350] x86/fpu: Supporting XSAVE feature 0x004: 'AVX registers'
[    0.475343] x86/fpu: Supporting XSAVE feature 0x008: 'MPX bounds registers'
[    0.476414] x86/fpu: Supporting XSAVE feature 0x010: 'MPX CSR'
[    0.477317] x86/fpu: Supporting XSAVE feature 0x020: 'AVX-512 opmask'
[    0.478350] x86/fpu: Supporting XSAVE feature 0x040: 'AVX-512 Hi256'
[    0.479341] x86/fpu: Supporting XSAVE feature 0x080: 'AVX-512 ZMM_Hi256'
[    0.480380] x86/fpu: Supporting XSAVE feature 0x200: 'Protection Keys User registers'
[    0.482351] x86/fpu: xstate_offset[2]:  576, xstate_sizes[2]:  256
[    0.483341] x86/fpu: xstate_offset[3]:  832, xstate_sizes[3]:   64
[    0.484301] x86/fpu: xstate_offset[4]:  896, xstate_sizes[4]:   64
[    0.485266] x86/fpu: xstate_offset[5]:  960, xstate_sizes[5]:   64
[    0.486351] x86/fpu: xstate_offset[6]: 1024, xstate_sizes[6]:  512
[    0.487347] x86/fpu: xstate_offset[7]: 1536, xstate_sizes[7]: 1024
[    0.488307] x86/fpu: xstate_offset[9]: 2560, xstate_sizes[9]:    8
[    0.489271] x86/fpu: Enabled xstate features 0x2ff, context size is 2568 bytes, using 'compacted' format.
[    0.819737] Freeing SMP alternatives memory: 56K
[    0.820519] pid_max: default: 32768 minimum: 301
[    0.821703] LSM: initializing lsm=capability,yama,ima,evm
[    0.822548] Yama: becoming mindful.
[    0.823996] Mount-cache hash table entries: 4096 (order: 3, 32768 bytes, linear)
[    0.825183] Mountpoint-cache hash table entries: 4096 (order: 3, 32768 bytes, linear)
[    0.829404] Running RCU synchronous self tests
[    0.830356] Running RCU synchronous self tests
[    0.831552] smpboot: CPU0: Genuine Intel(R) CPU 0000%@ (family: 0x6, model: 0x55, stepping: 0x4)
[    0.834341] Running RCU Tasks wait API self tests
[    0.938791] Running RCU Tasks Rude wait API self tests
[    0.941579] Running RCU Tasks Trace wait API self tests
[    0.942662] Performance Events: Skylake events, 32-deep LBR, full-width counters, Intel PMU driver.
[    0.950459] ... version:                2
[    0.952687] ... bit width:              48
[    0.954381] ... generic registers:      4
[    0.956563] ... value mask:             0000ffffffffffff
[    0.958433] ... max period:             00007fffffffffff
[    0.960231] ... fixed-purpose events:   3
[    0.961610] ... event mask:             000000070000000f
[    0.962427] Callback from call_rcu_tasks_trace() invoked.
[    0.966186] signal: max sigframe size: 3632
[    0.966755] rcu: Hierarchical SRCU implementation.
[    0.967878] rcu: 	Max phase no-delay instances is 1000.
[    0.969588] Timer migration: 1 hierarchy levels; 8 children per group; 1 crossnode level
[    0.981795] smp: Bringing up secondary CPUs ...
[    0.991048] smpboot: x86: Booting SMP configuration:
[    0.991875] .... node  #0, CPUs:      #1
[    0.994495] smp: Brought up 1 node, 2 CPUs
[    0.996184] smpboot: Total of 2 processors activated (8380.30 BogoMIPS)
[    1.000386] Memory: 1604912K/2096632K available (77574K kernel code, 15190K rwdata, 18100K rodata, 15816K init, 21944K bss, 484212K reserved, 0K cma-reserved)
[    1.003753] devtmpfs: initialized
[    1.007410] x86/mm: Memory block size: 128MB
[    1.023456] Running RCU synchronous self tests
[    1.024261] Running RCU synchronous self tests
[    1.026390] clocksource: jiffies: mask: 0xffffffff max_cycles: 0xffffffff, max_idle_ns: 7645041785100000 ns
[    1.027919] futex hash table entries: 512 (order: 4, 65536 bytes, linear)
[    1.029859] pinctrl core: initialized pinctrl subsystem
[    1.031645] 
[    1.031905] *************************************************************
[    1.033018] **     NOTICE NOTICE NOTICE NOTICE NOTICE NOTICE NOTICE    **
[    1.034065] **                                                         **
[    1.034354] **  IOMMU DebugFS SUPPORT HAS BEEN ENABLED IN THIS KERNEL  **
[    1.035404] **                                                         **
[    1.036517] ** This means that this kernel is built to expose internal **
[    1.037559] ** IOMMU data structures, which may compromise security on **
[    1.038351] ** your system.                                            **
[    1.039400] **                                                         **
[    1.040506] ** If you see this message and you are not debugging the   **
[    1.041541] ** kernel, report this immediately to your vendor!         **
[    1.042368] **                                                         **
[    1.043518] **     NOTICE NOTICE NOTICE NOTICE NOTICE NOTICE NOTICE    **
[    1.044601] *************************************************************
[    1.045823] PM: RTC time: 12:25:13, date: 2025-06-01
[    1.051723] NET: Registered PF_NETLINK/PF_ROUTE protocol family
[    1.055213] DMA: preallocated 256 KiB GFP_KERNEL pool for atomic allocations
[    1.056375] DMA: preallocated 256 KiB GFP_KERNEL|GFP_DMA pool for atomic allocations
[    1.057652] DMA: preallocated 256 KiB GFP_KERNEL|GFP_DMA32 pool for atomic allocations
[    1.058581] audit: initializing netlink subsys (disabled)
[    1.059534] audit: type=2000 audit(1748780714.356:1): state=initialized audit_enabled=0 res=1
[    1.062533] thermal_sys: Registered thermal governor 'fair_share'
[    1.064478] thermal_sys: Registered thermal governor 'bang_bang'
[    1.065468] thermal_sys: Registered thermal governor 'step_wise'
[    1.066355] thermal_sys: Registered thermal governor 'user_space'
[    1.067421] cpuidle: using governor ladder
[    1.068045] cpuidle: using governor menu
[    1.070878] acpiphp: ACPI Hot Plug PCI Controller Driver version: 0.5
[    1.073219] PCI: Using configuration type 1 for base access
[    1.074844] kprobes: kprobe jump-optimization is enabled. All kprobes are optimized if possible.
[    1.374531] Callback from call_rcu_tasks() invoked.
[    1.538342] HugeTLB: registered 1.00 GiB page size, pre-allocated 0 pages
[    1.538342] HugeTLB: 16380 KiB vmemmap can be freed for a 1.00 GiB page
[    1.538362] HugeTLB: registered 2.00 MiB page size, pre-allocated 0 pages
[    1.539440] HugeTLB: 28 KiB vmemmap can be freed for a 2.00 MiB page
[    1.574646] ACPI: Added _OSI(Module Device)
[    1.575856] ACPI: Added _OSI(Processor Device)
[    1.577118] ACPI: Added _OSI(3.0 _SCP Extensions)
[    1.578366] ACPI: Added _OSI(Processor Aggregator Device)
[    1.621145] ACPI: 1 ACPI AML tables successfully acquired and loaded
[    1.645309] ACPI: Interpreter enabled
[    1.646467] ACPI: PM: (supports S0 S3 S4 S5)
[    1.647353] ACPI: Using IOAPIC for interrupt routing
[    1.648576] PCI: Using host bridge windows from ACPI; if necessary, use "pci=nocrs" and report a bug
[    1.650356] PCI: Using E820 reservations for host bridge windows
[    1.654097] ACPI: Enabled 2 GPEs in block 00 to 0F
[    1.733874] ACPI: PCI Root Bridge [PCI0] (domain 0000 [bus 00-ff])
[    1.738393] acpi PNP0A03:00: _OSC: OS supports [ASPM ClockPM Segments MSI EDR HPX-Type3]
[    1.739641] acpi PNP0A03:00: _OSC: not requesting OS control; OS requires [ExtendedConfig ASPM ClockPM MSI]
[    1.741506] acpi PNP0A03:00: fail to add MMCONFIG information, can't access extended configuration space under this bridge
[    1.752899] acpiphp: Slot [3] registered
[    1.753829] acpiphp: Slot [4] registered
[    1.754633] acpiphp: Slot [5] registered
[    1.755588] acpiphp: Slot [6] registered
[    1.756501] acpiphp: Slot [7] registered
[    1.757406] acpiphp: Slot [8] registered
[    1.758304] acpiphp: Slot [9] registered
[    1.758633] acpiphp: Slot [10] registered
[    1.759551] acpiphp: Slot [11] registered
[    1.760469] acpiphp: Slot [12] registered
[    1.761384] acpiphp: Slot [13] registered
[    1.762296] acpiphp: Slot [14] registered
[    1.762653] acpiphp: Slot [15] registered
[    1.763567] acpiphp: Slot [16] registered
[    1.764490] acpiphp: Slot [17] registered
[    1.765403] acpiphp: Slot [18] registered
[    1.766372] acpiphp: Slot [19] registered
[    1.767282] acpiphp: Slot [20] registered
[    1.768201] acpiphp: Slot [21] registered
[    1.769113] acpiphp: Slot [22] registered
[    1.770097] acpiphp: Slot [23] registered
[    1.770635] acpiphp: Slot [24] registered
[    1.771551] acpiphp: Slot [25] registered
[    1.772464] acpiphp: Slot [26] registered
[    1.773395] acpiphp: Slot [27] registered
[    1.774327] acpiphp: Slot [28] registered
[    1.774636] acpiphp: Slot [29] registered
[    1.775564] acpiphp: Slot [30] registered
[    1.776498] acpiphp: Slot [31] registered
[    1.777306] PCI host bridge to bus 0000:00
[    1.778081] pci_bus 0000:00: root bus resource [io  0x0000-0x0cf7 window]
[    1.782360] pci_bus 0000:00: root bus resource [io  0x0d00-0xffff window]
[    1.783436] pci_bus 0000:00: root bus resource [mem 0x000a0000-0x000bffff window]
[    1.784668] pci_bus 0000:00: root bus resource [mem 0x80000000-0xfebfffff window]
[    1.785851] pci_bus 0000:00: root bus resource [mem 0x100000000-0x17fffffff window]
[    1.786367] pci_bus 0000:00: root bus resource [bus 00-ff]
[    1.787521] pci 0000:00:00.0: [8086:1237] type 00 class 0x060000 conventional PCI endpoint
[    1.791546] pci 0000:00:01.0: [8086:7000] type 00 class 0x060100 conventional PCI endpoint
[    1.795289] pci 0000:00:01.1: [8086:7010] type 00 class 0x010180 conventional PCI endpoint
[    1.797356] pci 0000:00:01.1: BAR 4 [io  0xc040-0xc04f]
[    1.798233] pci 0000:00:01.1: BAR 0 [io  0x01f0-0x01f7]: legacy IDE quirk
[    1.798356] pci 0000:00:01.1: BAR 1 [io  0x03f6]: legacy IDE quirk
[    1.799329] pci 0000:00:01.1: BAR 2 [io  0x0170-0x0177]: legacy IDE quirk
[    1.800401] pci 0000:00:01.1: BAR 3 [io  0x0376]: legacy IDE quirk
[    1.803333] pci 0000:00:01.3: [8086:7113] type 00 class 0x068000 conventional PCI endpoint
[    1.805149] pci 0000:00:01.3: quirk: [io  0x0600-0x063f] claimed by PIIX4 ACPI
[    1.806364] pci 0000:00:01.3: quirk: [io  0x0700-0x070f] claimed by PIIX4 SMB
[    1.809414] pci 0000:00:02.0: [1234:1111] type 00 class 0x030000 conventional PCI endpoint
[    1.812916] pci 0000:00:02.0: BAR 0 [mem 0xfd000000-0xfdffffff pref]
[    1.814050] pci 0000:00:02.0: BAR 2 [mem 0xfebf0000-0xfebf0fff]
[    1.814393] pci 0000:00:02.0: ROM [mem 0xfebe0000-0xfebeffff pref]
[    1.815627] pci 0000:00:02.0: Video device with shadowed ROM at [mem 0x000c0000-0x000dffff]
[    1.819182] pci 0000:00:03.0: [8086:100e] type 00 class 0x020000 conventional PCI endpoint
[    1.821925] pci 0000:00:03.0: BAR 0 [mem 0xfebc0000-0xfebdffff]
[    1.822381] pci 0000:00:03.0: BAR 1 [io  0xc000-0xc03f]
[    1.823210] pci 0000:00:03.0: ROM [mem 0xfeb80000-0xfebbffff pref]
[    1.865779] ACPI: PCI: Interrupt link LNKA configured for IRQ 10
[    1.868420] ACPI: PCI: Interrupt link LNKB configured for IRQ 10
[    1.871318] ACPI: PCI: Interrupt link LNKC configured for IRQ 11
[    1.874290] ACPI: PCI: Interrupt link LNKD configured for IRQ 11
[    1.879211] ACPI: PCI: Interrupt link LNKS configured for IRQ 9
[    1.886946] iommu: Default domain type: Translated
[    1.887772] iommu: DMA domain TLB invalidation policy: lazy mode
[    1.892577] SCSI subsystem initialized
[    1.894975] ACPI: bus type USB registered
[    1.895894] usbcore: registered new interface driver usbfs
[    1.896863] usbcore: registered new interface driver hub
[    1.898155] usbcore: registered new device driver usb
[    1.898906] pps_core: LinuxPPS API ver. 1 registered
[    1.899681] pps_core: Software ver. 5.3.6 - Copyright 2005-2007 Rodolfo Giometti <giometti@linux.it>
[    1.901122] PTP clock support registered
[    1.906733] EDAC MC: Ver: 3.0.0
[    1.912699] NetLabel: Initializing
[    1.913265] NetLabel:  domain hash size = 128
[    1.913952] NetLabel:  protocols = UNLABELED CIPSOv4 CALIPSO
[    1.914623] NetLabel:  unlabeled traffic allowed by default
[    1.916392] PCI: Using ACPI for IRQ routing
[    1.917750] pci 0000:00:02.0: vgaarb: setting as boot VGA device
[    1.918341] pci 0000:00:02.0: vgaarb: bridge control possible
[    1.918341] pci 0000:00:02.0: vgaarb: VGA device added: decodes=io+mem,owns=io+mem,locks=none
[    1.922355] vgaarb: loaded
[    1.923577] hpet0: at MMIO 0xfed00000, IRQs 2, 8, 0
[    1.924386] hpet0: 3 comparators, 64-bit 100.000000 MHz counter
[    1.932930] clocksource: Switched to clocksource kvm-clock
[    7.421366] VFS: Disk quotas dquot_6.6.0
[    7.422407] VFS: Dquot-cache hash table entries: 512 (order 0, 4096 bytes)
[    7.426935] pnp: PnP ACPI init
[    7.435874] pnp: PnP ACPI: found 6 devices
[    7.477205] clocksource: acpi_pm: mask: 0xffffff max_cycles: 0xffffff, max_idle_ns: 2085701024 ns
[    7.479556] NET: Registered PF_INET protocol family
[    7.480621] IP idents hash table entries: 32768 (order: 6, 262144 bytes, linear)
[    7.484933] tcp_listen_portaddr_hash hash table entries: 1024 (order: 4, 73728 bytes, linear)
[    7.486360] Table-perturb hash table entries: 65536 (order: 6, 262144 bytes, linear)
[    7.487788] TCP established hash table entries: 16384 (order: 5, 131072 bytes, linear)
[    7.489791] TCP bind hash table entries: 16384 (order: 9, 2359296 bytes, linear)
[    7.493258] TCP: Hash tables configured (established 16384 bind 16384)
[    7.494477] UDP hash table entries: 1024 (order: 6, 262144 bytes, linear)
[    7.495716] UDP-Lite hash table entries: 1024 (order: 6, 262144 bytes, linear)
[    7.497570] NET: Registered PF_UNIX/PF_LOCAL protocol family
[    7.500361] RPC: Registered named UNIX socket transport module.
[    7.501310] RPC: Registered udp transport module.
[    7.502084] RPC: Registered tcp transport module.
[    7.502822] RPC: Registered tcp-with-tls transport module.
[    7.503685] RPC: Registered tcp NFSv4.1 backchannel transport module.
[    7.504808] pci_bus 0000:00: resource 4 [io  0x0000-0x0cf7 window]
[    7.505792] pci_bus 0000:00: resource 5 [io  0x0d00-0xffff window]
[    7.506784] pci_bus 0000:00: resource 6 [mem 0x000a0000-0x000bffff window]
[    7.507866] pci_bus 0000:00: resource 7 [mem 0x80000000-0xfebfffff window]
[    7.509005] pci_bus 0000:00: resource 8 [mem 0x100000000-0x17fffffff window]
[    7.510909] pci 0000:00:01.0: PIIX3: Enabling Passive Release
[    7.511852] pci 0000:00:00.0: Limiting direct PCI/PCI transfers
[    7.513103] PCI: CLS 0 bytes, default 64
[    7.513964] ACPI: bus type thunderbolt registered
[    7.515514] clocksource: tsc: mask: 0xffffffffffffffff max_cycles: 0x1e33052aadd, max_idle_ns: 440795310221 ns
[    7.530960] Initialise system trusted keyrings
[    7.531873] Key type blacklist registered
[    7.533225] workingset: timestamp_bits=36 max_order=19 bucket_order=0
[    7.534343] zbud: loaded
[    7.538897] squashfs: version 4.0 (2009/01/31) Phillip Lougher
[    7.545752] NFS: Registering the id_resolver key type
[    7.548705] Key type id_resolver registered
[    7.550975] Key type id_legacy registered
[    7.553059] nfs4filelayout_init: NFSv4 File Layout Driver Registering...
[    7.556190] nfs4flexfilelayout_init: NFSv4 Flexfile Layout Driver Registering...
[    7.560683] fuse: init (API version 7.42)
[    7.564438] SGI XFS with ACLs, security attributes, realtime, quota, no debug enabled
[    7.571995] 9p: Installing v9fs 9p2000 file system support
[    7.605466] Key type asymmetric registered
[    7.606144] Asymmetric key parser 'x509' registered
[    7.607114] Block layer SCSI generic (bsg) driver version 0.4 loaded (major 242)
[    7.608932] io scheduler mq-deadline registered
[    7.609824] io scheduler bfq registered
[    7.611725] ledtrig-cpu: registered to indicate activity on CPUs
[    7.613447] shpchp: Standard Hot Plug PCI Controller Driver version: 0.4
[    7.615867] IPMI message handler: version 39.2
[    7.616796] ipmi device interface
[    7.631763] input: Power Button as /devices/LNXSYSTM:00/LNXPWRBN:00/input/input0
[    7.636245] ACPI: button: Power Button [PWRF]
[    7.643079] ERST DBG: ERST support is disabled.
[    7.647994] Serial: 8250/16550 driver, 32 ports, IRQ sharing enabled
[    7.652998] 00:04: ttyS0 at I/O 0x3f8 (irq = 4, base_baud = 115200) is a 16550A
[    7.715804] Linux agpgart interface v0.103
[    7.721136] ACPI: bus type drm_connector registered
[    7.766830] brd: module loaded
[    7.794653] loop: module loaded
[    7.825379] scsi host0: ata_piix
[    7.829444] scsi host1: ata_piix
[    7.831599] ata1: PATA max MWDMA2 cmd 0x1f0 ctl 0x3f6 bmdma 0xc040 irq 14 lpm-pol 0
[    7.833019] ata2: PATA max MWDMA2 cmd 0x170 ctl 0x376 bmdma 0xc048 irq 15 lpm-pol 0
[    7.839847] tun: Universal TUN/TAP device driver, 1.6
[    7.841800] e100: Intel(R) PRO/100 Network Driver
[    7.842577] e100: Copyright(c) 1999-2006 Intel Corporation
[    7.843564] e1000: Intel(R) PRO/1000 Network Driver
[    7.844385] e1000: Copyright (c) 1999-2006 Intel Corporation.
[    7.880928] ACPI: \_SB_.LNKC: Enabled at IRQ 11
[    7.990568] ata1: found unknown device (class 0)
[    7.994420] ata2: found unknown device (class 0)
[    7.996849] ata1.00: ATA-7: QEMU HARDDISK, 2.5+, max UDMA/100
[    7.999991] ata1.00: 17196647 sectors, multi 16: LBA48 
[    8.006009] ata2.00: ATAPI: QEMU DVD-ROM, 2.5+, max UDMA/100
[    8.007047] scsi 0:0:0:0: Direct-Access     ATA      QEMU HARDDISK    2.5+ PQ: 0 ANSI: 5
[    8.016875] sd 0:0:0:0: Attached scsi generic sg0 type 0
[    8.018519] sd 0:0:0:0: [sda] 17196647 512-byte logical blocks: (8.80 GB/8.20 GiB)
[    8.021421] sd 0:0:0:0: [sda] Write Protect is off
[    8.022801] sd 0:0:0:0: [sda] Write cache: enabled, read cache: enabled, doesn't support DPO or FUA
[    8.024794] sd 0:0:0:0: [sda] Preferred minimum I/O size 512 bytes
[    8.028607] scsi 1:0:0:0: CD-ROM            QEMU     QEMU DVD-ROM     2.5+ PQ: 0 ANSI: 5
[    8.062979] scsi 1:0:0:0: Attached scsi generic sg1 type 5
[    8.079847] sd 0:0:0:0: [sda] Attached SCSI disk
[    8.243973] e1000 0000:00:03.0 eth0: (PCI:33MHz:32-bit) 52:54:00:12:34:56
[    8.246445] e1000 0000:00:03.0 eth0: Intel(R) PRO/1000 Network Connection
[    8.248251] e1000e: Intel(R) PRO/1000 Network Driver
[    8.249383] e1000e: Copyright(c) 1999 - 2015 Intel Corporation.
[    8.251003] igb: Intel(R) Gigabit Ethernet Network Driver
[    8.252281] igb: Copyright (c) 2007-2014 Intel Corporation.
[    8.254065] PPP generic driver version 2.4.2
[    8.257358] VFIO - User Level meta-driver version: 0.3
[    8.264098] usbcore: registered new interface driver uas
[    8.265134] usbcore: registered new interface driver usb-storage
[    8.266621] i8042: PNP: PS/2 Controller [PNP0303:KBD,PNP0f13:MOU] at 0x60,0x64 irq 1,12
[    8.270328] serio: i8042 KBD port at 0x60,0x64 irq 1
[    8.271495] serio: i8042 AUX port at 0x60,0x64 irq 12
[    8.275221] mousedev: PS/2 mouse device common for all mice
[    8.279361] input: AT Translated Set 2 keyboard as /devices/platform/i8042/serio0/input/input1
[    8.281366] rtc_cmos 00:05: RTC can wake from S4
[    8.285188] rtc_cmos 00:05: registered as rtc0
[    8.286546] rtc_cmos 00:05: setting system clock to 2025-06-01T12:25:20 UTC (1748780720)
[    8.289208] rtc_cmos 00:05: alarms up to one day, y3k, 242 bytes nvram, hpet irqs
[    8.290926] i2c_dev: i2c /dev entries driver
[    8.291119] input: VirtualPS/2 VMware VMMouse as /devices/platform/i8042/serio1/input/input4
[    8.294015] device-mapper: core: CONFIG_IMA_DISABLE_HTABLE is disabled. Duplicate IMA measurements will not be recorded in the IMA log.
[    8.301840] device-mapper: uevent: version 1.0.3
[    8.302468] input: VirtualPS/2 VMware VMMouse as /devices/platform/i8042/serio1/input/input3
[    8.306416] device-mapper: ioctl: 4.49.0-ioctl (2025-01-17) initialised: dm-devel@lists.linux.dev
[    8.309585] intel_pstate: CPU model not supported
[    8.312039] sdhci: Secure Digital Host Controller Interface driver
[    8.314203] sdhci: Copyright(c) Pierre Ossman
[    8.316152] sdhci-pltfm: SDHCI platform and OF driver helper
[    8.318812] drop_monitor: Initializing network drop monitor service
[    8.321304] NET: Registered PF_INET6 protocol family
[    8.330829] Segment Routing with IPv6
[    8.331565] In-situ OAM (IOAM) with IPv6
[    8.332402] NET: Registered PF_PACKET protocol family
[    8.333972] 9pnet: Installing 9P2000 support
[    8.335717] Key type dns_resolver registered
[    8.341540] resctrl: No MBM correction factor available
[    8.343684] IPI shorthand broadcast: enabled
[    8.425811] sched_clock: Marking stable (8392008825, 29885575)->(8445103623, -23209223)
[    8.430032] registered taskstats version 1
[    8.431551] Loading compiled-in X.509 certificates
[    8.524662] Demotion targets for Node 0: null
[    8.527759] Key type .fscrypt registered
[    8.530081] Key type fscrypt-provisioning registered
[    8.541112] Key type encrypted registered
[    8.542791] ima: No TPM chip found, activating TPM-bypass!
[    8.544843] ima: Allocated hash algorithm: sha1
[    8.546725] ima: No architecture policies found
[    8.549078] evm: Initialising EVM extended attributes:
[    8.550484] evm: security.selinux
[    8.551288] evm: security.SMACK64
[    8.552089] evm: security.SMACK64EXEC
[    8.553027] evm: security.SMACK64TRANSMUTE
[    8.554017] evm: security.SMACK64MMAP
[    8.554887] evm: security.apparmor
[    8.555704] evm: security.ima
[    8.556468] evm: security.capability
[    8.557321] evm: HMAC attrs: 0x1
[    8.563069] PM:   Magic number: 13:719:429
[    8.567106] RAS: Correctable Errors collector initialized.
[    8.572112] clk: Disabling unused clocks
[    8.574530] PM: genpd: Disabling unused power domains
[    8.580380] md: Waiting for all devices to be available before autodetect
[    8.582086] md: If you don't use raid, use raid=noautodetect
[    8.583500] md: Autodetecting RAID arrays.
[    8.584613] md: autorun ...
[    8.585346] md: ... autorun DONE.
[    8.602020] EXT4-fs (sda): INFO: recovery required on readonly filesystem
[    8.602841] EXT4-fs (sda): write access will be enabled during recovery
[    8.688501] EXT4-fs (sda): recovery complete
[    8.692711] EXT4-fs (sda): mounted filesystem 088740a9-c8b4-422c-999d-a804eb68a4da ro with ordered data mode. Quota mode: none.
[    8.694849] VFS: Mounted root (ext4 filesystem) readonly on device 8:0.
[    8.700558] devtmpfs: mounted
[    8.728785] Freeing unused decrypted memory: 2028K
[    8.737915] Freeing unused kernel image (initmem) memory: 15816K
[    8.739507] Write protecting the kernel read-only data: 96256k
[    8.743579] Freeing unused kernel image (text/rodata gap) memory: 248K
[    8.745167] Freeing unused kernel image (rodata/data gap) memory: 332K
[    8.959904] x86/mm: Checked W+X mappings: passed, no W+X pages found.
[    8.960774] x86/mm: Checking user space page tables
[    9.162923] x86/mm: Checked W+X mappings: passed, no W+X pages found.
[    9.164035] Run /sbin/init as init process
[    9.440883] systemd[1]: systemd 252-15.el9 running in system mode (+PAM +AUDIT +SELINUX -APPARMOR +IMA +SMACK +SECCOMP +GCRYPT +GNUTLS +OPENSSL +ACL +BLKID +CURL +ELFUTILS -FIDO2 +IDN2 -IDN -IPTC +KMOD +LIBCRYPTSETUP +LIBFDISK +PCRE2 -PWQUALITY +P11KIT -QRENCODE +TPM2 +BZIP2 +LZ4 +XZ +ZLIB +ZSTD -BPF_FRAMEWORK +XKBCOMMON +UTMP +SYSVINIT default-hierarchy=unified)
[    9.444866] systemd[1]: Detected virtualization kvm.
[    9.445469] systemd[1]: Detected architecture x86-64.

Welcome to [0;31mCentOS Stream 9[0m!

[    9.456435] systemd[1]: Hostname set to <test>.
[   10.059684] systemd-rc-local-generator[130]: /etc/rc.d/rc.local is not marked executable, skipping.
[   10.547896] systemd[1]: Queued start job for default target Multi-User System.
[   10.587323] systemd[1]: Created slice Virtual Machine and Container Slice.
[[0;32m  OK  [0m] Created slice [0;1;39mVirtual Machine and Container Slice[0m.
[   10.604570] systemd[1]: Created slice Slice /system/getty.
[[0;32m  OK  [0m] Created slice [0;1;39mSlice /system/getty[0m.
[   10.610401] systemd[1]: Created slice Slice /system/modprobe.
[[0;32m  OK  [0m] Created slice [0;1;39mSlice /system/modprobe[0m.
[   10.616516] systemd[1]: Created slice Slice /system/serial-getty.
[[0;32m  OK  [0m] Created slice [0;1;39mSlice /system/serial-getty[0m.
[   10.622291] systemd[1]: Created slice Slice /system/sshd-keygen.
[[0;32m  OK  [0m] Created slice [0;1;39mSlice /system/sshd-keygen[0m.
[   10.627819] systemd[1]: Created slice User and Session Slice.
[[0;32m  OK  [0m] Created slice [0;1;39mUser and Session Slice[0m.
[   10.630825] systemd[1]: Started Forward Password Requests to Wall Directory Watch.
[[0;32m  OK  [0m] Started [0;1;39mForward Password R…uests to Wall Directory Watch[0m.
[   10.635107] systemd[1]: Set up automount Arbitrary Executable File Formats File System Automount Point.
[[0;32m  OK  [0m] Set up automount [0;1;39mArbitrary…s File System Automount Point[0m.
[   10.637769] systemd[1]: Reached target Local Integrity Protected Volumes.
[[0;32m  OK  [0m] Reached target [0;1;39mLocal Integrity Protected Volumes[0m.
[   10.639987] systemd[1]: Reached target Slice Units.
[[0;32m  OK  [0m] Reached target [0;1;39mSlice Units[0m.
[   10.641742] systemd[1]: Reached target Swaps.
[[0;32m  OK  [0m] Reached target [0;1;39mSwaps[0m.
[   10.643372] systemd[1]: Reached target Local Verity Protected Volumes.
[[0;32m  OK  [0m] Reached target [0;1;39mLocal Verity Protected Volumes[0m.
[   10.646399] systemd[1]: Listening on Device-mapper event daemon FIFOs.
[[0;32m  OK  [0m] Listening on [0;1;39mDevice-mapper event daemon FIFOs[0m.
[   10.649803] systemd[1]: Listening on LVM2 poll daemon socket.
[[0;32m  OK  [0m] Listening on [0;1;39mLVM2 poll daemon socket[0m.
[   10.652077] systemd[1]: multipathd control socket was skipped because of an unmet condition check (ConditionPathExists=/etc/multipath.conf).
[   10.915484] systemd[1]: Listening on RPCbind Server Activation Socket.
[[0;32m  OK  [0m] Listening on [0;1;39mRPCbind Server Activation Socket[0m.
[   10.923299] systemd[1]: Reached target RPC Port Mapper.
[[0;32m  OK  [0m] Reached target [0;1;39mRPC Port Mapper[0m.
[   10.940320] systemd[1]: Listening on Process Core Dump Socket.
[[0;32m  OK  [0m] Listening on [0;1;39mProcess Core Dump Socket[0m.
[   10.944859] systemd[1]: Listening on initctl Compatibility Named Pipe.
[[0;32m  OK  [0m] Listening on [0;1;39minitctl Compatibility Named Pipe[0m.
[   10.950222] systemd[1]: Listening on Journal Socket (/dev/log).
[[0;32m  OK  [0m] Listening on [0;1;39mJournal Socket (/dev/log)[0m.
[   10.954213] systemd[1]: Listening on Journal Socket.
[[0;32m  OK  [0m] Listening on [0;1;39mJournal Socket[0m.
[   10.958060] systemd[1]: Listening on udev Control Socket.
[[0;32m  OK  [0m] Listening on [0;1;39mudev Control Socket[0m.
[   10.960906] systemd[1]: Listening on udev Kernel Socket.
[[0;32m  OK  [0m] Listening on [0;1;39mudev Kernel Socket[0m.
[   11.007960] systemd[1]: Mounting Huge Pages File System...
         Mounting [0;1;39mHuge Pages File System[0m...
[   11.042161] systemd[1]: Mounting POSIX Message Queue File System...
         Mounting [0;1;39mPOSIX Message Queue File System[0m...
[   11.061049] systemd[1]: Mounting Kernel Debug File System...
         Mounting [0;1;39mKernel Debug File System[0m...
[   11.115597] systemd[1]: Mounting Kernel Trace File System...
         Mounting [0;1;39mKernel Trace File System[0m...
[   11.123750] systemd[1]: Kernel Module supporting RPCSEC_GSS was skipped because of an unmet condition check (ConditionPathExists=/etc/krb5.keytab).
[   11.130127] systemd[1]: Create List of Static Device Nodes was skipped because of an unmet condition check (ConditionFileNotEmpty=/lib/modules/6.14.0-rc7-4476e7f81467+/modules.devname).
[   11.156319] systemd[1]: Starting Monitoring of LVM2 mirrors, snapshots etc. using dmeventd or progress polling...
         Starting [0;1;39mMonitoring of LVM…meventd or progress polling[0m...
[   11.177124] systemd[1]: Starting Load Kernel Module configfs...
         Starting [0;1;39mLoad Kernel Module configfs[0m...
[   11.205816] systemd[1]: Starting Load Kernel Module drm...
         Starting [0;1;39mLoad Kernel Module drm[0m...
[   11.263593] systemd[1]: Starting Load Kernel Module fuse...
         Starting [0;1;39mLoad Kernel Module fuse[0m...
[   11.315086] systemd[1]: Starting Read and set NIS domainname from /etc/sysconfig/network...
         Starting [0;1;39mRead and set NIS …from /etc/sysconfig/network[0m...
[   11.371506] systemd[1]: Starting Journal Service...
         Starting [0;1;39mJournal Service[0m...
[   11.444743] systemd[1]: Starting Load Kernel Modules...
         Starting [0;1;39mLoad Kernel Modules[0m...
[   11.497266] systemd[1]: Starting Generate network units from Kernel command line...
         Starting [0;1;39mGenerate network …ts from Kernel command line[0m...
[   11.539167] systemd[1]: Starting Remount Root and Kernel File Systems...
         Starting [0;1;39mRemount Root and Kernel File Systems[0m...
[   11.544388] systemd[1]: Repartition Root Disk was skipped because no trigger condition checks were met.
[   11.586817] systemd[1]: Starting Coldplug All udev Devices...
         Starting [0;1;39mColdplug All udev Devices[0m...
[   11.635192] systemd[1]: Mounted Huge Pages File System.
[[0;32m  OK  [0m] Mounted [0;1;39mHuge Pages File System[0m.
[   11.643284] systemd[1]: Mounted POSIX Message Queue File System.
[[0;32m  OK  [0m] Mounted [0;1;39mPOSIX Message Queue File System[0m.
[   11.650800] systemd[1]: Mounted Kernel Debug File System.
[[0;32m  OK  [0m] Mounted [0;1;39mKernel Debug File System[0m.
[   11.653669] systemd[1]: Mounted Kernel Trace File System.
[[0;32m  OK  [0m] Mounted [0;1;39mKernel Trace File System[0m.
[   11.667773] systemd[1]: Finished Monitoring of LVM2 mirrors, snapshots etc. using dmeventd or progress polling.
[[0;32m  OK  [0m] Finished [0;1;39mMonitoring of LVM… dmeventd or progress polling[0m.
[   11.682215] systemd[1]: modprobe@configfs.service: Deactivated successfully.
[   11.685064] systemd[1]: Finished Load Kernel Module configfs.
[[0;32m  OK  [0m] Finished [0;1;39mLoad Kernel Module configfs[0m.
[   11.698224] EXT4-fs (sda): re-mounted 088740a9-c8b4-422c-999d-a804eb68a4da r/w. Quota mode: none.
[   11.702078] systemd[1]: modprobe@drm.service: Deactivated successfully.
[   11.705019] systemd[1]: Finished Load Kernel Module drm.
[[0;32m  OK  [0m] Finished [0;1;39mLoad Kernel Module drm[0m.
[   11.721718] systemd[1]: modprobe@fuse.service: Deactivated successfully.
[   11.729080] systemd[1]: Finished Load Kernel Module fuse.
[[0;32m  OK  [0m] Finished [0;1;39mLoad Kernel Module fuse[0m.
[   11.742051] systemd[1]: Finished Read and set NIS domainname from /etc/sysconfig/network.
[[0;32m  OK  [0m] Finished [0;1;39mRead and set NIS …e from /etc/sysconfig/network[0m.
[   11.747796] systemd[1]: systemd-modules-load.service: Main process exited, code=exited, status=1/FAILURE
[   11.754968] systemd[1]: systemd-modules-load.service: Failed with result 'exit-code'.
[   11.762269] systemd[1]: Failed to start Load Kernel Modules.
[[0;1;31mFAILED[0m] Failed to start [0;1;39mLoad Kernel Modules[0m.
See 'systemctl status systemd-modules-load.service' for details.
[   11.774119] systemd[1]: Finished Generate network units from Kernel command line.
[[0;32m  OK  [0m] Finished [0;1;39mGenerate network units from Kernel command line[0m.
[   11.784942] systemd[1]: Finished Remount Root and Kernel File Systems.
[[0;32m  OK  [0m] Finished [0;1;39mRemount Root and Kernel File Systems[0m.
[   11.792030] systemd[1]: Started Journal Service.
[[0;32m  OK  [0m] Started [0;1;39mJournal Service[0m.
[[0;32m  OK  [0m] Reached target [0;1;39mPreparation for Network[0m.
         Mounting [0;1;39mFUSE Control File System[0m...
         Mounting [0;1;39mKernel Configuration File System[0m...
         Starting [0;1;39mFlush Journal to Persistent Storage[0m...
         Starting [0;1;39mLoad/Save Random Seed[0m...
         Starting [0;1;39mApply Kernel Variables[0m...
[   12.021722] systemd-journald[148]: Received client request to flush runtime journal.
         Starting [0;1;39mCreate Static Device Nodes in /dev[0m...
         Starting [0;1;39mSetup Virtual Console[0m...
[[0;32m  OK  [0m] Mounted [0;1;39mFUSE Control File System[0m.
[[0;32m  OK  [0m] Mounted [0;1;39mKernel Configuration File System[0m.
[[0;32m  OK  [0m] Finished [0;1;39mFlush Journal to Persistent Storage[0m.
[[0;32m  OK  [0m] Finished [0;1;39mLoad/Save Random Seed[0m.
[[0;32m  OK  [0m] Finished [0;1;39mApply Kernel Variables[0m.
[[0;32m  OK  [0m] Finished [0;1;39mCreate Static Device Nodes in /dev[0m.
         Starting [0;1;39mRule-based Manage…for Device Events and Files[0m...
[[0;32m  OK  [0m] Started [0;1;39mRule-based Manager for Device Events and Files[0m.
         Starting [0;1;39mAuto-connect to s…E devices found during boot[0m...
[[0;32m  OK  [0m] Finished [0;1;39mAuto-connect to s…VME devices found during boot[0m.
[[0;32m  OK  [0m] Finished [0;1;39mSetup Virtual Console[0m.
[[0;32m  OK  [0m] Finished [0;1;39mColdplug All udev Devices[0m.
         Starting [0;1;39mShow Plymouth Boot Screen[0m...
         Starting [0;1;39mWait for udev To …plete Device Initialization[0m...
[2J[3J[-1;-1f[[0;32m  OK  [0m] Started [0;1;39mShow Plymouth Boot Screen[0m.
[[0;32m  OK  [0m] Started [0;1;39mForward Password R…s to Plymouth Directory Watch[0m.
[[0;32m  OK  [0m] Reached target [0;1;39mLocal Encrypted Volumes[0m.
[[0;32m  OK  [0m] Reached target [0;1;39mPath Units[0m.
[[0;32m  OK  [0m] Found device [0;1;39m/dev/ttyS0[0m.
[[0m[0;31m*     [0m] A start job is running for Wait for…ice Initialization (5s / no limit)
M[K[[0;32m  OK  [0m] Listening on [0;1;39mLoad/Save RF …itch Status /dev/rfkill Watch[0m.
[K[[0;32m  OK  [0m] Finished [0;1;39mWait for udev To Complete Device Initialization[0m.
[[0;32m  OK  [0m] Reached target [0;1;39mPreparation for Local File Systems[0m.
[[0;32m  OK  [0m] Reached target [0;1;39mLocal File Systems[0m.
         Starting [0;1;39mTell Plymouth To Write Out Runtime Data[0m...
         Starting [0;1;39mAutomatic Boot Loader Update[0m...
         Starting [0;1;39mCreate Volatile Files and Directories[0m...
[[0;32m  OK  [0m] Finished [0;1;39mTell Plymouth To Write Out Runtime Data[0m.
[[0;32m  OK  [0m] Finished [0;1;39mAutomatic Boot Loader Update[0m.
[[0;32m  OK  [0m] Finished [0;1;39mCreate Volatile Files and Directories[0m.
         Mounting [0;1;39mRPC Pipe File System[0m...
         Starting [0;1;39mSecurity Auditing Service[0m...
         Starting [0;1;39mRPC Bind[0m...
[[0;32m  OK  [0m] Mounted [0;1;39mRPC Pipe File System[0m.
[[0;32m  OK  [0m] Reached target [0;1;39mrpc_pipefs.target[0m.
[[0;32m  OK  [0m] Started [0;1;39mRPC Bind[0m.
[[0;32m  OK  [0m] Started [0;1;39mSecurity Auditing Service[0m.
         Starting [0;1;39mRecord System Boot/Shutdown in UTMP[0m...
[[0;32m  OK  [0m] Finished [0;1;39mRecord System Boot/Shutdown in UTMP[0m.
[[0;32m  OK  [0m] Reached target [0;1;39mSystem Initialization[0m.
[[0;32m  OK  [0m] Started [0;1;39mDaily rotation of log files[0m.
[[0;32m  OK  [0m] Started [0;1;39mUpdates mlocate database every day[0m.
[[0;32m  OK  [0m] Started [0;1;39mDaily Cleanup of Temporary Directories[0m.
[[0;32m  OK  [0m] Started [0;1;39mdaily update of the root trust anchor for DNSSEC[0m.
[[0;32m  OK  [0m] Reached target [0;1;39mTimer Units[0m.
[[0;32m  OK  [0m] Listening on [0;1;39mD-Bus System Message Bus Socket[0m.
[[0;32m  OK  [0m] Listening on [0;1;39mOpen-iSCSI iscsid Socket[0m.
[[0;32m  OK  [0m] Listening on [0;1;39mOpen-iSCSI iscsiuio Socket[0m.
[[0;32m  OK  [0m] Listening on [0;1;39mSSSD Kerberos…ache Manager responder socket[0m.
[[0;32m  OK  [0m] Listening on [0;1;39mLibvirt interface local socket[0m.
[[0;32m  OK  [0m] Listening on [0;1;39mVirtual machine lock manager socket[0m.
[[0;32m  OK  [0m] Listening on [0;1;39mVirtual machine log manager socket[0m.
[[0;32m  OK  [0m] Listening on [0;1;39mLibvirt network local socket[0m.
[[0;32m  OK  [0m] Listening on [0;1;39mLibvirt nodedev local socket[0m.
[[0;32m  OK  [0m] Listening on [0;1;39mLibvirt nwfilter local socket[0m.
[[0;32m  OK  [0m] Listening on [0;1;39mLibvirt proxy local socket[0m.
[[0;32m  OK  [0m] Listening on [0;1;39mLibvirt qemu local socket[0m.
[[0;32m  OK  [0m] Listening on [0;1;39mLibvirt qemu admin socket[0m.
[[0;32m  OK  [0m] Listening on [0;1;39mLibvirt qemu local read-only socket[0m.
[[0;32m  OK  [0m] Listening on [0;1;39mLibvirt secret local socket[0m.
[[0;32m  OK  [0m] Listening on [0;1;39mLibvirt storage local socket[0m.
[[0;32m  OK  [0m] Reached target [0;1;39mSocket Units[0m.
         Starting [0;1;39mD-Bus System Message Bus[0m...
[[0;32m  OK  [0m] Started [0;1;39mD-Bus System Message Bus[0m.
[[0;32m  OK  [0m] Reached target [0;1;39mBasic System[0m.
         Starting [0;1;39mNetwork Manager[0m...
         Starting [0;1;39mNTP client/server[0m...
         Starting [0;1;39mRestore /run/initramfs on shutdown[0m...
[[0;32m  OK  [0m] Started [0;1;39mirqbalance daemon[0m.
[[0;32m  OK  [0m] Started [0;1;39mlibstoragemgmt plug-in server daemon[0m.
[[0;32m  OK  [0m] Started [0;1;39mMachine Check Exception Logging Daemon[0m.
[[0;32m  OK  [0m] Reached target [0;1;39msshd-keygen.target[0m.
[[0;32m  OK  [0m] Reached target [0;1;39mUser and Group Name Lookups[0m.
         Starting [0;1;39mUser Login Management[0m...
         Starting [0;1;39mVirtual Machine a…tainer Registration Service[0m...
[[0;32m  OK  [0m] Finished [0;1;39mRestore /run/initramfs on shutdown[0m.
         Starting [0;1;39mHostname Service[0m...
[[0;32m  OK  [0m] Started [0;1;39mVirtual Machine an…ontainer Registration Service[0m.
[[0;32m  OK  [0m] Started [0;1;39mNTP client/server[0m.
[[0;32m  OK  [0m] Started [0;1;39mUser Login Management[0m.
[[0;32m  OK  [0m] Started [0;1;39mHostname Service[0m.
         Starting [0;1;39mNetwork Manager Script Dispatcher Service[0m...
[[0;32m  OK  [0m] Started [0;1;39mNetwork Manager Script Dispatcher Service[0m.
[   19.518425] e1000: eth0 NIC Link is Up 1000 Mbps Full Duplex, Flow Control: RX
[[0;32m  OK  [0m] Started [0;1;39mNetwork Manager[0m.
[[0;32m  OK  [0m] Reached target [0;1;39mNetwork[0m.
[[0;32m  OK  [0m] Reached target [0;1;39mNetwork is Online[0m.
         Starting [0;1;39mGSSAPI Proxy Daemon[0m...
         Starting [0;1;39mNotify NFS peers of a restart[0m...
         Starting [0;1;39mSystem Logging Service[0m...
         Starting [0;1;39mOpenSSH server daemon[0m...
         Starting [0;1;39mDynamic System Tuning Daemon[0m...
[[0;32m  OK  [0m] Started [0;1;39mNotify NFS peers of a restart[0m.
[[0;32m  OK  [0m] Started [0;1;39mGSSAPI Proxy Daemon[0m.
[[0;32m  OK  [0m] Reached target [0;1;39mNFS client services[0m.
[[0;32m  OK  [0m] Reached target [0;1;39mPreparation for Remote File Systems[0m.
[[0;32m  OK  [0m] Reached target [0;1;39mRemote File Systems[0m.
         Starting [0;1;39mPermit User Sessions[0m...
         Starting [0;1;39mVirtualization qemu daemon[0m...
[[0;32m  OK  [0m] Started [0;1;39mOpenSSH server daemon[0m.
[[0;32m  OK  [0m] Finished [0;1;39mPermit User Sessions[0m.
[[0;32m  OK  [0m] Started [0;1;39mSystem Logging Service[0m.
[[0;32m  OK  [0m] Started [0;1;39mDeferred execution scheduler[0m.
[[0;32m  OK  [0m] Started [0;1;39mCommand Scheduler[0m.
         Starting [0;1;39mHold until boot process finishes up[0m...
         Starting [0;1;39mTerminate Plymouth Boot Screen[0m...
[[0;32m  OK  [0m] Started [0;1;39mVirtualization qemu daemon[0m.

CentOS Stream 9
Kernel 6.14.0-rc7-4476e7f81467+ on an x86_64

Activate the web console with: systemctl enable --now cockpit.socket

test login: [   39.558749] coredump: 761(repro): over core_pipe_limit, skipping core dump
[   40.241027] coredump: 774(repro): over core_pipe_limit, skipping core dump
[   41.318057] coredump: 786(repro): over core_pipe_limit, skipping core dump
[   41.436164] coredump: 788(repro): over core_pipe_limit, skipping core dump
[   41.582280] coredump: 798(repro): over core_pipe_limit, skipping core dump
[   42.835398] coredump: 822(repro): over core_pipe_limit, skipping core dump
[   42.882682] coredump: 828(repro): over core_pipe_limit, skipping core dump
[   44.441174] coredump: 855(repro): over core_pipe_limit, skipping core dump
[   45.607324] coredump: 875(repro): over core_pipe_limit, skipping core dump
[   46.504480] coredump: 900(repro): over core_pipe_limit, skipping core dump
[   47.549993] coredump: 918(repro): over core_pipe_limit, skipping core dump
[   47.925935] coredump: 946(repro): over core_pipe_limit, skipping core dump
[   48.025990] coredump: 920(repro): over core_pipe_limit, skipping core dump
[   49.078006] coredump: 961(repro): over core_pipe_limit, skipping core dump
[   50.483561] coredump: 972(repro): over core_pipe_limit, skipping core dump
[   51.752546] coredump: 1013(repro): over core_pipe_limit, skipping core dump
[   51.914130] coredump: 1022(repro): over core_pipe_limit, skipping core dump
[   51.955724] coredump: 1019(repro): over core_pipe_limit, skipping core dump
[   53.667584] coredump: 1052(repro): over core_pipe_limit, skipping core dump
[   56.371515] coredump: 1123(repro): over core_pipe_limit, skipping core dump
[   56.446883] coredump: 1113(repro): over core_pipe_limit, skipping core dump
[   58.363543] coredump: 1146(repro): over core_pipe_limit, skipping core dump
[   58.798025] coredump: 1177(repro): over core_pipe_limit, skipping core dump
[   59.002426] coredump: 1171(repro): over core_pipe_limit, skipping core dump
[   59.127317] coredump: 1187(repro): over core_pipe_limit, skipping core dump
[   59.262227] coredump: 1197(repro): over core_pipe_limit, skipping core dump
[   60.458457] coredump: 1203(repro): over core_pipe_limit, skipping core dump
[   60.626077] coredump: 1229(repro): over core_pipe_limit, skipping core dump
[   60.881061] coredump: 1232(repro): over core_pipe_limit, skipping core dump
[   65.958652] coredump: 1313(repro): over core_pipe_limit, skipping core dump
[   65.982075] coredump: 1316(repro): over core_pipe_limit, skipping core dump
[   66.702049] coredump: 1347(repro): over core_pipe_limit, skipping core dump
[   66.712142] coredump: 1340(repro): over core_pipe_limit, skipping core dump
[   66.800719] coredump: 1345(repro): over core_pipe_limit, skipping core dump
[   68.863707] coredump: 1389(repro): over core_pipe_limit, skipping core dump
[   69.050073] coredump: 1402(repro): over core_pipe_limit, skipping core dump
[   70.450057] coredump: 1420(repro): over core_pipe_limit, skipping core dump
[   71.319510] coredump: 1463(repro): over core_pipe_limit, skipping core dump
[   71.352590] coredump: 1451(repro): over core_pipe_limit, skipping core dump
[   71.997164] coredump: 1469(repro): over core_pipe_limit, skipping core dump
[   74.369511] coredump: 1524(repro): over core_pipe_limit, skipping core dump
[   74.677817] coredump: 1526(repro): over core_pipe_limit, skipping core dump
[   74.957144] coredump: 1539(repro): over core_pipe_limit, skipping core dump
[   76.003006] coredump: 1559(repro): over core_pipe_limit, skipping core dump
[   76.217991] coredump: 1556(repro): over core_pipe_limit, skipping core dump
[   76.325987] coredump: 1597(repro): over core_pipe_limit, skipping core dump
[   77.553968] coredump: 1599(repro): over core_pipe_limit, skipping core dump
[   78.247675] coredump: 1593(repro): over core_pipe_limit, skipping core dump
[   79.823576] coredump: 1626(repro): over core_pipe_limit, skipping core dump
[   79.848274] coredump: 1624(repro): over core_pipe_limit, skipping core dump
[   79.933640] coredump: 1628(repro): over core_pipe_limit, skipping core dump
[   80.026131] coredump: 1652(repro): over core_pipe_limit, skipping core dump
[   83.232956] coredump: 1724(repro): over core_pipe_limit, skipping core dump
[   84.053495] coredump: 1733(repro): over core_pipe_limit, skipping core dump
[   84.149244] coredump: 1722(repro): over core_pipe_limit, skipping core dump
[   84.427014] coredump: 1751(repro): over core_pipe_limit, skipping core dump
[   84.729775] coredump: 1753(repro): over core_pipe_limit, skipping core dump
[   86.170025] coredump: 1789(repro): over core_pipe_limit, skipping core dump
[   86.197699] coredump: 1787(repro): over core_pipe_limit, skipping core dump
[   86.661208] coredump: 1785(repro): over core_pipe_limit, skipping core dump
[   86.966862] systemd-journald[148]: Data hash table of /run/log/journal/938775788448454bb5b34822d5730c41/system.journal has a fill level at 75.0 (5442 of 7253 items, 4177920 file size, 767 bytes per hash table item), suggesting rotation.
[   86.969263] systemd-journald[148]: /run/log/journal/938775788448454bb5b34822d5730c41/system.journal: Journal header limits reached or header out-of-date, rotating.
[   87.844057] coredump: 1815(repro): over core_pipe_limit, skipping core dump
[   90.206244] coredump: 1836(repro): over core_pipe_limit, skipping core dump
[   90.501987] coredump: 1850(repro): over core_pipe_limit, skipping core dump
[   90.515586] coredump: 1854(repro): over core_pipe_limit, skipping core dump
[   91.887228] coredump: 1899(repro): over core_pipe_limit, skipping core dump
[   92.722374] coredump: 1916(repro): over core_pipe_limit, skipping core dump
[   92.866436] coredump: 1937(repro): over core_pipe_limit, skipping core dump
[   92.876288] coredump: 1923(repro): over core_pipe_limit, skipping core dump
[   94.767249] coredump: 1986(repro): over core_pipe_limit, skipping core dump
[   94.833347] coredump: 1973(repro): over core_pipe_limit, skipping core dump
[   94.859102] coredump: 1959(repro): over core_pipe_limit, skipping core dump
[  100.377999] do_coredump: 1 callbacks suppressed
[  100.378014] coredump: 2071(repro): over core_pipe_limit, skipping core dump
[  100.459427] coredump: 2068(repro): over core_pipe_limit, skipping core dump
[  100.531208] coredump: 2085(repro): over core_pipe_limit, skipping core dump
[  100.729993] coredump: 2094(repro): over core_pipe_limit, skipping core dump
[  102.449987] coredump: 2142(repro): over core_pipe_limit, skipping core dump
[  103.158327] coredump: 2151(repro): over core_pipe_limit, skipping core dump
[  103.979483] coredump: 2168(repro): over core_pipe_limit, skipping core dump
[  104.246258] coredump: 2172(repro): over core_pipe_limit, skipping core dump
[  105.480290] coredump: 2206(repro): over core_pipe_limit, skipping core dump
[  106.231007] coredump: 2228(repro): over core_pipe_limit, skipping core dump
[  106.314981] coredump: 2218(repro): over core_pipe_limit, skipping core dump
[  108.024481] coredump: 2247(repro): over core_pipe_limit, skipping core dump
[  108.482878] coredump: 2277(repro): over core_pipe_limit, skipping core dump
[  108.540075] coredump: 2252(repro): over core_pipe_limit, skipping core dump
[  108.807704] coredump: 2267(repro): over core_pipe_limit, skipping core dump
[  108.854122] coredump: 2288(repro): over core_pipe_limit, skipping core dump
[  109.937267] coredump: 2300(repro): over core_pipe_limit, skipping core dump
[  109.955488] coredump: 2305(repro): over core_pipe_limit, skipping core dump
[  111.900268] coredump: 2344(repro): over core_pipe_limit, skipping core dump
[  112.200764] coredump: 2357(repro): over core_pipe_limit, skipping core dump
[  112.392441] coredump: 2370(repro): over core_pipe_limit, skipping core dump
[  114.958032] coredump: 2417(repro): over core_pipe_limit, skipping core dump
[  116.343000] coredump: 2439(repro): over core_pipe_limit, skipping core dump
[  117.787183] coredump: 2432(repro): over core_pipe_limit, skipping core dump
[  118.007559] coredump: 2466(repro): over core_pipe_limit, skipping core dump
[  118.257985] coredump: 2487(repro): over core_pipe_limit, skipping core dump
[  118.795182] coredump: 2499(repro): over core_pipe_limit, skipping core dump
[  118.812223] coredump: 2505(repro): over core_pipe_limit, skipping core dump
[  119.103426] coredump: 2516(repro): over core_pipe_limit, skipping core dump
[  119.106018] coredump: 2495(repro): over core_pipe_limit, skipping core dump
[  119.144677] coredump: 2522(repro): over core_pipe_limit, skipping core dump
[  120.950587] coredump: 2554(repro): over core_pipe_limit, skipping core dump
[  124.540875] coredump: 2617(repro): over core_pipe_limit, skipping core dump
[  124.748790] coredump: 2608(repro): over core_pipe_limit, skipping core dump
[  126.514389] coredump: 2663(repro): over core_pipe_limit, skipping core dump
[  126.868942] coredump: 2668(repro): over core_pipe_limit, skipping core dump
[  127.258001] coredump: 2699(repro): over core_pipe_limit, skipping core dump
[  127.309001] coredump: 2689(repro): over core_pipe_limit, skipping core dump
[  128.063475] coredump: 2706(repro): over core_pipe_limit, skipping core dump
[  128.091081] coredump: 2701(repro): over core_pipe_limit, skipping core dump
[  129.614161] coredump: 2737(repro): over core_pipe_limit, skipping core dump
[  132.027883] coredump: 2772(repro): over core_pipe_limit, skipping core dump
[  132.234856] coredump: 2805(repro): over core_pipe_limit, skipping core dump
[  132.272215] coredump: 2777(repro): over core_pipe_limit, skipping core dump
[  135.706032] coredump: 2835(repro): over core_pipe_limit, skipping core dump
[  135.763550] coredump: 2869(repro): over core_pipe_limit, skipping core dump
[  135.846229] coredump: 2864(repro): over core_pipe_limit, skipping core dump
[  135.920258] coredump: 2880(repro): over core_pipe_limit, skipping core dump
[  136.456119] coredump: 2873(repro): over core_pipe_limit, skipping core dump
[  139.147699] coredump: 2942(repro): over core_pipe_limit, skipping core dump
[  139.159049] coredump: 2939(repro): over core_pipe_limit, skipping core dump
[  140.422736] coredump: 2959(repro): over core_pipe_limit, skipping core dump
[  141.649385] coredump: 2994(repro): over core_pipe_limit, skipping core dump
[  141.982015] coredump: 3006(repro): over core_pipe_limit, skipping core dump
[  141.997990] coredump: 3026(repro): over core_pipe_limit, skipping core dump
[  142.090019] coredump: 3010(repro): over core_pipe_limit, skipping core dump
[  142.145966] coredump: 3017(repro): over core_pipe_limit, skipping core dump
[  142.867864] coredump: 3036(repro): over core_pipe_limit, skipping core dump
[  146.850315] coredump: 3122(repro): over core_pipe_limit, skipping core dump
[  147.109971] coredump: 3133(repro): over core_pipe_limit, skipping core dump
[  147.114188] coredump: 3135(repro): over core_pipe_limit, skipping core dump
[  147.155184] coredump: 3137(repro): over core_pipe_limit, skipping core dump
[  147.570999] coredump: 3146(repro): over core_pipe_limit, skipping core dump
[  147.572304] coredump: 3151(repro): over core_pipe_limit, skipping core dump
[  147.767416] coredump: 3159(repro): over core_pipe_limit, skipping core dump
[  149.543414] coredump: 3194(repro): over core_pipe_limit, skipping core dump
[  151.727742] coredump: 3209(repro): over core_pipe_limit, skipping core dump
[  152.887961] coredump: 3254(repro): over core_pipe_limit, skipping core dump
[  152.973360] coredump: 3246(repro): over core_pipe_limit, skipping core dump
[  153.068645] coredump: 3242(repro): over core_pipe_limit, skipping core dump
[  153.364137] coredump: 3263(repro): over core_pipe_limit, skipping core dump
[  153.433994] coredump: 3274(repro): over core_pipe_limit, skipping core dump
[  154.111550] coredump: 3282(repro): over core_pipe_limit, skipping core dump
[  154.682071] coredump: 3311(repro): over core_pipe_limit, skipping core dump
[  157.594048] coredump: 3345(repro): over core_pipe_limit, skipping core dump
[  159.653586] coredump: 3384(repro): over core_pipe_limit, skipping core dump
[  159.678012] coredump: 3399(repro): over core_pipe_limit, skipping core dump
[  160.093352] coredump: 3416(repro): over core_pipe_limit, skipping core dump
[  160.206012] coredump: 3386(repro): over core_pipe_limit, skipping core dump
[  160.278690] coredump: 3408(repro): over core_pipe_limit, skipping core dump
[  160.546011] coredump: 3425(repro): over core_pipe_limit, skipping core dump
[  160.590094] coredump: 3421(repro): over core_pipe_limit, skipping core dump
[  161.535422] coredump: 3455(repro): over core_pipe_limit, skipping core dump
[  161.632122] coredump: 3445(repro): over core_pipe_limit, skipping core dump
[  163.634683] coredump: 3502(repro): over core_pipe_limit, skipping core dump
[  166.927933] do_coredump: 3 callbacks suppressed
[  166.927947] coredump: 3563(repro): over core_pipe_limit, skipping core dump
[  167.014102] coredump: 3568(repro): over core_pipe_limit, skipping core dump
[  167.025394] coredump: 3580(repro): over core_pipe_limit, skipping core dump
[  169.319448] coredump: 3609(repro): over core_pipe_limit, skipping core dump
[  169.642831] coredump: 3620(repro): over core_pipe_limit, skipping core dump
[  169.865388] coredump: 3646(repro): over core_pipe_limit, skipping core dump
[  169.950811] coredump: 3636(repro): over core_pipe_limit, skipping core dump
[  170.061995] coredump: 3615(repro): over core_pipe_limit, skipping core dump
[  172.514851] coredump: 3692(repro): over core_pipe_limit, skipping core dump
[  173.213838] coredump: 3703(repro): over core_pipe_limit, skipping core dump
[  173.239406] coredump: 3708(repro): over core_pipe_limit, skipping core dump
[  173.698094] coredump: 3738(repro): over core_pipe_limit, skipping core dump
[  174.131711] coredump: 3718(repro): over core_pipe_limit, skipping core dump
[  177.099846] coredump: 3772(repro): over core_pipe_limit, skipping core dump
[  178.296852] coredump: 3792(repro): over core_pipe_limit, skipping core dump
[  178.363600] coredump: 3816(repro): over core_pipe_limit, skipping core dump
[  178.470902] coredump: 3822(repro): over core_pipe_limit, skipping core dump
[  178.975062] coredump: 3825(repro): over core_pipe_limit, skipping core dump
[  179.815727] coredump: 3846(repro): over core_pipe_limit, skipping core dump
[  183.296310] coredump: 3911(repro): over core_pipe_limit, skipping core dump
[  183.642227] coredump: 3930(repro): over core_pipe_limit, skipping core dump
[  184.855559] coredump: 3940(repro): over core_pipe_limit, skipping core dump
[  184.890001] coredump: 3955(repro): over core_pipe_limit, skipping core dump
[  185.006087] coredump: 3967(repro): over core_pipe_limit, skipping core dump
[  185.638459] coredump: 3957(repro): over core_pipe_limit, skipping core dump
[  185.862374] coredump: 3977(repro): over core_pipe_limit, skipping core dump
[  185.951462] systemd-journald[148]: Data hash table of /run/log/journal/938775788448454bb5b34822d5730c41/system.journal has a fill level at 75.0 (5441 of 7253 items, 4177920 file size, 767 bytes per hash table item), suggesting rotation.
[  185.953868] systemd-journald[148]: /run/log/journal/938775788448454bb5b34822d5730c41/system.journal: Journal header limits reached or header out-of-date, rotating.
[  187.230097] coredump: 4004(repro): over core_pipe_limit, skipping core dump
[  187.747123] coredump: 4031(repro): over core_pipe_limit, skipping core dump
[  189.600178] coredump: 4058(repro): over core_pipe_limit, skipping core dump
[  191.215605] coredump: 4069(repro): over core_pipe_limit, skipping core dump
[  192.008694] coredump: 4124(repro): over core_pipe_limit, skipping core dump
[  193.355089] coredump: 4132(repro): over core_pipe_limit, skipping core dump
[  194.981078] coredump: 4168(repro): over core_pipe_limit, skipping core dump
[  195.641811] coredump: 4178(repro): over core_pipe_limit, skipping core dump
[  195.886787] coredump: 4184(repro): over core_pipe_limit, skipping core dump
[  196.109950] coredump: 4209(repro): over core_pipe_limit, skipping core dump
[  197.598284] coredump: 4238(repro): over core_pipe_limit, skipping core dump
[  197.733992] coredump: 4221(repro): over core_pipe_limit, skipping core dump
[  198.493556] coredump: 4273(repro): over core_pipe_limit, skipping core dump
[  199.141989] coredump: 4267(repro): over core_pipe_limit, skipping core dump
[  199.182249] coredump: 4258(repro): over core_pipe_limit, skipping core dump
[  200.187659] coredump: 4275(repro): over core_pipe_limit, skipping core dump
[  202.682068] coredump: 4335(repro): over core_pipe_limit, skipping core dump
[  202.938797] coredump: 4345(repro): over core_pipe_limit, skipping core dump
[  203.673810] coredump: 4364(repro): over core_pipe_limit, skipping core dump
[  204.418584] coredump: 4380(repro): over core_pipe_limit, skipping core dump
[  204.465990] coredump: 4387(repro): over core_pipe_limit, skipping core dump
[  204.828599] coredump: 4405(repro): over core_pipe_limit, skipping core dump
[  204.829526] coredump: 4421(repro): over core_pipe_limit, skipping core dump
[  205.371386] coredump: 4410(repro): over core_pipe_limit, skipping core dump
[  208.093533] coredump: 4447(repro): over core_pipe_limit, skipping core dump
[  208.238832] coredump: 4455(repro): over core_pipe_limit, skipping core dump
[  209.711321] coredump: 4484(repro): over core_pipe_limit, skipping core dump
[  210.261856] coredump: 4504(repro): over core_pipe_limit, skipping core dump
[  210.884237] coredump: 4536(repro): over core_pipe_limit, skipping core dump
[  211.246018] coredump: 4533(repro): over core_pipe_limit, skipping core dump
[  214.353969] coredump: 4600(repro): over core_pipe_limit, skipping core dump
[  215.254294] coredump: 4622(repro): over core_pipe_limit, skipping core dump
[  215.590001] coredump: 4646(repro): over core_pipe_limit, skipping core dump
[  215.733775] coredump: 4631(repro): over core_pipe_limit, skipping core dump
[  216.457262] coredump: 4662(repro): over core_pipe_limit, skipping core dump
[  216.502513] coredump: 4656(repro): over core_pipe_limit, skipping core dump
[  216.962315] coredump: 4665(repro): over core_pipe_limit, skipping core dump
[  217.502146] coredump: 4682(repro): over core_pipe_limit, skipping core dump
[  221.879474] coredump: 4764(repro): over core_pipe_limit, skipping core dump
[  222.031921] coredump: 4778(repro): over core_pipe_limit, skipping core dump
[  222.061990] coredump: 4768(repro): over core_pipe_limit, skipping core dump
[  222.546010] coredump: 4788(repro): over core_pipe_limit, skipping core dump
[  223.039496] coredump: 4796(repro): over core_pipe_limit, skipping core dump
[  223.798010] coredump: 4825(repro): over core_pipe_limit, skipping core dump
[  223.971534] coredump: 4814(repro): over core_pipe_limit, skipping core dump
[  225.663212] coredump: 4847(repro): over core_pipe_limit, skipping core dump
[  227.058759] coredump: 4883(repro): over core_pipe_limit, skipping core dump
[  227.475425] coredump: 4898(repro): over core_pipe_limit, skipping core dump
[  228.209983] coredump: 4896(repro): over core_pipe_limit, skipping core dump
[  228.439833] coredump: 4907(repro): over core_pipe_limit, skipping core dump
[  228.446172] coredump: 4915(repro): over core_pipe_limit, skipping core dump
[  229.077199] coredump: 4927(repro): over core_pipe_limit, skipping core dump
[  229.274448] coredump: 4933(repro): over core_pipe_limit, skipping core dump
[  229.650036] coredump: 4954(repro): over core_pipe_limit, skipping core dump
[  231.230084] coredump: 4980(repro): over core_pipe_limit, skipping core dump
[  231.386615] coredump: 4984(repro): over core_pipe_limit, skipping core dump
[  233.812688] coredump: 5059(repro): over core_pipe_limit, skipping core dump
[  233.875959] coredump: 5019(repro): over core_pipe_limit, skipping core dump
[  234.139924] coredump: 5082(repro): over core_pipe_limit, skipping core dump
[  234.178597] coredump: 5031(repro): over core_pipe_limit, skipping core dump
[  234.243607] coredump: 5034(repro): over core_pipe_limit, skipping core dump
[  234.566011] coredump: 5057(repro): over core_pipe_limit, skipping core dump
[  235.506095] coredump: 5099(repro): over core_pipe_limit, skipping core dump
[  236.014025] coredump: 5102(repro): over core_pipe_limit, skipping core dump
[  236.034994] coredump: 5106(repro): over core_pipe_limit, skipping core dump
[  240.201296] coredump: 5143(repro): over core_pipe_limit, skipping core dump
[  240.224137] coredump: 5145(repro): over core_pipe_limit, skipping core dump
[  240.416135] coredump: 5200(repro): over core_pipe_limit, skipping core dump
[  240.772179] coredump: 5179(repro): over core_pipe_limit, skipping core dump
[  241.054863] coredump: 5184(repro): over core_pipe_limit, skipping core dump
[  241.842056] coredump: 5205(repro): over core_pipe_limit, skipping core dump
[  241.904709] coredump: 5212(repro): over core_pipe_limit, skipping core dump
[  246.190656] coredump: 5291(repro): over core_pipe_limit, skipping core dump
[  246.494152] coredump: 5303(repro): over core_pipe_limit, skipping core dump
[  247.040251] coredump: 5312(repro): over core_pipe_limit, skipping core dump
[  247.410003] coredump: 5323(repro): over core_pipe_limit, skipping core dump
[  247.471321] coredump: 5329(repro): over core_pipe_limit, skipping core dump
[  247.555145] coredump: 5338(repro): over core_pipe_limit, skipping core dump
[  247.611367] coredump: 5343(repro): over core_pipe_limit, skipping core dump
[  247.859328] coredump: 5348(repro): over core_pipe_limit, skipping core dump
[  248.234014] coredump: 5356(repro): over core_pipe_limit, skipping core dump
[  248.554041] coredump: 5369(repro): over core_pipe_limit, skipping core dump
