c[?7l[2J[0mSeaBIOS (version rel-1.16.3-0-ga6ed6b701f0a-prebuilt.qemu.org)


iPXE (http://ipxe.org) 00:03.0 CA00 PCI2.10 PnP PMM+7EFD0C90+7EF30C90 CA00
Press Ctrl-B to configure iPXE (PCI 00:03.0)...                                                                               


Booting from ROM...
c[?7l[2J[    0.000000] Linux version 6.14.0-rc4-c96fff391c09+ (root@localhost.localdomain) (gcc (GCC) 11.5.0 20240719 (Red Hat 11.5.0-2), GNU ld version 2.35.2-54.el9) #1 SMP PREEMPT_DYNAMIC Sun Jun  1 22:37:13 CST 2025
[    0.000000] Command line: console=ttyS0 root=/dev/sda earlyprintk=serial net.ifnames=0 thunderbolt.dyndbg
[    0.000000] KERNEL supported cpus:
[    0.000000]   Intel GenuineIntel
[    0.000000]   AMD AuthenticAMD
[    0.000000]   Hygon HygonGenuine
[    0.000000]   Centaur CentaurHauls
[    0.000000]   zhaoxin   Shanghai  
[    0.000000] BIOS-provided physical RAM map:
[    0.000000] BIOS-e820: [mem 0x0000000000000000-0x000000000009fbff] usable
[    0.000000] BIOS-e820: [mem 0x000000000009fc00-0x000000000009ffff] reserved
[    0.000000] BIOS-e820: [mem 0x00000000000f0000-0x00000000000fffff] reserved
[    0.000000] BIOS-e820: [mem 0x0000000000100000-0x000000007ffdffff] usable
[    0.000000] BIOS-e820: [mem 0x000000007ffe0000-0x000000007fffffff] reserved
[    0.000000] BIOS-e820: [mem 0x00000000feffc000-0x00000000feffffff] reserved
[    0.000000] BIOS-e820: [mem 0x00000000fffc0000-0x00000000ffffffff] reserved
[    0.000000] printk: legacy bootconsole [earlyser0] enabled
[    0.000000] NX (Execute Disable) protection: active
[    0.000000] APIC: Static calls initialized
[    0.000000] SMBIOS 2.8 present.
[    0.000000] DMI: QEMU Standard PC (i440FX + PIIX, 1996), BIOS rel-1.16.3-0-ga6ed6b701f0a-prebuilt.qemu.org 04/01/2014
[    0.000000] DMI: Memory slots populated: 1/1
[    0.000000] Hypervisor detected: KVM
[    0.000000] kvm-clock: Using msrs 4b564d01 and 4b564d00
[    0.000004] kvm-clock: using sched offset of 659374037 cycles
[    0.000790] clocksource: kvm-clock: mask: 0xffffffffffffffff max_cycles: 0x1cd42e4dffb, max_idle_ns: 881590591483 ns
[    0.003239] tsc: Detected 2095.076 MHz processor
[    0.013300] last_pfn = 0x7ffe0 max_arch_pfn = 0x400000000
[    0.014170] MTRR map: 4 entries (3 fixed + 1 variable; max 19), built from 8 variable MTRRs
[    0.015445] x86/PAT: Configuration [0-7]: WB  WC  UC- UC  WB  WP  UC- WT  
[    0.026561] found SMP MP-table at [mem 0x000f5480-0x000f548f]
[    0.027441] Using GB pages for direct mapping
[    0.031495] ACPI: Early table checksum verification disabled
[    0.032359] ACPI: RSDP 0x00000000000F52A0 000014 (v00 BOCHS )
[    0.033226] ACPI: RSDT 0x000000007FFE2390 000034 (v01 BOCHS  BXPC     00000001 BXPC 00000001)
[    0.034498] ACPI: FACP 0x000000007FFE223C 000074 (v01 BOCHS  BXPC     00000001 BXPC 00000001)
[    0.035775] ACPI: DSDT 0x000000007FFE0040 0021FC (v01 BOCHS  BXPC     00000001 BXPC 00000001)
[    0.037054] ACPI: FACS 0x000000007FFE0000 000040
[    0.037748] ACPI: APIC 0x000000007FFE22B0 000080 (v03 BOCHS  BXPC     00000001 BXPC 00000001)
[    0.039050] ACPI: HPET 0x000000007FFE2330 000038 (v01 BOCHS  BXPC     00000001 BXPC 00000001)
[    0.040354] ACPI: WAET 0x000000007FFE2368 000028 (v01 BOCHS  BXPC     00000001 BXPC 00000001)
[    0.041629] ACPI: Reserving FACP table memory at [mem 0x7ffe223c-0x7ffe22af]
[    0.042668] ACPI: Reserving DSDT table memory at [mem 0x7ffe0040-0x7ffe223b]
[    0.043708] ACPI: Reserving FACS table memory at [mem 0x7ffe0000-0x7ffe003f]
[    0.044748] ACPI: Reserving APIC table memory at [mem 0x7ffe22b0-0x7ffe232f]
[    0.045785] ACPI: Reserving HPET table memory at [mem 0x7ffe2330-0x7ffe2367]
[    0.046884] ACPI: Reserving WAET table memory at [mem 0x7ffe2368-0x7ffe238f]
[    0.049547] No NUMA configuration found
[    0.050140] Faking a node at [mem 0x0000000000000000-0x000000007ffdffff]
[    0.051251] NODE_DATA(0) allocated [mem 0x7ffb5000-0x7ffdfc7f]
[    0.052894] Zone ranges:
[    0.053288]   DMA      [mem 0x0000000000001000-0x0000000000ffffff]
[    0.054258]   DMA32    [mem 0x0000000001000000-0x000000007ffdffff]
[    0.055218]   Normal   empty
[    0.055663]   Device   empty
[    0.056115] Movable zone start for each node
[    0.056780] Early memory node ranges
[    0.057329]   node   0: [mem 0x0000000000001000-0x000000000009efff]
[    0.058287]   node   0: [mem 0x0000000000100000-0x000000007ffdffff]
[    0.059246] Initmem setup node 0 [mem 0x0000000000001000-0x000000007ffdffff]
[    0.060708] On node 0, zone DMA: 1 pages in unavailable ranges
[    0.061868] On node 0, zone DMA: 97 pages in unavailable ranges
[    0.098124] On node 0, zone DMA32: 32 pages in unavailable ranges
[    0.165705] kasan: KernelAddressSanitizer initialized
[    0.166888] ACPI: PM-Timer IO Port: 0x608
[    0.167543] ACPI: LAPIC_NMI (acpi_id[0xff] dfl dfl lint[0x1])
[    0.168481] IOAPIC[0]: apic_id 0, version 17, address 0xfec00000, GSI 0-23
[    0.169517] ACPI: INT_SRC_OVR (bus 0 bus_irq 0 global_irq 2 dfl dfl)
[    0.170451] ACPI: INT_SRC_OVR (bus 0 bus_irq 5 global_irq 5 high level)
[    0.171425] ACPI: INT_SRC_OVR (bus 0 bus_irq 9 global_irq 9 high level)
[    0.172402] ACPI: INT_SRC_OVR (bus 0 bus_irq 10 global_irq 10 high level)
[    0.173403] ACPI: INT_SRC_OVR (bus 0 bus_irq 11 global_irq 11 high level)
[    0.174414] ACPI: Using ACPI (MADT) for SMP configuration information
[    0.175361] ACPI: HPET id: 0x8086a201 base: 0xfed00000
[    0.176127] TSC deadline timer available
[    0.176724] CPU topo: Max. logical packages:   1
[    0.177426] CPU topo: Max. logical dies:       1
[    0.178124] CPU topo: Max. dies per package:   1
[    0.178830] CPU topo: Max. threads per core:   1
[    0.179534] CPU topo: Num. cores per package:     2
[    0.180275] CPU topo: Num. threads per package:   2
[    0.181016] CPU topo: Allowing 2 present CPUs plus 0 hotplug CPUs
[    0.182002] kvm-guest: APIC: eoi() replaced with kvm_guest_apic_eoi_write()
[    0.183074] kvm-guest: KVM setup pv remote TLB flush
[    0.183830] kvm-guest: setup PV sched yield
[    0.184524] PM: hibernation: Registered nosave memory: [mem 0x00000000-0x00000fff]
[    0.185674] PM: hibernation: Registered nosave memory: [mem 0x0009f000-0x0009ffff]
[    0.186827] PM: hibernation: Registered nosave memory: [mem 0x000a0000-0x000effff]
[    0.187983] PM: hibernation: Registered nosave memory: [mem 0x000f0000-0x000fffff]
[    0.189141] [mem 0x80000000-0xfeffbfff] available for PCI devices
[    0.190073] Booting paravirtualized kernel on KVM
[    0.190794] clocksource: refined-jiffies: mask: 0xffffffff max_cycles: 0xffffffff, max_idle_ns: 7645519600211568 ns
[    0.192398] setup_percpu: NR_CPUS:8192 nr_cpumask_bits:2 nr_cpu_ids:2 nr_node_ids:1
[    0.194142] percpu: Embedded 81 pages/cpu s294912 r8192 d28672 u1048576
[    0.195344] kvm-guest: PV spinlocks enabled
[    0.195999] PV qspinlock hash table entries: 256 (order: 0, 4096 bytes, linear)
[    0.197150] Kernel command line: net.ifnames=0 console=ttyS0 root=/dev/sda earlyprintk=serial net.ifnames=0 thunderbolt.dyndbg
[    0.199236] random: crng init done
[    0.199750] printk: log buffer data + meta data: 262144 + 917504 = 1179648 bytes
[    0.201370] Dentry cache hash table entries: 262144 (order: 9, 2097152 bytes, linear)
[    0.202672] Inode-cache hash table entries: 131072 (order: 8, 1048576 bytes, linear)
[    0.204120] Fallback order for Node 0: 0 
[    0.204141] Built 1 zonelists, mobility grouping on.  Total pages: 524158
[    0.205736] Policy zone: DMA32
[    0.206202] mem auto-init: stack:off, heap alloc:off, heap free:off
[    0.207138] stackdepot: allocating hash table via alloc_large_system_hash
[    0.208148] stackdepot hash table entries: 1048576 (order: 12, 16777216 bytes, linear)
[    0.278308] SLUB: HWalign=64, Order=0-3, MinObjects=0, CPUs=2, Nodes=1
[    0.279351] kmemleak: Kernel memory leak detector disabled
[    0.280300] Kernel/User page tables isolation: enabled
[    0.281356] ftrace: allocating 73561 entries in 288 pages
[    0.490223] ftrace: allocated 288 pages with 2 groups
[    0.497931] Dynamic Preempt: voluntary
[    0.499053] Running RCU self tests
[    0.499564] Running RCU synchronous self tests
[    0.500225] rcu: Preemptible hierarchical RCU implementation.
[    0.501073] rcu: 	RCU lockdep checking is enabled.
[    0.501789] rcu: 	RCU restricting CPUs from NR_CPUS=8192 to nr_cpu_ids=2.
[    0.502799] 	Trampoline variant of Tasks RCU enabled.
[    0.503550] 	Rude variant of Tasks RCU enabled.
[    0.504222] 	Tracing variant of Tasks RCU enabled.
[    0.504942] rcu: RCU calculated value of scheduler-enlistment delay is 25 jiffies.
[    0.506059] rcu: Adjusting geometry for rcu_fanout_leaf=16, nr_cpu_ids=2
[    0.507119] Running RCU synchronous self tests
[    0.507773] RCU Tasks: Setting shift to 1 and lim to 1 rcu_task_cb_adjust=1 rcu_task_cpu_ids=2.
[    0.509066] RCU Tasks Rude: Setting shift to 1 and lim to 1 rcu_task_cb_adjust=1 rcu_task_cpu_ids=2.
[    0.510432] RCU Tasks Trace: Setting shift to 1 and lim to 1 rcu_task_cb_adjust=1 rcu_task_cpu_ids=2.
[    0.588340] NR_IRQS: 524544, nr_irqs: 440, preallocated irqs: 16
[    0.589889] rcu: srcu_init: Setting srcu_struct sizes based on contention.
[    0.602585] Console: colour VGA+ 80x25
[    0.603252] printk: legacy console [ttyS0] enabled
[    0.603252] printk: legacy console [ttyS0] enabled
[    0.604654] printk: legacy bootconsole [earlyser0] disabled
[    0.604654] printk: legacy bootconsole [earlyser0] disabled
[    0.606297] Lock dependency validator: Copyright (c) 2006 Red Hat, Inc., Ingo Molnar
[    0.607427] ... MAX_LOCKDEP_SUBCLASSES:  8
[    0.608041] ... MAX_LOCK_DEPTH:          48
[    0.608661] ... MAX_LOCKDEP_KEYS:        8192
[    0.609311] ... CLASSHASH_SIZE:          4096
[    0.609962] ... MAX_LOCKDEP_ENTRIES:     32768
[    0.610621] ... MAX_LOCKDEP_CHAINS:      65536
[    0.611283] ... CHAINHASH_SIZE:          32768
[    0.611947]  memory used by lock dependency info: 6429 kB
[    0.612740]  memory used for stack traces: 4224 kB
[    0.613450]  per task-struct memory footprint: 1920 bytes
[    0.614380] ACPI: Core revision 20240827
[    0.615582] clocksource: hpet: mask: 0xffffffff max_cycles: 0xffffffff, max_idle_ns: 19112604467 ns
[    0.617445] APIC: Switch to symmetric I/O mode setup
[    0.618491] x2apic enabled
[    0.619507] APIC: Switched APIC routing to: physical x2apic
[    0.620339] kvm-guest: APIC: send_IPI_mask() replaced with kvm_send_ipi_mask()
[    0.621557] kvm-guest: APIC: send_IPI_mask_allbutself() replaced with kvm_send_ipi_mask_allbutself()
[    0.622960] kvm-guest: setup PV IPIs
[    0.625101] ..TIMER: vector=0x30 apic1=0 pin1=2 apic2=-1 pin2=-1
[    0.626146] clocksource: tsc-early: mask: 0xffffffffffffffff max_cycles: 0x1e33052aadd, max_idle_ns: 440795310221 ns
[    0.627763] Calibrating delay loop (skipped) preset value.. 4190.15 BogoMIPS (lpj=8380304)
[    0.629189] x86/cpu: User Mode Instruction Prevention (UMIP) activated
[    0.631892] Last level iTLB entries: 4KB 0, 2MB 0, 4MB 0
[    0.632699] Last level dTLB entries: 4KB 0, 2MB 0, 4MB 0, 1GB 0
[    0.633638] Spectre V1 : Mitigation: usercopy/swapgs barriers and __user pointer sanitization
[    0.635763] Spectre V2 : Spectre BHI mitigation: SW BHB clearing on syscall and VM exit
[    0.637027] Spectre V2 : Mitigation: IBRS
[    0.637664] Spectre V2 : Spectre v2 / SpectreRSB mitigation: Filling RSB on context switch
[    0.638933] Spectre V2 : Spectre v2 / SpectreRSB : Filling RSB on VMEXIT
[    0.639755] RETBleed: Mitigation: IBRS
[    0.640370] Spectre V2 : mitigation: Enabling conditional Indirect Branch Prediction Barrier
[    0.641683] Speculative Store Bypass: Mitigation: Speculative Store Bypass disabled via prctl
[    0.643060] MDS: Mitigation: Clear CPU buffers
[    0.643755] TAA: Mitigation: Clear CPU buffers
[    0.644468] MMIO Stale Data: Mitigation: Clear CPU buffers
[    0.645386] x86/fpu: Supporting XSAVE feature 0x001: 'x87 floating point registers'
[    0.646561] x86/fpu: Supporting XSAVE feature 0x002: 'SSE registers'
[    0.647760] x86/fpu: Supporting XSAVE feature 0x004: 'AVX registers'
[    0.648769] x86/fpu: Supporting XSAVE feature 0x008: 'MPX bounds registers'
[    0.649843] x86/fpu: Supporting XSAVE feature 0x010: 'MPX CSR'
[    0.650745] x86/fpu: Supporting XSAVE feature 0x020: 'AVX-512 opmask'
[    0.651754] x86/fpu: Supporting XSAVE feature 0x040: 'AVX-512 Hi256'
[    0.652765] x86/fpu: Supporting XSAVE feature 0x080: 'AVX-512 ZMM_Hi256'
[    0.653795] x86/fpu: Supporting XSAVE feature 0x200: 'Protection Keys User registers'
[    0.654993] x86/fpu: xstate_offset[2]:  576, xstate_sizes[2]:  256
[    0.655755] x86/fpu: xstate_offset[3]:  832, xstate_sizes[3]:   64
[    0.656724] x86/fpu: xstate_offset[4]:  896, xstate_sizes[4]:   64
[    0.657681] x86/fpu: xstate_offset[5]:  960, xstate_sizes[5]:   64
[    0.658635] x86/fpu: xstate_offset[6]: 1024, xstate_sizes[6]:  512
[    0.659755] x86/fpu: xstate_offset[7]: 1536, xstate_sizes[7]: 1024
[    0.660723] x86/fpu: xstate_offset[9]: 2560, xstate_sizes[9]:    8
[    0.661676] x86/fpu: Enabled xstate features 0x2ff, context size is 2568 bytes, using 'compacted' format.
[    0.985397] Freeing SMP alternatives memory: 56K
[    0.986138] pid_max: default: 32768 minimum: 301
[    0.987300] LSM: initializing lsm=capability,yama,ima,evm
[    0.987947] Yama: becoming mindful.
[    0.989345] Mount-cache hash table entries: 4096 (order: 3, 32768 bytes, linear)
[    0.990495] Mountpoint-cache hash table entries: 4096 (order: 3, 32768 bytes, linear)
[    0.994385] Running RCU synchronous self tests
[    0.995088] Running RCU synchronous self tests
[    0.996238] smpboot: CPU0: Genuine Intel(R) CPU 0000%@ (family: 0x6, model: 0x55, stepping: 0x4)
[    0.999467] Running RCU Tasks wait API self tests
[    1.104167] Running RCU Tasks Rude wait API self tests
[    1.106972] Running RCU Tasks Trace wait API self tests
[    1.108049] Performance Events: Skylake events, 32-deep LBR, full-width counters, Intel PMU driver.
[    1.115865] ... version:                2
[    1.118062] ... bit width:              48
[    1.119785] ... generic registers:      4
[    1.121966] ... value mask:             0000ffffffffffff
[    1.123784] ... max period:             00007fffffffffff
[    1.125848] ... fixed-purpose events:   3
[    1.127369] ... event mask:             000000070000000f
[    1.127836] Callback from call_rcu_tasks_trace() invoked.
[    1.131983] signal: max sigframe size: 3632
[    1.133744] rcu: Hierarchical SRCU implementation.
[    1.134887] rcu: 	Max phase no-delay instances is 1000.
[    1.136442] Timer migration: 1 hierarchy levels; 8 children per group; 1 crossnode level
[    1.152279] smp: Bringing up secondary CPUs ...
[    1.160348] smpboot: x86: Booting SMP configuration:
[    1.161226] .... node  #0, CPUs:      #1
[    1.163915] smp: Brought up 1 node, 2 CPUs
[    1.165727] smpboot: Total of 2 processors activated (8380.30 BogoMIPS)
[    1.169387] Memory: 1605172K/2096632K available (77630K kernel code, 15185K rwdata, 18096K rodata, 15788K init, 21980K bss, 484188K reserved, 0K cma-reserved)
[    1.173618] devtmpfs: initialized
[    1.176988] x86/mm: Memory block size: 128MB
[    1.192873] Running RCU synchronous self tests
[    1.193602] Running RCU synchronous self tests
[    1.195926] clocksource: jiffies: mask: 0xffffffff max_cycles: 0xffffffff, max_idle_ns: 7645041785100000 ns
[    1.197278] futex hash table entries: 512 (order: 4, 65536 bytes, linear)
[    1.199941] pinctrl core: initialized pinctrl subsystem
[    1.201967] 
[    1.202221] *************************************************************
[    1.203339] **     NOTICE NOTICE NOTICE NOTICE NOTICE NOTICE NOTICE    **
[    1.203758] **                                                         **
[    1.204809] **  IOMMU DebugFS SUPPORT HAS BEEN ENABLED IN THIS KERNEL  **
[    1.205855] **                                                         **
[    1.206994] ** This means that this kernel is built to expose internal **
[    1.207771] ** IOMMU data structures, which may compromise security on **
[    1.208830] ** your system.                                            **
[    1.209883] **                                                         **
[    1.211014] ** If you see this message and you are not debugging the   **
[    1.211756] ** kernel, report this immediately to your vendor!         **
[    1.212841] **                                                         **
[    1.213975] **     NOTICE NOTICE NOTICE NOTICE NOTICE NOTICE NOTICE    **
[    1.215056] *************************************************************
[    1.215876] PM: RTC time: 14:39:35, date: 2025-06-01
[    1.222108] NET: Registered PF_NETLINK/PF_ROUTE protocol family
[    1.225633] DMA: preallocated 256 KiB GFP_KERNEL pool for atomic allocations
[    1.226806] DMA: preallocated 256 KiB GFP_KERNEL|GFP_DMA pool for atomic allocations
[    1.227786] DMA: preallocated 256 KiB GFP_KERNEL|GFP_DMA32 pool for atomic allocations
[    1.229281] audit: initializing netlink subsys (disabled)
[    1.230205] audit: type=2000 audit(1748788776.265:1): state=initialized audit_enabled=0 res=1
[    1.232926] thermal_sys: Registered thermal governor 'fair_share'
[    1.235279] thermal_sys: Registered thermal governor 'bang_bang'
[    1.235759] thermal_sys: Registered thermal governor 'step_wise'
[    1.236746] thermal_sys: Registered thermal governor 'user_space'
[    1.237782] cpuidle: using governor ladder
[    1.237782] cpuidle: using governor menu
[    1.240582] acpiphp: ACPI Hot Plug PCI Controller Driver version: 0.5
[    1.243286] PCI: Using configuration type 1 for base access
[    1.244420] kprobes: kprobe jump-optimization is enabled. All kprobes are optimized if possible.
[    1.545524] Callback from call_rcu_tasks() invoked.
[    1.629809] HugeTLB: registered 1.00 GiB page size, pre-allocated 0 pages
[    1.630913] HugeTLB: 16380 KiB vmemmap can be freed for a 1.00 GiB page
[    1.631761] HugeTLB: registered 2.00 MiB page size, pre-allocated 0 pages
[    1.632777] HugeTLB: 28 KiB vmemmap can be freed for a 2.00 MiB page
[    1.744229] ACPI: Added _OSI(Module Device)
[    1.744914] ACPI: Added _OSI(Processor Device)
[    1.745606] ACPI: Added _OSI(3.0 _SCP Extensions)
[    1.746315] ACPI: Added _OSI(Processor Aggregator Device)
[    1.786087] ACPI: 1 ACPI AML tables successfully acquired and loaded
[    1.817139] ACPI: Interpreter enabled
[    1.819104] ACPI: PM: (supports S0 S3 S4 S5)
[    1.819765] ACPI: Using IOAPIC for interrupt routing
[    1.821224] PCI: Using host bridge windows from ACPI; if necessary, use "pci=nocrs" and report a bug
[    1.823475] PCI: Using E820 reservations for host bridge windows
[    1.831715] ACPI: Enabled 2 GPEs in block 00 to 0F
[    1.912254] ACPI: PCI Root Bridge [PCI0] (domain 0000 [bus 00-ff])
[    1.913333] acpi PNP0A03:00: _OSC: OS supports [ASPM ClockPM Segments MSI EDR HPX-Type3]
[    1.914583] acpi PNP0A03:00: _OSC: not requesting OS control; OS requires [ExtendedConfig ASPM ClockPM MSI]
[    1.916049] acpi PNP0A03:00: fail to add MMCONFIG information, can't access extended configuration space under this bridge
[    1.928161] acpiphp: Slot [3] registered
[    1.929120] acpiphp: Slot [4] registered
[    1.930020] acpiphp: Slot [5] registered
[    1.930895] acpiphp: Slot [6] registered
[    1.931789] acpiphp: Slot [7] registered
[    1.932675] acpiphp: Slot [8] registered
[    1.933579] acpiphp: Slot [9] registered
[    1.934459] acpiphp: Slot [10] registered
[    1.935349] acpiphp: Slot [11] registered
[    1.936042] acpiphp: Slot [12] registered
[    1.937013] acpiphp: Slot [13] registered
[    1.937919] acpiphp: Slot [14] registered
[    1.938840] acpiphp: Slot [15] registered
[    1.939754] acpiphp: Slot [16] registered
[    1.940673] acpiphp: Slot [17] registered
[    1.941580] acpiphp: Slot [18] registered
[    1.942492] acpiphp: Slot [19] registered
[    1.943395] acpiphp: Slot [20] registered
[    1.944031] acpiphp: Slot [21] registered
[    1.945003] acpiphp: Slot [22] registered
[    1.945922] acpiphp: Slot [23] registered
[    1.946810] acpiphp: Slot [24] registered
[    1.947693] acpiphp: Slot [25] registered
[    1.948035] acpiphp: Slot [26] registered
[    1.948950] acpiphp: Slot [27] registered
[    1.949830] acpiphp: Slot [28] registered
[    1.950722] acpiphp: Slot [29] registered
[    1.951621] acpiphp: Slot [30] registered
[    1.952049] acpiphp: Slot [31] registered
[    1.952792] PCI host bridge to bus 0000:00
[    1.953517] pci_bus 0000:00: root bus resource [io  0x0000-0x0cf7 window]
[    1.954539] pci_bus 0000:00: root bus resource [io  0x0d00-0xffff window]
[    1.955647] pci_bus 0000:00: root bus resource [mem 0x000a0000-0x000bffff window]
[    1.955763] pci_bus 0000:00: root bus resource [mem 0x80000000-0xfebfffff window]
[    1.956878] pci_bus 0000:00: root bus resource [mem 0x100000000-0x17fffffff window]
[    1.958084] pci_bus 0000:00: root bus resource [bus 00-ff]
[    1.959168] pci 0000:00:00.0: [8086:1237] type 00 class 0x060000 conventional PCI endpoint
[    1.962396] pci 0000:00:01.0: [8086:7000] type 00 class 0x060100 conventional PCI endpoint
[    1.966039] pci 0000:00:01.1: [8086:7010] type 00 class 0x010180 conventional PCI endpoint
[    1.968129] pci 0000:00:01.1: BAR 4 [io  0xc040-0xc04f]
[    1.969008] pci 0000:00:01.1: BAR 0 [io  0x01f0-0x01f7]: legacy IDE quirk
[    1.970105] pci 0000:00:01.1: BAR 1 [io  0x03f6]: legacy IDE quirk
[    1.971043] pci 0000:00:01.1: BAR 2 [io  0x0170-0x0177]: legacy IDE quirk
[    1.975760] pci 0000:00:01.1: BAR 3 [io  0x0376]: legacy IDE quirk
[    1.978614] pci 0000:00:01.3: [8086:7113] type 00 class 0x068000 conventional PCI endpoint
[    1.980243] pci 0000:00:01.3: quirk: [io  0x0600-0x063f] claimed by PIIX4 ACPI
[    1.981442] pci 0000:00:01.3: quirk: [io  0x0700-0x070f] claimed by PIIX4 SMB
[    1.984416] pci 0000:00:02.0: [1234:1111] type 00 class 0x030000 conventional PCI endpoint
[    1.988311] pci 0000:00:02.0: BAR 0 [mem 0xfd000000-0xfdffffff pref]
[    1.989450] pci 0000:00:02.0: BAR 2 [mem 0xfebf0000-0xfebf0fff]
[    1.990431] pci 0000:00:02.0: ROM [mem 0xfebe0000-0xfebeffff pref]
[    1.991680] pci 0000:00:02.0: Video device with shadowed ROM at [mem 0x000c0000-0x000dffff]
[    1.993909] pci 0000:00:03.0: [8086:100e] type 00 class 0x020000 conventional PCI endpoint
[    1.996559] pci 0000:00:03.0: BAR 0 [mem 0xfebc0000-0xfebdffff]
[    1.997496] pci 0000:00:03.0: BAR 1 [io  0xc000-0xc03f]
[    1.998354] pci 0000:00:03.0: ROM [mem 0xfeb80000-0xfebbffff pref]
[    2.040377] ACPI: PCI: Interrupt link LNKA configured for IRQ 10
[    2.043267] ACPI: PCI: Interrupt link LNKB configured for IRQ 10
[    2.045663] ACPI: PCI: Interrupt link LNKC configured for IRQ 11
[    2.048560] ACPI: PCI: Interrupt link LNKD configured for IRQ 11
[    2.050318] ACPI: PCI: Interrupt link LNKS configured for IRQ 9
[    2.063795] iommu: Default domain type: Translated
[    2.064585] iommu: DMA domain TLB invalidation policy: lazy mode
[    2.069334] SCSI subsystem initialized
[    2.076755] ACPI: bus type USB registered
[    2.077664] usbcore: registered new interface driver usbfs
[    2.078695] usbcore: registered new interface driver hub
[    2.079624] usbcore: registered new device driver usb
[    2.080328] pps_core: LinuxPPS API ver. 1 registered
[    2.081242] pps_core: Software ver. 5.3.6 - Copyright 2005-2007 Rodolfo Giometti <giometti@linux.it>
[    2.083179] PTP clock support registered
[    2.084606] EDAC MC: Ver: 3.0.0
[    2.097554] NetLabel: Initializing
[    2.098255] NetLabel:  domain hash size = 128
[    2.099122] NetLabel:  protocols = UNLABELED CIPSOv4 CALIPSO
[    2.100072] NetLabel:  unlabeled traffic allowed by default
[    2.101998] PCI: Using ACPI for IRQ routing
[    2.103411] pci 0000:00:02.0: vgaarb: setting as boot VGA device
[    2.103745] pci 0000:00:02.0: vgaarb: bridge control possible
[    2.103745] pci 0000:00:02.0: vgaarb: VGA device added: decodes=io+mem,owns=io+mem,locks=none
[    2.107763] vgaarb: loaded
[    2.109088] hpet0: at MMIO 0xfed00000, IRQs 2, 8, 0
[    2.109993] hpet0: 3 comparators, 64-bit 100.000000 MHz counter
[    2.115746] clocksource: Switched to clocksource kvm-clock
[    7.702769] VFS: Disk quotas dquot_6.6.0
[    7.703571] VFS: Dquot-cache hash table entries: 512 (order 0, 4096 bytes)
[    7.708208] pnp: PnP ACPI init
[    7.721851] pnp: PnP ACPI: found 6 devices
[    7.767615] clocksource: acpi_pm: mask: 0xffffff max_cycles: 0xffffff, max_idle_ns: 2085701024 ns
[    7.769954] NET: Registered PF_INET protocol family
[    7.770996] IP idents hash table entries: 32768 (order: 6, 262144 bytes, linear)
[    7.775086] tcp_listen_portaddr_hash hash table entries: 1024 (order: 4, 73728 bytes, linear)
[    7.776485] Table-perturb hash table entries: 65536 (order: 6, 262144 bytes, linear)
[    7.777914] TCP established hash table entries: 16384 (order: 5, 131072 bytes, linear)
[    7.780288] TCP bind hash table entries: 16384 (order: 9, 2359296 bytes, linear)
[    7.783767] TCP: Hash tables configured (established 16384 bind 16384)
[    7.784995] UDP hash table entries: 1024 (order: 6, 262144 bytes, linear)
[    7.786264] UDP-Lite hash table entries: 1024 (order: 6, 262144 bytes, linear)
[    7.788093] NET: Registered PF_UNIX/PF_LOCAL protocol family
[    7.793316] RPC: Registered named UNIX socket transport module.
[    7.796546] RPC: Registered udp transport module.
[    7.799148] RPC: Registered tcp transport module.
[    7.801596] RPC: Registered tcp-with-tls transport module.
[    7.803583] RPC: Registered tcp NFSv4.1 backchannel transport module.
[    7.806013] pci_bus 0000:00: resource 4 [io  0x0000-0x0cf7 window]
[    7.808271] pci_bus 0000:00: resource 5 [io  0x0d00-0xffff window]
[    7.810490] pci_bus 0000:00: resource 6 [mem 0x000a0000-0x000bffff window]
[    7.812561] pci_bus 0000:00: resource 7 [mem 0x80000000-0xfebfffff window]
[    7.814193] pci_bus 0000:00: resource 8 [mem 0x100000000-0x17fffffff window]
[    7.817049] pci 0000:00:01.0: PIIX3: Enabling Passive Release
[    7.818427] pci 0000:00:00.0: Limiting direct PCI/PCI transfers
[    7.820192] PCI: CLS 0 bytes, default 64
[    7.821415] ACPI: bus type thunderbolt registered
[    7.823023] clocksource: tsc: mask: 0xffffffffffffffff max_cycles: 0x1e33052aadd, max_idle_ns: 440795310221 ns
[    7.834859] Initialise system trusted keyrings
[    7.835759] Key type blacklist registered
[    7.837278] workingset: timestamp_bits=36 max_order=19 bucket_order=0
[    7.840161] zbud: loaded
[    7.853045] squashfs: version 4.0 (2009/01/31) Phillip Lougher
[    7.860940] NFS: Registering the id_resolver key type
[    7.862626] Key type id_resolver registered
[    7.863716] Key type id_legacy registered
[    7.864943] nfs4filelayout_init: NFSv4 File Layout Driver Registering...
[    7.866781] nfs4flexfilelayout_init: NFSv4 Flexfile Layout Driver Registering...
[    7.869527] fuse: init (API version 7.42)
[    7.872653] SGI XFS with ACLs, security attributes, realtime, quota, no debug enabled
[    7.877791] 9p: Installing v9fs 9p2000 file system support
[    7.910299] Key type asymmetric registered
[    7.911034] Asymmetric key parser 'x509' registered
[    7.912028] Block layer SCSI generic (bsg) driver version 0.4 loaded (major 242)
[    7.913857] io scheduler mq-deadline registered
[    7.914738] io scheduler bfq registered
[    7.916596] ledtrig-cpu: registered to indicate activity on CPUs
[    7.918285] shpchp: Standard Hot Plug PCI Controller Driver version: 0.4
[    7.920688] IPMI message handler: version 39.2
[    7.921567] ipmi device interface
[    7.935720] input: Power Button as /devices/LNXSYSTM:00/LNXPWRBN:00/input/input0
[    7.940394] ACPI: button: Power Button [PWRF]
[    7.947120] ERST DBG: ERST support is disabled.
[    7.951967] Serial: 8250/16550 driver, 32 ports, IRQ sharing enabled
[    7.957250] 00:04: ttyS0 at I/O 0x3f8 (irq = 4, base_baud = 115200) is a 16550A
[    8.021710] Linux agpgart interface v0.103
[    8.027240] ACPI: bus type drm_connector registered
[    8.072680] brd: module loaded
[    8.099814] loop: module loaded
[    8.128758] scsi host0: ata_piix
[    8.133243] scsi host1: ata_piix
[    8.135412] ata1: PATA max MWDMA2 cmd 0x1f0 ctl 0x3f6 bmdma 0xc040 irq 14 lpm-pol 0
[    8.136952] ata2: PATA max MWDMA2 cmd 0x170 ctl 0x376 bmdma 0xc048 irq 15 lpm-pol 0
[    8.143977] tun: Universal TUN/TAP device driver, 1.6
[    8.145924] e100: Intel(R) PRO/100 Network Driver
[    8.146732] e100: Copyright(c) 1999-2006 Intel Corporation
[    8.147701] e1000: Intel(R) PRO/1000 Network Driver
[    8.148464] e1000: Copyright (c) 1999-2006 Intel Corporation.
[    8.184699] ACPI: \_SB_.LNKC: Enabled at IRQ 11
[    8.293550] ata2: found unknown device (class 0)
[    8.298538] ata2.00: ATAPI: QEMU DVD-ROM, 2.5+, max UDMA/100
[    8.304390] ata1: found unknown device (class 0)
[    8.308112] ata1.00: ATA-7: QEMU HARDDISK, 2.5+, max UDMA/100
[    8.310076] ata1.00: 17196647 sectors, multi 16: LBA48 
[    8.315502] scsi 0:0:0:0: Direct-Access     ATA      QEMU HARDDISK    2.5+ PQ: 0 ANSI: 5
[    8.323729] sd 0:0:0:0: Attached scsi generic sg0 type 0
[    8.325825] sd 0:0:0:0: [sda] 17196647 512-byte logical blocks: (8.80 GB/8.20 GiB)
[    8.327735] sd 0:0:0:0: [sda] Write Protect is off
[    8.328703] sd 0:0:0:0: [sda] Write cache: enabled, read cache: enabled, doesn't support DPO or FUA
[    8.330217] scsi 1:0:0:0: CD-ROM            QEMU     QEMU DVD-ROM     2.5+ PQ: 0 ANSI: 5
[    8.330442] sd 0:0:0:0: [sda] Preferred minimum I/O size 512 bytes
[    8.376333] sd 0:0:0:0: [sda] Attached SCSI disk
[    8.384321] scsi 1:0:0:0: Attached scsi generic sg1 type 5
[    8.537838] e1000 0000:00:03.0 eth0: (PCI:33MHz:32-bit) 52:54:00:12:34:56
[    8.539814] e1000 0000:00:03.0 eth0: Intel(R) PRO/1000 Network Connection
[    8.541591] e1000e: Intel(R) PRO/1000 Network Driver
[    8.542759] e1000e: Copyright(c) 1999 - 2015 Intel Corporation.
[    8.544341] igb: Intel(R) Gigabit Ethernet Network Driver
[    8.545607] igb: Copyright (c) 2007-2014 Intel Corporation.
[    8.547415] PPP generic driver version 2.4.2
[    8.550550] VFIO - User Level meta-driver version: 0.3
[    8.557473] usbcore: registered new interface driver uas
[    8.560348] usbcore: registered new interface driver usb-storage
[    8.564031] i8042: PNP: PS/2 Controller [PNP0303:KBD,PNP0f13:MOU] at 0x60,0x64 irq 1,12
[    8.570182] serio: i8042 KBD port at 0x60,0x64 irq 1
[    8.571718] serio: i8042 AUX port at 0x60,0x64 irq 12
[    8.576701] mousedev: PS/2 mouse device common for all mice
[    8.581587] input: AT Translated Set 2 keyboard as /devices/platform/i8042/serio0/input/input1
[    8.584441] rtc_cmos 00:05: RTC can wake from S4
[    8.590265] rtc_cmos 00:05: registered as rtc0
[    8.591163] rtc_cmos 00:05: setting system clock to 2025-06-01T14:39:43 UTC (1748788783)
[    8.593055] input: VirtualPS/2 VMware VMMouse as /devices/platform/i8042/serio1/input/input4
[    8.595012] rtc_cmos 00:05: alarms up to one day, y3k, 242 bytes nvram, hpet irqs
[    8.596719] i2c_dev: i2c /dev entries driver
[    8.598299] input: VirtualPS/2 VMware VMMouse as /devices/platform/i8042/serio1/input/input3
[    8.600180] device-mapper: core: CONFIG_IMA_DISABLE_HTABLE is disabled. Duplicate IMA measurements will not be recorded in the IMA log.
[    8.602609] device-mapper: uevent: version 1.0.3
[    8.604668] device-mapper: ioctl: 4.49.0-ioctl (2025-01-17) initialised: dm-devel@lists.linux.dev
[    8.606141] intel_pstate: CPU model not supported
[    8.607326] sdhci: Secure Digital Host Controller Interface driver
[    8.608279] sdhci: Copyright(c) Pierre Ossman
[    8.610002] sdhci-pltfm: SDHCI platform and OF driver helper
[    8.615901] drop_monitor: Initializing network drop monitor service
[    8.620756] NET: Registered PF_INET6 protocol family
[    8.632597] Segment Routing with IPv6
[    8.633830] In-situ OAM (IOAM) with IPv6
[    8.635148] NET: Registered PF_PACKET protocol family
[    8.641200] 9pnet: Installing 9P2000 support
[    8.642401] Key type dns_resolver registered
[    8.647571] resctrl: No MBM correction factor available
[    8.649247] IPI shorthand broadcast: enabled
[    8.730550] sched_clock: Marking stable (8700008702, 28857287)->(8751302704, -22436715)
[    8.733688] registered taskstats version 1
[    8.735159] Loading compiled-in X.509 certificates
[    8.826578] Demotion targets for Node 0: null
[    8.830997] Key type .fscrypt registered
[    8.833253] Key type fscrypt-provisioning registered
[    8.844775] Key type encrypted registered
[    8.846596] ima: No TPM chip found, activating TPM-bypass!
[    8.848748] ima: Allocated hash algorithm: sha1
[    8.850784] ima: No architecture policies found
[    8.852773] evm: Initialising EVM extended attributes:
[    8.854109] evm: security.selinux
[    8.855019] evm: security.SMACK64
[    8.855888] evm: security.SMACK64EXEC
[    8.856832] evm: security.SMACK64TRANSMUTE
[    8.857919] evm: security.SMACK64MMAP
[    8.858911] evm: security.apparmor
[    8.859795] evm: security.ima
[    8.860570] evm: security.capability
[    8.861523] evm: HMAC attrs: 0x1
[    8.867578] PM:   Magic number: 13:690:686
[    8.871505] RAS: Correctable Errors collector initialized.
[    8.875956] clk: Disabling unused clocks
[    8.878315] PM: genpd: Disabling unused power domains
[    8.883543] md: Waiting for all devices to be available before autodetect
[    8.885264] md: If you don't use raid, use raid=noautodetect
[    8.886751] md: Autodetecting RAID arrays.
[    8.887829] md: autorun ...
[    8.888564] md: ... autorun DONE.
[    8.905339] EXT4-fs (sda): INFO: recovery required on readonly filesystem
[    8.906190] EXT4-fs (sda): write access will be enabled during recovery
[    8.991852] EXT4-fs (sda): recovery complete
[    8.995732] EXT4-fs (sda): mounted filesystem 088740a9-c8b4-422c-999d-a804eb68a4da ro with ordered data mode. Quota mode: none.
[    8.997755] VFS: Mounted root (ext4 filesystem) readonly on device 8:0.
[    9.003330] devtmpfs: mounted
[    9.031496] Freeing unused decrypted memory: 2028K
[    9.040631] Freeing unused kernel image (initmem) memory: 15788K
[    9.042224] Write protecting the kernel read-only data: 96256k
[    9.046239] Freeing unused kernel image (text/rodata gap) memory: 192K
[    9.047790] Freeing unused kernel image (rodata/data gap) memory: 336K
[    9.265971] x86/mm: Checked W+X mappings: passed, no W+X pages found.
[    9.266813] x86/mm: Checking user space page tables
[    9.495333] x86/mm: Checked W+X mappings: passed, no W+X pages found.
[    9.496384] Run /sbin/init as init process
[    9.874270] systemd[1]: systemd 252-15.el9 running in system mode (+PAM +AUDIT +SELINUX -APPARMOR +IMA +SMACK +SECCOMP +GCRYPT +GNUTLS +OPENSSL +ACL +BLKID +CURL +ELFUTILS -FIDO2 +IDN2 -IDN -IPTC +KMOD +LIBCRYPTSETUP +LIBFDISK +PCRE2 -PWQUALITY +P11KIT -QRENCODE +TPM2 +BZIP2 +LZ4 +XZ +ZLIB +ZSTD -BPF_FRAMEWORK +XKBCOMMON +UTMP +SYSVINIT default-hierarchy=unified)
[    9.877990] systemd[1]: Detected virtualization kvm.
[    9.878639] systemd[1]: Detected architecture x86-64.

Welcome to [0;31mCentOS Stream 9[0m!

[    9.891210] systemd[1]: Hostname set to <test>.
[   10.369736] systemd-rc-local-generator[126]: /etc/rc.d/rc.local is not marked executable, skipping.
[   10.974913] systemd[1]: Queued start job for default target Multi-User System.
[   11.014529] systemd[1]: Created slice Virtual Machine and Container Slice.
[[0;32m  OK  [0m] Created slice [0;1;39mVirtual Machine and Container Slice[0m.
[   11.031279] systemd[1]: Created slice Slice /system/getty.
[[0;32m  OK  [0m] Created slice [0;1;39mSlice /system/getty[0m.
[   11.037438] systemd[1]: Created slice Slice /system/modprobe.
[[0;32m  OK  [0m] Created slice [0;1;39mSlice /system/modprobe[0m.
[   11.043254] systemd[1]: Created slice Slice /system/serial-getty.
[[0;32m  OK  [0m] Created slice [0;1;39mSlice /system/serial-getty[0m.
[   11.049162] systemd[1]: Created slice Slice /system/sshd-keygen.
[[0;32m  OK  [0m] Created slice [0;1;39mSlice /system/sshd-keygen[0m.
[   11.054907] systemd[1]: Created slice User and Session Slice.
[[0;32m  OK  [0m] Created slice [0;1;39mUser and Session Slice[0m.
[   11.057551] systemd[1]: Started Forward Password Requests to Wall Directory Watch.
[[0;32m  OK  [0m] Started [0;1;39mForward Password R…uests to Wall Directory Watch[0m.
[   11.062087] systemd[1]: Set up automount Arbitrary Executable File Formats File System Automount Point.
[[0;32m  OK  [0m] Set up automount [0;1;39mArbitrary…s File System Automount Point[0m.
[   11.064767] systemd[1]: Reached target Local Integrity Protected Volumes.
[[0;32m  OK  [0m] Reached target [0;1;39mLocal Integrity Protected Volumes[0m.
[   11.067041] systemd[1]: Reached target Slice Units.
[[0;32m  OK  [0m] Reached target [0;1;39mSlice Units[0m.
[   11.068723] systemd[1]: Reached target Swaps.
[[0;32m  OK  [0m] Reached target [0;1;39mSwaps[0m.
[   11.070327] systemd[1]: Reached target Local Verity Protected Volumes.
[[0;32m  OK  [0m] Reached target [0;1;39mLocal Verity Protected Volumes[0m.
[   11.073180] systemd[1]: Listening on Device-mapper event daemon FIFOs.
[[0;32m  OK  [0m] Listening on [0;1;39mDevice-mapper event daemon FIFOs[0m.
[   11.076658] systemd[1]: Listening on LVM2 poll daemon socket.
[[0;32m  OK  [0m] Listening on [0;1;39mLVM2 poll daemon socket[0m.
[   11.079148] systemd[1]: multipathd control socket was skipped because of an unmet condition check (ConditionPathExists=/etc/multipath.conf).
[   11.345917] systemd[1]: Listening on RPCbind Server Activation Socket.
[[0;32m  OK  [0m] Listening on [0;1;39mRPCbind Server Activation Socket[0m.
[   11.351834] systemd[1]: Reached target RPC Port Mapper.
[[0;32m  OK  [0m] Reached target [0;1;39mRPC Port Mapper[0m.
[   11.366042] systemd[1]: Listening on Process Core Dump Socket.
[[0;32m  OK  [0m] Listening on [0;1;39mProcess Core Dump Socket[0m.
[   11.371087] systemd[1]: Listening on initctl Compatibility Named Pipe.
[[0;32m  OK  [0m] Listening on [0;1;39minitctl Compatibility Named Pipe[0m.
[   11.377157] systemd[1]: Listening on Journal Socket (/dev/log).
[[0;32m  OK  [0m] Listening on [0;1;39mJournal Socket (/dev/log)[0m.
[   11.382804] systemd[1]: Listening on Journal Socket.
[[0;32m  OK  [0m] Listening on [0;1;39mJournal Socket[0m.
[   11.387888] systemd[1]: Listening on udev Control Socket.
[[0;32m  OK  [0m] Listening on [0;1;39mudev Control Socket[0m.
[   11.392598] systemd[1]: Listening on udev Kernel Socket.
[[0;32m  OK  [0m] Listening on [0;1;39mudev Kernel Socket[0m.
[   11.447783] systemd[1]: Mounting Huge Pages File System...
         Mounting [0;1;39mHuge Pages File System[0m...
[   11.501758] systemd[1]: Mounting POSIX Message Queue File System...
         Mounting [0;1;39mPOSIX Message Queue File System[0m...
[   11.529171] systemd[1]: Mounting Kernel Debug File System...
         Mounting [0;1;39mKernel Debug File System[0m...
[   11.552651] systemd[1]: Mounting Kernel Trace File System...
         Mounting [0;1;39mKernel Trace File System[0m...
[   11.555035] systemd[1]: Kernel Module supporting RPCSEC_GSS was skipped because of an unmet condition check (ConditionPathExists=/etc/krb5.keytab).
[   11.556791] systemd[1]: Create List of Static Device Nodes was skipped because of an unmet condition check (ConditionFileNotEmpty=/lib/modules/6.14.0-rc4-c96fff391c09+/modules.devname).
[   11.579145] systemd[1]: Starting Monitoring of LVM2 mirrors, snapshots etc. using dmeventd or progress polling...
         Starting [0;1;39mMonitoring of LVM…meventd or progress polling[0m...
[   11.618503] systemd[1]: Starting Load Kernel Module configfs...
         Starting [0;1;39mLoad Kernel Module configfs[0m...
[   11.642139] systemd[1]: Starting Load Kernel Module drm...
         Starting [0;1;39mLoad Kernel Module drm[0m...
[   11.698332] systemd[1]: Starting Load Kernel Module fuse...
         Starting [0;1;39mLoad Kernel Module fuse[0m...
[   11.731092] systemd[1]: Starting Read and set NIS domainname from /etc/sysconfig/network...
         Starting [0;1;39mRead and set NIS …from /etc/sysconfig/network[0m...
[   11.778437] systemd[1]: Starting Journal Service...
         Starting [0;1;39mJournal Service[0m...
[   11.799343] systemd[1]: Starting Load Kernel Modules...
         Starting [0;1;39mLoad Kernel Modules[0m...
[   11.849562] systemd[1]: Starting Generate network units from Kernel command line...
         Starting [0;1;39mGenerate network …ts from Kernel command line[0m...
[   11.902482] systemd[1]: Starting Remount Root and Kernel File Systems...
         Starting [0;1;39mRemount Root and Kernel File Systems[0m...
[   11.917733] systemd[1]: Repartition Root Disk was skipped because no trigger condition checks were met.
[   11.953621] systemd[1]: Starting Coldplug All udev Devices...
         Starting [0;1;39mColdplug All udev Devices[0m...
[   12.003816] systemd[1]: Mounted Huge Pages File System.
[[0;32m  OK  [0m] Mounted [0;1;39mHuge Pages File System[0m.
[   12.014150] systemd[1]: Mounted POSIX Message Queue File System.
[[0;32m  OK  [0m] Mounted [0;1;39mPOSIX Message Queue File System[0m.
[   12.021921] systemd[1]: Mounted Kernel Debug File System.
[[0;32m  OK  [0m] Mounted [0;1;39mKernel Debug File System[0m.
[   12.024820] systemd[1]: Mounted Kernel Trace File System.
[[0;32m  OK  [0m] Mounted [0;1;39mKernel Trace File System[0m.
[   12.032613] EXT4-fs (sda): re-mounted 088740a9-c8b4-422c-999d-a804eb68a4da r/w. Quota mode: none.
[   12.037893] systemd[1]: Finished Monitoring of LVM2 mirrors, snapshots etc. using dmeventd or progress polling.
[[0;32m  OK  [0m] Finished [0;1;39mMonitoring of LVM… dmeventd or progress polling[0m.
[   12.063056] systemd[1]: modprobe@configfs.service: Deactivated successfully.
[   12.069176] systemd[1]: Finished Load Kernel Module configfs.
[[0;32m  OK  [0m] Finished [0;1;39mLoad Kernel Module configfs[0m.
[   12.076748] systemd[1]: modprobe@drm.service: Deactivated successfully.
[   12.085457] systemd[1]: Finished Load Kernel Module drm.
[[0;32m  OK  [0m] Finished [0;1;39mLoad Kernel Module drm[0m.
[   12.092004] systemd[1]: modprobe@fuse.service: Deactivated successfully.
[   12.101168] systemd[1]: Finished Load Kernel Module fuse.
[[0;32m  OK  [0m] Finished [0;1;39mLoad Kernel Module fuse[0m.
[   12.115034] systemd[1]: Finished Read and set NIS domainname from /etc/sysconfig/network.
[[0;32m  OK  [0m] Finished [0;1;39mRead and set NIS …e from /etc/sysconfig/network[0m.
[   12.118890] systemd[1]: systemd-modules-load.service: Main process exited, code=exited, status=1/FAILURE
[   12.125663] systemd[1]: systemd-modules-load.service: Failed with result 'exit-code'.
[   12.128547] systemd[1]: Failed to start Load Kernel Modules.
[[0;1;31mFAILED[0m] Failed to start [0;1;39mLoad Kernel Modules[0m.
See 'systemctl status systemd-modules-load.service' for details.
[   12.140805] systemd[1]: Finished Generate network units from Kernel command line.
[[0;32m  OK  [0m] Finished [0;1;39mGenerate network units from Kernel command line[0m.
[   12.151645] systemd[1]: Finished Remount Root and Kernel File Systems.
[[0;32m  OK  [0m] Finished [0;1;39mRemount Root and Kernel File Systems[0m.
[   12.163501] systemd[1]: Reached target Preparation for Network.
[[0;32m  OK  [0m] Reached target [0;1;39mPreparation for Network[0m.
[   12.205854] systemd[1]: Mounting FUSE Control File System...
         Mounting [0;1;39mFUSE Control File System[0m...
[   12.224009] systemd[1]: Mounting Kernel Configuration File System...
         Mounting [0;1;39mKernel Configuration File System[0m...
[   12.226581] systemd[1]: Special handling of early boot iSCSI sessions was skipped because of an unmet condition check (ConditionDirectoryNotEmpty=/sys/class/iscsi_session).
[   12.228611] systemd[1]: First Boot Wizard was skipped because of an unmet condition check (ConditionFirstBoot=yes).
[   12.240691] systemd[1]: Rebuild Hardware Database was skipped because of an unmet condition check (ConditionNeedsUpdate=/etc).
[   12.290900] systemd[1]: Starting Load/Save Random Seed...
         Starting [0;1;39mLoad/Save Random Seed[0m...
[   12.312369] systemd[1]: Starting Apply Kernel Variables...
         Starting [0;1;39mApply Kernel Variables[0m...
[   12.318897] systemd[1]: Create System Users was skipped because no trigger condition checks were met.
[   12.371530] systemd[1]: Starting Create Static Device Nodes in /dev...
         Starting [0;1;39mCreate Static Device Nodes in /dev[0m...
[   12.429742] systemd[1]: Starting Setup Virtual Console...
         Starting [0;1;39mSetup Virtual Console[0m...
[   12.456539] systemd[1]: Started Journal Service.
[[0;32m  OK  [0m] Started [0;1;39mJournal Service[0m.
[[0;32m  OK  [0m] Mounted [0;1;39mFUSE Control File System[0m.
[[0;32m  OK  [0m] Mounted [0;1;39mKernel Configuration File System[0m.
[[0;32m  OK  [0m] Finished [0;1;39mLoad/Save Random Seed[0m.
         Starting [0;1;39mFlush Journal to Persistent Storage[0m...
[[0;32m  OK  [0m] Finished [0;1;39mApply Kernel Variables[0m.
[   12.637798] systemd-journald[147]: Received client request to flush runtime journal.
[[0;32m  OK  [0m] Finished [0;1;39mCreate Static Device Nodes in /dev[0m.
         Starting [0;1;39mRule-based Manage…for Device Events and Files[0m...
[[0;32m  OK  [0m] Finished [0;1;39mFlush Journal to Persistent Storage[0m.
[[0;32m  OK  [0m] Started [0;1;39mRule-based Manager for Device Events and Files[0m.
         Starting [0;1;39mAuto-connect to s…E devices found during boot[0m...
[[0;32m  OK  [0m] Finished [0;1;39mAuto-connect to s…VME devices found during boot[0m.
[[0;32m  OK  [0m] Finished [0;1;39mSetup Virtual Console[0m.
[[0;32m  OK  [0m] Finished [0;1;39mColdplug All udev Devices[0m.
         Starting [0;1;39mShow Plymouth Boot Screen[0m...
         Starting [0;1;39mWait for udev To …plete Device Initialization[0m...
[2J[3J[-1;-1f[[0;32m  OK  [0m] Started [0;1;39mShow Plymouth Boot Screen[0m.
[[0;32m  OK  [0m] Started [0;1;39mForward Password R…s to Plymouth Directory Watch[0m.
[[0;32m  OK  [0m] Reached target [0;1;39mLocal Encrypted Volumes[0m.
[[0;32m  OK  [0m] Reached target [0;1;39mPath Units[0m.
[[0;32m  OK  [0m] Found device [0;1;39m/dev/ttyS0[0m.
[[0m[0;31m*     [0m] A start job is running for Wait for…ice Initialization (5s / no limit)
M[K[[0;1;31m*[0m[0;31m*    [0m] A start job is running for Wait for…ice Initialization (5s / no limit)
M[K[[0;32m  OK  [0m] Listening on [0;1;39mLoad/Save RF …itch Status /dev/rfkill Watch[0m.
[K[[0;32m  OK  [0m] Finished [0;1;39mWait for udev To Complete Device Initialization[0m.
[[0;32m  OK  [0m] Reached target [0;1;39mPreparation for Local File Systems[0m.
[[0;32m  OK  [0m] Reached target [0;1;39mLocal File Systems[0m.
         Starting [0;1;39mTell Plymouth To Write Out Runtime Data[0m...
         Starting [0;1;39mAutomatic Boot Loader Update[0m...
         Starting [0;1;39mCreate Volatile Files and Directories[0m...
[[0;32m  OK  [0m] Finished [0;1;39mTell Plymouth To Write Out Runtime Data[0m.
[[0;32m  OK  [0m] Finished [0;1;39mAutomatic Boot Loader Update[0m.
[[0;32m  OK  [0m] Finished [0;1;39mCreate Volatile Files and Directories[0m.
         Mounting [0;1;39mRPC Pipe File System[0m...
         Starting [0;1;39mSecurity Auditing Service[0m...
         Starting [0;1;39mRPC Bind[0m...
[[0;32m  OK  [0m] Mounted [0;1;39mRPC Pipe File System[0m.
[[0;32m  OK  [0m] Reached target [0;1;39mrpc_pipefs.target[0m.
[[0;32m  OK  [0m] Started [0;1;39mRPC Bind[0m.
[[0;32m  OK  [0m] Started [0;1;39mSecurity Auditing Service[0m.
         Starting [0;1;39mRecord System Boot/Shutdown in UTMP[0m...
[[0;32m  OK  [0m] Finished [0;1;39mRecord System Boot/Shutdown in UTMP[0m.
[[0;32m  OK  [0m] Reached target [0;1;39mSystem Initialization[0m.
[[0;32m  OK  [0m] Started [0;1;39mDaily rotation of log files[0m.
[[0;32m  OK  [0m] Started [0;1;39mUpdates mlocate database every day[0m.
[[0;32m  OK  [0m] Started [0;1;39mDaily Cleanup of Temporary Directories[0m.
[[0;32m  OK  [0m] Started [0;1;39mdaily update of the root trust anchor for DNSSEC[0m.
[[0;32m  OK  [0m] Reached target [0;1;39mTimer Units[0m.
[[0;32m  OK  [0m] Listening on [0;1;39mD-Bus System Message Bus Socket[0m.
[[0;32m  OK  [0m] Listening on [0;1;39mOpen-iSCSI iscsid Socket[0m.
[[0;32m  OK  [0m] Listening on [0;1;39mOpen-iSCSI iscsiuio Socket[0m.
[[0;32m  OK  [0m] Listening on [0;1;39mSSSD Kerberos…ache Manager responder socket[0m.
[[0;32m  OK  [0m] Listening on [0;1;39mLibvirt interface local socket[0m.
[[0;32m  OK  [0m] Listening on [0;1;39mVirtual machine lock manager socket[0m.
[[0;32m  OK  [0m] Listening on [0;1;39mVirtual machine log manager socket[0m.
[[0;32m  OK  [0m] Listening on [0;1;39mLibvirt network local socket[0m.
[[0;32m  OK  [0m] Listening on [0;1;39mLibvirt nodedev local socket[0m.
[[0;32m  OK  [0m] Listening on [0;1;39mLibvirt nwfilter local socket[0m.
[[0;32m  OK  [0m] Listening on [0;1;39mLibvirt proxy local socket[0m.
[[0;32m  OK  [0m] Listening on [0;1;39mLibvirt qemu local socket[0m.
[[0;32m  OK  [0m] Listening on [0;1;39mLibvirt qemu admin socket[0m.
[[0;32m  OK  [0m] Listening on [0;1;39mLibvirt qemu local read-only socket[0m.
[[0;32m  OK  [0m] Listening on [0;1;39mLibvirt secret local socket[0m.
[[0;32m  OK  [0m] Listening on [0;1;39mLibvirt storage local socket[0m.
[[0;32m  OK  [0m] Reached target [0;1;39mSocket Units[0m.
         Starting [0;1;39mD-Bus System Message Bus[0m...
[[0;32m  OK  [0m] Started [0;1;39mD-Bus System Message Bus[0m.
[[0;32m  OK  [0m] Reached target [0;1;39mBasic System[0m.
         Starting [0;1;39mNetwork Manager[0m...
         Starting [0;1;39mNTP client/server[0m...
         Starting [0;1;39mRestore /run/initramfs on shutdown[0m...
[[0;32m  OK  [0m] Started [0;1;39mirqbalance daemon[0m.
[[0;32m  OK  [0m] Started [0;1;39mlibstoragemgmt plug-in server daemon[0m.
[[0;32m  OK  [0m] Started [0;1;39mMachine Check Exception Logging Daemon[0m.
[[0;32m  OK  [0m] Reached target [0;1;39msshd-keygen.target[0m.
[[0;32m  OK  [0m] Reached target [0;1;39mUser and Group Name Lookups[0m.
         Starting [0;1;39mUser Login Management[0m...
         Starting [0;1;39mVirtual Machine a…tainer Registration Service[0m...
[[0;32m  OK  [0m] Finished [0;1;39mRestore /run/initramfs on shutdown[0m.
         Starting [0;1;39mHostname Service[0m...
[[0;32m  OK  [0m] Started [0;1;39mVirtual Machine an…ontainer Registration Service[0m.
[[0;32m  OK  [0m] Started [0;1;39mNTP client/server[0m.
[[0;32m  OK  [0m] Started [0;1;39mUser Login Management[0m.
[[0;32m  OK  [0m] Started [0;1;39mHostname Service[0m.
         Starting [0;1;39mNetwork Manager Script Dispatcher Service[0m...
[   19.929119] e1000: eth0 NIC Link is Up 1000 Mbps Full Duplex, Flow Control: RX
[[0;32m  OK  [0m] Started [0;1;39mNetwork Manager Script Dispatcher Service[0m.
[[0;32m  OK  [0m] Started [0;1;39mNetwork Manager[0m.
[[0;32m  OK  [0m] Reached target [0;1;39mNetwork[0m.
[[0;32m  OK  [0m] Reached target [0;1;39mNetwork is Online[0m.
         Starting [0;1;39mGSSAPI Proxy Daemon[0m...
         Starting [0;1;39mNotify NFS peers of a restart[0m...
         Starting [0;1;39mSystem Logging Service[0m...
         Starting [0;1;39mOpenSSH server daemon[0m...
         Starting [0;1;39mDynamic System Tuning Daemon[0m...
[[0;32m  OK  [0m] Started [0;1;39mNotify NFS peers of a restart[0m.
[[0;32m  OK  [0m] Started [0;1;39mOpenSSH server daemon[0m.
[[0;32m  OK  [0m] Started [0;1;39mGSSAPI Proxy Daemon[0m.
[[0;32m  OK  [0m] Reached target [0;1;39mNFS client services[0m.
[[0;32m  OK  [0m] Reached target [0;1;39mPreparation for Remote File Systems[0m.
[[0;32m  OK  [0m] Reached target [0;1;39mRemote File Systems[0m.
         Starting [0;1;39mPermit User Sessions[0m...
         Starting [0;1;39mVirtualization qemu daemon[0m...
[[0;32m  OK  [0m] Finished [0;1;39mPermit User Sessions[0m.
[[0;32m  OK  [0m] Started [0;1;39mDeferred execution scheduler[0m.
[[0;32m  OK  [0m] Started [0;1;39mCommand Scheduler[0m.
         Starting [0;1;39mHold until boot process finishes up[0m...
         Starting [0;1;39mTerminate Plymouth Boot Screen[0m...
[[0;32m  OK  [0m] Started [0;1;39mSystem Logging Service[0m.
[[0;32m  OK  [0m] Started [0;1;39mVirtualization qemu daemon[0m.

CentOS Stream 9
Kernel 6.14.0-rc4-c96fff391c09+ on an x86_64

Activate the web console with: systemctl enable --now cockpit.socket

test login: [   38.723633] 
[   38.723925] =============================
[   38.724386] [ BUG: Invalid wait context ]
[   38.724853] 6.14.0-rc4-c96fff391c09+ #1 Not tainted
[   38.725476] -----------------------------
[   38.725947] repro/811 is trying to lock:
[   38.726405] ffff88802507fa88 (&event->waitq){....}-{3:3}, at: __wake_up+0x26/0x60
[   38.727300] other info that might help us debug this:
[   38.727877] context-{5:5}
[   38.728194] 4 locks held by repro/811:
[   38.728634]  #0: ffffffff8705f640 (rcu_read_lock){....}-{1:3}, at: __perf_event_task_sched_in+0xd2/0xbb0
[   38.729783]  #1: ffff88806ca3d238 (&cpuctx_lock){....}-{2:2}, at: __perf_event_task_sched_in+0x1a8/0xbb0
[   38.730890]  #2: ffff88800d660018 (&ctx->lock){....}-{2:2}, at: __perf_event_task_sched_in+0x1fa/0xbb0
[   38.731974]  #3: ffffffff8705f640 (rcu_read_lock){....}-{1:3}, at: perf_event_wakeup+0x6c/0x470
[   38.732992] stack backtrace:
[   38.733394] CPU: 0 UID: 0 PID: 811 Comm: repro Not tainted 6.14.0-rc4-c96fff391c09+ #1
[   38.733415] Hardware name: QEMU Standard PC (i440FX + PIIX, 1996), BIOS rel-1.16.3-0-ga6ed6b701f0a-prebuilt.qemu.org 04/01/2014
[   38.733431] Call Trace:
[   38.733437]  <TASK>
[   38.733444]  dump_stack_lvl+0xea/0x150
[   38.733483]  dump_stack+0x19/0x20
[   38.733515]  __lock_acquire+0x1709/0x5d60
[   38.733542]  ? __lock_acquire+0xcf3/0x5d60
[   38.733568]  ? __pfx___lock_acquire+0x10/0x10
[   38.733598]  lock_acquire+0x1bd/0x550
[   38.733618]  ? __wake_up+0x26/0x60
[   38.733641]  ? __pfx_lock_acquire+0x10/0x10
[   38.733661]  ? __this_cpu_preempt_check+0x21/0x30
[   38.733686]  ? lock_acquire+0x1cd/0x550
[   38.733708]  ? __pfx_lock_acquire+0x10/0x10
[   38.733728]  ? __pfx_mark_lock.part.0+0x10/0x10
[   38.733755]  _raw_spin_lock_irqsave+0x52/0x80
[   38.733789]  ? __wake_up+0x26/0x60
[   38.733808]  __wake_up+0x26/0x60
[   38.733835]  perf_event_wakeup+0x14a/0x470
[   38.733859]  merge_sched_in+0x840/0x15c0
[   38.733888]  visit_groups_merge.constprop.0.isra.0+0x930/0x1400
[   38.733919]  ? __pfx_visit_groups_merge.constprop.0.isra.0+0x10/0x10
[   38.733944]  ? sched_clock_noinstr+0x12/0x20
[   38.733975]  ? __sanitizer_cov_trace_const_cmp1+0x1e/0x30
[   38.734016]  ctx_sched_in+0x473/0xa20
[   38.734044]  ? __pfx_ctx_sched_in+0x10/0x10
[   38.734068]  ? __sanitizer_cov_trace_const_cmp4+0x1a/0x20
[   38.734108]  perf_event_sched_in+0x47/0xa0
[   38.734131]  __perf_event_task_sched_in+0x3fd/0xbb0
[   38.734160]  ? __pfx___perf_event_task_sched_in+0x10/0x10
[   38.734183]  ? __this_cpu_preempt_check+0x21/0x30
[   38.734205]  ? __sanitizer_cov_trace_cmp8+0x1c/0x30
[   38.734238]  ? xfd_validate_state+0x146/0x190
[   38.734268]  finish_task_switch.isra.0+0x525/0x990
[   38.734297]  __schedule+0xebd/0x3510
[   38.734324]  ? __pfx___schedule+0x10/0x10
[   38.734361]  schedule+0xf6/0x3f0
[   38.734382]  syscall_exit_to_user_mode+0xd9/0x200
[   38.734405]  do_syscall_64+0x79/0x140
[   38.734425]  entry_SYSCALL_64_after_hwframe+0x76/0x7e
[   38.734457] RIP: 0033:0x7fb16e63ee5d
[   38.734477] Code: ff c3 66 2e 0f 1f 84 00 00 00 00 00 90 f3 0f 1e fa 48 89 f8 48 89 f7 48 89 d6 48 89 ca 4d 89 c2 4d 89 c8 4c 8b 4c 24 08 0f 05 <48> 3d 01 f0 ff ff 73 01 c3 48 8b 0d 93 af 1b 00 f7 d8 64 89 01 48
[   38.734496] RSP: 002b:00007ffce0f93e38 EFLAGS: 00000202 ORIG_RAX: 0000000000000038
[   38.734514] RAX: 000000000000032d RBX: 0000000000000000 RCX: 00007fb16e63ee5d
[   38.734527] RDX: 0000000000000000 RSI: 0000000000000000 RDI: 0000000000082000
[   38.734539] RBP: 00007ffce0f93e80 R08: 0000000000000000 R09: 0000000000000000
[   38.734551] R10: 0000000000000000 R11: 0000000000000202 R12: 00007ffce0f94268
[   38.734563] R13: 0000000000404e78 R14: 0000000000406e08 R15: 00007fb16e861000
[   38.734591]  </TASK>
[   38.940175] coredump: 760(repro): over core_pipe_limit, skipping core dump
[   38.985049] coredump: 765(repro): over core_pipe_limit, skipping core dump
[   39.337455] coredump: 772(repro): over core_pipe_limit, skipping core dump
[   39.348935] coredump: 780(repro): over core_pipe_limit, skipping core dump
[   39.392027] coredump: 790(repro): over core_pipe_limit, skipping core dump
[   39.601176] coredump: 785(repro): over core_pipe_limit, skipping core dump
[   39.605436] coredump: 799(repro): over core_pipe_limit, skipping core dump
[   39.754228] coredump: 803(repro): over core_pipe_limit, skipping core dump
[   39.866365] coredump: 825(repro): over core_pipe_limit, skipping core dump
[   40.197453] coredump: 813(repro): over core_pipe_limit, skipping core dump
[   44.315103] do_coredump: 7 callbacks suppressed
[   44.315119] coredump: 931(repro): over core_pipe_limit, skipping core dump
[   44.504969] coredump: 914(repro): over core_pipe_limit, skipping core dump
[   44.524933] coredump: 947(repro): over core_pipe_limit, skipping core dump
[   44.546359] coredump: 978(repro): over core_pipe_limit, skipping core dump
[   44.635588] coredump: 952(repro): over core_pipe_limit, skipping core dump
[   44.681999] coredump: 950(repro): over core_pipe_limit, skipping core dump
[   44.738350] coredump: 960(repro): over core_pipe_limit, skipping core dump
[   44.804941] coredump: 944(repro): over core_pipe_limit, skipping core dump
[   44.826898] coredump: 941(repro): over core_pipe_limit, skipping core dump
[   45.142434] coredump: 970(repro): over core_pipe_limit, skipping core dump
[   49.948634] do_coredump: 5 callbacks suppressed
[   49.948648] coredump: 1103(repro): over core_pipe_limit, skipping core dump
[   49.990003] coredump: 1100(repro): over core_pipe_limit, skipping core dump
[   51.005666] coredump: 1130(repro): over core_pipe_limit, skipping core dump
[   52.037360] coredump: 1150(repro): over core_pipe_limit, skipping core dump
[   52.176932] coredump: 1179(repro): over core_pipe_limit, skipping core dump
[   52.234844] coredump: 1172(repro): over core_pipe_limit, skipping core dump
[   52.268367] coredump: 1166(repro): over core_pipe_limit, skipping core dump
[   53.422646] coredump: 1205(repro): over core_pipe_limit, skipping core dump
[   54.014831] coredump: 1252(repro): over core_pipe_limit, skipping core dump
[   54.037363] coredump: 1230(repro): over core_pipe_limit, skipping core dump
[   55.348961] do_coredump: 2 callbacks suppressed
[   55.348976] coredump: 1268(repro): over core_pipe_limit, skipping core dump
[   55.355688] coredump: 1274(repro): over core_pipe_limit, skipping core dump
[   56.181980] coredump: 1295(repro): over core_pipe_limit, skipping core dump
[   56.441027] coredump: 1306(repro): over core_pipe_limit, skipping core dump
[   57.722658] coredump: 1379(repro): over core_pipe_limit, skipping core dump
[   58.009407] coredump: 1363(repro): over core_pipe_limit, skipping core dump
[   58.577189] coredump: 1376(repro): over core_pipe_limit, skipping core dump
[   58.999973] coredump: 1414(repro): over core_pipe_limit, skipping core dump
[   59.405693] coredump: 1404(repro): over core_pipe_limit, skipping core dump
[   59.524112] coredump: 1421(repro): over core_pipe_limit, skipping core dump
[   62.363223] do_coredump: 4 callbacks suppressed
[   62.363237] coredump: 1513(repro): over core_pipe_limit, skipping core dump
[   62.396934] coredump: 1515(repro): over core_pipe_limit, skipping core dump
[   62.616246] coredump: 1526(repro): over core_pipe_limit, skipping core dump
[   62.641189] coredump: 1533(repro): over core_pipe_limit, skipping core dump
[   63.269576] coredump: 1541(repro): over core_pipe_limit, skipping core dump
[   64.264939] coredump: 1564(repro): over core_pipe_limit, skipping core dump
[   64.352647] coredump: 1566(repro): over core_pipe_limit, skipping core dump
[   64.552988] coredump: 1571(repro): over core_pipe_limit, skipping core dump
[   64.559675] coredump: 1593(repro): over core_pipe_limit, skipping core dump
[   64.649050] coredump: 1580(repro): over core_pipe_limit, skipping core dump
[   67.725534] do_coredump: 4 callbacks suppressed
[   67.725548] coredump: 1658(repro): over core_pipe_limit, skipping core dump
[   67.795392] coredump: 1667(repro): over core_pipe_limit, skipping core dump
[   68.186907] coredump: 1664(repro): over core_pipe_limit, skipping core dump
[   68.277362] coredump: 1707(repro): over core_pipe_limit, skipping core dump
[   68.585006] coredump: 1718(repro): over core_pipe_limit, skipping core dump
[   69.309011] coredump: 1741(repro): over core_pipe_limit, skipping core dump
[   69.423634] coredump: 1749(repro): over core_pipe_limit, skipping core dump
[   69.710682] coredump: 1753(repro): over core_pipe_limit, skipping core dump
[   71.413528] systemd-journald[147]: Data hash table of /run/log/journal/938775788448454bb5b34822d5730c41/system.journal has a fill level at 75.0 (5440 of 7253 items, 4177920 file size, 768 bytes per hash table item), suggesting rotation.
[   71.416620] systemd-journald[147]: /run/log/journal/938775788448454bb5b34822d5730c41/system.journal: Journal header limits reached or header out-of-date, rotating.
[   71.925656] coredump: 1843(repro): over core_pipe_limit, skipping core dump
[   71.961856] coredump: 1789(repro): over core_pipe_limit, skipping core dump
[   74.108012] do_coredump: 7 callbacks suppressed
[   74.108026] coredump: 1890(repro): over core_pipe_limit, skipping core dump
[   75.425522] coredump: 1933(repro): over core_pipe_limit, skipping core dump
[   75.778085] coredump: 1959(repro): over core_pipe_limit, skipping core dump
[   75.861650] coredump: 1957(repro): over core_pipe_limit, skipping core dump
[   75.919092] coredump: 1908(repro): over core_pipe_limit, skipping core dump
[   76.631954] coredump: 1977(repro): over core_pipe_limit, skipping core dump
[   76.928972] coredump: 1990(repro): over core_pipe_limit, skipping core dump
[   76.980026] coredump: 1987(repro): over core_pipe_limit, skipping core dump
[   77.161363] coredump: 1998(repro): over core_pipe_limit, skipping core dump
[   77.620955] coredump: 2013(repro): over core_pipe_limit, skipping core dump
[   80.159095] do_coredump: 1 callbacks suppressed
[   80.159124] coredump: 2097(repro): over core_pipe_limit, skipping core dump
[   81.075335] coredump: 2107(repro): over core_pipe_limit, skipping core dump
[   81.099580] coredump: 2104(repro): over core_pipe_limit, skipping core dump
[   81.321403] coredump: 2129(repro): over core_pipe_limit, skipping core dump
[   81.408948] coredump: 2135(repro): over core_pipe_limit, skipping core dump
[   81.511357] coredump: 2137(repro): over core_pipe_limit, skipping core dump
[   81.556923] coredump: 2133(repro): over core_pipe_limit, skipping core dump
[   81.731224] coredump: 2119(repro): over core_pipe_limit, skipping core dump
[   84.096217] coredump: 2191(repro): over core_pipe_limit, skipping core dump
[   84.320844] coredump: 2193(repro): over core_pipe_limit, skipping core dump
[   86.705200] do_coredump: 1 callbacks suppressed
[   86.705214] coredump: 2254(repro): over core_pipe_limit, skipping core dump
[   86.748503] coredump: 2298(repro): over core_pipe_limit, skipping core dump
[   87.120938] coredump: 2285(repro): over core_pipe_limit, skipping core dump
[   87.448063] coredump: 2333(repro): over core_pipe_limit, skipping core dump
[   87.457037] coredump: 2283(repro): over core_pipe_limit, skipping core dump
[   87.820949] coredump: 2317(repro): over core_pipe_limit, skipping core dump
[   88.264987] coredump: 2345(repro): over core_pipe_limit, skipping core dump
[   88.269066] coredump: 2336(repro): over core_pipe_limit, skipping core dump
[   88.380974] coredump: 2355(repro): over core_pipe_limit, skipping core dump
[   88.690116] coredump: 2370(repro): over core_pipe_limit, skipping core dump
[   92.206567] do_coredump: 6 callbacks suppressed
[   92.206588] coredump: 2455(repro): over core_pipe_limit, skipping core dump
[   92.264974] coredump: 2472(repro): over core_pipe_limit, skipping core dump
[   92.614519] coredump: 2476(repro): over core_pipe_limit, skipping core dump
[   92.702056] coredump: 2497(repro): over core_pipe_limit, skipping core dump
[   92.902264] coredump: 2488(repro): over core_pipe_limit, skipping core dump
[   92.921073] coredump: 2479(repro): over core_pipe_limit, skipping core dump
[   93.754574] coredump: 2529(repro): over core_pipe_limit, skipping core dump
[   93.858479] coredump: 2543(repro): over core_pipe_limit, skipping core dump
[   94.352944] coredump: 2556(repro): over core_pipe_limit, skipping core dump
[   94.652940] coredump: 2568(repro): over core_pipe_limit, skipping core dump
[   97.278007] do_coredump: 4 callbacks suppressed
[   97.278022] coredump: 2636(repro): over core_pipe_limit, skipping core dump
[   97.460944] coredump: 2634(repro): over core_pipe_limit, skipping core dump
[   98.280975] coredump: 2683(repro): over core_pipe_limit, skipping core dump
[   98.348767] coredump: 2662(repro): over core_pipe_limit, skipping core dump
[  100.394004] coredump: 2731(repro): over core_pipe_limit, skipping core dump
[  100.978137] coredump: 2745(repro): over core_pipe_limit, skipping core dump
[  101.262575] coredump: 2751(repro): over core_pipe_limit, skipping core dump
[  101.276944] coredump: 2743(repro): over core_pipe_limit, skipping core dump
[  101.286148] coredump: 2753(repro): over core_pipe_limit, skipping core dump
[  101.340947] coredump: 2756(repro): over core_pipe_limit, skipping core dump
[  103.231438] coredump: 2838(repro): over core_pipe_limit, skipping core dump
[  103.255689] coredump: 2827(repro): over core_pipe_limit, skipping core dump
[  103.287031] coredump: 2797(repro): over core_pipe_limit, skipping core dump
[  103.372933] coredump: 2831(repro): over core_pipe_limit, skipping core dump
[  105.320474] coredump: 2888(repro): over core_pipe_limit, skipping core dump
[  105.397047] coredump: 2863(repro): over core_pipe_limit, skipping core dump
[  105.772949] coredump: 2894(repro): over core_pipe_limit, skipping core dump
[  105.900272] coredump: 2899(repro): over core_pipe_limit, skipping core dump
[  106.123324] coredump: 2907(repro): over core_pipe_limit, skipping core dump
[  106.125929] coredump: 2918(repro): over core_pipe_limit, skipping core dump
[  108.244934] do_coredump: 4 callbacks suppressed
[  108.244949] coredump: 2980(repro): over core_pipe_limit, skipping core dump
[  108.625727] coredump: 2991(repro): over core_pipe_limit, skipping core dump
[  110.400978] coredump: 3059(repro): over core_pipe_limit, skipping core dump
[  111.200654] coredump: 3079(repro): over core_pipe_limit, skipping core dump
[  111.212933] coredump: 3107(repro): over core_pipe_limit, skipping core dump
[  111.908433] coredump: 3085(repro): over core_pipe_limit, skipping core dump
[  112.069752] coredump: 3102(repro): over core_pipe_limit, skipping core dump
[  112.283932] coredump: 3113(repro): over core_pipe_limit, skipping core dump
[  112.540942] coredump: 3131(repro): over core_pipe_limit, skipping core dump
[  116.169295] coredump: 3205(repro): over core_pipe_limit, skipping core dump
[  116.210492] coredump: 3228(repro): over core_pipe_limit, skipping core dump
[  116.277236] coredump: 3234(repro): over core_pipe_limit, skipping core dump
[  116.483336] coredump: 3220(repro): over core_pipe_limit, skipping core dump
[  116.873762] coredump: 3240(repro): over core_pipe_limit, skipping core dump
[  117.259112] coredump: 3253(repro): over core_pipe_limit, skipping core dump
[  117.768345] coredump: 3281(repro): over core_pipe_limit, skipping core dump
[  117.826273] coredump: 3294(repro): over core_pipe_limit, skipping core dump
[  118.894493] coredump: 3315(repro): over core_pipe_limit, skipping core dump
[  119.318718] coredump: 3324(repro): over core_pipe_limit, skipping core dump
[  121.341177] do_coredump: 5 callbacks suppressed
[  121.341190] coredump: 3404(repro): over core_pipe_limit, skipping core dump
[  121.389657] coredump: 3414(repro): over core_pipe_limit, skipping core dump
[  121.753613] coredump: 3432(repro): over core_pipe_limit, skipping core dump
[  121.773486] coredump: 3435(repro): over core_pipe_limit, skipping core dump
[  121.792041] coredump: 3439(repro): over core_pipe_limit, skipping core dump
[  121.977277] coredump: 3437(repro): over core_pipe_limit, skipping core dump
[  122.149039] coredump: 3443(repro): over core_pipe_limit, skipping core dump
[  123.166089] coredump: 3478(repro): over core_pipe_limit, skipping core dump
[  123.225493] coredump: 3481(repro): over core_pipe_limit, skipping core dump
[  123.232950] coredump: 3486(repro): over core_pipe_limit, skipping core dump
[  126.508963] do_coredump: 1 callbacks suppressed
[  126.508977] coredump: 3556(repro): over core_pipe_limit, skipping core dump
[  126.527044] coredump: 3583(repro): over core_pipe_limit, skipping core dump
[  126.816928] coredump: 3576(repro): over core_pipe_limit, skipping core dump
[  127.509909] coredump: 3594(repro): over core_pipe_limit, skipping core dump
[  127.577153] coredump: 3599(repro): over core_pipe_limit, skipping core dump
[  127.711507] coredump: 3606(repro): over core_pipe_limit, skipping core dump
[  129.542703] coredump: 3650(repro): over core_pipe_limit, skipping core dump
[  129.549652] coredump: 3653(repro): over core_pipe_limit, skipping core dump
[  129.839807] coredump: 3666(repro): over core_pipe_limit, skipping core dump
[  129.941552] coredump: 3668(repro): over core_pipe_limit, skipping core dump
[  132.052520] do_coredump: 5 callbacks suppressed
[  132.052535] coredump: 3737(repro): over core_pipe_limit, skipping core dump
[  132.930172] coredump: 3769(repro): over core_pipe_limit, skipping core dump
[  132.961602] coredump: 3772(repro): over core_pipe_limit, skipping core dump
[  133.792935] coredump: 3797(repro): over core_pipe_limit, skipping core dump
[  133.964201] coredump: 3829(repro): over core_pipe_limit, skipping core dump
[  134.084954] coredump: 3802(repro): over core_pipe_limit, skipping core dump
[  134.139036] coredump: 3789(repro): over core_pipe_limit, skipping core dump
[  134.312940] coredump: 3819(repro): over core_pipe_limit, skipping core dump
[  134.393032] coredump: 3806(repro): over core_pipe_limit, skipping core dump
[  134.647680] coredump: 3842(repro): over core_pipe_limit, skipping core dump
[  137.336637] do_coredump: 2 callbacks suppressed
[  137.336652] coredump: 3917(repro): over core_pipe_limit, skipping core dump
[  138.175068] coredump: 3939(repro): over core_pipe_limit, skipping core dump
[  138.310780] coredump: 3931(repro): over core_pipe_limit, skipping core dump
[  138.385134] coredump: 3945(repro): over core_pipe_limit, skipping core dump
[  138.588939] coredump: 3957(repro): over core_pipe_limit, skipping core dump
[  138.679871] coredump: 3962(repro): over core_pipe_limit, skipping core dump
[  138.687391] coredump: 3948(repro): over core_pipe_limit, skipping core dump
[  139.277124] coredump: 3976(repro): over core_pipe_limit, skipping core dump
[  139.426088] coredump: 3988(repro): over core_pipe_limit, skipping core dump
[  142.008976] coredump: 4039(repro): over core_pipe_limit, skipping core dump
[  142.249385] systemd-journald[147]: Data hash table of /run/log/journal/938775788448454bb5b34822d5730c41/system.journal has a fill level at 75.0 (5442 of 7253 items, 4177920 file size, 767 bytes per hash table item), suggesting rotation.
[  142.251744] systemd-journald[147]: /run/log/journal/938775788448454bb5b34822d5730c41/system.journal: Journal header limits reached or header out-of-date, rotating.
[  143.392950] do_coredump: 3 callbacks suppressed
[  143.392964] coredump: 4090(repro): over core_pipe_limit, skipping core dump
[  143.494759] coredump: 4105(repro): over core_pipe_limit, skipping core dump
[  144.103848] coredump: 4123(repro): over core_pipe_limit, skipping core dump
[  144.376957] coredump: 4132(repro): over core_pipe_limit, skipping core dump
[  144.392475] coredump: 4142(repro): over core_pipe_limit, skipping core dump
[  145.099034] coredump: 4159(repro): over core_pipe_limit, skipping core dump
[  146.841321] coredump: 4194(repro): over core_pipe_limit, skipping core dump
[  146.885993] coredump: 4190(repro): over core_pipe_limit, skipping core dump
[  146.900640] coredump: 4216(repro): over core_pipe_limit, skipping core dump
[  147.008939] coredump: 4196(repro): over core_pipe_limit, skipping core dump
[  148.473695] do_coredump: 6 callbacks suppressed
[  148.473709] coredump: 4293(repro): over core_pipe_limit, skipping core dump
[  148.837017] coredump: 4282(repro): over core_pipe_limit, skipping core dump
[  150.974098] coredump: 4335(repro): over core_pipe_limit, skipping core dump
[  151.119403] coredump: 4326(repro): over core_pipe_limit, skipping core dump
[  151.158266] coredump: 4375(repro): over core_pipe_limit, skipping core dump
[  151.384934] coredump: 4368(repro): over core_pipe_limit, skipping core dump
[  151.661048] coredump: 4341(repro): over core_pipe_limit, skipping core dump
[  151.980940] coredump: 4406(repro): over core_pipe_limit, skipping core dump
[  152.042326] coredump: 4371(repro): over core_pipe_limit, skipping core dump
[  152.076261] coredump: 4386(repro): over core_pipe_limit, skipping core dump
[  153.885044] do_coredump: 2 callbacks suppressed
[  153.885059] coredump: 4441(repro): over core_pipe_limit, skipping core dump
[  153.889556] coredump: 4443(repro): over core_pipe_limit, skipping core dump
[  155.701725] coredump: 4499(repro): over core_pipe_limit, skipping core dump
[  155.715054] coredump: 4482(repro): over core_pipe_limit, skipping core dump
[  155.803040] coredump: 4502(repro): over core_pipe_limit, skipping core dump
[  155.932420] coredump: 4473(repro): over core_pipe_limit, skipping core dump
[  156.089196] coredump: 4506(repro): over core_pipe_limit, skipping core dump
[  156.136945] coredump: 4515(repro): over core_pipe_limit, skipping core dump
[  157.151902] coredump: 4561(repro): over core_pipe_limit, skipping core dump
[  157.733016] coredump: 4571(repro): over core_pipe_limit, skipping core dump
[  159.549545] coredump: 4606(repro): over core_pipe_limit, skipping core dump
[  159.588944] coredump: 4626(repro): over core_pipe_limit, skipping core dump
[  159.603781] coredump: 4611(repro): over core_pipe_limit, skipping core dump
[  159.628092] coredump: 4631(repro): over core_pipe_limit, skipping core dump
[  159.960989] coredump: 4597(repro): over core_pipe_limit, skipping core dump
[  161.371019] coredump: 4674(repro): over core_pipe_limit, skipping core dump
[  161.412954] coredump: 4689(repro): over core_pipe_limit, skipping core dump
[  162.436937] coredump: 4733(repro): over core_pipe_limit, skipping core dump
[  162.454534] coredump: 4706(repro): over core_pipe_limit, skipping core dump
[  162.834036] coredump: 4713(repro): over core_pipe_limit, skipping core dump
[  164.649034] do_coredump: 1 callbacks suppressed
[  164.649048] coredump: 4803(repro): over core_pipe_limit, skipping core dump
[  164.724981] coredump: 4782(repro): over core_pipe_limit, skipping core dump
[  164.737478] coredump: 4794(repro): over core_pipe_limit, skipping core dump
[  166.398459] coredump: 4821(repro): over core_pipe_limit, skipping core dump
[  166.905888] coredump: 4826(repro): over core_pipe_limit, skipping core dump
[  167.568973] coredump: 4869(repro): over core_pipe_limit, skipping core dump
[  167.982923] coredump: 4900(repro): over core_pipe_limit, skipping core dump
[  168.801505] coredump: 4903(repro): over core_pipe_limit, skipping core dump
[  168.952243] coredump: 4930(repro): over core_pipe_limit, skipping core dump
[  169.010058] coredump: 4906(repro): over core_pipe_limit, skipping core dump
[  169.725941] do_coredump: 2 callbacks suppressed
[  169.725955] coredump: 4945(repro): over core_pipe_limit, skipping core dump
[  170.564934] coredump: 4981(repro): over core_pipe_limit, skipping core dump
[  170.919320] coredump: 4995(repro): over core_pipe_limit, skipping core dump
[  171.228943] coredump: 5034(repro): over core_pipe_limit, skipping core dump
[  171.454236] coredump: 4993(repro): over core_pipe_limit, skipping core dump
[  171.714854] coredump: 5023(repro): over core_pipe_limit, skipping core dump
[  171.736759] coredump: 5003(repro): over core_pipe_limit, skipping core dump
[  172.145489] coredump: 5037(repro): over core_pipe_limit, skipping core dump
[  172.185948] coredump: 5012(repro): over core_pipe_limit, skipping core dump
[  172.258788] coredump: 5043(repro): over core_pipe_limit, skipping core dump
[  176.046362] do_coredump: 5 callbacks suppressed
[  176.046377] coredump: 5140(repro): over core_pipe_limit, skipping core dump
[  176.104968] coredump: 5133(repro): over core_pipe_limit, skipping core dump
[  176.220943] coredump: 5137(repro): over core_pipe_limit, skipping core dump
[  176.428035] coredump: 5157(repro): over core_pipe_limit, skipping core dump
[  176.564961] coredump: 5171(repro): over core_pipe_limit, skipping core dump
[  176.712988] coredump: 5183(repro): over core_pipe_limit, skipping core dump
[  176.790334] coredump: 5217(repro): over core_pipe_limit, skipping core dump
[  176.867693] coredump: 5149(repro): over core_pipe_limit, skipping core dump
[  176.875105] coredump: 5167(repro): over core_pipe_limit, skipping core dump
[  177.405016] coredump: 5204(repro): over core_pipe_limit, skipping core dump
[  181.115990] do_coredump: 4 callbacks suppressed
[  181.116008] coredump: 5313(repro): over core_pipe_limit, skipping core dump
[  181.128404] coredump: 5332(repro): over core_pipe_limit, skipping core dump
[  181.199188] coredump: 5325(repro): over core_pipe_limit, skipping core dump
[  181.649034] coredump: 5352(repro): over core_pipe_limit, skipping core dump
[  181.744652] coredump: 5342(repro): over core_pipe_limit, skipping core dump
[  181.941066] coredump: 5357(repro): over core_pipe_limit, skipping core dump
[  181.985038] coredump: 5347(repro): over core_pipe_limit, skipping core dump
[  182.080926] coredump: 5360(repro): over core_pipe_limit, skipping core dump
[  182.476966] coredump: 5369(repro): over core_pipe_limit, skipping core dump
[  184.962179] coredump: 5456(repro): over core_pipe_limit, skipping core dump
[  186.291905] do_coredump: 8 callbacks suppressed
[  186.291920] coredump: 5504(repro): over core_pipe_limit, skipping core dump
[  187.163010] coredump: 5514(repro): over core_pipe_limit, skipping core dump
[  187.560963] coredump: 5516(repro): over core_pipe_limit, skipping core dump
[  187.590164] coredump: 5524(repro): over core_pipe_limit, skipping core dump
[  187.662209] coredump: 5518(repro): over core_pipe_limit, skipping core dump
[  189.003844] coredump: 5573(repro): over core_pipe_limit, skipping core dump
[  189.364957] coredump: 5597(repro): over core_pipe_limit, skipping core dump
[  189.780960] coredump: 5589(repro): over core_pipe_limit, skipping core dump
[  192.424955] coredump: 5666(repro): over core_pipe_limit, skipping core dump
[  192.464933] coredump: 5655(repro): over core_pipe_limit, skipping core dump
[  192.560128] coredump: 5680(repro): over core_pipe_limit, skipping core dump
[  192.574759] coredump: 5663(repro): over core_pipe_limit, skipping core dump
[  192.592025] coredump: 5671(repro): over core_pipe_limit, skipping core dump
[  193.574077] coredump: 5704(repro): over core_pipe_limit, skipping core dump
[  194.514828] coredump: 5728(repro): over core_pipe_limit, skipping core dump
[  194.715494] coredump: 5740(repro): over core_pipe_limit, skipping core dump
[  194.809501] coredump: 5753(repro): over core_pipe_limit, skipping core dump
[  194.905008] coredump: 5742(repro): over core_pipe_limit, skipping core dump
[  198.148946] do_coredump: 7 callbacks suppressed
[  198.148960] coredump: 5829(repro): over core_pipe_limit, skipping core dump
[  198.181094] coredump: 5871(repro): over core_pipe_limit, skipping core dump
[  198.313661] coredump: 5868(repro): over core_pipe_limit, skipping core dump
[  198.319889] coredump: 5846(repro): over core_pipe_limit, skipping core dump
[  200.059789] coredump: 5955(repro): over core_pipe_limit, skipping core dump
[  200.107518] coredump: 5910(repro): over core_pipe_limit, skipping core dump
[  200.268931] coredump: 5928(repro): over core_pipe_limit, skipping core dump
[  201.170228] coredump: 5970(repro): over core_pipe_limit, skipping core dump
[  201.608925] coredump: 5966(repro): over core_pipe_limit, skipping core dump
[  203.385302] coredump: 6047(repro): over core_pipe_limit, skipping core dump
[  203.405370] coredump: 6028(repro): over core_pipe_limit, skipping core dump
[  203.436952] coredump: 6003(repro): over core_pipe_limit, skipping core dump
[  203.477556] coredump: 6025(repro): over core_pipe_limit, skipping core dump
[  204.001086] coredump: 6033(repro): over core_pipe_limit, skipping core dump
[  204.130353] coredump: 6074(repro): over core_pipe_limit, skipping core dump
[  204.209169] coredump: 6055(repro): over core_pipe_limit, skipping core dump
[  204.277095] coredump: 6043(repro): over core_pipe_limit, skipping core dump
[  204.308195] coredump: 6045(repro): over core_pipe_limit, skipping core dump
[  204.968313] coredump: 6086(repro): over core_pipe_limit, skipping core dump
[  208.393005] do_coredump: 4 callbacks suppressed
[  208.393031] coredump: 6170(repro): over core_pipe_limit, skipping core dump
[  208.479916] coredump: 6173(repro): over core_pipe_limit, skipping core dump
[  210.228928] coredump: 6241(repro): over core_pipe_limit, skipping core dump
[  210.304325] coredump: 6228(repro): over core_pipe_limit, skipping core dump
[  210.838205] coredump: 6243(repro): over core_pipe_limit, skipping core dump
[  210.852496] coredump: 6249(repro): over core_pipe_limit, skipping core dump
[  212.000986] coredump: 6274(repro): over core_pipe_limit, skipping core dump
[  212.547666] coredump: 6310(repro): over core_pipe_limit, skipping core dump
[  212.668950] coredump: 6312(repro): over core_pipe_limit, skipping core dump
[  213.017844] coredump: 6321(repro): over core_pipe_limit, skipping core dump
[  213.404984] coredump: 6327(repro): over core_pipe_limit, skipping core dump
[  213.501751] systemd-journald[147]: Data hash table of /run/log/journal/938775788448454bb5b34822d5730c41/system.journal has a fill level at 75.0 (5441 of 7253 items, 4177920 file size, 767 bytes per hash table item), suggesting rotation.
[  213.504155] systemd-journald[147]: /run/log/journal/938775788448454bb5b34822d5730c41/system.journal: Journal header limits reached or header out-of-date, rotating.
[  213.969258] coredump: 6356(repro): over core_pipe_limit, skipping core dump
[  214.110517] coredump: 6353(repro): over core_pipe_limit, skipping core dump
[  214.361953] coredump: 6361(repro): over core_pipe_limit, skipping core dump
[  215.002502] coredump: 6413(repro): over core_pipe_limit, skipping core dump
[  215.208067] coredump: 6423(repro): over core_pipe_limit, skipping core dump
[  215.673007] coredump: 6416(repro): over core_pipe_limit, skipping core dump
[  215.757043] coredump: 6388(repro): over core_pipe_limit, skipping core dump
[  215.862496] coredump: 6444(repro): over core_pipe_limit, skipping core dump
[  216.089106] coredump: 6405(repro): over core_pipe_limit, skipping core dump
[  219.486683] do_coredump: 3 callbacks suppressed
[  219.486697] coredump: 6539(repro): over core_pipe_limit, skipping core dump
[  219.628940] coredump: 6526(repro): over core_pipe_limit, skipping core dump
[  220.096946] coredump: 6600(repro): over core_pipe_limit, skipping core dump
[  220.120956] coredump: 6545(repro): over core_pipe_limit, skipping core dump
[  220.142231] coredump: 6573(repro): over core_pipe_limit, skipping core dump
[  220.274858] coredump: 6552(repro): over core_pipe_limit, skipping core dump
[  220.367087] coredump: 6588(repro): over core_pipe_limit, skipping core dump
[  220.432942] coredump: 6575(repro): over core_pipe_limit, skipping core dump
[  220.726269] coredump: 6585(repro): over core_pipe_limit, skipping core dump
[  222.656463] coredump: 6624(repro): over core_pipe_limit, skipping core dump
[  226.209814] do_coredump: 4 callbacks suppressed
[  226.209828] coredump: 6751(repro): over core_pipe_limit, skipping core dump
[  226.548909] coredump: 6741(repro): over core_pipe_limit, skipping core dump
[  226.840643] coredump: 6791(repro): over core_pipe_limit, skipping core dump
[  226.921537] coredump: 6770(repro): over core_pipe_limit, skipping core dump
[  227.076939] coredump: 6772(repro): over core_pipe_limit, skipping core dump
[  227.114230] coredump: 6806(repro): over core_pipe_limit, skipping core dump
[  227.184931] coredump: 6779(repro): over core_pipe_limit, skipping core dump
[  227.232951] coredump: 6785(repro): over core_pipe_limit, skipping core dump
[  227.339045] coredump: 6798(repro): over core_pipe_limit, skipping core dump
[  227.460948] coredump: 6810(repro): over core_pipe_limit, skipping core dump
[  231.583023] do_coredump: 9 callbacks suppressed
[  231.583038] coredump: 6918(repro): over core_pipe_limit, skipping core dump
[  232.033043] coredump: 6945(repro): over core_pipe_limit, skipping core dump
[  232.088798] coredump: 6952(repro): over core_pipe_limit, skipping core dump
[  232.490964] coredump: 6973(repro): over core_pipe_limit, skipping core dump
[  232.531056] coredump: 6964(repro): over core_pipe_limit, skipping core dump
[  232.612938] coredump: 6978(repro): over core_pipe_limit, skipping core dump
[  233.480973] coredump: 6996(repro): over core_pipe_limit, skipping core dump
[  233.817201] coredump: 7007(repro): over core_pipe_limit, skipping core dump
[  233.956937] coredump: 7012(repro): over core_pipe_limit, skipping core dump
[  234.916387] coredump: 7023(repro): over core_pipe_limit, skipping core dump
[  236.763911] do_coredump: 4 callbacks suppressed
[  236.763926] coredump: 7091(repro): over core_pipe_limit, skipping core dump
[  237.492946] coredump: 7123(repro): over core_pipe_limit, skipping core dump
[  237.847566] coredump: 7129(repro): over core_pipe_limit, skipping core dump
[  238.172981] coredump: 7134(repro): over core_pipe_limit, skipping core dump
[  238.221876] coredump: 7153(repro): over core_pipe_limit, skipping core dump
[  238.292091] coredump: 7112(repro): over core_pipe_limit, skipping core dump
[  238.323951] coredump: 7160(repro): over core_pipe_limit, skipping core dump
[  240.607651] coredump: 7221(repro): over core_pipe_limit, skipping core dump
[  240.672941] coredump: 7229(repro): over core_pipe_limit, skipping core dump
[  240.717842] coredump: 7206(repro): over core_pipe_limit, skipping core dump
[  242.111079] coredump: 7266(repro): over core_pipe_limit, skipping core dump
[  242.120824] coredump: 7256(repro): over core_pipe_limit, skipping core dump
[  242.128935] coredump: 7275(repro): over core_pipe_limit, skipping core dump
[  242.140854] coredump: 7261(repro): over core_pipe_limit, skipping core dump
[  242.651727] coredump: 7288(repro): over core_pipe_limit, skipping core dump
[  243.015855] coredump: 7294(repro): over core_pipe_limit, skipping core dump
[  243.175796] coredump: 7285(repro): over core_pipe_limit, skipping core dump
[  243.294537] coredump: 7306(repro): over core_pipe_limit, skipping core dump
[  243.315133] coredump: 7309(repro): over core_pipe_limit, skipping core dump
[  244.070561] coredump: 7339(repro): over core_pipe_limit, skipping core dump
[  247.373061] do_coredump: 8 callbacks suppressed
[  247.373080] coredump: 7449(repro): over core_pipe_limit, skipping core dump
[  247.516970] coredump: 7464(repro): over core_pipe_limit, skipping core dump
[  247.621704] coredump: 7472(repro): over core_pipe_limit, skipping core dump
[  247.726442] coredump: 7478(repro): over core_pipe_limit, skipping core dump
[  247.751141] coredump: 7480(repro): over core_pipe_limit, skipping core dump
[  247.796937] coredump: 7483(repro): over core_pipe_limit, skipping core dump
[  249.298047] coredump: 7500(repro): over core_pipe_limit, skipping core dump
[  250.150193] coredump: 7541(repro): over core_pipe_limit, skipping core dump
[  250.282873] coredump: 7548(repro): over core_pipe_limit, skipping core dump
[  250.390526] coredump: 7596(repro): over core_pipe_limit, skipping core dump
[  253.117420] do_coredump: 6 callbacks suppressed
[  253.117434] coredump: 7647(repro): over core_pipe_limit, skipping core dump
[  253.149195] coredump: 7637(repro): over core_pipe_limit, skipping core dump
[  253.151820] coredump: 7632(repro): over core_pipe_limit, skipping core dump
