c[?7l[2J[0mSeaBIOS (version rel-1.16.0-0-gd239552ce722-prebuilt.qemu.org)


iPXE (http://ipxe.org) 00:03.0 CA00 PCI2.10 PnP PMM+7FF91000+7FEF1000 CA00
Press Ctrl-B to configure iPXE (PCI 00:03.0)...                                                                               


Booting from ROM...
c[?7l[2J[    0.000000] Linux version 6.14.0-rc6-e1408503792d+ (root@p-arls02) (gcc (GCC) 11.5.0 20240719 (Red Hat 11.5.0-5), GNU ld version 2.35.2-60.el9) #1 SMP PREEMPT_DYNAMIC Thu Mar 13 14:19:50 CST 2025
[    0.000000] Command line: console=ttyS0 root=/dev/sda earlyprintk=serial net.ifnames=0 plymouth.enable=0
[    0.000000] KERNEL supported cpus:
[    0.000000]   Intel GenuineIntel
[    0.000000]   AMD AuthenticAMD
[    0.000000]   Hygon HygonGenuine
[    0.000000]   Centaur CentaurHauls
[    0.000000]   zhaoxin   Shanghai  
[    0.000000] x86/split lock detection: #DB: warning on user-space bus_locks
[    0.000000] BIOS-provided physical RAM map:
[    0.000000] BIOS-e820: [mem 0x0000000000000000-0x000000000009fbff] usable
[    0.000000] BIOS-e820: [mem 0x000000000009fc00-0x000000000009ffff] reserved
[    0.000000] BIOS-e820: [mem 0x00000000000f0000-0x00000000000fffff] reserved
[    0.000000] BIOS-e820: [mem 0x0000000000100000-0x000000007ffdffff] usable
[    0.000000] BIOS-e820: [mem 0x000000007ffe0000-0x000000007fffffff] reserved
[    0.000000] BIOS-e820: [mem 0x00000000feffc000-0x00000000feffffff] reserved
[    0.000000] BIOS-e820: [mem 0x00000000fffc0000-0x00000000ffffffff] reserved
[    0.000000] printk: legacy bootconsole [earlyser0] enabled
[    0.000000] NX (Execute Disable) protection: active
[    0.000000] APIC: Static calls initialized
[    0.000000] SMBIOS 2.8 present.
[    0.000000] DMI: QEMU Standard PC (i440FX + PIIX, 1996), BIOS rel-1.16.0-0-gd239552ce722-prebuilt.qemu.org 04/01/2014
[    0.000000] DMI: Memory slots populated: 1/1
[    0.000000] Hypervisor detected: KVM
[    0.000000] kvm-clock: Using msrs 4b564d01 and 4b564d00
[    0.000003] kvm-clock: using sched offset of 914971944 cycles
[    0.000417] clocksource: kvm-clock: mask: 0xffffffffffffffff max_cycles: 0x1cd42e4dffb, max_idle_ns: 881590591483 ns
[    0.001692] tsc: Detected 1267.200 MHz processor
[    0.008032] last_pfn = 0x7ffe0 max_arch_pfn = 0x400000000
[    0.008493] MTRR map: 4 entries (3 fixed + 1 variable; max 19), built from 8 variable MTRRs
[    0.009146] x86/PAT: Configuration [0-7]: WB  WC  UC- UC  WB  WP  UC- WT  
[    0.018903] found SMP MP-table at [mem 0x000f5ba0-0x000f5baf]
[    0.019387] Using GB pages for direct mapping
[    0.022050] ACPI: Early table checksum verification disabled
[    0.022495] ACPI: RSDP 0x00000000000F59C0 000014 (v00 BOCHS )
[    0.022959] ACPI: RSDT 0x000000007FFE1951 000034 (v01 BOCHS  BXPC     00000001 BXPC 00000001)
[    0.023639] ACPI: FACP 0x000000007FFE17FD 000074 (v01 BOCHS  BXPC     00000001 BXPC 00000001)
[    0.024326] ACPI: DSDT 0x000000007FFE0040 0017BD (v01 BOCHS  BXPC     00000001 BXPC 00000001)
[    0.025009] ACPI: FACS 0x000000007FFE0000 000040
[    0.025385] ACPI: APIC 0x000000007FFE1871 000080 (v01 BOCHS  BXPC     00000001 BXPC 00000001)
[    0.026062] ACPI: HPET 0x000000007FFE18F1 000038 (v01 BOCHS  BXPC     00000001 BXPC 00000001)
[    0.026738] ACPI: WAET 0x000000007FFE1929 000028 (v01 BOCHS  BXPC     00000001 BXPC 00000001)
[    0.027423] ACPI: Reserving FACP table memory at [mem 0x7ffe17fd-0x7ffe1870]
[    0.027975] ACPI: Reserving DSDT table memory at [mem 0x7ffe0040-0x7ffe17fc]
[    0.028523] ACPI: Reserving FACS table memory at [mem 0x7ffe0000-0x7ffe003f]
[    0.029076] ACPI: Reserving APIC table memory at [mem 0x7ffe1871-0x7ffe18f0]
[    0.029638] ACPI: Reserving HPET table memory at [mem 0x7ffe18f1-0x7ffe1928]
[    0.030190] ACPI: Reserving WAET table memory at [mem 0x7ffe1929-0x7ffe1950]
[    0.031205] No NUMA configuration found
[    0.031515] Faking a node at [mem 0x0000000000000000-0x000000007ffdffff]
[    0.032067] NODE_DATA(0) allocated [mem 0x7ffb5000-0x7ffdfc7f]
[    0.033080] Zone ranges:
[    0.033286]   DMA      [mem 0x0000000000001000-0x0000000000ffffff]
[    0.033773]   DMA32    [mem 0x0000000001000000-0x000000007ffdffff]
[    0.034257]   Normal   empty
[    0.034489]   Device   empty
[    0.034720] Movable zone start for each node
[    0.035065] Early memory node ranges
[    0.035347]   node   0: [mem 0x0000000000001000-0x000000000009efff]
[    0.035838]   node   0: [mem 0x0000000000100000-0x000000007ffdffff]
[    0.036326] Initmem setup node 0 [mem 0x0000000000001000-0x000000007ffdffff]
[    0.037911] On node 0, zone DMA: 1 pages in unavailable ranges
[    0.038690] On node 0, zone DMA: 97 pages in unavailable ranges
[    0.117345] On node 0, zone DMA32: 32 pages in unavailable ranges
[    0.574210] kasan: KernelAddressSanitizer initialized
[    0.574941] ACPI: PM-Timer IO Port: 0x608
[    0.575302] ACPI: LAPIC_NMI (acpi_id[0xff] dfl dfl lint[0x1])
[    0.575835] IOAPIC[0]: apic_id 0, version 17, address 0xfec00000, GSI 0-23
[    0.576405] ACPI: INT_SRC_OVR (bus 0 bus_irq 0 global_irq 2 dfl dfl)
[    0.576919] ACPI: INT_SRC_OVR (bus 0 bus_irq 5 global_irq 5 high level)
[    0.577450] ACPI: INT_SRC_OVR (bus 0 bus_irq 9 global_irq 9 high level)
[    0.577981] ACPI: INT_SRC_OVR (bus 0 bus_irq 10 global_irq 10 high level)
[    0.578527] ACPI: INT_SRC_OVR (bus 0 bus_irq 11 global_irq 11 high level)
[    0.579079] ACPI: Using ACPI (MADT) for SMP configuration information
[    0.579600] ACPI: HPET id: 0x8086a201 base: 0xfed00000
[    0.580022] TSC deadline timer available
[    0.580342] CPU topo: Max. logical packages:   1
[    0.580714] CPU topo: Max. logical dies:       1
[    0.581082] CPU topo: Max. dies per package:   1
[    0.581457] CPU topo: Max. threads per core:   1
[    0.581826] CPU topo: Num. cores per package:     2
[    0.582215] CPU topo: Num. threads per package:   2
[    0.582608] CPU topo: Allowing 2 present CPUs plus 0 hotplug CPUs
[    0.583155] kvm-guest: APIC: eoi() replaced with kvm_guest_apic_eoi_write()
[    0.583746] kvm-guest: KVM setup pv remote TLB flush
[    0.584146] kvm-guest: setup PV sched yield
[    0.584527] PM: hibernation: Registered nosave memory: [mem 0x00000000-0x00000fff]
[    0.585135] PM: hibernation: Registered nosave memory: [mem 0x0009f000-0x0009ffff]
[    0.585745] PM: hibernation: Registered nosave memory: [mem 0x000a0000-0x000effff]
[    0.586347] PM: hibernation: Registered nosave memory: [mem 0x000f0000-0x000fffff]
[    0.586955] [mem 0x80000000-0xfeffbfff] available for PCI devices
[    0.587445] Booting paravirtualized kernel on KVM
[    0.587834] clocksource: refined-jiffies: mask: 0xffffffff max_cycles: 0xffffffff, max_idle_ns: 7645519600211568 ns
[    0.588679] setup_percpu: NR_CPUS:8192 nr_cpumask_bits:2 nr_cpu_ids:2 nr_node_ids:1
[    0.591387] percpu: Embedded 85 pages/cpu s311296 r8192 d28672 u1048576
[    0.592058] kvm-guest: PV spinlocks enabled
[    0.592409] PV qspinlock hash table entries: 256 (order: 0, 4096 bytes, linear)
[    0.593007] Kernel command line: net.ifnames=0 console=ttyS0 root=/dev/sda earlyprintk=serial net.ifnames=0 plymouth.enable=0
[    0.594190] random: crng init done
[    0.594476] printk: log buffer data + meta data: 262144 + 917504 = 1179648 bytes
[    0.597097] Dentry cache hash table entries: 262144 (order: 9, 2097152 bytes, linear)
[    0.598574] Inode-cache hash table entries: 131072 (order: 8, 1048576 bytes, linear)
[    0.599523] Fallback order for Node 0: 0 
[    0.599533] Built 1 zonelists, mobility grouping on.  Total pages: 524158
[    0.600365] Policy zone: DMA32
[    0.600617] mem auto-init: stack:off, heap alloc:off, heap free:off
[    0.601101] stackdepot: allocating hash table via alloc_large_system_hash
[    0.601634] stackdepot hash table entries: 1048576 (order: 12, 16777216 bytes, linear)
[    0.760130] SLUB: HWalign=64, Order=0-3, MinObjects=0, CPUs=2, Nodes=1
[    0.760654] kmemleak: Kernel memory leak detector disabled
[    0.761255] ftrace: allocating 73615 entries in 288 pages
[    0.900070] ftrace: allocated 288 pages with 2 groups
[    0.904465] Dynamic Preempt: voluntary
[    0.905154] Running RCU self tests
[    0.905415] Running RCU synchronous self tests
[    0.905741] rcu: Preemptible hierarchical RCU implementation.
[    0.906161] rcu: 	RCU lockdep checking is enabled.
[    0.906517] rcu: 	RCU restricting CPUs from NR_CPUS=8192 to nr_cpu_ids=2.
[    0.907016] 	Trampoline variant of Tasks RCU enabled.
[    0.907383] 	Rude variant of Tasks RCU enabled.
[    0.907718] 	Tracing variant of Tasks RCU enabled.
[    0.908066] rcu: RCU calculated value of scheduler-enlistment delay is 25 jiffies.
[    0.908619] rcu: Adjusting geometry for rcu_fanout_leaf=16, nr_cpu_ids=2
[    0.909158] Running RCU synchronous self tests
[    0.909490] RCU Tasks: Setting shift to 1 and lim to 1 rcu_task_cb_adjust=1 rcu_task_cpu_ids=2.
[    0.910125] RCU Tasks Rude: Setting shift to 1 and lim to 1 rcu_task_cb_adjust=1 rcu_task_cpu_ids=2.
[    0.910794] RCU Tasks Trace: Setting shift to 1 and lim to 1 rcu_task_cb_adjust=1 rcu_task_cpu_ids=2.
[    0.967411] NR_IRQS: 524544, nr_irqs: 440, preallocated irqs: 16
[    0.968349] rcu: srcu_init: Setting srcu_struct sizes based on contention.
[    0.975153] Console: colour VGA+ 80x25
[    0.975507] printk: legacy console [ttyS0] enabled
[    0.975507] printk: legacy console [ttyS0] enabled
[    0.976226] printk: legacy bootconsole [earlyser0] disabled
[    0.976226] printk: legacy bootconsole [earlyser0] disabled
[    0.977067] Lock dependency validator: Copyright (c) 2006 Red Hat, Inc., Ingo Molnar
[    0.977652] ... MAX_LOCKDEP_SUBCLASSES:  8
[    0.977964] ... MAX_LOCK_DEPTH:          48
[    0.978283] ... MAX_LOCKDEP_KEYS:        8192
[    0.978617] ... CLASSHASH_SIZE:          4096
[    0.978949] ... MAX_LOCKDEP_ENTRIES:     524288
[    0.979293] ... MAX_LOCKDEP_CHAINS:      524288
[    0.979640] ... CHAINHASH_SIZE:          262144
[    0.979983]  memory used by lock dependency info: 54145 kB
[    0.980395]  memory used for stack traces: 4224 kB
[    0.980764]  per task-struct memory footprint: 1920 bytes
[    0.981254] ACPI: Core revision 20240827
[    0.981923] clocksource: hpet: mask: 0xffffffff max_cycles: 0xffffffff, max_idle_ns: 19112604467 ns
[    0.982767] APIC: Switch to symmetric I/O mode setup
[    0.983320] x2apic enabled
[    0.983882] APIC: Switched APIC routing to: physical x2apic
[    0.984319] kvm-guest: APIC: send_IPI_mask() replaced with kvm_send_ipi_mask()
[    0.984877] kvm-guest: APIC: send_IPI_mask_allbutself() replaced with kvm_send_ipi_mask_allbutself()
[    0.985562] kvm-guest: setup PV IPIs
[    0.986783] ..TIMER: vector=0x30 apic1=0 pin1=2 apic2=-1 pin2=-1
[    0.987251] clocksource: tsc-early: mask: 0xffffffffffffffff max_cycles: 0x12441513526, max_idle_ns: 440795239872 ns
[    0.988050] Calibrating delay loop (skipped) preset value.. 2534.40 BogoMIPS (lpj=5068800)
[    0.988806] CPU0: Thermal monitoring enabled (TM1)
[    0.989185] x86/cpu: User Mode Instruction Prevention (UMIP) activated
[    0.989778] Last level iTLB entries: 4KB 0, 2MB 0, 4MB 0
[    0.990181] Last level dTLB entries: 4KB 0, 2MB 0, 4MB 0, 1GB 0
[    0.990642] Spectre V1 : Mitigation: usercopy/swapgs barriers and __user pointer sanitization
[    0.992069] Spectre V2 : WARNING: Unprivileged eBPF is enabled with eIBRS on, data leaks possible via Spectre v2 BHB attacks!
[    0.992904] Spectre V2 : Spectre BHI mitigation: SW BHB clearing on syscall and VM exit
[    0.993483] Spectre V2 : Mitigation: Enhanced / Automatic IBRS
[    0.993905] Spectre V2 : Spectre v2 / SpectreRSB mitigation: Filling RSB on context switch
[    0.994498] Spectre V2 : Spectre v2 / PBRSB-eIBRS: Retire a single CALL on VMEXIT
[    0.995045] Spectre V2 : mitigation: Enabling conditional Indirect Branch Prediction Barrier
[    0.996043] Speculative Store Bypass: Mitigation: Speculative Store Bypass disabled via prctl
[    0.996725] MMIO Stale Data: Unknown: No mitigations
[    0.997171] x86/fpu: Supporting XSAVE feature 0x001: 'x87 floating point registers'
[    0.997757] x86/fpu: Supporting XSAVE feature 0x002: 'SSE registers'
[    0.998229] x86/fpu: Supporting XSAVE feature 0x004: 'AVX registers'
[    0.998706] x86/fpu: Supporting XSAVE feature 0x200: 'Protection Keys User registers'
[    0.999287] x86/fpu: xstate_offset[2]:  576, xstate_sizes[2]:  256
[    1.000039] x86/fpu: xstate_offset[9]:  832, xstate_sizes[9]:    8
[    1.000501] x86/fpu: Enabled xstate features 0x207, context size is 840 bytes, using 'compacted' format.
[    1.116806] Freeing SMP alternatives memory: 60K
[    1.117173] pid_max: default: 32768 minimum: 301
[    1.117739] LSM: initializing lsm=capability,yama,ima,evm
[    1.118241] Yama: becoming mindful.
[    1.118897] Mount-cache hash table entries: 4096 (order: 3, 32768 bytes, linear)
[    1.119457] Mountpoint-cache hash table entries: 4096 (order: 3, 32768 bytes, linear)
[    1.122214] Running RCU synchronous self tests
[    1.122563] Running RCU synchronous self tests
[    1.123234] smpboot: CPU0: Genuine Intel(R) 0000 @ (family: 0x6, model: 0xc6, stepping: 0x0)
[    1.124036] Running RCU Tasks wait API self tests
[    1.224187] Running RCU Tasks Rude wait API self tests
[    1.224652] Running RCU Tasks Trace wait API self tests
[    1.225086] Performance Events: unsupported p6 CPU model 198 no PMU driver, software events only.
[    1.225835] signal: max sigframe size: 3632
[    1.226410] rcu: Hierarchical SRCU implementation.
[    1.226764] rcu: 	Max phase no-delay instances is 1000.
[    1.227433] Timer migration: 1 hierarchy levels; 8 children per group; 1 crossnode level
[    1.229703] NMI watchdog: Perf NMI watchdog permanently disabled
[    1.230354] smp: Bringing up secondary CPUs ...
[    1.232310] smpboot: x86: Booting SMP configuration:
[    1.232685] .... node  #0, CPUs:      #1
[    1.232787] Callback from call_rcu_tasks_trace() invoked.
[    1.233527] smp: Brought up 1 node, 2 CPUs
[    1.233527] smpboot: Total of 2 processors activated (5068.80 BogoMIPS)
[    1.236472] Memory: 1552408K/2096632K available (77704K kernel code, 15197K rwdata, 18104K rodata, 15836K init, 69016K bss, 537208K reserved, 0K cma-reserved)
[    1.238933] devtmpfs: initialized
[    1.240645] x86/mm: Memory block size: 128MB
[    1.248622] Running RCU synchronous self tests
[    1.248936] Running RCU synchronous self tests
[    1.249668] clocksource: jiffies: mask: 0xffffffff max_cycles: 0xffffffff, max_idle_ns: 7645041785100000 ns
[    1.249668] futex hash table entries: 512 (order: 4, 65536 bytes, linear)
[    1.252827] pinctrl core: initialized pinctrl subsystem
[    1.256102] 
[    1.256102] *************************************************************
[    1.256102] **     NOTICE NOTICE NOTICE NOTICE NOTICE NOTICE NOTICE    **
[    1.256102] **                                                         **
[    1.256230] **  IOMMU DebugFS SUPPORT HAS BEEN ENABLED IN THIS KERNEL  **
[    1.256520] **                                                         **
[    1.256997] ** This means that this kernel is built to expose internal **
[    1.257473] ** IOMMU data structures, which may compromise security on **
[    1.257944] ** your system.                                            **
[    1.258419] **                                                         **
[    1.258896] ** If you see this message and you are not debugging the   **
[    1.259373] ** kernel, report this immediately to your vendor!         **
[    1.259849] **                                                         **
[    1.260042] **     NOTICE NOTICE NOTICE NOTICE NOTICE NOTICE NOTICE    **
[    1.260522] *************************************************************
[    1.261063] PM: RTC time: 06:22:22, date: 2025-03-13
[    1.265718] NET: Registered PF_NETLINK/PF_ROUTE protocol family
[    1.267044] DMA: preallocated 256 KiB GFP_KERNEL pool for atomic allocations
[    1.267566] DMA: preallocated 256 KiB GFP_KERNEL|GFP_DMA pool for atomic allocations
[    1.268081] DMA: preallocated 256 KiB GFP_KERNEL|GFP_DMA32 pool for atomic allocations
[    1.268729] audit: initializing netlink subsys (disabled)
[    1.272143] audit: type=2000 audit(1741846942.606:1): state=initialized audit_enabled=0 res=1
[    1.274351] thermal_sys: Registered thermal governor 'fair_share'
[    1.274359] thermal_sys: Registered thermal governor 'bang_bang'
[    1.274819] thermal_sys: Registered thermal governor 'step_wise'
[    1.275254] thermal_sys: Registered thermal governor 'user_space'
[    1.276121] cpuidle: using governor ladder
[    1.276874] cpuidle: using governor menu
[    1.276887] acpiphp: ACPI Hot Plug PCI Controller Driver version: 0.5
[    1.277994] PCI: Using configuration type 1 for base access
[    1.280204] kprobes: kprobe jump-optimization is enabled. All kprobes are optimized if possible.
[    1.370099] HugeTLB: allocation took 0ms with hugepage_allocation_threads=1
[    1.370658] HugeTLB: registered 1.00 GiB page size, pre-allocated 0 pages
[    1.371159] HugeTLB: 16380 KiB vmemmap can be freed for a 1.00 GiB page
[    1.371658] HugeTLB: registered 2.00 MiB page size, pre-allocated 0 pages
[    1.372043] HugeTLB: 28 KiB vmemmap can be freed for a 2.00 MiB page
[    1.382367] ACPI: Added _OSI(Module Device)
[    1.382726] ACPI: Added _OSI(Processor Device)
[    1.383070] ACPI: Added _OSI(3.0 _SCP Extensions)
[    1.383435] ACPI: Added _OSI(Processor Aggregator Device)
[    1.393550] ACPI: 1 ACPI AML tables successfully acquired and loaded
[    1.398691] ACPI: Interpreter enabled
[    1.399082] ACPI: PM: (supports S0 S3 S4 S5)
[    1.399405] ACPI: Using IOAPIC for interrupt routing
[    1.399856] PCI: Using host bridge windows from ACPI; if necessary, use "pci=nocrs" and report a bug
[    1.400046] PCI: Using E820 reservations for host bridge windows
[    1.401369] ACPI: Enabled 2 GPEs in block 00 to 0F
[    1.428059] ACPI: PCI Root Bridge [PCI0] (domain 0000 [bus 00-ff])
[    1.428591] acpi PNP0A03:00: _OSC: OS supports [ASPM ClockPM Segments MSI EDR HPX-Type3]
[    1.429195] acpi PNP0A03:00: _OSC: not requesting OS control; OS requires [ExtendedConfig ASPM ClockPM MSI]
[    1.430055] acpi PNP0A03:00: fail to add MMCONFIG information, can't access extended configuration space under this bridge
[    1.434273] acpiphp: Slot [3] registered
[    1.434681] acpiphp: Slot [4] registered
[    1.435076] acpiphp: Slot [5] registered
[    1.435495] acpiphp: Slot [6] registered
[    1.435887] acpiphp: Slot [7] registered
[    1.436138] acpiphp: Slot [8] registered
[    1.436542] acpiphp: Slot [9] registered
[    1.436960] acpiphp: Slot [10] registered
[    1.437365] acpiphp: Slot [11] registered
[    1.437773] acpiphp: Slot [12] registered
[    1.438177] acpiphp: Slot [13] registered
[    1.438609] acpiphp: Slot [14] registered
[    1.439018] acpiphp: Slot [15] registered
[    1.439429] acpiphp: Slot [16] registered
[    1.439829] acpiphp: Slot [17] registered
[    1.440158] acpiphp: Slot [18] registered
[    1.440560] acpiphp: Slot [19] registered
[    1.440962] acpiphp: Slot [20] registered
[    1.441368] acpiphp: Slot [21] registered
[    1.441791] acpiphp: Slot [22] registered
[    1.442195] acpiphp: Slot [23] registered
[    1.442594] acpiphp: Slot [24] registered
[    1.443008] acpiphp: Slot [25] registered
[    1.443443] acpiphp: Slot [26] registered
[    1.443848] acpiphp: Slot [27] registered
[    1.444131] acpiphp: Slot [28] registered
[    1.444536] acpiphp: Slot [29] registered
[    1.444984] acpiphp: Slot [30] registered
[    1.445391] acpiphp: Slot [31] registered
[    1.445767] PCI host bridge to bus 0000:00
[    1.446208] pci_bus 0000:00: root bus resource [io  0x0000-0x0cf7 window]
[    1.446736] pci_bus 0000:00: root bus resource [io  0x0d00-0xffff window]
[    1.447272] pci_bus 0000:00: root bus resource [mem 0x000a0000-0x000bffff window]
[    1.447854] pci_bus 0000:00: root bus resource [mem 0x80000000-0xfebfffff window]
[    1.448047] pci_bus 0000:00: root bus resource [mem 0x100000000-0x17fffffff window]
[    1.448646] pci_bus 0000:00: root bus resource [bus 00-ff]
[    1.449187] pci 0000:00:00.0: [8086:1237] type 00 class 0x060000 conventional PCI endpoint
[    1.456193] pci 0000:00:01.0: [8086:7000] type 00 class 0x060100 conventional PCI endpoint
[    1.457788] pci 0000:00:01.1: [8086:7010] type 00 class 0x010180 conventional PCI endpoint
[    1.458938] pci 0000:00:01.1: BAR 4 [io  0xc040-0xc04f]
[    1.459378] pci 0000:00:01.1: BAR 0 [io  0x01f0-0x01f7]: legacy IDE quirk
[    1.459899] pci 0000:00:01.1: BAR 1 [io  0x03f6]: legacy IDE quirk
[    1.460047] pci 0000:00:01.1: BAR 2 [io  0x0170-0x0177]: legacy IDE quirk
[    1.460576] pci 0000:00:01.1: BAR 3 [io  0x0376]: legacy IDE quirk
[    1.461404] pci 0000:00:01.3: [8086:7113] type 00 class 0x068000 conventional PCI endpoint
[    1.462305] pci 0000:00:01.3: quirk: [io  0x0600-0x063f] claimed by PIIX4 ACPI
[    1.462877] pci 0000:00:01.3: quirk: [io  0x0700-0x070f] claimed by PIIX4 SMB
[    1.463807] pci 0000:00:02.0: [1234:1111] type 00 class 0x030000 conventional PCI endpoint
[    1.469158] pci 0000:00:02.0: BAR 0 [mem 0xfd000000-0xfdffffff pref]
[    1.469807] pci 0000:00:02.0: BAR 2 [mem 0xfebf0000-0xfebf0fff]
[    1.470284] pci 0000:00:02.0: ROM [mem 0xfebe0000-0xfebeffff pref]
[    1.471141] pci 0000:00:02.0: Video device with shadowed ROM at [mem 0x000c0000-0x000dffff]
[    1.479783] pci 0000:00:03.0: [8086:100e] type 00 class 0x020000 conventional PCI endpoint
[    1.482293] pci 0000:00:03.0: BAR 0 [mem 0xfebc0000-0xfebdffff]
[    1.482761] pci 0000:00:03.0: BAR 1 [io  0xc000-0xc03f]
[    1.483188] pci 0000:00:03.0: ROM [mem 0xfeb80000-0xfebbffff pref]
[    1.500394] ACPI: PCI: Interrupt link LNKA configured for IRQ 10
[    1.501698] ACPI: PCI: Interrupt link LNKB configured for IRQ 10
[    1.502818] ACPI: PCI: Interrupt link LNKC configured for IRQ 11
[    1.503885] ACPI: PCI: Interrupt link LNKD configured for IRQ 11
[    1.504340] ACPI: PCI: Interrupt link LNKS configured for IRQ 9
[    1.508293] iommu: Default domain type: Translated
[    1.508689] iommu: DMA domain TLB invalidation policy: lazy mode
[    1.512693] SCSI subsystem initialized
[    1.513671] ACPI: bus type USB registered
[    1.514201] usbcore: registered new interface driver usbfs
[    1.514735] usbcore: registered new interface driver hub
[    1.515207] usbcore: registered new device driver usb
[    1.516033] pps_core: LinuxPPS API ver. 1 registered
[    1.516046] pps_core: Software ver. 5.3.6 - Copyright 2005-2007 Rodolfo Giometti <giometti@linux.it>
[    1.516789] PTP clock support registered
[    1.517606] EDAC MC: Ver: 3.0.0
[    1.521627] NetLabel: Initializing
[    1.521918] NetLabel:  domain hash size = 128
[    1.522253] NetLabel:  protocols = UNLABELED CIPSOv4 CALIPSO
[    1.522867] NetLabel:  unlabeled traffic allowed by default
[    1.524113] PCI: Using ACPI for IRQ routing
[    1.524890] pci 0000:00:02.0: vgaarb: setting as boot VGA device
[    1.525372] pci 0000:00:02.0: vgaarb: bridge control possible
[    1.525820] pci 0000:00:02.0: vgaarb: VGA device added: decodes=io+mem,owns=io+mem,locks=none
[    1.526449] vgaarb: loaded
[    1.527681] hpet0: at MMIO 0xfed00000, IRQs 2, 8, 0
[    1.528047] hpet0: 3 comparators, 64-bit 100.000000 MHz counter
[    1.533654] clocksource: Switched to clocksource kvm-clock
[    3.305181] VFS: Disk quotas dquot_6.6.0
[    3.305588] VFS: Dquot-cache hash table entries: 512 (order 0, 4096 bytes)
[    3.307556] pnp: PnP ACPI init
[    3.310746] pnp: PnP ACPI: found 6 devices
[    3.360398] Callback from call_rcu_tasks() invoked.
[    3.383609] clocksource: acpi_pm: mask: 0xffffff max_cycles: 0xffffff, max_idle_ns: 2085701024 ns
[    3.384814] NET: Registered PF_INET protocol family
[    3.385558] IP idents hash table entries: 32768 (order: 6, 262144 bytes, linear)
[    3.387671] tcp_listen_portaddr_hash hash table entries: 1024 (order: 4, 73728 bytes, linear)
[    3.388401] Table-perturb hash table entries: 65536 (order: 6, 262144 bytes, linear)
[    3.389109] TCP established hash table entries: 16384 (order: 5, 131072 bytes, linear)
[    3.390677] TCP bind hash table entries: 16384 (order: 9, 2359296 bytes, linear)
[    3.393777] TCP: Hash tables configured (established 16384 bind 16384)
[    3.394484] UDP hash table entries: 1024 (order: 6, 262144 bytes, linear)
[    3.395199] UDP-Lite hash table entries: 1024 (order: 6, 262144 bytes, linear)
[    3.396275] NET: Registered PF_UNIX/PF_LOCAL protocol family
[    3.398715] RPC: Registered named UNIX socket transport module.
[    3.399231] RPC: Registered udp transport module.
[    3.399590] RPC: Registered tcp transport module.
[    3.399946] RPC: Registered tcp-with-tls transport module.
[    3.400364] RPC: Registered tcp NFSv4.1 backchannel transport module.
[    3.400903] pci_bus 0000:00: resource 4 [io  0x0000-0x0cf7 window]
[    3.401382] pci_bus 0000:00: resource 5 [io  0x0d00-0xffff window]
[    3.401851] pci_bus 0000:00: resource 6 [mem 0x000a0000-0x000bffff window]
[    3.402379] pci_bus 0000:00: resource 7 [mem 0x80000000-0xfebfffff window]
[    3.402901] pci_bus 0000:00: resource 8 [mem 0x100000000-0x17fffffff window]
[    3.403761] pci 0000:00:01.0: PIIX3: Enabling Passive Release
[    3.404203] pci 0000:00:00.0: Limiting direct PCI/PCI transfers
[    3.404725] PCI: CLS 0 bytes, default 64
[    3.405192] ACPI: bus type thunderbolt registered
[    3.405874] clocksource: tsc: mask: 0xffffffffffffffff max_cycles: 0x12441513526, max_idle_ns: 440795239872 ns
[    3.413126] Initialise system trusted keyrings
[    3.413600] Key type blacklist registered
[    3.414476] workingset: timestamp_bits=36 max_order=19 bucket_order=0
[    3.416972] squashfs: version 4.0 (2009/01/31) Phillip Lougher
[    3.419359] NFS: Registering the id_resolver key type
[    3.419789] Key type id_resolver registered
[    3.420109] Key type id_legacy registered
[    3.420471] nfs4filelayout_init: NFSv4 File Layout Driver Registering...
[    3.421019] nfs4flexfilelayout_init: NFSv4 Flexfile Layout Driver Registering...
[    3.422033] fuse: init (API version 7.42)
[    3.422940] SGI XFS with ACLs, security attributes, realtime, quota, no debug enabled
[    3.425359] 9p: Installing v9fs 9p2000 file system support
[    3.435425] Key type asymmetric registered
[    3.435760] Asymmetric key parser 'x509' registered
[    3.436298] Block layer SCSI generic (bsg) driver version 0.4 loaded (major 242)
[    3.437297] io scheduler mq-deadline registered
[    3.437765] io scheduler bfq registered
[    3.438909] ledtrig-cpu: registered to indicate activity on CPUs
[    3.439794] shpchp: Standard Hot Plug PCI Controller Driver version: 0.4
[    3.441082] IPMI message handler: version 39.2
[    3.441523] ipmi device interface
[    3.444389] input: Power Button as /devices/LNXSYSTM:00/LNXPWRBN:00/input/input0
[    3.446026] ACPI: button: Power Button [PWRF]
[    3.448702] ERST DBG: ERST support is disabled.
[    3.450388] Serial: 8250/16550 driver, 32 ports, IRQ sharing enabled
[    3.452334] 00:04: ttyS0 at I/O 0x3f8 (irq = 4, base_baud = 115200) is a 16550A
[    3.482965] Linux agpgart interface v0.103
[    3.486341] ACPI: bus type drm_connector registered
[    3.507085] brd: module loaded
[    3.520555] loop: module loaded
[    3.532295] scsi host0: ata_piix
[    3.535229] scsi host1: ata_piix
[    3.535802] ata1: PATA max MWDMA2 cmd 0x1f0 ctl 0x3f6 bmdma 0xc040 irq 14 lpm-pol 0
[    3.536365] ata2: PATA max MWDMA2 cmd 0x170 ctl 0x376 bmdma 0xc048 irq 15 lpm-pol 0
[    3.539499] tun: Universal TUN/TAP device driver, 1.6
[    3.540577] e100: Intel(R) PRO/100 Network Driver
[    3.540931] e100: Copyright(c) 1999-2006 Intel Corporation
[    3.541386] e1000: Intel(R) PRO/1000 Network Driver
[    3.541743] e1000: Copyright (c) 1999-2006 Intel Corporation.
[    3.691453] ata2: found unknown device (class 0)
[    3.692332] ata1: found unknown device (class 0)
[    3.693108] ata1.00: ATA-7: QEMU HARDDISK, 2.5+, max UDMA/100
[    3.693543] ata1.00: 17196647 sectors, multi 16: LBA48 
[    3.694335] ata2.00: ATAPI: QEMU DVD-ROM, 2.5+, max UDMA/100
[    3.696410] scsi 0:0:0:0: Direct-Access     ATA      QEMU HARDDISK    2.5+ PQ: 0 ANSI: 5
[    3.698770] sd 0:0:0:0: Attached scsi generic sg0 type 0
[    3.699349] sd 0:0:0:0: [sda] 17196647 512-byte logical blocks: (8.80 GB/8.20 GiB)
[    3.700622] sd 0:0:0:0: [sda] Write Protect is off
[    3.701066] scsi 1:0:0:0: CD-ROM            QEMU     QEMU DVD-ROM     2.5+ PQ: 0 ANSI: 5
[    3.702056] sd 0:0:0:0: [sda] Write cache: enabled, read cache: enabled, doesn't support DPO or FUA
[    3.702974] sd 0:0:0:0: [sda] Preferred minimum I/O size 512 bytes
[    3.725176] scsi 1:0:0:0: Attached scsi generic sg1 type 5
[    3.731387] sd 0:0:0:0: [sda] Attached SCSI disk
[    4.007802] ACPI: \_SB_.LNKC: Enabled at IRQ 11
[    4.314401] e1000 0000:00:03.0 eth0: (PCI:33MHz:32-bit) 52:54:00:12:34:56
[    4.314945] e1000 0000:00:03.0 eth0: Intel(R) PRO/1000 Network Connection
[    4.315567] e1000e: Intel(R) PRO/1000 Network Driver
[    4.315916] e1000e: Copyright(c) 1999 - 2015 Intel Corporation.
[    4.316409] igb: Intel(R) Gigabit Ethernet Network Driver
[    4.316793] igb: Copyright (c) 2007-2014 Intel Corporation.
[    4.317373] PPP generic driver version 2.4.2
[    4.319266] VFIO - User Level meta-driver version: 0.3
[    4.320997] usbcore: registered new interface driver uas
[    4.321462] usbcore: registered new interface driver usb-storage
[    4.322169] i8042: PNP: PS/2 Controller [PNP0303:KBD,PNP0f13:MOU] at 0x60,0x64 irq 1,12
[    4.323537] serio: i8042 KBD port at 0x60,0x64 irq 1
[    4.323942] serio: i8042 AUX port at 0x60,0x64 irq 12
[    4.325203] mousedev: PS/2 mouse device common for all mice
[    4.326838] rtc_cmos 00:05: RTC can wake from S4
[    4.328381] input: AT Translated Set 2 keyboard as /devices/platform/i8042/serio0/input/input1
[    4.329704] rtc_cmos 00:05: registered as rtc0
[    4.330103] rtc_cmos 00:05: setting system clock to 2025-03-13T06:22:25 UTC (1741846945)
[    4.331412] rtc_cmos 00:05: alarms up to one day, y3k, 242 bytes nvram, hpet irqs
[    4.332025] i2c_dev: i2c /dev entries driver
[    4.332932] input: VirtualPS/2 VMware VMMouse as /devices/platform/i8042/serio1/input/input4
[    4.334000] device-mapper: core: CONFIG_IMA_DISABLE_HTABLE is disabled. Duplicate IMA measurements will not be recorded in the IMA log.
[    4.334893] device-mapper: uevent: version 1.0.3
[    4.335731] device-mapper: ioctl: 4.49.0-ioctl (2025-01-17) initialised: dm-devel@lists.linux.dev
[    4.336173] input: VirtualPS/2 VMware VMMouse as /devices/platform/i8042/serio1/input/input3
[    4.336500] intel_pstate: CPU model not supported
[    4.337637] sdhci: Secure Digital Host Controller Interface driver
[    4.338074] sdhci: Copyright(c) Pierre Ossman
[    4.338502] sdhci-pltfm: SDHCI platform and OF driver helper
[    4.339375] drop_monitor: Initializing network drop monitor service
[    4.340197] NET: Registered PF_INET6 protocol family
[    4.346642] Segment Routing with IPv6
[    4.346994] In-situ OAM (IOAM) with IPv6
[    4.347397] NET: Registered PF_PACKET protocol family
[    4.348228] 9pnet: Installing 9P2000 support
[    4.348696] Key type dns_resolver registered
[    4.350656] IPI shorthand broadcast: enabled
[    4.379165] sched_clock: Marking stable (4360003827, 15166418)->(4398400356, -23230111)
[    4.381277] registered taskstats version 1
[    4.382168] Loading compiled-in X.509 certificates
[    4.415893] Demotion targets for Node 0: null
[    4.417969] Key type .fscrypt registered
[    4.418325] Key type fscrypt-provisioning registered
[    4.454503] Key type encrypted registered
[    4.454914] ima: No TPM chip found, activating TPM-bypass!
[    4.455369] ima: Allocated hash algorithm: sha1
[    4.455789] ima: No architecture policies found
[    4.456277] evm: Initialising EVM extended attributes:
[    4.456644] evm: security.selinux
[    4.456885] evm: security.SMACK64
[    4.457125] evm: security.SMACK64EXEC
[    4.457390] evm: security.SMACK64TRANSMUTE
[    4.457682] evm: security.SMACK64MMAP
[    4.457944] evm: security.apparmor
[    4.458191] evm: security.ima
[    4.458406] evm: security.capability
[    4.458664] evm: HMAC attrs: 0x1
[    4.460984] PM:   Magic number: 1:415:367
[    4.462607] RAS: Correctable Errors collector initialized.
[    4.463960] clk: Disabling unused clocks
[    4.464280] PM: genpd: Disabling unused power domains
[    4.465256] md: Waiting for all devices to be available before autodetect
[    4.465599] md: If you don't use raid, use raid=noautodetect
[    4.465872] md: Autodetecting RAID arrays.
[    4.466080] md: autorun ...
[    4.466225] md: ... autorun DONE.
[    4.483732] EXT4-fs (sda): mounted filesystem 088740a9-c8b4-422c-999d-a804eb68a4da ro with ordered data mode. Quota mode: none.
[    4.484377] VFS: Mounted root (ext4 filesystem) readonly on device 8:0.
[    4.488301] devtmpfs: mounted
[    4.510738] Freeing unused decrypted memory: 2028K
[    4.522655] Freeing unused kernel image (initmem) memory: 15836K
[    4.523117] Write protecting the kernel read-only data: 96256k
[    4.524806] Freeing unused kernel image (text/rodata gap) memory: 116K
[    4.525740] Freeing unused kernel image (rodata/data gap) memory: 328K
[    4.578918] x86/mm: Checked W+X mappings: passed, no W+X pages found.
[    4.579312] Run /sbin/init as init process
[    4.825157] systemd[1]: systemd 252-15.el9 running in system mode (+PAM +AUDIT +SELINUX -APPARMOR +IMA +SMACK +SECCOMP +GCRYPT +GNUTLS +OPENSSL +ACL +BLKID +CURL +ELFUTILS -FIDO2 +IDN2 -IDN -IPTC +KMOD +LIBCRYPTSETUP +LIBFDISK +PCRE2 -PWQUALITY +P11KIT -QRENCODE +TPM2 +BZIP2 +LZ4 +XZ +ZLIB +ZSTD -BPF_FRAMEWORK +XKBCOMMON +UTMP +SYSVINIT default-hierarchy=unified)
[    4.826645] systemd[1]: Detected virtualization kvm.
[    4.826905] systemd[1]: Detected architecture x86-64.

Welcome to [0;31mCentOS Stream 9[0m!

[    4.835360] systemd[1]: Hostname set to <test>.
[    5.060250] systemd-rc-local-generator[127]: /etc/rc.d/rc.local is not marked executable, skipping.
[    5.480264] systemd[1]: Queued start job for default target Multi-User System.
[    5.526012] systemd[1]: Created slice Virtual Machine and Container Slice.
[[0;32m  OK  [0m] Created slice [0;1;39mVirtual Machine and Container Slice[0m.
[    5.530848] systemd[1]: Created slice Slice /system/getty.
[[0;32m  OK  [0m] Created slice [0;1;39mSlice /system/getty[0m.
[    5.533600] systemd[1]: Created slice Slice /system/modprobe.
[[0;32m  OK  [0m] Created slice [0;1;39mSlice /system/modprobe[0m.
[    5.536151] systemd[1]: Created slice Slice /system/serial-getty.
[[0;32m  OK  [0m] Created slice [0;1;39mSlice /system/serial-getty[0m.
[    5.538535] systemd[1]: Created slice Slice /system/sshd-keygen.
[[0;32m  OK  [0m] Created slice [0;1;39mSlice /system/sshd-keygen[0m.
[    5.541204] systemd[1]: Created slice User and Session Slice.
[[0;32m  OK  [0m] Created slice [0;1;39mUser and Session Slice[0m.
[    5.542515] systemd[1]: Started Forward Password Requests to Wall Directory Watch.
[[0;32m  OK  [0m] Started [0;1;39mForward Password R…uests to Wall Directory Watch[0m.
[    5.544736] systemd[1]: Set up automount Arbitrary Executable File Formats File System Automount Point.
[[0;32m  OK  [0m] Set up automount [0;1;39mArbitrary…s File System Automount Point[0m.
[    5.546045] systemd[1]: Reached target Local Integrity Protected Volumes.
[[0;32m  OK  [0m] Reached target [0;1;39mLocal Integrity Protected Volumes[0m.
[    5.547124] systemd[1]: Reached target Slice Units.
[[0;32m  OK  [0m] Reached target [0;1;39mSlice Units[0m.
[    5.548231] systemd[1]: Reached target Swaps.
[[0;32m  OK  [0m] Reached target [0;1;39mSwaps[0m.
[    5.549135] systemd[1]: Reached target Local Verity Protected Volumes.
[[0;32m  OK  [0m] Reached target [0;1;39mLocal Verity Protected Volumes[0m.
[    5.550655] systemd[1]: Listening on Device-mapper event daemon FIFOs.
[[0;32m  OK  [0m] Listening on [0;1;39mDevice-mapper event daemon FIFOs[0m.
[    5.552414] systemd[1]: Listening on LVM2 poll daemon socket.
[[0;32m  OK  [0m] Listening on [0;1;39mLVM2 poll daemon socket[0m.
[    5.553581] systemd[1]: multipathd control socket was skipped because of an unmet condition check (ConditionPathExists=/etc/multipath.conf).
[    5.594806] systemd[1]: Listening on RPCbind Server Activation Socket.
[[0;32m  OK  [0m] Listening on [0;1;39mRPCbind Server Activation Socket[0m.
[    5.596097] systemd[1]: Reached target RPC Port Mapper.
[[0;32m  OK  [0m] Reached target [0;1;39mRPC Port Mapper[0m.
[    5.599624] systemd[1]: Listening on Process Core Dump Socket.
[[0;32m  OK  [0m] Listening on [0;1;39mProcess Core Dump Socket[0m.
[    5.600823] systemd[1]: Listening on initctl Compatibility Named Pipe.
[[0;32m  OK  [0m] Listening on [0;1;39minitctl Compatibility Named Pipe[0m.
[    5.602232] systemd[1]: Listening on Journal Socket (/dev/log).
[[0;32m  OK  [0m] Listening on [0;1;39mJournal Socket (/dev/log)[0m.
[    5.603536] systemd[1]: Listening on Journal Socket.
[[0;32m  OK  [0m] Listening on [0;1;39mJournal Socket[0m.
[    5.604929] systemd[1]: Listening on udev Control Socket.
[[0;32m  OK  [0m] Listening on [0;1;39mudev Control Socket[0m.
[    5.605998] systemd[1]: Listening on udev Kernel Socket.
[[0;32m  OK  [0m] Listening on [0;1;39mudev Kernel Socket[0m.
[    5.612624] systemd[1]: Mounting Huge Pages File System...
         Mounting [0;1;39mHuge Pages File System[0m...
[    5.618389] systemd[1]: Mounting POSIX Message Queue File System...
         Mounting [0;1;39mPOSIX Message Queue File System[0m...
[    5.627366] systemd[1]: Mounting Kernel Debug File System...
         Mounting [0;1;39mKernel Debug File System[0m...
[    5.633464] systemd[1]: Mounting Kernel Trace File System...
         Mounting [0;1;39mKernel Trace File System[0m...
[    5.637232] systemd[1]: Kernel Module supporting RPCSEC_GSS was skipped because of an unmet condition check (ConditionPathExists=/etc/krb5.keytab).
[    5.637929] systemd[1]: Create List of Static Device Nodes was skipped because of an unmet condition check (ConditionFileNotEmpty=/lib/modules/6.14.0-rc6-e1408503792d+/modules.devname).
[    5.663884] systemd[1]: Starting Monitoring of LVM2 mirrors, snapshots etc. using dmeventd or progress polling...
         Starting [0;1;39mMonitoring of LVM…meventd or progress polling[0m...
[    5.671079] systemd[1]: Starting Load Kernel Module configfs...
         Starting [0;1;39mLoad Kernel Module configfs[0m...
[    5.680195] systemd[1]: Starting Load Kernel Module drm...
         Starting [0;1;39mLoad Kernel Module drm[0m...
[    5.686298] systemd[1]: Starting Load Kernel Module fuse...
         Starting [0;1;39mLoad Kernel Module fuse[0m...
[    5.700918] systemd[1]: Starting Read and set NIS domainname from /etc/sysconfig/network...
         Starting [0;1;39mRead and set NIS …from /etc/sysconfig/network[0m...
[    5.710907] systemd[1]: Starting Journal Service...
         Starting [0;1;39mJournal Service[0m...
[    5.735761] systemd[1]: Starting Load Kernel Modules...
         Starting [0;1;39mLoad Kernel Modules[0m...
[    5.748357] systemd[1]: Starting Generate network units from Kernel command line...
         Starting [0;1;39mGenerate network …ts from Kernel command line[0m...
[    5.779458] systemd[1]: Starting Remount Root and Kernel File Systems...
         Starting [0;1;39mRemount Root and Kernel File Systems[0m...
[    5.780719] systemd[1]: Repartition Root Disk was skipped because no trigger condition checks were met.
[    5.804371] systemd[1]: Starting Coldplug All udev Devices...
         Starting [0;1;39mColdplug All udev Devices[0m...
[    5.828084] systemd[1]: Mounted Huge Pages File System.
[[0;32m  OK  [0m] Mounted [0;1;39mHuge Pages File System[0m.
[    5.831397] systemd[1]: Mounted POSIX Message Queue File System.
[[0;32m  OK  [0m] Mounted [0;1;39mPOSIX Message Queue File System[0m.
[    5.832725] systemd[1]: Mounted Kernel Debug File System.
[[0;32m  OK  [0m] Mounted [0;1;39mKernel Debug File System[0m.
[    5.836026] systemd[1]: Mounted Kernel Trace File System.
[[0;32m  OK  [0m] Mounted [0;1;39mKernel Trace File System[0m.
[    5.840576] systemd[1]: Finished Monitoring of LVM2 mirrors, snapshots etc. using dmeventd or progress polling.
[[0;32m  OK  [0m] Finished [0;1;39mMonitoring of LVM… dmeventd or progress polling[0m.
[    5.844182] systemd[1]: modprobe@configfs.service: Deactivated successfully.
[    5.845361] systemd[1]: Finished Load Kernel Module configfs.
[[0;32m  OK  [0m] Finished [0;1;39mLoad Kernel Module configfs[0m.
[    5.847538] systemd[1]: modprobe@drm.service: Deactivated successfully.
[    5.848633] systemd[1]: Finished Load Kernel Module drm.
[[0;32m  OK  [0m] Finished [0;1;39mLoad Kernel Module drm[0m.
[    5.850548] systemd[1]: modprobe@fuse.service: Deactivated successfully.
[    5.851779] systemd[1]: Finished Load Kernel Module fuse.
[[0;32m  OK  [0m] Finished [0;1;39mLoad Kernel Module fuse[0m.
[    5.853707] systemd[1]: Finished Read and set NIS domainname from /etc/sysconfig/network.
[[0;32m  OK  [0m] Finished [0;1;39mRead and set NIS …e from /etc/sysconfig/network[0m.
[    5.856607] systemd[1]: systemd-modules-load.service: Main process exited, code=exited, status=1/FAILURE
[    5.857709] systemd[1]: systemd-modules-load.service: Failed with result 'exit-code'.
[    5.858862] systemd[1]: Failed to start Load Kernel Modules.
[[0;1;31mFAILED[0m] Failed to start [0;1;39mLoad Kernel Modules[0m.
See 'systemctl status systemd-modules-load.service' for details.
[    5.861698] systemd[1]: Started Journal Service.
[[0;32m  OK  [0m] Started [0;1;39mJournal Service[0m.
[[0;32m  OK  [0m] Finished [0;1;39mGenerate network units from Kernel command line[0m.
[[0;32m  OK  [0m] Reached target [0;1;39mPreparation for Network[0m.
[    5.871253] EXT4-fs (sda): re-mounted 088740a9-c8b4-422c-999d-a804eb68a4da r/w. Quota mode: none.
         Mounting [0;1;39mFUSE Control File System[0m...
         Mounting [0;1;39mKernel Configuration File System[0m...
         Starting [0;1;39mApply Kernel Variables[0m...
[[0;32m  OK  [0m] Finished [0;1;39mRemount Root and Kernel File Systems[0m.
[[0;32m  OK  [0m] Mounted [0;1;39mFUSE Control File System[0m.
[[0;32m  OK  [0m] Mounted [0;1;39mKernel Configuration File System[0m.
         Starting [0;1;39mFlush Journal to Persistent Storage[0m...
         Starting [0;1;39mLoad/Save Random Seed[0m...
         Starting [0;1;39mCreate Static Device Nodes in /dev[0m...
[    6.012129] systemd-journald[149]: Received client request to flush runtime journal.
         Starting [0;1;39mSetup Virtual Console[0m...
[[0;32m  OK  [0m] Finished [0;1;39mApply Kernel Variables[0m.
[[0;32m  OK  [0m] Finished [0;1;39mFlush Journal to Persistent Storage[0m.
[[0;32m  OK  [0m] Finished [0;1;39mLoad/Save Random Seed[0m.
[[0;32m  OK  [0m] Finished [0;1;39mCreate Static Device Nodes in /dev[0m.
         Starting [0;1;39mRule-based Manage…for Device Events and Files[0m...
[[0;32m  OK  [0m] Finished [0;1;39mColdplug All udev Devices[0m.
         Starting [0;1;39mWait for udev To …plete Device Initialization[0m...
[[0;32m  OK  [0m] Started [0;1;39mRule-based Manager for Device Events and Files[0m.
[[0;32m  OK  [0m] Finished [0;1;39mSetup Virtual Console[0m.
         Starting [0;1;39mAuto-connect to s…E devices found during boot[0m...
[[0;32m  OK  [0m] Started [0;1;39mDispatch Password …ts to Console Directory Watch[0m.
[[0;32m  OK  [0m] Reached target [0;1;39mLocal Encrypted Volumes[0m.
[[0;32m  OK  [0m] Reached target [0;1;39mPath Units[0m.
[[0;32m  OK  [0m] Finished [0;1;39mAuto-connect to s…VME devices found during boot[0m.
[[0;32m  OK  [0m] Found device [0;1;39m/dev/ttyS0[0m.
[[0;32m  OK  [0m] Listening on [0;1;39mLoad/Save RF …itch Status /dev/rfkill Watch[0m.
[[0;32m  OK  [0m] Finished [0;1;39mWait for udev To Complete Device Initialization[0m.
[[0;32m  OK  [0m] Reached target [0;1;39mPreparation for Local File Systems[0m.
[[0;32m  OK  [0m] Reached target [0;1;39mLocal File Systems[0m.
         Starting [0;1;39mTell Plymouth To Write Out Runtime Data[0m...
         Starting [0;1;39mAutomatic Boot Loader Update[0m...
         Starting [0;1;39mCreate Volatile Files and Directories[0m...
[[0;32m  OK  [0m] Finished [0;1;39mTell Plymouth To Write Out Runtime Data[0m.
[[0;32m  OK  [0m] Finished [0;1;39mAutomatic Boot Loader Update[0m.
[[0;32m  OK  [0m] Finished [0;1;39mCreate Volatile Files and Directories[0m.
         Mounting [0;1;39mRPC Pipe File System[0m...
         Starting [0;1;39mSecurity Auditing Service[0m...
         Starting [0;1;39mRPC Bind[0m...
[[0;32m  OK  [0m] Mounted [0;1;39mRPC Pipe File System[0m.
[[0;32m  OK  [0m] Reached target [0;1;39mrpc_pipefs.target[0m.
[[0;32m  OK  [0m] Started [0;1;39mRPC Bind[0m.
[[0;32m  OK  [0m] Started [0;1;39mSecurity Auditing Service[0m.
         Starting [0;1;39mRecord System Boot/Shutdown in UTMP[0m...
[[0;32m  OK  [0m] Finished [0;1;39mRecord System Boot/Shutdown in UTMP[0m.
[[0;32m  OK  [0m] Reached target [0;1;39mSystem Initialization[0m.
[[0;32m  OK  [0m] Started [0;1;39mDaily rotation of log files[0m.
[[0;32m  OK  [0m] Started [0;1;39mUpdates mlocate database every day[0m.
[[0;32m  OK  [0m] Started [0;1;39mDaily Cleanup of Temporary Directories[0m.
[[0;32m  OK  [0m] Started [0;1;39mdaily update of the root trust anchor for DNSSEC[0m.
[[0;32m  OK  [0m] Reached target [0;1;39mTimer Units[0m.
[[0;32m  OK  [0m] Listening on [0;1;39mD-Bus System Message Bus Socket[0m.
[[0;32m  OK  [0m] Listening on [0;1;39mOpen-iSCSI iscsid Socket[0m.
[[0;32m  OK  [0m] Listening on [0;1;39mOpen-iSCSI iscsiuio Socket[0m.
[[0;32m  OK  [0m] Listening on [0;1;39mSSSD Kerberos…ache Manager responder socket[0m.
[[0;32m  OK  [0m] Listening on [0;1;39mLibvirt interface local socket[0m.
[[0;32m  OK  [0m] Listening on [0;1;39mVirtual machine lock manager socket[0m.
[[0;32m  OK  [0m] Listening on [0;1;39mVirtual machine log manager socket[0m.
[[0;32m  OK  [0m] Listening on [0;1;39mLibvirt network local socket[0m.
[[0;32m  OK  [0m] Listening on [0;1;39mLibvirt nodedev local socket[0m.
[[0;32m  OK  [0m] Listening on [0;1;39mLibvirt nwfilter local socket[0m.
[[0;32m  OK  [0m] Listening on [0;1;39mLibvirt proxy local socket[0m.
[[0;32m  OK  [0m] Listening on [0;1;39mLibvirt qemu local socket[0m.
[[0;32m  OK  [0m] Listening on [0;1;39mLibvirt qemu admin socket[0m.
[[0;32m  OK  [0m] Listening on [0;1;39mLibvirt qemu local read-only socket[0m.
[[0;32m  OK  [0m] Listening on [0;1;39mLibvirt secret local socket[0m.
[[0;32m  OK  [0m] Listening on [0;1;39mLibvirt storage local socket[0m.
[[0;32m  OK  [0m] Reached target [0;1;39mSocket Units[0m.
         Starting [0;1;39mD-Bus System Message Bus[0m...
[[0;32m  OK  [0m] Started [0;1;39mD-Bus System Message Bus[0m.
[[0;32m  OK  [0m] Reached target [0;1;39mBasic System[0m.
         Starting [0;1;39mNetwork Manager[0m...
         Starting [0;1;39mNTP client/server[0m...
         Starting [0;1;39mRestore /run/initramfs on shutdown[0m...
[[0;32m  OK  [0m] Started [0;1;39mirqbalance daemon[0m.
[[0;32m  OK  [0m] Started [0;1;39mlibstoragemgmt plug-in server daemon[0m.
[[0;32m  OK  [0m] Started [0;1;39mMachine Check Exception Logging Daemon[0m.
[[0;32m  OK  [0m] Reached target [0;1;39msshd-keygen.target[0m.
[[0;32m  OK  [0m] Reached target [0;1;39mUser and Group Name Lookups[0m.
         Starting [0;1;39mUser Login Management[0m...
         Starting [0;1;39mVirtual Machine a…tainer Registration Service[0m...
         Starting [0;1;39mupdate of the roo…NSSEC validation in unbound[0m...
         Starting [0;1;39mRotate log files[0m...
[[0;32m  OK  [0m] Started [0;1;39mUpdate a database for mlocate[0m.
[[0;32m  OK  [0m] Finished [0;1;39mRestore /run/initramfs on shutdown[0m.
[[0;32m  OK  [0m] Started [0;1;39mVirtual Machine an…ontainer Registration Service[0m.
[[0;32m  OK  [0m] Started [0;1;39mNTP client/server[0m.
         Starting [0;1;39mHostname Service[0m...
[[0;32m  OK  [0m] Finished [0;1;39mupdate of the roo… DNSSEC validation in unbound[0m.
[[0;32m  OK  [0m] Started [0;1;39mUser Login Management[0m.
[[0;32m  OK  [0m] Started [0;1;39mHostname Service[0m.
[[0;32m  OK  [0m] Finished [0;1;39mRotate log files[0m.
         Starting [0;1;39mNetwork Manager Script Dispatcher Service[0m...
[[0;32m  OK  [0m] Started [0;1;39mNetwork Manager Script Dispatcher Service[0m.
[    9.287481] e1000: eth0 NIC Link is Up 1000 Mbps Full Duplex, Flow Control: RX
[[0;32m  OK  [0m] Started [0;1;39mNetwork Manager[0m.
[[0;32m  OK  [0m] Reached target [0;1;39mNetwork[0m.
[[0;32m  OK  [0m] Reached target [0;1;39mNetwork is Online[0m.
         Starting [0;1;39mGSSAPI Proxy Daemon[0m...
         Starting [0;1;39mNotify NFS peers of a restart[0m...
         Starting [0;1;39mSystem Logging Service[0m...
         Starting [0;1;39mOpenSSH server daemon[0m...
         Starting [0;1;39mDynamic System Tuning Daemon[0m...
[[0;32m  OK  [0m] Started [0;1;39mNotify NFS peers of a restart[0m.
[[0;32m  OK  [0m] Started [0;1;39mOpenSSH server daemon[0m.
[[0;32m  OK  [0m] Started [0;1;39mGSSAPI Proxy Daemon[0m.
[[0;32m  OK  [0m] Reached target [0;1;39mNFS client services[0m.
[[0;32m  OK  [0m] Reached target [0;1;39mPreparation for Remote File Systems[0m.
[[0;32m  OK  [0m] Reached target [0;1;39mRemote File Systems[0m.
         Starting [0;1;39mPermit User Sessions[0m...
         Starting [0;1;39mVirtualization qemu daemon[0m...
[[0;32m  OK  [0m] Started [0;1;39mSystem Logging Service[0m.
[[0;32m  OK  [0m] Finished [0;1;39mPermit User Sessions[0m.
[[0;32m  OK  [0m] Started [0;1;39mDeferred execution scheduler[0m.
[[0;32m  OK  [0m] Started [0;1;39mCommand Scheduler[0m.
         Starting [0;1;39mHold until boot process finishes up[0m...
         Starting [0;1;39mTerminate Plymouth Boot Screen[0m...
[[0;32m  OK  [0m] Finished [0;1;39mHold until boot process finishes up[0m.
[[0;32m  OK  [0m] Started [0;1;39mGetty on tty1[0m.
[[0;32m  OK  [0m] Started [0;1;39mSerial Getty on ttyS0[0m.
[[0;32m  OK  [0m] Reached target [0;1;39mLogin Prompts[0m.
[[0;32m  OK  [0m] Finished [0;1;39mTerminate Plymouth Boot Screen[0m.
[[0;32m  OK  [0m] Started [0;1;39mVirtualization qemu daemon[0m.
         Starting [0;1;39mAuthorization Manager[0m...
[[0;32m  OK  [0m] Started [0;1;39mAuthorization Manager[0m.
[[0;32m  OK  [0m] Started [0;1;39mDynamic System Tuning Daemon[0m.
[[0;32m  OK  [0m] Reached target [0;1;39mMulti-User System[0m.
         Starting [0;1;39mRecord Runlevel Change in UTMP[0m...
[[0;32m  OK  [0m] Finished [0;1;39mRecord Runlevel Change in UTMP[0m.

CentOS Stream 9
Kernel 6.14.0-rc6-e1408503792d+ on an x86_64

Activate the web console with: systemctl enable --now cockpit.socket

test login: [   18.732181] ==================================================================
[   18.732567] BUG: KASAN: slab-use-after-free in vma_interval_tree_insert+0x3ac/0x460
[   18.732969] Read of size 8 at addr ffff88801b1ecac8 by task repro/780
[   18.733294] 
[   18.733396] CPU: 0 UID: 0 PID: 780 Comm: repro Not tainted 6.14.0-rc6-e1408503792d+ #1
[   18.733405] Hardware name: QEMU Standard PC (i440FX + PIIX, 1996), BIOS rel-1.16.0-0-gd239552ce722-prebuilt.qemu.org 04/01/2014
[   18.733413] Call Trace:
[   18.733418]  <TASK>
[   18.733420]  dump_stack_lvl+0xea/0x150
[   18.733454]  print_report+0xce/0x660
[   18.733467]  ? vma_interval_tree_insert+0x3ac/0x460
[   18.733483]  ? kasan_complete_mode_report_info+0x80/0x200
[   18.733493]  ? vma_interval_tree_insert+0x3ac/0x460
[   18.733504]  kasan_report+0xcc/0x110
[   18.733514]  ? vma_interval_tree_insert+0x3ac/0x460
[   18.733527]  __asan_report_load8_noabort+0x18/0x20
[   18.733539]  vma_interval_tree_insert+0x3ac/0x460
[   18.733552]  vma_prepare+0x23f/0x6b0
[   18.733562]  ? __sanitizer_cov_trace_const_cmp1+0x1e/0x30
[   18.733582]  __split_vma+0x8da/0xe70
[   18.733595]  ? __pfx___split_vma+0x10/0x10
[   18.733606]  ? __sanitizer_cov_trace_const_cmp4+0x1a/0x20
[   18.733617]  ? mas_walk+0x6a7/0x8b0
[   18.733635]  vms_gather_munmap_vmas+0x17b/0xd40
[   18.733648]  __mmap_region+0x313/0x23d0
[   18.733660]  ? __pfx___mmap_region+0x10/0x10
[   18.733675]  ? __kasan_check_read+0x15/0x20
[   18.733684]  ? mark_lock.part.0+0xf3/0x17b0
[   18.733703]  ? __pfx_mark_lock.part.0+0x10/0x10
[   18.733715]  ? stack_trace_save+0x97/0xd0
[   18.733747]  ? __this_cpu_preempt_check+0x21/0x30
[   18.733757]  ? lock_is_held_type+0xef/0x150
[   18.733772]  mmap_region+0x1c0/0x3e0
[   18.733782]  ? __sanitizer_cov_trace_const_cmp8+0x1c/0x30
[   18.733795]  do_mmap+0xe0e/0x1270
[   18.733809]  ? __pfx_do_mmap+0x10/0x10
[   18.733816]  ? down_write_killable+0x164/0x250
[   18.733828]  ? __pfx_down_write_killable+0x10/0x10
[   18.733836]  ? __this_cpu_preempt_check+0x21/0x30
[   18.733846]  vm_mmap_pgoff+0x235/0x3e0
[   18.733863]  ? __pfx_vm_mmap_pgoff+0x10/0x10
[   18.733872]  ? __fget_files+0x1fb/0x3a0
[   18.733892]  ksys_mmap_pgoff+0x3dc/0x520
[   18.733901]  __x64_sys_mmap+0x139/0x1d0
[   18.733914]  x64_sys_call+0x2001/0x2140
[   18.733927]  do_syscall_64+0x6d/0x140
[   18.733940]  entry_SYSCALL_64_after_hwframe+0x76/0x7e
[   18.733952] RIP: 0033:0x7f89cb23ee5d
[   18.733963] Code: ff c3 66 2e 0f 1f 84 00 00 00 00 00 90 f3 0f 1e fa 48 89 f8 48 89 f7 48 89 d6 48 89 ca 4d 89 c2 4d 89 c8 4c 8b 4c 24 08 0f 05 <48> 3d 01 f0 ff ff 73 01 c3 48 8b 0d 93 af 1b 00 f7 d8 64 89 01 48
[   18.733970] RSP: 002b:00007ffe0dd988f8 EFLAGS: 00000212 ORIG_RAX: 0000000000000009
[   18.733981] RAX: ffffffffffffffda RBX: 0000000000000000 RCX: 00007f89cb23ee5d
[   18.733985] RDX: 0000000000000000 RSI: 0000000000001000 RDI: 0000000020ffc000
[   18.733989] RBP: 00007ffe0dd98920 R08: 0000000000000005 R09: 0000000000000000
[   18.733993] R10: 0000000000000012 R11: 0000000000000212 R12: 00007ffe0dd98a78
[   18.733997] R13: 000000000040181e R14: 0000000000403e08 R15: 00007f89cb552000
[   18.734007]  </TASK>
[   18.734010] 
[   18.746929] Allocated by task 779:
[   18.747108]  kasan_save_stack+0x2c/0x60
[   18.747311]  kasan_save_track+0x18/0x40
[   18.747511]  kasan_save_alloc_info+0x3c/0x50
[   18.747735]  __kasan_slab_alloc+0x62/0x80
[   18.747946]  kmem_cache_alloc_noprof+0x13e/0x440
[   18.748190]  vm_area_alloc+0x29/0x180
[   18.748391]  __mmap_region+0xcef/0x23d0
[   18.748593]  mmap_region+0x1c0/0x3e0
[   18.748784]  do_mmap+0xe0e/0x1270
[   18.748960]  vm_mmap_pgoff+0x235/0x3e0
[   18.749159]  ksys_mmap_pgoff+0x3dc/0x520
[   18.749364]  __x64_sys_mmap+0x139/0x1d0
[   18.749564]  x64_sys_call+0x2001/0x2140
[   18.749768]  do_syscall_64+0x6d/0x140
[   18.749965]  entry_SYSCALL_64_after_hwframe+0x76/0x7e
[   18.750229] 
[   18.750317] Freed by task 27:
[   18.750474]  kasan_save_stack+0x2c/0x60
[   18.750675]  kasan_save_track+0x18/0x40
[   18.750875]  kasan_save_free_info+0x3f/0x60
[   18.751094]  __kasan_slab_free+0x3d/0x60
[   18.751304]  slab_free_after_rcu_debug+0xdb/0x2b0
[   18.751551]  rcu_core+0x86c/0x1920
[   18.751738]  rcu_core_si+0x12/0x20
[   18.751921]  handle_softirqs+0x1c5/0x860
[   18.752130]  run_ksoftirqd+0x46/0x70
[   18.752323]  smpboot_thread_fn+0x666/0xa20
[   18.752542]  kthread+0x445/0x980
[   18.752721]  ret_from_fork+0x56/0x90
[   18.752915]  ret_from_fork_asm+0x1a/0x30
[   18.753119] 
[   18.753211] Last potentially related work creation:
[   18.753455]  kasan_save_stack+0x2c/0x60
[   18.753654]  kasan_record_aux_stack+0x93/0xa0
[   18.753882]  kmem_cache_free+0x1b9/0x540
[   18.754086]  vm_area_free+0xa5/0xd0
[   18.754273]  remove_vma+0x135/0x180
[   18.754459]  vms_complete_munmap_vmas+0x432/0x810
[   18.754702]  __mmap_region+0x70d/0x23d0
[   18.754905]  mmap_region+0x1c0/0x3e0
[   18.755095]  do_mmap+0xe0e/0x1270
[   18.755263]  vm_mmap_pgoff+0x235/0x3e0
[   18.755458]  ksys_mmap_pgoff+0x3dc/0x520
[   18.755660]  __x64_sys_mmap+0x139/0x1d0
[   18.755862]  x64_sys_call+0x2001/0x2140
[   18.756064]  do_syscall_64+0x6d/0x140
[   18.756261]  entry_SYSCALL_64_after_hwframe+0x76/0x7e
[   18.756514] 
[   18.756602] The buggy address belongs to the object at ffff88801b1eca00
[   18.756602]  which belongs to the cache vm_area_struct of size 256
[   18.757213] The buggy address is located 200 bytes inside of
[   18.757213]  freed 256-byte region [ffff88801b1eca00, ffff88801b1ecb00)
[   18.757795] 
[   18.757888] The buggy address belongs to the physical page:
[   18.758165] page: refcount:0 mapcount:0 mapping:0000000000000000 index:0x0 pfn:0x1b1ec
[   18.758553] memcg:ffff88801376b181
[   18.758730] ksm flags: 0xfffffc0000000(node=0|zone=1|lastcpupid=0x1fffff)
[   18.759064] page_type: f5(slab)
[   18.759237] raw: 000fffffc0000000 ffff88800d725b40 ffffea000042e600 dead000000000003
[   18.759612] raw: 0000000000000000 00000000800c000c 00000000f5000000 ffff88801376b181
[   18.759986] page dumped because: kasan: bad access detected
[   18.760264] 
[   18.760352] Memory state around the buggy address:
[   18.760592]  ffff88801b1ec980: 00 00 00 00 00 00 00 00 fc fc fc fc fc fc fc fc
[   18.760947]  ffff88801b1eca00: fa fb fb fb fb fb fb fb fb fb fb fb fb fb fb fb
[   18.761300] >ffff88801b1eca80: fb fb fb fb fb fb fb fb fb fb fb fb fb fb fb fb
[   18.761650]                                               ^
[   18.761927]  ffff88801b1ecb00: fc fc fc fc fc fc fc fc fa fb fb fb fb fb fb fb
[   18.762302]  ffff88801b1ecb80: fb fb fb fb fb fb fb fb fb fb fb fb fb fb fb fb
[   18.762650] ==================================================================
[   18.763108] Disabling lock debugging due to kernel taint
