c[?7l[2J[0mSeaBIOS (version rel-1.16.0-0-gd239552ce722-prebuilt.qemu.org)


iPXE (http://ipxe.org) 00:03.0 CA00 PCI2.10 PnP PMM+7FF91000+7FEF1000 CA00
Press Ctrl-B to configure iPXE (PCI 00:03.0)...                                                                               


Booting from ROM...
c[?7l[2J[    0.000000] Linux version 6.12.0-rc1-9852d85ec9d4-78c3253f27e5-r+ (root@p-arls02) (gcc (GCC) 11.5.0 20240719 (Red Hat 11.5.0-2), GNU ld version 2.35.2-54.el9) #1 SMP PREEMPT_DYNAMIC Tue Oct  1 22:12:41 CST 2024
[    0.000000] Command line: console=ttyS0 root=/dev/sda earlyprintk=serial net.ifnames=0 plymouth.enable=0
[    0.000000] KERNEL supported cpus:
[    0.000000]   Intel GenuineIntel
[    0.000000]   AMD AuthenticAMD
[    0.000000]   Hygon HygonGenuine
[    0.000000]   Centaur CentaurHauls
[    0.000000]   zhaoxin   Shanghai  
[    0.000000] x86/split lock detection: #DB: warning on user-space bus_locks
[    0.000000] BIOS-provided physical RAM map:
[    0.000000] BIOS-e820: [mem 0x0000000000000000-0x000000000009fbff] usable
[    0.000000] BIOS-e820: [mem 0x000000000009fc00-0x000000000009ffff] reserved
[    0.000000] BIOS-e820: [mem 0x00000000000f0000-0x00000000000fffff] reserved
[    0.000000] BIOS-e820: [mem 0x0000000000100000-0x000000007ffdffff] usable
[    0.000000] BIOS-e820: [mem 0x000000007ffe0000-0x000000007fffffff] reserved
[    0.000000] BIOS-e820: [mem 0x00000000feffc000-0x00000000feffffff] reserved
[    0.000000] BIOS-e820: [mem 0x00000000fffc0000-0x00000000ffffffff] reserved
[    0.000000] printk: legacy bootconsole [earlyser0] enabled
[    0.000000] NX (Execute Disable) protection: active
[    0.000000] APIC: Static calls initialized
[    0.000000] SMBIOS 2.8 present.
[    0.000000] DMI: QEMU Standard PC (i440FX + PIIX, 1996), BIOS rel-1.16.0-0-gd239552ce722-prebuilt.qemu.org 04/01/2014
[    0.000000] DMI: Memory slots populated: 1/1
[    0.000000] Hypervisor detected: KVM
[    0.000000] kvm-clock: Using msrs 4b564d01 and 4b564d00
[    0.000003] kvm-clock: using sched offset of 897435235 cycles
[    0.000392] clocksource: kvm-clock: mask: 0xffffffffffffffff max_cycles: 0x1cd42e4dffb, max_idle_ns: 881590591483 ns
[    0.001592] tsc: Detected 1267.200 MHz processor
[    0.007518] last_pfn = 0x7ffe0 max_arch_pfn = 0x400000000
[    0.007964] MTRR map: 4 entries (3 fixed + 1 variable; max 19), built from 8 variable MTRRs
[    0.008580] x86/PAT: Configuration [0-7]: WB  WC  UC- UC  WB  WP  UC- WT  
[    0.017326] found SMP MP-table at [mem 0x000f5ba0-0x000f5baf]
[    0.017775] Using GB pages for direct mapping
[    0.020221] ACPI: Early table checksum verification disabled
[    0.020636] ACPI: RSDP 0x00000000000F59C0 000014 (v00 BOCHS )
[    0.021074] ACPI: RSDT 0x000000007FFE1951 000034 (v01 BOCHS  BXPC     00000001 BXPC 00000001)
[    0.021722] ACPI: FACP 0x000000007FFE17FD 000074 (v01 BOCHS  BXPC     00000001 BXPC 00000001)
[    0.022370] ACPI: DSDT 0x000000007FFE0040 0017BD (v01 BOCHS  BXPC     00000001 BXPC 00000001)
[    0.023006] ACPI: FACS 0x000000007FFE0000 000040
[    0.023357] ACPI: APIC 0x000000007FFE1871 000080 (v01 BOCHS  BXPC     00000001 BXPC 00000001)
[    0.023980] ACPI: HPET 0x000000007FFE18F1 000038 (v01 BOCHS  BXPC     00000001 BXPC 00000001)
[    0.024620] ACPI: WAET 0x000000007FFE1929 000028 (v01 BOCHS  BXPC     00000001 BXPC 00000001)
[    0.025241] ACPI: Reserving FACP table memory at [mem 0x7ffe17fd-0x7ffe1870]
[    0.025764] ACPI: Reserving DSDT table memory at [mem 0x7ffe0040-0x7ffe17fc]
[    0.026285] ACPI: Reserving FACS table memory at [mem 0x7ffe0000-0x7ffe003f]
[    0.026802] ACPI: Reserving APIC table memory at [mem 0x7ffe1871-0x7ffe18f0]
[    0.027328] ACPI: Reserving HPET table memory at [mem 0x7ffe18f1-0x7ffe1928]
[    0.027841] ACPI: Reserving WAET table memory at [mem 0x7ffe1929-0x7ffe1950]
[    0.028822] No NUMA configuration found
[    0.029108] Faking a node at [mem 0x0000000000000000-0x000000007ffdffff]
[    0.029622] NODE_DATA(0) allocated [mem 0x7ffb5180-0x7ffdfdff]
[    0.030568] Zone ranges:
[    0.030759]   DMA      [mem 0x0000000000001000-0x0000000000ffffff]
[    0.031205]   DMA32    [mem 0x0000000001000000-0x000000007ffdffff]
[    0.031662]   Normal   empty
[    0.031877]   Device   empty
[    0.032092] Movable zone start for each node
[    0.032416] Early memory node ranges
[    0.032681]   node   0: [mem 0x0000000000001000-0x000000000009efff]
[    0.033141]   node   0: [mem 0x0000000000100000-0x000000007ffdffff]
[    0.033604] Initmem setup node 0 [mem 0x0000000000001000-0x000000007ffdffff]
[    0.037845] On node 0, zone DMA: 1 pages in unavailable ranges
[    0.038564] On node 0, zone DMA: 97 pages in unavailable ranges
[    0.084202] On node 0, zone DMA32: 32 pages in unavailable ranges
[    0.359991] kasan: KernelAddressSanitizer initialized
[    0.360642] ACPI: PM-Timer IO Port: 0x608
[    0.360954] ACPI: LAPIC_NMI (acpi_id[0xff] dfl dfl lint[0x1])
[    0.361427] IOAPIC[0]: apic_id 0, version 17, address 0xfec00000, GSI 0-23
[    0.361935] ACPI: INT_SRC_OVR (bus 0 bus_irq 0 global_irq 2 dfl dfl)
[    0.362404] ACPI: INT_SRC_OVR (bus 0 bus_irq 5 global_irq 5 high level)
[    0.362887] ACPI: INT_SRC_OVR (bus 0 bus_irq 9 global_irq 9 high level)
[    0.363349] ACPI: INT_SRC_OVR (bus 0 bus_irq 10 global_irq 10 high level)
[    0.363798] ACPI: INT_SRC_OVR (bus 0 bus_irq 11 global_irq 11 high level)
[    0.364254] ACPI: Using ACPI (MADT) for SMP configuration information
[    0.364681] ACPI: HPET id: 0x8086a201 base: 0xfed00000
[    0.365034] TSC deadline timer available
[    0.365302] CPU topo: Max. logical packages:   1
[    0.365609] CPU topo: Max. logical dies:       1
[    0.365910] CPU topo: Max. dies per package:   1
[    0.366215] CPU topo: Max. threads per core:   1
[    0.366538] CPU topo: Num. cores per package:     2
[    0.366894] CPU topo: Num. threads per package:   2
[    0.367250] CPU topo: Allowing 2 present CPUs plus 0 hotplug CPUs
[    0.367741] kvm-guest: APIC: eoi() replaced with kvm_guest_apic_eoi_write()
[    0.368280] kvm-guest: KVM setup pv remote TLB flush
[    0.368641] kvm-guest: setup PV sched yield
[    0.368974] PM: hibernation: Registered nosave memory: [mem 0x00000000-0x00000fff]
[    0.369533] PM: hibernation: Registered nosave memory: [mem 0x0009f000-0x0009ffff]
[    0.370077] PM: hibernation: Registered nosave memory: [mem 0x000a0000-0x000effff]
[    0.370630] PM: hibernation: Registered nosave memory: [mem 0x000f0000-0x000fffff]
[    0.371185] [mem 0x80000000-0xfeffbfff] available for PCI devices
[    0.371633] Booting paravirtualized kernel on KVM
[    0.371974] clocksource: refined-jiffies: mask: 0xffffffff max_cycles: 0xffffffff, max_idle_ns: 7645519600211568 ns
[    0.372746] setup_percpu: NR_CPUS:8192 nr_cpumask_bits:2 nr_cpu_ids:2 nr_node_ids:1
[    0.375899] percpu: Embedded 85 pages/cpu s311296 r8192 d28672 u1048576
[    0.376542] kvm-guest: PV spinlocks enabled
[    0.376863] PV qspinlock hash table entries: 256 (order: 0, 4096 bytes, linear)
[    0.377419] Kernel command line: net.ifnames=0 console=ttyS0 root=/dev/sda earlyprintk=serial net.ifnames=0 plymouth.enable=0
[    0.378500] random: crng init done
[    0.381091] Dentry cache hash table entries: 262144 (order: 9, 2097152 bytes, linear)
[    0.382445] Inode-cache hash table entries: 131072 (order: 8, 1048576 bytes, linear)
[    0.383292] Fallback order for Node 0: 0 
[    0.383303] Built 1 zonelists, mobility grouping on.  Total pages: 524158
[    0.384049] Policy zone: DMA32
[    0.384272] mem auto-init: stack:off, heap alloc:off, heap free:off
[    0.384717] stackdepot: allocating hash table via alloc_large_system_hash
[    0.385198] stackdepot hash table entries: 1048576 (order: 12, 16777216 bytes, linear)
[    0.449157] SLUB: HWalign=64, Order=0-3, MinObjects=0, CPUs=2, Nodes=1
[    0.449660] kmemleak: Kernel memory leak detector disabled
[    0.450159] ftrace: allocating 72388 entries in 283 pages
[    0.482058] ftrace: allocated 283 pages with 5 groups
[    0.486368] Dynamic Preempt: voluntary
[    0.487002] Running RCU self tests
[    0.487235] Running RCU synchronous self tests
[    0.487556] rcu: Preemptible hierarchical RCU implementation.
[    0.487963] rcu: 	RCU lockdep checking is enabled.
[    0.488302] rcu: 	RCU restricting CPUs from NR_CPUS=8192 to nr_cpu_ids=2.
[    0.488781] 	Trampoline variant of Tasks RCU enabled.
[    0.489134] 	Rude variant of Tasks RCU enabled.
[    0.489455] 	Tracing variant of Tasks RCU enabled.
[    0.489792] rcu: RCU calculated value of scheduler-enlistment delay is 25 jiffies.
[    0.490324] rcu: Adjusting geometry for rcu_fanout_leaf=16, nr_cpu_ids=2
[    0.490839] Running RCU synchronous self tests
[    0.491159] RCU Tasks: Setting shift to 1 and lim to 1 rcu_task_cb_adjust=1 rcu_task_cpu_ids=2.
[    0.491776] RCU Tasks Rude: Setting shift to 1 and lim to 1 rcu_task_cb_adjust=1 rcu_task_cpu_ids=2.
[    0.492420] RCU Tasks Trace: Setting shift to 1 and lim to 1 rcu_task_cb_adjust=1 rcu_task_cpu_ids=2.
[    0.518640] NR_IRQS: 524544, nr_irqs: 440, preallocated irqs: 16
[    0.519555] rcu: srcu_init: Setting srcu_struct sizes based on contention.
[    0.526016] Console: colour VGA+ 80x25
[    0.526350] printk: legacy console [ttyS0] enabled
[    0.526350] printk: legacy console [ttyS0] enabled
[    0.527044] printk: legacy bootconsole [earlyser0] disabled
[    0.527044] printk: legacy bootconsole [earlyser0] disabled
[    0.527860] Lock dependency validator: Copyright (c) 2006 Red Hat, Inc., Ingo Molnar
[    0.528426] ... MAX_LOCKDEP_SUBCLASSES:  8
[    0.528727] ... MAX_LOCK_DEPTH:          48
[    0.529032] ... MAX_LOCKDEP_KEYS:        8192
[    0.529350] ... CLASSHASH_SIZE:          4096
[    0.529669] ... MAX_LOCKDEP_ENTRIES:     524288
[    0.529996] ... MAX_LOCKDEP_CHAINS:      524288
[    0.530329] ... CHAINHASH_SIZE:          262144
[    0.530659]  memory used by lock dependency info: 54145 kB
[    0.531055]  memory used for stack traces: 4224 kB
[    0.531406]  per task-struct memory footprint: 1920 bytes
[    0.531868] ACPI: Core revision 20240827
[    0.532476] clocksource: hpet: mask: 0xffffffff max_cycles: 0xffffffff, max_idle_ns: 19112604467 ns
[    0.533288] APIC: Switch to symmetric I/O mode setup
[    0.533824] x2apic enabled
[    0.534345] APIC: Switched APIC routing to: physical x2apic
[    0.534751] kvm-guest: APIC: send_IPI_mask() replaced with kvm_send_ipi_mask()
[    0.535285] kvm-guest: APIC: send_IPI_mask_allbutself() replaced with kvm_send_ipi_mask_allbutself()
[    0.535942] kvm-guest: setup PV IPIs
[    0.537112] ..TIMER: vector=0x30 apic1=0 pin1=2 apic2=-1 pin2=-1
[    0.537596] clocksource: tsc-early: mask: 0xffffffffffffffff max_cycles: 0x12441513526, max_idle_ns: 440795239872 ns
[    0.538358] Calibrating delay loop (skipped) preset value.. 2534.40 BogoMIPS (lpj=5068800)
[    0.539070] CPU0: Thermal monitoring enabled (TM1)
[    0.539427] x86/cpu: User Mode Instruction Prevention (UMIP) activated
[    0.539986] Last level iTLB entries: 4KB 0, 2MB 0, 4MB 0
[    0.540372] Last level dTLB entries: 4KB 0, 2MB 0, 4MB 0, 1GB 0
[    0.540809] Spectre V1 : Mitigation: usercopy/swapgs barriers and __user pointer sanitization
[    0.542376] Spectre V2 : WARNING: Unprivileged eBPF is enabled with eIBRS on, data leaks possible via Spectre v2 BHB attacks!
[    0.543173] Spectre V2 : Spectre BHI mitigation: SW BHB clearing on syscall and VM exit
[    0.543713] Spectre V2 : Mitigation: Enhanced / Automatic IBRS
[    0.544142] Spectre V2 : Spectre v2 / SpectreRSB mitigation: Filling RSB on context switch
[    0.544701] Spectre V2 : Spectre v2 / PBRSB-eIBRS: Retire a single CALL on VMEXIT
[    0.545218] Spectre V2 : mitigation: Enabling conditional Indirect Branch Prediction Barrier
[    0.545798] Speculative Store Bypass: Mitigation: Speculative Store Bypass disabled via prctl
[    0.546347] MMIO Stale Data: Unknown: No mitigations
[    0.546721] x86/fpu: Supporting XSAVE feature 0x001: 'x87 floating point registers'
[    0.547267] x86/fpu: Supporting XSAVE feature 0x002: 'SSE registers'
[    0.547718] x86/fpu: Supporting XSAVE feature 0x004: 'AVX registers'
[    0.548172] x86/fpu: Supporting XSAVE feature 0x200: 'Protection Keys User registers'
[    0.548726] x86/fpu: xstate_offset[2]:  576, xstate_sizes[2]:  256
[    0.549172] x86/fpu: xstate_offset[9]:  832, xstate_sizes[9]:    8
[    0.549613] x86/fpu: Enabled xstate features 0x207, context size is 840 bytes, using 'compacted' format.
[    0.659675] Freeing SMP alternatives memory: 56K
[    0.660050] pid_max: default: 32768 minimum: 301
[    0.660582] LSM: initializing lsm=capability,yama,ima,evm
[    0.661051] Yama: becoming mindful.
[    0.661666] Mount-cache hash table entries: 4096 (order: 3, 32768 bytes, linear)
[    0.662235] Mountpoint-cache hash table entries: 4096 (order: 3, 32768 bytes, linear)
[    0.667707] Running RCU synchronous self tests
[    0.668086] Running RCU synchronous self tests
[    0.668922] smpboot: CPU0: Genuine Intel(R) 0000 @ (family: 0x6, model: 0xc6, stepping: 0x0)
[    0.670343] Running RCU Tasks wait API self tests
[    0.770529] Running RCU Tasks Rude wait API self tests
[    0.771504] Running RCU Tasks Trace wait API self tests
[    0.772334] Performance Events: unsupported p6 CPU model 198 no PMU driver, software events only.
[    0.773696] signal: max sigframe size: 3632
[    0.774602] rcu: Hierarchical SRCU implementation.
[    0.775325] rcu: 	Max phase no-delay instances is 1000.
[    0.776403] Timer migration: 1 hierarchy levels; 8 children per group; 1 crossnode level
[    0.778462] Callback from call_rcu_tasks_trace() invoked.
[    0.780953] NMI watchdog: Perf NMI watchdog permanently disabled
[    0.781577] smp: Bringing up secondary CPUs ...
[    0.782443] smpboot: x86: Booting SMP configuration:
[    0.782818] .... node  #0, CPUs:      #1
[    0.783707] smp: Brought up 1 node, 2 CPUs
[    0.783707] smpboot: Total of 2 processors activated (5068.80 BogoMIPS)
[    0.786756] Memory: 1552196K/2096632K available (77824K kernel code, 14994K rwdata, 17776K rodata, 15488K init, 69572K bss, 537212K reserved, 0K cma-reserved)
[    0.788535] devtmpfs: initialized
[    0.788535] x86/mm: Memory block size: 128MB
[    0.797436] Running RCU synchronous self tests
[    0.798402] Running RCU synchronous self tests
[    0.798860] clocksource: jiffies: mask: 0xffffffff max_cycles: 0xffffffff, max_idle_ns: 7645041785100000 ns
[    0.799143] futex hash table entries: 512 (order: 4, 65536 bytes, linear)
[    0.800137] pinctrl core: initialized pinctrl subsystem
[    0.802383] 
[    0.802383] *************************************************************
[    0.802433] **     NOTICE NOTICE NOTICE NOTICE NOTICE NOTICE NOTICE    **
[    0.802797] **                                                         **
[    0.803278] **  IOMMU DebugFS SUPPORT HAS BEEN ENABLED IN THIS KERNEL  **
[    0.803755] **                                                         **
[    0.804234] ** This means that this kernel is built to expose internal **
[    0.804718] ** IOMMU data structures, which may compromise security on **
[    0.805199] ** your system.                                            **
[    0.805683] **                                                         **
[    0.806163] ** If you see this message and you are not debugging the   **
[    0.806351] ** kernel, report this immediately to your vendor!         **
[    0.806831] **                                                         **
[    0.807311] **     NOTICE NOTICE NOTICE NOTICE NOTICE NOTICE NOTICE    **
[    0.807779] *************************************************************
[    0.808333] PM: RTC time: 14:14:57, date: 2024-10-01
[    0.813215] NET: Registered PF_NETLINK/PF_ROUTE protocol family
[    0.814609] DMA: preallocated 256 KiB GFP_KERNEL pool for atomic allocations
[    0.815140] DMA: preallocated 256 KiB GFP_KERNEL|GFP_DMA pool for atomic allocations
[    0.815694] DMA: preallocated 256 KiB GFP_KERNEL|GFP_DMA32 pool for atomic allocations
[    0.816336] audit: initializing netlink subsys (disabled)
[    0.818514] audit: type=2000 audit(1727792097.700:1): state=initialized audit_enabled=0 res=1
[    0.820317] thermal_sys: Registered thermal governor 'fair_share'
[    0.820326] thermal_sys: Registered thermal governor 'bang_bang'
[    0.820784] thermal_sys: Registered thermal governor 'step_wise'
[    0.822358] thermal_sys: Registered thermal governor 'user_space'
[    0.822855] cpuidle: using governor ladder
[    0.823106] cpuidle: using governor menu
[    0.823106] acpiphp: ACPI Hot Plug PCI Controller Driver version: 0.5
[    0.824423] PCI: Using configuration type 1 for base access
[    0.826588] kprobes: kprobe jump-optimization is enabled. All kprobes are optimized if possible.
[    0.910866] HugeTLB: registered 1.00 GiB page size, pre-allocated 0 pages
[    0.911388] HugeTLB: 16380 KiB vmemmap can be freed for a 1.00 GiB page
[    0.911855] HugeTLB: registered 2.00 MiB page size, pre-allocated 0 pages
[    0.912326] HugeTLB: 28 KiB vmemmap can be freed for a 2.00 MiB page
[    0.919683] ACPI: Added _OSI(Module Device)
[    0.920014] ACPI: Added _OSI(Processor Device)
[    0.920332] ACPI: Added _OSI(3.0 _SCP Extensions)
[    0.920666] ACPI: Added _OSI(Processor Aggregator Device)
[    0.930285] ACPI: 1 ACPI AML tables successfully acquired and loaded
[    0.934960] ACPI: Interpreter enabled
[    0.935341] ACPI: PM: (supports S0 S3 S4 S5)
[    0.935636] ACPI: Using IOAPIC for interrupt routing
[    0.936070] PCI: Using host bridge windows from ACPI; if necessary, use "pci=nocrs" and report a bug
[    0.936702] PCI: Using E820 reservations for host bridge windows
[    0.937924] ACPI: Enabled 2 GPEs in block 00 to 0F
[    0.963077] ACPI: PCI Root Bridge [PCI0] (domain 0000 [bus 00-ff])
[    0.963580] acpi PNP0A03:00: _OSC: OS supports [ASPM ClockPM Segments MSI EDR HPX-Type3]
[    0.964166] acpi PNP0A03:00: _OSC: not requesting OS control; OS requires [ExtendedConfig ASPM ClockPM MSI]
[    0.965006] acpi PNP0A03:00: fail to add MMCONFIG information, can't access extended configuration space under this bridge
[    0.969133] acpiphp: Slot [3] registered
[    0.969494] acpiphp: Slot [4] registered
[    0.969858] acpiphp: Slot [5] registered
[    0.970241] acpiphp: Slot [6] registered
[    0.970441] acpiphp: Slot [7] registered
[    0.970802] acpiphp: Slot [8] registered
[    0.971166] acpiphp: Slot [9] registered
[    0.971547] acpiphp: Slot [10] registered
[    0.971909] acpiphp: Slot [11] registered
[    0.972274] acpiphp: Slot [12] registered
[    0.972645] acpiphp: Slot [13] registered
[    0.973027] acpiphp: Slot [14] registered
[    0.973398] acpiphp: Slot [15] registered
[    0.973767] acpiphp: Slot [16] registered
[    0.974143] acpiphp: Slot [17] registered
[    0.974457] acpiphp: Slot [18] registered
[    0.974823] acpiphp: Slot [19] registered
[    0.975202] acpiphp: Slot [20] registered
[    0.975577] acpiphp: Slot [21] registered
[    0.976862] acpiphp: Slot [22] registered
[    0.977280] acpiphp: Slot [23] registered
[    0.977655] acpiphp: Slot [24] registered
[    0.978025] acpiphp: Slot [25] registered
[    0.978441] acpiphp: Slot [26] registered
[    0.978815] acpiphp: Slot [27] registered
[    0.979203] acpiphp: Slot [28] registered
[    0.979577] acpiphp: Slot [29] registered
[    0.979970] acpiphp: Slot [30] registered
[    0.980345] acpiphp: Slot [31] registered
[    0.980690] PCI host bridge to bus 0000:00
[    0.981035] pci_bus 0000:00: root bus resource [io  0x0000-0x0cf7 window]
[    0.981532] pci_bus 0000:00: root bus resource [io  0x0d00-0xffff window]
[    0.982018] pci_bus 0000:00: root bus resource [mem 0x000a0000-0x000bffff window]
[    0.982372] pci_bus 0000:00: root bus resource [mem 0x80000000-0xfebfffff window]
[    0.982910] pci_bus 0000:00: root bus resource [mem 0x100000000-0x17fffffff window]
[    0.983453] pci_bus 0000:00: root bus resource [bus 00-ff]
[    0.983976] pci 0000:00:00.0: [8086:1237] type 00 class 0x060000 conventional PCI endpoint
[    0.990606] pci 0000:00:01.0: [8086:7000] type 00 class 0x060100 conventional PCI endpoint
[    0.992168] pci 0000:00:01.1: [8086:7010] type 00 class 0x010180 conventional PCI endpoint
[    0.994176] pci 0000:00:01.1: BAR 4 [io  0xc040-0xc04f]
[    0.994915] pci 0000:00:01.1: BAR 0 [io  0x01f0-0x01f7]: legacy IDE quirk
[    0.995401] pci 0000:00:01.1: BAR 1 [io  0x03f6]: legacy IDE quirk
[    0.995837] pci 0000:00:01.1: BAR 2 [io  0x0170-0x0177]: legacy IDE quirk
[    0.996316] pci 0000:00:01.1: BAR 3 [io  0x0376]: legacy IDE quirk
[    0.997150] pci 0000:00:01.3: [8086:7113] type 00 class 0x068000 conventional PCI endpoint
[    0.998005] pci 0000:00:01.3: quirk: [io  0x0600-0x063f] claimed by PIIX4 ACPI
[    0.998375] pci 0000:00:01.3: quirk: [io  0x0700-0x070f] claimed by PIIX4 SMB
[    0.999280] pci 0000:00:02.0: [1234:1111] type 00 class 0x030000 conventional PCI endpoint
[    1.003021] pci 0000:00:02.0: BAR 0 [mem 0xfd000000-0xfdffffff pref]
[    1.006992] pci 0000:00:02.0: BAR 2 [mem 0xfebf0000-0xfebf0fff]
[    1.014606] pci 0000:00:02.0: ROM [mem 0xfebe0000-0xfebeffff pref]
[    1.016308] pci 0000:00:02.0: Video device with shadowed ROM at [mem 0x000c0000-0x000dffff]
[    1.024769] pci 0000:00:03.0: [8086:100e] type 00 class 0x020000 conventional PCI endpoint
[    1.025895] pci 0000:00:03.0: BAR 0 [mem 0xfebc0000-0xfebdffff]
[    1.026959] pci 0000:00:03.0: BAR 1 [io  0xc000-0xc03f]
[    1.030178] pci 0000:00:03.0: ROM [mem 0xfeb80000-0xfebbffff pref]
[    1.046153] ACPI: PCI: Interrupt link LNKA configured for IRQ 10
[    1.047079] ACPI: PCI: Interrupt link LNKB configured for IRQ 10
[    1.048097] ACPI: PCI: Interrupt link LNKC configured for IRQ 11
[    1.049102] ACPI: PCI: Interrupt link LNKD configured for IRQ 11
[    1.049790] ACPI: PCI: Interrupt link LNKS configured for IRQ 9
[    1.058401] iommu: Default domain type: Translated
[    1.058782] iommu: DMA domain TLB invalidation policy: lazy mode
[    1.062401] SCSI subsystem initialized
[    1.063264] ACPI: bus type USB registered
[    1.063734] usbcore: registered new interface driver usbfs
[    1.064188] usbcore: registered new interface driver hub
[    1.064628] usbcore: registered new device driver usb
[    1.065244] pps_core: LinuxPPS API ver. 1 registered
[    1.065598] pps_core: Software ver. 5.3.6 - Copyright 2005-2007 Rodolfo Giometti <giometti@linux.it>
[    1.066257] PTP clock support registered
[    1.066868] EDAC MC: Ver: 3.0.0
[    1.070538] NetLabel: Initializing
[    1.070814] NetLabel:  domain hash size = 128
[    1.071128] NetLabel:  protocols = UNLABELED CIPSOv4 CALIPSO
[    1.071684] NetLabel:  unlabeled traffic allowed by default
[    1.072787] PCI: Using ACPI for IRQ routing
[    1.073517] pci 0000:00:02.0: vgaarb: setting as boot VGA device
[    1.073943] pci 0000:00:02.0: vgaarb: bridge control possible
[    1.074343] pci 0000:00:02.0: vgaarb: VGA device added: decodes=io+mem,owns=io+mem,locks=none
[    1.074356] vgaarb: loaded
[    1.075469] hpet0: at MMIO 0xfed00000, IRQs 2, 8, 0
[    1.075830] hpet0: 3 comparators, 64-bit 100.000000 MHz counter
[    1.080767] clocksource: Switched to clocksource kvm-clock
[    1.086904] VFS: Disk quotas dquot_6.6.0
[    1.087259] VFS: Dquot-cache hash table entries: 512 (order 0, 4096 bytes)
[    1.088864] pnp: PnP ACPI init
[    1.096259] pnp: PnP ACPI: found 6 devices
[    1.111862] clocksource: acpi_pm: mask: 0xffffff max_cycles: 0xffffff, max_idle_ns: 2085701024 ns
[    1.112971] NET: Registered PF_INET protocol family
[    1.113527] IP idents hash table entries: 32768 (order: 6, 262144 bytes, linear)
[    1.115476] tcp_listen_portaddr_hash hash table entries: 1024 (order: 4, 73728 bytes, linear)
[    1.116143] Table-perturb hash table entries: 65536 (order: 6, 262144 bytes, linear)
[    1.116767] TCP established hash table entries: 16384 (order: 5, 131072 bytes, linear)
[    1.117846] TCP bind hash table entries: 16384 (order: 9, 2359296 bytes, linear)
[    1.119852] TCP: Hash tables configured (established 16384 bind 16384)
[    1.120598] UDP hash table entries: 1024 (order: 5, 163840 bytes, linear)
[    1.121160] UDP-Lite hash table entries: 1024 (order: 5, 163840 bytes, linear)
[    1.122019] NET: Registered PF_UNIX/PF_LOCAL protocol family
[    1.123280] RPC: Registered named UNIX socket transport module.
[    1.123745] RPC: Registered udp transport module.
[    1.124094] RPC: Registered tcp transport module.
[    1.124442] RPC: Registered tcp-with-tls transport module.
[    1.124826] RPC: Registered tcp NFSv4.1 backchannel transport module.
[    1.125329] pci_bus 0000:00: resource 4 [io  0x0000-0x0cf7 window]
[    1.125782] pci_bus 0000:00: resource 5 [io  0x0d00-0xffff window]
[    1.126227] pci_bus 0000:00: resource 6 [mem 0x000a0000-0x000bffff window]
[    1.126739] pci_bus 0000:00: resource 7 [mem 0x80000000-0xfebfffff window]
[    1.127236] pci_bus 0000:00: resource 8 [mem 0x100000000-0x17fffffff window]
[    1.128041] pci 0000:00:01.0: PIIX3: Enabling Passive Release
[    1.128471] pci 0000:00:00.0: Limiting direct PCI/PCI transfers
[    1.128979] PCI: CLS 0 bytes, default 64
[    1.129429] ACPI: bus type thunderbolt registered
[    1.130103] clocksource: tsc: mask: 0xffffffffffffffff max_cycles: 0x12441513526, max_idle_ns: 440795239872 ns
[    2.586690] Initialise system trusted keyrings
[    2.587182] Key type blacklist registered
[    2.587747] Callback from call_rcu_tasks() invoked.
[    2.588458] workingset: timestamp_bits=36 max_order=19 bucket_order=0
[    2.588984] zbud: loaded
[    2.591015] squashfs: version 4.0 (2009/01/31) Phillip Lougher
[    2.593473] NFS: Registering the id_resolver key type
[    2.593851] Key type id_resolver registered
[    2.594143] Key type id_legacy registered
[    2.594497] nfs4filelayout_init: NFSv4 File Layout Driver Registering...
[    2.594993] nfs4flexfilelayout_init: NFSv4 Flexfile Layout Driver Registering...
[    2.596148] fuse: init (API version 7.41)
[    2.596937] SGI XFS with ACLs, security attributes, realtime, quota, no debug enabled
[    2.598951] 9p: Installing v9fs 9p2000 file system support
[    2.608128] Key type asymmetric registered
[    2.608437] Asymmetric key parser 'x509' registered
[    2.608992] Block layer SCSI generic (bsg) driver version 0.4 loaded (major 243)
[    2.610306] io scheduler mq-deadline registered
[    2.610763] io scheduler bfq registered
[    2.612208] ledtrig-cpu: registered to indicate activity on CPUs
[    2.613003] shpchp: Standard Hot Plug PCI Controller Driver version: 0.4
[    2.614132] IPMI message handler: version 39.2
[    2.614546] ipmi device interface
[    2.616982] input: Power Button as /devices/LNXSYSTM:00/LNXPWRBN:00/input/input0
[    2.617885] ACPI: button: Power Button [PWRF]
[    2.620639] ERST DBG: ERST support is disabled.
[    2.621877] Serial: 8250/16550 driver, 32 ports, IRQ sharing enabled
[    2.624526] 00:04: ttyS0 at I/O 0x3f8 (irq = 4, base_baud = 115200) is a 16550A
[    2.651868] Linux agpgart interface v0.103
[    2.654906] ACPI: bus type drm_connector registered
[    2.678715] brd: module loaded
[    2.690975] loop: module loaded
[    2.706014] scsi host0: ata_piix
[    2.708135] scsi host1: ata_piix
[    2.708683] ata1: PATA max MWDMA2 cmd 0x1f0 ctl 0x3f6 bmdma 0xc040 irq 14 lpm-pol 0
[    2.709229] ata2: PATA max MWDMA2 cmd 0x170 ctl 0x376 bmdma 0xc048 irq 15 lpm-pol 0
[    2.711830] tun: Universal TUN/TAP device driver, 1.6
[    2.713156] e100: Intel(R) PRO/100 Network Driver
[    2.713516] e100: Copyright(c) 1999-2006 Intel Corporation
[    2.714067] e1000: Intel(R) PRO/1000 Network Driver
[    2.714445] e1000: Copyright (c) 1999-2006 Intel Corporation.
[    2.862783] ata1: found unknown device (class 0)
[    2.864448] ata1.00: ATA-7: QEMU HARDDISK, 2.5+, max UDMA/100
[    2.864862] ata1.00: 17196647 sectors, multi 16: LBA48 
[    2.866570] ata2: found unknown device (class 0)
[    2.867177] scsi 0:0:0:0: Direct-Access     ATA      QEMU HARDDISK    2.5+ PQ: 0 ANSI: 5
[    2.868034] ata2.00: ATAPI: QEMU DVD-ROM, 2.5+, max UDMA/100
[    2.871735] sd 0:0:0:0: Attached scsi generic sg0 type 0
[    2.872348] sd 0:0:0:0: [sda] 17196647 512-byte logical blocks: (8.80 GB/8.20 GiB)
[    2.872958] sd 0:0:0:0: [sda] Write Protect is off
[    2.873885] scsi 1:0:0:0: CD-ROM            QEMU     QEMU DVD-ROM     2.5+ PQ: 0 ANSI: 5
[    2.874723] sd 0:0:0:0: [sda] Write cache: enabled, read cache: enabled, doesn't support DPO or FUA
[    2.876234] sd 0:0:0:0: [sda] Preferred minimum I/O size 512 bytes
[    2.896887] scsi 1:0:0:0: Attached scsi generic sg1 type 5
[    2.899105] sd 0:0:0:0: [sda] Attached SCSI disk
[    3.193610] ACPI: \_SB_.LNKC: Enabled at IRQ 11
[    3.501683] e1000 0000:00:03.0 eth0: (PCI:33MHz:32-bit) 52:54:00:12:34:56
[    3.502226] e1000 0000:00:03.0 eth0: Intel(R) PRO/1000 Network Connection
[    3.502828] e1000e: Intel(R) PRO/1000 Network Driver
[    3.503183] e1000e: Copyright(c) 1999 - 2015 Intel Corporation.
[    3.503688] igb: Intel(R) Gigabit Ethernet Network Driver
[    3.504071] igb: Copyright (c) 2007-2014 Intel Corporation.
[    3.504631] PPP generic driver version 2.4.2
[    3.506479] VFIO - User Level meta-driver version: 0.3
[    3.508133] usbcore: registered new interface driver uas
[    3.508564] usbcore: registered new interface driver usb-storage
[    3.509257] i8042: PNP: PS/2 Controller [PNP0303:KBD,PNP0f13:MOU] at 0x60,0x64 irq 1,12
[    3.510682] serio: i8042 KBD port at 0x60,0x64 irq 1
[    3.511091] serio: i8042 AUX port at 0x60,0x64 irq 12
[    3.513282] mousedev: PS/2 mouse device common for all mice
[    3.514857] input: AT Translated Set 2 keyboard as /devices/platform/i8042/serio0/input/input1
[    3.516057] rtc_cmos 00:05: RTC can wake from S4
[    3.518155] rtc_cmos 00:05: registered as rtc0
[    3.518579] rtc_cmos 00:05: setting system clock to 2024-10-01T14:15:00 UTC (1727792100)
[    3.519435] rtc_cmos 00:05: alarms up to one day, y3k, 242 bytes nvram, hpet irqs
[    3.520001] i2c_dev: i2c /dev entries driver
[    3.520833] device-mapper: core: CONFIG_IMA_DISABLE_HTABLE is disabled. Duplicate IMA measurements will not be recorded in the IMA log.
[    3.521172] input: VirtualPS/2 VMware VMMouse as /devices/platform/i8042/serio1/input/input4
[    3.521738] device-mapper: uevent: version 1.0.3
[    3.523196] input: VirtualPS/2 VMware VMMouse as /devices/platform/i8042/serio1/input/input3
[    3.523333] device-mapper: ioctl: 4.48.0-ioctl (2023-03-01) initialised: dm-devel@lists.linux.dev
[    3.524429] intel_pstate: CPU model not supported
[    3.524945] sdhci: Secure Digital Host Controller Interface driver
[    3.525378] sdhci: Copyright(c) Pierre Ossman
[    3.525776] sdhci-pltfm: SDHCI platform and OF driver helper
[    3.526642] drop_monitor: Initializing network drop monitor service
[    3.527436] NET: Registered PF_INET6 protocol family
[    3.532959] Segment Routing with IPv6
[    3.533290] In-situ OAM (IOAM) with IPv6
[    3.533638] NET: Registered PF_PACKET protocol family
[    3.534244] 9pnet: Installing 9P2000 support
[    3.534686] Key type dns_resolver registered
[    3.536724] IPI shorthand broadcast: enabled
[    3.576905] sched_clock: Marking stable (3560004795, 14311852)->(3602836557, -28519910)
[    3.578829] registered taskstats version 1
[    3.583966] Loading compiled-in X.509 certificates
[    3.617515] Demotion targets for Node 0: null
[    3.619337] Key type .fscrypt registered
[    3.619638] Key type fscrypt-provisioning registered
[    3.625464] Key type encrypted registered
[    3.625833] ima: No TPM chip found, activating TPM-bypass!
[    3.626234] ima: Allocated hash algorithm: sha1
[    3.626673] ima: No architecture policies found
[    3.627148] evm: Initialising EVM extended attributes:
[    3.627512] evm: security.selinux
[    3.627755] evm: security.SMACK64
[    3.627997] evm: security.SMACK64EXEC
[    3.628257] evm: security.SMACK64TRANSMUTE
[    3.628545] evm: security.SMACK64MMAP
[    3.628811] evm: security.apparmor
[    3.629057] evm: security.ima
[    3.629276] evm: security.capability
[    3.629530] evm: HMAC attrs: 0x1
[    3.631777] PM:   Magic number: 12:750:231
[    3.633013] RAS: Correctable Errors collector initialized.
[    3.634208] clk: Disabling unused clocks
[    3.634621] PM: genpd: Disabling unused power domains
[    3.635741] md: Waiting for all devices to be available before autodetect
[    3.636084] md: If you don't use raid, use raid=noautodetect
[    3.636348] md: Autodetecting RAID arrays.
[    3.636555] md: autorun ...
[    3.636693] md: ... autorun DONE.
[    3.648877] EXT4-fs (sda): mounted filesystem 088740a9-c8b4-422c-999d-a804eb68a4da ro with ordered data mode. Quota mode: none.
[    3.649501] VFS: Mounted root (ext4 filesystem) readonly on device 8:0.
[    3.653477] devtmpfs: mounted
[    3.668076] Freeing unused decrypted memory: 2028K
[    3.679363] Freeing unused kernel image (initmem) memory: 15488K
[    3.679815] Write protecting the kernel read-only data: 96256k
[    3.681964] Freeing unused kernel image (rodata/data gap) memory: 656K
[    3.732656] x86/mm: Checked W+X mappings: passed, no W+X pages found.
[    3.733002] Run /sbin/init as init process
[    3.999232] systemd[1]: systemd 252-15.el9 running in system mode (+PAM +AUDIT +SELINUX -APPARMOR +IMA +SMACK +SECCOMP +GCRYPT +GNUTLS +OPENSSL +ACL +BLKID +CURL +ELFUTILS -FIDO2 +IDN2 -IDN -IPTC +KMOD +LIBCRYPTSETUP +LIBFDISK +PCRE2 -PWQUALITY +P11KIT -QRENCODE +TPM2 +BZIP2 +LZ4 +XZ +ZLIB +ZSTD -BPF_FRAMEWORK +XKBCOMMON +UTMP +SYSVINIT default-hierarchy=unified)
[    4.000649] systemd[1]: Detected virtualization kvm.
[    4.000900] systemd[1]: Detected architecture x86-64.

Welcome to [0;31mCentOS Stream 9[0m!

[    4.009427] systemd[1]: Hostname set to <test>.
[    4.189613] systemd-rc-local-generator[121]: /etc/rc.d/rc.local is not marked executable, skipping.
[    4.581052] systemd[1]: Queued start job for default target Multi-User System.
[    4.624982] systemd[1]: Created slice Virtual Machine and Container Slice.
[[0;32m  OK  [0m] Created slice [0;1;39mVirtual Machine and Container Slice[0m.
[    4.629605] systemd[1]: Created slice Slice /system/getty.
[[0;32m  OK  [0m] Created slice [0;1;39mSlice /system/getty[0m.
[    4.632195] systemd[1]: Created slice Slice /system/modprobe.
[[0;32m  OK  [0m] Created slice [0;1;39mSlice /system/modprobe[0m.
[    4.634838] systemd[1]: Created slice Slice /system/serial-getty.
[[0;32m  OK  [0m] Created slice [0;1;39mSlice /system/serial-getty[0m.
[    4.637661] systemd[1]: Created slice Slice /system/sshd-keygen.
[[0;32m  OK  [0m] Created slice [0;1;39mSlice /system/sshd-keygen[0m.
[    4.640290] systemd[1]: Created slice User and Session Slice.
[[0;32m  OK  [0m] Created slice [0;1;39mUser and Session Slice[0m.
[    4.641814] systemd[1]: Started Forward Password Requests to Wall Directory Watch.
[[0;32m  OK  [0m] Started [0;1;39mForward Password R…uests to Wall Directory Watch[0m.
[    4.644197] systemd[1]: Set up automount Arbitrary Executable File Formats File System Automount Point.
[[0;32m  OK  [0m] Set up automount [0;1;39mArbitrary…s File System Automount Point[0m.
[    4.645338] systemd[1]: Reached target Local Integrity Protected Volumes.
[[0;32m  OK  [0m] Reached target [0;1;39mLocal Integrity Protected Volumes[0m.
[    4.646306] systemd[1]: Reached target Slice Units.
[[0;32m  OK  [0m] Reached target [0;1;39mSlice Units[0m.
[    4.647168] systemd[1]: Reached target Swaps.
[[0;32m  OK  [0m] Reached target [0;1;39mSwaps[0m.
[    4.647911] systemd[1]: Reached target Local Verity Protected Volumes.
[[0;32m  OK  [0m] Reached target [0;1;39mLocal Verity Protected Volumes[0m.
[    4.649127] systemd[1]: Listening on Device-mapper event daemon FIFOs.
[[0;32m  OK  [0m] Listening on [0;1;39mDevice-mapper event daemon FIFOs[0m.
[    4.650815] systemd[1]: Listening on LVM2 poll daemon socket.
[[0;32m  OK  [0m] Listening on [0;1;39mLVM2 poll daemon socket[0m.
[    4.651900] systemd[1]: multipathd control socket was skipped because of an unmet condition check (ConditionPathExists=/etc/multipath.conf).
[    4.692982] systemd[1]: Listening on RPCbind Server Activation Socket.
[[0;32m  OK  [0m] Listening on [0;1;39mRPCbind Server Activation Socket[0m.
[    4.694135] systemd[1]: Reached target RPC Port Mapper.
[[0;32m  OK  [0m] Reached target [0;1;39mRPC Port Mapper[0m.
[    4.697426] systemd[1]: Listening on Process Core Dump Socket.
[[0;32m  OK  [0m] Listening on [0;1;39mProcess Core Dump Socket[0m.
[    4.698668] systemd[1]: Listening on initctl Compatibility Named Pipe.
[[0;32m  OK  [0m] Listening on [0;1;39minitctl Compatibility Named Pipe[0m.
[    4.700208] systemd[1]: Listening on Journal Socket (/dev/log).
[[0;32m  OK  [0m] Listening on [0;1;39mJournal Socket (/dev/log)[0m.
[    4.701631] systemd[1]: Listening on Journal Socket.
[[0;32m  OK  [0m] Listening on [0;1;39mJournal Socket[0m.
[    4.703059] systemd[1]: Listening on udev Control Socket.
[[0;32m  OK  [0m] Listening on [0;1;39mudev Control Socket[0m.
[    4.704826] systemd[1]: Listening on udev Kernel Socket.
[[0;32m  OK  [0m] Listening on [0;1;39mudev Kernel Socket[0m.
[    4.730801] systemd[1]: Mounting Huge Pages File System...
         Mounting [0;1;39mHuge Pages File System[0m...
[    4.736321] systemd[1]: Mounting POSIX Message Queue File System...
         Mounting [0;1;39mPOSIX Message Queue File System[0m...
[    4.745448] systemd[1]: Mounting Kernel Debug File System...
         Mounting [0;1;39mKernel Debug File System[0m...
[    4.751598] systemd[1]: Mounting Kernel Trace File System...
         Mounting [0;1;39mKernel Trace File System[0m...
[    4.754007] systemd[1]: Kernel Module supporting RPCSEC_GSS was skipped because of an unmet condition check (ConditionPathExists=/etc/krb5.keytab).
[    4.754882] systemd[1]: Create List of Static Device Nodes was skipped because of an unmet condition check (ConditionFileNotEmpty=/lib/modules/6.12.0-rc1-9852d85ec9d4-78c3253f27e5-r+/modules.devname).
[    4.759886] systemd[1]: Starting Monitoring of LVM2 mirrors, snapshots etc. using dmeventd or progress polling...
         Starting [0;1;39mMonitoring of LVM…meventd or progress polling[0m...
[    4.766415] systemd[1]: Starting Load Kernel Module configfs...
         Starting [0;1;39mLoad Kernel Module configfs[0m...
[    4.773667] systemd[1]: Starting Load Kernel Module drm...
         Starting [0;1;39mLoad Kernel Module drm[0m...
[    4.786856] systemd[1]: Starting Load Kernel Module fuse...
         Starting [0;1;39mLoad Kernel Module fuse[0m...
[    4.811654] systemd[1]: Starting Read and set NIS domainname from /etc/sysconfig/network...
         Starting [0;1;39mRead and set NIS …from /etc/sysconfig/network[0m...
[    4.821833] systemd[1]: Starting Journal Service...
         Starting [0;1;39mJournal Service[0m...
[    4.836869] systemd[1]: Starting Load Kernel Modules...
         Starting [0;1;39mLoad Kernel Modules[0m...
[    4.848125] systemd[1]: Starting Generate network units from Kernel command line...
         Starting [0;1;39mGenerate network …ts from Kernel command line[0m...
[    4.937661] systemd[1]: Starting Remount Root and Kernel File Systems...
         Starting [0;1;39mRemount Root and Kernel File Systems[0m...
[    4.940287] systemd[1]: Repartition Root Disk was skipped because no trigger condition checks were met.
[    4.947209] systemd[1]: Starting Coldplug All udev Devices...
         Starting [0;1;39mColdplug All udev Devices[0m...
[    4.963177] systemd[1]: Started Journal Service.
[[0;32m  OK  [0m] Started [0;1;39mJournal Service[0m.
[[0;32m  OK  [0m] Mounted [0;1;39mHuge Pages File System[0m.
[[0;32m  OK  [0m] Mounted [0;1;39mPOSIX Message Queue File System[0m.
[[0;32m  OK  [0m] Mounted [0;1;39mKernel Debug File System[0m.
[[0;32m  OK  [0m] Mounted [0;1;39mKernel Trace File System[0m.
[[0;32m  OK  [0m] Finished [0;1;39mLoad Kernel Module configfs[0m.
[[0;32m  OK  [0m] Finished [0;1;39mLoad Kernel Module drm[0m.
[[0;32m  OK  [0m] Finished [0;1;39mMonitoring of LVM… dmeventd or progress polling[0m.
[[0;32m  OK  [0m] Finished [0;1;39mLoad Kernel Module fuse[0m.
[[0;32m  OK  [0m] Finished [0;1;39mRead and set NIS …e from /etc/sysconfig/network[0m.
[[0;1;31mFAILED[0m] Failed to start [0;1;39mLoad Kernel Modules[0m.
See 'systemctl status systemd-modules-load.service' for details.
[[0;32m  OK  [0m] Finished [0;1;39mGenerate network units from Kernel command line[0m.
[[0;32m  OK  [0m] Reached target [0;1;39mPreparation for Network[0m.
[    5.013015] EXT4-fs (sda): re-mounted 088740a9-c8b4-422c-999d-a804eb68a4da r/w. Quota mode: none.
         Mounting [0;1;39mFUSE Control File System[0m...
         Mounting [0;1;39mKernel Configuration File System[0m...
         Starting [0;1;39mApply Kernel Variables[0m...
[[0;32m  OK  [0m] Finished [0;1;39mRemount Root and Kernel File Systems[0m.
[[0;32m  OK  [0m] Mounted [0;1;39mFUSE Control File System[0m.
[[0;32m  OK  [0m] Mounted [0;1;39mKernel Configuration File System[0m.
         Starting [0;1;39mFlush Journal to Persistent Storage[0m...
         Starting [0;1;39mLoad/Save Random Seed[0m...
         Starting [0;1;39mCreate Static Device Nodes in /dev[0m...
[    5.151970] systemd-journald[147]: Received client request to flush runtime journal.
         Starting [0;1;39mSetup Virtual Console[0m...
[[0;32m  OK  [0m] Finished [0;1;39mApply Kernel Variables[0m.
[[0;32m  OK  [0m] Finished [0;1;39mFlush Journal to Persistent Storage[0m.
[[0;32m  OK  [0m] Finished [0;1;39mLoad/Save Random Seed[0m.
[[0;32m  OK  [0m] Finished [0;1;39mCreate Static Device Nodes in /dev[0m.
         Starting [0;1;39mRule-based Manage…for Device Events and Files[0m...
[[0;32m  OK  [0m] Finished [0;1;39mColdplug All udev Devices[0m.
         Starting [0;1;39mWait for udev To …plete Device Initialization[0m...
[[0;32m  OK  [0m] Started [0;1;39mRule-based Manager for Device Events and Files[0m.
         Starting [0;1;39mAuto-connect to s…E devices found during boot[0m...
[[0;32m  OK  [0m] Finished [0;1;39mSetup Virtual Console[0m.
[[0;32m  OK  [0m] Started [0;1;39mDispatch Password …ts to Console Directory Watch[0m.
[[0;32m  OK  [0m] Reached target [0;1;39mLocal Encrypted Volumes[0m.
[[0;32m  OK  [0m] Reached target [0;1;39mPath Units[0m.
[[0;32m  OK  [0m] Finished [0;1;39mAuto-connect to s…VME devices found during boot[0m.
[[0;32m  OK  [0m] Found device [0;1;39m/dev/ttyS0[0m.
[[0;32m  OK  [0m] Listening on [0;1;39mLoad/Save RF …itch Status /dev/rfkill Watch[0m.
[[0;32m  OK  [0m] Finished [0;1;39mWait for udev To Complete Device Initialization[0m.
[[0;32m  OK  [0m] Reached target [0;1;39mPreparation for Local File Systems[0m.
[[0;32m  OK  [0m] Reached target [0;1;39mLocal File Systems[0m.
         Starting [0;1;39mTell Plymouth To Write Out Runtime Data[0m...
         Starting [0;1;39mAutomatic Boot Loader Update[0m...
         Starting [0;1;39mCreate Volatile Files and Directories[0m...
[[0;32m  OK  [0m] Finished [0;1;39mTell Plymouth To Write Out Runtime Data[0m.
[[0;32m  OK  [0m] Finished [0;1;39mAutomatic Boot Loader Update[0m.
[[0;32m  OK  [0m] Finished [0;1;39mCreate Volatile Files and Directories[0m.
         Mounting [0;1;39mRPC Pipe File System[0m...
         Starting [0;1;39mSecurity Auditing Service[0m...
         Starting [0;1;39mRPC Bind[0m...
[[0;32m  OK  [0m] Mounted [0;1;39mRPC Pipe File System[0m.
[[0;32m  OK  [0m] Reached target [0;1;39mrpc_pipefs.target[0m.
[[0;32m  OK  [0m] Started [0;1;39mRPC Bind[0m.
[[0;32m  OK  [0m] Started [0;1;39mSecurity Auditing Service[0m.
         Starting [0;1;39mRecord System Boot/Shutdown in UTMP[0m...
[[0;32m  OK  [0m] Finished [0;1;39mRecord System Boot/Shutdown in UTMP[0m.
[[0;32m  OK  [0m] Reached target [0;1;39mSystem Initialization[0m.
[[0;32m  OK  [0m] Started [0;1;39mDaily rotation of log files[0m.
[[0;32m  OK  [0m] Started [0;1;39mUpdates mlocate database every day[0m.
[[0;32m  OK  [0m] Started [0;1;39mDaily Cleanup of Temporary Directories[0m.
[[0;32m  OK  [0m] Started [0;1;39mdaily update of the root trust anchor for DNSSEC[0m.
[[0;32m  OK  [0m] Reached target [0;1;39mTimer Units[0m.
[[0;32m  OK  [0m] Listening on [0;1;39mD-Bus System Message Bus Socket[0m.
[[0;32m  OK  [0m] Listening on [0;1;39mOpen-iSCSI iscsid Socket[0m.
[[0;32m  OK  [0m] Listening on [0;1;39mOpen-iSCSI iscsiuio Socket[0m.
[[0;32m  OK  [0m] Listening on [0;1;39mSSSD Kerberos…ache Manager responder socket[0m.
[[0;32m  OK  [0m] Listening on [0;1;39mLibvirt interface local socket[0m.
[[0;32m  OK  [0m] Listening on [0;1;39mVirtual machine lock manager socket[0m.
[[0;32m  OK  [0m] Listening on [0;1;39mVirtual machine log manager socket[0m.
[[0;32m  OK  [0m] Listening on [0;1;39mLibvirt network local socket[0m.
[[0;32m  OK  [0m] Listening on [0;1;39mLibvirt nodedev local socket[0m.
[[0;32m  OK  [0m] Listening on [0;1;39mLibvirt nwfilter local socket[0m.
[[0;32m  OK  [0m] Listening on [0;1;39mLibvirt proxy local socket[0m.
[[0;32m  OK  [0m] Listening on [0;1;39mLibvirt qemu local socket[0m.
[[0;32m  OK  [0m] Listening on [0;1;39mLibvirt qemu admin socket[0m.
[[0;32m  OK  [0m] Listening on [0;1;39mLibvirt qemu local read-only socket[0m.
[[0;32m  OK  [0m] Listening on [0;1;39mLibvirt secret local socket[0m.
[[0;32m  OK  [0m] Listening on [0;1;39mLibvirt storage local socket[0m.
[[0;32m  OK  [0m] Reached target [0;1;39mSocket Units[0m.
         Starting [0;1;39mD-Bus System Message Bus[0m...
[[0;32m  OK  [0m] Started [0;1;39mD-Bus System Message Bus[0m.
[[0;32m  OK  [0m] Reached target [0;1;39mBasic System[0m.
         Starting [0;1;39mNetwork Manager[0m...
         Starting [0;1;39mNTP client/server[0m...
         Starting [0;1;39mRestore /run/initramfs on shutdown[0m...
[[0;32m  OK  [0m] Started [0;1;39mirqbalance daemon[0m.
[[0;32m  OK  [0m] Started [0;1;39mlibstoragemgmt plug-in server daemon[0m.
[[0;32m  OK  [0m] Started [0;1;39mMachine Check Exception Logging Daemon[0m.
[[0;32m  OK  [0m] Reached target [0;1;39msshd-keygen.target[0m.
[[0;32m  OK  [0m] Reached target [0;1;39mUser and Group Name Lookups[0m.
         Starting [0;1;39mUser Login Management[0m...
         Starting [0;1;39mVirtual Machine a…tainer Registration Service[0m...
         Starting [0;1;39mupdate of the roo…NSSEC validation in unbound[0m...
         Starting [0;1;39mRotate log files[0m...
[[0;32m  OK  [0m] Started [0;1;39mUpdate a database for mlocate[0m.
[[0;32m  OK  [0m] Finished [0;1;39mRestore /run/initramfs on shutdown[0m.
[[0;32m  OK  [0m] Started [0;1;39mNTP client/server[0m.
[[0;32m  OK  [0m] Started [0;1;39mVirtual Machine an…ontainer Registration Service[0m.
[[0;32m  OK  [0m] Finished [0;1;39mupdate of the roo… DNSSEC validation in unbound[0m.
         Starting [0;1;39mHostname Service[0m...
[[0;32m  OK  [0m] Started [0;1;39mUser Login Management[0m.
[[0;32m  OK  [0m] Finished [0;1;39mRotate log files[0m.
[[0;32m  OK  [0m] Started [0;1;39mHostname Service[0m.
         Starting [0;1;39mNetwork Manager Script Dispatcher Service[0m...
[[0;32m  OK  [0m] Started [0;1;39mNetwork Manager Script Dispatcher Service[0m.
[    8.038595] e1000: eth0 NIC Link is Up 1000 Mbps Full Duplex, Flow Control: RX
[[0;32m  OK  [0m] Started [0;1;39mNetwork Manager[0m.
[[0;32m  OK  [0m] Reached target [0;1;39mNetwork[0m.
[[0;32m  OK  [0m] Reached target [0;1;39mNetwork is Online[0m.
         Starting [0;1;39mGSSAPI Proxy Daemon[0m...
         Starting [0;1;39mNotify NFS peers of a restart[0m...
         Starting [0;1;39mSystem Logging Service[0m...
         Starting [0;1;39mOpenSSH server daemon[0m...
         Starting [0;1;39mDynamic System Tuning Daemon[0m...
[[0;32m  OK  [0m] Started [0;1;39mNotify NFS peers of a restart[0m.
[[0;32m  OK  [0m] Started [0;1;39mSystem Logging Service[0m.
[[0;32m  OK  [0m] Started [0;1;39mGSSAPI Proxy Daemon[0m.
[[0;32m  OK  [0m] Reached target [0;1;39mNFS client services[0m.
[[0;32m  OK  [0m] Reached target [0;1;39mPreparation for Remote File Systems[0m.
[[0;32m  OK  [0m] Reached target [0;1;39mRemote File Systems[0m.
         Starting [0;1;39mPermit User Sessions[0m...
         Starting [0;1;39mVirtualization qemu daemon[0m...
[[0;32m  OK  [0m] Started [0;1;39mOpenSSH server daemon[0m.
[[0;32m  OK  [0m] Finished [0;1;39mPermit User Sessions[0m.
[[0;32m  OK  [0m] Started [0;1;39mDeferred execution scheduler[0m.
[[0;32m  OK  [0m] Started [0;1;39mCommand Scheduler[0m.
         Starting [0;1;39mHold until boot process finishes up[0m...
         Starting [0;1;39mTerminate Plymouth Boot Screen[0m...
[[0;32m  OK  [0m] Finished [0;1;39mHold until boot process finishes up[0m.
[[0;32m  OK  [0m] Started [0;1;39mGetty on tty1[0m.
[[0;32m  OK  [0m] Started [0;1;39mSerial Getty on ttyS0[0m.
[[0;32m  OK  [0m] Reached target [0;1;39mLogin Prompts[0m.
[[0;32m  OK  [0m] Finished [0;1;39mTerminate Plymouth Boot Screen[0m.
[[0;32m  OK  [0m] Started [0;1;39mVirtualization qemu daemon[0m.
         Starting [0;1;39mAuthorization Manager[0m...
[[0;32m  OK  [0m] Started [0;1;39mAuthorization Manager[0m.
[[0;32m  OK  [0m] Started [0;1;39mDynamic System Tuning Daemon[0m.
[[0;32m  OK  [0m] Reached target [0;1;39mMulti-User System[0m.
         Starting [0;1;39mRecord Runlevel Change in UTMP[0m...
[[0;32m  OK  [0m] Finished [0;1;39mRecord Runlevel Change in UTMP[0m.

CentOS Stream 9
Kernel 6.12.0-rc1-9852d85ec9d4-78c3253f27e5-r+ on an x86_64

Activate the web console with: systemctl enable --now cockpit.socket

test login: 