c[?7l[2J[0mSeaBIOS (version rel-1.16.0-0-gd239552ce722-prebuilt.qemu.org)


iPXE (http://ipxe.org) 00:03.0 CA00 PCI2.10 PnP PMM+7FF91000+7FEF1000 CA00
Press Ctrl-B to configure iPXE (PCI 00:03.0)...                                                                               


Booting from ROM..c[?7l[2J[    0.000000] Linux version 6.12.0-rc1-9852d85ec9d4+ (root@p-arls02) (gcc (GCC) 11.5.0 20240719 (Red Hat 11.5.0-2), GNU ld version 2.35.2-54.el9) #1 SMP PREEMPT_DYNAMIC Tue Oct  1 00:36:25 CST 2024
[    0.000000] Command line: console=ttyS0 root=/dev/sda earlyprintk=serial net.ifnames=0 plymouth.enable=0
[    0.000000] KERNEL supported cpus:
[    0.000000]   Intel GenuineIntel
[    0.000000]   AMD AuthenticAMD
[    0.000000]   Hygon HygonGenuine
[    0.000000]   Centaur CentaurHauls
[    0.000000]   zhaoxin   Shanghai  
[    0.000000] x86/split lock detection: #DB: warning on user-space bus_locks
[    0.000000] BIOS-provided physical RAM map:
[    0.000000] BIOS-e820: [mem 0x0000000000000000-0x000000000009fbff] usable
[    0.000000] BIOS-e820: [mem 0x000000000009fc00-0x000000000009ffff] reserved
[    0.000000] BIOS-e820: [mem 0x00000000000f0000-0x00000000000fffff] reserved
[    0.000000] BIOS-e820: [mem 0x0000000000100000-0x000000007ffdffff] usable
[    0.000000] BIOS-e820: [mem 0x000000007ffe0000-0x000000007fffffff] reserved
[    0.000000] BIOS-e820: [mem 0x00000000feffc000-0x00000000feffffff] reserved
[    0.000000] BIOS-e820: [mem 0x00000000fffc0000-0x00000000ffffffff] reserved
[    0.000000] printk: legacy bootconsole [earlyser0] enabled
[    0.000000] NX (Execute Disable) protection: active
[    0.000000] APIC: Static calls initialized
[    0.000000] SMBIOS 2.8 present.
[    0.000000] DMI: QEMU Standard PC (i440FX + PIIX, 1996), BIOS rel-1.16.0-0-gd239552ce722-prebuilt.qemu.org 04/01/2014
[    0.000000] DMI: Memory slots populated: 1/1
[    0.000000] Hypervisor detected: KVM
[    0.000000] kvm-clock: Using msrs 4b564d01 and 4b564d00
[    0.000003] kvm-clock: using sched offset of 558179022 cycles
[    0.000391] clocksource: kvm-clock: mask: 0xffffffffffffffff max_cycles: 0x1cd42e4dffb, max_idle_ns: 881590591483 ns
[    0.001568] tsc: Detected 1267.200 MHz processor
[    0.007289] last_pfn = 0x7ffe0 max_arch_pfn = 0x400000000
[    0.007695] MTRR map: 4 entries (3 fixed + 1 variable; max 19), built from 8 variable MTRRs
[    0.008305] x86/PAT: Configuration [0-7]: WB  WC  UC- UC  WB  WP  UC- WT  
[    0.013761] found SMP MP-table at [mem 0x000f5ba0-0x000f5baf]
[    0.014206] Using GB pages for direct mapping
[    0.016594] ACPI: Early table checksum verification disabled
[    0.017009] ACPI: RSDP 0x00000000000F59C0 000014 (v00 BOCHS )
[    0.017443] ACPI: RSDT 0x000000007FFE1951 000034 (v01 BOCHS  BXPC     00000001 BXPC 00000001)
[    0.018082] ACPI: FACP 0x000000007FFE17FD 000074 (v01 BOCHS  BXPC     00000001 BXPC 00000001)
[    0.018725] ACPI: DSDT 0x000000007FFE0040 0017BD (v01 BOCHS  BXPC     00000001 BXPC 00000001)
[    0.019364] ACPI: FACS 0x000000007FFE0000 000040
[    0.019711] ACPI: APIC 0x000000007FFE1871 000080 (v01 BOCHS  BXPC     00000001 BXPC 00000001)
[    0.020351] ACPI: HPET 0x000000007FFE18F1 000038 (v01 BOCHS  BXPC     00000001 BXPC 00000001)
[    0.020987] ACPI: WAET 0x000000007FFE1929 000028 (v01 BOCHS  BXPC     00000001 BXPC 00000001)
[    0.021625] ACPI: Reserving FACP table memory at [mem 0x7ffe17fd-0x7ffe1870]
[    0.022145] ACPI: Reserving DSDT table memory at [mem 0x7ffe0040-0x7ffe17fc]
[    0.022653] ACPI: Reserving FACS table memory at [mem 0x7ffe0000-0x7ffe003f]
[    0.023170] ACPI: Reserving APIC table memory at [mem 0x7ffe1871-0x7ffe18f0]
[    0.023686] ACPI: Reserving HPET table memory at [mem 0x7ffe18f1-0x7ffe1928]
[    0.024205] ACPI: Reserving WAET table memory at [mem 0x7ffe1929-0x7ffe1950]
[    0.025129] No NUMA configuration found
[    0.025400] Faking a node at [mem 0x0000000000000000-0x000000007ffdffff]
[    0.025928] NODE_DATA(0) allocated [mem 0x7ffb5180-0x7ffdfdff]
[    0.026744] Zone ranges:
[    0.026939]   DMA      [mem 0x0000000000001000-0x0000000000ffffff]
[    0.027394]   DMA32    [mem 0x0000000001000000-0x000000007ffdffff]
[    0.027852]   Normal   empty
[    0.028068]   Device   empty
[    0.028283] Movable zone start for each node
[    0.028603] Early memory node ranges
[    0.028866]   node   0: [mem 0x0000000000001000-0x000000000009efff]
[    0.029333]   node   0: [mem 0x0000000000100000-0x000000007ffdffff]
[    0.029799] Initmem setup node 0 [mem 0x0000000000001000-0x000000007ffdffff]
[    0.030598] On node 0, zone DMA: 1 pages in unavailable ranges
[    0.031168] On node 0, zone DMA: 97 pages in unavailable ranges
[    0.051629] On node 0, zone DMA32: 32 pages in unavailable ranges
[    0.089257] kasan: KernelAddressSanitizer initialized
[    0.089863] ACPI: PM-Timer IO Port: 0x608
[    0.090183] ACPI: LAPIC_NMI (acpi_id[0xff] dfl dfl lint[0x1])
[    0.090644] IOAPIC[0]: apic_id 0, version 17, address 0xfec00000, GSI 0-23
[    0.091151] ACPI: INT_SRC_OVR (bus 0 bus_irq 0 global_irq 2 dfl dfl)
[    0.091615] ACPI: INT_SRC_OVR (bus 0 bus_irq 5 global_irq 5 high level)
[    0.092099] ACPI: INT_SRC_OVR (bus 0 bus_irq 9 global_irq 9 high level)
[    0.092581] ACPI: INT_SRC_OVR (bus 0 bus_irq 10 global_irq 10 high level)
[    0.093077] ACPI: INT_SRC_OVR (bus 0 bus_irq 11 global_irq 11 high level)
[    0.093575] ACPI: Using ACPI (MADT) for SMP configuration information
[    0.094039] ACPI: HPET id: 0x8086a201 base: 0xfed00000
[    0.094453] TSC deadline timer available
[    0.094742] CPU topo: Max. logical packages:   1
[    0.095077] CPU topo: Max. logical dies:       1
[    0.095412] CPU topo: Max. dies per package:   1
[    0.095753] CPU topo: Max. threads per core:   1
[    0.096095] CPU topo: Num. cores per package:     2
[    0.096452] CPU topo: Num. threads per package:   2
[    0.096807] CPU topo: Allowing 2 present CPUs plus 0 hotplug CPUs
[    0.097286] kvm-guest: APIC: eoi() replaced with kvm_guest_apic_eoi_write()
[    0.097818] kvm-guest: KVM setup pv remote TLB flush
[    0.098185] kvm-guest: setup PV sched yield
[    0.098516] PM: hibernation: Registered nosave memory: [mem 0x00000000-0x00000fff]
[    0.099060] PM: hibernation: Registered nosave memory: [mem 0x0009f000-0x0009ffff]
[    0.099597] PM: hibernation: Registered nosave memory: [mem 0x000a0000-0x000effff]
[    0.100142] PM: hibernation: Registered nosave memory: [mem 0x000f0000-0x000fffff]
[    0.100684] [mem 0x80000000-0xfeffbfff] available for PCI devices
[    0.101129] Booting paravirtualized kernel on KVM
[    0.101471] clocksource: refined-jiffies: mask: 0xffffffff max_cycles: 0xffffffff, max_idle_ns: 7645519600211568 ns
[    0.102231] setup_percpu: NR_CPUS:8192 nr_cpumask_bits:2 nr_cpu_ids:2 nr_node_ids:1
[    0.103178] percpu: Embedded 85 pages/cpu s311296 r8192 d28672 u1048576
[    0.103789] kvm-guest: PV spinlocks enabled
[    0.104112] PV qspinlock hash table entries: 256 (order: 0, 4096 bytes, linear)
[    0.104650] Kernel command line: net.ifnames=0 console=ttyS0 root=/dev/sda earlyprintk=serial net.ifnames=0 plymouth.enable=0
[    0.105721] random: crng init done
[    0.106308] Dentry cache hash table entries: 262144 (order: 9, 2097152 bytes, linear)
[    0.107008] Inode-cache hash table entries: 131072 (order: 8, 1048576 bytes, linear)
[    0.107772] Fallback order for Node 0: 0 
[    0.107781] Built 1 zonelists, mobility grouping on.  Total pages: 524158
[    0.108546] Policy zone: DMA32
[    0.108768] mem auto-init: stack:off, heap alloc:off, heap free:off
[    0.109213] stackdepot: allocating hash table via alloc_large_system_hash
[    0.109697] stackdepot hash table entries: 1048576 (order: 12, 16777216 bytes, linear)
[    0.162182] SLUB: HWalign=64, Order=0-3, MinObjects=0, CPUs=2, Nodes=1
[    0.162667] kmemleak: Kernel memory leak detector disabled
[    0.163168] ftrace: allocating 72388 entries in 283 pages
[    0.193932] ftrace: allocated 283 pages with 5 groups
[    0.197959] Dynamic Preempt: voluntary
[    0.198546] Running RCU self tests
[    0.198794] Running RCU synchronous self tests
[    0.199116] rcu: Preemptible hierarchical RCU implementation.
[    0.199473] rcu: 	RCU lockdep checking is enabled.
[    0.199784] rcu: 	RCU restricting CPUs from NR_CPUS=8192 to nr_cpu_ids=2.
[    0.200259] 	Trampoline variant of Tasks RCU enabled.
[    0.200613] 	Rude variant of Tasks RCU enabled.
[    0.200934] 	Tracing variant of Tasks RCU enabled.
[    0.201268] rcu: RCU calculated value of scheduler-enlistment delay is 25 jiffies.
[    0.201786] rcu: Adjusting geometry for rcu_fanout_leaf=16, nr_cpu_ids=2
[    0.202292] Running RCU synchronous self tests
[    0.202603] RCU Tasks: Setting shift to 1 and lim to 1 rcu_task_cb_adjust=1 rcu_task_cpu_ids=2.
[    0.203204] RCU Tasks Rude: Setting shift to 1 and lim to 1 rcu_task_cb_adjust=1 rcu_task_cpu_ids=2.
[    0.203848] RCU Tasks Trace: Setting shift to 1 and lim to 1 rcu_task_cb_adjust=1 rcu_task_cpu_ids=2.
[    0.229235] NR_IRQS: 524544, nr_irqs: 440, preallocated irqs: 16
[    0.230098] rcu: srcu_init: Setting srcu_struct sizes based on contention.
[    0.236388] Console: colour VGA+ 80x25
[    0.236728] printk: legacy console [ttyS0] enabled
[    0.236728] printk: legacy console [ttyS0] enabled
[    0.237408] printk: legacy bootconsole [earlyser0] disabled
[    0.237408] printk: legacy bootconsole [earlyser0] disabled
[    0.238216] Lock dependency validator: Copyright (c) 2006 Red Hat, Inc., Ingo Molnar
[    0.238761] ... MAX_LOCKDEP_SUBCLASSES:  8
[    0.239063] ... MAX_LOCK_DEPTH:          48
[    0.239367] ... MAX_LOCKDEP_KEYS:        8192
[    0.239684] ... CLASSHASH_SIZE:          4096
[    0.240002] ... MAX_LOCKDEP_ENTRIES:     524288
[    0.240332] ... MAX_LOCKDEP_CHAINS:      524288
[    0.240646] ... CHAINHASH_SIZE:          262144
[    0.240977]  memory used by lock dependency info: 54145 kB
[    0.241364]  memory used for stack traces: 4224 kB
[    0.241702]  per task-struct memory footprint: 1920 bytes
[    0.242165] ACPI: Core revision 20240827
[    0.242767] clocksource: hpet: mask: 0xffffffff max_cycles: 0xffffffff, max_idle_ns: 19112604467 ns
[    0.243563] APIC: Switch to symmetric I/O mode setup
[    0.244055] x2apic enabled
[    0.244578] APIC: Switched APIC routing to: physical x2apic
[    0.244980] kvm-guest: APIC: send_IPI_mask() replaced with kvm_send_ipi_mask()
[    0.245498] kvm-guest: APIC: send_IPI_mask_allbutself() replaced with kvm_send_ipi_mask_allbutself()
[    0.246145] kvm-guest: setup PV IPIs
[    0.247275] ..TIMER: vector=0x30 apic1=0 pin1=2 apic2=-1 pin2=-1
[    0.247822] clocksource: tsc-early: mask: 0xffffffffffffffff max_cycles: 0x12441513526, max_idle_ns: 440795239872 ns
[    0.248551] Calibrating delay loop (skipped) preset value.. 2534.40 BogoMIPS (lpj=5068800)
[    0.249251] CPU0: Thermal monitoring enabled (TM1)
[    0.249601] x86/cpu: User Mode Instruction Prevention (UMIP) activated
[    0.250153] Last level iTLB entries: 4KB 0, 2MB 0, 4MB 0
[    0.250529] Last level dTLB entries: 4KB 0, 2MB 0, 4MB 0, 1GB 0
[    0.250960] Spectre V1 : Mitigation: usercopy/swapgs barriers and __user pointer sanitization
[    0.252566] Spectre V2 : WARNING: Unprivileged eBPF is enabled with eIBRS on, data leaks possible via Spectre v2 BHB attacks!
[    0.253349] Spectre V2 : Spectre BHI mitigation: SW BHB clearing on syscall and VM exit
[    0.253882] Spectre V2 : Mitigation: Enhanced / Automatic IBRS
[    0.254279] Spectre V2 : Spectre v2 / SpectreRSB mitigation: Filling RSB on context switch
[    0.254830] Spectre V2 : Spectre v2 / PBRSB-eIBRS: Retire a single CALL on VMEXIT
[    0.255338] Spectre V2 : mitigation: Enabling conditional Indirect Branch Prediction Barrier
[    0.255914] Speculative Store Bypass: Mitigation: Speculative Store Bypass disabled via prctl
[    0.256541] MMIO Stale Data: Unknown: No mitigations
[    0.256908] x86/fpu: Supporting XSAVE feature 0x001: 'x87 floating point registers'
[    0.257451] x86/fpu: Supporting XSAVE feature 0x002: 'SSE registers'
[    0.257910] x86/fpu: Supporting XSAVE feature 0x004: 'AVX registers'
[    0.258353] x86/fpu: Supporting XSAVE feature 0x200: 'Protection Keys User registers'
[    0.258902] x86/fpu: xstate_offset[2]:  576, xstate_sizes[2]:  256
[    0.259338] x86/fpu: xstate_offset[9]:  832, xstate_sizes[9]:    8
[    0.259769] x86/fpu: Enabled xstate features 0x207, context size is 840 bytes, using 'compacted' format.
[    0.366956] Freeing SMP alternatives memory: 56K
[    0.367288] pid_max: default: 32768 minimum: 301
[    0.367778] LSM: initializing lsm=capability,yama,ima,evm
[    0.368267] Yama: becoming mindful.
[    0.368856] Mount-cache hash table entries: 4096 (order: 3, 32768 bytes, linear)
[    0.369379] Mountpoint-cache hash table entries: 4096 (order: 3, 32768 bytes, linear)
[    0.371188] Running RCU synchronous self tests
[    0.371494] Running RCU synchronous self tests
[    0.372064] smpboot: CPU0: Genuine Intel(R) 0000 @ (family: 0x6, model: 0xc6, stepping: 0x0)
[    0.372538] Running RCU Tasks wait API self tests
[    0.472679] Running RCU Tasks Rude wait API self tests
[    0.473200] Running RCU Tasks Trace wait API self tests
[    0.473597] Performance Events: unsupported p6 CPU model 198 no PMU driver, software events only.
[    0.474250] signal: max sigframe size: 3632
[    0.474733] rcu: Hierarchical SRCU implementation.
[    0.475068] rcu: 	Max phase no-delay instances is 1000.
[    0.475591] Timer migration: 1 hierarchy levels; 8 children per group; 1 crossnode level
[    0.477664] NMI watchdog: Perf NMI watchdog permanently disabled
[    0.478214] smp: Bringing up secondary CPUs ...
[    0.478999] smpboot: x86: Booting SMP configuration:
[    0.479346] .... node  #0, CPUs:      #1
[    0.480645] smp: Brought up 1 node, 2 CPUs
[    0.481234] smpboot: Total of 2 processors activated (5068.80 BogoMIPS)
[    0.482193] Memory: 1552196K/2096632K available (77824K kernel code, 14994K rwdata, 17776K rodata, 15488K init, 69572K bss, 537212K reserved, 0K cma-reserved)
[    0.484560] devtmpfs: initialized
[    0.485116] x86/mm: Memory block size: 128MB
[    0.488630] Callback from call_rcu_tasks_trace() invoked.
[    0.492195] Running RCU synchronous self tests
[    0.492195] Running RCU synchronous self tests
[    0.492615] clocksource: jiffies: mask: 0xffffffff max_cycles: 0xffffffff, max_idle_ns: 7645041785100000 ns
[    0.493294] futex hash table entries: 512 (order: 4, 65536 bytes, linear)
[    0.494127] pinctrl core: initialized pinctrl subsystem
[    0.494127] 
[    0.496583] *************************************************************
[    0.496583] **     NOTICE NOTICE NOTICE NOTICE NOTICE NOTICE NOTICE    **
[    0.496583] **                                                         **
[    0.496583] **  IOMMU DebugFS SUPPORT HAS BEEN ENABLED IN THIS KERNEL  **
[    0.496583] **                                                         **
[    0.496583] ** This means that this kernel is built to expose internal **
[    0.496583] ** IOMMU data structures, which may compromise security on **
[    0.496583] ** your system.                                            **
[    0.496660] **                                                         **
[    0.497028] ** If you see this message and you are not debugging the   **
[    0.497512] ** kernel, report this immediately to your vendor!         **
[    0.497992] **                                                         **
[    0.498472] **     NOTICE NOTICE NOTICE NOTICE NOTICE NOTICE NOTICE    **
[    0.498951] *************************************************************
[    0.499490] PM: RTC time: 09:02:50, date: 2024-10-01
[    0.501831] NET: Registered PF_NETLINK/PF_ROUTE protocol family
[    0.503097] DMA: preallocated 256 KiB GFP_KERNEL pool for atomic allocations
[    0.503604] DMA: preallocated 256 KiB GFP_KERNEL|GFP_DMA pool for atomic allocations
[    0.504156] DMA: preallocated 256 KiB GFP_KERNEL|GFP_DMA32 pool for atomic allocations
[    0.504666] audit: initializing netlink subsys (disabled)
[    0.508673] audit: type=2000 audit(1727773370.277:1): state=initialized audit_enabled=0 res=1
[    0.509739] thermal_sys: Registered thermal governor 'fair_share'
[    0.509747] thermal_sys: Registered thermal governor 'bang_bang'
[    0.510191] thermal_sys: Registered thermal governor 'step_wise'
[    0.510609] thermal_sys: Registered thermal governor 'user_space'
[    0.511076] cpuidle: using governor ladder
[    0.512839] cpuidle: using governor menu
[    0.513150] acpiphp: ACPI Hot Plug PCI Controller Driver version: 0.5
[    0.514336] PCI: Using configuration type 1 for base access
[    0.514943] kprobes: kprobe jump-optimization is enabled. All kprobes are optimized if possible.
[    0.598909] HugeTLB: registered 1.00 GiB page size, pre-allocated 0 pages
[    0.598909] HugeTLB: 16380 KiB vmemmap can be freed for a 1.00 GiB page
[    0.598909] HugeTLB: registered 2.00 MiB page size, pre-allocated 0 pages
[    0.598909] HugeTLB: 28 KiB vmemmap can be freed for a 2.00 MiB page
[    0.604374] ACPI: Added _OSI(Module Device)
[    0.604548] ACPI: Added _OSI(Processor Device)
[    0.604869] ACPI: Added _OSI(3.0 _SCP Extensions)
[    0.605204] ACPI: Added _OSI(Processor Aggregator Device)
[    0.614421] ACPI: 1 ACPI AML tables successfully acquired and loaded
[    0.618819] ACPI: Interpreter enabled
[    0.619197] ACPI: PM: (supports S0 S3 S4 S5)
[    0.619495] ACPI: Using IOAPIC for interrupt routing
[    0.619911] PCI: Using host bridge windows from ACPI; if necessary, use "pci=nocrs" and report a bug
[    0.620547] PCI: Using E820 reservations for host bridge windows
[    0.621770] ACPI: Enabled 2 GPEs in block 00 to 0F
[    0.644940] ACPI: PCI Root Bridge [PCI0] (domain 0000 [bus 00-ff])
[    0.645407] acpi PNP0A03:00: _OSC: OS supports [ASPM ClockPM Segments MSI EDR HPX-Type3]
[    0.645984] acpi PNP0A03:00: _OSC: not requesting OS control; OS requires [ExtendedConfig ASPM ClockPM MSI]
[    0.646750] acpi PNP0A03:00: fail to add MMCONFIG information, can't access extended configuration space under this bridge
[    0.650482] acpiphp: Slot [3] registered
[    0.650831] acpiphp: Slot [4] registered
[    0.651200] acpiphp: Slot [5] registered
[    0.651559] acpiphp: Slot [6] registered
[    0.651918] acpiphp: Slot [7] registered
[    0.652280] acpiphp: Slot [8] registered
[    0.652627] acpiphp: Slot [9] registered
[    0.652994] acpiphp: Slot [10] registered
[    0.653364] acpiphp: Slot [11] registered
[    0.653734] acpiphp: Slot [12] registered
[    0.654108] acpiphp: Slot [13] registered
[    0.654466] acpiphp: Slot [14] registered
[    0.654837] acpiphp: Slot [15] registered
[    0.655211] acpiphp: Slot [16] registered
[    0.655570] acpiphp: Slot [17] registered
[    0.655938] acpiphp: Slot [18] registered
[    0.656304] acpiphp: Slot [19] registered
[    0.656629] acpiphp: Slot [20] registered
[    0.656997] acpiphp: Slot [21] registered
[    0.657366] acpiphp: Slot [22] registered
[    0.657713] acpiphp: Slot [23] registered
[    0.658081] acpiphp: Slot [24] registered
[    0.658447] acpiphp: Slot [25] registered
[    0.659097] acpiphp: Slot [26] registered
[    0.659482] acpiphp: Slot [27] registered
[    0.659861] acpiphp: Slot [28] registered
[    0.660227] acpiphp: Slot [29] registered
[    0.660602] acpiphp: Slot [30] registered
[    0.660972] acpiphp: Slot [31] registered
[    0.661298] PCI host bridge to bus 0000:00
[    0.661629] pci_bus 0000:00: root bus resource [io  0x0000-0x0cf7 window]
[    0.662111] pci_bus 0000:00: root bus resource [io  0x0d00-0xffff window]
[    0.662591] pci_bus 0000:00: root bus resource [mem 0x000a0000-0x000bffff window]
[    0.663118] pci_bus 0000:00: root bus resource [mem 0x80000000-0xfebfffff window]
[    0.663648] pci_bus 0000:00: root bus resource [mem 0x100000000-0x17fffffff window]
[    0.664189] pci_bus 0000:00: root bus resource [bus 00-ff]
[    0.664656] pci 0000:00:00.0: [8086:1237] type 00 class 0x060000 conventional PCI endpoint
[    0.671092] pci 0000:00:01.0: [8086:7000] type 00 class 0x060100 conventional PCI endpoint
[    0.672586] pci 0000:00:01.1: [8086:7010] type 00 class 0x010180 conventional PCI endpoint
[    0.674619] pci 0000:00:01.1: BAR 4 [io  0xc040-0xc04f]
[    0.675642] pci 0000:00:01.1: BAR 0 [io  0x01f0-0x01f7]: legacy IDE quirk
[    0.676120] pci 0000:00:01.1: BAR 1 [io  0x03f6]: legacy IDE quirk
[    0.676545] pci 0000:00:01.1: BAR 2 [io  0x0170-0x0177]: legacy IDE quirk
[    0.677371] pci 0000:00:01.1: BAR 3 [io  0x0376]: legacy IDE quirk
[    0.678135] pci 0000:00:01.3: [8086:7113] type 00 class 0x068000 conventional PCI endpoint
[    0.678994] pci 0000:00:01.3: quirk: [io  0x0600-0x063f] claimed by PIIX4 ACPI
[    0.679503] pci 0000:00:01.3: quirk: [io  0x0700-0x070f] claimed by PIIX4 SMB
[    0.680321] pci 0000:00:02.0: [1234:1111] type 00 class 0x030000 conventional PCI endpoint
[    0.681855] pci 0000:00:02.0: BAR 0 [mem 0xfd000000-0xfdffffff pref]
[    0.683549] pci 0000:00:02.0: BAR 2 [mem 0xfebf0000-0xfebf0fff]
[    0.687716] pci 0000:00:02.0: ROM [mem 0xfebe0000-0xfebeffff pref]
[    0.688716] pci 0000:00:02.0: Video device with shadowed ROM at [mem 0x000c0000-0x000dffff]
[    0.697042] pci 0000:00:03.0: [8086:100e] type 00 class 0x020000 conventional PCI endpoint
[    0.698515] pci 0000:00:03.0: BAR 0 [mem 0xfebc0000-0xfebdffff]
[    0.699553] pci 0000:00:03.0: BAR 1 [io  0xc000-0xc03f]
[    0.702407] pci 0000:00:03.0: ROM [mem 0xfeb80000-0xfebbffff pref]
[    0.717423] ACPI: PCI: Interrupt link LNKA configured for IRQ 10
[    0.718501] ACPI: PCI: Interrupt link LNKB configured for IRQ 10
[    0.719493] ACPI: PCI: Interrupt link LNKC configured for IRQ 11
[    0.720491] ACPI: PCI: Interrupt link LNKD configured for IRQ 11
[    0.720795] ACPI: PCI: Interrupt link LNKS configured for IRQ 9
[    0.724579] iommu: Default domain type: Translated
[    0.724931] iommu: DMA domain TLB invalidation policy: lazy mode
[    0.726986] SCSI subsystem initialized
[    0.727600] ACPI: bus type USB registered
[    0.727973] usbcore: registered new interface driver usbfs
[    0.728401] usbcore: registered new interface driver hub
[    0.728605] usbcore: registered new device driver usb
[    0.729108] pps_core: LinuxPPS API ver. 1 registered
[    0.729465] pps_core: Software ver. 5.3.6 - Copyright 2005-2007 Rodolfo Giometti <giometti@linux.it>
[    0.730116] PTP clock support registered
[    0.730676] EDAC MC: Ver: 3.0.0
[    0.732834] NetLabel: Initializing
[    0.733081] NetLabel:  domain hash size = 128
[    0.733387] NetLabel:  protocols = UNLABELED CIPSOv4 CALIPSO
[    0.733869] NetLabel:  unlabeled traffic allowed by default
[    0.734644] PCI: Using ACPI for IRQ routing
[    0.735205] pci 0000:00:02.0: vgaarb: setting as boot VGA device
[    0.735641] pci 0000:00:02.0: vgaarb: bridge control possible
[    0.736048] pci 0000:00:02.0: vgaarb: VGA device added: decodes=io+mem,owns=io+mem,locks=none
[    0.736547] vgaarb: loaded
[    0.737051] hpet0: at MMIO 0xfed00000, IRQs 2, 8, 0
[    0.737442] hpet0: 3 comparators, 64-bit 100.000000 MHz counter
[    0.746081] clocksource: Switched to clocksource kvm-clock
[    2.270275] VFS: Disk quotas dquot_6.6.0
[    2.270949] VFS: Dquot-cache hash table entries: 512 (order 0, 4096 bytes)
[    2.272028] Callback from call_rcu_tasks() invoked.
[    2.272962] pnp: PnP ACPI init
[    2.275930] pnp: PnP ACPI: found 6 devices
[    2.289105] clocksource: acpi_pm: mask: 0xffffff max_cycles: 0xffffff, max_idle_ns: 2085701024 ns
[    2.290083] NET: Registered PF_INET protocol family
[    2.290575] IP idents hash table entries: 32768 (order: 6, 262144 bytes, linear)
[    2.292156] tcp_listen_portaddr_hash hash table entries: 1024 (order: 4, 73728 bytes, linear)
[    2.292777] Table-perturb hash table entries: 65536 (order: 6, 262144 bytes, linear)
[    2.293410] TCP established hash table entries: 16384 (order: 5, 131072 bytes, linear)
[    2.294180] TCP bind hash table entries: 16384 (order: 9, 2359296 bytes, linear)
[    2.295564] TCP: Hash tables configured (established 16384 bind 16384)
[    2.296123] UDP hash table entries: 1024 (order: 5, 163840 bytes, linear)
[    2.296641] UDP-Lite hash table entries: 1024 (order: 5, 163840 bytes, linear)
[    2.297370] NET: Registered PF_UNIX/PF_LOCAL protocol family
[    2.298772] RPC: Registered named UNIX socket transport module.
[    2.299239] RPC: Registered udp transport module.
[    2.299575] RPC: Registered tcp transport module.
[    2.299906] RPC: Registered tcp-with-tls transport module.
[    2.300290] RPC: Registered tcp NFSv4.1 backchannel transport module.
[    2.300763] pci_bus 0000:00: resource 4 [io  0x0000-0x0cf7 window]
[    2.301203] pci_bus 0000:00: resource 5 [io  0x0d00-0xffff window]
[    2.301640] pci_bus 0000:00: resource 6 [mem 0x000a0000-0x000bffff window]
[    2.302152] pci_bus 0000:00: resource 7 [mem 0x80000000-0xfebfffff window]
[    2.302637] pci_bus 0000:00: resource 8 [mem 0x100000000-0x17fffffff window]
[    2.303394] pci 0000:00:01.0: PIIX3: Enabling Passive Release
[    2.303805] pci 0000:00:00.0: Limiting direct PCI/PCI transfers
[    2.304286] PCI: CLS 0 bytes, default 64
[    2.304640] ACPI: bus type thunderbolt registered
[    2.305229] clocksource: tsc: mask: 0xffffffffffffffff max_cycles: 0x12441513526, max_idle_ns: 440795239872 ns
[    2.310338] Initialise system trusted keyrings
[    2.310745] Key type blacklist registered
[    2.311468] workingset: timestamp_bits=36 max_order=19 bucket_order=0
[    2.311975] zbud: loaded
[    2.313453] squashfs: version 4.0 (2009/01/31) Phillip Lougher
[    2.315959] NFS: Registering the id_resolver key type
[    2.316350] Key type id_resolver registered
[    2.316655] Key type id_legacy registered
[    2.316990] nfs4filelayout_init: NFSv4 File Layout Driver Registering...
[    2.317479] nfs4flexfilelayout_init: NFSv4 Flexfile Layout Driver Registering...
[    2.318205] fuse: init (API version 7.41)
[    2.318877] SGI XFS with ACLs, security attributes, realtime, quota, no debug enabled
[    2.320636] 9p: Installing v9fs 9p2000 file system support
[    2.329706] Key type asymmetric registered
[    2.330027] Asymmetric key parser 'x509' registered
[    2.330463] Block layer SCSI generic (bsg) driver version 0.4 loaded (major 243)
[    2.331405] io scheduler mq-deadline registered
[    2.331798] io scheduler bfq registered
[    2.333192] ledtrig-cpu: registered to indicate activity on CPUs
[    2.333876] shpchp: Standard Hot Plug PCI Controller Driver version: 0.4
[    2.334844] IPMI message handler: version 39.2
[    2.335214] ipmi device interface
[    2.337303] input: Power Button as /devices/LNXSYSTM:00/LNXPWRBN:00/input/input0
[    2.338158] ACPI: button: Power Button [PWRF]
[    2.340026] ERST DBG: ERST support is disabled.
[    2.341092] Serial: 8250/16550 driver, 32 ports, IRQ sharing enabled
[    2.342346] 00:04: ttyS0 at I/O 0x3f8 (irq = 4, base_baud = 115200) is a 16550A
[    2.358268] Linux agpgart interface v0.103
[    2.360237] ACPI: bus type drm_connector registered
[    2.373213] brd: module loaded
[    2.381801] loop: module loaded
[    2.390226] scsi host0: ata_piix
[    2.391620] scsi host1: ata_piix
[    2.392223] ata1: PATA max MWDMA2 cmd 0x1f0 ctl 0x3f6 bmdma 0xc040 irq 14 lpm-pol 0
[    2.393328] ata2: PATA max MWDMA2 cmd 0x170 ctl 0x376 bmdma 0xc048 irq 15 lpm-pol 0
[    2.396677] tun: Universal TUN/TAP device driver, 1.6
[    2.397944] e100: Intel(R) PRO/100 Network Driver
[    2.398659] e100: Copyright(c) 1999-2006 Intel Corporation
[    2.399529] e1000: Intel(R) PRO/1000 Network Driver
[    2.400256] e1000: Copyright (c) 1999-2006 Intel Corporation.
[    2.550250] ata1: found unknown device (class 0)
[    2.551164] ata1.00: ATA-7: QEMU HARDDISK, 2.5+, max UDMA/100
[    2.551562] ata1.00: 17196647 sectors, multi 16: LBA48 
[    2.552888] scsi 0:0:0:0: Direct-Access     ATA      QEMU HARDDISK    2.5+ PQ: 0 ANSI: 5
[    2.554067] ata2: found unknown device (class 0)
[    2.554783] ata2.00: ATAPI: QEMU DVD-ROM, 2.5+, max UDMA/100
[    2.554918] scsi 0:0:0:0: Attached scsi generic sg0 type 0
[    2.556284] sd 0:0:0:0: [sda] 17196647 512-byte logical blocks: (8.80 GB/8.20 GiB)
[    2.556779] scsi 1:0:0:0: CD-ROM            QEMU     QEMU DVD-ROM     2.5+ PQ: 0 ANSI: 5
[    2.556864] sd 0:0:0:0: [sda] Write Protect is off
[    2.557816] sd 0:0:0:0: [sda] Write cache: enabled, read cache: enabled, doesn't support DPO or FUA
[    2.558527] sd 0:0:0:0: [sda] Preferred minimum I/O size 512 bytes
[    2.580930] sd 0:0:0:0: [sda] Attached SCSI disk
[    2.587199] scsi 1:0:0:0: Attached scsi generic sg1 type 5
[    2.839125] ACPI: \_SB_.LNKC: Enabled at IRQ 11
[    3.145265] e1000 0000:00:03.0 eth0: (PCI:33MHz:32-bit) 52:54:00:12:34:56
[    3.145785] e1000 0000:00:03.0 eth0: Intel(R) PRO/1000 Network Connection
[    3.146379] e1000e: Intel(R) PRO/1000 Network Driver
[    3.146733] e1000e: Copyright(c) 1999 - 2015 Intel Corporation.
[    3.147216] igb: Intel(R) Gigabit Ethernet Network Driver
[    3.147588] igb: Copyright (c) 2007-2014 Intel Corporation.
[    3.148086] PPP generic driver version 2.4.2
[    3.149798] VFIO - User Level meta-driver version: 0.3
[    3.151094] usbcore: registered new interface driver uas
[    3.151518] usbcore: registered new interface driver usb-storage
[    3.152112] i8042: PNP: PS/2 Controller [PNP0303:KBD,PNP0f13:MOU] at 0x60,0x64 irq 1,12
[    3.153870] serio: i8042 KBD port at 0x60,0x64 irq 1
[    3.154277] serio: i8042 AUX port at 0x60,0x64 irq 12
[    3.155701] mousedev: PS/2 mouse device common for all mice
[    3.157276] input: AT Translated Set 2 keyboard as /devices/platform/i8042/serio0/input/input1
[    3.158672] rtc_cmos 00:05: RTC can wake from S4
[    3.160330] rtc_cmos 00:05: registered as rtc0
[    3.160692] rtc_cmos 00:05: setting system clock to 2024-10-01T09:02:52 UTC (1727773372)
[    3.161458] rtc_cmos 00:05: alarms up to one day, y3k, 242 bytes nvram, hpet irqs
[    3.162116] i2c_dev: i2c /dev entries driver
[    3.162813] input: VirtualPS/2 VMware VMMouse as /devices/platform/i8042/serio1/input/input4
[    3.163961] device-mapper: core: CONFIG_IMA_DISABLE_HTABLE is disabled. Duplicate IMA measurements will not be recorded in the IMA log.
[    3.164833] device-mapper: uevent: version 1.0.3
[    3.165615] device-mapper: ioctl: 4.48.0-ioctl (2023-03-01) initialised: dm-devel@lists.linux.dev
[    3.166265] intel_pstate: CPU model not supported
[    3.166733] sdhci: Secure Digital Host Controller Interface driver
[    3.167168] sdhci: Copyright(c) Pierre Ossman
[    3.167551] sdhci-pltfm: SDHCI platform and OF driver helper
[    3.168255] drop_monitor: Initializing network drop monitor service
[    3.168938] NET: Registered PF_INET6 protocol family
[    3.169747] input: VirtualPS/2 VMware VMMouse as /devices/platform/i8042/serio1/input/input3
[    3.172969] Segment Routing with IPv6
[    3.173298] In-situ OAM (IOAM) with IPv6
[    3.173624] NET: Registered PF_PACKET protocol family
[    3.174134] 9pnet: Installing 9P2000 support
[    3.174514] Key type dns_resolver registered
[    3.176148] IPI shorthand broadcast: enabled
[    3.200185] sched_clock: Marking stable (3184003694, 13956250)->(3208847194, -10887250)
[    3.201652] registered taskstats version 1
[    3.202520] Loading compiled-in X.509 certificates
[    3.235164] Demotion targets for Node 0: null
[    3.236746] Key type .fscrypt registered
[    3.237036] Key type fscrypt-provisioning registered
[    3.240411] Key type encrypted registered
[    3.240740] ima: No TPM chip found, activating TPM-bypass!
[    3.241145] ima: Allocated hash algorithm: sha1
[    3.241513] ima: No architecture policies found
[    3.241950] evm: Initialising EVM extended attributes:
[    3.242334] evm: security.selinux
[    3.242568] evm: security.SMACK64
[    3.242802] evm: security.SMACK64EXEC
[    3.243061] evm: security.SMACK64TRANSMUTE
[    3.243354] evm: security.SMACK64MMAP
[    3.243616] evm: security.apparmor
[    3.243862] evm: security.ima
[    3.244079] evm: security.capability
[    3.244337] evm: HMAC attrs: 0x1
[    3.246045] PM:   Magic number: 12:14:19
[    3.247171] RAS: Correctable Errors collector initialized.
[    3.247735] clk: Disabling unused clocks
[    3.248301] PM: genpd: Disabling unused power domains
[    3.249266] md: Waiting for all devices to be available before autodetect
[    3.249664] md: If you don't use raid, use raid=noautodetect
[    3.249931] md: Autodetecting RAID arrays.
[    3.250170] md: autorun ...
[    3.250303] md: ... autorun DONE.
[    3.268471] EXT4-fs (sda): mounted filesystem 088740a9-c8b4-422c-999d-a804eb68a4da ro with ordered data mode. Quota mode: none.
[    3.269053] VFS: Mounted root (ext4 filesystem) readonly on device 8:0.
[    3.272078] devtmpfs: mounted
[    3.285111] Freeing unused decrypted memory: 2028K
[    3.288548] Freeing unused kernel image (initmem) memory: 15488K
[    3.288902] Write protecting the kernel read-only data: 96256k
[    3.290690] Freeing unused kernel image (rodata/data gap) memory: 656K
[    3.340978] x86/mm: Checked W+X mappings: passed, no W+X pages found.
[    3.341293] Run /sbin/init as init process
[    3.551477] systemd[1]: systemd 252-15.el9 running in system mode (+PAM +AUDIT +SELINUX -APPARMOR +IMA +SMACK +SECCOMP +GCRYPT +GNUTLS +OPENSSL +ACL +BLKID +CURL +ELFUTILS -FIDO2 +IDN2 -IDN -IPTC +KMOD +LIBCRYPTSETUP +LIBFDISK +PCRE2 -PWQUALITY +P11KIT -QRENCODE +TPM2 +BZIP2 +LZ4 +XZ +ZLIB +ZSTD -BPF_FRAMEWORK +XKBCOMMON +UTMP +SYSVINIT default-hierarchy=unified)
[    3.552896] systemd[1]: Detected virtualization kvm.
[    3.553145] systemd[1]: Detected architecture x86-64.

Welcome to [0;31mCentOS Stream 9[0m!

[    3.559721] systemd[1]: Hostname set to <test>.
[    3.740587] systemd-rc-local-generator[126]: /etc/rc.d/rc.local is not marked executable, skipping.
[    4.142145] systemd[1]: Queued start job for default target Multi-User System.
[    4.164138] systemd[1]: Created slice Virtual Machine and Container Slice.
[[0;32m  OK  [0m] Created slice [0;1;39mVirtual Machine and Container Slice[0m.
[    4.167931] systemd[1]: Created slice Slice /system/getty.
[[0;32m  OK  [0m] Created slice [0;1;39mSlice /system/getty[0m.
[    4.169915] systemd[1]: Created slice Slice /system/modprobe.
[[0;32m  OK  [0m] Created slice [0;1;39mSlice /system/modprobe[0m.
[    4.171979] systemd[1]: Created slice Slice /system/serial-getty.
[[0;32m  OK  [0m] Created slice [0;1;39mSlice /system/serial-getty[0m.
[    4.174067] systemd[1]: Created slice Slice /system/sshd-keygen.
[[0;32m  OK  [0m] Created slice [0;1;39mSlice /system/sshd-keygen[0m.
[    4.175982] systemd[1]: Created slice User and Session Slice.
[[0;32m  OK  [0m] Created slice [0;1;39mUser and Session Slice[0m.
[    4.177017] systemd[1]: Started Forward Password Requests to Wall Directory Watch.
[[0;32m  OK  [0m] Started [0;1;39mForward Password R…uests to Wall Directory Watch[0m.
[    4.179041] systemd[1]: Set up automount Arbitrary Executable File Formats File System Automount Point.
[[0;32m  OK  [0m] Set up automount [0;1;39mArbitrary…s File System Automount Point[0m.
[    4.180125] systemd[1]: Reached target Local Integrity Protected Volumes.
[[0;32m  OK  [0m] Reached target [0;1;39mLocal Integrity Protected Volumes[0m.
[    4.180965] systemd[1]: Reached target Slice Units.
[[0;32m  OK  [0m] Reached target [0;1;39mSlice Units[0m.
[    4.181605] systemd[1]: Reached target Swaps.
[[0;32m  OK  [0m] Reached target [0;1;39mSwaps[0m.
[    4.182246] systemd[1]: Reached target Local Verity Protected Volumes.
[[0;32m  OK  [0m] Reached target [0;1;39mLocal Verity Protected Volumes[0m.
[    4.183318] systemd[1]: Listening on Device-mapper event daemon FIFOs.
[[0;32m  OK  [0m] Listening on [0;1;39mDevice-mapper event daemon FIFOs[0m.
[    4.184720] systemd[1]: Listening on LVM2 poll daemon socket.
[[0;32m  OK  [0m] Listening on [0;1;39mLVM2 poll daemon socket[0m.
[    4.185633] systemd[1]: multipathd control socket was skipped because of an unmet condition check (ConditionPathExists=/etc/multipath.conf).
[    4.237517] systemd[1]: Listening on RPCbind Server Activation Socket.
[[0;32m  OK  [0m] Listening on [0;1;39mRPCbind Server Activation Socket[0m.
[    4.238581] systemd[1]: Reached target RPC Port Mapper.
[[0;32m  OK  [0m] Reached target [0;1;39mRPC Port Mapper[0m.
[    4.241637] systemd[1]: Listening on Process Core Dump Socket.
[[0;32m  OK  [0m] Listening on [0;1;39mProcess Core Dump Socket[0m.
[    4.242827] systemd[1]: Listening on initctl Compatibility Named Pipe.
[[0;32m  OK  [0m] Listening on [0;1;39minitctl Compatibility Named Pipe[0m.
[    4.244495] systemd[1]: Listening on Journal Socket (/dev/log).
[[0;32m  OK  [0m] Listening on [0;1;39mJournal Socket (/dev/log)[0m.
[    4.245731] systemd[1]: Listening on Journal Socket.
[[0;32m  OK  [0m] Listening on [0;1;39mJournal Socket[0m.
[    4.246989] systemd[1]: Listening on udev Control Socket.
[[0;32m  OK  [0m] Listening on [0;1;39mudev Control Socket[0m.
[    4.248029] systemd[1]: Listening on udev Kernel Socket.
[[0;32m  OK  [0m] Listening on [0;1;39mudev Kernel Socket[0m.
[    4.253542] systemd[1]: Mounting Huge Pages File System...
         Mounting [0;1;39mHuge Pages File System[0m...
[    4.259504] systemd[1]: Mounting POSIX Message Queue File System...
         Mounting [0;1;39mPOSIX Message Queue File System[0m...
[    4.267308] systemd[1]: Mounting Kernel Debug File System...
         Mounting [0;1;39mKernel Debug File System[0m...
[    4.275140] systemd[1]: Mounting Kernel Trace File System...
         Mounting [0;1;39mKernel Trace File System[0m...
[    4.276241] systemd[1]: Kernel Module supporting RPCSEC_GSS was skipped because of an unmet condition check (ConditionPathExists=/etc/krb5.keytab).
[    4.276937] systemd[1]: Create List of Static Device Nodes was skipped because of an unmet condition check (ConditionFileNotEmpty=/lib/modules/6.12.0-rc1-9852d85ec9d4+/modules.devname).
[    4.283354] systemd[1]: Starting Monitoring of LVM2 mirrors, snapshots etc. using dmeventd or progress polling...
         Starting [0;1;39mMonitoring of LVM…meventd or progress polling[0m...
[    4.291304] systemd[1]: Starting Load Kernel Module configfs...
         Starting [0;1;39mLoad Kernel Module configfs[0m...
[    4.299087] systemd[1]: Starting Load Kernel Module drm...
         Starting [0;1;39mLoad Kernel Module drm[0m...
[    4.307029] systemd[1]: Starting Load Kernel Module fuse...
         Starting [0;1;39mLoad Kernel Module fuse[0m...
[    4.318637] systemd[1]: Starting Read and set NIS domainname from /etc/sysconfig/network...
         Starting [0;1;39mRead and set NIS …from /etc/sysconfig/network[0m...
[    4.328689] systemd[1]: Starting Journal Service...
         Starting [0;1;39mJournal Service[0m...
[    4.340994] systemd[1]: Starting Load Kernel Modules...
         Starting [0;1;39mLoad Kernel Modules[0m...
[    4.347756] systemd[1]: Starting Generate network units from Kernel command line...
         Starting [0;1;39mGenerate network …ts from Kernel command line[0m...
[    4.355184] systemd[1]: Starting Remount Root and Kernel File Systems...
         Starting [0;1;39mRemount Root and Kernel File Systems[0m...
[    4.356691] systemd[1]: Repartition Root Disk was skipped because no trigger condition checks were met.
[    4.379533] systemd[1]: Starting Coldplug All udev Devices...
         Starting [0;1;39mColdplug All udev Devices[0m...
[    4.391915] systemd[1]: Mounted Huge Pages File System.
[[0;32m  OK  [0m] Mounted [0;1;39mHuge Pages File System[0m.
[    4.399306] systemd[1]: Mounted POSIX Message Queue File System.
[[0;32m  OK  [0m] Mounted [0;1;39mPOSIX Message Queue File System[0m.
[    4.400526] systemd[1]: Mounted Kernel Debug File System.
[[0;32m  OK  [0m] Mounted [0;1;39mKernel Debug File System[0m.
[    4.401646] systemd[1]: Mounted Kernel Trace File System.
[[0;32m  OK  [0m] Mounted [0;1;39mKernel Trace File System[0m.
[    4.403651] systemd[1]: modprobe@configfs.service: Deactivated successfully.
[    4.404879] systemd[1]: Finished Load Kernel Module configfs.
[[0;32m  OK  [0m] Finished [0;1;39mLoad Kernel Module configfs[0m.
[    4.411066] systemd[1]: modprobe@drm.service: Deactivated successfully.
[    4.412058] systemd[1]: Finished Load Kernel Module drm.
[[0;32m  OK  [0m] Finished [0;1;39mLoad Kernel Module drm[0m.
[    4.414440] systemd[1]: modprobe@fuse.service: Deactivated successfully.
[    4.415422] systemd[1]: Finished Load Kernel Module fuse.
[[0;32m  OK  [0m] Finished [0;1;39mLoad Kernel Module fuse[0m.
[    4.417616] systemd[1]: Finished Read and set NIS domainname from /etc/sysconfig/network.
[[0;32m  OK  [0m] Finished [0;1;39mRead and set NIS …e from /etc/sysconfig/network[0m.
[    4.420050] systemd[1]: systemd-modules-load.service: Main process exited, code=exited, status=1/FAILURE
[    4.420987] systemd[1]: systemd-modules-load.service: Failed with result 'exit-code'.
[    4.422021] systemd[1]: Failed to start Load Kernel Modules.
[[0;1;31mFAILED[0m] Failed to start [0;1;39mLoad Kernel Modules[0m.
See 'systemctl status systemd-modules-load.service' for details.
[    4.424077] systemd[1]: Finished Generate network units from Kernel command line.
[[0;32m  OK  [0m] Finished [0;1;39mGenerate network units from Kernel command line[0m.
[    4.425760] systemd[1]: Reached target Preparation for Network.
[[0;32m  OK  [0m] Reached target [0;1;39mPreparation for Network[0m.
[    4.430993] systemd[1]: Mounting FUSE Control File System...
         Mounting [0;1;39mFUSE Control File System[0m...
[    4.436972] systemd[1]: Mounting Kernel Configuration File System...
         Mounting [0;1;39mKernel Configuration File System[0m...
[    4.445858] systemd[1]: Starting Apply Kernel Variables...
         Starting [0;1;39mApply Kernel Variables[0m...
[    4.479475] EXT4-fs (sda): re-mounted 088740a9-c8b4-422c-999d-a804eb68a4da r/w. Quota mode: none.
[    4.509429] systemd[1]: Started Journal Service.
[[0;32m  OK  [0m] Started [0;1;39mJournal Service[0m.
[[0;32m  OK  [0m] Finished [0;1;39mRemount Root and Kernel File Systems[0m.
[[0;32m  OK  [0m] Mounted [0;1;39mFUSE Control File System[0m.
[[0;32m  OK  [0m] Mounted [0;1;39mKernel Configuration File System[0m.
         Starting [0;1;39mFlush Journal to Persistent Storage[0m...
         Starting [0;1;39mLoad/Save Random Seed[0m...
         Starting [0;1;39mCreate Static Device Nodes in /dev[0m...
         Starting [0;1;39mSetup Virtual Console[0m...
[    4.638676] systemd-journald[148]: Received client request to flush runtime journal.
[[0;32m  OK  [0m] Finished [0;1;39mMonitoring of LVM… dmeventd or progress polling[0m.
[[0;32m  OK  [0m] Finished [0;1;39mApply Kernel Variables[0m.
[[0;32m  OK  [0m] Finished [0;1;39mFlush Journal to Persistent Storage[0m.
[[0;32m  OK  [0m] Finished [0;1;39mLoad/Save Random Seed[0m.
[[0;32m  OK  [0m] Finished [0;1;39mColdplug All udev Devices[0m.
[[0;32m  OK  [0m] Finished [0;1;39mCreate Static Device Nodes in /dev[0m.
         Starting [0;1;39mWait for udev To …plete Device Initialization[0m...
         Starting [0;1;39mRule-based Manage…for Device Events and Files[0m...
[[0;32m  OK  [0m] Started [0;1;39mRule-based Manager for Device Events and Files[0m.
         Starting [0;1;39mAuto-connect to s…E devices found during boot[0m...
[[0;32m  OK  [0m] Finished [0;1;39mSetup Virtual Console[0m.
[[0;32m  OK  [0m] Started [0;1;39mDispatch Password …ts to Console Directory Watch[0m.
[[0;32m  OK  [0m] Reached target [0;1;39mLocal Encrypted Volumes[0m.
[[0;32m  OK  [0m] Reached target [0;1;39mPath Units[0m.
[[0;32m  OK  [0m] Finished [0;1;39mAuto-connect to s…VME devices found during boot[0m.
[[0;32m  OK  [0m] Found device [0;1;39m/dev/ttyS0[0m.
[[0;32m  OK  [0m] Listening on [0;1;39mLoad/Save RF …itch Status /dev/rfkill Watch[0m.
[[0;32m  OK  [0m] Finished [0;1;39mWait for udev To Complete Device Initialization[0m.
[[0;32m  OK  [0m] Reached target [0;1;39mPreparation for Local File Systems[0m.
[[0;32m  OK  [0m] Reached target [0;1;39mLocal File Systems[0m.
         Starting [0;1;39mTell Plymouth To Write Out Runtime Data[0m...
         Starting [0;1;39mAutomatic Boot Loader Update[0m...
         Starting [0;1;39mCreate Volatile Files and Directories[0m...
[[0;32m  OK  [0m] Finished [0;1;39mTell Plymouth To Write Out Runtime Data[0m.
[[0;32m  OK  [0m] Finished [0;1;39mAutomatic Boot Loader Update[0m.
[[0;32m  OK  [0m] Finished [0;1;39mCreate Volatile Files and Directories[0m.
         Mounting [0;1;39mRPC Pipe File System[0m...
         Starting [0;1;39mSecurity Auditing Service[0m...
         Starting [0;1;39mRPC Bind[0m...
[[0;32m  OK  [0m] Mounted [0;1;39mRPC Pipe File System[0m.
[[0;32m  OK  [0m] Reached target [0;1;39mrpc_pipefs.target[0m.
[[0;32m  OK  [0m] Started [0;1;39mRPC Bind[0m.
[[0;32m  OK  [0m] Started [0;1;39mSecurity Auditing Service[0m.
         Starting [0;1;39mRecord System Boot/Shutdown in UTMP[0m...
[[0;32m  OK  [0m] Finished [0;1;39mRecord System Boot/Shutdown in UTMP[0m.
[[0;32m  OK  [0m] Reached target [0;1;39mSystem Initialization[0m.
[[0;32m  OK  [0m] Started [0;1;39mDaily rotation of log files[0m.
[[0;32m  OK  [0m] Started [0;1;39mUpdates mlocate database every day[0m.
[[0;32m  OK  [0m] Started [0;1;39mDaily Cleanup of Temporary Directories[0m.
[[0;32m  OK  [0m] Started [0;1;39mdaily update of the root trust anchor for DNSSEC[0m.
[[0;32m  OK  [0m] Reached target [0;1;39mTimer Units[0m.
[[0;32m  OK  [0m] Listening on [0;1;39mD-Bus System Message Bus Socket[0m.
[[0;32m  OK  [0m] Listening on [0;1;39mOpen-iSCSI iscsid Socket[0m.
[[0;32m  OK  [0m] Listening on [0;1;39mOpen-iSCSI iscsiuio Socket[0m.
[[0;32m  OK  [0m] Listening on [0;1;39mSSSD Kerberos…ache Manager responder socket[0m.
[[0;32m  OK  [0m] Listening on [0;1;39mLibvirt interface local socket[0m.
[[0;32m  OK  [0m] Listening on [0;1;39mVirtual machine lock manager socket[0m.
[[0;32m  OK  [0m] Listening on [0;1;39mVirtual machine log manager socket[0m.
[[0;32m  OK  [0m] Listening on [0;1;39mLibvirt network local socket[0m.
[[0;32m  OK  [0m] Listening on [0;1;39mLibvirt nodedev local socket[0m.
[[0;32m  OK  [0m] Listening on [0;1;39mLibvirt nwfilter local socket[0m.
[[0;32m  OK  [0m] Listening on [0;1;39mLibvirt proxy local socket[0m.
[[0;32m  OK  [0m] Listening on [0;1;39mLibvirt qemu local socket[0m.
[[0;32m  OK  [0m] Listening on [0;1;39mLibvirt qemu admin socket[0m.
[[0;32m  OK  [0m] Listening on [0;1;39mLibvirt qemu local read-only socket[0m.
[[0;32m  OK  [0m] Listening on [0;1;39mLibvirt secret local socket[0m.
[[0;32m  OK  [0m] Listening on [0;1;39mLibvirt storage local socket[0m.
[[0;32m  OK  [0m] Reached target [0;1;39mSocket Units[0m.
         Starting [0;1;39mD-Bus System Message Bus[0m...
[[0;32m  OK  [0m] Started [0;1;39mD-Bus System Message Bus[0m.
[[0;32m  OK  [0m] Reached target [0;1;39mBasic System[0m.
         Starting [0;1;39mNetwork Manager[0m...
         Starting [0;1;39mNTP client/server[0m...
         Starting [0;1;39mRestore /run/initramfs on shutdown[0m...
[[0;32m  OK  [0m] Started [0;1;39mirqbalance daemon[0m.
[[0;32m  OK  [0m] Started [0;1;39mlibstoragemgmt plug-in server daemon[0m.
[[0;32m  OK  [0m] Started [0;1;39mMachine Check Exception Logging Daemon[0m.
[[0;32m  OK  [0m] Reached target [0;1;39msshd-keygen.target[0m.
[[0;32m  OK  [0m] Reached target [0;1;39mUser and Group Name Lookups[0m.
         Starting [0;1;39mUser Login Management[0m...
         Starting [0;1;39mVirtual Machine a…tainer Registration Service[0m...
         Starting [0;1;39mupdate of the roo…NSSEC validation in unbound[0m...
         Starting [0;1;39mRotate log files[0m...
[[0;32m  OK  [0m] Started [0;1;39mUpdate a database for mlocate[0m.
[[0;32m  OK  [0m] Finished [0;1;39mRestore /run/initramfs on shutdown[0m.
[[0;32m  OK  [0m] Started [0;1;39mVirtual Machine an…ontainer Registration Service[0m.
[[0;32m  OK  [0m] Started [0;1;39mNTP client/server[0m.
[[0;32m  OK  [0m] Finished [0;1;39mupdate of the roo… DNSSEC validation in unbound[0m.
[[0;32m  OK  [0m] Started [0;1;39mUser Login Management[0m.
         Starting [0;1;39mHostname Service[0m...
[[0;32m  OK  [0m] Finished [0;1;39mRotate log files[0m.
[[0;32m  OK  [0m] Started [0;1;39mHostname Service[0m.
         Starting [0;1;39mNetwork Manager Script Dispatcher Service[0m...
[[0;32m  OK  [0m] Started [0;1;39mNetwork Manager Script Dispatcher Service[0m.
[    7.638764] e1000: eth0 NIC Link is Up 1000 Mbps Full Duplex, Flow Control: RX
[[0;32m  OK  [0m] Started [0;1;39mNetwork Manager[0m.
[[0;32m  OK  [0m] Reached target [0;1;39mNetwork[0m.
[[0;32m  OK  [0m] Reached target [0;1;39mNetwork is Online[0m.
         Starting [0;1;39mGSSAPI Proxy Daemon[0m...
         Starting [0;1;39mNotify NFS peers of a restart[0m...
         Starting [0;1;39mSystem Logging Service[0m...
         Starting [0;1;39mOpenSSH server daemon[0m...
         Starting [0;1;39mDynamic System Tuning Daemon[0m...
[[0;32m  OK  [0m] Started [0;1;39mNotify NFS peers of a restart[0m.
[[0;32m  OK  [0m] Started [0;1;39mSystem Logging Service[0m.
[[0;32m  OK  [0m] Started [0;1;39mOpenSSH server daemon[0m.
[[0;32m  OK  [0m] Started [0;1;39mGSSAPI Proxy Daemon[0m.
[[0;32m  OK  [0m] Reached target [0;1;39mNFS client services[0m.
[[0;32m  OK  [0m] Reached target [0;1;39mPreparation for Remote File Systems[0m.
[[0;32m  OK  [0m] Reached target [0;1;39mRemote File Systems[0m.
         Starting [0;1;39mPermit User Sessions[0m...
         Starting [0;1;39mVirtualization qemu daemon[0m...
[[0;32m  OK  [0m] Finished [0;1;39mPermit User Sessions[0m.
[[0;32m  OK  [0m] Started [0;1;39mDeferred execution scheduler[0m.
[[0;32m  OK  [0m] Started [0;1;39mCommand Scheduler[0m.
         Starting [0;1;39mHold until boot process finishes up[0m...
         Starting [0;1;39mTerminate Plymouth Boot Screen[0m...
[[0;32m  OK  [0m] Finished [0;1;39mHold until boot process finishes up[0m.
[[0;32m  OK  [0m] Started [0;1;39mGetty on tty1[0m.
[[0;32m  OK  [0m] Started [0;1;39mSerial Getty on ttyS0[0m.
[[0;32m  OK  [0m] Reached target [0;1;39mLogin Prompts[0m.
[[0;32m  OK  [0m] Finished [0;1;39mTerminate Plymouth Boot Screen[0m.
[[0;32m  OK  [0m] Started [0;1;39mVirtualization qemu daemon[0m.
         Starting [0;1;39mAuthorization Manager[0m...
[[0;32m  OK  [0m] Started [0;1;39mAuthorization Manager[0m.
[[0;32m  OK  [0m] Started [0;1;39mDynamic System Tuning Daemon[0m.
[[0;32m  OK  [0m] Reached target [0;1;39mMulti-User System[0m.
         Starting [0;1;39mRecord Runlevel Change in UTMP[0m...
[[0;32m  OK  [0m] Finished [0;1;39mRecord Runlevel Change in UTMP[0m.

CentOS Stream 9
Kernel 6.12.0-rc1-9852d85ec9d4+ on an x86_64

Activate the web console with: systemctl enable --now cockpit.socket

test login: [   16.910304] ==================================================================
[   16.910757] BUG: KASAN: slab-use-after-free in __nf_unregister_net_hook+0x640/0x6b0
[   16.911156] Read of size 8 at addr ffff8880106fe400 by task repro/725
[   16.911529] 
[   16.911674] CPU: 1 UID: 0 PID: 725 Comm: repro Not tainted 6.12.0-rc1-9852d85ec9d4+ #1
[   16.912338] Hardware name: QEMU Standard PC (i440FX + PIIX, 1996), BIOS rel-1.16.0-0-gd239552ce722-prebuilt.qemu.org 04/01/2014
[   16.913460] Call Trace:
[   16.913859]  <TASK>
[   16.913983]  dump_stack_lvl+0xea/0x150
[   16.914262]  print_report+0xce/0x610
[   16.914585]  ? __nf_unregister_net_hook+0x640/0x6b0
[   16.914845]  ? kasan_complete_mode_report_info+0x80/0x200
[   16.915133]  ? __nf_unregister_net_hook+0x640/0x6b0
[   16.915497]  kasan_report+0xcc/0x110
[   16.915687]  ? __nf_unregister_net_hook+0x640/0x6b0
[   16.916082]  ? __pfx_bpf_link_release+0x10/0x10
[   16.916398]  __asan_report_load8_noabort+0x18/0x20
[   16.916655]  __nf_unregister_net_hook+0x640/0x6b0
[   16.916895]  ? __pfx_bpf_link_release+0x10/0x10
[   16.917177]  ? __pfx_bpf_link_release+0x10/0x10
[   16.917467]  nf_unregister_net_hook+0xea/0x140
[   16.917770]  bpf_nf_link_release+0xda/0x1e0
[   16.917983]  bpf_link_free+0x139/0x2d0
[   16.918187]  bpf_link_release+0x68/0x80
[   16.918397]  __fput+0x414/0xb60
[   16.918603]  ____fput+0x22/0x30
[   16.918777]  task_work_run+0x19c/0x2b0
[   16.919006]  ? __pfx_task_work_run+0x10/0x10
[   16.919235]  ? free_nsproxy+0x344/0x470
[   16.919448]  ? switch_task_namespaces+0xf9/0x110
[   16.919711]  do_exit+0xb19/0x2a30
[   16.919913]  ? audit_log_end+0x156/0x2c0
[   16.920202]  ? __pfx_do_exit+0x10/0x10
[   16.920419]  ? audit_seccomp+0x1b2/0x220
[   16.920656]  ? audit_seccomp+0x1b9/0x220
[   16.920872]  __secure_computing+0x2f5/0x350
[   16.921109]  syscall_trace_enter+0x9b/0x230
[   16.921354]  do_syscall_64+0x115/0x140
[   16.921551]  entry_SYSCALL_64_after_hwframe+0x76/0x7e
[   16.921816] RIP: 0033:0x7f2464518a4d
[   16.922038] Code: Unable to access opcode bytes at 0x7f2464518a23.
[   16.922363] RSP: 002b:00007ffe02122928 EFLAGS: 00000246 ORIG_RAX: 00000000000000e7
[   16.922759] RAX: ffffffffffffffda RBX: 00007f24645f69e0 RCX: 00007f2464518a4d
[   16.923163] RDX: 00000000000000e7 RSI: ffffffffffffff80 RDI: 0000000000000000
[   16.923583] RBP: 0000000000000000 R08: 0000000000000000 R09: 0000000000000020
[   16.923965] R10: 00007ffe021227d0 R11: 0000000000000246 R12: 00007f24645f69e0
[   16.924353] R13: 00007f24645fbf00 R14: 0000000000000001 R15: 00007f24645fbee8
[   16.924750]  </TASK>
[   16.924870] 
[   16.924962] Allocated by task 725:
[   16.925153]  kasan_save_stack+0x2c/0x60
[   16.925387]  kasan_save_track+0x18/0x40
[   16.925607]  kasan_save_alloc_info+0x3c/0x50
[   16.925853]  __kasan_slab_alloc+0x62/0x80
[   16.926065]  kmem_cache_alloc_noprof+0x114/0x370
[   16.926334]  copy_net_ns+0xf0/0x6e0
[   16.926520]  create_new_namespaces+0x403/0xb40
[   16.926769]  unshare_nsproxy_namespaces+0xca/0x200
[   16.927038]  ksys_unshare+0x424/0xa10
[   16.927242]  __x64_sys_unshare+0x3a/0x50
[   16.927451]  x64_sys_call+0xcf1/0x20d0
[   16.927670]  do_syscall_64+0x6d/0x140
[   16.927888]  entry_SYSCALL_64_after_hwframe+0x76/0x7e
[   16.928148] 
[   16.928243] Freed by task 51:
[   16.928414]  kasan_save_stack+0x2c/0x60
[   16.928631]  kasan_save_track+0x18/0x40
[   16.928841]  kasan_save_free_info+0x3f/0x60
[   16.929073]  __kasan_slab_free+0x3d/0x60
[   16.929308]  kmem_cache_free+0x1aa/0x550
[   16.929529]  cleanup_net+0x8af/0xae0
[   16.929745]  process_one_work+0x92e/0x1b50
[   16.929981]  worker_thread+0x68d/0xe90
[   16.930204]  kthread+0x35a/0x470
[   16.930424]  ret_from_fork+0x56/0x90
[   16.930626]  ret_from_fork_asm+0x1a/0x30
[   16.930843] 
[   16.930935] The buggy address belongs to the object at ffff8880106fd400
[   16.930935]  which belongs to the cache net_namespace of size 6912
[   16.931597] The buggy address is located 4096 bytes inside of
[   16.931597]  freed 6912-byte region [ffff8880106fd400, ffff8880106fef00)
[   16.932280] 
[   16.932430] The buggy address belongs to the physical page:
[   16.932757] page: refcount:1 mapcount:0 mapping:0000000000000000 index:0x0 pfn:0x106f8
[   16.933195] head: order:3 mapcount:0 entire_mapcount:0 nr_pages_mapped:0 pincount:0
[   16.933592] memcg:ffff88801157d281
[   16.933783] flags: 0xfffffc0000040(head|node=0|zone=1|lastcpupid=0x1fffff)
[   16.934155] page_type: f5(slab)
[   16.934329] raw: 000fffffc0000040 ffff88800d71cdc0 dead000000000122 0000000000000000
[   16.934782] raw: 0000000000000000 0000000080040004 00000001f5000000 ffff88801157d281
[   16.935209] head: 000fffffc0000040 ffff88800d71cdc0 dead000000000122 0000000000000000
[   16.935610] head: 0000000000000000 0000000080040004 00000001f5000000 ffff88801157d281
[   16.936038] head: 000fffffc0000003 ffffea000041be01 ffffffffffffffff 0000000000000000
[   16.936507] head: 0000000000000008 0000000000000000 00000000ffffffff 0000000000000000
[   16.936913] page dumped because: kasan: bad access detected
[   16.937285] 
[   16.937398] Memory state around the buggy address:
[   16.937698]  ffff8880106fe300: fb fb fb fb fb fb fb fb fb fb fb fb fb fb fb fb
[   16.938149]  ffff8880106fe380: fb fb fb fb fb fb fb fb fb fb fb fb fb fb fb fb
[   16.938634] >ffff8880106fe400: fb fb fb fb fb fb fb fb fb fb fb fb fb fb fb fb
[   16.939010]                    ^
[   16.939204]  ffff8880106fe480: fb fb fb fb fb fb fb fb fb fb fb fb fb fb fb fb
[   16.939579]  ffff8880106fe500: fb fb fb fb fb fb fb fb fb fb fb fb fb fb fb fb
[   16.939978] ==================================================================
[   16.940416] Disabling lock debugging due to kernel taint
