c[?7l[2J[0mSeaBIOS (version rel-1.16.0-0-gd239552ce722-prebuilt.qemu.org)


iPXE (http://ipxe.org) 00:03.0 CA00 PCI2.10 PnP PMM+7FF91000+7FEF1000 CA00
Press Ctrl-B to configure iPXE (PCI 00:03.0)...                                                                               


Booting from ROM..c[?7l[2J[    0.000000] Linux version 6.8.0-rc1-db84b758541f+ (root@p-arls02) (gcc (GCC) 11.5.0 20240719 (Red Hat 11.5.0-2), GNU ld version 2.35.2-54.el9) #1 SMP PREEMPT_DYNAMIC Tue Oct  1 19:09:24 CST 2024
[    0.000000] Command line: console=ttyS0 root=/dev/sda earlyprintk=serial net.ifnames=0 plymouth.enable=0
[    0.000000] KERNEL supported cpus:
[    0.000000]   Intel GenuineIntel
[    0.000000]   AMD AuthenticAMD
[    0.000000]   Hygon HygonGenuine
[    0.000000]   Centaur CentaurHauls
[    0.000000]   zhaoxin   Shanghai  
[    0.000000] x86/split lock detection: #DB: warning on user-space bus_locks
[    0.000000] BIOS-provided physical RAM map:
[    0.000000] BIOS-e820: [mem 0x0000000000000000-0x000000000009fbff] usable
[    0.000000] BIOS-e820: [mem 0x000000000009fc00-0x000000000009ffff] reserved
[    0.000000] BIOS-e820: [mem 0x00000000000f0000-0x00000000000fffff] reserved
[    0.000000] BIOS-e820: [mem 0x0000000000100000-0x000000007ffdffff] usable
[    0.000000] BIOS-e820: [mem 0x000000007ffe0000-0x000000007fffffff] reserved
[    0.000000] BIOS-e820: [mem 0x00000000feffc000-0x00000000feffffff] reserved
[    0.000000] BIOS-e820: [mem 0x00000000fffc0000-0x00000000ffffffff] reserved
[    0.000000] printk: legacy bootconsole [earlyser0] enabled
[    0.000000] NX (Execute Disable) protection: active
[    0.000000] APIC: Static calls initialized
[    0.000000] SMBIOS 2.8 present.
[    0.000000] DMI: QEMU Standard PC (i440FX + PIIX, 1996), BIOS rel-1.16.0-0-gd239552ce722-prebuilt.qemu.org 04/01/2014
[    0.000000] Hypervisor detected: KVM
[    0.000000] kvm-clock: Using msrs 4b564d01 and 4b564d00
[    0.000003] kvm-clock: using sched offset of 566529938 cycles
[    0.000374] clocksource: kvm-clock: mask: 0xffffffffffffffff max_cycles: 0x1cd42e4dffb, max_idle_ns: 881590591483 ns
[    0.001525] tsc: Detected 1267.200 MHz processor
[    0.006996] last_pfn = 0x7ffe0 max_arch_pfn = 0x400000000
[    0.007398] MTRR map: 4 entries (3 fixed + 1 variable; max 19), built from 8 variable MTRRs
[    0.007984] x86/PAT: Configuration [0-7]: WB  WC  UC- UC  WB  WP  UC- WT  
[    0.016307] found SMP MP-table at [mem 0x000f5ba0-0x000f5baf]
[    0.016745] Using GB pages for direct mapping
[    0.018789] ACPI: Early table checksum verification disabled
[    0.019198] ACPI: RSDP 0x00000000000F59C0 000014 (v00 BOCHS )
[    0.019618] ACPI: RSDT 0x000000007FFE1951 000034 (v01 BOCHS  BXPC     00000001 BXPC 00000001)
[    0.020234] ACPI: FACP 0x000000007FFE17FD 000074 (v01 BOCHS  BXPC     00000001 BXPC 00000001)
[    0.020849] ACPI: DSDT 0x000000007FFE0040 0017BD (v01 BOCHS  BXPC     00000001 BXPC 00000001)
[    0.021462] ACPI: FACS 0x000000007FFE0000 000040
[    0.021801] ACPI: APIC 0x000000007FFE1871 000080 (v01 BOCHS  BXPC     00000001 BXPC 00000001)
[    0.022415] ACPI: HPET 0x000000007FFE18F1 000038 (v01 BOCHS  BXPC     00000001 BXPC 00000001)
[    0.023027] ACPI: WAET 0x000000007FFE1929 000028 (v01 BOCHS  BXPC     00000001 BXPC 00000001)
[    0.023636] ACPI: Reserving FACP table memory at [mem 0x7ffe17fd-0x7ffe1870]
[    0.024135] ACPI: Reserving DSDT table memory at [mem 0x7ffe0040-0x7ffe17fc]
[    0.024631] ACPI: Reserving FACS table memory at [mem 0x7ffe0000-0x7ffe003f]
[    0.025124] ACPI: Reserving APIC table memory at [mem 0x7ffe1871-0x7ffe18f0]
[    0.025625] ACPI: Reserving HPET table memory at [mem 0x7ffe18f1-0x7ffe1928]
[    0.026117] ACPI: Reserving WAET table memory at [mem 0x7ffe1929-0x7ffe1950]
[    0.026994] No NUMA configuration found
[    0.027265] Faking a node at [mem 0x0000000000000000-0x000000007ffdffff]
[    0.027768] NODE_DATA(0) allocated [mem 0x7ffb5000-0x7ffdffff]
[    0.029748] Zone ranges:
[    0.029915]   DMA      [mem 0x0000000000001000-0x0000000000ffffff]
[    0.030349]   DMA32    [mem 0x0000000001000000-0x000000007ffdffff]
[    0.030784]   Normal   empty
[    0.030987]   Device   empty
[    0.031190] Movable zone start for each node
[    0.031497] Early memory node ranges
[    0.031744]   node   0: [mem 0x0000000000001000-0x000000000009efff]
[    0.032185]   node   0: [mem 0x0000000000100000-0x000000007ffdffff]
[    0.032624] Initmem setup node 0 [mem 0x0000000000001000-0x000000007ffdffff]
[    0.034273] On node 0, zone DMA: 1 pages in unavailable ranges
[    0.034966] On node 0, zone DMA: 97 pages in unavailable ranges
[    0.097416] On node 0, zone DMA32: 32 pages in unavailable ranges
[    0.599343] kasan: KernelAddressSanitizer initialized
[    0.599940] ACPI: PM-Timer IO Port: 0x608
[    0.600239] ACPI: LAPIC_NMI (acpi_id[0xff] dfl dfl lint[0x1])
[    0.600710] IOAPIC[0]: apic_id 0, version 17, address 0xfec00000, GSI 0-23
[    0.601202] ACPI: INT_SRC_OVR (bus 0 bus_irq 0 global_irq 2 dfl dfl)
[    0.601647] ACPI: INT_SRC_OVR (bus 0 bus_irq 5 global_irq 5 high level)
[    0.602115] ACPI: INT_SRC_OVR (bus 0 bus_irq 9 global_irq 9 high level)
[    0.602579] ACPI: INT_SRC_OVR (bus 0 bus_irq 10 global_irq 10 high level)
[    0.603042] ACPI: INT_SRC_OVR (bus 0 bus_irq 11 global_irq 11 high level)
[    0.603517] ACPI: Using ACPI (MADT) for SMP configuration information
[    0.603967] ACPI: HPET id: 0x8086a201 base: 0xfed00000
[    0.604324] TSC deadline timer available
[    0.604610] smpboot: Allowing 2 CPUs, 0 hotplug CPUs
[    0.605001] kvm-guest: APIC: eoi() replaced with kvm_guest_apic_eoi_write()
[    0.605511] kvm-guest: KVM setup pv remote TLB flush
[    0.605862] kvm-guest: setup PV sched yield
[    0.606190] PM: hibernation: Registered nosave memory: [mem 0x00000000-0x00000fff]
[    0.606725] PM: hibernation: Registered nosave memory: [mem 0x0009f000-0x0009ffff]
[    0.607250] PM: hibernation: Registered nosave memory: [mem 0x000a0000-0x000effff]
[    0.607777] PM: hibernation: Registered nosave memory: [mem 0x000f0000-0x000fffff]
[    0.608311] [mem 0x80000000-0xfeffbfff] available for PCI devices
[    0.608740] Booting paravirtualized kernel on KVM
[    0.609078] clocksource: refined-jiffies: mask: 0xffffffff max_cycles: 0xffffffff, max_idle_ns: 7645519600211568 ns
[    0.609819] setup_percpu: NR_CPUS:8192 nr_cpumask_bits:2 nr_cpu_ids:2 nr_node_ids:1
[    0.612644] percpu: Embedded 82 pages/cpu s299008 r8192 d28672 u1048576
[    0.613216] kvm-guest: PV spinlocks enabled
[    0.613519] PV qspinlock hash table entries: 256 (order: 0, 4096 bytes, linear)
[    0.614035] Kernel command line: net.ifnames=0 console=ttyS0 root=/dev/sda earlyprintk=serial net.ifnames=0 plymouth.enable=0
[    0.615103] random: crng init done
[    0.617568] Dentry cache hash table entries: 262144 (order: 9, 2097152 bytes, linear)
[    0.619408] Inode-cache hash table entries: 131072 (order: 8, 1048576 bytes, linear)
[    0.620215] Fallback order for Node 0: 0 
[    0.620224] Built 1 zonelists, mobility grouping on.  Total pages: 515808
[    0.620944] Policy zone: DMA32
[    0.621150] mem auto-init: stack:off, heap alloc:off, heap free:off
[    0.621572] stackdepot: allocating hash table via alloc_large_system_hash
[    0.622034] stackdepot hash table entries: 1048576 (order: 12, 16777216 bytes, linear)
[    0.708957] Memory: 1566044K/2096632K available (73728K kernel code, 14137K rwdata, 16620K rodata, 14916K init, 68960K bss, 530332K reserved, 0K cma-reserved)
[    0.711114] SLUB: HWalign=64, Order=0-3, MinObjects=0, CPUs=2, Nodes=1
[    0.711571] kmemleak: Kernel memory leak detector disabled
[    0.712094] ftrace: allocating 70372 entries in 275 pages
[    0.741906] ftrace: allocated 275 pages with 4 groups
[    0.746779] Dynamic Preempt: voluntary
[    0.747593] Running RCU self tests
[    0.747813] Running RCU synchronous self tests
[    0.748119] rcu: Preemptible hierarchical RCU implementation.
[    0.748507] rcu: 	RCU lockdep checking is enabled.
[    0.748825] rcu: 	RCU restricting CPUs from NR_CPUS=8192 to nr_cpu_ids=2.
[    0.749276] 	Trampoline variant of Tasks RCU enabled.
[    0.749608] 	Rude variant of Tasks RCU enabled.
[    0.749912] 	Tracing variant of Tasks RCU enabled.
[    0.750232] rcu: RCU calculated value of scheduler-enlistment delay is 25 jiffies.
[    0.750738] rcu: Adjusting geometry for rcu_fanout_leaf=16, nr_cpu_ids=2
[    0.751245] Running RCU synchronous self tests
[    0.791560] NR_IRQS: 524544, nr_irqs: 440, preallocated irqs: 16
[    0.792665] rcu: srcu_init: Setting srcu_struct sizes based on contention.
[    0.798889] Console: colour VGA+ 80x25
[    0.799194] printk: legacy console [ttyS0] enabled
[    0.799194] printk: legacy console [ttyS0] enabled
[    0.799852] printk: legacy bootconsole [earlyser0] disabled
[    0.799852] printk: legacy bootconsole [earlyser0] disabled
[    0.800629] Lock dependency validator: Copyright (c) 2006 Red Hat, Inc., Ingo Molnar
[    0.801160] ... MAX_LOCKDEP_SUBCLASSES:  8
[    0.801448] ... MAX_LOCK_DEPTH:          48
[    0.801743] ... MAX_LOCKDEP_KEYS:        8192
[    0.802048] ... CLASSHASH_SIZE:          4096
[    0.802351] ... MAX_LOCKDEP_ENTRIES:     524288
[    0.802668] ... MAX_LOCKDEP_CHAINS:      524288
[    0.802981] ... CHAINHASH_SIZE:          262144
[    0.803298]  memory used by lock dependency info: 54145 kB
[    0.803681]  memory used for stack traces: 4224 kB
[    0.804013]  per task-struct memory footprint: 1920 bytes
[    0.804490] ACPI: Core revision 20230628
[    0.805264] clocksource: hpet: mask: 0xffffffff max_cycles: 0xffffffff, max_idle_ns: 19112604467 ns
[    0.806088] APIC: Switch to symmetric I/O mode setup
[    0.806585] x2apic enabled
[    0.807125] APIC: Switched APIC routing to: physical x2apic
[    0.807524] kvm-guest: APIC: send_IPI_mask() replaced with kvm_send_ipi_mask()
[    0.808035] kvm-guest: APIC: send_IPI_mask_allbutself() replaced with kvm_send_ipi_mask_allbutself()
[    0.808673] kvm-guest: setup PV IPIs
[    0.810001] ..TIMER: vector=0x30 apic1=0 pin1=2 apic2=-1 pin2=-1
[    0.810443] clocksource: tsc-early: mask: 0xffffffffffffffff max_cycles: 0x12441513526, max_idle_ns: 440795239872 ns
[    0.811190] Calibrating delay loop (skipped) preset value.. 2534.40 BogoMIPS (lpj=5068800)
[    0.811877] CPU0: Thermal monitoring enabled (TM1)
[    0.812219] x86/cpu: User Mode Instruction Prevention (UMIP) activated
[    0.812787] Last level iTLB entries: 4KB 0, 2MB 0, 4MB 0
[    0.813164] Last level dTLB entries: 4KB 0, 2MB 0, 4MB 0, 1GB 0
[    0.813586] Spectre V1 : Mitigation: usercopy/swapgs barriers and __user pointer sanitization
[    0.815209] Spectre V2 : WARNING: Unprivileged eBPF is enabled with eIBRS on, data leaks possible via Spectre v2 BHB attacks!
[    0.815973] Spectre V2 : Mitigation: Enhanced / Automatic IBRS
[    0.816362] Spectre V2 : Spectre v2 / SpectreRSB mitigation: Filling RSB on context switch
[    0.816903] Spectre V2 : Spectre v2 / PBRSB-eIBRS: Retire a single CALL on VMEXIT
[    0.817409] Spectre V2 : mitigation: Enabling conditional Indirect Branch Prediction Barrier
[    0.817965] Speculative Store Bypass: Mitigation: Speculative Store Bypass disabled via prctl
[    0.818529] MMIO Stale Data: Unknown: No mitigations
[    0.818893] x86/fpu: Supporting XSAVE feature 0x001: 'x87 floating point registers'
[    0.819175] x86/fpu: Supporting XSAVE feature 0x002: 'SSE registers'
[    0.819611] x86/fpu: Supporting XSAVE feature 0x004: 'AVX registers'
[    0.820045] x86/fpu: Supporting XSAVE feature 0x200: 'Protection Keys User registers'
[    0.820581] x86/fpu: xstate_offset[2]:  576, xstate_sizes[2]:  256
[    0.821005] x86/fpu: xstate_offset[9]:  832, xstate_sizes[9]:    8
[    0.821431] x86/fpu: Enabled xstate features 0x207, context size is 840 bytes, using 'compacted' format.
[    0.924844] Freeing SMP alternatives memory: 56K
[    0.925174] pid_max: default: 32768 minimum: 301
[    0.925755] LSM: initializing lsm=capability,yama,integrity
[    0.926144] Yama: becoming mindful.
[    0.926736] Mount-cache hash table entries: 4096 (order: 3, 32768 bytes, linear)
[    0.927171] Mountpoint-cache hash table entries: 4096 (order: 3, 32768 bytes, linear)
[    0.928762] Running RCU synchronous self tests
[    0.929061] Running RCU synchronous self tests
[    0.929736] smpboot: CPU0: Genuine Intel(R) 0000 @ (family: 0x6, model: 0xc6, stepping: 0x0)
[    0.931006] RCU Tasks: Setting shift to 1 and lim to 1 rcu_task_cb_adjust=1.
[    0.931171] RCU Tasks Rude: Setting shift to 1 and lim to 1 rcu_task_cb_adjust=1.
[    0.931171] RCU Tasks Trace: Setting shift to 1 and lim to 1 rcu_task_cb_adjust=1.
[    0.931171] Running RCU Tasks wait API self tests
[    1.031298] Running RCU Tasks Rude wait API self tests
[    1.031859] Running RCU Tasks Trace wait API self tests
[    1.032257] Performance Events: unsupported p6 CPU model 198 no PMU driver, software events only.
[    1.032871] signal: max sigframe size: 3632
[    1.033375] rcu: Hierarchical SRCU implementation.
[    1.033698] rcu: 	Max phase no-delay instances is 1000.
[    1.039251] Callback from call_rcu_tasks_trace() invoked.
[    1.039739] NMI watchdog: Perf NMI watchdog permanently disabled
[    1.040355] smp: Bringing up secondary CPUs ...
[    1.041459] smpboot: x86: Booting SMP configuration:
[    1.041810] .... node  #0, CPUs:      #1
[    1.042056] smp: Brought up 1 node, 2 CPUs
[    1.043455] smpboot: Max logical packages: 1
[    1.043743] smpboot: Total of 2 processors activated (5068.80 BogoMIPS)
[    1.044658] devtmpfs: initialized
[    1.047591] x86/mm: Memory block size: 128MB
[    1.056881] Running RCU synchronous self tests
[    1.056881] Running RCU synchronous self tests
[    1.057175] clocksource: jiffies: mask: 0xffffffff max_cycles: 0xffffffff, max_idle_ns: 7645041785100000 ns
[    1.059188] futex hash table entries: 512 (order: 4, 65536 bytes, linear)
[    1.060222] pinctrl core: initialized pinctrl subsystem
[    1.061441] 
[    1.061554] *************************************************************
[    1.062009] **     NOTICE NOTICE NOTICE NOTICE NOTICE NOTICE NOTICE    **
[    1.062477] **                                                         **
[    1.062948] **  IOMMU DebugFS SUPPORT HAS BEEN ENABLED IN THIS KERNEL  **
[    1.063176] **                                                         **
[    1.063641] ** This means that this kernel is built to expose internal **
[    1.064093] ** IOMMU data structures, which may compromise security on **
[    1.064545] ** your system.                                            **
[    1.064998] **                                                         **
[    1.065447] ** If you see this message and you are not debugging the   **
[    1.065904] ** kernel, report this immediately to your vendor!         **
[    1.066362] **                                                         **
[    1.066818] **     NOTICE NOTICE NOTICE NOTICE NOTICE NOTICE NOTICE    **
[    1.067174] *************************************************************
[    1.067682] PM: RTC time: 11:11:42, date: 2024-10-01
[    1.072438] NET: Registered PF_NETLINK/PF_ROUTE protocol family
[    1.074167] DMA: preallocated 256 KiB GFP_KERNEL pool for atomic allocations
[    1.074672] DMA: preallocated 256 KiB GFP_KERNEL|GFP_DMA pool for atomic allocations
[    1.075199] DMA: preallocated 256 KiB GFP_KERNEL|GFP_DMA32 pool for atomic allocations
[    1.075827] audit: initializing netlink subsys (disabled)
[    1.076231] audit: type=2000 audit(1727781102.704:1): state=initialized audit_enabled=0 res=1
[    1.077517] thermal_sys: Registered thermal governor 'fair_share'
[    1.077523] thermal_sys: Registered thermal governor 'bang_bang'
[    1.079182] thermal_sys: Registered thermal governor 'step_wise'
[    1.079590] thermal_sys: Registered thermal governor 'user_space'
[    1.080068] cpuidle: using governor ladder
[    1.080778] cpuidle: using governor menu
[    1.081470] acpiphp: ACPI Hot Plug PCI Controller Driver version: 0.5
[    1.082745] PCI: Using configuration type 1 for base access
[    1.083527] kprobes: kprobe jump-optimization is enabled. All kprobes are optimized if possible.
[    1.139615] Callback from call_rcu_tasks() invoked.
[    1.159869] Callback from call_rcu_tasks_rude() invoked.
[    1.162118] HugeTLB: registered 1.00 GiB page size, pre-allocated 0 pages
[    1.162588] HugeTLB: 16380 KiB vmemmap can be freed for a 1.00 GiB page
[    1.163035] HugeTLB: registered 2.00 MiB page size, pre-allocated 0 pages
[    1.163177] HugeTLB: 28 KiB vmemmap can be freed for a 2.00 MiB page
[    1.167720] ACPI: Added _OSI(Module Device)
[    1.168012] ACPI: Added _OSI(Processor Device)
[    1.168315] ACPI: Added _OSI(3.0 _SCP Extensions)
[    1.168637] ACPI: Added _OSI(Processor Aggregator Device)
[    1.193734] ACPI: 1 ACPI AML tables successfully acquired and loaded
[    1.198975] ACPI: _OSC evaluation for CPUs failed, trying _PDC
[    1.202090] ACPI: Interpreter enabled
[    1.202499] ACPI: PM: (supports S0 S3 S4 S5)
[    1.202812] ACPI: Using IOAPIC for interrupt routing
[    1.203267] PCI: Using host bridge windows from ACPI; if necessary, use "pci=nocrs" and report a bug
[    1.203893] PCI: Using E820 reservations for host bridge windows
[    1.205960] ACPI: Enabled 2 GPEs in block 00 to 0F
[    1.258787] ACPI: PCI Root Bridge [PCI0] (domain 0000 [bus 00-ff])
[    1.259217] acpi PNP0A03:00: _OSC: OS supports [ASPM ClockPM Segments MSI EDR HPX-Type3]
[    1.259770] acpi PNP0A03:00: _OSC: not requesting OS control; OS requires [ExtendedConfig ASPM ClockPM MSI]
[    1.260662] acpi PNP0A03:00: fail to add MMCONFIG information, can't access extended configuration space under this bridge
[    1.267682] acpiphp: Slot [3] registered
[    1.268152] acpiphp: Slot [4] registered
[    1.268618] acpiphp: Slot [5] registered
[    1.269076] acpiphp: Slot [6] registered
[    1.269496] acpiphp: Slot [7] registered
[    1.269952] acpiphp: Slot [8] registered
[    1.270408] acpiphp: Slot [9] registered
[    1.270860] acpiphp: Slot [10] registered
[    1.271347] acpiphp: Slot [11] registered
[    1.271801] acpiphp: Slot [12] registered
[    1.272283] acpiphp: Slot [13] registered
[    1.272734] acpiphp: Slot [14] registered
[    1.273191] acpiphp: Slot [15] registered
[    1.273625] acpiphp: Slot [16] registered
[    1.274095] acpiphp: Slot [17] registered
[    1.274556] acpiphp: Slot [18] registered
[    1.274983] acpiphp: Slot [19] registered
[    1.275374] acpiphp: Slot [20] registered
[    1.275848] acpiphp: Slot [21] registered
[    1.276311] acpiphp: Slot [22] registered
[    1.276752] acpiphp: Slot [23] registered
[    1.277221] acpiphp: Slot [24] registered
[    1.277697] acpiphp: Slot [25] registered
[    1.278165] acpiphp: Slot [26] registered
[    1.278600] acpiphp: Slot [27] registered
[    1.279061] acpiphp: Slot [28] registered
[    1.279388] acpiphp: Slot [29] registered
[    1.279846] acpiphp: Slot [30] registered
[    1.280301] acpiphp: Slot [31] registered
[    1.280671] PCI host bridge to bus 0000:00
[    1.280973] pci_bus 0000:00: root bus resource [io  0x0000-0x0cf7 window]
[    1.281434] pci_bus 0000:00: root bus resource [io  0x0d00-0xffff window]
[    1.281905] pci_bus 0000:00: root bus resource [mem 0x000a0000-0x000bffff window]
[    1.282412] pci_bus 0000:00: root bus resource [mem 0x80000000-0xfebfffff window]
[    1.282928] pci_bus 0000:00: root bus resource [mem 0x100000000-0x17fffffff window]
[    1.283184] pci_bus 0000:00: root bus resource [bus 00-ff]
[    1.283776] pci 0000:00:00.0: [8086:1237] type 00 class 0x060000 conventional PCI endpoint
[    1.299862] pci 0000:00:01.0: [8086:7000] type 00 class 0x060100 conventional PCI endpoint
[    1.302107] pci 0000:00:01.1: [8086:7010] type 00 class 0x010180 conventional PCI endpoint
[    1.304082] pci 0000:00:01.1: BAR 4 [io  0xc040-0xc04f]
[    1.305037] pci 0000:00:01.1: BAR 0 [io  0x01f0-0x01f7]: legacy IDE quirk
[    1.305505] pci 0000:00:01.1: BAR 1 [io  0x03f6]: legacy IDE quirk
[    1.305910] pci 0000:00:01.1: BAR 2 [io  0x0170-0x0177]: legacy IDE quirk
[    1.306376] pci 0000:00:01.1: BAR 3 [io  0x0376]: legacy IDE quirk
[    1.307336] pci 0000:00:01.3: [8086:7113] type 00 class 0x068000 conventional PCI endpoint
[    1.308195] pci 0000:00:01.3: quirk: [io  0x0600-0x063f] claimed by PIIX4 ACPI
[    1.308691] pci 0000:00:01.3: quirk: [io  0x0700-0x070f] claimed by PIIX4 SMB
[    1.309678] pci 0000:00:02.0: [1234:1111] type 00 class 0x030000 conventional PCI endpoint
[    1.311468] pci 0000:00:02.0: BAR 0 [mem 0xfd000000-0xfdffffff pref]
[    1.313436] pci 0000:00:02.0: BAR 2 [mem 0xfebf0000-0xfebf0fff]
[    1.317002] pci 0000:00:02.0: ROM [mem 0xfebe0000-0xfebeffff pref]
[    1.317716] pci 0000:00:02.0: Video device with shadowed ROM at [mem 0x000c0000-0x000dffff]
[    1.334673] pci 0000:00:03.0: [8086:100e] type 00 class 0x020000 conventional PCI endpoint
[    1.335809] pci 0000:00:03.0: BAR 0 [mem 0xfebc0000-0xfebdffff]
[    1.336720] pci 0000:00:03.0: BAR 1 [io  0xc000-0xc03f]
[    1.339762] pci 0000:00:03.0: ROM [mem 0xfeb80000-0xfebbffff pref]
[    1.368121] ACPI: PCI: Interrupt link LNKA configured for IRQ 10
[    1.370139] ACPI: PCI: Interrupt link LNKB configured for IRQ 10
[    1.371997] ACPI: PCI: Interrupt link LNKC configured for IRQ 11
[    1.373888] ACPI: PCI: Interrupt link LNKD configured for IRQ 11
[    1.374893] ACPI: PCI: Interrupt link LNKS configured for IRQ 9
[    1.379437] iommu: Default domain type: Translated
[    1.379794] iommu: DMA domain TLB invalidation policy: lazy mode
[    1.383576] SCSI subsystem initialized
[    1.384583] ACPI: bus type USB registered
[    1.385102] usbcore: registered new interface driver usbfs
[    1.385554] usbcore: registered new interface driver hub
[    1.386005] usbcore: registered new device driver usb
[    1.386729] pps_core: LinuxPPS API ver. 1 registered
[    1.387077] pps_core: Software ver. 5.3.6 - Copyright 2005-2007 Rodolfo Giometti <giometti@linux.it>
[    1.387238] PTP clock support registered
[    1.389281] EDAC MC: Ver: 3.0.0
[    1.393431] NetLabel: Initializing
[    1.393687] NetLabel:  domain hash size = 128
[    1.393987] NetLabel:  protocols = UNLABELED CIPSOv4 CALIPSO
[    1.394621] NetLabel:  unlabeled traffic allowed by default
[    1.395743] PCI: Using ACPI for IRQ routing
[    1.396438] pci 0000:00:02.0: vgaarb: setting as boot VGA device
[    1.396872] pci 0000:00:02.0: vgaarb: bridge control possible
[    1.397260] pci 0000:00:02.0: vgaarb: VGA device added: decodes=io+mem,owns=io+mem,locks=none
[    1.397838] vgaarb: loaded
[    1.399040] hpet0: at MMIO 0xfed00000, IRQs 2, 8, 0
[    1.399179] hpet0: 3 comparators, 64-bit 100.000000 MHz counter
[    1.413157] clocksource: Switched to clocksource kvm-clock
[    1.415171] VFS: Disk quotas dquot_6.6.0
[    1.415171] VFS: Dquot-cache hash table entries: 512 (order 0, 4096 bytes)
[    1.417240] pnp: PnP ACPI init
[    1.423710] pnp: PnP ACPI: found 6 devices
[    1.443542] clocksource: acpi_pm: mask: 0xffffff max_cycles: 0xffffff, max_idle_ns: 2085701024 ns
[    1.444780] NET: Registered PF_INET protocol family
[    1.445429] IP idents hash table entries: 32768 (order: 6, 262144 bytes, linear)
[    1.447332] tcp_listen_portaddr_hash hash table entries: 1024 (order: 4, 73728 bytes, linear)
[    1.447943] Table-perturb hash table entries: 65536 (order: 6, 262144 bytes, linear)
[    1.448529] TCP established hash table entries: 16384 (order: 5, 131072 bytes, linear)
[    1.449537] TCP bind hash table entries: 16384 (order: 9, 2359296 bytes, linear)
[    1.450883] TCP: Hash tables configured (established 16384 bind 16384)
[    1.451508] UDP hash table entries: 1024 (order: 5, 163840 bytes, linear)
[    1.452016] UDP-Lite hash table entries: 1024 (order: 5, 163840 bytes, linear)
[    1.452863] NET: Registered PF_UNIX/PF_LOCAL protocol family
[    1.454368] RPC: Registered named UNIX socket transport module.
[    1.454784] RPC: Registered udp transport module.
[    1.455106] RPC: Registered tcp transport module.
[    1.455432] RPC: Registered tcp-with-tls transport module.
[    1.455806] RPC: Registered tcp NFSv4.1 backchannel transport module.
[    1.456273] pci_bus 0000:00: resource 4 [io  0x0000-0x0cf7 window]
[    1.456693] pci_bus 0000:00: resource 5 [io  0x0d00-0xffff window]
[    1.457109] pci_bus 0000:00: resource 6 [mem 0x000a0000-0x000bffff window]
[    1.457579] pci_bus 0000:00: resource 7 [mem 0x80000000-0xfebfffff window]
[    1.458043] pci_bus 0000:00: resource 8 [mem 0x100000000-0x17fffffff window]
[    1.459001] pci 0000:00:01.0: PIIX3: Enabling Passive Release
[    1.459410] pci 0000:00:00.0: Limiting direct PCI/PCI transfers
[    1.459883] PCI: CLS 0 bytes, default 64
[    1.460803] ACPI: bus type thunderbolt registered
[    1.461464] clocksource: tsc: mask: 0xffffffffffffffff max_cycles: 0x12441513526, max_idle_ns: 440795239872 ns
[    2.633728] Initialise system trusted keyrings
[    2.634207] Key type blacklist registered
[    2.635143] workingset: timestamp_bits=36 max_order=19 bucket_order=0
[    2.635679] zbud: loaded
[    2.638343] squashfs: version 4.0 (2009/01/31) Phillip Lougher
[    2.641397] NFS: Registering the id_resolver key type
[    2.641767] Key type id_resolver registered
[    2.642082] Key type id_legacy registered
[    2.642434] nfs4filelayout_init: NFSv4 File Layout Driver Registering...
[    2.642939] nfs4flexfilelayout_init: NFSv4 Flexfile Layout Driver Registering...
[    2.644034] fuse: init (API version 7.39)
[    2.645053] SGI XFS with ACLs, security attributes, realtime, quota, no debug enabled
[    2.647501] 9p: Installing v9fs 9p2000 file system support
[    2.657219] Key type asymmetric registered
[    2.657531] Asymmetric key parser 'x509' registered
[    2.658059] Block layer SCSI generic (bsg) driver version 0.4 loaded (major 243)
[    2.659131] io scheduler mq-deadline registered
[    2.659604] io scheduler bfq registered
[    2.661191] shpchp: Standard Hot Plug PCI Controller Driver version: 0.4
[    2.662648] IPMI message handler: version 39.2
[    2.663084] ipmi device interface
[    2.665644] input: Power Button as /devices/LNXSYSTM:00/LNXPWRBN:00/input/input0
[    2.667117] ACPI: button: Power Button [PWRF]
[    2.670042] ERST DBG: ERST support is disabled.
[    2.672063] Serial: 8250/16550 driver, 32 ports, IRQ sharing enabled
[    2.673968] 00:04: ttyS0 at I/O 0x3f8 (irq = 4, base_baud = 115200) is a 16550A
[    2.711683] Linux agpgart interface v0.103
[    2.715324] ACPI: bus type drm_connector registered
[    2.742180] brd: module loaded
[    2.758229] loop: module loaded
[    2.773318] scsi host0: ata_piix
[    2.775327] scsi host1: ata_piix
[    2.776080] ata1: PATA max MWDMA2 cmd 0x1f0 ctl 0x3f6 bmdma 0xc040 irq 14 lpm-pol 0
[    2.776585] ata2: PATA max MWDMA2 cmd 0x170 ctl 0x376 bmdma 0xc048 irq 15 lpm-pol 0
[    2.779500] tun: Universal TUN/TAP device driver, 1.6
[    2.780564] e100: Intel(R) PRO/100 Network Driver
[    2.780889] e100: Copyright(c) 1999-2006 Intel Corporation
[    2.781339] e1000: Intel(R) PRO/1000 Network Driver
[    2.781674] e1000: Copyright (c) 1999-2006 Intel Corporation.
[    2.934258] ata1: found unknown device (class 0)
[    2.934916] ata2: found unknown device (class 0)
[    2.935900] ata1.00: ATA-7: QEMU HARDDISK, 2.5+, max UDMA/100
[    2.936300] ata1.00: 17196647 sectors, multi 16: LBA48 
[    2.936788] ata2.00: ATAPI: QEMU DVD-ROM, 2.5+, max UDMA/100
[    2.939921] scsi 0:0:0:0: Direct-Access     ATA      QEMU HARDDISK    2.5+ PQ: 0 ANSI: 5
[    2.942874] sd 0:0:0:0: [sda] 17196647 512-byte logical blocks: (8.80 GB/8.20 GiB)
[    2.943524] sd 0:0:0:0: Attached scsi generic sg0 type 0
[    2.944241] sd 0:0:0:0: [sda] Write Protect is off
[    2.944651] sd 0:0:0:0: [sda] Write cache: enabled, read cache: enabled, doesn't support DPO or FUA
[    2.945898] scsi 1:0:0:0: CD-ROM            QEMU     QEMU DVD-ROM     2.5+ PQ: 0 ANSI: 5
[    2.946600] sd 0:0:0:0: [sda] Preferred minimum I/O size 512 bytes
[    2.953732] sd 0:0:0:0: [sda] Attached SCSI disk
[    2.971718] scsi 1:0:0:0: Attached scsi generic sg1 type 5
[    4.184060] ACPI: \_SB_.LNKC: Enabled at IRQ 11
[    4.506745] e1000 0000:00:03.0 eth0: (PCI:33MHz:32-bit) 52:54:00:12:34:56
[    4.507270] e1000 0000:00:03.0 eth0: Intel(R) PRO/1000 Network Connection
[    4.507908] e1000e: Intel(R) PRO/1000 Network Driver
[    4.508257] e1000e: Copyright(c) 1999 - 2015 Intel Corporation.
[    4.508785] igb: Intel(R) Gigabit Ethernet Network Driver
[    4.509158] igb: Copyright (c) 2007-2014 Intel Corporation.
[    4.509781] PPP generic driver version 2.4.2
[    4.512134] VFIO - User Level meta-driver version: 0.3
[    4.514009] usbcore: registered new interface driver uas
[    4.514509] usbcore: registered new interface driver usb-storage
[    4.515240] i8042: PNP: PS/2 Controller [PNP0303:KBD,PNP0f13:MOU] at 0x60,0x64 irq 1,12
[    4.516726] serio: i8042 KBD port at 0x60,0x64 irq 1
[    4.517121] serio: i8042 AUX port at 0x60,0x64 irq 12
[    4.519471] mousedev: PS/2 mouse device common for all mice
[    4.521775] input: AT Translated Set 2 keyboard as /devices/platform/i8042/serio0/input/input1
[    4.522632] rtc_cmos 00:05: RTC can wake from S4
[    4.524040] input: VirtualPS/2 VMware VMMouse as /devices/platform/i8042/serio1/input/input4
[    4.524971] rtc_cmos 00:05: registered as rtc0
[    4.525381] rtc_cmos 00:05: setting system clock to 2024-10-01T11:11:46 UTC (1727781106)
[    4.525887] input: VirtualPS/2 VMware VMMouse as /devices/platform/i8042/serio1/input/input3
[    4.527023] rtc_cmos 00:05: alarms up to one day, y3k, 242 bytes nvram, hpet irqs
[    4.527643] i2c_dev: i2c /dev entries driver
[    4.528303] device-mapper: core: CONFIG_IMA_DISABLE_HTABLE is disabled. Duplicate IMA measurements will not be recorded in the IMA log.
[    4.529177] device-mapper: uevent: version 1.0.3
[    4.530307] device-mapper: ioctl: 4.48.0-ioctl (2023-03-01) initialised: dm-devel@redhat.com
[    4.530911] intel_pstate: CPU model not supported
[    4.531592] sdhci: Secure Digital Host Controller Interface driver
[    4.532040] sdhci: Copyright(c) Pierre Ossman
[    4.532481] sdhci-pltfm: SDHCI platform and OF driver helper
[    4.533194] ledtrig-cpu: registered to indicate activity on CPUs
[    4.533978] drop_monitor: Initializing network drop monitor service
[    4.534945] NET: Registered PF_INET6 protocol family
[    4.541006] Segment Routing with IPv6
[    4.541716] In-situ OAM (IOAM) with IPv6
[    4.542419] NET: Registered PF_PACKET protocol family
[    4.543656] 9pnet: Installing 9P2000 support
[    4.544453] Key type dns_resolver registered
[    4.547458] IPI shorthand broadcast: enabled
[    4.592987] sched_clock: Marking stable (4576004693, 14047147)->(4612195671, -22143831)
[    4.594902] registered taskstats version 1
[    4.596220] Loading compiled-in X.509 certificates
[    4.642815] Key type .fscrypt registered
[    4.643113] Key type fscrypt-provisioning registered
[    4.647777] Key type encrypted registered
[    4.648155] ima: No TPM chip found, activating TPM-bypass!
[    4.648580] ima: Allocated hash algorithm: sha1
[    4.648969] ima: No architecture policies found
[    4.649397] evm: Initialising EVM extended attributes:
[    4.649748] evm: security.selinux
[    4.649985] evm: security.SMACK64
[    4.650245] evm: security.SMACK64EXEC
[    4.650520] evm: security.SMACK64TRANSMUTE
[    4.650804] evm: security.SMACK64MMAP
[    4.651061] evm: security.apparmor
[    4.651301] evm: security.ima
[    4.651511] evm: security.capability
[    4.651760] evm: HMAC attrs: 0x1
[    4.655950] PM:   Magic number: 12:879:174
[    4.656387] acpi device:0a: hash matches
[    4.657649] RAS: Correctable Errors collector initialized.
[    4.659413] clk: Disabling unused clocks
[    4.660345] md: Waiting for all devices to be available before autodetect
[    4.660660] md: If you don't use raid, use raid=noautodetect
[    4.660906] md: Autodetecting RAID arrays.
[    4.661100] md: autorun ...
[    4.661229] md: ... autorun DONE.
[    4.672337] EXT4-fs (sda): mounted filesystem 088740a9-c8b4-422c-999d-a804eb68a4da ro with ordered data mode. Quota mode: none.
[    4.672959] VFS: Mounted root (ext4 filesystem) readonly on device 8:0.
[    4.676343] devtmpfs: mounted
[    4.696442] Freeing unused decrypted memory: 2028K
[    4.708236] Freeing unused kernel image (initmem) memory: 14916K
[    4.708596] Write protecting the kernel read-only data: 92160k
[    4.711120] Freeing unused kernel image (rodata/data gap) memory: 1812K
[    4.760227] x86/mm: Checked W+X mappings: passed, no W+X pages found.
[    4.760550] Run /sbin/init as init process
[    5.013630] systemd[1]: systemd 252-15.el9 running in system mode (+PAM +AUDIT +SELINUX -APPARMOR +IMA +SMACK +SECCOMP +GCRYPT +GNUTLS +OPENSSL +ACL +BLKID +CURL +ELFUTILS -FIDO2 +IDN2 -IDN -IPTC +KMOD +LIBCRYPTSETUP +LIBFDISK +PCRE2 -PWQUALITY +P11KIT -QRENCODE +TPM2 +BZIP2 +LZ4 +XZ +ZLIB +ZSTD -BPF_FRAMEWORK +XKBCOMMON +UTMP +SYSVINIT default-hierarchy=unified)
[    5.015396] systemd[1]: Detected virtualization kvm.
[    5.015643] systemd[1]: Detected architecture x86-64.

Welcome to [0;31mCentOS Stream 9[0m!

[    5.025161] systemd[1]: Hostname set to <test>.
[    5.268705] systemd-rc-local-generator[124]: /etc/rc.d/rc.local is not marked executable, skipping.
[    5.709183] systemd[1]: Queued start job for default target Multi-User System.
[    5.738103] systemd[1]: Created slice Virtual Machine and Container Slice.
[[0;32m  OK  [0m] Created slice [0;1;39mVirtual Machine and Container Slice[0m.
[    5.742857] systemd[1]: Created slice Slice /system/getty.
[[0;32m  OK  [0m] Created slice [0;1;39mSlice /system/getty[0m.
[    5.745316] systemd[1]: Created slice Slice /system/modprobe.
[[0;32m  OK  [0m] Created slice [0;1;39mSlice /system/modprobe[0m.
[    5.747767] systemd[1]: Created slice Slice /system/serial-getty.
[[0;32m  OK  [0m] Created slice [0;1;39mSlice /system/serial-getty[0m.
[    5.750248] systemd[1]: Created slice Slice /system/sshd-keygen.
[[0;32m  OK  [0m] Created slice [0;1;39mSlice /system/sshd-keygen[0m.
[    5.752700] systemd[1]: Created slice User and Session Slice.
[[0;32m  OK  [0m] Created slice [0;1;39mUser and Session Slice[0m.
[    5.753873] systemd[1]: Started Forward Password Requests to Wall Directory Watch.
[[0;32m  OK  [0m] Started [0;1;39mForward Password R…uests to Wall Directory Watch[0m.
[    5.756481] systemd[1]: Set up automount Arbitrary Executable File Formats File System Automount Point.
[[0;32m  OK  [0m] Set up automount [0;1;39mArbitrary…s File System Automount Point[0m.
[    5.757641] systemd[1]: Reached target Local Integrity Protected Volumes.
[[0;32m  OK  [0m] Reached target [0;1;39mLocal Integrity Protected Volumes[0m.
[    5.758621] systemd[1]: Reached target Slice Units.
[[0;32m  OK  [0m] Reached target [0;1;39mSlice Units[0m.
[    5.759319] systemd[1]: Reached target Swaps.
[[0;32m  OK  [0m] Reached target [0;1;39mSwaps[0m.
[    5.759957] systemd[1]: Reached target Local Verity Protected Volumes.
[[0;32m  OK  [0m] Reached target [0;1;39mLocal Verity Protected Volumes[0m.
[    5.761130] systemd[1]: Listening on Device-mapper event daemon FIFOs.
[[0;32m  OK  [0m] Listening on [0;1;39mDevice-mapper event daemon FIFOs[0m.
[    5.762755] systemd[1]: Listening on LVM2 poll daemon socket.
[[0;32m  OK  [0m] Listening on [0;1;39mLVM2 poll daemon socket[0m.
[    5.763709] systemd[1]: multipathd control socket was skipped because of an unmet condition check (ConditionPathExists=/etc/multipath.conf).
[    5.818776] systemd[1]: Listening on RPCbind Server Activation Socket.
[[0;32m  OK  [0m] Listening on [0;1;39mRPCbind Server Activation Socket[0m.
[    5.819834] systemd[1]: Reached target RPC Port Mapper.
[[0;32m  OK  [0m] Reached target [0;1;39mRPC Port Mapper[0m.
[    5.822855] systemd[1]: Listening on Process Core Dump Socket.
[[0;32m  OK  [0m] Listening on [0;1;39mProcess Core Dump Socket[0m.
[    5.824069] systemd[1]: Listening on initctl Compatibility Named Pipe.
[[0;32m  OK  [0m] Listening on [0;1;39minitctl Compatibility Named Pipe[0m.
[    5.825486] systemd[1]: Listening on Journal Socket (/dev/log).
[[0;32m  OK  [0m] Listening on [0;1;39mJournal Socket (/dev/log)[0m.
[    5.826869] systemd[1]: Listening on Journal Socket.
[[0;32m  OK  [0m] Listening on [0;1;39mJournal Socket[0m.
[    5.830165] systemd[1]: Listening on udev Control Socket.
[[0;32m  OK  [0m] Listening on [0;1;39mudev Control Socket[0m.
[    5.831306] systemd[1]: Listening on udev Kernel Socket.
[[0;32m  OK  [0m] Listening on [0;1;39mudev Kernel Socket[0m.
[    5.838931] systemd[1]: Mounting Huge Pages File System...
         Mounting [0;1;39mHuge Pages File System[0m...
[    5.846646] systemd[1]: Mounting POSIX Message Queue File System...
         Mounting [0;1;39mPOSIX Message Queue File System[0m...
[    5.857591] systemd[1]: Mounting Kernel Debug File System...
         Mounting [0;1;39mKernel Debug File System[0m...
[    5.866215] systemd[1]: Mounting Kernel Trace File System...
         Mounting [0;1;39mKernel Trace File System[0m...
[    5.869059] systemd[1]: Kernel Module supporting RPCSEC_GSS was skipped because of an unmet condition check (ConditionPathExists=/etc/krb5.keytab).
[    5.869773] systemd[1]: Create List of Static Device Nodes was skipped because of an unmet condition check (ConditionFileNotEmpty=/lib/modules/6.8.0-rc1-db84b758541f+/modules.devname).
[    5.877288] systemd[1]: Starting Monitoring of LVM2 mirrors, snapshots etc. using dmeventd or progress polling...
         Starting [0;1;39mMonitoring of LVM…meventd or progress polling[0m...
[    5.885352] systemd[1]: Starting Load Kernel Module configfs...
         Starting [0;1;39mLoad Kernel Module configfs[0m...
[    5.892880] systemd[1]: Starting Load Kernel Module drm...
         Starting [0;1;39mLoad Kernel Module drm[0m...
[    5.906463] systemd[1]: Starting Load Kernel Module fuse...
         Starting [0;1;39mLoad Kernel Module fuse[0m...
[    5.922661] systemd[1]: Starting Read and set NIS domainname from /etc/sysconfig/network...
         Starting [0;1;39mRead and set NIS …from /etc/sysconfig/network[0m...
[    5.937086] systemd[1]: Starting Journal Service...
         Starting [0;1;39mJournal Service[0m...
[    5.955540] systemd[1]: Starting Load Kernel Modules...
         Starting [0;1;39mLoad Kernel Modules[0m...
[    5.971424] systemd[1]: Starting Generate network units from Kernel command line...
         Starting [0;1;39mGenerate network …ts from Kernel command line[0m...
[    5.990150] systemd[1]: Starting Remount Root and Kernel File Systems...
         Starting [0;1;39mRemount Root and Kernel File Systems[0m...
[    5.995995] systemd[1]: Repartition Root Disk was skipped because no trigger condition checks were met.
[    6.022883] systemd[1]: Starting Coldplug All udev Devices...
         Starting [0;1;39mColdplug All udev Devices[0m...
[    6.060223] systemd[1]: Mounted Huge Pages File System.
[[0;32m  OK  [0m] Mounted [0;1;39mHuge Pages File System[0m.
[    6.066728] systemd[1]: Mounted POSIX Message Queue File System.
[[0;32m  OK  [0m] Mounted [0;1;39mPOSIX Message Queue File System[0m.
[    6.070407] systemd[1]: Mounted Kernel Debug File System.
[[0;32m  OK  [0m] Mounted [0;1;39mKernel Debug File System[0m.
[    6.071698] systemd[1]: Mounted Kernel Trace File System.
[[0;32m  OK  [0m] Mounted [0;1;39mKernel Trace File System[0m.
[    6.076348] systemd[1]: modprobe@configfs.service: Deactivated successfully.
[    6.083662] systemd[1]: Finished Load Kernel Module configfs.
[[0;32m  OK  [0m] Finished [0;1;39mLoad Kernel Module configfs[0m.
[    6.092157] systemd[1]: modprobe@drm.service: Deactivated successfully.
[    6.093713] systemd[1]: Finished Load Kernel Module drm.
[[0;32m  OK  [0m] Finished [0;1;39mLoad Kernel Module drm[0m.
[    6.095966] systemd[1]: modprobe@fuse.service: Deactivated successfully.
[    6.097300] systemd[1]: Finished Load Kernel Module fuse.
[[0;32m  OK  [0m] Finished [0;1;39mLoad Kernel Module fuse[0m.
[    6.103997] systemd[1]: Finished Read and set NIS domainname from /etc/sysconfig/network.
[[0;32m  OK  [0m] Finished [0;1;39mRead and set NIS …e from /etc/sysconfig/network[0m.
[    6.116886] systemd[1]: Finished Monitoring of LVM2 mirrors, snapshots etc. using dmeventd or progress polling.
[[0;32m  OK  [0m] Finished [0;1;39mMonitoring of LVM… dmeventd or progress polling[0m.
[    6.123470] systemd[1]: systemd-modules-load.service: Main process exited, code=exited, status=1/FAILURE
[    6.124600] systemd[1]: systemd-modules-load.service: Failed with result 'exit-code'.
[    6.125916] systemd[1]: Failed to start Load Kernel Modules.
[[0;1;31mFAILED[0m] Failed to start [0;1;39mLoad Kernel Modules[0m.
See 'systemctl status systemd-modules-load.service' for details.
[    6.132912] systemd[1]: Finished Generate network units from Kernel command line.
[[0;32m  OK  [0m] Finished [0;1;39mGenerate network units from Kernel command line[0m.
[    6.138669] systemd[1]: Started Journal Service.
[[0;32m  OK  [0m] Started [0;1;39mJournal Service[0m.
[[0;32m  OK  [0m] Reached target [0;1;39mPreparation for Network[0m.
[    6.146605] EXT4-fs (sda): re-mounted 088740a9-c8b4-422c-999d-a804eb68a4da r/w. Quota mode: none.
         Mounting [0;1;39mFUSE Control File System[0m...
         Mounting [0;1;39mKernel Configuration File System[0m...
         Starting [0;1;39mApply Kernel Variables[0m...
[[0;32m  OK  [0m] Finished [0;1;39mRemount Root and Kernel File Systems[0m.
[[0;32m  OK  [0m] Mounted [0;1;39mFUSE Control File System[0m.
[[0;32m  OK  [0m] Mounted [0;1;39mKernel Configuration File System[0m.
         Starting [0;1;39mFlush Journal to Persistent Storage[0m...
         Starting [0;1;39mLoad/Save Random Seed[0m...
[    6.298979] systemd-journald[146]: Received client request to flush runtime journal.
         Starting [0;1;39mCreate Static Device Nodes in /dev[0m...
         Starting [0;1;39mSetup Virtual Console[0m...
[[0;32m  OK  [0m] Finished [0;1;39mApply Kernel Variables[0m.
[[0;32m  OK  [0m] Finished [0;1;39mFlush Journal to Persistent Storage[0m.
[[0;32m  OK  [0m] Finished [0;1;39mLoad/Save Random Seed[0m.
[[0;32m  OK  [0m] Finished [0;1;39mCreate Static Device Nodes in /dev[0m.
         Starting [0;1;39mRule-based Manage…for Device Events and Files[0m...
[[0;32m  OK  [0m] Started [0;1;39mRule-based Manager for Device Events and Files[0m.
         Starting [0;1;39mAuto-connect to s…E devices found during boot[0m...
[[0;32m  OK  [0m] Finished [0;1;39mColdplug All udev Devices[0m.
[[0;32m  OK  [0m] Finished [0;1;39mSetup Virtual Console[0m.
[[0;32m  OK  [0m] Started [0;1;39mDispatch Password …ts to Console Directory Watch[0m.
[[0;32m  OK  [0m] Reached target [0;1;39mLocal Encrypted Volumes[0m.
[[0;32m  OK  [0m] Reached target [0;1;39mPath Units[0m.
         Starting [0;1;39mWait for udev To …plete Device Initialization[0m...
[[0;32m  OK  [0m] Finished [0;1;39mAuto-connect to s…VME devices found during boot[0m.
[[0;32m  OK  [0m] Found device [0;1;39m/dev/ttyS0[0m.
[[0;32m  OK  [0m] Listening on [0;1;39mLoad/Save RF …itch Status /dev/rfkill Watch[0m.
[[0;32m  OK  [0m] Finished [0;1;39mWait for udev To Complete Device Initialization[0m.
[[0;32m  OK  [0m] Reached target [0;1;39mPreparation for Local File Systems[0m.
[[0;32m  OK  [0m] Reached target [0;1;39mLocal File Systems[0m.
         Starting [0;1;39mTell Plymouth To Write Out Runtime Data[0m...
         Starting [0;1;39mAutomatic Boot Loader Update[0m...
         Starting [0;1;39mCreate Volatile Files and Directories[0m...
[[0;32m  OK  [0m] Finished [0;1;39mTell Plymouth To Write Out Runtime Data[0m.
[[0;32m  OK  [0m] Finished [0;1;39mAutomatic Boot Loader Update[0m.
[[0;32m  OK  [0m] Finished [0;1;39mCreate Volatile Files and Directories[0m.
         Mounting [0;1;39mRPC Pipe File System[0m...
         Starting [0;1;39mSecurity Auditing Service[0m...
         Starting [0;1;39mRPC Bind[0m...
[[0;32m  OK  [0m] Mounted [0;1;39mRPC Pipe File System[0m.
[[0;32m  OK  [0m] Reached target [0;1;39mrpc_pipefs.target[0m.
[[0;32m  OK  [0m] Started [0;1;39mRPC Bind[0m.
[[0;32m  OK  [0m] Started [0;1;39mSecurity Auditing Service[0m.
         Starting [0;1;39mRecord System Boot/Shutdown in UTMP[0m...
[[0;32m  OK  [0m] Finished [0;1;39mRecord System Boot/Shutdown in UTMP[0m.
[[0;32m  OK  [0m] Reached target [0;1;39mSystem Initialization[0m.
[[0;32m  OK  [0m] Started [0;1;39mDaily rotation of log files[0m.
[[0;32m  OK  [0m] Started [0;1;39mUpdates mlocate database every day[0m.
[[0;32m  OK  [0m] Started [0;1;39mDaily Cleanup of Temporary Directories[0m.
[[0;32m  OK  [0m] Started [0;1;39mdaily update of the root trust anchor for DNSSEC[0m.
[[0;32m  OK  [0m] Reached target [0;1;39mTimer Units[0m.
[[0;32m  OK  [0m] Listening on [0;1;39mD-Bus System Message Bus Socket[0m.
[[0;32m  OK  [0m] Listening on [0;1;39mOpen-iSCSI iscsid Socket[0m.
[[0;32m  OK  [0m] Listening on [0;1;39mOpen-iSCSI iscsiuio Socket[0m.
[[0;32m  OK  [0m] Listening on [0;1;39mSSSD Kerberos…ache Manager responder socket[0m.
[[0;32m  OK  [0m] Listening on [0;1;39mLibvirt interface local socket[0m.
[[0;32m  OK  [0m] Listening on [0;1;39mVirtual machine lock manager socket[0m.
[[0;32m  OK  [0m] Listening on [0;1;39mVirtual machine log manager socket[0m.
[[0;32m  OK  [0m] Listening on [0;1;39mLibvirt network local socket[0m.
[[0;32m  OK  [0m] Listening on [0;1;39mLibvirt nodedev local socket[0m.
[[0;32m  OK  [0m] Listening on [0;1;39mLibvirt nwfilter local socket[0m.
[[0;32m  OK  [0m] Listening on [0;1;39mLibvirt proxy local socket[0m.
[[0;32m  OK  [0m] Listening on [0;1;39mLibvirt qemu local socket[0m.
[[0;32m  OK  [0m] Listening on [0;1;39mLibvirt qemu admin socket[0m.
[[0;32m  OK  [0m] Listening on [0;1;39mLibvirt qemu local read-only socket[0m.
[[0;32m  OK  [0m] Listening on [0;1;39mLibvirt secret local socket[0m.
[[0;32m  OK  [0m] Listening on [0;1;39mLibvirt storage local socket[0m.
[[0;32m  OK  [0m] Reached target [0;1;39mSocket Units[0m.
         Starting [0;1;39mD-Bus System Message Bus[0m...
[[0;32m  OK  [0m] Started [0;1;39mD-Bus System Message Bus[0m.
[[0;32m  OK  [0m] Reached target [0;1;39mBasic System[0m.
         Starting [0;1;39mNetwork Manager[0m...
         Starting [0;1;39mNTP client/server[0m...
         Starting [0;1;39mRestore /run/initramfs on shutdown[0m...
[[0;32m  OK  [0m] Started [0;1;39mirqbalance daemon[0m.
[[0;32m  OK  [0m] Started [0;1;39mlibstoragemgmt plug-in server daemon[0m.
[[0;32m  OK  [0m] Started [0;1;39mMachine Check Exception Logging Daemon[0m.
[[0;32m  OK  [0m] Reached target [0;1;39msshd-keygen.target[0m.
[[0;32m  OK  [0m] Reached target [0;1;39mUser and Group Name Lookups[0m.
         Starting [0;1;39mUser Login Management[0m...
         Starting [0;1;39mVirtual Machine a…tainer Registration Service[0m...
         Starting [0;1;39mupdate of the roo…NSSEC validation in unbound[0m...
         Starting [0;1;39mRotate log files[0m...
[[0;32m  OK  [0m] Started [0;1;39mUpdate a database for mlocate[0m.
[[0;32m  OK  [0m] Started [0;1;39mNTP client/server[0m.
[[0;32m  OK  [0m] Finished [0;1;39mRestore /run/initramfs on shutdown[0m.
[[0;32m  OK  [0m] Started [0;1;39mVirtual Machine an…ontainer Registration Service[0m.
[[0;32m  OK  [0m] Started [0;1;39mUser Login Management[0m.
         Starting [0;1;39mHostname Service[0m...
[[0;32m  OK  [0m] Finished [0;1;39mupdate of the roo… DNSSEC validation in unbound[0m.
[[0;32m  OK  [0m] Started [0;1;39mHostname Service[0m.
[[0;32m  OK  [0m] Finished [0;1;39mRotate log files[0m.
         Starting [0;1;39mNetwork Manager Script Dispatcher Service[0m...
[[0;32m  OK  [0m] Started [0;1;39mNetwork Manager Script Dispatcher Service[0m.
[    9.766363] e1000: eth0 NIC Link is Up 1000 Mbps Full Duplex, Flow Control: RX
[[0;32m  OK  [0m] Started [0;1;39mNetwork Manager[0m.
[[0;32m  OK  [0m] Reached target [0;1;39mNetwork[0m.
[[0;32m  OK  [0m] Reached target [0;1;39mNetwork is Online[0m.
         Starting [0;1;39mGSSAPI Proxy Daemon[0m...
         Starting [0;1;39mNotify NFS peers of a restart[0m...
         Starting [0;1;39mSystem Logging Service[0m...
         Starting [0;1;39mOpenSSH server daemon[0m...
         Starting [0;1;39mDynamic System Tuning Daemon[0m...
[[0;32m  OK  [0m] Started [0;1;39mNotify NFS peers of a restart[0m.
[[0;32m  OK  [0m] Started [0;1;39mGSSAPI Proxy Daemon[0m.
[[0;32m  OK  [0m] Reached target [0;1;39mNFS client services[0m.
[[0;32m  OK  [0m] Reached target [0;1;39mPreparation for Remote File Systems[0m.
[[0;32m  OK  [0m] Reached target [0;1;39mRemote File Systems[0m.
         Starting [0;1;39mPermit User Sessions[0m...
         Starting [0;1;39mVirtualization qemu daemon[0m...
[[0;32m  OK  [0m] Started [0;1;39mOpenSSH server daemon[0m.
[[0;32m  OK  [0m] Started [0;1;39mSystem Logging Service[0m.
[[0;32m  OK  [0m] Finished [0;1;39mPermit User Sessions[0m.
[[0;32m  OK  [0m] Started [0;1;39mDeferred execution scheduler[0m.
[[0;32m  OK  [0m] Started [0;1;39mCommand Scheduler[0m.
         Starting [0;1;39mHold until boot process finishes up[0m...
         Starting [0;1;39mTerminate Plymouth Boot Screen[0m...
[[0;32m  OK  [0m] Finished [0;1;39mHold until boot process finishes up[0m.
[[0;32m  OK  [0m] Started [0;1;39mGetty on tty1[0m.
[[0;32m  OK  [0m] Started [0;1;39mSerial Getty on ttyS0[0m.
[[0;32m  OK  [0m] Reached target [0;1;39mLogin Prompts[0m.
[[0;32m  OK  [0m] Finished [0;1;39mTerminate Plymouth Boot Screen[0m.
[[0;32m  OK  [0m] Started [0;1;39mVirtualization qemu daemon[0m.
         Starting [0;1;39mAuthorization Manager[0m...
[[0;32m  OK  [0m] Started [0;1;39mAuthorization Manager[0m.
[[0;32m  OK  [0m] Started [0;1;39mDynamic System Tuning Daemon[0m.
[[0;32m  OK  [0m] Reached target [0;1;39mMulti-User System[0m.
         Starting [0;1;39mRecord Runlevel Change in UTMP[0m...
[[0;32m  OK  [0m] Finished [0;1;39mRecord Runlevel Change in UTMP[0m.

CentOS Stream 9
Kernel 6.8.0-rc1-db84b758541f+ on an x86_64

Activate the web console with: systemctl enable --now cockpit.socket

test login: 