c[?7l[2J[0mSeaBIOS (version rel-1.16.0-0-gd239552ce722-prebuilt.qemu.org)


iPXE (http://ipxe.org) 00:03.0 CA00 PCI2.10 PnP PMM+7FF91000+7FEF1000 CA00
Press Ctrl-B to configure iPXE (PCI 00:03.0)...                                                                               


Booting from ROM...
c[?7l[2J[    0.000000] Linux version 6.11.0-rc6-a496ff4f9094+ (root@p-mtlp04) (gcc (GCC) 11.5.0 20240719 (Red Hat 11.5.0-2), GNU ld version 2.35.2-54.el9) #1 SMP PREEMPT_DYNAMIC Wed Sep 11 16:37:09 CST 2024
[    0.000000] Command line: console=ttyS0 root=/dev/sda earlyprintk=serial net.ifnames=0 plymouth.enable=0
[    0.000000] KERNEL supported cpus:
[    0.000000]   Intel GenuineIntel
[    0.000000]   AMD AuthenticAMD
[    0.000000]   Hygon HygonGenuine
[    0.000000]   Centaur CentaurHauls
[    0.000000]   zhaoxin   Shanghai  
[    0.000000] x86/split lock detection: #DB: warning on user-space bus_locks
[    0.000000] BIOS-provided physical RAM map:
[    0.000000] BIOS-e820: [mem 0x0000000000000000-0x000000000009fbff] usable
[    0.000000] BIOS-e820: [mem 0x000000000009fc00-0x000000000009ffff] reserved
[    0.000000] BIOS-e820: [mem 0x00000000000f0000-0x00000000000fffff] reserved
[    0.000000] BIOS-e820: [mem 0x0000000000100000-0x000000007ffdffff] usable
[    0.000000] BIOS-e820: [mem 0x000000007ffe0000-0x000000007fffffff] reserved
[    0.000000] BIOS-e820: [mem 0x00000000feffc000-0x00000000feffffff] reserved
[    0.000000] BIOS-e820: [mem 0x00000000fffc0000-0x00000000ffffffff] reserved
[    0.000000] printk: legacy bootconsole [earlyser0] enabled
[    0.000000] NX (Execute Disable) protection: active
[    0.000000] APIC: Static calls initialized
[    0.000000] SMBIOS 2.8 present.
[    0.000000] DMI: QEMU Standard PC (i440FX + PIIX, 1996), BIOS rel-1.16.0-0-gd239552ce722-prebuilt.qemu.org 04/01/2014
[    0.000000] DMI: Memory slots populated: 1/1
[    0.000000] Hypervisor detected: KVM
[    0.000000] kvm-clock: Using msrs 4b564d01 and 4b564d00
[    0.000002] kvm-clock: using sched offset of 817369580 cycles
[    0.000393] clocksource: kvm-clock: mask: 0xffffffffffffffff max_cycles: 0x1cd42e4dffb, max_idle_ns: 881590591483 ns
[    0.001611] tsc: Detected 2995.200 MHz processor
[    0.008605] last_pfn = 0x7ffe0 max_arch_pfn = 0x400000000
[    0.009037] MTRR map: 4 entries (3 fixed + 1 variable; max 19), built from 8 variable MTRRs
[    0.009661] x86/PAT: Configuration [0-7]: WB  WC  UC- UC  WB  WP  UC- WT  
[    0.019405] found SMP MP-table at [mem 0x000f5ba0-0x000f5baf]
[    0.020000] Using GB pages for direct mapping
[    0.022840] ACPI: Early table checksum verification disabled
[    0.023318] ACPI: RSDP 0x00000000000F59C0 000014 (v00 BOCHS )
[    0.023802] ACPI: RSDT 0x000000007FFE1951 000034 (v01 BOCHS  BXPC     00000001 BXPC 00000001)
[    0.024516] ACPI: FACP 0x000000007FFE17FD 000074 (v01 BOCHS  BXPC     00000001 BXPC 00000001)
[    0.025166] ACPI: DSDT 0x000000007FFE0040 0017BD (v01 BOCHS  BXPC     00000001 BXPC 00000001)
[    0.025795] ACPI: FACS 0x000000007FFE0000 000040
[    0.026143] ACPI: APIC 0x000000007FFE1871 000080 (v01 BOCHS  BXPC     00000001 BXPC 00000001)
[    0.026774] ACPI: HPET 0x000000007FFE18F1 000038 (v01 BOCHS  BXPC     00000001 BXPC 00000001)
[    0.027403] ACPI: WAET 0x000000007FFE1929 000028 (v01 BOCHS  BXPC     00000001 BXPC 00000001)
[    0.028036] ACPI: Reserving FACP table memory at [mem 0x7ffe17fd-0x7ffe1870]
[    0.028550] ACPI: Reserving DSDT table memory at [mem 0x7ffe0040-0x7ffe17fc]
[    0.029061] ACPI: Reserving FACS table memory at [mem 0x7ffe0000-0x7ffe003f]
[    0.029572] ACPI: Reserving APIC table memory at [mem 0x7ffe1871-0x7ffe18f0]
[    0.030083] ACPI: Reserving HPET table memory at [mem 0x7ffe18f1-0x7ffe1928]
[    0.030594] ACPI: Reserving WAET table memory at [mem 0x7ffe1929-0x7ffe1950]
[    0.031554] No NUMA configuration found
[    0.031841] Faking a node at [mem 0x0000000000000000-0x000000007ffdffff]
[    0.032349] NODE_DATA(0) allocated [mem 0x7ffb4e00-0x7ffdfdff]
[    0.034204] Zone ranges:
[    0.034397]   DMA      [mem 0x0000000000001000-0x0000000000ffffff]
[    0.034846]   DMA32    [mem 0x0000000001000000-0x000000007ffdffff]
[    0.035304]   Normal   empty
[    0.035521]   Device   empty
[    0.035741] Movable zone start for each node
[    0.036061] Early memory node ranges
[    0.036324]   node   0: [mem 0x0000000000001000-0x000000000009efff]
[    0.036785]   node   0: [mem 0x0000000000100000-0x000000007ffdffff]
[    0.037248] Initmem setup node 0 [mem 0x0000000000001000-0x000000007ffdffff]
[    0.038382] On node 0, zone DMA: 1 pages in unavailable ranges
[    0.039146] On node 0, zone DMA: 97 pages in unavailable ranges
[    0.111423] On node 0, zone DMA32: 32 pages in unavailable ranges
[    0.382416] kasan: KernelAddressSanitizer initialized
[    0.383044] ACPI: PM-Timer IO Port: 0x608
[    0.383360] ACPI: LAPIC_NMI (acpi_id[0xff] dfl dfl lint[0x1])
[    0.383842] IOAPIC[0]: apic_id 0, version 17, address 0xfec00000, GSI 0-23
[    0.384356] ACPI: INT_SRC_OVR (bus 0 bus_irq 0 global_irq 2 dfl dfl)
[    0.384809] ACPI: INT_SRC_OVR (bus 0 bus_irq 5 global_irq 5 high level)
[    0.385279] ACPI: INT_SRC_OVR (bus 0 bus_irq 9 global_irq 9 high level)
[    0.385750] ACPI: INT_SRC_OVR (bus 0 bus_irq 10 global_irq 10 high level)
[    0.386231] ACPI: INT_SRC_OVR (bus 0 bus_irq 11 global_irq 11 high level)
[    0.386724] ACPI: Using ACPI (MADT) for SMP configuration information
[    0.387180] ACPI: HPET id: 0x8086a201 base: 0xfed00000
[    0.387557] TSC deadline timer available
[    0.387844] CPU topo: Max. logical packages:   1
[    0.388170] CPU topo: Max. logical dies:       1
[    0.388496] CPU topo: Max. dies per package:   1
[    0.388825] CPU topo: Max. threads per core:   1
[    0.389152] CPU topo: Num. cores per package:     2
[    0.389495] CPU topo: Num. threads per package:   2
[    0.389839] CPU topo: Allowing 2 present CPUs plus 0 hotplug CPUs
[    0.390321] kvm-guest: APIC: eoi() replaced with kvm_guest_apic_eoi_write()
[    0.390859] kvm-guest: KVM setup pv remote TLB flush
[    0.391213] kvm-guest: setup PV sched yield
[    0.391552] PM: hibernation: Registered nosave memory: [mem 0x00000000-0x00000fff]
[    0.392094] PM: hibernation: Registered nosave memory: [mem 0x0009f000-0x0009ffff]
[    0.392630] PM: hibernation: Registered nosave memory: [mem 0x000a0000-0x000effff]
[    0.393164] PM: hibernation: Registered nosave memory: [mem 0x000f0000-0x000fffff]
[    0.393702] [mem 0x80000000-0xfeffbfff] available for PCI devices
[    0.394134] Booting paravirtualized kernel on KVM
[    0.394472] clocksource: refined-jiffies: mask: 0xffffffff max_cycles: 0xffffffff, max_idle_ns: 7645519600211568 ns
[    0.395219] setup_percpu: NR_CPUS:8192 nr_cpumask_bits:2 nr_cpu_ids:2 nr_node_ids:1
[    0.397055] percpu: Embedded 85 pages/cpu s311296 r8192 d28672 u1048576
[    0.397685] kvm-guest: PV spinlocks enabled
[    0.397996] PV qspinlock hash table entries: 256 (order: 0, 4096 bytes, linear)
[    0.398527] Kernel command line: net.ifnames=0 console=ttyS0 root=/dev/sda earlyprintk=serial net.ifnames=0 plymouth.enable=0
[    0.399612] random: crng init done
[    0.401053] Dentry cache hash table entries: 262144 (order: 9, 2097152 bytes, linear)
[    0.402340] Inode-cache hash table entries: 131072 (order: 8, 1048576 bytes, linear)
[    0.403161] Fallback order for Node 0: 0 
[    0.403175] Built 1 zonelists, mobility grouping on.  Total pages: 524158
[    0.403920] Policy zone: DMA32
[    0.404135] mem auto-init: stack:off, heap alloc:off, heap free:off
[    0.404566] stackdepot: allocating hash table via alloc_large_system_hash
[    0.405035] stackdepot hash table entries: 1048576 (order: 12, 16777216 bytes, linear)
[    0.483371] SLUB: HWalign=64, Order=0-3, MinObjects=0, CPUs=2, Nodes=1
[    0.483858] kmemleak: Kernel memory leak detector disabled
[    0.484400] ftrace: allocating 72197 entries in 283 pages
[    0.508296] ftrace: allocated 283 pages with 5 groups
[    0.512067] Dynamic Preempt: voluntary
[    0.512921] Running RCU self tests
[    0.513162] Running RCU synchronous self tests
[    0.513476] rcu: Preemptible hierarchical RCU implementation.
[    0.513868] rcu: 	RCU lockdep checking is enabled.
[    0.514197] rcu: 	RCU restricting CPUs from NR_CPUS=8192 to nr_cpu_ids=2.
[    0.514662] 	Trampoline variant of Tasks RCU enabled.
[    0.515010] 	Rude variant of Tasks RCU enabled.
[    0.515319] 	Tracing variant of Tasks RCU enabled.
[    0.515646] rcu: RCU calculated value of scheduler-enlistment delay is 25 jiffies.
[    0.516167] rcu: Adjusting geometry for rcu_fanout_leaf=16, nr_cpu_ids=2
[    0.516693] Running RCU synchronous self tests
[    0.517002] RCU Tasks: Setting shift to 1 and lim to 1 rcu_task_cb_adjust=1.
[    0.517487] RCU Tasks Rude: Setting shift to 1 and lim to 1 rcu_task_cb_adjust=1.
[    0.518000] RCU Tasks Trace: Setting shift to 1 and lim to 1 rcu_task_cb_adjust=1.
[    0.559169] NR_IRQS: 524544, nr_irqs: 440, preallocated irqs: 16
[    0.560264] rcu: srcu_init: Setting srcu_struct sizes based on contention.
[    0.567091] Console: colour VGA+ 80x25
[    0.567439] printk: legacy console [ttyS0] enabled
[    0.567439] printk: legacy console [ttyS0] enabled
[    0.568123] printk: legacy bootconsole [earlyser0] disabled
[    0.568123] printk: legacy bootconsole [earlyser0] disabled
[    0.568951] Lock dependency validator: Copyright (c) 2006 Red Hat, Inc., Ingo Molnar
[    0.569583] ... MAX_LOCKDEP_SUBCLASSES:  8
[    0.569879] ... MAX_LOCK_DEPTH:          48
[    0.570183] ... MAX_LOCKDEP_KEYS:        8192
[    0.570500] ... CLASSHASH_SIZE:          4096
[    0.570814] ... MAX_LOCKDEP_ENTRIES:     524288
[    0.571141] ... MAX_LOCKDEP_CHAINS:      524288
[    0.571470] ... CHAINHASH_SIZE:          262144
[    0.571813]  memory used by lock dependency info: 54145 kB
[    0.572209]  memory used for stack traces: 4224 kB
[    0.572556]  per task-struct memory footprint: 1920 bytes
[    0.573065] ACPI: Core revision 20240322
[    0.573929] clocksource: hpet: mask: 0xffffffff max_cycles: 0xffffffff, max_idle_ns: 19112604467 ns
[    0.574834] APIC: Switch to symmetric I/O mode setup
[    0.575356] x2apic enabled
[    0.575930] APIC: Switched APIC routing to: physical x2apic
[    0.576338] kvm-guest: APIC: send_IPI_mask() replaced with kvm_send_ipi_mask()
[    0.576871] kvm-guest: APIC: send_IPI_mask_allbutself() replaced with kvm_send_ipi_mask_allbutself()
[    0.577534] kvm-guest: setup PV IPIs
[    0.578909] ..TIMER: vector=0x30 apic1=0 pin1=2 apic2=-1 pin2=-1
[    0.579361] clocksource: tsc-early: mask: 0xffffffffffffffff max_cycles: 0x2b2c8ec87c7, max_idle_ns: 440795278598 ns
[    0.580134] Calibrating delay loop (skipped) preset value.. 5990.40 BogoMIPS (lpj=11980800)
[    0.580845] x86/cpu: User Mode Instruction Prevention (UMIP) activated
[    0.581427] Last level iTLB entries: 4KB 0, 2MB 0, 4MB 0
[    0.581809] Last level dTLB entries: 4KB 0, 2MB 0, 4MB 0, 1GB 0
[    0.582248] Spectre V1 : Mitigation: usercopy/swapgs barriers and __user pointer sanitization
[    0.584164] Spectre V2 : WARNING: Unprivileged eBPF is enabled with eIBRS on, data leaks possible via Spectre v2 BHB attacks!
[    0.584965] Spectre V2 : Spectre BHI mitigation: SW BHB clearing on syscall and VM exit
[    0.585530] Spectre V2 : Mitigation: Enhanced / Automatic IBRS
[    0.585948] Spectre V2 : Spectre v2 / SpectreRSB mitigation: Filling RSB on context switch
[    0.586530] Spectre V2 : Spectre v2 / PBRSB-eIBRS: Retire a single CALL on VMEXIT
[    0.587063] Spectre V2 : mitigation: Enabling conditional Indirect Branch Prediction Barrier
[    0.587654] Speculative Store Bypass: Mitigation: Speculative Store Bypass disabled via prctl
[    0.588121] MMIO Stale Data: Unknown: No mitigations
[    0.588513] x86/fpu: Supporting XSAVE feature 0x001: 'x87 floating point registers'
[    0.589078] x86/fpu: Supporting XSAVE feature 0x002: 'SSE registers'
[    0.589533] x86/fpu: Supporting XSAVE feature 0x004: 'AVX registers'
[    0.589990] x86/fpu: Supporting XSAVE feature 0x200: 'Protection Keys User registers'
[    0.590545] x86/fpu: xstate_offset[2]:  576, xstate_sizes[2]:  256
[    0.590984] x86/fpu: xstate_offset[9]:  832, xstate_sizes[9]:    8
[    0.591428] x86/fpu: Enabled xstate features 0x207, context size is 840 bytes, using 'compacted' format.
[    0.707411] Freeing SMP alternatives memory: 56K
[    0.707781] pid_max: default: 32768 minimum: 301
[    0.708399] LSM: initializing lsm=capability,yama,ima,evm
[    0.708827] Yama: becoming mindful.
[    0.709465] Mount-cache hash table entries: 4096 (order: 3, 32768 bytes, linear)
[    0.709996] Mountpoint-cache hash table entries: 4096 (order: 3, 32768 bytes, linear)
[    0.712942] Running RCU synchronous self tests
[    0.713284] Running RCU synchronous self tests
[    0.714077] smpboot: CPU0: Intel(R) Core(TM) Ultra 7 155H (family: 0x6, model: 0xaa, stepping: 0x4)
[    0.716045] Running RCU Tasks wait API self tests
[    0.716117] Running RCU Tasks Rude wait API self tests
[    0.716117] Running RCU Tasks Trace wait API self tests
[    0.716117] Performance Events: unsupported p6 CPU model 170 no PMU driver, software events only.
[    0.716158] signal: max sigframe size: 3632
[    0.716746] rcu: Hierarchical SRCU implementation.
[    0.717115] rcu: 	Max phase no-delay instances is 1000.
[    0.717807] Timer migration: 1 hierarchy levels; 8 children per group; 1 crossnode level
[    0.720246] Callback from call_rcu_tasks_trace() invoked.
[    0.722249] NMI watchdog: Perf NMI watchdog permanently disabled
[    0.722998] smp: Bringing up secondary CPUs ...
[    0.724267] smpboot: x86: Booting SMP configuration:
[    0.724667] .... node  #0, CPUs:      #1
[    0.725054] smp: Brought up 1 node, 2 CPUs
[    0.725054] smpboot: Total of 2 processors activated (11980.80 BogoMIPS)
[    0.728361] Memory: 1556812K/2096632K available (75776K kernel code, 14473K rwdata, 17208K rodata, 15340K init, 68200K bss, 532604K reserved, 0K cma-reserved)
[    0.730113] devtmpfs: initialized
[    0.730113] x86/mm: Memory block size: 128MB
[    0.741392] Running RCU synchronous self tests
[    0.742121] Running RCU synchronous self tests
[    0.744205] clocksource: jiffies: mask: 0xffffffff max_cycles: 0xffffffff, max_idle_ns: 7645041785100000 ns
[    0.745568] futex hash table entries: 512 (order: 4, 65536 bytes, linear)
[    0.747729] pinctrl core: initialized pinctrl subsystem
[    0.749957] 
[    0.750096] *************************************************************
[    0.750593] **     NOTICE NOTICE NOTICE NOTICE NOTICE NOTICE NOTICE    **
[    0.751093] **                                                         **
[    0.751589] **  IOMMU DebugFS SUPPORT HAS BEEN ENABLED IN THIS KERNEL  **
[    0.752083] **                                                         **
[    0.752123] ** This means that this kernel is built to expose internal **
[    0.752622] ** IOMMU data structures, which may compromise security on **
[    0.753120] ** your system.                                            **
[    0.753626] **                                                         **
[    0.754123] ** If you see this message and you are not debugging the   **
[    0.754621] ** kernel, report this immediately to your vendor!         **
[    0.755120] **                                                         **
[    0.755629] **     NOTICE NOTICE NOTICE NOTICE NOTICE NOTICE NOTICE    **
[    0.756121] *************************************************************
[    0.756686] PM: RTC time: 08:42:15, date: 2024-09-11
[    0.762809] NET: Registered PF_NETLINK/PF_ROUTE protocol family
[    0.764787] DMA: preallocated 256 KiB GFP_KERNEL pool for atomic allocations
[    0.765349] DMA: preallocated 256 KiB GFP_KERNEL|GFP_DMA pool for atomic allocations
[    0.765956] DMA: preallocated 256 KiB GFP_KERNEL|GFP_DMA32 pool for atomic allocations
[    0.766699] audit: initializing netlink subsys (disabled)
[    0.767167] audit: type=2000 audit(1726044135.761:1): state=initialized audit_enabled=0 res=1
[    0.767167] thermal_sys: Registered thermal governor 'fair_share'
[    0.767167] thermal_sys: Registered thermal governor 'bang_bang'
[    0.767167] thermal_sys: Registered thermal governor 'step_wise'
[    0.767367] thermal_sys: Registered thermal governor 'user_space'
[    0.768160] cpuidle: using governor ladder
[    0.772150] cpuidle: using governor menu
[    0.773274] acpiphp: ACPI Hot Plug PCI Controller Driver version: 0.5
[    0.774712] PCI: Using configuration type 1 for base access
[    0.774712] kprobes: kprobe jump-optimization is enabled. All kprobes are optimized if possible.
[    0.876117] Callback from call_rcu_tasks_rude() invoked.
[    0.876117] HugeTLB: registered 1.00 GiB page size, pre-allocated 0 pages
[    0.876117] HugeTLB: 16380 KiB vmemmap can be freed for a 1.00 GiB page
[    0.876117] HugeTLB: registered 2.00 MiB page size, pre-allocated 0 pages
[    0.876117] HugeTLB: 28 KiB vmemmap can be freed for a 2.00 MiB page
[    0.886448] ACPI: Added _OSI(Module Device)
[    0.886803] ACPI: Added _OSI(Processor Device)
[    0.887145] ACPI: Added _OSI(3.0 _SCP Extensions)
[    0.887504] ACPI: Added _OSI(Processor Aggregator Device)
[    0.925291] ACPI: 1 ACPI AML tables successfully acquired and loaded
[    0.942370] ACPI: Interpreter enabled
[    0.942777] ACPI: PM: (supports S0 S3 S4 S5)
[    0.943113] ACPI: Using IOAPIC for interrupt routing
[    0.943628] PCI: Using host bridge windows from ACPI; if necessary, use "pci=nocrs" and report a bug
[    0.948124] PCI: Using E820 reservations for host bridge windows
[    0.950401] ACPI: Enabled 2 GPEs in block 00 to 0F
[    1.013509] ACPI: PCI Root Bridge [PCI0] (domain 0000 [bus 00-ff])
[    1.014117] acpi PNP0A03:00: _OSC: OS supports [ASPM ClockPM Segments MSI EDR HPX-Type3]
[    1.014772] acpi PNP0A03:00: _OSC: not requesting OS control; OS requires [ExtendedConfig ASPM ClockPM MSI]
[    1.015830] acpi PNP0A03:00: fail to add MMCONFIG information, can't access extended configuration space under this bridge
[    1.023550] acpiphp: Slot [3] registered
[    1.024083] acpiphp: Slot [4] registered
[    1.024376] acpiphp: Slot [5] registered
[    1.024903] acpiphp: Slot [6] registered
[    1.025437] acpiphp: Slot [7] registered
[    1.025969] acpiphp: Slot [8] registered
[    1.026534] acpiphp: Slot [9] registered
[    1.027058] acpiphp: Slot [10] registered
[    1.027592] acpiphp: Slot [11] registered
[    1.028142] acpiphp: Slot [12] registered
[    1.028710] acpiphp: Slot [13] registered
[    1.029251] acpiphp: Slot [14] registered
[    1.029781] acpiphp: Slot [15] registered
[    1.030311] acpiphp: Slot [16] registered
[    1.030877] acpiphp: Slot [17] registered
[    1.031405] acpiphp: Slot [18] registered
[    1.031938] acpiphp: Slot [19] registered
[    1.032338] acpiphp: Slot [20] registered
[    1.032911] acpiphp: Slot [21] registered
[    1.033457] acpiphp: Slot [22] registered
[    1.033994] acpiphp: Slot [23] registered
[    1.034536] acpiphp: Slot [24] registered
[    1.035106] acpiphp: Slot [25] registered
[    1.035648] acpiphp: Slot [26] registered
[    1.036197] acpiphp: Slot [27] registered
[    1.036756] acpiphp: Slot [28] registered
[    1.037313] acpiphp: Slot [29] registered
[    1.037867] acpiphp: Slot [30] registered
[    1.038401] acpiphp: Slot [31] registered
[    1.038850] PCI host bridge to bus 0000:00
[    1.039293] pci_bus 0000:00: root bus resource [io  0x0000-0x0cf7 window]
[    1.039835] pci_bus 0000:00: root bus resource [io  0x0d00-0xffff window]
[    1.040129] pci_bus 0000:00: root bus resource [mem 0x000a0000-0x000bffff window]
[    1.040720] pci_bus 0000:00: root bus resource [mem 0x80000000-0xfebfffff window]
[    1.041309] pci_bus 0000:00: root bus resource [mem 0x100000000-0x17fffffff window]
[    1.041914] pci_bus 0000:00: root bus resource [bus 00-ff]
[    1.042482] pci 0000:00:00.0: [8086:1237] type 00 class 0x060000 conventional PCI endpoint
[    1.061622] pci 0000:00:01.0: [8086:7000] type 00 class 0x060100 conventional PCI endpoint
[    1.064307] pci 0000:00:01.1: [8086:7010] type 00 class 0x010180 conventional PCI endpoint
[    1.066515] pci 0000:00:01.1: BAR 4 [io  0xc040-0xc04f]
[    1.067453] pci 0000:00:01.1: BAR 0 [io  0x01f0-0x01f7]: legacy IDE quirk
[    1.067993] pci 0000:00:01.1: BAR 1 [io  0x03f6]: legacy IDE quirk
[    1.068126] pci 0000:00:01.1: BAR 2 [io  0x0170-0x0177]: legacy IDE quirk
[    1.068671] pci 0000:00:01.1: BAR 3 [io  0x0376]: legacy IDE quirk
[    1.069772] pci 0000:00:01.3: [8086:7113] type 00 class 0x068000 conventional PCI endpoint
[    1.070786] pci 0000:00:01.3: quirk: [io  0x0600-0x063f] claimed by PIIX4 ACPI
[    1.071378] pci 0000:00:01.3: quirk: [io  0x0700-0x070f] claimed by PIIX4 SMB
[    1.072554] pci 0000:00:02.0: [1234:1111] type 00 class 0x030000 conventional PCI endpoint
[    1.089933] pci 0000:00:02.0: BAR 0 [mem 0xfd000000-0xfdffffff pref]
[    1.098332] pci 0000:00:02.0: BAR 2 [mem 0xfebf0000-0xfebf0fff]
[    1.109289] pci 0000:00:02.0: ROM [mem 0xfebe0000-0xfebeffff pref]
[    1.112633] pci 0000:00:02.0: Video device with shadowed ROM at [mem 0x000c0000-0x000dffff]
[    1.135526] pci 0000:00:03.0: [8086:100e] type 00 class 0x020000 conventional PCI endpoint
[    1.138290] pci 0000:00:03.0: BAR 0 [mem 0xfebc0000-0xfebdffff]
[    1.139549] pci 0000:00:03.0: BAR 1 [io  0xc000-0xc03f]
[    1.142855] pci 0000:00:03.0: ROM [mem 0xfeb80000-0xfebbffff pref]
[    1.177996] ACPI: PCI: Interrupt link LNKA configured for IRQ 10
[    1.180486] ACPI: PCI: Interrupt link LNKB configured for IRQ 10
[    1.182878] ACPI: PCI: Interrupt link LNKC configured for IRQ 11
[    1.185285] ACPI: PCI: Interrupt link LNKD configured for IRQ 11
[    1.186531] ACPI: PCI: Interrupt link LNKS configured for IRQ 9
[    1.196208] iommu: Default domain type: Translated
[    1.196627] iommu: DMA domain TLB invalidation policy: lazy mode
[    1.201034] SCSI subsystem initialized
[    1.204819] ACPI: bus type USB registered
[    1.205466] usbcore: registered new interface driver usbfs
[    1.206030] usbcore: registered new interface driver hub
[    1.206565] usbcore: registered new device driver usb
[    1.207385] pps_core: LinuxPPS API ver. 1 registered
[    1.207804] pps_core: Software ver. 5.3.6 - Copyright 2005-2007 Rodolfo Giometti <giometti@linux.it>
[    1.208177] PTP clock support registered
[    1.216255] EDAC MC: Ver: 3.0.0
[    1.227504] NetLabel: Initializing
[    1.227811] NetLabel:  domain hash size = 128
[    1.228125] NetLabel:  protocols = UNLABELED CIPSOv4 CALIPSO
[    1.228848] NetLabel:  unlabeled traffic allowed by default
[    1.232843] PCI: Using ACPI for IRQ routing
[    1.233771] pci 0000:00:02.0: vgaarb: setting as boot VGA device
[    1.234305] pci 0000:00:02.0: vgaarb: bridge control possible
[    1.234775] pci 0000:00:02.0: vgaarb: VGA device added: decodes=io+mem,owns=io+mem,locks=none
[    1.235458] vgaarb: loaded
[    1.237210] hpet0: at MMIO 0xfed00000, IRQs 2, 8, 0
[    1.237639] hpet0: 3 comparators, 64-bit 100.000000 MHz counter
[    1.252843] clocksource: Switched to clocksource kvm-clock
[    2.876181] VFS: Disk quotas dquot_6.6.0
[    2.876553] VFS: Dquot-cache hash table entries: 512 (order 0, 4096 bytes)
[    2.878843] pnp: PnP ACPI init
[    2.884592] pnp: PnP ACPI: found 6 devices
[    2.907115] clocksource: acpi_pm: mask: 0xffffff max_cycles: 0xffffff, max_idle_ns: 2085701024 ns
[    2.908359] NET: Registered PF_INET protocol family
[    2.909022] IP idents hash table entries: 32768 (order: 6, 262144 bytes, linear)
[    2.911700] tcp_listen_portaddr_hash hash table entries: 1024 (order: 4, 73728 bytes, linear)
[    2.912421] Table-perturb hash table entries: 65536 (order: 6, 262144 bytes, linear)
[    2.913069] TCP established hash table entries: 16384 (order: 5, 131072 bytes, linear)
[    2.914153] TCP bind hash table entries: 16384 (order: 9, 2359296 bytes, linear)
[    2.917359] TCP: Hash tables configured (established 16384 bind 16384)
[    2.918147] UDP hash table entries: 1024 (order: 5, 163840 bytes, linear)
[    2.918760] UDP-Lite hash table entries: 1024 (order: 5, 163840 bytes, linear)
[    2.919784] NET: Registered PF_UNIX/PF_LOCAL protocol family
[    2.921408] RPC: Registered named UNIX socket transport module.
[    2.921869] RPC: Registered udp transport module.
[    2.922210] RPC: Registered tcp transport module.
[    2.922539] RPC: Registered tcp-with-tls transport module.
[    2.922932] RPC: Registered tcp NFSv4.1 backchannel transport module.
[    2.923445] pci_bus 0000:00: resource 4 [io  0x0000-0x0cf7 window]
[    2.923897] pci_bus 0000:00: resource 5 [io  0x0d00-0xffff window]
[    2.924344] pci_bus 0000:00: resource 6 [mem 0x000a0000-0x000bffff window]
[    2.924839] pci_bus 0000:00: resource 7 [mem 0x80000000-0xfebfffff window]
[    2.925337] pci_bus 0000:00: resource 8 [mem 0x100000000-0x17fffffff window]
[    2.926296] pci 0000:00:01.0: PIIX3: Enabling Passive Release
[    2.926725] pci 0000:00:00.0: Limiting direct PCI/PCI transfers
[    2.927230] PCI: CLS 0 bytes, default 64
[    2.927675] ACPI: bus type thunderbolt registered
[    2.928399] clocksource: tsc: mask: 0xffffffffffffffff max_cycles: 0x2b2c8ec87c7, max_idle_ns: 440795278598 ns
[    2.938145] Initialise system trusted keyrings
[    2.938696] Key type blacklist registered
[    2.939731] workingset: timestamp_bits=36 max_order=19 bucket_order=0
[    2.940510] zbud: loaded
[    2.944764] squashfs: version 4.0 (2009/01/31) Phillip Lougher
[    2.947665] NFS: Registering the id_resolver key type
[    2.948066] Key type id_resolver registered
[    2.948371] Key type id_legacy registered
[    2.948745] nfs4filelayout_init: NFSv4 File Layout Driver Registering...
[    2.949280] nfs4flexfilelayout_init: NFSv4 Flexfile Layout Driver Registering...
[    2.950283] fuse: init (API version 7.40)
[    2.951340] SGI XFS with ACLs, security attributes, realtime, quota, no debug enabled
[    2.953745] 9p: Installing v9fs 9p2000 file system support
[    2.967267] Key type asymmetric registered
[    2.967642] Asymmetric key parser 'x509' registered
[    2.968223] Callback from call_rcu_tasks() invoked.
[    2.968373] Block layer SCSI generic (bsg) driver version 0.4 loaded (major 243)
[    2.969702] io scheduler mq-deadline registered
[    2.970213] io scheduler bfq registered
[    2.971832] shpchp: Standard Hot Plug PCI Controller Driver version: 0.4
[    2.973540] IPMI message handler: version 39.2
[    2.974015] ipmi device interface
[    2.976503] input: Power Button as /devices/LNXSYSTM:00/LNXPWRBN:00/input/input0
[    2.977742] ACPI: button: Power Button [PWRF]
[    2.980308] ERST DBG: ERST support is disabled.
[    2.982059] Serial: 8250/16550 driver, 32 ports, IRQ sharing enabled
[    2.984074] 00:04: ttyS0 at I/O 0x3f8 (irq = 4, base_baud = 115200) is a 16550A
[    3.018919] Linux agpgart interface v0.103
[    3.023331] ACPI: bus type drm_connector registered
[    3.055032] brd: module loaded
[    3.073744] loop: module loaded
[    3.086820] scsi host0: ata_piix
[    3.088698] scsi host1: ata_piix
[    3.089579] ata1: PATA max MWDMA2 cmd 0x1f0 ctl 0x3f6 bmdma 0xc040 irq 14 lpm-pol 0
[    3.090168] ata2: PATA max MWDMA2 cmd 0x170 ctl 0x376 bmdma 0xc048 irq 15 lpm-pol 0
[    3.094625] tun: Universal TUN/TAP device driver, 1.6
[    3.095620] e100: Intel(R) PRO/100 Network Driver
[    3.095983] e100: Copyright(c) 1999-2006 Intel Corporation
[    3.096491] e1000: Intel(R) PRO/1000 Network Driver
[    3.096861] e1000: Copyright (c) 1999-2006 Intel Corporation.
[    3.247640] ata1: found unknown device (class 0)
[    3.249082] ata1.00: ATA-7: QEMU HARDDISK, 2.5+, max UDMA/100
[    3.249706] ata1.00: 17196647 sectors, multi 16: LBA48 
[    3.252295] scsi 0:0:0:0: Direct-Access     ATA      QEMU HARDDISK    2.5+ PQ: 0 ANSI: 5
[    3.255592] ata2: found unknown device (class 0)
[    3.255918] sd 0:0:0:0: Attached scsi generic sg0 type 0
[    3.257108] ata2.00: ATAPI: QEMU DVD-ROM, 2.5+, max UDMA/100
[    3.257186] sd 0:0:0:0: [sda] 17196647 512-byte logical blocks: (8.80 GB/8.20 GiB)
[    3.259025] sd 0:0:0:0: [sda] Write Protect is off
[    3.259502] sd 0:0:0:0: [sda] Write cache: enabled, read cache: enabled, doesn't support DPO or FUA
[    3.260268] sd 0:0:0:0: [sda] Preferred minimum I/O size 512 bytes
[    3.264364] scsi 1:0:0:0: CD-ROM            QEMU     QEMU DVD-ROM     2.5+ PQ: 0 ANSI: 5
[    3.287539] scsi 1:0:0:0: Attached scsi generic sg1 type 5
[    3.291649] sd 0:0:0:0: [sda] Attached SCSI disk
[    4.910872] ACPI: \_SB_.LNKC: Enabled at IRQ 11
[    5.250838] e1000 0000:00:03.0 eth0: (PCI:33MHz:32-bit) 52:54:00:12:34:56
[    5.251863] e1000 0000:00:03.0 eth0: Intel(R) PRO/1000 Network Connection
[    5.253022] e1000e: Intel(R) PRO/1000 Network Driver
[    5.253499] e1000e: Copyright(c) 1999 - 2015 Intel Corporation.
[    5.254212] igb: Intel(R) Gigabit Ethernet Network Driver
[    5.254728] igb: Copyright (c) 2007-2014 Intel Corporation.
[    5.255614] PPP generic driver version 2.4.2
[    5.258522] VFIO - User Level meta-driver version: 0.3
[    5.265980] usbcore: registered new interface driver uas
[    5.266597] usbcore: registered new interface driver usb-storage
[    5.267689] i8042: PNP: PS/2 Controller [PNP0303:KBD,PNP0f13:MOU] at 0x60,0x64 irq 1,12
[    5.269702] serio: i8042 KBD port at 0x60,0x64 irq 1
[    5.270296] serio: i8042 AUX port at 0x60,0x64 irq 12
[    5.272614] mousedev: PS/2 mouse device common for all mice
[    5.275080] input: AT Translated Set 2 keyboard as /devices/platform/i8042/serio0/input/input1
[    5.276469] rtc_cmos 00:05: RTC can wake from S4
[    5.279899] input: VirtualPS/2 VMware VMMouse as /devices/platform/i8042/serio1/input/input4
[    5.281250] rtc_cmos 00:05: registered as rtc0
[    5.282064] rtc_cmos 00:05: setting system clock to 2024-09-11T08:42:20 UTC (1726044140)
[    5.283435] rtc_cmos 00:05: alarms up to one day, y3k, 242 bytes nvram, hpet irqs
[    5.284279] i2c_dev: i2c /dev entries driver
[    5.284897] device-mapper: core: CONFIG_IMA_DISABLE_HTABLE is disabled. Duplicate IMA measurements will not be recorded in the IMA log.
[    5.286133] device-mapper: uevent: version 1.0.3
[    5.287750] device-mapper: ioctl: 4.48.0-ioctl (2023-03-01) initialised: dm-devel@lists.linux.dev
[    5.289762] intel_pstate: CPU model not supported
[    5.290708] sdhci: Secure Digital Host Controller Interface driver
[    5.291421] sdhci: Copyright(c) Pierre Ossman
[    5.292577] sdhci-pltfm: SDHCI platform and OF driver helper
[    5.293315] ledtrig-cpu: registered to indicate activity on CPUs
[    5.294675] input: VirtualPS/2 VMware VMMouse as /devices/platform/i8042/serio1/input/input3
[    5.294961] drop_monitor: Initializing network drop monitor service
[    5.296833] NET: Registered PF_INET6 protocol family
[    5.302443] Segment Routing with IPv6
[    5.302988] In-situ OAM (IOAM) with IPv6
[    5.303582] NET: Registered PF_PACKET protocol family
[    5.304497] 9pnet: Installing 9P2000 support
[    5.305082] Key type dns_resolver registered
[    5.307748] IPI shorthand broadcast: enabled
[    5.379504] sched_clock: Marking stable (5364011824, 15370712)->(5402062492, -22679956)
[    5.381872] registered taskstats version 1
[    5.383290] Loading compiled-in X.509 certificates
[    5.457058] Demotion targets for Node 0: null
[    5.459914] Key type .fscrypt registered
[    5.460299] Key type fscrypt-provisioning registered
[    5.467475] Key type encrypted registered
[    5.467941] ima: No TPM chip found, activating TPM-bypass!
[    5.468476] ima: Allocated hash algorithm: sha1
[    5.469030] ima: No architecture policies found
[    5.469699] evm: Initialising EVM extended attributes:
[    5.470169] evm: security.selinux
[    5.470484] evm: security.SMACK64
[    5.470805] evm: security.SMACK64EXEC
[    5.471150] evm: security.SMACK64TRANSMUTE
[    5.471563] evm: security.SMACK64MMAP
[    5.471911] evm: security.apparmor
[    5.472233] evm: security.ima
[    5.472511] evm: security.capability
[    5.472838] evm: HMAC attrs: 0x1
[    5.477831] PM:   Magic number: 8:376:725
[    5.478259] block loop5: hash matches
[    5.480477] RAS: Correctable Errors collector initialized.
[    5.481297] clk: Disabling unused clocks
[    5.483721] PM: genpd: Disabling unused power domains
[    5.486999] md: Waiting for all devices to be available before autodetect
[    5.487721] md: If you don't use raid, use raid=noautodetect
[    5.488300] md: Autodetecting RAID arrays.
[    5.488737] md: autorun ...
[    5.489039] md: ... autorun DONE.
[    5.506496] EXT4-fs (sda): mounted filesystem 088740a9-c8b4-422c-999d-a804eb68a4da ro with ordered data mode. Quota mode: none.
[    5.507511] VFS: Mounted root (ext4 filesystem) readonly on device 8:0.
[    5.512169] devtmpfs: mounted
[    5.540160] Freeing unused decrypted memory: 2028K
[    5.551044] Freeing unused kernel image (initmem) memory: 15340K
[    5.551657] Write protecting the kernel read-only data: 94208k
[    5.554565] Freeing unused kernel image (rodata/data gap) memory: 1224K
[    5.636125] x86/mm: Checked W+X mappings: passed, no W+X pages found.
[    5.636690] Run /sbin/init as init process
[    5.869821] systemd[1]: systemd 252-15.el9 running in system mode (+PAM +AUDIT +SELINUX -APPARMOR +IMA +SMACK +SECCOMP +GCRYPT +GNUTLS +OPENSSL +ACL +BLKID +CURL +ELFUTILS -FIDO2 +IDN2 -IDN -IPTC +KMOD +LIBCRYPTSETUP +LIBFDISK +PCRE2 -PWQUALITY +P11KIT -QRENCODE +TPM2 +BZIP2 +LZ4 +XZ +ZLIB +ZSTD -BPF_FRAMEWORK +XKBCOMMON +UTMP +SYSVINIT default-hierarchy=unified)
[    5.872782] systemd[1]: Detected virtualization kvm.
[    5.873184] systemd[1]: Detected architecture x86-64.

Welcome to [0;31mCentOS Stream 9[0m!

[    5.881630] systemd[1]: Hostname set to <test>.
[    6.307636] systemd-rc-local-generator[128]: /etc/rc.d/rc.local is not marked executable, skipping.
[    6.712425] systemd[1]: Queued start job for default target Multi-User System.
[    6.758291] systemd[1]: Created slice Virtual Machine and Container Slice.
[[0;32m  OK  [0m] Created slice [0;1;39mVirtual Machine and Container Slice[0m.
[    6.766604] systemd[1]: Created slice Slice /system/getty.
[[0;32m  OK  [0m] Created slice [0;1;39mSlice /system/getty[0m.
[    6.770768] systemd[1]: Created slice Slice /system/modprobe.
[[0;32m  OK  [0m] Created slice [0;1;39mSlice /system/modprobe[0m.
[    6.774999] systemd[1]: Created slice Slice /system/serial-getty.
[[0;32m  OK  [0m] Created slice [0;1;39mSlice /system/serial-getty[0m.
[    6.779318] systemd[1]: Created slice Slice /system/sshd-keygen.
[[0;32m  OK  [0m] Created slice [0;1;39mSlice /system/sshd-keygen[0m.
[    6.785242] systemd[1]: Created slice User and Session Slice.
[[0;32m  OK  [0m] Created slice [0;1;39mUser and Session Slice[0m.
[    6.787880] systemd[1]: Started Forward Password Requests to Wall Directory Watch.
[[0;32m  OK  [0m] Started [0;1;39mForward Password R…uests to Wall Directory Watch[0m.
[    6.792114] systemd[1]: Set up automount Arbitrary Executable File Formats File System Automount Point.
[[0;32m  OK  [0m] Set up automount [0;1;39mArbitrary…s File System Automount Point[0m.
[    6.793937] systemd[1]: Reached target Local Integrity Protected Volumes.
[[0;32m  OK  [0m] Reached target [0;1;39mLocal Integrity Protected Volumes[0m.
[    6.795281] systemd[1]: Reached target Slice Units.
[[0;32m  OK  [0m] Reached target [0;1;39mSlice Units[0m.
[    6.796337] systemd[1]: Reached target Swaps.
[[0;32m  OK  [0m] Reached target [0;1;39mSwaps[0m.
[    6.797440] systemd[1]: Reached target Local Verity Protected Volumes.
[[0;32m  OK  [0m] Reached target [0;1;39mLocal Verity Protected Volumes[0m.
[    6.799427] systemd[1]: Listening on Device-mapper event daemon FIFOs.
[[0;32m  OK  [0m] Listening on [0;1;39mDevice-mapper event daemon FIFOs[0m.
[    6.801965] systemd[1]: Listening on LVM2 poll daemon socket.
[[0;32m  OK  [0m] Listening on [0;1;39mLVM2 poll daemon socket[0m.
[    6.803500] systemd[1]: multipathd control socket was skipped because of an unmet condition check (ConditionPathExists=/etc/multipath.conf).
[    6.872845] systemd[1]: Listening on RPCbind Server Activation Socket.
[[0;32m  OK  [0m] Listening on [0;1;39mRPCbind Server Activation Socket[0m.
[    6.874442] systemd[1]: Reached target RPC Port Mapper.
[[0;32m  OK  [0m] Reached target [0;1;39mRPC Port Mapper[0m.
[    6.878591] systemd[1]: Listening on Process Core Dump Socket.
[[0;32m  OK  [0m] Listening on [0;1;39mProcess Core Dump Socket[0m.
[    6.880280] systemd[1]: Listening on initctl Compatibility Named Pipe.
[[0;32m  OK  [0m] Listening on [0;1;39minitctl Compatibility Named Pipe[0m.
[    6.882545] systemd[1]: Listening on Journal Socket (/dev/log).
[[0;32m  OK  [0m] Listening on [0;1;39mJournal Socket (/dev/log)[0m.
[    6.884498] systemd[1]: Listening on Journal Socket.
[[0;32m  OK  [0m] Listening on [0;1;39mJournal Socket[0m.
[    6.886559] systemd[1]: Listening on udev Control Socket.
[[0;32m  OK  [0m] Listening on [0;1;39mudev Control Socket[0m.
[    6.888071] systemd[1]: Listening on udev Kernel Socket.
[[0;32m  OK  [0m] Listening on [0;1;39mudev Kernel Socket[0m.
[    6.911878] systemd[1]: Mounting Huge Pages File System...
         Mounting [0;1;39mHuge Pages File System[0m...
[    6.922768] systemd[1]: Mounting POSIX Message Queue File System...
         Mounting [0;1;39mPOSIX Message Queue File System[0m...
[    6.941096] systemd[1]: Mounting Kernel Debug File System...
         Mounting [0;1;39mKernel Debug File System[0m...
[    6.953601] systemd[1]: Mounting Kernel Trace File System...
         Mounting [0;1;39mKernel Trace File System[0m...
[    6.958775] systemd[1]: Kernel Module supporting RPCSEC_GSS was skipped because of an unmet condition check (ConditionPathExists=/etc/krb5.keytab).
[    6.959859] systemd[1]: Create List of Static Device Nodes was skipped because of an unmet condition check (ConditionFileNotEmpty=/lib/modules/6.11.0-rc6-a496ff4f9094+/modules.devname).
[    6.969742] systemd[1]: Starting Monitoring of LVM2 mirrors, snapshots etc. using dmeventd or progress polling...
         Starting [0;1;39mMonitoring of LVM…meventd or progress polling[0m...
[    6.982243] systemd[1]: Starting Load Kernel Module configfs...
         Starting [0;1;39mLoad Kernel Module configfs[0m...
[    6.993837] systemd[1]: Starting Load Kernel Module drm...
         Starting [0;1;39mLoad Kernel Module drm[0m...
[    7.017151] systemd[1]: Starting Load Kernel Module fuse...
         Starting [0;1;39mLoad Kernel Module fuse[0m...
[    7.037340] systemd[1]: Starting Read and set NIS domainname from /etc/sysconfig/network...
         Starting [0;1;39mRead and set NIS …from /etc/sysconfig/network[0m...
[    7.084657] systemd[1]: Starting Journal Service...
         Starting [0;1;39mJournal Service[0m...
[    7.124132] systemd[1]: Starting Load Kernel Modules...
         Starting [0;1;39mLoad Kernel Modules[0m...
[    7.148674] systemd[1]: Starting Generate network units from Kernel command line...
         Starting [0;1;39mGenerate network …ts from Kernel command line[0m...
[    7.168468] systemd[1]: Starting Remount Root and Kernel File Systems...
         Starting [0;1;39mRemount Root and Kernel File Systems[0m...
[    7.172370] systemd[1]: Repartition Root Disk was skipped because no trigger condition checks were met.
[    7.213445] systemd[1]: Starting Coldplug All udev Devices...
         Starting [0;1;39mColdplug All udev Devices[0m...
[    7.263989] systemd[1]: Mounted Huge Pages File System.
[[0;32m  OK  [0m] Mounted [0;1;39mHuge Pages File System[0m.
[    7.270029] systemd[1]: Mounted POSIX Message Queue File System.
[[0;32m  OK  [0m] Mounted [0;1;39mPOSIX Message Queue File System[0m.
[    7.276805] systemd[1]: Mounted Kernel Debug File System.
[[0;32m  OK  [0m] Mounted [0;1;39mKernel Debug File System[0m.
[    7.284488] systemd[1]: Mounted Kernel Trace File System.
[[0;32m  OK  [0m] Mounted [0;1;39mKernel Trace File System[0m.
[    7.291175] systemd[1]: Finished Monitoring of LVM2 mirrors, snapshots etc. using dmeventd or progress polling.
[[0;32m  OK  [0m] Finished [0;1;39mMonitoring of LVM… dmeventd or progress polling[0m.
[    7.303221] systemd[1]: modprobe@configfs.service: Deactivated successfully.
[    7.309228] systemd[1]: Finished Load Kernel Module configfs.
[[0;32m  OK  [0m] Finished [0;1;39mLoad Kernel Module configfs[0m.
[    7.317979] systemd[1]: modprobe@drm.service: Deactivated successfully.
[    7.320300] systemd[1]: Finished Load Kernel Module drm.
[[0;32m  OK  [0m] Finished [0;1;39mLoad Kernel Module drm[0m.
[    7.325985] systemd[1]: modprobe@fuse.service: Deactivated successfully.
[    7.336258] systemd[1]: Finished Load Kernel Module fuse.
[[0;32m  OK  [0m] Finished [0;1;39mLoad Kernel Module fuse[0m.
[    7.344659] systemd[1]: Finished Read and set NIS domainname from /etc/sysconfig/network.
[[0;32m  OK  [0m] Finished [0;1;39mRead and set NIS …e from /etc/sysconfig/network[0m.
[    7.347886] systemd[1]: systemd-modules-load.service: Main process exited, code=exited, status=1/FAILURE
[    7.349805] systemd[1]: systemd-modules-load.service: Failed with result 'exit-code'.
[    7.355566] EXT4-fs (sda): re-mounted 088740a9-c8b4-422c-999d-a804eb68a4da r/w. Quota mode: none.
[    7.372063] systemd[1]: Failed to start Load Kernel Modules.
[[0;1;31mFAILED[0m] Failed to start [0;1;39mLoad Kernel Modules[0m.
See 'systemctl status systemd-modules-load.service' for details.
[    7.391556] systemd[1]: Finished Generate network units from Kernel command line.
[[0;32m  OK  [0m] Finished [0;1;39mGenerate network units from Kernel command line[0m.
[    7.399503] systemd[1]: Finished Remount Root and Kernel File Systems.
[[0;32m  OK  [0m] Finished [0;1;39mRemount Root and Kernel File Systems[0m.
[    7.405619] systemd[1]: Reached target Preparation for Network.
[[0;32m  OK  [0m] Reached target [0;1;39mPreparation for Network[0m.
[    7.456456] systemd[1]: Mounting FUSE Control File System...
         Mounting [0;1;39mFUSE Control File System[0m...
[    7.471677] systemd[1]: Mounting Kernel Configuration File System...
         Mounting [0;1;39mKernel Configuration File System[0m...
[    7.476465] systemd[1]: Special handling of early boot iSCSI sessions was skipped because of an unmet condition check (ConditionDirectoryNotEmpty=/sys/class/iscsi_session).
[    7.477792] systemd[1]: First Boot Wizard was skipped because of an unmet condition check (ConditionFirstBoot=yes).
[    7.486523] systemd[1]: Rebuild Hardware Database was skipped because of an unmet condition check (ConditionNeedsUpdate=/etc).
[    7.520428] systemd[1]: Starting Load/Save Random Seed...
         Starting [0;1;39mLoad/Save Random Seed[0m...
[    7.537197] systemd[1]: Starting Apply Kernel Variables...
         Starting [0;1;39mApply Kernel Variables[0m...
[    7.543964] systemd[1]: Create System Users was skipped because no trigger condition checks were met.
[    7.584547] systemd[1]: Starting Create Static Device Nodes in /dev...
         Starting [0;1;39mCreate Static Device Nodes in /dev[0m...
[    7.628869] systemd[1]: Starting Setup Virtual Console...
         Starting [0;1;39mSetup Virtual Console[0m...
[    7.656630] systemd[1]: Started Journal Service.
[[0;32m  OK  [0m] Started [0;1;39mJournal Service[0m.
[[0;32m  OK  [0m] Mounted [0;1;39mFUSE Control File System[0m.
[[0;32m  OK  [0m] Mounted [0;1;39mKernel Configuration File System[0m.
         Starting [0;1;39mFlush Journal to Persistent Storage[0m...
[[0;32m  OK  [0m] Finished [0;1;39mLoad/Save Random Seed[0m.
[[0;32m  OK  [0m] Finished [0;1;39mApply Kernel Variables[0m.
[    7.802556] systemd-journald[148]: Received client request to flush runtime journal.
[[0;32m  OK  [0m] Finished [0;1;39mFlush Journal to Persistent Storage[0m.
[[0;32m  OK  [0m] Finished [0;1;39mCreate Static Device Nodes in /dev[0m.
         Starting [0;1;39mRule-based Manage…for Device Events and Files[0m...
[[0;32m  OK  [0m] Started [0;1;39mRule-based Manager for Device Events and Files[0m.
         Starting [0;1;39mAuto-connect to s…E devices found during boot[0m...
[[0;32m  OK  [0m] Finished [0;1;39mAuto-connect to s…VME devices found during boot[0m.
[[0;32m  OK  [0m] Finished [0;1;39mSetup Virtual Console[0m.
[[0;32m  OK  [0m] Finished [0;1;39mColdplug All udev Devices[0m.
[[0;32m  OK  [0m] Started [0;1;39mDispatch Password …ts to Console Directory Watch[0m.
[[0;32m  OK  [0m] Reached target [0;1;39mLocal Encrypted Volumes[0m.
[[0;32m  OK  [0m] Reached target [0;1;39mPath Units[0m.
         Starting [0;1;39mWait for udev To …plete Device Initialization[0m...
[[0;32m  OK  [0m] Found device [0;1;39m/dev/ttyS0[0m.
[[0;32m  OK  [0m] Listening on [0;1;39mLoad/Save RF …itch Status /dev/rfkill Watch[0m.
[[0;32m  OK  [0m] Finished [0;1;39mWait for udev To Complete Device Initialization[0m.
[[0;32m  OK  [0m] Reached target [0;1;39mPreparation for Local File Systems[0m.
[[0;32m  OK  [0m] Reached target [0;1;39mLocal File Systems[0m.
         Starting [0;1;39mTell Plymouth To Write Out Runtime Data[0m...
         Starting [0;1;39mAutomatic Boot Loader Update[0m...
         Starting [0;1;39mCreate Volatile Files and Directories[0m...
[[0;32m  OK  [0m] Finished [0;1;39mTell Plymouth To Write Out Runtime Data[0m.
[[0;32m  OK  [0m] Finished [0;1;39mAutomatic Boot Loader Update[0m.
[[0;32m  OK  [0m] Finished [0;1;39mCreate Volatile Files and Directories[0m.
         Mounting [0;1;39mRPC Pipe File System[0m...
         Starting [0;1;39mSecurity Auditing Service[0m...
         Starting [0;1;39mRPC Bind[0m...
[[0;32m  OK  [0m] Mounted [0;1;39mRPC Pipe File System[0m.
[[0;32m  OK  [0m] Reached target [0;1;39mrpc_pipefs.target[0m.
[[0;32m  OK  [0m] Started [0;1;39mRPC Bind[0m.
[[0;32m  OK  [0m] Started [0;1;39mSecurity Auditing Service[0m.
         Starting [0;1;39mRecord System Boot/Shutdown in UTMP[0m...
[[0;32m  OK  [0m] Finished [0;1;39mRecord System Boot/Shutdown in UTMP[0m.
[[0;32m  OK  [0m] Reached target [0;1;39mSystem Initialization[0m.
[[0;32m  OK  [0m] Started [0;1;39mDaily rotation of log files[0m.
[[0;32m  OK  [0m] Started [0;1;39mUpdates mlocate database every day[0m.
[[0;32m  OK  [0m] Started [0;1;39mDaily Cleanup of Temporary Directories[0m.
[[0;32m  OK  [0m] Started [0;1;39mdaily update of the root trust anchor for DNSSEC[0m.
[[0;32m  OK  [0m] Reached target [0;1;39mTimer Units[0m.
[[0;32m  OK  [0m] Listening on [0;1;39mD-Bus System Message Bus Socket[0m.
[[0;32m  OK  [0m] Listening on [0;1;39mOpen-iSCSI iscsid Socket[0m.
[[0;32m  OK  [0m] Listening on [0;1;39mOpen-iSCSI iscsiuio Socket[0m.
[[0;32m  OK  [0m] Listening on [0;1;39mSSSD Kerberos…ache Manager responder socket[0m.
[[0;32m  OK  [0m] Listening on [0;1;39mLibvirt interface local socket[0m.
[[0;32m  OK  [0m] Listening on [0;1;39mVirtual machine lock manager socket[0m.
[[0;32m  OK  [0m] Listening on [0;1;39mVirtual machine log manager socket[0m.
[[0;32m  OK  [0m] Listening on [0;1;39mLibvirt network local socket[0m.
[[0;32m  OK  [0m] Listening on [0;1;39mLibvirt nodedev local socket[0m.
[[0;32m  OK  [0m] Listening on [0;1;39mLibvirt nwfilter local socket[0m.
[[0;32m  OK  [0m] Listening on [0;1;39mLibvirt proxy local socket[0m.
[[0;32m  OK  [0m] Listening on [0;1;39mLibvirt qemu local socket[0m.
[[0;32m  OK  [0m] Listening on [0;1;39mLibvirt qemu admin socket[0m.
[[0;32m  OK  [0m] Listening on [0;1;39mLibvirt qemu local read-only socket[0m.
[[0;32m  OK  [0m] Listening on [0;1;39mLibvirt secret local socket[0m.
[[0;32m  OK  [0m] Listening on [0;1;39mLibvirt storage local socket[0m.
[[0;32m  OK  [0m] Reached target [0;1;39mSocket Units[0m.
         Starting [0;1;39mD-Bus System Message Bus[0m...
[[0;32m  OK  [0m] Started [0;1;39mD-Bus System Message Bus[0m.
[[0;32m  OK  [0m] Reached target [0;1;39mBasic System[0m.
         Starting [0;1;39mNetwork Manager[0m...
         Starting [0;1;39mNTP client/server[0m...
         Starting [0;1;39mRestore /run/initramfs on shutdown[0m...
[[0;32m  OK  [0m] Started [0;1;39mirqbalance daemon[0m.
[[0;32m  OK  [0m] Started [0;1;39mlibstoragemgmt plug-in server daemon[0m.
[[0;32m  OK  [0m] Started [0;1;39mMachine Check Exception Logging Daemon[0m.
[[0;32m  OK  [0m] Reached target [0;1;39msshd-keygen.target[0m.
[[0;32m  OK  [0m] Reached target [0;1;39mUser and Group Name Lookups[0m.
         Starting [0;1;39mUser Login Management[0m...
         Starting [0;1;39mVirtual Machine a…tainer Registration Service[0m...
         Starting [0;1;39mupdate of the roo…NSSEC validation in unbound[0m...
         Starting [0;1;39mRotate log files[0m...
[[0;32m  OK  [0m] Started [0;1;39mUpdate a database for mlocate[0m.
[[0;32m  OK  [0m] Started [0;1;39mNTP client/server[0m.
[[0;32m  OK  [0m] Finished [0;1;39mRestore /run/initramfs on shutdown[0m.
[[0;32m  OK  [0m] Started [0;1;39mVirtual Machine an…ontainer Registration Service[0m.
         Starting [0;1;39mHostname Service[0m...
[[0;32m  OK  [0m] Started [0;1;39mUser Login Management[0m.
[[0;32m  OK  [0m] Finished [0;1;39mupdate of the roo… DNSSEC validation in unbound[0m.
[[0;32m  OK  [0m] Finished [0;1;39mRotate log files[0m.
[[0;32m  OK  [0m] Started [0;1;39mHostname Service[0m.
         Starting [0;1;39mNetwork Manager Script Dispatcher Service[0m...
[[0;32m  OK  [0m] Started [0;1;39mNetwork Manager Script Dispatcher Service[0m.
[   13.059977] e1000: eth0 NIC Link is Up 1000 Mbps Full Duplex, Flow Control: RX
[[0;32m  OK  [0m] Started [0;1;39mNetwork Manager[0m.
[[0;32m  OK  [0m] Reached target [0;1;39mNetwork[0m.
[[0;32m  OK  [0m] Reached target [0;1;39mNetwork is Online[0m.
         Starting [0;1;39mGSSAPI Proxy Daemon[0m...
         Starting [0;1;39mNotify NFS peers of a restart[0m...
         Starting [0;1;39mSystem Logging Service[0m...
         Starting [0;1;39mOpenSSH server daemon[0m...
         Starting [0;1;39mDynamic System Tuning Daemon[0m...
[[0;32m  OK  [0m] Started [0;1;39mNotify NFS peers of a restart[0m.
[[0;32m  OK  [0m] Started [0;1;39mGSSAPI Proxy Daemon[0m.
[[0;32m  OK  [0m] Reached target [0;1;39mNFS client services[0m.
[[0;32m  OK  [0m] Reached target [0;1;39mPreparation for Remote File Systems[0m.
[[0;32m  OK  [0m] Reached target [0;1;39mRemote File Systems[0m.
         Starting [0;1;39mPermit User Sessions[0m...
         Starting [0;1;39mVirtualization qemu daemon[0m...
[[0;32m  OK  [0m] Started [0;1;39mOpenSSH server daemon[0m.
[[0;32m  OK  [0m] Finished [0;1;39mPermit User Sessions[0m.
[[0;32m  OK  [0m] Started [0;1;39mDeferred execution scheduler[0m.
[[0;32m  OK  [0m] Started [0;1;39mCommand Scheduler[0m.
         Starting [0;1;39mHold until boot process finishes up[0m...
         Starting [0;1;39mTerminate Plymouth Boot Screen[0m...
[[0;32m  OK  [0m] Started [0;1;39mSystem Logging Service[0m.
[[0;32m  OK  [0m] Started [0;1;39mVirtualization qemu daemon[0m.
[[0;32m  OK  [0m] Finished [0;1;39mHold until boot process finishes up[0m.
[[0;32m  OK  [0m] Finished [0;1;39mTerminate Plymouth Boot Screen[0m.
[[0;32m  OK  [0m] Started [0;1;39mGetty on tty1[0m.
[[0;32m  OK  [0m] Started [0;1;39mSerial Getty on ttyS0[0m.
[[0;32m  OK  [0m] Reached target [0;1;39mLogin Prompts[0m.
         Starting [0;1;39mAuthorization Manager[0m...
[[0;32m  OK  [0m] Started [0;1;39mAuthorization Manager[0m.
[[0;32m  OK  [0m] Started [0;1;39mDynamic System Tuning Daemon[0m.
[[0;32m  OK  [0m] Reached target [0;1;39mMulti-User System[0m.
         Starting [0;1;39mRecord Runlevel Change in UTMP[0m...
[[0;32m  OK  [0m] Finished [0;1;39mRecord Runlevel Change in UTMP[0m.

CentOS Stream 9
Kernel 6.11.0-rc6-a496ff4f9094+ on an x86_64

Activate the web console with: systemctl enable --now cockpit.socket

test login: [   24.185736] ==================================================================
[   24.186327] BUG: KASAN: slab-out-of-bounds in input_proc_devices_poll+0x113/0x140
[   24.186926] Read of size 8 at addr ffff88800e019520 by task repro/728
[   24.187395] 
[   24.187558] CPU: 1 UID: 0 PID: 728 Comm: repro Not tainted 6.11.0-rc6-a496ff4f9094+ #1
[   24.188186] Hardware name: QEMU Standard PC (i440FX + PIIX, 1996), BIOS rel-1.16.0-0-gd239552ce722-prebuilt.qemu.org 04/01/2014
[   24.189050] Call Trace:
[   24.189261]  <TASK>
[   24.189432]  dump_stack_lvl+0xea/0x150
[   24.189747]  print_report+0xce/0x610
[   24.190036]  ? input_proc_devices_poll+0x113/0x140
[   24.190427]  ? kasan_complete_mode_report_info+0x40/0x200
[   24.190837]  ? input_proc_devices_poll+0x113/0x140
[   24.191202]  kasan_report+0xcc/0x110
[   24.191572]  ? input_proc_devices_poll+0x113/0x140
[   24.192017]  ? __pfx___pollwait+0x10/0x10
[   24.192351]  __asan_report_load8_noabort+0x18/0x20
[   24.192729]  input_proc_devices_poll+0x113/0x140
[   24.193092]  ? __pfx_input_proc_devices_poll+0x10/0x10
[   24.193514]  proc_reg_poll+0x210/0x2e0
[   24.193820]  ? __pfx_proc_reg_poll+0x10/0x10
[   24.194155]  do_sys_poll+0x521/0xdd0
[   24.194446]  ? __pfx_do_sys_poll+0x10/0x10
[   24.194782]  ? __pfx___mutex_unlock_slowpath+0x10/0x10
[   24.195192]  ? mark_lock.part.0+0xf3/0x17a0
[   24.195552]  ? __check_object_size+0x43/0x8f0
[   24.195930]  ? __pfx_mark_lock.part.0+0x10/0x10
[   24.196282]  ? __kasan_check_read+0x15/0x20
[   24.196603]  ? mark_lock.part.0+0xf3/0x17a0
[   24.196950]  ? __pfx_mark_lock.part.0+0x10/0x10
[   24.197315]  ? __pfx___pollwait+0x10/0x10
[   24.197627]  ? __pfx_pollwake+0x10/0x10
[   24.197951]  ? __pfx___lock_acquire+0x10/0x10
[   24.198299]  ? __this_cpu_preempt_check+0x21/0x30
[   24.198668]  ? lock_release+0x441/0x870
[   24.198987]  ? __sanitizer_cov_trace_cmp8+0x1c/0x30
[   24.199371]  ? timespec64_add_safe+0x192/0x220
[   24.199739]  ? __pfx_timespec64_add_safe+0x10/0x10
[   24.200127]  ? __sanitizer_cov_trace_const_cmp1+0x1e/0x30
[   24.200541]  ? __sanitizer_cov_trace_const_cmp8+0x1c/0x30
[   24.200958]  ? ktime_get_ts64+0x1db/0x2e0
[   24.201336]  __x64_sys_poll+0x1bf/0x560
[   24.201666]  ? __pfx___x64_sys_poll+0x10/0x10
[   24.202023]  x64_sys_call+0x1294/0x2140
[   24.202348]  do_syscall_64+0x6d/0x140
[   24.202820]  entry_SYSCALL_64_after_hwframe+0x76/0x7e
[   24.203400] RIP: 0033:0x7fed75a3ee5d
[   24.203799] Code: ff c3 66 2e 0f 1f 84 00 00 00 00 00 90 f3 0f 1e fa 48 89 f8 48 89 f7 48 89 d6 48 89 ca 4d 89 c2 4d 89 c8 4c 8b 4c 24 08 0f 05 <48> 3d 01 f0 ff ff 73 01 c3 48 8b 0d 93 af 1b 00 f7 d8 64 89 01 48
[   24.205713] RSP: 002b:00007fff222e4658 EFLAGS: 00000207 ORIG_RAX: 0000000000000007
[   24.206529] RAX: ffffffffffffffda RBX: 0000000000000000 RCX: 00007fed75a3ee5d
[   24.207294] RDX: 0000000000000029 RSI: 0000000000000005 RDI: 0000000020000040
[   24.208046] RBP: 00007fff222e4670 R08: 00007fff222e4670 R09: 00007fff222e4670
[   24.208802] R10: 00007fff222e4670 R11: 0000000000000207 R12: 00007fff222e47c8
[   24.209561] R13: 0000000000401810 R14: 0000000000403e08 R15: 00007fed75dfe000
[   24.210305]  </TASK>
[   24.210563] 
[   24.210745] Allocated by task 1:
[   24.211104]  kasan_save_stack+0x2c/0x60
[   24.211559]  kasan_save_track+0x18/0x40
[   24.211965]  kasan_save_alloc_info+0x3c/0x50
[   24.212448]  __kasan_slab_alloc+0x62/0x80
[   24.212900]  kmem_cache_alloc_node_noprof+0x12e/0x380
[   24.214165]  __kmem_cache_create+0x169/0x520
[   24.215409]  do_kmem_cache_create_usercopy+0x1a5/0x340
[   24.216869]  kmem_cache_create+0x23/0x30
[   24.217352]  dma_bus_init+0x80/0x2a0
[   24.217678]  do_one_initcall+0x114/0x5d0
[   24.218004]  kernel_init_freeable+0xab0/0xeb0
[   24.218382]  kernel_init+0x28/0x2f0
[   24.218663]  ret_from_fork+0x56/0x90
[   24.218958]  ret_from_fork_asm+0x1a/0x30
[   24.219273] 
[   24.219442] The buggy address belongs to the object at ffff88800e019480
[   24.219442]  which belongs to the cache kmem_cache_node of size 120
[   24.220394] The buggy address is located 40 bytes to the right of
[   24.220394]  allocated 120-byte region [ffff88800e019480, ffff88800e0194f8)
[   24.221388] 
[   24.221544] The buggy address belongs to the physical page:
[   24.221970] page: refcount:1 mapcount:0 mapping:0000000000000000 index:0x0 pfn:0xe019
[   24.222596] flags: 0xfffffc0000000(node=0|zone=1|lastcpupid=0x1fffff)
[   24.223103] page_type: 0xfdffffff(slab)
[   24.223436] raw: 000fffffc0000000 ffff88800d041140 dead000000000122 0000000000000000
[   24.224061] raw: 0000000000000000 0000000000150015 00000001fdffffff 0000000000000000
[   24.224653] page dumped because: kasan: bad access detected
[   24.225103] 
[   24.225236] Memory state around the buggy address:
[   24.225612]  ffff88800e019400: 00 00 00 00 00 00 00 fc fc fc fc fc fc fc fc fc
[   24.226183]  ffff88800e019480: 00 00 00 00 00 00 00 00 00 00 00 00 00 00 00 fc
[   24.226741] >ffff88800e019500: fc fc fc fc fc fc fc fc 00 00 00 00 00 00 00 00
[   24.227309]                                ^
[   24.227667]  ffff88800e019580: 00 00 00 00 00 00 00 fc fc fc fc fc fc fc fc fc
[   24.228237]  ffff88800e019600: 00 00 00 00 00 00 00 00 00 00 00 00 00 00 00 fc
[   24.228790] ==================================================================
[   24.229551] Disabling lock debugging due to kernel taint
[   44.019731] BUG: unable to handle page fault for address: ffffebde00000008
[   44.021951] #PF: supervisor read access in kernel mode
[   44.023545] #PF: error_code(0x0000) - not-present page
[   44.025153] PGD 0 P4D 0 
[   44.026007] Oops: Oops: 0000 [#1] PREEMPT SMP KASAN NOPTI
[   44.027694] CPU: 1 UID: 998 PID: 558 Comm: gmain Tainted: G    B              6.11.0-rc6-a496ff4f9094+ #1
[   44.029672] Tainted: [B]=BAD_PAGE
[   44.030092] Hardware name: QEMU Standard PC (i440FX + PIIX, 1996), BIOS rel-1.16.0-0-gd239552ce722-prebuilt.qemu.org 04/01/2014
[   44.031341] RIP: 0010:qlist_free_all+0x9d/0x180
[   44.031832] Code: 80 48 01 c2 0f 82 f6 00 00 00 48 c7 c1 00 00 00 80 48 2b 0d dd 65 d2 04 48 01 ca 48 c1 ea 0c 48 c1 e2 06 48 03 15 bb 65 d2 04 <48> 8b 72 08 48 89 d1 40 f6 c6 01 0f 85 bc 00 00 00 0f 1f 44 00 00
[   44.033721] RSP: 0018:ffff88801d53fc88 EFLAGS: 00010286
[   44.034275] RAX: 0000000000000009 RBX: 0000000000000009 RCX: 0000777f80000000
[   44.035011] RDX: ffffebde00000000 RSI: 0000000000000001 RDI: ffffffff81c1091e
[   44.035749] RBP: ffff88801d53fcb8 R08: 0000000000000000 R09: 0000000000000000
[   44.036488] R10: ffffffff87a171a7 R11: ffff88806c750301 R12: 0000000000000000
[   44.037231] R13: ffff888011010b40 R14: 0000000000000000 R15: ffff888011010b40
[   44.037968] FS:  00007fa7dcc00640(0000) GS:ffff88806c700000(0000) knlGS:0000000000000000
[   44.038795] CS:  0010 DS: 0000 ES: 0000 CR0: 0000000080050033
[   44.039395] CR2: ffffebde00000008 CR3: 000000001a486001 CR4: 0000000000770ef0
[   44.040130] DR0: 0000000000000000 DR1: 0000000000000000 DR2: 0000000000000000
[   44.040862] DR3: 0000000000000000 DR6: 00000000ffff07f0 DR7: 0000000000000400
[   44.041630] PKRU: 55555554
[   44.041925] Call Trace:
[   44.042173]  <TASK>
[   44.042420]  ? show_regs+0xa8/0xc0
[   44.042808]  ? __die+0x37/0x90
[   44.043126]  ? page_fault_oops+0x391/0xc50
[   44.043504]  ? __pfx_page_fault_oops+0x10/0x10
[   44.043920]  ? __pfx_is_prefetch.constprop.0+0x10/0x10
[   44.044392]  ? qlist_free_all+0x9d/0x180
[   44.044681]  ? search_exception_tables+0x65/0x70
[   44.045020]  ? fixup_exception+0x114/0xb10
[   44.045316]  ? kernelmode_fixup_or_oops.constprop.0+0xcc/0x100
[   44.045837]  ? __bad_area_nosemaphore+0x3b2/0x650
[   44.046206]  ? __sanitizer_cov_trace_const_cmp8+0x1c/0x30
[   44.046589]  ? bad_area_nosemaphore+0x33/0x40
[   44.046914]  ? do_kern_addr_fault+0x14e/0x180
[   44.047224]  ? exc_page_fault+0x1b0/0x1d0
[   44.047509]  ? asm_exc_page_fault+0x2b/0x30
[   44.047799]  ? put_cpu_partial+0x12e/0x1e0
[   44.048082]  ? qlist_free_all+0x9d/0x180
[   44.048353]  ? qlist_free_all+0x5b/0x180
[   44.048622]  kasan_quarantine_reduce+0x193/0x1e0
[   44.048937]  __kasan_slab_alloc+0x52/0x80
[   44.049218]  kmem_cache_alloc_noprof+0x114/0x370
[   44.049534]  getname_flags.part.0+0x54/0x570
[   44.049834]  getname_flags+0x9f/0xf0
[   44.050082]  user_path_at+0x31/0x70
[   44.050324]  inotify_find_inode+0x39/0x180
[   44.050612]  __x64_sys_inotify_add_watch+0x233/0x3b0
[   44.050951]  ? __pfx___x64_sys_inotify_add_watch+0x10/0x10
[   44.051320]  ? __audit_syscall_entry+0x39c/0x500
[   44.051647]  x64_sys_call+0x177f/0x2140
[   44.051915]  do_syscall_64+0x6d/0x140
[   44.052175]  entry_SYSCALL_64_after_hwframe+0x76/0x7e
[   44.052522] RIP: 0033:0x7fa7dd43f6cb
[   44.052771] Code: f0 ff ff 73 01 c3 48 8b 0d 52 a7 1b 00 f7 d8 64 89 01 48 83 c8 ff c3 0f 1f 84 00 00 00 00 00 f3 0f 1e fa b8 fe 00 00 00 0f 05 <48> 3d 01 f0 ff ff 73 01 c3 48 8b 0d 25 a7 1b 00 f7 d8 64 89 01 48
[   44.053971] RSP: 002b:00007fa7dcbffa08 EFLAGS: 00000206 ORIG_RAX: 00000000000000fe
[   44.054480] RAX: ffffffffffffffda RBX: 00007fa7dcbffa34 RCX: 00007fa7dd43f6cb
[   44.054950] RDX: 0000000001002fce RSI: 0000562dfdf1be70 RDI: 0000000000000003
[   44.055420] RBP: 0000562dfdf92b60 R08: 0000562dfdf1be70 R09: 0000000fa1a246e3
[   44.055885] R10: 00007fa7dfd72080 R11: 0000000000000206 R12: 0000000000000000
[   44.056353] R13: 00007fa7dfd442d8 R14: 00007fa7d8000c30 R15: 0000562dfded4e90
[   44.056836]  </TASK>
[   44.056995] Modules linked in:
[   44.057220] CR2: ffffebde00000008
[   44.057449] ---[ end trace 0000000000000000 ]---
[   44.057755] RIP: 0010:qlist_free_all+0x9d/0x180
[   44.058065] Code: 80 48 01 c2 0f 82 f6 00 00 00 48 c7 c1 00 00 00 80 48 2b 0d dd 65 d2 04 48 01 ca 48 c1 ea 0c 48 c1 e2 06 48 03 15 bb 65 d2 04 <48> 8b 72 08 48 89 d1 40 f6 c6 01 0f 85 bc 00 00 00 0f 1f 44 00 00
[   44.059254] RSP: 0018:ffff88801d53fc88 EFLAGS: 00010286
[   44.059601] RAX: 0000000000000009 RBX: 0000000000000009 RCX: 0000777f80000000
[   44.060069] RDX: ffffebde00000000 RSI: 0000000000000001 RDI: ffffffff81c1091e
[   44.060537] RBP: ffff88801d53fcb8 R08: 0000000000000000 R09: 0000000000000000
[   44.061004] R10: ffffffff87a171a7 R11: ffff88806c750301 R12: 0000000000000000
[   44.061470] R13: ffff888011010b40 R14: 0000000000000000 R15: ffff888011010b40
[   44.061940] FS:  00007fa7dcc00640(0000) GS:ffff88806c700000(0000) knlGS:0000000000000000
[   44.062465] CS:  0010 DS: 0000 ES: 0000 CR0: 0000000080050033
[   44.062844] CR2: ffffebde00000008 CR3: 000000001a486001 CR4: 0000000000770ef0
[   44.063316] DR0: 0000000000000000 DR1: 0000000000000000 DR2: 0000000000000000
[   44.063782] DR3: 0000000000000000 DR6: 00000000ffff07f0 DR7: 0000000000000400
[   44.064250] PKRU: 55555554
[   44.064438] note: gmain[558] exited with irqs disabled
[   45.194318] BUG: unable to handle page fault for address: ffffebde00000008
[   45.195025] #PF: supervisor read access in kernel mode
[   45.195550] #PF: error_code(0x0000) - not-present page
[   45.196088] PGD 0 P4D 0 
[   45.196366] Oops: Oops: 0000 [#2] PREEMPT SMP KASAN NOPTI
[   45.196918] CPU: 0 UID: 0 PID: 1191 Comm: repro Tainted: G    B D            6.11.0-rc6-a496ff4f9094+ #1
[   45.197863] Tainted: [B]=BAD_PAGE, [D]=DIE
[   45.198275] Hardware name: QEMU Standard PC (i440FX + PIIX, 1996), BIOS rel-1.16.0-0-gd239552ce722-prebuilt.qemu.org 04/01/2014
[   45.199406] RIP: 0010:qlist_free_all+0x9d/0x180
[   45.199882] Code: 80 48 01 c2 0f 82 f6 00 00 00 48 c7 c1 00 00 00 80 48 2b 0d dd 65 d2 04 48 01 ca 48 c1 ea 0c 48 c1 e2 06 48 03 15 bb 65 d2 04 <48> 8b 72 08 48 89 d1 40 f6 c6 01 0f 85 bc 00 00 00 0f 1f 44 00 00
[   45.201710] RSP: 0018:ffff88801d487928 EFLAGS: 00010286
[   45.202238] RAX: 0000000000000009 RBX: 0000000000000009 RCX: 0000777f80000000
[   45.202946] RDX: ffffebde00000000 RSI: ffffea0000440400 RDI: 0000000000040000
[   45.203655] RBP: ffff88801d487958 R08: ffff888011010000 R09: 000000000011000b
[   45.204351] R10: ffffea0000440400 R11: 0000000000000000 R12: 0000000000000000
[   45.204993] R13: ffff888011010000 R14: 0000000000000000 R15: ffff888011010000
[   45.205599] FS:  00007fed75db3740(0000) GS:ffff88806c600000(0000) knlGS:0000000000000000
[   45.206220] CS:  0010 DS: 0000 ES: 0000 CR0: 0000000080050033
[   45.206641] CR2: ffffebde00000008 CR3: 0000000010d38006 CR4: 0000000000770ef0
[   45.207126] DR0: 0000000000000000 DR1: 0000000000000000 DR2: 0000000000000000
[   45.207587] DR3: 0000000000000000 DR6: 00000000ffff07f0 DR7: 0000000000000400
[   45.208031] PKRU: 55555554
[   45.208198] Call Trace:
[   45.208354]  <TASK>
[   45.208492]  ? show_regs+0xa8/0xc0
[   45.208706]  ? __die+0x37/0x90
[   45.208903]  ? page_fault_oops+0x391/0xc50
[   45.209164]  ? __pfx_page_fault_oops+0x10/0x10
[   45.209440]  ? __pfx_is_prefetch.constprop.0+0x10/0x10
[   45.209755]  ? qlist_free_all+0x9d/0x180
[   45.209998]  ? search_exception_tables+0x65/0x70
[   45.210286]  ? fixup_exception+0x114/0xb10
[   45.210539]  ? kernelmode_fixup_or_oops.constprop.0+0xcc/0x100
[   45.210894]  ? __bad_area_nosemaphore+0x3b2/0x650
[   45.211183]  ? trace_irq_enable+0xe1/0x120
[   45.211445]  ? __sanitizer_cov_trace_const_cmp8+0x1c/0x30
[   45.211772]  ? bad_area_nosemaphore+0x33/0x40
[   45.212045]  ? do_kern_addr_fault+0x14e/0x180
[   45.212319]  ? exc_page_fault+0x1b0/0x1d0
[   45.212573]  ? asm_exc_page_fault+0x2b/0x30
[   45.212841]  ? qlist_free_all+0x9d/0x180
[   45.213083]  ? qlist_free_all+0x5b/0x180
[   45.213329]  kasan_quarantine_reduce+0x193/0x1e0
[   45.213611]  __kasan_slab_alloc+0x52/0x80
[   45.213860]  __kmalloc_node_noprof+0x186/0x4e0
[   45.214138]  ? __kvmalloc_node_noprof+0x1ac/0x250
[   45.214437]  __kvmalloc_node_noprof+0x1ac/0x250
[   45.214717]  ? __kvmalloc_node_noprof+0x1ac/0x250
[   45.215009]  seq_read_iter+0x83b/0x1300
[   45.215253]  ? kasan_save_track+0x18/0x40
[   45.215499]  ? kasan_save_free_info+0x3f/0x60
[   45.215771]  ? do_sys_openat2+0x166/0x1f0
[   45.216024]  ? __x64_sys_openat+0x17a/0x240
[   45.216284]  ? do_syscall_64+0x6d/0x140
[   45.216525]  ? entry_SYSCALL_64_after_hwframe+0x76/0x7e
[   45.216842]  ? __sanitizer_cov_trace_const_cmp4+0x1a/0x20
[   45.217171]  ? iov_iter_init+0x55/0x1d0
[   45.217420]  seq_read+0x3b3/0x500
[   45.217634]  ? __pfx_seq_read+0x10/0x10
[   45.217873]  ? rcu_is_watching+0x19/0xc0
[   45.218129]  ? debug_smp_processor_id+0x20/0x30
[   45.218403]  ? rcu_is_watching+0x19/0xc0
[   45.218645]  ? __pfx_seq_read+0x10/0x10
[   45.218885]  proc_reg_read+0x234/0x320
[   45.219120]  ? __pfx_proc_reg_read+0x10/0x10
[   45.219388]  vfs_read+0x1f7/0xcb0
[   45.219606]  ? __pfx_vfs_read+0x10/0x10
[   45.219844]  ? rcu_is_watching+0x19/0xc0
[   45.220087]  ? lock_release+0x592/0x870
[   45.220327]  ? __pfx_lock_acquire+0x10/0x10
[   45.220586]  ? __sanitizer_cov_trace_const_cmp4+0x1a/0x20
[   45.220916]  ksys_read+0x14f/0x290
[   45.221135]  ? __pfx_ksys_read+0x10/0x10
[   45.221380]  ? __audit_syscall_entry+0x39c/0x500
[   45.221667]  __x64_sys_read+0x7b/0xc0
[   45.221895]  ? syscall_trace_enter+0x14a/0x230
[   45.222179]  x64_sys_call+0x1b89/0x2140
[   45.222419]  do_syscall_64+0x6d/0x140
[   45.222649]  entry_SYSCALL_64_after_hwframe+0x76/0x7e
[   45.222957] RIP: 0033:0x7fed75a3ee5d
[   45.223180] Code: ff c3 66 2e 0f 1f 84 00 00 00 00 00 90 f3 0f 1e fa 48 89 f8 48 89 f7 48 89 d6 48 89 ca 4d 89 c2 4d 89 c8 4c 8b 4c 24 08 0f 05 <48> 3d 01 f0 ff ff 73 01 c3 48 8b 0d 93 af 1b 00 f7 d8 64 89 01 48
[   45.224244] RSP: 002b:00007fff222e4658 EFLAGS: 00000213 ORIG_RAX: 0000000000000000
[   45.224688] RAX: ffffffffffffffda RBX: 0000000000000000 RCX: 00007fed75a3ee5d
[   45.225107] RDX: 0000000000002020 RSI: 0000000020002440 RDI: 0000000000000003
[   45.225525] RBP: 00007fff222e4670 R08: 00007fff222e4670 R09: 00007fff222e4670
[   45.225940] R10: 00007fff222e40e0 R11: 0000000000000213 R12: 00007fff222e47c8
[   45.226360] R13: 0000000000401810 R14: 0000000000403e08 R15: 00007fed75dfe000
[   45.226785]  </TASK>
[   45.226923] Modules linked in:
[   45.227124] CR2: ffffebde00000008
[   45.227332] ---[ end trace 0000000000000000 ]---
[   45.227608] RIP: 0010:qlist_free_all+0x9d/0x180
[   45.227886] Code: 80 48 01 c2 0f 82 f6 00 00 00 48 c7 c1 00 00 00 80 48 2b 0d dd 65 d2 04 48 01 ca 48 c1 ea 0c 48 c1 e2 06 48 03 15 bb 65 d2 04 <48> 8b 72 08 48 89 d1 40 f6 c6 01 0f 85 bc 00 00 00 0f 1f 44 00 00
[   45.228944] RSP: 0018:ffff88801d53fc88 EFLAGS: 00010286
[   45.229262] RAX: 0000000000000009 RBX: 0000000000000009 RCX: 0000777f80000000
[   45.229684] RDX: ffffebde00000000 RSI: 0000000000000001 RDI: ffffffff81c1091e
[   45.230105] RBP: ffff88801d53fcb8 R08: 0000000000000000 R09: 0000000000000000
[   45.230524] R10: ffffffff87a171a7 R11: ffff88806c750301 R12: 0000000000000000
[   45.230945] R13: ffff888011010b40 R14: 0000000000000000 R15: ffff888011010b40
[   45.231369] FS:  00007fed75db3740(0000) GS:ffff88806c600000(0000) knlGS:0000000000000000
[   45.231845] CS:  0010 DS: 0000 ES: 0000 CR0: 0000000080050033
[   45.232190] CR2: ffffebde00000008 CR3: 0000000010d38006 CR4: 0000000000770ef0
[   45.232613] DR0: 0000000000000000 DR1: 0000000000000000 DR2: 0000000000000000
[   45.233036] DR3: 0000000000000000 DR6: 00000000ffff07f0 DR7: 0000000000000400
[   45.233454] PKRU: 55555554
[   45.233624] note: repro[1191] exited with irqs disabled
