c[?7l[2J[0mSeaBIOS (version rel-1.16.0-0-gd239552ce722-prebuilt.qemu.org)


iPXE (http://ipxe.org) 00:03.0 CA00 PCI2.10 PnP PMM+7FF91000+7FEF1000 CA00
Press Ctrl-B to configure iPXE (PCI 00:03.0)...                                                                               


Booting from ROM..c[?7l[2J[    0.000000] Linux version 6.7.0-rc4-61a7a5e25fe7+ (root@p-arls02) (gcc (GCC) 11.4.1 20231218 (Red Hat 11.4.1-3), GNU ld version 2.35.2-48.el9) #1 SMP PREEMPT_DYNAMIC Fri Aug  2 21:58:10 CST 2024
[    0.000000] Command line: console=ttyS0 root=/dev/sda earlyprintk=serial net.ifnames=0 plymouth.enable=0
[    0.000000] KERNEL supported cpus:
[    0.000000]   Intel GenuineIntel
[    0.000000]   AMD AuthenticAMD
[    0.000000]   Hygon HygonGenuine
[    0.000000]   Centaur CentaurHauls
[    0.000000]   zhaoxin   Shanghai  
[    0.000000] x86/split lock detection: #DB: warning on user-space bus_locks
[    0.000000] BIOS-provided physical RAM map:
[    0.000000] BIOS-e820: [mem 0x0000000000000000-0x000000000009fbff] usable
[    0.000000] BIOS-e820: [mem 0x000000000009fc00-0x000000000009ffff] reserved
[    0.000000] BIOS-e820: [mem 0x00000000000f0000-0x00000000000fffff] reserved
[    0.000000] BIOS-e820: [mem 0x0000000000100000-0x000000007ffdffff] usable
[    0.000000] BIOS-e820: [mem 0x000000007ffe0000-0x000000007fffffff] reserved
[    0.000000] BIOS-e820: [mem 0x00000000feffc000-0x00000000feffffff] reserved
[    0.000000] BIOS-e820: [mem 0x00000000fffc0000-0x00000000ffffffff] reserved
[    0.000000] printk: legacy bootconsole [earlyser0] enabled
[    0.000000] NX (Execute Disable) protection: active
[    0.000000] APIC: Static calls initialized
[    0.000000] SMBIOS 2.8 present.
[    0.000000] DMI: QEMU Standard PC (i440FX + PIIX, 1996), BIOS rel-1.16.0-0-gd239552ce722-prebuilt.qemu.org 04/01/2014
[    0.000000] Hypervisor detected: KVM
[    0.000000] kvm-clock: Using msrs 4b564d01 and 4b564d00
[    0.000002] kvm-clock: using sched offset of 547772872 cycles
[    0.000403] clocksource: kvm-clock: mask: 0xffffffffffffffff max_cycles: 0x1cd42e4dffb, max_idle_ns: 881590591483 ns
[    0.001639] tsc: Detected 1267.200 MHz processor
[    0.007866] last_pfn = 0x7ffe0 max_arch_pfn = 0x400000000
[    0.008318] MTRR map: 4 entries (3 fixed + 1 variable; max 19), built from 8 variable MTRRs
[    0.008952] x86/PAT: Configuration [0-7]: WB  WC  UC- UC  WB  WP  UC- WT  
[    0.014788] found SMP MP-table at [mem 0x000f5ba0-0x000f5baf]
[    0.015257] Using GB pages for direct mapping
[    0.017588] ACPI: Early table checksum verification disabled
[    0.018023] ACPI: RSDP 0x00000000000F59C0 000014 (v00 BOCHS )
[    0.018469] ACPI: RSDT 0x000000007FFE1951 000034 (v01 BOCHS  BXPC     00000001 BXPC 00000001)
[    0.019124] ACPI: FACP 0x000000007FFE17FD 000074 (v01 BOCHS  BXPC     00000001 BXPC 00000001)
[    0.019781] ACPI: DSDT 0x000000007FFE0040 0017BD (v01 BOCHS  BXPC     00000001 BXPC 00000001)
[    0.020420] ACPI: FACS 0x000000007FFE0000 000040
[    0.020778] ACPI: APIC 0x000000007FFE1871 000080 (v01 BOCHS  BXPC     00000001 BXPC 00000001)
[    0.021434] ACPI: HPET 0x000000007FFE18F1 000038 (v01 BOCHS  BXPC     00000001 BXPC 00000001)
[    0.022094] ACPI: WAET 0x000000007FFE1929 000028 (v01 BOCHS  BXPC     00000001 BXPC 00000001)
[    0.022751] ACPI: Reserving FACP table memory at [mem 0x7ffe17fd-0x7ffe1870]
[    0.023284] ACPI: Reserving DSDT table memory at [mem 0x7ffe0040-0x7ffe17fc]
[    0.023824] ACPI: Reserving FACS table memory at [mem 0x7ffe0000-0x7ffe003f]
[    0.024358] ACPI: Reserving APIC table memory at [mem 0x7ffe1871-0x7ffe18f0]
[    0.024890] ACPI: Reserving HPET table memory at [mem 0x7ffe18f1-0x7ffe1928]
[    0.025426] ACPI: Reserving WAET table memory at [mem 0x7ffe1929-0x7ffe1950]
[    0.026368] No NUMA configuration found
[    0.026655] Faking a node at [mem 0x0000000000000000-0x000000007ffdffff]
[    0.027194] NODE_DATA(0) allocated [mem 0x7ffb5000-0x7ffdffff]
[    0.029431] Zone ranges:
[    0.029615]   DMA      [mem 0x0000000000001000-0x0000000000ffffff]
[    0.030060]   DMA32    [mem 0x0000000001000000-0x000000007ffdffff]
[    0.030536]   Normal   empty
[    0.030772]   Device   empty
[    0.030992] Movable zone start for each node
[    0.031330] Early memory node ranges
[    0.031606]   node   0: [mem 0x0000000000001000-0x000000000009efff]
[    0.032081]   node   0: [mem 0x0000000000100000-0x000000007ffdffff]
[    0.032564] Initmem setup node 0 [mem 0x0000000000001000-0x000000007ffdffff]
[    0.033359] On node 0, zone DMA: 1 pages in unavailable ranges
[    0.033525] On node 0, zone DMA: 97 pages in unavailable ranges
[    0.057436] On node 0, zone DMA32: 32 pages in unavailable ranges
[    0.110286] kasan: KernelAddressSanitizer initialized
[    0.111377] ACPI: PM-Timer IO Port: 0x608
[    0.111696] ACPI: LAPIC_NMI (acpi_id[0xff] dfl dfl lint[0x1])
[    0.112199] IOAPIC[0]: apic_id 0, version 17, address 0xfec00000, GSI 0-23
[    0.112743] ACPI: INT_SRC_OVR (bus 0 bus_irq 0 global_irq 2 dfl dfl)
[    0.113225] ACPI: INT_SRC_OVR (bus 0 bus_irq 5 global_irq 5 high level)
[    0.113729] ACPI: INT_SRC_OVR (bus 0 bus_irq 9 global_irq 9 high level)
[    0.114228] ACPI: INT_SRC_OVR (bus 0 bus_irq 10 global_irq 10 high level)
[    0.114744] ACPI: INT_SRC_OVR (bus 0 bus_irq 11 global_irq 11 high level)
[    0.115264] ACPI: Using ACPI (MADT) for SMP configuration information
[    0.115752] ACPI: HPET id: 0x8086a201 base: 0xfed00000
[    0.116150] TSC deadline timer available
[    0.116448] smpboot: Allowing 2 CPUs, 0 hotplug CPUs
[    0.116871] kvm-guest: APIC: eoi() replaced with kvm_guest_apic_eoi_write()
[    0.117433] kvm-guest: KVM setup pv remote TLB flush
[    0.117809] kvm-guest: setup PV sched yield
[    0.118160] PM: hibernation: Registered nosave memory: [mem 0x00000000-0x00000fff]
[    0.118737] PM: hibernation: Registered nosave memory: [mem 0x0009f000-0x0009ffff]
[    0.119316] PM: hibernation: Registered nosave memory: [mem 0x000a0000-0x000effff]
[    0.119887] PM: hibernation: Registered nosave memory: [mem 0x000f0000-0x000fffff]
[    0.120462] [mem 0x80000000-0xfeffbfff] available for PCI devices
[    0.120922] Booting paravirtualized kernel on KVM
[    0.121284] clocksource: refined-jiffies: mask: 0xffffffff max_cycles: 0xffffffff, max_idle_ns: 7645519600211568 ns
[    0.122084] setup_percpu: NR_CPUS:8192 nr_cpumask_bits:2 nr_cpu_ids:2 nr_node_ids:1
[    0.124872] percpu: Embedded 82 pages/cpu s299008 r8192 d28672 u1048576
[    0.125508] kvm-guest: PV spinlocks enabled
[    0.125840] PV qspinlock hash table entries: 256 (order: 0, 4096 bytes, linear)
[    0.126424] Kernel command line: net.ifnames=0 console=ttyS0 root=/dev/sda earlyprintk=serial net.ifnames=0 plymouth.enable=0
[    0.127560] random: crng init done
[    0.129927] Dentry cache hash table entries: 262144 (order: 9, 2097152 bytes, linear)
[    0.131669] Inode-cache hash table entries: 131072 (order: 8, 1048576 bytes, linear)
[    0.132483] Fallback order for Node 0: 0 
[    0.132492] Built 1 zonelists, mobility grouping on.  Total pages: 515808
[    0.133282] Policy zone: DMA32
[    0.133509] mem auto-init: stack:off, heap alloc:off, heap free:off
[    0.133964] stackdepot: allocating hash table via alloc_large_system_hash
[    0.142178] stackdepot hash table entries: 1048576 (order: 11, 8388608 bytes, linear)
[    0.169403] Memory: 1574240K/2096632K available (73728K kernel code, 14152K rwdata, 16640K rodata, 14836K init, 69028K bss, 522136K reserved, 0K cma-reserved)
[    0.171926] SLUB: HWalign=64, Order=0-3, MinObjects=0, CPUs=2, Nodes=1
[    0.172396] kmemleak: Kernel memory leak detector disabled
[    0.172951] ftrace: allocating 70122 entries in 274 pages
[    0.203266] ftrace: allocated 274 pages with 3 groups
[    0.207935] Dynamic Preempt: voluntary
[    0.208711] Running RCU self tests
[    0.208955] Running RCU synchronous self tests
[    0.209294] rcu: Preemptible hierarchical RCU implementation.
[    0.209712] rcu: 	RCU lockdep checking is enabled.
[    0.210061] rcu: 	RCU restricting CPUs from NR_CPUS=8192 to nr_cpu_ids=2.
[    0.210562] 	Trampoline variant of Tasks RCU enabled.
[    0.210929] 	Rude variant of Tasks RCU enabled.
[    0.211258] 	Tracing variant of Tasks RCU enabled.
[    0.211608] rcu: RCU calculated value of scheduler-enlistment delay is 25 jiffies.
[    0.212155] rcu: Adjusting geometry for rcu_fanout_leaf=16, nr_cpu_ids=2
[    0.212697] Running RCU synchronous self tests
[    0.253918] NR_IRQS: 524544, nr_irqs: 440, preallocated irqs: 16
[    0.255032] rcu: srcu_init: Setting srcu_struct sizes based on contention.
[    0.261689] Console: colour VGA+ 80x25
[    0.262020] printk: legacy console [ttyS0] enabled
[    0.262020] printk: legacy console [ttyS0] enabled
[    0.262723] printk: legacy bootconsole [earlyser0] disabled
[    0.262723] printk: legacy bootconsole [earlyser0] disabled
[    0.263564] Lock dependency validator: Copyright (c) 2006 Red Hat, Inc., Ingo Molnar
[    0.264136] ... MAX_LOCKDEP_SUBCLASSES:  8
[    0.264445] ... MAX_LOCK_DEPTH:          48
[    0.264758] ... MAX_LOCKDEP_KEYS:        8192
[    0.265084] ... CLASSHASH_SIZE:          4096
[    0.265416] ... MAX_LOCKDEP_ENTRIES:     524288
[    0.265756] ... MAX_LOCKDEP_CHAINS:      524288
[    0.266096] ... CHAINHASH_SIZE:          262144
[    0.266439]  memory used by lock dependency info: 54209 kB
[    0.266850]  memory used for stack traces: 4224 kB
[    0.267209]  per task-struct memory footprint: 1920 bytes
[    0.267716] ACPI: Core revision 20230628
[    0.268540] clocksource: hpet: mask: 0xffffffff max_cycles: 0xffffffff, max_idle_ns: 19112604467 ns
[    0.269450] APIC: Switch to symmetric I/O mode setup
[    0.269980] x2apic enabled
[    0.270560] APIC: Switched APIC routing to: physical x2apic
[    0.270973] kvm-guest: APIC: send_IPI_mask() replaced with kvm_send_ipi_mask()
[    0.271525] kvm-guest: APIC: send_IPI_mask_allbutself() replaced with kvm_send_ipi_mask_allbutself()
[    0.272208] kvm-guest: setup PV IPIs
[    0.273621] ..TIMER: vector=0x30 apic1=0 pin1=2 apic2=-1 pin2=-1
[    0.274077] clocksource: tsc-early: mask: 0xffffffffffffffff max_cycles: 0x12441513526, max_idle_ns: 440795239872 ns
[    0.274884] Calibrating delay loop (skipped) preset value.. 2534.40 BogoMIPS (lpj=5068800)
[    0.275641] CPU0: Thermal monitoring enabled (TM1)
[    0.276020] x86/cpu: User Mode Instruction Prevention (UMIP) activated
[    0.276626] Last level iTLB entries: 4KB 0, 2MB 0, 4MB 0
[    0.277028] Last level dTLB entries: 4KB 0, 2MB 0, 4MB 0, 1GB 0
[    0.278914] Spectre V1 : Mitigation: usercopy/swapgs barriers and __user pointer sanitization
[    0.279518] Spectre V2 : WARNING: Unprivileged eBPF is enabled with eIBRS on, data leaks possible via Spectre v2 BHB attacks!
[    0.280332] Spectre V2 : Mitigation: Enhanced / Automatic IBRS
[    0.280751] Spectre V2 : Spectre v2 / SpectreRSB mitigation: Filling RSB on context switch
[    0.281329] Spectre V2 : Spectre v2 / PBRSB-eIBRS: Retire a single CALL on VMEXIT
[    0.281858] Spectre V2 : mitigation: Enabling conditional Indirect Branch Prediction Barrier
[    0.282451] Speculative Store Bypass: Mitigation: Speculative Store Bypass disabled via prctl
[    0.282869] MMIO Stale Data: Unknown: No mitigations
[    0.283258] x86/fpu: Supporting XSAVE feature 0x001: 'x87 floating point registers'
[    0.283818] x86/fpu: Supporting XSAVE feature 0x002: 'SSE registers'
[    0.284283] x86/fpu: Supporting XSAVE feature 0x004: 'AVX registers'
[    0.284751] x86/fpu: Supporting XSAVE feature 0x200: 'Protection Keys User registers'
[    0.285320] x86/fpu: xstate_offset[2]:  576, xstate_sizes[2]:  256
[    0.285778] x86/fpu: xstate_offset[9]:  832, xstate_sizes[9]:    8
[    0.286232] x86/fpu: Enabled xstate features 0x207, context size is 840 bytes, using 'compacted' format.
[    0.395489] Freeing SMP alternatives memory: 56K
[    0.395853] pid_max: default: 32768 minimum: 301
[    0.396457] LSM: initializing lsm=capability,yama,integrity
[    0.396883] Yama: becoming mindful.
[    0.397493] Mount-cache hash table entries: 4096 (order: 3, 32768 bytes, linear)
[    0.398036] Mountpoint-cache hash table entries: 4096 (order: 3, 32768 bytes, linear)
[    0.400144] Running RCU synchronous self tests
[    0.400465] Running RCU synchronous self tests
[    0.401167] smpboot: CPU0: Genuine Intel(R) 0000 @ (family: 0x6, model: 0xc6, stepping: 0x0)
[    0.402476] RCU Tasks: Setting shift to 1 and lim to 1 rcu_task_cb_adjust=1.
[    0.402865] RCU Tasks Rude: Setting shift to 1 and lim to 1 rcu_task_cb_adjust=1.
[    0.402865] RCU Tasks Trace: Setting shift to 1 and lim to 1 rcu_task_cb_adjust=1.
[    0.402865] Running RCU Tasks wait API self tests
[    0.503009] Running RCU Tasks Rude wait API self tests
[    0.503637] Running RCU Tasks Trace wait API self tests
[    0.504074] Performance Events: unsupported p6 CPU model 198 no PMU driver, software events only.
[    0.504751] signal: max sigframe size: 3632
[    0.505290] rcu: Hierarchical SRCU implementation.
[    0.505642] rcu: 	Max phase no-delay instances is 1000.
[    0.509142] NMI watchdog: Perf NMI watchdog permanently disabled
[    0.509760] smp: Bringing up secondary CPUs ...
[    0.510779] smpboot: x86: Booting SMP configuration:
[    0.510883] .... node  #0, CPUs:      #1
[    0.511230] smp: Brought up 1 node, 2 CPUs
[    0.511631] smpboot: Max logical packages: 1
[    0.511944] smpboot: Total of 2 processors activated (5068.80 BogoMIPS)
[    0.516992] devtmpfs: initialized
[    0.518913] Callback from call_rcu_tasks_trace() invoked.
[    0.519688] x86/mm: Memory block size: 128MB
[    0.528144] Running RCU synchronous self tests
[    0.528144] Running RCU synchronous self tests
[    0.528220] clocksource: jiffies: mask: 0xffffffff max_cycles: 0xffffffff, max_idle_ns: 7645041785100000 ns
[    0.528923] futex hash table entries: 512 (order: 4, 65536 bytes, linear)
[    0.531380] pinctrl core: initialized pinctrl subsystem
[    0.532493] 
[    0.532615] *************************************************************
[    0.533102] **     NOTICE NOTICE NOTICE NOTICE NOTICE NOTICE NOTICE    **
[    0.533589] **                                                         **
[    0.534074] **  IOMMU DebugFS SUPPORT HAS BEEN ENABLED IN THIS KERNEL  **
[    0.534563] **                                                         **
[    0.534874] ** This means that this kernel is built to expose internal **
[    0.535364] ** IOMMU data structures, which may compromise security on **
[    0.535854] ** your system.                                            **
[    0.536348] **                                                         **
[    0.536838] ** If you see this message and you are not debugging the   **
[    0.537332] ** kernel, report this immediately to your vendor!         **
[    0.537819] **                                                         **
[    0.538309] **     NOTICE NOTICE NOTICE NOTICE NOTICE NOTICE NOTICE    **
[    0.538796] *************************************************************
[    0.538933] PM: RTC time: 20:30:05, date: 2024-10-13
[    0.543628] NET: Registered PF_NETLINK/PF_ROUTE protocol family
[    0.545403] DMA: preallocated 256 KiB GFP_KERNEL pool for atomic allocations
[    0.545934] DMA: preallocated 256 KiB GFP_KERNEL|GFP_DMA pool for atomic allocations
[    0.546515] DMA: preallocated 256 KiB GFP_KERNEL|GFP_DMA32 pool for atomic allocations
[    0.546978] audit: initializing netlink subsys (disabled)
[    0.547585] audit: type=2000 audit(1728851405.529:1): state=initialized audit_enabled=0 res=1
[    0.548611] thermal_sys: Registered thermal governor 'fair_share'
[    0.548618] thermal_sys: Registered thermal governor 'bang_bang'
[    0.549080] thermal_sys: Registered thermal governor 'step_wise'
[    0.550877] thermal_sys: Registered thermal governor 'user_space'
[    0.551393] cpuidle: using governor ladder
[    0.552164] cpuidle: using governor menu
[    0.552816] acpiphp: ACPI Hot Plug PCI Controller Driver version: 0.5
[    0.554409] PCI: Using configuration type 1 for base access
[    0.555792] kprobes: kprobe jump-optimization is enabled. All kprobes are optimized if possible.
[    0.641623] Callback from call_rcu_tasks() invoked.
[    0.642494] HugeTLB: registered 1.00 GiB page size, pre-allocated 0 pages
[    0.642879] HugeTLB: 16380 KiB vmemmap can be freed for a 1.00 GiB page
[    0.643370] HugeTLB: registered 2.00 MiB page size, pre-allocated 0 pages
[    0.643863] HugeTLB: 28 KiB vmemmap can be freed for a 2.00 MiB page
[    0.646558] Callback from call_rcu_tasks_rude() invoked.
[    0.647999] ACPI: Added _OSI(Module Device)
[    0.648331] ACPI: Added _OSI(Processor Device)
[    0.648663] ACPI: Added _OSI(3.0 _SCP Extensions)
[    0.649010] ACPI: Added _OSI(Processor Aggregator Device)
[    0.673651] ACPI: 1 ACPI AML tables successfully acquired and loaded
[    0.677930] ACPI: _OSC evaluation for CPUs failed, trying _PDC
[    0.681342] ACPI: Interpreter enabled
[    0.681771] ACPI: PM: (supports S0 S3 S4 S5)
[    0.682096] ACPI: Using IOAPIC for interrupt routing
[    0.682579] PCI: Using host bridge windows from ACPI; if necessary, use "pci=nocrs" and report a bug
[    0.682871] PCI: Using E820 reservations for host bridge windows
[    0.684943] ACPI: Enabled 2 GPEs in block 00 to 0F
[    0.735255] ACPI: PCI Root Bridge [PCI0] (domain 0000 [bus 00-ff])
[    0.735777] acpi PNP0A03:00: _OSC: OS supports [ASPM ClockPM Segments MSI EDR HPX-Type3]
[    0.736375] acpi PNP0A03:00: _OSC: not requesting OS control; OS requires [ExtendedConfig ASPM ClockPM MSI]
[    0.737361] acpi PNP0A03:00: fail to add MMCONFIG information, can't access extended configuration space under this bridge
[    0.744681] acpiphp: Slot [3] registered
[    0.745154] acpiphp: Slot [4] registered
[    0.745651] acpiphp: Slot [5] registered
[    0.746131] acpiphp: Slot [6] registered
[    0.746613] acpiphp: Slot [7] registered
[    0.747062] acpiphp: Slot [8] registered
[    0.747566] acpiphp: Slot [9] registered
[    0.748043] acpiphp: Slot [10] registered
[    0.748526] acpiphp: Slot [11] registered
[    0.749020] acpiphp: Slot [12] registered
[    0.749523] acpiphp: Slot [13] registered
[    0.750020] acpiphp: Slot [14] registered
[    0.750505] acpiphp: Slot [15] registered
[    0.751007] acpiphp: Slot [16] registered
[    0.751532] acpiphp: Slot [17] registered
[    0.752036] acpiphp: Slot [18] registered
[    0.752534] acpiphp: Slot [19] registered
[    0.753030] acpiphp: Slot [20] registered
[    0.753556] acpiphp: Slot [21] registered
[    0.754052] acpiphp: Slot [22] registered
[    0.754549] acpiphp: Slot [23] registered
[    0.755049] acpiphp: Slot [24] registered
[    0.755583] acpiphp: Slot [25] registered
[    0.756091] acpiphp: Slot [26] registered
[    0.756595] acpiphp: Slot [27] registered
[    0.757098] acpiphp: Slot [28] registered
[    0.757620] acpiphp: Slot [29] registered
[    0.758120] acpiphp: Slot [30] registered
[    0.758617] acpiphp: Slot [31] registered
[    0.759039] PCI host bridge to bus 0000:00
[    0.759360] pci_bus 0000:00: root bus resource [io  0x0000-0x0cf7 window]
[    0.759875] pci_bus 0000:00: root bus resource [io  0x0d00-0xffff window]
[    0.760396] pci_bus 0000:00: root bus resource [mem 0x000a0000-0x000bffff window]
[    0.760969] pci_bus 0000:00: root bus resource [mem 0x80000000-0xfebfffff window]
[    0.761539] pci_bus 0000:00: root bus resource [mem 0x100000000-0x17fffffff window]
[    0.762122] pci_bus 0000:00: root bus resource [bus 00-ff]
[    0.762758] pci 0000:00:00.0: [8086:1237] type 00 class 0x060000
[    0.779491] pci 0000:00:01.0: [8086:7000] type 00 class 0x060100
[    0.781717] pci 0000:00:01.1: [8086:7010] type 00 class 0x010180
[    0.783885] pci 0000:00:01.1: reg 0x20: [io  0xc040-0xc04f]
[    0.784921] pci 0000:00:01.1: legacy IDE quirk: reg 0x10: [io  0x01f0-0x01f7]
[    0.785462] pci 0000:00:01.1: legacy IDE quirk: reg 0x14: [io  0x03f6]
[    0.785961] pci 0000:00:01.1: legacy IDE quirk: reg 0x18: [io  0x0170-0x0177]
[    0.786500] pci 0000:00:01.1: legacy IDE quirk: reg 0x1c: [io  0x0376]
[    0.787422] pci 0000:00:01.3: [8086:7113] type 00 class 0x068000
[    0.788206] pci 0000:00:01.3: quirk: [io  0x0600-0x063f] claimed by PIIX4 ACPI
[    0.788755] pci 0000:00:01.3: quirk: [io  0x0700-0x070f] claimed by PIIX4 SMB
[    0.789831] pci 0000:00:02.0: [1234:1111] type 00 class 0x030000
[    0.791257] pci 0000:00:02.0: reg 0x10: [mem 0xfd000000-0xfdffffff pref]
[    0.793550] pci 0000:00:02.0: reg 0x18: [mem 0xfebf0000-0xfebf0fff]
[    0.796526] pci 0000:00:02.0: reg 0x30: [mem 0xfebe0000-0xfebeffff pref]
[    0.797204] pci 0000:00:02.0: Video device with shadowed ROM at [mem 0x000c0000-0x000dffff]
[    0.815439] pci 0000:00:03.0: [8086:100e] type 00 class 0x020000
[    0.816621] pci 0000:00:03.0: reg 0x10: [mem 0xfebc0000-0xfebdffff]
[    0.817685] pci 0000:00:03.0: reg 0x14: [io  0xc000-0xc03f]
[    0.821099] pci 0000:00:03.0: reg 0x30: [mem 0xfeb80000-0xfebbffff pref]
[    0.851030] ACPI: PCI: Interrupt link LNKA configured for IRQ 10
[    0.853159] ACPI: PCI: Interrupt link LNKB configured for IRQ 10
[    0.855166] ACPI: PCI: Interrupt link LNKC configured for IRQ 11
[    0.857182] ACPI: PCI: Interrupt link LNKD configured for IRQ 11
[    0.858245] ACPI: PCI: Interrupt link LNKS configured for IRQ 9
[    0.866006] iommu: Default domain type: Translated
[    0.866405] iommu: DMA domain TLB invalidation policy: lazy mode
[    0.869771] SCSI subsystem initialized
[    0.870728] ACPI: bus type USB registered
[    0.871107] usbcore: registered new interface driver usbfs
[    0.871597] usbcore: registered new interface driver hub
[    0.872073] usbcore: registered new device driver usb
[    0.872788] pps_core: LinuxPPS API ver. 1 registered
[    0.873165] pps_core: Software ver. 5.3.6 - Copyright 2005-2007 Rodolfo Giometti <giometti@linux.it>
[    0.873875] PTP clock support registered
[    0.874661] EDAC MC: Ver: 3.0.0
[    0.878546] NetLabel: Initializing
[    0.878819] NetLabel:  domain hash size = 128
[    0.878877] NetLabel:  protocols = UNLABELED CIPSOv4 CALIPSO
[    0.879508] NetLabel:  unlabeled traffic allowed by default
[    0.880551] PCI: Using ACPI for IRQ routing
[    0.881255] pci 0000:00:02.0: vgaarb: setting as boot VGA device
[    0.881731] pci 0000:00:02.0: vgaarb: bridge control possible
[    0.882172] pci 0000:00:02.0: vgaarb: VGA device added: decodes=io+mem,owns=io+mem,locks=none
[    0.882813] vgaarb: loaded
[    0.883661] hpet0: at MMIO 0xfed00000, IRQs 2, 8, 0
[    0.884040] hpet0: 3 comparators, 64-bit 100.000000 MHz counter
[    0.890769] clocksource: Switched to clocksource kvm-clock
[    0.890865] VFS: Disk quotas dquot_6.6.0
[    0.890865] VFS: Dquot-cache hash table entries: 512 (order 0, 4096 bytes)
[    0.890865] pnp: PnP ACPI init
[    0.900624] pnp: PnP ACPI: found 6 devices
[    0.920981] clocksource: acpi_pm: mask: 0xffffff max_cycles: 0xffffff, max_idle_ns: 2085701024 ns
[    0.924549] NET: Registered PF_INET protocol family
[    0.925234] IP idents hash table entries: 32768 (order: 6, 262144 bytes, linear)
[    0.927305] tcp_listen_portaddr_hash hash table entries: 1024 (order: 4, 73728 bytes, linear)
[    0.928026] Table-perturb hash table entries: 65536 (order: 6, 262144 bytes, linear)
[    0.928655] TCP established hash table entries: 16384 (order: 5, 131072 bytes, linear)
[    0.929531] TCP bind hash table entries: 16384 (order: 9, 2359296 bytes, linear)
[    0.932913] TCP: Hash tables configured (established 16384 bind 16384)
[    0.933800] UDP hash table entries: 1024 (order: 5, 163840 bytes, linear)
[    0.934458] UDP-Lite hash table entries: 1024 (order: 5, 163840 bytes, linear)
[    0.935385] NET: Registered PF_UNIX/PF_LOCAL protocol family
[    0.936783] RPC: Registered named UNIX socket transport module.
[    0.937249] RPC: Registered udp transport module.
[    0.937610] RPC: Registered tcp transport module.
[    0.937971] RPC: Registered tcp-with-tls transport module.
[    0.938380] RPC: Registered tcp NFSv4.1 backchannel transport module.
[    0.938885] pci_bus 0000:00: resource 4 [io  0x0000-0x0cf7 window]
[    0.939376] pci_bus 0000:00: resource 5 [io  0x0d00-0xffff window]
[    0.939839] pci_bus 0000:00: resource 6 [mem 0x000a0000-0x000bffff window]
[    0.940353] pci_bus 0000:00: resource 7 [mem 0x80000000-0xfebfffff window]
[    0.940873] pci_bus 0000:00: resource 8 [mem 0x100000000-0x17fffffff window]
[    0.941865] pci 0000:00:01.0: PIIX3: Enabling Passive Release
[    0.942298] pci 0000:00:00.0: Limiting direct PCI/PCI transfers
[    0.942817] PCI: CLS 0 bytes, default 64
[    0.943192] ACPI: bus type thunderbolt registered
[    0.943919] clocksource: tsc: mask: 0xffffffffffffffff max_cycles: 0x12441513526, max_idle_ns: 440795239872 ns
[    2.118948] Initialise system trusted keyrings
[    2.119449] Key type blacklist registered
[    2.120072] workingset: timestamp_bits=36 max_order=19 bucket_order=0
[    2.120593] zbud: loaded
[    2.122583] squashfs: version 4.0 (2009/01/31) Phillip Lougher
[    2.126372] NFS: Registering the id_resolver key type
[    2.126789] Key type id_resolver registered
[    2.127098] Key type id_legacy registered
[    2.127472] nfs4filelayout_init: NFSv4 File Layout Driver Registering...
[    2.127996] nfs4flexfilelayout_init: NFSv4 Flexfile Layout Driver Registering...
[    2.128840] fuse: init (API version 7.39)
[    2.129668] SGI XFS with ACLs, security attributes, realtime, quota, no debug enabled
[    2.131732] 9p: Installing v9fs 9p2000 file system support
[    2.143795] Key type asymmetric registered
[    2.144124] Asymmetric key parser 'x509' registered
[    2.144600] Block layer SCSI generic (bsg) driver version 0.4 loaded (major 243)
[    2.145727] io scheduler mq-deadline registered
[    2.146264] io scheduler bfq registered
[    2.147880] shpchp: Standard Hot Plug PCI Controller Driver version: 0.4
[    2.149284] IPMI message handler: version 39.2
[    2.149706] ipmi device interface
[    2.152224] input: Power Button as /devices/LNXSYSTM:00/LNXPWRBN:00/input/input0
[    2.153369] ACPI: button: Power Button [PWRF]
[    2.155765] ERST DBG: ERST support is disabled.
[    2.157296] Serial: 8250/16550 driver, 32 ports, IRQ sharing enabled
[    2.159440] 00:04: ttyS0 at I/O 0x3f8 (irq = 4, base_baud = 115200) is a 16550A
[    2.189245] Linux agpgart interface v0.103
[    2.191941] ACPI: bus type drm_connector registered
[    2.214752] brd: module loaded
[    2.228558] loop: module loaded
[    2.241041] scsi host0: ata_piix
[    2.242894] scsi host1: ata_piix
[    2.243686] ata1: PATA max MWDMA2 cmd 0x1f0 ctl 0x3f6 bmdma 0xc040 irq 14 lpm-pol 0
[    2.244230] ata2: PATA max MWDMA2 cmd 0x170 ctl 0x376 bmdma 0xc048 irq 15 lpm-pol 0
[    2.247604] tun: Universal TUN/TAP device driver, 1.6
[    2.248315] e100: Intel(R) PRO/100 Network Driver
[    2.248660] e100: Copyright(c) 1999-2006 Intel Corporation
[    2.249119] e1000: Intel(R) PRO/1000 Network Driver
[    2.249471] e1000: Copyright (c) 1999-2006 Intel Corporation.
[    2.403637] ata1: found unknown device (class 0)
[    2.404339] ata2: found unknown device (class 0)
[    2.405177] ata2.00: ATAPI: QEMU DVD-ROM, 2.5+, max UDMA/100
[    2.405990] ata1.00: ATA-7: QEMU HARDDISK, 2.5+, max UDMA/100
[    2.406438] ata1.00: 17196647 sectors, multi 16: LBA48 
[    2.408664] scsi 0:0:0:0: Direct-Access     ATA      QEMU HARDDISK    2.5+ PQ: 0 ANSI: 5
[    2.412689] sd 0:0:0:0: [sda] 17196647 512-byte logical blocks: (8.80 GB/8.20 GiB)
[    2.413352] sd 0:0:0:0: [sda] Write Protect is off
[    2.413794] sd 0:0:0:0: [sda] Write cache: enabled, read cache: enabled, doesn't support DPO or FUA
[    2.414572] sd 0:0:0:0: [sda] Preferred minimum I/O size 512 bytes
[    2.418200] sd 0:0:0:0: Attached scsi generic sg0 type 0
[    2.420310] scsi 1:0:0:0: CD-ROM            QEMU     QEMU DVD-ROM     2.5+ PQ: 0 ANSI: 5
[    2.423214] sd 0:0:0:0: [sda] Attached SCSI disk
[    2.445058] scsi 1:0:0:0: Attached scsi generic sg1 type 5
[    3.823049] ACPI: \_SB_.LNKC: Enabled at IRQ 11
[    4.147391] e1000 0000:00:03.0 eth0: (PCI:33MHz:32-bit) 52:54:00:12:34:56
[    4.147907] e1000 0000:00:03.0 eth0: Intel(R) PRO/1000 Network Connection
[    4.148552] e1000e: Intel(R) PRO/1000 Network Driver
[    4.148871] e1000e: Copyright(c) 1999 - 2015 Intel Corporation.
[    4.149353] igb: Intel(R) Gigabit Ethernet Network Driver
[    4.149740] igb: Copyright (c) 2007-2014 Intel Corporation.
[    4.150399] PPP generic driver version 2.4.2
[    4.153453] VFIO - User Level meta-driver version: 0.3
[    4.155464] usbcore: registered new interface driver uas
[    4.155984] usbcore: registered new interface driver usb-storage
[    4.156714] i8042: PNP: PS/2 Controller [PNP0303:KBD,PNP0f13:MOU] at 0x60,0x64 irq 1,12
[    4.158139] serio: i8042 KBD port at 0x60,0x64 irq 1
[    4.158542] serio: i8042 AUX port at 0x60,0x64 irq 12
[    4.160839] mousedev: PS/2 mouse device common for all mice
[    4.162946] input: AT Translated Set 2 keyboard as /devices/platform/i8042/serio0/input/input1
[    4.163721] rtc_cmos 00:05: RTC can wake from S4
[    4.165164] input: VirtualPS/2 VMware VMMouse as /devices/platform/i8042/serio1/input/input4
[    4.166134] rtc_cmos 00:05: registered as rtc0
[    4.166567] rtc_cmos 00:05: setting system clock to 2024-10-13T20:30:08 UTC (1728851408)
[    4.166859] input: VirtualPS/2 VMware VMMouse as /devices/platform/i8042/serio1/input/input3
[    4.168071] rtc_cmos 00:05: alarms up to one day, y3k, 242 bytes nvram, hpet irqs
[    4.168703] i2c_dev: i2c /dev entries driver
[    4.169409] device-mapper: core: CONFIG_IMA_DISABLE_HTABLE is disabled. Duplicate IMA measurements will not be recorded in the IMA log.
[    4.170319] device-mapper: uevent: version 1.0.3
[    4.171368] device-mapper: ioctl: 4.48.0-ioctl (2023-03-01) initialised: dm-devel@redhat.com
[    4.171991] intel_pstate: CPU model not supported
[    4.172580] sdhci: Secure Digital Host Controller Interface driver
[    4.173024] sdhci: Copyright(c) Pierre Ossman
[    4.173496] sdhci-pltfm: SDHCI platform and OF driver helper
[    4.174251] ledtrig-cpu: registered to indicate activity on CPUs
[    4.175136] drop_monitor: Initializing network drop monitor service
[    4.176025] NET: Registered PF_INET6 protocol family
[    4.183405] Segment Routing with IPv6
[    4.183784] In-situ OAM (IOAM) with IPv6
[    4.184161] NET: Registered PF_PACKET protocol family
[    4.185140] 9pnet: Installing 9P2000 support
[    4.185685] Key type dns_resolver registered
[    4.187679] IPI shorthand broadcast: enabled
[    4.231797] sched_clock: Marking stable (4216005617, 15319736)->(4396223386, -164898033)
[    4.233509] registered taskstats version 1
[    4.234483] Loading compiled-in X.509 certificates
[    4.282073] Key type .fscrypt registered
[    4.282452] Key type fscrypt-provisioning registered
[    4.290103] Key type encrypted registered
[    4.290506] ima: No TPM chip found, activating TPM-bypass!
[    4.290946] ima: Allocated hash algorithm: sha1
[    4.291403] ima: No architecture policies found
[    4.291892] evm: Initialising EVM extended attributes:
[    4.292277] evm: security.selinux
[    4.292533] evm: security.SMACK64
[    4.292787] evm: security.SMACK64EXEC
[    4.293065] evm: security.SMACK64TRANSMUTE
[    4.293375] evm: security.SMACK64MMAP
[    4.293656] evm: security.apparmor
[    4.293915] evm: security.ima
[    4.294144] evm: security.capability
[    4.294418] evm: HMAC attrs: 0x1
[    4.297716] PM:   Magic number: 12:601:548
[    4.298136] tty ttyS24: hash matches
[    4.298439] port serial8250:0.23: hash matches
[    4.299896] RAS: Correctable Errors collector initialized.
[    4.300535] clk: Disabling unused clocks
[    4.302228] md: Waiting for all devices to be available before autodetect
[    4.302569] md: If you don't use raid, use raid=noautodetect
[    4.302843] md: Autodetecting RAID arrays.
[    4.303056] md: autorun ...
[    4.303202] md: ... autorun DONE.
[    4.323070] EXT4-fs (sda): mounted filesystem 088740a9-c8b4-422c-999d-a804eb68a4da ro with ordered data mode. Quota mode: none.
[    4.323795] VFS: Mounted root (ext4 filesystem) readonly on device 8:0.
[    4.327446] devtmpfs: mounted
[    4.349310] Freeing unused decrypted memory: 2028K
[    4.353023] Freeing unused kernel image (initmem) memory: 14836K
[    4.353365] Write protecting the kernel read-only data: 92160k
[    4.355478] Freeing unused kernel image (rodata/data gap) memory: 1792K
[    4.407963] x86/mm: Checked W+X mappings: passed, no W+X pages found.
[    4.408304] Run /sbin/init as init process
[    4.672746] systemd[1]: systemd 252-15.el9 running in system mode (+PAM +AUDIT +SELINUX -APPARMOR +IMA +SMACK +SECCOMP +GCRYPT +GNUTLS +OPENSSL +ACL +BLKID +CURL +ELFUTILS -FIDO2 +IDN2 -IDN -IPTC +KMOD +LIBCRYPTSETUP +LIBFDISK +PCRE2 -PWQUALITY +P11KIT -QRENCODE +TPM2 +BZIP2 +LZ4 +XZ +ZLIB +ZSTD -BPF_FRAMEWORK +XKBCOMMON +UTMP +SYSVINIT default-hierarchy=unified)
[    4.674248] systemd[1]: Detected virtualization kvm.
[    4.674506] systemd[1]: Detected architecture x86-64.

Welcome to [0;31mCentOS Stream 9[0m!

[    4.683446] systemd[1]: Hostname set to <test>.
[    4.939640] systemd-rc-local-generator[124]: /etc/rc.d/rc.local is not marked executable, skipping.
[    5.373212] systemd[1]: Queued start job for default target Multi-User System.
[    5.394475] systemd[1]: Created slice Virtual Machine and Container Slice.
[[0;32m  OK  [0m] Created slice [0;1;39mVirtual Machine and Container Slice[0m.
[    5.400074] systemd[1]: Created slice Slice /system/getty.
[[0;32m  OK  [0m] Created slice [0;1;39mSlice /system/getty[0m.
[    5.402876] systemd[1]: Created slice Slice /system/modprobe.
[[0;32m  OK  [0m] Created slice [0;1;39mSlice /system/modprobe[0m.
[    5.405654] systemd[1]: Created slice Slice /system/serial-getty.
[[0;32m  OK  [0m] Created slice [0;1;39mSlice /system/serial-getty[0m.
[    5.408426] systemd[1]: Created slice Slice /system/sshd-keygen.
[[0;32m  OK  [0m] Created slice [0;1;39mSlice /system/sshd-keygen[0m.
[    5.410940] systemd[1]: Created slice User and Session Slice.
[[0;32m  OK  [0m] Created slice [0;1;39mUser and Session Slice[0m.
[    5.412293] systemd[1]: Started Forward Password Requests to Wall Directory Watch.
[[0;32m  OK  [0m] Started [0;1;39mForward Password R…uests to Wall Directory Watch[0m.
[    5.414495] systemd[1]: Set up automount Arbitrary Executable File Formats File System Automount Point.
[[0;32m  OK  [0m] Set up automount [0;1;39mArbitrary…s File System Automount Point[0m.
[    5.415830] systemd[1]: Reached target Local Integrity Protected Volumes.
[[0;32m  OK  [0m] Reached target [0;1;39mLocal Integrity Protected Volumes[0m.
[    5.416866] systemd[1]: Reached target Slice Units.
[[0;32m  OK  [0m] Reached target [0;1;39mSlice Units[0m.
[    5.417653] systemd[1]: Reached target Swaps.
[[0;32m  OK  [0m] Reached target [0;1;39mSwaps[0m.
[    5.418358] systemd[1]: Reached target Local Verity Protected Volumes.
[[0;32m  OK  [0m] Reached target [0;1;39mLocal Verity Protected Volumes[0m.
[    5.419629] systemd[1]: Listening on Device-mapper event daemon FIFOs.
[[0;32m  OK  [0m] Listening on [0;1;39mDevice-mapper event daemon FIFOs[0m.
[    5.421331] systemd[1]: Listening on LVM2 poll daemon socket.
[[0;32m  OK  [0m] Listening on [0;1;39mLVM2 poll daemon socket[0m.
[    5.422402] systemd[1]: multipathd control socket was skipped because of an unmet condition check (ConditionPathExists=/etc/multipath.conf).
[    5.480108] systemd[1]: Listening on RPCbind Server Activation Socket.
[[0;32m  OK  [0m] Listening on [0;1;39mRPCbind Server Activation Socket[0m.
[    5.481277] systemd[1]: Reached target RPC Port Mapper.
[[0;32m  OK  [0m] Reached target [0;1;39mRPC Port Mapper[0m.
[    5.484716] systemd[1]: Listening on Process Core Dump Socket.
[[0;32m  OK  [0m] Listening on [0;1;39mProcess Core Dump Socket[0m.
[    5.485973] systemd[1]: Listening on initctl Compatibility Named Pipe.
[[0;32m  OK  [0m] Listening on [0;1;39minitctl Compatibility Named Pipe[0m.
[    5.487487] systemd[1]: Listening on Journal Socket (/dev/log).
[[0;32m  OK  [0m] Listening on [0;1;39mJournal Socket (/dev/log)[0m.
[    5.488865] systemd[1]: Listening on Journal Socket.
[[0;32m  OK  [0m] Listening on [0;1;39mJournal Socket[0m.
[    5.490274] systemd[1]: Listening on udev Control Socket.
[[0;32m  OK  [0m] Listening on [0;1;39mudev Control Socket[0m.
[    5.491510] systemd[1]: Listening on udev Kernel Socket.
[[0;32m  OK  [0m] Listening on [0;1;39mudev Kernel Socket[0m.
[    5.511953] systemd[1]: Mounting Huge Pages File System...
         Mounting [0;1;39mHuge Pages File System[0m...
[    5.519203] systemd[1]: Mounting POSIX Message Queue File System...
         Mounting [0;1;39mPOSIX Message Queue File System[0m...
[    5.527185] systemd[1]: Mounting Kernel Debug File System...
         Mounting [0;1;39mKernel Debug File System[0m...
[    5.541508] systemd[1]: Mounting Kernel Trace File System...
         Mounting [0;1;39mKernel Trace File System[0m...
[    5.545780] systemd[1]: Kernel Module supporting RPCSEC_GSS was skipped because of an unmet condition check (ConditionPathExists=/etc/krb5.keytab).
[    5.546584] systemd[1]: Create List of Static Device Nodes was skipped because of an unmet condition check (ConditionFileNotEmpty=/lib/modules/6.7.0-rc4-61a7a5e25fe7+/modules.devname).
[    5.553794] systemd[1]: Starting Monitoring of LVM2 mirrors, snapshots etc. using dmeventd or progress polling...
         Starting [0;1;39mMonitoring of LVM…meventd or progress polling[0m...
[    5.562342] systemd[1]: Starting Load Kernel Module configfs...
         Starting [0;1;39mLoad Kernel Module configfs[0m...
[    5.571252] systemd[1]: Starting Load Kernel Module drm...
         Starting [0;1;39mLoad Kernel Module drm[0m...
[    5.584684] systemd[1]: Starting Load Kernel Module fuse...
         Starting [0;1;39mLoad Kernel Module fuse[0m...
[    5.599919] systemd[1]: Starting Read and set NIS domainname from /etc/sysconfig/network...
         Starting [0;1;39mRead and set NIS …from /etc/sysconfig/network[0m...
[    5.636224] systemd[1]: Starting Journal Service...
         Starting [0;1;39mJournal Service[0m...
[    5.649222] systemd[1]: Starting Load Kernel Modules...
         Starting [0;1;39mLoad Kernel Modules[0m...
[    5.664304] systemd[1]: Starting Generate network units from Kernel command line...
         Starting [0;1;39mGenerate network …ts from Kernel command line[0m...
[    5.688587] systemd[1]: Starting Remount Root and Kernel File Systems...
         Starting [0;1;39mRemount Root and Kernel File Systems[0m...
[    5.689977] systemd[1]: Repartition Root Disk was skipped because no trigger condition checks were met.
[    5.716137] systemd[1]: Starting Coldplug All udev Devices...
         Starting [0;1;39mColdplug All udev Devices[0m...
[    5.756231] systemd[1]: Mounted Huge Pages File System.
[[0;32m  OK  [0m] Mounted [0;1;39mHuge Pages File System[0m.
[    5.757817] systemd[1]: Mounted POSIX Message Queue File System.
[[0;32m  OK  [0m] Mounted [0;1;39mPOSIX Message Queue File System[0m.
[    5.759235] systemd[1]: Mounted Kernel Debug File System.
[[0;32m  OK  [0m] Mounted [0;1;39mKernel Debug File System[0m.
[    5.774155] systemd[1]: Mounted Kernel Trace File System.
[[0;32m  OK  [0m] Mounted [0;1;39mKernel Trace File System[0m.
[    5.779828] systemd[1]: Finished Monitoring of LVM2 mirrors, snapshots etc. using dmeventd or progress polling.
[[0;32m  OK  [0m] Finished [0;1;39mMonitoring of LVM… dmeventd or progress polling[0m.
[    5.785150] systemd[1]: modprobe@configfs.service: Deactivated successfully.
[    5.786700] systemd[1]: Finished Load Kernel Module configfs.
[[0;32m  OK  [0m] Finished [0;1;39mLoad Kernel Module configfs[0m.
[    5.790050] systemd[1]: modprobe@drm.service: Deactivated successfully.
[    5.791391] systemd[1]: Finished Load Kernel Module drm.
[[0;32m  OK  [0m] Finished [0;1;39mLoad Kernel Module drm[0m.
[    5.793502] systemd[1]: modprobe@fuse.service: Deactivated successfully.
[    5.794826] systemd[1]: Finished Load Kernel Module fuse.
[[0;32m  OK  [0m] Finished [0;1;39mLoad Kernel Module fuse[0m.
[    5.798146] systemd[1]: Finished Read and set NIS domainname from /etc/sysconfig/network.
[[0;32m  OK  [0m] Finished [0;1;39mRead and set NIS …e from /etc/sysconfig/network[0m.
[    5.799883] systemd[1]: systemd-modules-load.service: Main process exited, code=exited, status=1/FAILURE
[    5.801323] systemd[1]: systemd-modules-load.service: Failed with result 'exit-code'.
[    5.804506] systemd[1]: Failed to start Load Kernel Modules.
[[0;1;31mFAILED[0m] Failed to start [0;1;39mLoad Kernel Modules[0m.[    5.806114] EXT4-fs (sda): re-mounted 088740a9-c8b4-422c-999d-a804eb68a4da r/w. Quota mode: none.

See 'systemctl status systemd-modules-load.service' for details.
[    5.817701] systemd[1]: Started Journal Service.
[[0;32m  OK  [0m] Started [0;1;39mJournal Service[0m.
[[0;32m  OK  [0m] Finished [0;1;39mGenerate network units from Kernel command line[0m.
[[0;32m  OK  [0m] Finished [0;1;39mRemount Root and Kernel File Systems[0m.
[[0;32m  OK  [0m] Reached target [0;1;39mPreparation for Network[0m.
         Mounting [0;1;39mFUSE Control File System[0m...
         Mounting [0;1;39mKernel Configuration File System[0m...
         Starting [0;1;39mFlush Journal to Persistent Storage[0m...
         Starting [0;1;39mLoad/Save Random Seed[0m...
         Starting [0;1;39mApply Kernel Variables[0m...
[    5.971763] systemd-journald[146]: Received client request to flush runtime journal.
         Starting [0;1;39mCreate Static Device Nodes in /dev[0m...
         Starting [0;1;39mSetup Virtual Console[0m...
[[0;32m  OK  [0m] Mounted [0;1;39mFUSE Control File System[0m.
[[0;32m  OK  [0m] Mounted [0;1;39mKernel Configuration File System[0m.
[[0;32m  OK  [0m] Finished [0;1;39mFlush Journal to Persistent Storage[0m.
[[0;32m  OK  [0m] Finished [0;1;39mLoad/Save Random Seed[0m.
[[0;32m  OK  [0m] Finished [0;1;39mApply Kernel Variables[0m.
[[0;32m  OK  [0m] Finished [0;1;39mCreate Static Device Nodes in /dev[0m.
         Starting [0;1;39mRule-based Manage…for Device Events and Files[0m...
[[0;32m  OK  [0m] Finished [0;1;39mColdplug All udev Devices[0m.
         Starting [0;1;39mWait for udev To …plete Device Initialization[0m...
[[0;32m  OK  [0m] Started [0;1;39mRule-based Manager for Device Events and Files[0m.
         Starting [0;1;39mAuto-connect to s…E devices found during boot[0m...
[[0;32m  OK  [0m] Finished [0;1;39mAuto-connect to s…VME devices found during boot[0m.
[[0;32m  OK  [0m] Finished [0;1;39mSetup Virtual Console[0m.
[[0;32m  OK  [0m] Started [0;1;39mDispatch Password …ts to Console Directory Watch[0m.
[[0;32m  OK  [0m] Reached target [0;1;39mLocal Encrypted Volumes[0m.
[[0;32m  OK  [0m] Reached target [0;1;39mPath Units[0m.
[[0;32m  OK  [0m] Found device [0;1;39m/dev/ttyS0[0m.
[[0;32m  OK  [0m] Listening on [0;1;39mLoad/Save RF …itch Status /dev/rfkill Watch[0m.
[[0;32m  OK  [0m] Finished [0;1;39mWait for udev To Complete Device Initialization[0m.
[[0;32m  OK  [0m] Reached target [0;1;39mPreparation for Local File Systems[0m.
[[0;32m  OK  [0m] Reached target [0;1;39mLocal File Systems[0m.
         Starting [0;1;39mTell Plymouth To Write Out Runtime Data[0m...
         Starting [0;1;39mAutomatic Boot Loader Update[0m...
         Starting [0;1;39mCreate Volatile Files and Directories[0m...
[[0;32m  OK  [0m] Finished [0;1;39mTell Plymouth To Write Out Runtime Data[0m.
[[0;32m  OK  [0m] Finished [0;1;39mAutomatic Boot Loader Update[0m.
[[0;32m  OK  [0m] Finished [0;1;39mCreate Volatile Files and Directories[0m.
         Mounting [0;1;39mRPC Pipe File System[0m...
         Starting [0;1;39mSecurity Auditing Service[0m...
         Starting [0;1;39mRPC Bind[0m...
[[0;32m  OK  [0m] Mounted [0;1;39mRPC Pipe File System[0m.
[[0;32m  OK  [0m] Reached target [0;1;39mrpc_pipefs.target[0m.
[[0;32m  OK  [0m] Started [0;1;39mRPC Bind[0m.
[[0;32m  OK  [0m] Started [0;1;39mSecurity Auditing Service[0m.
         Starting [0;1;39mRecord System Boot/Shutdown in UTMP[0m...
[[0;32m  OK  [0m] Finished [0;1;39mRecord System Boot/Shutdown in UTMP[0m.
[[0;32m  OK  [0m] Reached target [0;1;39mSystem Initialization[0m.
[[0;32m  OK  [0m] Started [0;1;39mDaily rotation of log files[0m.
[[0;32m  OK  [0m] Started [0;1;39mUpdates mlocate database every day[0m.
[[0;32m  OK  [0m] Started [0;1;39mDaily Cleanup of Temporary Directories[0m.
[[0;32m  OK  [0m] Started [0;1;39mdaily update of the root trust anchor for DNSSEC[0m.
[[0;32m  OK  [0m] Reached target [0;1;39mTimer Units[0m.
[[0;32m  OK  [0m] Listening on [0;1;39mD-Bus System Message Bus Socket[0m.
[[0;32m  OK  [0m] Listening on [0;1;39mOpen-iSCSI iscsid Socket[0m.
[[0;32m  OK  [0m] Listening on [0;1;39mOpen-iSCSI iscsiuio Socket[0m.
[[0;32m  OK  [0m] Listening on [0;1;39mSSSD Kerberos…ache Manager responder socket[0m.
[[0;32m  OK  [0m] Listening on [0;1;39mLibvirt interface local socket[0m.
[[0;32m  OK  [0m] Listening on [0;1;39mVirtual machine lock manager socket[0m.
[[0;32m  OK  [0m] Listening on [0;1;39mVirtual machine log manager socket[0m.
[[0;32m  OK  [0m] Listening on [0;1;39mLibvirt network local socket[0m.
[[0;32m  OK  [0m] Listening on [0;1;39mLibvirt nodedev local socket[0m.
[[0;32m  OK  [0m] Listening on [0;1;39mLibvirt nwfilter local socket[0m.
[[0;32m  OK  [0m] Listening on [0;1;39mLibvirt proxy local socket[0m.
[[0;32m  OK  [0m] Listening on [0;1;39mLibvirt qemu local socket[0m.
[[0;32m  OK  [0m] Listening on [0;1;39mLibvirt qemu admin socket[0m.
[[0;32m  OK  [0m] Listening on [0;1;39mLibvirt qemu local read-only socket[0m.
[[0;32m  OK  [0m] Listening on [0;1;39mLibvirt secret local socket[0m.
[[0;32m  OK  [0m] Listening on [0;1;39mLibvirt storage local socket[0m.
[[0;32m  OK  [0m] Reached target [0;1;39mSocket Units[0m.
         Starting [0;1;39mD-Bus System Message Bus[0m...
[[0;32m  OK  [0m] Started [0;1;39mD-Bus System Message Bus[0m.
[[0;32m  OK  [0m] Reached target [0;1;39mBasic System[0m.
         Starting [0;1;39mNetwork Manager[0m...
         Starting [0;1;39mNTP client/server[0m...
         Starting [0;1;39mRestore /run/initramfs on shutdown[0m...
[[0;32m  OK  [0m] Started [0;1;39mirqbalance daemon[0m.
[[0;32m  OK  [0m] Started [0;1;39mlibstoragemgmt plug-in server daemon[0m.
[[0;32m  OK  [0m] Started [0;1;39mMachine Check Exception Logging Daemon[0m.
[[0;32m  OK  [0m] Reached target [0;1;39msshd-keygen.target[0m.
[[0;32m  OK  [0m] Reached target [0;1;39mUser and Group Name Lookups[0m.
         Starting [0;1;39mUser Login Management[0m...
         Starting [0;1;39mVirtual Machine a…tainer Registration Service[0m...
         Starting [0;1;39mupdate of the roo…NSSEC validation in unbound[0m...
         Starting [0;1;39mRotate log files[0m...
[[0;32m  OK  [0m] Started [0;1;39mUpdate a database for mlocate[0m.
[[0;32m  OK  [0m] Started [0;1;39mNTP client/server[0m.
[[0;32m  OK  [0m] Finished [0;1;39mRestore /run/initramfs on shutdown[0m.
[[0;32m  OK  [0m] Started [0;1;39mVirtual Machine an…ontainer Registration Service[0m.
[[0;32m  OK  [0m] Started [0;1;39mUser Login Management[0m.
         Starting [0;1;39mHostname Service[0m...
[[0;32m  OK  [0m] Finished [0;1;39mupdate of the roo… DNSSEC validation in unbound[0m.
[[0;32m  OK  [0m] Started [0;1;39mHostname Service[0m.
[[0;32m  OK  [0m] Finished [0;1;39mRotate log files[0m.
         Starting [0;1;39mNetwork Manager Script Dispatcher Service[0m...
[[0;32m  OK  [0m] Started [0;1;39mNetwork Manager Script Dispatcher Service[0m.
[    9.655572] e1000: eth0 NIC Link is Up 1000 Mbps Full Duplex, Flow Control: RX
[[0;32m  OK  [0m] Started [0;1;39mNetwork Manager[0m.
[[0;32m  OK  [0m] Reached target [0;1;39mNetwork[0m.
[[0;32m  OK  [0m] Reached target [0;1;39mNetwork is Online[0m.
         Starting [0;1;39mGSSAPI Proxy Daemon[0m...
         Starting [0;1;39mNotify NFS peers of a restart[0m...
         Starting [0;1;39mSystem Logging Service[0m...
         Starting [0;1;39mOpenSSH server daemon[0m...
         Starting [0;1;39mDynamic System Tuning Daemon[0m...
[[0;32m  OK  [0m] Started [0;1;39mNotify NFS peers of a restart[0m.
[[0;32m  OK  [0m] Started [0;1;39mGSSAPI Proxy Daemon[0m.
[[0;32m  OK  [0m] Reached target [0;1;39mNFS client services[0m.
[[0;32m  OK  [0m] Reached target [0;1;39mPreparation for Remote File Systems[0m.
[[0;32m  OK  [0m] Reached target [0;1;39mRemote File Systems[0m.
         Starting [0;1;39mPermit User Sessions[0m...
         Starting [0;1;39mVirtualization qemu daemon[0m...
[[0;32m  OK  [0m] Started [0;1;39mSystem Logging Service[0m.
[[0;32m  OK  [0m] Started [0;1;39mOpenSSH server daemon[0m.
[[0;32m  OK  [0m] Finished [0;1;39mPermit User Sessions[0m.
[[0;32m  OK  [0m] Started [0;1;39mDeferred execution scheduler[0m.
[[0;32m  OK  [0m] Started [0;1;39mCommand Scheduler[0m.
         Starting [0;1;39mHold until boot process finishes up[0m...
         Starting [0;1;39mTerminate Plymouth Boot Screen[0m...
[[0;32m  OK  [0m] Finished [0;1;39mHold until boot process finishes up[0m.
[[0;32m  OK  [0m] Started [0;1;39mGetty on tty1[0m.
[[0;32m  OK  [0m] Started [0;1;39mSerial Getty on ttyS0[0m.
[[0;32m  OK  [0m] Reached target [0;1;39mLogin Prompts[0m.
[[0;32m  OK  [0m] Finished [0;1;39mTerminate Plymouth Boot Screen[0m.
[[0;32m  OK  [0m] Started [0;1;39mVirtualization qemu daemon[0m.
         Starting [0;1;39mAuthorization Manager[0m...
[[0;32m  OK  [0m] Started [0;1;39mAuthorization Manager[0m.
[[0;32m  OK  [0m] Started [0;1;39mDynamic System Tuning Daemon[0m.
[[0;32m  OK  [0m] Reached target [0;1;39mMulti-User System[0m.
         Starting [0;1;39mRecord Runlevel Change in UTMP[0m...
[[0;32m  OK  [0m] Finished [0;1;39mRecord Runlevel Change in UTMP[0m.

CentOS Stream 9
Kernel 6.7.0-rc4-61a7a5e25fe7+ on an x86_64

Activate the web console with: systemctl enable --now cockpit.socket

test login: [   19.127698] loop0: detected capacity change from 0 to 8
[   19.142899] SQUASHFS error: Failed to read block 0x6de: -5
[   19.143218] SQUASHFS error: Unable to read metadata cache entry [6dc]
[   19.143645] SQUASHFS error: read_indexes: reading block [6dc:0]
[   19.144253] SQUASHFS error: Failed to read block 0x0: -5
[   19.144558] SQUASHFS error: Unable to read metadata cache entry [6dc]
[   19.144850] SQUASHFS error: read_indexes: reading block [6dc:0]
[   19.145131] SQUASHFS error: Failed to read block 0x0: -5
[   19.145571] SQUASHFS error: Failed to read block 0x4e8: -5
